<?xml version="1.0" encoding="UTF-8"?>
<!-- Generated by org.testng.reporters.JUnitReportReporter -->
<testsuite hostname="DESKTOP-870SP77" failures="0" tests="24" name="ApplicationTests.E2ETests" time="67.655" errors="10" timestamp="2024-10-14T14:11:35 IST" skipped="0">
  <testcase classname="ApplicationTests.E2ETests" name="assertErrorUser" time="0.633">
    <system-out>
      <![CDATA[The details are logged in a file
The first product name is: Sauce Labs Backpack
The first product price is: $29.99]]>
    </system-out>
  </testcase> <!-- assertErrorUser -->
  <testcase classname="ApplicationTests.E2ETests" name="assertPerformanceUser" time="5.521">
    <error type="java.lang.StackOverflowError">
      <![CDATA[java.lang.StackOverflowError
at CommonMethodsAndUtilities.CommonMethodsAndUtilities.getRandomValue(CommonMethodsAndUtilities.java:207)
at CommonMethodsAndUtilities.CommonMethodsAndUtilities.getRandomValue(CommonMethodsAndUtilities.java:207)
at CommonMethodsAndUtilities.CommonMethodsAndUtilities.getRandomValue(CommonMethodsAndUtilities.java:207)
at CommonMethodsAndUtilities.CommonMethodsAndUtilities.getRandomValue(CommonMethodsAndUtilities.java:207)
at CommonMethodsAndUtilities.CommonMethodsAndUtilities.getRandomValue(CommonMethodsAndUtilities.java:207)
at CommonMethodsAndUtilities.CommonMethodsAndUtilities.getRandomValue(CommonMethodsAndUtilities.java:207)
at CommonMethodsAndUtilities.CommonMethodsAndUtilities.getRandomValue(CommonMethodsAndUtilities.java:207)
at CommonMethodsAndUtilities.CommonMethodsAndUtilities.getRandomValue(CommonMethodsAndUtilities.java:207)
at CommonMethodsAndUtilities.CommonMethodsAndUtilities.getRandomValue(CommonMethodsAndUtilities.java:207)
at CommonMethodsAndUtilities.CommonMethodsAndUtilities.getRandomValue(CommonMethodsAndUtilities.java:207)
at CommonMethodsAndUtilities.CommonMethodsAndUtilities.getRandomValue(CommonMethodsAndUtilities.java:207)
at CommonMethodsAndUtilities.CommonMethodsAndUtilities.getRandomValue(CommonMethodsAndUtilities.java:207)
at CommonMethodsAndUtilities.CommonMethodsAndUtilities.getRandomValue(CommonMethodsAndUtilities.java:207)
at CommonMethodsAndUtilities.CommonMethodsAndUtilities.getRandomValue(CommonMethodsAndUtilities.java:207)
at CommonMethodsAndUtilities.CommonMethodsAndUtilities.getRandomValue(CommonMethodsAndUtilities.java:207)
at CommonMethodsAndUtilities.CommonMethodsAndUtilities.getRandomValue(CommonMethodsAndUtilities.java:207)
at CommonMethodsAndUtilities.CommonMethodsAndUtilities.getRandomValue(CommonMethodsAndUtilities.java:207)
at CommonMethodsAndUtilities.CommonMethodsAndUtilities.getRandomValue(CommonMethodsAndUtilities.java:207)
at CommonMethodsAndUtilities.CommonMethodsAndUtilities.getRandomValue(CommonMethodsAndUtilities.java:207)
at CommonMethodsAndUtilities.CommonMethodsAndUtilities.getRandomValue(CommonMethodsAndUtilities.java:207)
at CommonMethodsAndUtilities.CommonMethodsAndUtilities.getRandomValue(CommonMethodsAndUtilities.java:207)
at CommonMethodsAndUtilities.CommonMethodsAndUtilities.getRandomValue(CommonMethodsAndUtilities.java:207)
at CommonMethodsAndUtilities.CommonMethodsAndUtilities.getRandomValue(CommonMethodsAndUtilities.java:207)
at CommonMethodsAndUtilities.CommonMethodsAndUtilities.getRandomValue(CommonMethodsAndUtilities.java:207)
at CommonMethodsAndUtilities.CommonMethodsAndUtilities.getRandomValue(CommonMethodsAndUtilities.java:207)
at CommonMethodsAndUtilities.CommonMethodsAndUtilities.getRandomValue(CommonMethodsAndUtilities.java:207)
at CommonMethodsAndUtilities.CommonMethodsAndUtilities.getRandomValue(CommonMethodsAndUtilities.java:207)
at CommonMethodsAndUtilities.CommonMethodsAndUtilities.getRandomValue(CommonMethodsAndUtilities.java:207)
at CommonMethodsAndUtilities.CommonMethodsAndUtilities.getRandomValue(CommonMethodsAndUtilities.java:207)
at CommonMethodsAndUtilities.CommonMethodsAndUtilities.getRandomValue(CommonMethodsAndUtilities.java:207)
at CommonMethodsAndUtilities.CommonMethodsAndUtilities.getRandomValue(CommonMethodsAndUtilities.java:207)
at CommonMethodsAndUtilities.CommonMethodsAndUtilities.getRandomValue(CommonMethodsAndUtilities.java:207)
at CommonMethodsAndUtilities.CommonMethodsAndUtilities.getRandomValue(CommonMethodsAndUtilities.java:207)
at CommonMethodsAndUtilities.CommonMethodsAndUtilities.getRandomValue(CommonMethodsAndUtilities.java:207)
at CommonMethodsAndUtilities.CommonMethodsAndUtilities.getRandomValue(CommonMethodsAndUtilities.java:207)
at CommonMethodsAndUtilities.CommonMethodsAndUtilities.getRandomValue(CommonMethodsAndUtilities.java:207)
at CommonMethodsAndUtilities.CommonMethodsAndUtilities.getRandomValue(CommonMethodsAndUtilities.java:207)
at CommonMethodsAndUtilities.CommonMethodsAndUtilities.getRandomValue(CommonMethodsAndUtilities.java:207)
at CommonMethodsAndUtilities.CommonMethodsAndUtilities.getRandomValue(CommonMethodsAndUtilities.java:207)
at CommonMethodsAndUtilities.CommonMethodsAndUtilities.getRandomValue(CommonMethodsAndUtilities.java:207)
at CommonMethodsAndUtilities.CommonMethodsAndUtilities.getRandomValue(CommonMethodsAndUtilities.java:207)
at CommonMethodsAndUtilities.CommonMethodsAndUtilities.getRandomValue(CommonMethodsAndUtilities.java:207)
at CommonMethodsAndUtilities.CommonMethodsAndUtilities.getRandomValue(CommonMethodsAndUtilities.java:207)
at CommonMethodsAndUtilities.CommonMethodsAndUtilities.getRandomValue(CommonMethodsAndUtilities.java:207)
at CommonMethodsAndUtilities.CommonMethodsAndUtilities.getRandomValue(CommonMethodsAndUtilities.java:207)
at CommonMethodsAndUtilities.CommonMethodsAndUtilities.getRandomValue(CommonMethodsAndUtilities.java:207)
at CommonMethodsAndUtilities.CommonMethodsAndUtilities.getRandomValue(CommonMethodsAndUtilities.java:207)
at CommonMethodsAndUtilities.CommonMethodsAndUtilities.getRandomValue(CommonMethodsAndUtilities.java:207)
at CommonMethodsAndUtilities.CommonMethodsAndUtilities.getRandomValue(CommonMethodsAndUtilities.java:207)
at CommonMethodsAndUtilities.CommonMethodsAndUtilities.getRandomValue(CommonMethodsAndUtilities.java:207)
at CommonMethodsAndUtilities.CommonMethodsAndUtilities.getRandomValue(CommonMethodsAndUtilities.java:207)
at CommonMethodsAndUtilities.CommonMethodsAndUtilities.getRandomValue(CommonMethodsAndUtilities.java:207)
at CommonMethodsAndUtilities.CommonMethodsAndUtilities.getRandomValue(CommonMethodsAndUtilities.java:207)
at CommonMethodsAndUtilities.CommonMethodsAndUtilities.getRandomValue(CommonMethodsAndUtilities.java:207)
at CommonMethodsAndUtilities.CommonMethodsAndUtilities.getRandomValue(CommonMethodsAndUtilities.java:207)
at CommonMethodsAndUtilities.CommonMethodsAndUtilities.getRandomValue(CommonMethodsAndUtilities.java:207)
at CommonMethodsAndUtilities.CommonMethodsAndUtilities.getRandomValue(CommonMethodsAndUtilities.java:207)
at CommonMethodsAndUtilities.CommonMethodsAndUtilities.getRandomValue(CommonMethodsAndUtilities.java:207)
at CommonMethodsAndUtilities.CommonMethodsAndUtilities.getRandomValue(CommonMethodsAndUtilities.java:207)
at CommonMethodsAndUtilities.CommonMethodsAndUtilities.getRandomValue(CommonMethodsAndUtilities.java:207)
at CommonMethodsAndUtilities.CommonMethodsAndUtilities.getRandomValue(CommonMethodsAndUtilities.java:207)
at CommonMethodsAndUtilities.CommonMethodsAndUtilities.getRandomValue(CommonMethodsAndUtilities.java:207)
at CommonMethodsAndUtilities.CommonMethodsAndUtilities.getRandomValue(CommonMethodsAndUtilities.java:207)
at CommonMethodsAndUtilities.CommonMethodsAndUtilities.getRandomValue(CommonMethodsAndUtilities.java:207)
at CommonMethodsAndUtilities.CommonMethodsAndUtilities.getRandomValue(CommonMethodsAndUtilities.java:207)
at CommonMethodsAndUtilities.CommonMethodsAndUtilities.getRandomValue(CommonMethodsAndUtilities.java:207)
at CommonMethodsAndUtilities.CommonMethodsAndUtilities.getRandomValue(CommonMethodsAndUtilities.java:207)
at CommonMethodsAndUtilities.CommonMethodsAndUtilities.getRandomValue(CommonMethodsAndUtilities.java:207)
at CommonMethodsAndUtilities.CommonMethodsAndUtilities.getRandomValue(CommonMethodsAndUtilities.java:207)
at CommonMethodsAndUtilities.CommonMethodsAndUtilities.getRandomValue(CommonMethodsAndUtilities.java:207)
at CommonMethodsAndUtilities.CommonMethodsAndUtilities.getRandomValue(CommonMethodsAndUtilities.java:207)
at CommonMethodsAndUtilities.CommonMethodsAndUtilities.getRandomValue(CommonMethodsAndUtilities.java:207)
at CommonMethodsAndUtilities.CommonMethodsAndUtilities.getRandomValue(CommonMethodsAndUtilities.java:207)
at CommonMethodsAndUtilities.CommonMethodsAndUtilities.getRandomValue(CommonMethodsAndUtilities.java:207)
at CommonMethodsAndUtilities.CommonMethodsAndUtilities.getRandomValue(CommonMethodsAndUtilities.java:207)
at CommonMethodsAndUtilities.CommonMethodsAndUtilities.getRandomValue(CommonMethodsAndUtilities.java:207)
at CommonMethodsAndUtilities.CommonMethodsAndUtilities.getRandomValue(CommonMethodsAndUtilities.java:207)
at CommonMethodsAndUtilities.CommonMethodsAndUtilities.getRandomValue(CommonMethodsAndUtilities.java:207)
at CommonMethodsAndUtilities.CommonMethodsAndUtilities.getRandomValue(CommonMethodsAndUtilities.java:207)
at CommonMethodsAndUtilities.CommonMethodsAndUtilities.getRandomValue(CommonMethodsAndUtilities.java:207)
at CommonMethodsAndUtilities.CommonMethodsAndUtilities.getRandomValue(CommonMethodsAndUtilities.java:207)
at CommonMethodsAndUtilities.CommonMethodsAndUtilities.getRandomValue(CommonMethodsAndUtilities.java:207)
at CommonMethodsAndUtilities.CommonMethodsAndUtilities.getRandomValue(CommonMethodsAndUtilities.java:207)
at CommonMethodsAndUtilities.CommonMethodsAndUtilities.getRandomValue(CommonMethodsAndUtilities.java:207)
at CommonMethodsAndUtilities.CommonMethodsAndUtilities.getRandomValue(CommonMethodsAndUtilities.java:207)
at CommonMethodsAndUtilities.CommonMethodsAndUtilities.getRandomValue(CommonMethodsAndUtilities.java:207)
at CommonMethodsAndUtilities.CommonMethodsAndUtilities.getRandomValue(CommonMethodsAndUtilities.java:207)
at CommonMethodsAndUtilities.CommonMethodsAndUtilities.getRandomValue(CommonMethodsAndUtilities.java:207)
at CommonMethodsAndUtilities.CommonMethodsAndUtilities.getRandomValue(CommonMethodsAndUtilities.java:207)
at CommonMethodsAndUtilities.CommonMethodsAndUtilities.getRandomValue(CommonMethodsAndUtilities.java:207)
at CommonMethodsAndUtilities.CommonMethodsAndUtilities.getRandomValue(CommonMethodsAndUtilities.java:207)
at CommonMethodsAndUtilities.CommonMethodsAndUtilities.getRandomValue(CommonMethodsAndUtilities.java:207)
at CommonMethodsAndUtilities.CommonMethodsAndUtilities.getRandomValue(CommonMethodsAndUtilities.java:207)
at CommonMethodsAndUtilities.CommonMethodsAndUtilities.getRandomValue(CommonMethodsAndUtilities.java:207)
at CommonMethodsAndUtilities.CommonMethodsAndUtilities.getRandomValue(CommonMethodsAndUtilities.java:207)
at CommonMethodsAndUtilities.CommonMethodsAndUtilities.getRandomValue(CommonMethodsAndUtilities.java:207)
at CommonMethodsAndUtilities.CommonMethodsAndUtilities.getRandomValue(CommonMethodsAndUtilities.java:207)
at CommonMethodsAndUtilities.CommonMethodsAndUtilities.getRandomValue(CommonMethodsAndUtilities.java:207)
at CommonMethodsAndUtilities.CommonMethodsAndUtilities.getRandomValue(CommonMethodsAndUtilities.java:207)
at CommonMethodsAndUtilities.CommonMethodsAndUtilities.getRandomValue(CommonMethodsAndUtilities.java:207)
at CommonMethodsAndUtilities.CommonMethodsAndUtilities.getRandomValue(CommonMethodsAndUtilities.java:207)
at CommonMethodsAndUtilities.CommonMethodsAndUtilities.getRandomValue(CommonMethodsAndUtilities.java:207)
at CommonMethodsAndUtilities.CommonMethodsAndUtilities.getRandomValue(CommonMethodsAndUtilities.java:207)
at CommonMethodsAndUtilities.CommonMethodsAndUtilities.getRandomValue(CommonMethodsAndUtilities.java:207)
at CommonMethodsAndUtilities.CommonMethodsAndUtilities.getRandomValue(CommonMethodsAndUtilities.java:207)
at CommonMethodsAndUtilities.CommonMethodsAndUtilities.getRandomValue(CommonMethodsAndUtilities.java:207)
at CommonMethodsAndUtilities.CommonMethodsAndUtilities.getRandomValue(CommonMethodsAndUtilities.java:207)
at CommonMethodsAndUtilities.CommonMethodsAndUtilities.getRandomValue(CommonMethodsAndUtilities.java:207)
at CommonMethodsAndUtilities.CommonMethodsAndUtilities.getRandomValue(CommonMethodsAndUtilities.java:207)
at CommonMethodsAndUtilities.CommonMethodsAndUtilities.getRandomValue(CommonMethodsAndUtilities.java:207)
at CommonMethodsAndUtilities.CommonMethodsAndUtilities.getRandomValue(CommonMethodsAndUtilities.java:207)
at CommonMethodsAndUtilities.CommonMethodsAndUtilities.getRandomValue(CommonMethodsAndUtilities.java:207)
at CommonMethodsAndUtilities.CommonMethodsAndUtilities.getRandomValue(CommonMethodsAndUtilities.java:207)
at CommonMethodsAndUtilities.CommonMethodsAndUtilities.getRandomValue(CommonMethodsAndUtilities.java:207)
at CommonMethodsAndUtilities.CommonMethodsAndUtilities.getRandomValue(CommonMethodsAndUtilities.java:207)
at CommonMethodsAndUtilities.CommonMethodsAndUtilities.getRandomValue(CommonMethodsAndUtilities.java:207)
at CommonMethodsAndUtilities.CommonMethodsAndUtilities.getRandomValue(CommonMethodsAndUtilities.java:207)
at CommonMethodsAndUtilities.CommonMethodsAndUtilities.getRandomValue(CommonMethodsAndUtilities.java:207)
at CommonMethodsAndUtilities.CommonMethodsAndUtilities.getRandomValue(CommonMethodsAndUtilities.java:207)
at CommonMethodsAndUtilities.CommonMethodsAndUtilities.getRandomValue(CommonMethodsAndUtilities.java:207)
at CommonMethodsAndUtilities.CommonMethodsAndUtilities.getRandomValue(CommonMethodsAndUtilities.java:207)
at CommonMethodsAndUtilities.CommonMethodsAndUtilities.getRandomValue(CommonMethodsAndUtilities.java:207)
at CommonMethodsAndUtilities.CommonMethodsAndUtilities.getRandomValue(CommonMethodsAndUtilities.java:207)
at CommonMethodsAndUtilities.CommonMethodsAndUtilities.getRandomValue(CommonMethodsAndUtilities.java:207)
at CommonMethodsAndUtilities.CommonMethodsAndUtilities.getRandomValue(CommonMethodsAndUtilities.java:207)
at CommonMethodsAndUtilities.CommonMethodsAndUtilities.getRandomValue(CommonMethodsAndUtilities.java:207)
at CommonMethodsAndUtilities.CommonMethodsAndUtilities.getRandomValue(CommonMethodsAndUtilities.java:207)
at CommonMethodsAndUtilities.CommonMethodsAndUtilities.getRandomValue(CommonMethodsAndUtilities.java:207)
at CommonMethodsAndUtilities.CommonMethodsAndUtilities.getRandomValue(CommonMethodsAndUtilities.java:207)
at CommonMethodsAndUtilities.CommonMethodsAndUtilities.getRandomValue(CommonMethodsAndUtilities.java:207)
at CommonMethodsAndUtilities.CommonMethodsAndUtilities.getRandomValue(CommonMethodsAndUtilities.java:207)
at CommonMethodsAndUtilities.CommonMethodsAndUtilities.getRandomValue(CommonMethodsAndUtilities.java:207)
at CommonMethodsAndUtilities.CommonMethodsAndUtilities.getRandomValue(CommonMethodsAndUtilities.java:207)
at CommonMethodsAndUtilities.CommonMethodsAndUtilities.getRandomValue(CommonMethodsAndUtilities.java:207)
at CommonMethodsAndUtilities.CommonMethodsAndUtilities.getRandomValue(CommonMethodsAndUtilities.java:207)
at CommonMethodsAndUtilities.CommonMethodsAndUtilities.getRandomValue(CommonMethodsAndUtilities.java:207)
at CommonMethodsAndUtilities.CommonMethodsAndUtilities.getRandomValue(CommonMethodsAndUtilities.java:207)
at CommonMethodsAndUtilities.CommonMethodsAndUtilities.getRandomValue(CommonMethodsAndUtilities.java:207)
at CommonMethodsAndUtilities.CommonMethodsAndUtilities.getRandomValue(CommonMethodsAndUtilities.java:207)
at CommonMethodsAndUtilities.CommonMethodsAndUtilities.getRandomValue(CommonMethodsAndUtilities.java:207)
at CommonMethodsAndUtilities.CommonMethodsAndUtilities.getRandomValue(CommonMethodsAndUtilities.java:207)
at CommonMethodsAndUtilities.CommonMethodsAndUtilities.getRandomValue(CommonMethodsAndUtilities.java:207)
at CommonMethodsAndUtilities.CommonMethodsAndUtilities.getRandomValue(CommonMethodsAndUtilities.java:207)
at CommonMethodsAndUtilities.CommonMethodsAndUtilities.getRandomValue(CommonMethodsAndUtilities.java:207)
at CommonMethodsAndUtilities.CommonMethodsAndUtilities.getRandomValue(CommonMethodsAndUtilities.java:207)
at CommonMethodsAndUtilities.CommonMethodsAndUtilities.getRandomValue(CommonMethodsAndUtilities.java:207)
at CommonMethodsAndUtilities.CommonMethodsAndUtilities.getRandomValue(CommonMethodsAndUtilities.java:207)
at CommonMethodsAndUtilities.CommonMethodsAndUtilities.getRandomValue(CommonMethodsAndUtilities.java:207)
at CommonMethodsAndUtilities.CommonMethodsAndUtilities.getRandomValue(CommonMethodsAndUtilities.java:207)
at CommonMethodsAndUtilities.CommonMethodsAndUtilities.getRandomValue(CommonMethodsAndUtilities.java:207)
at CommonMethodsAndUtilities.CommonMethodsAndUtilities.getRandomValue(CommonMethodsAndUtilities.java:207)
at CommonMethodsAndUtilities.CommonMethodsAndUtilities.getRandomValue(CommonMethodsAndUtilities.java:207)
at CommonMethodsAndUtilities.CommonMethodsAndUtilities.getRandomValue(CommonMethodsAndUtilities.java:207)
at CommonMethodsAndUtilities.CommonMethodsAndUtilities.getRandomValue(CommonMethodsAndUtilities.java:207)
at CommonMethodsAndUtilities.CommonMethodsAndUtilities.getRandomValue(CommonMethodsAndUtilities.java:207)
at CommonMethodsAndUtilities.CommonMethodsAndUtilities.getRandomValue(CommonMethodsAndUtilities.java:207)
at CommonMethodsAndUtilities.CommonMethodsAndUtilities.getRandomValue(CommonMethodsAndUtilities.java:207)
at CommonMethodsAndUtilities.CommonMethodsAndUtilities.getRandomValue(CommonMethodsAndUtilities.java:207)
at CommonMethodsAndUtilities.CommonMethodsAndUtilities.getRandomValue(CommonMethodsAndUtilities.java:207)
at CommonMethodsAndUtilities.CommonMethodsAndUtilities.getRandomValue(CommonMethodsAndUtilities.java:207)
at CommonMethodsAndUtilities.CommonMethodsAndUtilities.getRandomValue(CommonMethodsAndUtilities.java:207)
at CommonMethodsAndUtilities.CommonMethodsAndUtilities.getRandomValue(CommonMethodsAndUtilities.java:207)
at CommonMethodsAndUtilities.CommonMethodsAndUtilities.getRandomValue(CommonMethodsAndUtilities.java:207)
at CommonMethodsAndUtilities.CommonMethodsAndUtilities.getRandomValue(CommonMethodsAndUtilities.java:207)
at CommonMethodsAndUtilities.CommonMethodsAndUtilities.getRandomValue(CommonMethodsAndUtilities.java:207)
at CommonMethodsAndUtilities.CommonMethodsAndUtilities.getRandomValue(CommonMethodsAndUtilities.java:207)
at CommonMethodsAndUtilities.CommonMethodsAndUtilities.getRandomValue(CommonMethodsAndUtilities.java:207)
at CommonMethodsAndUtilities.CommonMethodsAndUtilities.getRandomValue(CommonMethodsAndUtilities.java:207)
at CommonMethodsAndUtilities.CommonMethodsAndUtilities.getRandomValue(CommonMethodsAndUtilities.java:207)
at CommonMethodsAndUtilities.CommonMethodsAndUtilities.getRandomValue(CommonMethodsAndUtilities.java:207)
at CommonMethodsAndUtilities.CommonMethodsAndUtilities.getRandomValue(CommonMethodsAndUtilities.java:207)
at CommonMethodsAndUtilities.CommonMethodsAndUtilities.getRandomValue(CommonMethodsAndUtilities.java:207)
at CommonMethodsAndUtilities.CommonMethodsAndUtilities.getRandomValue(CommonMethodsAndUtilities.java:207)
at CommonMethodsAndUtilities.CommonMethodsAndUtilities.getRandomValue(CommonMethodsAndUtilities.java:207)
at CommonMethodsAndUtilities.CommonMethodsAndUtilities.getRandomValue(CommonMethodsAndUtilities.java:207)
at CommonMethodsAndUtilities.CommonMethodsAndUtilities.getRandomValue(CommonMethodsAndUtilities.java:207)
at CommonMethodsAndUtilities.CommonMethodsAndUtilities.getRandomValue(CommonMethodsAndUtilities.java:207)
at CommonMethodsAndUtilities.CommonMethodsAndUtilities.getRandomValue(CommonMethodsAndUtilities.java:207)
at CommonMethodsAndUtilities.CommonMethodsAndUtilities.getRandomValue(CommonMethodsAndUtilities.java:207)
at CommonMethodsAndUtilities.CommonMethodsAndUtilities.getRandomValue(CommonMethodsAndUtilities.java:207)
at CommonMethodsAndUtilities.CommonMethodsAndUtilities.getRandomValue(CommonMethodsAndUtilities.java:207)
at CommonMethodsAndUtilities.CommonMethodsAndUtilities.getRandomValue(CommonMethodsAndUtilities.java:207)
at CommonMethodsAndUtilities.CommonMethodsAndUtilities.getRandomValue(CommonMethodsAndUtilities.java:207)
at CommonMethodsAndUtilities.CommonMethodsAndUtilities.getRandomValue(CommonMethodsAndUtilities.java:207)
at CommonMethodsAndUtilities.CommonMethodsAndUtilities.getRandomValue(CommonMethodsAndUtilities.java:207)
at CommonMethodsAndUtilities.CommonMethodsAndUtilities.getRandomValue(CommonMethodsAndUtilities.java:207)
at CommonMethodsAndUtilities.CommonMethodsAndUtilities.getRandomValue(CommonMethodsAndUtilities.java:207)
at CommonMethodsAndUtilities.CommonMethodsAndUtilities.getRandomValue(CommonMethodsAndUtilities.java:207)
at CommonMethodsAndUtilities.CommonMethodsAndUtilities.getRandomValue(CommonMethodsAndUtilities.java:207)
at CommonMethodsAndUtilities.CommonMethodsAndUtilities.getRandomValue(CommonMethodsAndUtilities.java:207)
at CommonMethodsAndUtilities.CommonMethodsAndUtilities.getRandomValue(CommonMethodsAndUtilities.java:207)
at CommonMethodsAndUtilities.CommonMethodsAndUtilities.getRandomValue(CommonMethodsAndUtilities.java:207)
at CommonMethodsAndUtilities.CommonMethodsAndUtilities.getRandomValue(CommonMethodsAndUtilities.java:207)
at CommonMethodsAndUtilities.CommonMethodsAndUtilities.getRandomValue(CommonMethodsAndUtilities.java:207)
at CommonMethodsAndUtilities.CommonMethodsAndUtilities.getRandomValue(CommonMethodsAndUtilities.java:207)
at CommonMethodsAndUtilities.CommonMethodsAndUtilities.getRandomValue(CommonMethodsAndUtilities.java:207)
at CommonMethodsAndUtilities.CommonMethodsAndUtilities.getRandomValue(CommonMethodsAndUtilities.java:207)
at CommonMethodsAndUtilities.CommonMethodsAndUtilities.getRandomValue(CommonMethodsAndUtilities.java:207)
at CommonMethodsAndUtilities.CommonMethodsAndUtilities.getRandomValue(CommonMethodsAndUtilities.java:207)
at CommonMethodsAndUtilities.CommonMethodsAndUtilities.getRandomValue(CommonMethodsAndUtilities.java:207)
at CommonMethodsAndUtilities.CommonMethodsAndUtilities.getRandomValue(CommonMethodsAndUtilities.java:207)
at CommonMethodsAndUtilities.CommonMethodsAndUtilities.getRandomValue(CommonMethodsAndUtilities.java:207)
at CommonMethodsAndUtilities.CommonMethodsAndUtilities.getRandomValue(CommonMethodsAndUtilities.java:207)
at CommonMethodsAndUtilities.CommonMethodsAndUtilities.getRandomValue(CommonMethodsAndUtilities.java:207)
at CommonMethodsAndUtilities.CommonMethodsAndUtilities.getRandomValue(CommonMethodsAndUtilities.java:207)
at CommonMethodsAndUtilities.CommonMethodsAndUtilities.getRandomValue(CommonMethodsAndUtilities.java:207)
at CommonMethodsAndUtilities.CommonMethodsAndUtilities.getRandomValue(CommonMethodsAndUtilities.java:207)
at CommonMethodsAndUtilities.CommonMethodsAndUtilities.getRandomValue(CommonMethodsAndUtilities.java:207)
at CommonMethodsAndUtilities.CommonMethodsAndUtilities.getRandomValue(CommonMethodsAndUtilities.java:207)
at CommonMethodsAndUtilities.CommonMethodsAndUtilities.getRandomValue(CommonMethodsAndUtilities.java:207)
at CommonMethodsAndUtilities.CommonMethodsAndUtilities.getRandomValue(CommonMethodsAndUtilities.java:207)
at CommonMethodsAndUtilities.CommonMethodsAndUtilities.getRandomValue(CommonMethodsAndUtilities.java:207)
at CommonMethodsAndUtilities.CommonMethodsAndUtilities.getRandomValue(CommonMethodsAndUtilities.java:207)
at CommonMethodsAndUtilities.CommonMethodsAndUtilities.getRandomValue(CommonMethodsAndUtilities.java:207)
at CommonMethodsAndUtilities.CommonMethodsAndUtilities.getRandomValue(CommonMethodsAndUtilities.java:207)
at CommonMethodsAndUtilities.CommonMethodsAndUtilities.getRandomValue(CommonMethodsAndUtilities.java:207)
at CommonMethodsAndUtilities.CommonMethodsAndUtilities.getRandomValue(CommonMethodsAndUtilities.java:207)
at CommonMethodsAndUtilities.CommonMethodsAndUtilities.getRandomValue(CommonMethodsAndUtilities.java:207)
at CommonMethodsAndUtilities.CommonMethodsAndUtilities.getRandomValue(CommonMethodsAndUtilities.java:207)
at CommonMethodsAndUtilities.CommonMethodsAndUtilities.getRandomValue(CommonMethodsAndUtilities.java:207)
at CommonMethodsAndUtilities.CommonMethodsAndUtilities.getRandomValue(CommonMethodsAndUtilities.java:207)
at CommonMethodsAndUtilities.CommonMethodsAndUtilities.getRandomValue(CommonMethodsAndUtilities.java:207)
at CommonMethodsAndUtilities.CommonMethodsAndUtilities.getRandomValue(CommonMethodsAndUtilities.java:207)
at CommonMethodsAndUtilities.CommonMethodsAndUtilities.getRandomValue(CommonMethodsAndUtilities.java:207)
at CommonMethodsAndUtilities.CommonMethodsAndUtilities.getRandomValue(CommonMethodsAndUtilities.java:207)
at CommonMethodsAndUtilities.CommonMethodsAndUtilities.getRandomValue(CommonMethodsAndUtilities.java:207)
at CommonMethodsAndUtilities.CommonMethodsAndUtilities.getRandomValue(CommonMethodsAndUtilities.java:207)
at CommonMethodsAndUtilities.CommonMethodsAndUtilities.getRandomValue(CommonMethodsAndUtilities.java:207)
at CommonMethodsAndUtilities.CommonMethodsAndUtilities.getRandomValue(CommonMethodsAndUtilities.java:207)
at CommonMethodsAndUtilities.CommonMethodsAndUtilities.getRandomValue(CommonMethodsAndUtilities.java:207)
at CommonMethodsAndUtilities.CommonMethodsAndUtilities.getRandomValue(CommonMethodsAndUtilities.java:207)
at CommonMethodsAndUtilities.CommonMethodsAndUtilities.getRandomValue(CommonMethodsAndUtilities.java:207)
at CommonMethodsAndUtilities.CommonMethodsAndUtilities.getRandomValue(CommonMethodsAndUtilities.java:207)
at CommonMethodsAndUtilities.CommonMethodsAndUtilities.getRandomValue(CommonMethodsAndUtilities.java:207)
at CommonMethodsAndUtilities.CommonMethodsAndUtilities.getRandomValue(CommonMethodsAndUtilities.java:207)
at CommonMethodsAndUtilities.CommonMethodsAndUtilities.getRandomValue(CommonMethodsAndUtilities.java:207)
at CommonMethodsAndUtilities.CommonMethodsAndUtilities.getRandomValue(CommonMethodsAndUtilities.java:207)
at CommonMethodsAndUtilities.CommonMethodsAndUtilities.getRandomValue(CommonMethodsAndUtilities.java:207)
at CommonMethodsAndUtilities.CommonMethodsAndUtilities.getRandomValue(CommonMethodsAndUtilities.java:207)
at CommonMethodsAndUtilities.CommonMethodsAndUtilities.getRandomValue(CommonMethodsAndUtilities.java:207)
at CommonMethodsAndUtilities.CommonMethodsAndUtilities.getRandomValue(CommonMethodsAndUtilities.java:207)
at CommonMethodsAndUtilities.CommonMethodsAndUtilities.getRandomValue(CommonMethodsAndUtilities.java:207)
at CommonMethodsAndUtilities.CommonMethodsAndUtilities.getRandomValue(CommonMethodsAndUtilities.java:207)
at CommonMethodsAndUtilities.CommonMethodsAndUtilities.getRandomValue(CommonMethodsAndUtilities.java:207)
at CommonMethodsAndUtilities.CommonMethodsAndUtilities.getRandomValue(CommonMethodsAndUtilities.java:207)
at CommonMethodsAndUtilities.CommonMethodsAndUtilities.getRandomValue(CommonMethodsAndUtilities.java:207)
at CommonMethodsAndUtilities.CommonMethodsAndUtilities.getRandomValue(CommonMethodsAndUtilities.java:207)
at CommonMethodsAndUtilities.CommonMethodsAndUtilities.getRandomValue(CommonMethodsAndUtilities.java:207)
at CommonMethodsAndUtilities.CommonMethodsAndUtilities.getRandomValue(CommonMethodsAndUtilities.java:207)
at CommonMethodsAndUtilities.CommonMethodsAndUtilities.getRandomValue(CommonMethodsAndUtilities.java:207)
at CommonMethodsAndUtilities.CommonMethodsAndUtilities.getRandomValue(CommonMethodsAndUtilities.java:207)
at CommonMethodsAndUtilities.CommonMethodsAndUtilities.getRandomValue(CommonMethodsAndUtilities.java:207)
at CommonMethodsAndUtilities.CommonMethodsAndUtilities.getRandomValue(CommonMethodsAndUtilities.java:207)
at CommonMethodsAndUtilities.CommonMethodsAndUtilities.getRandomValue(CommonMethodsAndUtilities.java:207)
at CommonMethodsAndUtilities.CommonMethodsAndUtilities.getRandomValue(CommonMethodsAndUtilities.java:207)
at CommonMethodsAndUtilities.CommonMethodsAndUtilities.getRandomValue(CommonMethodsAndUtilities.java:207)
at CommonMethodsAndUtilities.CommonMethodsAndUtilities.getRandomValue(CommonMethodsAndUtilities.java:207)
at CommonMethodsAndUtilities.CommonMethodsAndUtilities.getRandomValue(CommonMethodsAndUtilities.java:207)
at CommonMethodsAndUtilities.CommonMethodsAndUtilities.getRandomValue(CommonMethodsAndUtilities.java:207)
at CommonMethodsAndUtilities.CommonMethodsAndUtilities.getRandomValue(CommonMethodsAndUtilities.java:207)
at CommonMethodsAndUtilities.CommonMethodsAndUtilities.getRandomValue(CommonMethodsAndUtilities.java:207)
at CommonMethodsAndUtilities.CommonMethodsAndUtilities.getRandomValue(CommonMethodsAndUtilities.java:207)
at CommonMethodsAndUtilities.CommonMethodsAndUtilities.getRandomValue(CommonMethodsAndUtilities.java:207)
at CommonMethodsAndUtilities.CommonMethodsAndUtilities.getRandomValue(CommonMethodsAndUtilities.java:207)
at CommonMethodsAndUtilities.CommonMethodsAndUtilities.getRandomValue(CommonMethodsAndUtilities.java:207)
at CommonMethodsAndUtilities.CommonMethodsAndUtilities.getRandomValue(CommonMethodsAndUtilities.java:207)
at CommonMethodsAndUtilities.CommonMethodsAndUtilities.getRandomValue(CommonMethodsAndUtilities.java:207)
at CommonMethodsAndUtilities.CommonMethodsAndUtilities.getRandomValue(CommonMethodsAndUtilities.java:207)
at CommonMethodsAndUtilities.CommonMethodsAndUtilities.getRandomValue(CommonMethodsAndUtilities.java:207)
at CommonMethodsAndUtilities.CommonMethodsAndUtilities.getRandomValue(CommonMethodsAndUtilities.java:207)
at CommonMethodsAndUtilities.CommonMethodsAndUtilities.getRandomValue(CommonMethodsAndUtilities.java:207)
at CommonMethodsAndUtilities.CommonMethodsAndUtilities.getRandomValue(CommonMethodsAndUtilities.java:207)
at CommonMethodsAndUtilities.CommonMethodsAndUtilities.getRandomValue(CommonMethodsAndUtilities.java:207)
at CommonMethodsAndUtilities.CommonMethodsAndUtilities.getRandomValue(CommonMethodsAndUtilities.java:207)
at CommonMethodsAndUtilities.CommonMethodsAndUtilities.getRandomValue(CommonMethodsAndUtilities.java:207)
at CommonMethodsAndUtilities.CommonMethodsAndUtilities.getRandomValue(CommonMethodsAndUtilities.java:207)
at CommonMethodsAndUtilities.CommonMethodsAndUtilities.getRandomValue(CommonMethodsAndUtilities.java:207)
at CommonMethodsAndUtilities.CommonMethodsAndUtilities.getRandomValue(CommonMethodsAndUtilities.java:207)
at CommonMethodsAndUtilities.CommonMethodsAndUtilities.getRandomValue(CommonMethodsAndUtilities.java:207)
at CommonMethodsAndUtilities.CommonMethodsAndUtilities.getRandomValue(CommonMethodsAndUtilities.java:207)
at CommonMethodsAndUtilities.CommonMethodsAndUtilities.getRandomValue(CommonMethodsAndUtilities.java:207)
at CommonMethodsAndUtilities.CommonMethodsAndUtilities.getRandomValue(CommonMethodsAndUtilities.java:207)
at CommonMethodsAndUtilities.CommonMethodsAndUtilities.getRandomValue(CommonMethodsAndUtilities.java:207)
at CommonMethodsAndUtilities.CommonMethodsAndUtilities.getRandomValue(CommonMethodsAndUtilities.java:207)
at CommonMethodsAndUtilities.CommonMethodsAndUtilities.getRandomValue(CommonMethodsAndUtilities.java:207)
at CommonMethodsAndUtilities.CommonMethodsAndUtilities.getRandomValue(CommonMethodsAndUtilities.java:207)
at CommonMethodsAndUtilities.CommonMethodsAndUtilities.getRandomValue(CommonMethodsAndUtilities.java:207)
at CommonMethodsAndUtilities.CommonMethodsAndUtilities.getRandomValue(CommonMethodsAndUtilities.java:207)
at CommonMethodsAndUtilities.CommonMethodsAndUtilities.getRandomValue(CommonMethodsAndUtilities.java:207)
at CommonMethodsAndUtilities.CommonMethodsAndUtilities.getRandomValue(CommonMethodsAndUtilities.java:207)
at CommonMethodsAndUtilities.CommonMethodsAndUtilities.getRandomValue(CommonMethodsAndUtilities.java:207)
at CommonMethodsAndUtilities.CommonMethodsAndUtilities.getRandomValue(CommonMethodsAndUtilities.java:207)
at CommonMethodsAndUtilities.CommonMethodsAndUtilities.getRandomValue(CommonMethodsAndUtilities.java:207)
at CommonMethodsAndUtilities.CommonMethodsAndUtilities.getRandomValue(CommonMethodsAndUtilities.java:207)
at CommonMethodsAndUtilities.CommonMethodsAndUtilities.getRandomValue(CommonMethodsAndUtilities.java:207)
at CommonMethodsAndUtilities.CommonMethodsAndUtilities.getRandomValue(CommonMethodsAndUtilities.java:207)
at CommonMethodsAndUtilities.CommonMethodsAndUtilities.getRandomValue(CommonMethodsAndUtilities.java:207)
at CommonMethodsAndUtilities.CommonMethodsAndUtilities.getRandomValue(CommonMethodsAndUtilities.java:207)
at CommonMethodsAndUtilities.CommonMethodsAndUtilities.getRandomValue(CommonMethodsAndUtilities.java:207)
at CommonMethodsAndUtilities.CommonMethodsAndUtilities.getRandomValue(CommonMethodsAndUtilities.java:207)
at CommonMethodsAndUtilities.CommonMethodsAndUtilities.getRandomValue(CommonMethodsAndUtilities.java:207)
at CommonMethodsAndUtilities.CommonMethodsAndUtilities.getRandomValue(CommonMethodsAndUtilities.java:207)
at CommonMethodsAndUtilities.CommonMethodsAndUtilities.getRandomValue(CommonMethodsAndUtilities.java:207)
at CommonMethodsAndUtilities.CommonMethodsAndUtilities.getRandomValue(CommonMethodsAndUtilities.java:207)
at CommonMethodsAndUtilities.CommonMethodsAndUtilities.getRandomValue(CommonMethodsAndUtilities.java:207)
at CommonMethodsAndUtilities.CommonMethodsAndUtilities.getRandomValue(CommonMethodsAndUtilities.java:207)
at CommonMethodsAndUtilities.CommonMethodsAndUtilities.getRandomValue(CommonMethodsAndUtilities.java:207)
at CommonMethodsAndUtilities.CommonMethodsAndUtilities.getRandomValue(CommonMethodsAndUtilities.java:207)
at CommonMethodsAndUtilities.CommonMethodsAndUtilities.getRandomValue(CommonMethodsAndUtilities.java:207)
at CommonMethodsAndUtilities.CommonMethodsAndUtilities.getRandomValue(CommonMethodsAndUtilities.java:207)
at CommonMethodsAndUtilities.CommonMethodsAndUtilities.getRandomValue(CommonMethodsAndUtilities.java:207)
at CommonMethodsAndUtilities.CommonMethodsAndUtilities.getRandomValue(CommonMethodsAndUtilities.java:207)
at CommonMethodsAndUtilities.CommonMethodsAndUtilities.getRandomValue(CommonMethodsAndUtilities.java:207)
at CommonMethodsAndUtilities.CommonMethodsAndUtilities.getRandomValue(CommonMethodsAndUtilities.java:207)
at CommonMethodsAndUtilities.CommonMethodsAndUtilities.getRandomValue(CommonMethodsAndUtilities.java:207)
at CommonMethodsAndUtilities.CommonMethodsAndUtilities.getRandomValue(CommonMethodsAndUtilities.java:207)
at CommonMethodsAndUtilities.CommonMethodsAndUtilities.getRandomValue(CommonMethodsAndUtilities.java:207)
at CommonMethodsAndUtilities.CommonMethodsAndUtilities.getRandomValue(CommonMethodsAndUtilities.java:207)
at CommonMethodsAndUtilities.CommonMethodsAndUtilities.getRandomValue(CommonMethodsAndUtilities.java:207)
at CommonMethodsAndUtilities.CommonMethodsAndUtilities.getRandomValue(CommonMethodsAndUtilities.java:207)
at CommonMethodsAndUtilities.CommonMethodsAndUtilities.getRandomValue(CommonMethodsAndUtilities.java:207)
at CommonMethodsAndUtilities.CommonMethodsAndUtilities.getRandomValue(CommonMethodsAndUtilities.java:207)
at CommonMethodsAndUtilities.CommonMethodsAndUtilities.getRandomValue(CommonMethodsAndUtilities.java:207)
at CommonMethodsAndUtilities.CommonMethodsAndUtilities.getRandomValue(CommonMethodsAndUtilities.java:207)
at CommonMethodsAndUtilities.CommonMethodsAndUtilities.getRandomValue(CommonMethodsAndUtilities.java:207)
at CommonMethodsAndUtilities.CommonMethodsAndUtilities.getRandomValue(CommonMethodsAndUtilities.java:207)
at CommonMethodsAndUtilities.CommonMethodsAndUtilities.getRandomValue(CommonMethodsAndUtilities.java:207)
at CommonMethodsAndUtilities.CommonMethodsAndUtilities.getRandomValue(CommonMethodsAndUtilities.java:207)
at CommonMethodsAndUtilities.CommonMethodsAndUtilities.getRandomValue(CommonMethodsAndUtilities.java:207)
at CommonMethodsAndUtilities.CommonMethodsAndUtilities.getRandomValue(CommonMethodsAndUtilities.java:207)
at CommonMethodsAndUtilities.CommonMethodsAndUtilities.getRandomValue(CommonMethodsAndUtilities.java:207)
at CommonMethodsAndUtilities.CommonMethodsAndUtilities.getRandomValue(CommonMethodsAndUtilities.java:207)
at CommonMethodsAndUtilities.CommonMethodsAndUtilities.getRandomValue(CommonMethodsAndUtilities.java:207)
at CommonMethodsAndUtilities.CommonMethodsAndUtilities.getRandomValue(CommonMethodsAndUtilities.java:207)
at CommonMethodsAndUtilities.CommonMethodsAndUtilities.getRandomValue(CommonMethodsAndUtilities.java:207)
at CommonMethodsAndUtilities.CommonMethodsAndUtilities.getRandomValue(CommonMethodsAndUtilities.java:207)
at CommonMethodsAndUtilities.CommonMethodsAndUtilities.getRandomValue(CommonMethodsAndUtilities.java:207)
at CommonMethodsAndUtilities.CommonMethodsAndUtilities.getRandomValue(CommonMethodsAndUtilities.java:207)
at CommonMethodsAndUtilities.CommonMethodsAndUtilities.getRandomValue(CommonMethodsAndUtilities.java:207)
at CommonMethodsAndUtilities.CommonMethodsAndUtilities.getRandomValue(CommonMethodsAndUtilities.java:207)
at CommonMethodsAndUtilities.CommonMethodsAndUtilities.getRandomValue(CommonMethodsAndUtilities.java:207)
at CommonMethodsAndUtilities.CommonMethodsAndUtilities.getRandomValue(CommonMethodsAndUtilities.java:207)
at CommonMethodsAndUtilities.CommonMethodsAndUtilities.getRandomValue(CommonMethodsAndUtilities.java:207)
at CommonMethodsAndUtilities.CommonMethodsAndUtilities.getRandomValue(CommonMethodsAndUtilities.java:207)
at CommonMethodsAndUtilities.CommonMethodsAndUtilities.getRandomValue(CommonMethodsAndUtilities.java:207)
at CommonMethodsAndUtilities.CommonMethodsAndUtilities.getRandomValue(CommonMethodsAndUtilities.java:207)
at CommonMethodsAndUtilities.CommonMethodsAndUtilities.getRandomValue(CommonMethodsAndUtilities.java:207)
at CommonMethodsAndUtilities.CommonMethodsAndUtilities.getRandomValue(CommonMethodsAndUtilities.java:207)
at CommonMethodsAndUtilities.CommonMethodsAndUtilities.getRandomValue(CommonMethodsAndUtilities.java:207)
at CommonMethodsAndUtilities.CommonMethodsAndUtilities.getRandomValue(CommonMethodsAndUtilities.java:207)
at CommonMethodsAndUtilities.CommonMethodsAndUtilities.getRandomValue(CommonMethodsAndUtilities.java:207)
at CommonMethodsAndUtilities.CommonMethodsAndUtilities.getRandomValue(CommonMethodsAndUtilities.java:207)
at CommonMethodsAndUtilities.CommonMethodsAndUtilities.getRandomValue(CommonMethodsAndUtilities.java:207)
at CommonMethodsAndUtilities.CommonMethodsAndUtilities.getRandomValue(CommonMethodsAndUtilities.java:207)
at CommonMethodsAndUtilities.CommonMethodsAndUtilities.getRandomValue(CommonMethodsAndUtilities.java:207)
at CommonMethodsAndUtilities.CommonMethodsAndUtilities.getRandomValue(CommonMethodsAndUtilities.java:207)
at CommonMethodsAndUtilities.CommonMethodsAndUtilities.getRandomValue(CommonMethodsAndUtilities.java:207)
at CommonMethodsAndUtilities.CommonMethodsAndUtilities.getRandomValue(CommonMethodsAndUtilities.java:207)
at CommonMethodsAndUtilities.CommonMethodsAndUtilities.getRandomValue(CommonMethodsAndUtilities.java:207)
at CommonMethodsAndUtilities.CommonMethodsAndUtilities.getRandomValue(CommonMethodsAndUtilities.java:207)
at CommonMethodsAndUtilities.CommonMethodsAndUtilities.getRandomValue(CommonMethodsAndUtilities.java:207)
at CommonMethodsAndUtilities.CommonMethodsAndUtilities.getRandomValue(CommonMethodsAndUtilities.java:207)
at CommonMethodsAndUtilities.CommonMethodsAndUtilities.getRandomValue(CommonMethodsAndUtilities.java:207)
at CommonMethodsAndUtilities.CommonMethodsAndUtilities.getRandomValue(CommonMethodsAndUtilities.java:207)
at CommonMethodsAndUtilities.CommonMethodsAndUtilities.getRandomValue(CommonMethodsAndUtilities.java:207)
at CommonMethodsAndUtilities.CommonMethodsAndUtilities.getRandomValue(CommonMethodsAndUtilities.java:207)
at CommonMethodsAndUtilities.CommonMethodsAndUtilities.getRandomValue(CommonMethodsAndUtilities.java:207)
at CommonMethodsAndUtilities.CommonMethodsAndUtilities.getRandomValue(CommonMethodsAndUtilities.java:207)
at CommonMethodsAndUtilities.CommonMethodsAndUtilities.getRandomValue(CommonMethodsAndUtilities.java:207)
at CommonMethodsAndUtilities.CommonMethodsAndUtilities.getRandomValue(CommonMethodsAndUtilities.java:207)
at CommonMethodsAndUtilities.CommonMethodsAndUtilities.getRandomValue(CommonMethodsAndUtilities.java:207)
at CommonMethodsAndUtilities.CommonMethodsAndUtilities.getRandomValue(CommonMethodsAndUtilities.java:207)
at CommonMethodsAndUtilities.CommonMethodsAndUtilities.getRandomValue(CommonMethodsAndUtilities.java:207)
at CommonMethodsAndUtilities.CommonMethodsAndUtilities.getRandomValue(CommonMethodsAndUtilities.java:207)
at CommonMethodsAndUtilities.CommonMethodsAndUtilities.getRandomValue(CommonMethodsAndUtilities.java:207)
at CommonMethodsAndUtilities.CommonMethodsAndUtilities.getRandomValue(CommonMethodsAndUtilities.java:207)
at CommonMethodsAndUtilities.CommonMethodsAndUtilities.getRandomValue(CommonMethodsAndUtilities.java:207)
at CommonMethodsAndUtilities.CommonMethodsAndUtilities.getRandomValue(CommonMethodsAndUtilities.java:207)
at CommonMethodsAndUtilities.CommonMethodsAndUtilities.getRandomValue(CommonMethodsAndUtilities.java:207)
at CommonMethodsAndUtilities.CommonMethodsAndUtilities.getRandomValue(CommonMethodsAndUtilities.java:207)
at CommonMethodsAndUtilities.CommonMethodsAndUtilities.getRandomValue(CommonMethodsAndUtilities.java:207)
at CommonMethodsAndUtilities.CommonMethodsAndUtilities.getRandomValue(CommonMethodsAndUtilities.java:207)
at CommonMethodsAndUtilities.CommonMethodsAndUtilities.getRandomValue(CommonMethodsAndUtilities.java:207)
at CommonMethodsAndUtilities.CommonMethodsAndUtilities.getRandomValue(CommonMethodsAndUtilities.java:207)
at CommonMethodsAndUtilities.CommonMethodsAndUtilities.getRandomValue(CommonMethodsAndUtilities.java:207)
at CommonMethodsAndUtilities.CommonMethodsAndUtilities.getRandomValue(CommonMethodsAndUtilities.java:207)
at CommonMethodsAndUtilities.CommonMethodsAndUtilities.getRandomValue(CommonMethodsAndUtilities.java:207)
at CommonMethodsAndUtilities.CommonMethodsAndUtilities.getRandomValue(CommonMethodsAndUtilities.java:207)
at CommonMethodsAndUtilities.CommonMethodsAndUtilities.getRandomValue(CommonMethodsAndUtilities.java:207)
at CommonMethodsAndUtilities.CommonMethodsAndUtilities.getRandomValue(CommonMethodsAndUtilities.java:207)
at CommonMethodsAndUtilities.CommonMethodsAndUtilities.getRandomValue(CommonMethodsAndUtilities.java:207)
at CommonMethodsAndUtilities.CommonMethodsAndUtilities.getRandomValue(CommonMethodsAndUtilities.java:207)
at CommonMethodsAndUtilities.CommonMethodsAndUtilities.getRandomValue(CommonMethodsAndUtilities.java:207)
at CommonMethodsAndUtilities.CommonMethodsAndUtilities.getRandomValue(CommonMethodsAndUtilities.java:207)
at CommonMethodsAndUtilities.CommonMethodsAndUtilities.getRandomValue(CommonMethodsAndUtilities.java:207)
at CommonMethodsAndUtilities.CommonMethodsAndUtilities.getRandomValue(CommonMethodsAndUtilities.java:207)
at CommonMethodsAndUtilities.CommonMethodsAndUtilities.getRandomValue(CommonMethodsAndUtilities.java:207)
at CommonMethodsAndUtilities.CommonMethodsAndUtilities.getRandomValue(CommonMethodsAndUtilities.java:207)
at CommonMethodsAndUtilities.CommonMethodsAndUtilities.getRandomValue(CommonMethodsAndUtilities.java:207)
at CommonMethodsAndUtilities.CommonMethodsAndUtilities.getRandomValue(CommonMethodsAndUtilities.java:207)
at CommonMethodsAndUtilities.CommonMethodsAndUtilities.getRandomValue(CommonMethodsAndUtilities.java:207)
at CommonMethodsAndUtilities.CommonMethodsAndUtilities.getRandomValue(CommonMethodsAndUtilities.java:207)
at CommonMethodsAndUtilities.CommonMethodsAndUtilities.getRandomValue(CommonMethodsAndUtilities.java:207)
at CommonMethodsAndUtilities.CommonMethodsAndUtilities.getRandomValue(CommonMethodsAndUtilities.java:207)
at CommonMethodsAndUtilities.CommonMethodsAndUtilities.getRandomValue(CommonMethodsAndUtilities.java:207)
at CommonMethodsAndUtilities.CommonMethodsAndUtilities.getRandomValue(CommonMethodsAndUtilities.java:207)
at CommonMethodsAndUtilities.CommonMethodsAndUtilities.getRandomValue(CommonMethodsAndUtilities.java:207)
at CommonMethodsAndUtilities.CommonMethodsAndUtilities.getRandomValue(CommonMethodsAndUtilities.java:207)
at CommonMethodsAndUtilities.CommonMethodsAndUtilities.getRandomValue(CommonMethodsAndUtilities.java:207)
at CommonMethodsAndUtilities.CommonMethodsAndUtilities.getRandomValue(CommonMethodsAndUtilities.java:207)
at CommonMethodsAndUtilities.CommonMethodsAndUtilities.getRandomValue(CommonMethodsAndUtilities.java:207)
at CommonMethodsAndUtilities.CommonMethodsAndUtilities.getRandomValue(CommonMethodsAndUtilities.java:207)
at CommonMethodsAndUtilities.CommonMethodsAndUtilities.getRandomValue(CommonMethodsAndUtilities.java:207)
at CommonMethodsAndUtilities.CommonMethodsAndUtilities.getRandomValue(CommonMethodsAndUtilities.java:207)
at CommonMethodsAndUtilities.CommonMethodsAndUtilities.getRandomValue(CommonMethodsAndUtilities.java:207)
at CommonMethodsAndUtilities.CommonMethodsAndUtilities.getRandomValue(CommonMethodsAndUtilities.java:207)
at CommonMethodsAndUtilities.CommonMethodsAndUtilities.getRandomValue(CommonMethodsAndUtilities.java:207)
at CommonMethodsAndUtilities.CommonMethodsAndUtilities.getRandomValue(CommonMethodsAndUtilities.java:207)
at CommonMethodsAndUtilities.CommonMethodsAndUtilities.getRandomValue(CommonMethodsAndUtilities.java:207)
at CommonMethodsAndUtilities.CommonMethodsAndUtilities.getRandomValue(CommonMethodsAndUtilities.java:207)
at CommonMethodsAndUtilities.CommonMethodsAndUtilities.getRandomValue(CommonMethodsAndUtilities.java:207)
at CommonMethodsAndUtilities.CommonMethodsAndUtilities.getRandomValue(CommonMethodsAndUtilities.java:207)
at CommonMethodsAndUtilities.CommonMethodsAndUtilities.getRandomValue(CommonMethodsAndUtilities.java:207)
at CommonMethodsAndUtilities.CommonMethodsAndUtilities.getRandomValue(CommonMethodsAndUtilities.java:207)
at CommonMethodsAndUtilities.CommonMethodsAndUtilities.getRandomValue(CommonMethodsAndUtilities.java:207)
at CommonMethodsAndUtilities.CommonMethodsAndUtilities.getRandomValue(CommonMethodsAndUtilities.java:207)
at CommonMethodsAndUtilities.CommonMethodsAndUtilities.getRandomValue(CommonMethodsAndUtilities.java:207)
at CommonMethodsAndUtilities.CommonMethodsAndUtilities.getRandomValue(CommonMethodsAndUtilities.java:207)
at CommonMethodsAndUtilities.CommonMethodsAndUtilities.getRandomValue(CommonMethodsAndUtilities.java:207)
at CommonMethodsAndUtilities.CommonMethodsAndUtilities.getRandomValue(CommonMethodsAndUtilities.java:207)
at CommonMethodsAndUtilities.CommonMethodsAndUtilities.getRandomValue(CommonMethodsAndUtilities.java:207)
at CommonMethodsAndUtilities.CommonMethodsAndUtilities.getRandomValue(CommonMethodsAndUtilities.java:207)
at CommonMethodsAndUtilities.CommonMethodsAndUtilities.getRandomValue(CommonMethodsAndUtilities.java:207)
at CommonMethodsAndUtilities.CommonMethodsAndUtilities.getRandomValue(CommonMethodsAndUtilities.java:207)
at CommonMethodsAndUtilities.CommonMethodsAndUtilities.getRandomValue(CommonMethodsAndUtilities.java:207)
at CommonMethodsAndUtilities.CommonMethodsAndUtilities.getRandomValue(CommonMethodsAndUtilities.java:207)
at CommonMethodsAndUtilities.CommonMethodsAndUtilities.getRandomValue(CommonMethodsAndUtilities.java:207)
at CommonMethodsAndUtilities.CommonMethodsAndUtilities.getRandomValue(CommonMethodsAndUtilities.java:207)
at CommonMethodsAndUtilities.CommonMethodsAndUtilities.getRandomValue(CommonMethodsAndUtilities.java:207)
at CommonMethodsAndUtilities.CommonMethodsAndUtilities.getRandomValue(CommonMethodsAndUtilities.java:207)
at CommonMethodsAndUtilities.CommonMethodsAndUtilities.getRandomValue(CommonMethodsAndUtilities.java:207)
at CommonMethodsAndUtilities.CommonMethodsAndUtilities.getRandomValue(CommonMethodsAndUtilities.java:207)
at CommonMethodsAndUtilities.CommonMethodsAndUtilities.getRandomValue(CommonMethodsAndUtilities.java:207)
at CommonMethodsAndUtilities.CommonMethodsAndUtilities.getRandomValue(CommonMethodsAndUtilities.java:207)
at CommonMethodsAndUtilities.CommonMethodsAndUtilities.getRandomValue(CommonMethodsAndUtilities.java:207)
at CommonMethodsAndUtilities.CommonMethodsAndUtilities.getRandomValue(CommonMethodsAndUtilities.java:207)
at CommonMethodsAndUtilities.CommonMethodsAndUtilities.getRandomValue(CommonMethodsAndUtilities.java:207)
at CommonMethodsAndUtilities.CommonMethodsAndUtilities.getRandomValue(CommonMethodsAndUtilities.java:207)
at CommonMethodsAndUtilities.CommonMethodsAndUtilities.getRandomValue(CommonMethodsAndUtilities.java:207)
at CommonMethodsAndUtilities.CommonMethodsAndUtilities.getRandomValue(CommonMethodsAndUtilities.java:207)
at CommonMethodsAndUtilities.CommonMethodsAndUtilities.getRandomValue(CommonMethodsAndUtilities.java:207)
at CommonMethodsAndUtilities.CommonMethodsAndUtilities.getRandomValue(CommonMethodsAndUtilities.java:207)
at CommonMethodsAndUtilities.CommonMethodsAndUtilities.getRandomValue(CommonMethodsAndUtilities.java:207)
at CommonMethodsAndUtilities.CommonMethodsAndUtilities.getRandomValue(CommonMethodsAndUtilities.java:207)
at CommonMethodsAndUtilities.CommonMethodsAndUtilities.getRandomValue(CommonMethodsAndUtilities.java:207)
at CommonMethodsAndUtilities.CommonMethodsAndUtilities.getRandomValue(CommonMethodsAndUtilities.java:207)
at CommonMethodsAndUtilities.CommonMethodsAndUtilities.getRandomValue(CommonMethodsAndUtilities.java:207)
at CommonMethodsAndUtilities.CommonMethodsAndUtilities.getRandomValue(CommonMethodsAndUtilities.java:207)
at CommonMethodsAndUtilities.CommonMethodsAndUtilities.getRandomValue(CommonMethodsAndUtilities.java:207)
at CommonMethodsAndUtilities.CommonMethodsAndUtilities.getRandomValue(CommonMethodsAndUtilities.java:207)
at CommonMethodsAndUtilities.CommonMethodsAndUtilities.getRandomValue(CommonMethodsAndUtilities.java:207)
at CommonMethodsAndUtilities.CommonMethodsAndUtilities.getRandomValue(CommonMethodsAndUtilities.java:207)
at CommonMethodsAndUtilities.CommonMethodsAndUtilities.getRandomValue(CommonMethodsAndUtilities.java:207)
at CommonMethodsAndUtilities.CommonMethodsAndUtilities.getRandomValue(CommonMethodsAndUtilities.java:207)
at CommonMethodsAndUtilities.CommonMethodsAndUtilities.getRandomValue(CommonMethodsAndUtilities.java:207)
at CommonMethodsAndUtilities.CommonMethodsAndUtilities.getRandomValue(CommonMethodsAndUtilities.java:207)
at CommonMethodsAndUtilities.CommonMethodsAndUtilities.getRandomValue(CommonMethodsAndUtilities.java:207)
at CommonMethodsAndUtilities.CommonMethodsAndUtilities.getRandomValue(CommonMethodsAndUtilities.java:207)
at CommonMethodsAndUtilities.CommonMethodsAndUtilities.getRandomValue(CommonMethodsAndUtilities.java:207)
at CommonMethodsAndUtilities.CommonMethodsAndUtilities.getRandomValue(CommonMethodsAndUtilities.java:207)
at CommonMethodsAndUtilities.CommonMethodsAndUtilities.getRandomValue(CommonMethodsAndUtilities.java:207)
at CommonMethodsAndUtilities.CommonMethodsAndUtilities.getRandomValue(CommonMethodsAndUtilities.java:207)
at CommonMethodsAndUtilities.CommonMethodsAndUtilities.getRandomValue(CommonMethodsAndUtilities.java:207)
at CommonMethodsAndUtilities.CommonMethodsAndUtilities.getRandomValue(CommonMethodsAndUtilities.java:207)
at CommonMethodsAndUtilities.CommonMethodsAndUtilities.getRandomValue(CommonMethodsAndUtilities.java:207)
at CommonMethodsAndUtilities.CommonMethodsAndUtilities.getRandomValue(CommonMethodsAndUtilities.java:207)
at CommonMethodsAndUtilities.CommonMethodsAndUtilities.getRandomValue(CommonMethodsAndUtilities.java:207)
at CommonMethodsAndUtilities.CommonMethodsAndUtilities.getRandomValue(CommonMethodsAndUtilities.java:207)
at CommonMethodsAndUtilities.CommonMethodsAndUtilities.getRandomValue(CommonMethodsAndUtilities.java:207)
at CommonMethodsAndUtilities.CommonMethodsAndUtilities.getRandomValue(CommonMethodsAndUtilities.java:207)
at CommonMethodsAndUtilities.CommonMethodsAndUtilities.getRandomValue(CommonMethodsAndUtilities.java:207)
at CommonMethodsAndUtilities.CommonMethodsAndUtilities.getRandomValue(CommonMethodsAndUtilities.java:207)
at CommonMethodsAndUtilities.CommonMethodsAndUtilities.getRandomValue(CommonMethodsAndUtilities.java:207)
at CommonMethodsAndUtilities.CommonMethodsAndUtilities.getRandomValue(CommonMethodsAndUtilities.java:207)
at CommonMethodsAndUtilities.CommonMethodsAndUtilities.getRandomValue(CommonMethodsAndUtilities.java:207)
at CommonMethodsAndUtilities.CommonMethodsAndUtilities.getRandomValue(CommonMethodsAndUtilities.java:207)
at CommonMethodsAndUtilities.CommonMethodsAndUtilities.getRandomValue(CommonMethodsAndUtilities.java:207)
at CommonMethodsAndUtilities.CommonMethodsAndUtilities.getRandomValue(CommonMethodsAndUtilities.java:207)
at CommonMethodsAndUtilities.CommonMethodsAndUtilities.getRandomValue(CommonMethodsAndUtilities.java:207)
at CommonMethodsAndUtilities.CommonMethodsAndUtilities.getRandomValue(CommonMethodsAndUtilities.java:207)
at CommonMethodsAndUtilities.CommonMethodsAndUtilities.getRandomValue(CommonMethodsAndUtilities.java:207)
at CommonMethodsAndUtilities.CommonMethodsAndUtilities.getRandomValue(CommonMethodsAndUtilities.java:207)
at CommonMethodsAndUtilities.CommonMethodsAndUtilities.getRandomValue(CommonMethodsAndUtilities.java:207)
at CommonMethodsAndUtilities.CommonMethodsAndUtilities.getRandomValue(CommonMethodsAndUtilities.java:207)
at CommonMethodsAndUtilities.CommonMethodsAndUtilities.getRandomValue(CommonMethodsAndUtilities.java:207)
at CommonMethodsAndUtilities.CommonMethodsAndUtilities.getRandomValue(CommonMethodsAndUtilities.java:207)
at CommonMethodsAndUtilities.CommonMethodsAndUtilities.getRandomValue(CommonMethodsAndUtilities.java:207)
at CommonMethodsAndUtilities.CommonMethodsAndUtilities.getRandomValue(CommonMethodsAndUtilities.java:207)
at CommonMethodsAndUtilities.CommonMethodsAndUtilities.getRandomValue(CommonMethodsAndUtilities.java:207)
at CommonMethodsAndUtilities.CommonMethodsAndUtilities.getRandomValue(CommonMethodsAndUtilities.java:207)
at CommonMethodsAndUtilities.CommonMethodsAndUtilities.getRandomValue(CommonMethodsAndUtilities.java:207)
at CommonMethodsAndUtilities.CommonMethodsAndUtilities.getRandomValue(CommonMethodsAndUtilities.java:207)
at CommonMethodsAndUtilities.CommonMethodsAndUtilities.getRandomValue(CommonMethodsAndUtilities.java:207)
at CommonMethodsAndUtilities.CommonMethodsAndUtilities.getRandomValue(CommonMethodsAndUtilities.java:207)
at CommonMethodsAndUtilities.CommonMethodsAndUtilities.getRandomValue(CommonMethodsAndUtilities.java:207)
at CommonMethodsAndUtilities.CommonMethodsAndUtilities.getRandomValue(CommonMethodsAndUtilities.java:207)
at CommonMethodsAndUtilities.CommonMethodsAndUtilities.getRandomValue(CommonMethodsAndUtilities.java:207)
at CommonMethodsAndUtilities.CommonMethodsAndUtilities.getRandomValue(CommonMethodsAndUtilities.java:207)
at CommonMethodsAndUtilities.CommonMethodsAndUtilities.getRandomValue(CommonMethodsAndUtilities.java:207)
at CommonMethodsAndUtilities.CommonMethodsAndUtilities.getRandomValue(CommonMethodsAndUtilities.java:207)
at CommonMethodsAndUtilities.CommonMethodsAndUtilities.getRandomValue(CommonMethodsAndUtilities.java:207)
at CommonMethodsAndUtilities.CommonMethodsAndUtilities.getRandomValue(CommonMethodsAndUtilities.java:207)
at CommonMethodsAndUtilities.CommonMethodsAndUtilities.getRandomValue(CommonMethodsAndUtilities.java:207)
at CommonMethodsAndUtilities.CommonMethodsAndUtilities.getRandomValue(CommonMethodsAndUtilities.java:207)
at CommonMethodsAndUtilities.CommonMethodsAndUtilities.getRandomValue(CommonMethodsAndUtilities.java:207)
at CommonMethodsAndUtilities.CommonMethodsAndUtilities.getRandomValue(CommonMethodsAndUtilities.java:207)
at CommonMethodsAndUtilities.CommonMethodsAndUtilities.getRandomValue(CommonMethodsAndUtilities.java:207)
at CommonMethodsAndUtilities.CommonMethodsAndUtilities.getRandomValue(CommonMethodsAndUtilities.java:207)
at CommonMethodsAndUtilities.CommonMethodsAndUtilities.getRandomValue(CommonMethodsAndUtilities.java:207)
at CommonMethodsAndUtilities.CommonMethodsAndUtilities.getRandomValue(CommonMethodsAndUtilities.java:207)
at CommonMethodsAndUtilities.CommonMethodsAndUtilities.getRandomValue(CommonMethodsAndUtilities.java:207)
at CommonMethodsAndUtilities.CommonMethodsAndUtilities.getRandomValue(CommonMethodsAndUtilities.java:207)
at CommonMethodsAndUtilities.CommonMethodsAndUtilities.getRandomValue(CommonMethodsAndUtilities.java:207)
at CommonMethodsAndUtilities.CommonMethodsAndUtilities.getRandomValue(CommonMethodsAndUtilities.java:207)
at CommonMethodsAndUtilities.CommonMethodsAndUtilities.getRandomValue(CommonMethodsAndUtilities.java:207)
at CommonMethodsAndUtilities.CommonMethodsAndUtilities.getRandomValue(CommonMethodsAndUtilities.java:207)
at CommonMethodsAndUtilities.CommonMethodsAndUtilities.getRandomValue(CommonMethodsAndUtilities.java:207)
at CommonMethodsAndUtilities.CommonMethodsAndUtilities.getRandomValue(CommonMethodsAndUtilities.java:207)
at CommonMethodsAndUtilities.CommonMethodsAndUtilities.getRandomValue(CommonMethodsAndUtilities.java:207)
at CommonMethodsAndUtilities.CommonMethodsAndUtilities.getRandomValue(CommonMethodsAndUtilities.java:207)
at CommonMethodsAndUtilities.CommonMethodsAndUtilities.getRandomValue(CommonMethodsAndUtilities.java:207)
at CommonMethodsAndUtilities.CommonMethodsAndUtilities.getRandomValue(CommonMethodsAndUtilities.java:207)
at CommonMethodsAndUtilities.CommonMethodsAndUtilities.getRandomValue(CommonMethodsAndUtilities.java:207)
at CommonMethodsAndUtilities.CommonMethodsAndUtilities.getRandomValue(CommonMethodsAndUtilities.java:207)
at CommonMethodsAndUtilities.CommonMethodsAndUtilities.getRandomValue(CommonMethodsAndUtilities.java:207)
at CommonMethodsAndUtilities.CommonMethodsAndUtilities.getRandomValue(CommonMethodsAndUtilities.java:207)
at CommonMethodsAndUtilities.CommonMethodsAndUtilities.getRandomValue(CommonMethodsAndUtilities.java:207)
at CommonMethodsAndUtilities.CommonMethodsAndUtilities.getRandomValue(CommonMethodsAndUtilities.java:207)
at CommonMethodsAndUtilities.CommonMethodsAndUtilities.getRandomValue(CommonMethodsAndUtilities.java:207)
at CommonMethodsAndUtilities.CommonMethodsAndUtilities.getRandomValue(CommonMethodsAndUtilities.java:207)
at CommonMethodsAndUtilities.CommonMethodsAndUtilities.getRandomValue(CommonMethodsAndUtilities.java:207)
at CommonMethodsAndUtilities.CommonMethodsAndUtilities.getRandomValue(CommonMethodsAndUtilities.java:207)
at CommonMethodsAndUtilities.CommonMethodsAndUtilities.getRandomValue(CommonMethodsAndUtilities.java:207)
at CommonMethodsAndUtilities.CommonMethodsAndUtilities.getRandomValue(CommonMethodsAndUtilities.java:207)
at CommonMethodsAndUtilities.CommonMethodsAndUtilities.getRandomValue(CommonMethodsAndUtilities.java:207)
at CommonMethodsAndUtilities.CommonMethodsAndUtilities.getRandomValue(CommonMethodsAndUtilities.java:207)
at CommonMethodsAndUtilities.CommonMethodsAndUtilities.getRandomValue(CommonMethodsAndUtilities.java:207)
at CommonMethodsAndUtilities.CommonMethodsAndUtilities.getRandomValue(CommonMethodsAndUtilities.java:207)
at CommonMethodsAndUtilities.CommonMethodsAndUtilities.getRandomValue(CommonMethodsAndUtilities.java:207)
at CommonMethodsAndUtilities.CommonMethodsAndUtilities.getRandomValue(CommonMethodsAndUtilities.java:207)
at CommonMethodsAndUtilities.CommonMethodsAndUtilities.getRandomValue(CommonMethodsAndUtilities.java:207)
at CommonMethodsAndUtilities.CommonMethodsAndUtilities.getRandomValue(CommonMethodsAndUtilities.java:207)
at CommonMethodsAndUtilities.CommonMethodsAndUtilities.getRandomValue(CommonMethodsAndUtilities.java:207)
at CommonMethodsAndUtilities.CommonMethodsAndUtilities.getRandomValue(CommonMethodsAndUtilities.java:207)
at CommonMethodsAndUtilities.CommonMethodsAndUtilities.getRandomValue(CommonMethodsAndUtilities.java:207)
at CommonMethodsAndUtilities.CommonMethodsAndUtilities.getRandomValue(CommonMethodsAndUtilities.java:207)
at CommonMethodsAndUtilities.CommonMethodsAndUtilities.getRandomValue(CommonMethodsAndUtilities.java:207)
at CommonMethodsAndUtilities.CommonMethodsAndUtilities.getRandomValue(CommonMethodsAndUtilities.java:207)
at CommonMethodsAndUtilities.CommonMethodsAndUtilities.getRandomValue(CommonMethodsAndUtilities.java:207)
at CommonMethodsAndUtilities.CommonMethodsAndUtilities.getRandomValue(CommonMethodsAndUtilities.java:207)
at CommonMethodsAndUtilities.CommonMethodsAndUtilities.getRandomValue(CommonMethodsAndUtilities.java:207)
at CommonMethodsAndUtilities.CommonMethodsAndUtilities.getRandomValue(CommonMethodsAndUtilities.java:207)
at CommonMethodsAndUtilities.CommonMethodsAndUtilities.getRandomValue(CommonMethodsAndUtilities.java:207)
at CommonMethodsAndUtilities.CommonMethodsAndUtilities.getRandomValue(CommonMethodsAndUtilities.java:207)
at CommonMethodsAndUtilities.CommonMethodsAndUtilities.getRandomValue(CommonMethodsAndUtilities.java:207)
at CommonMethodsAndUtilities.CommonMethodsAndUtilities.getRandomValue(CommonMethodsAndUtilities.java:207)
at CommonMethodsAndUtilities.CommonMethodsAndUtilities.getRandomValue(CommonMethodsAndUtilities.java:207)
at CommonMethodsAndUtilities.CommonMethodsAndUtilities.getRandomValue(CommonMethodsAndUtilities.java:207)
at CommonMethodsAndUtilities.CommonMethodsAndUtilities.getRandomValue(CommonMethodsAndUtilities.java:207)
at CommonMethodsAndUtilities.CommonMethodsAndUtilities.getRandomValue(CommonMethodsAndUtilities.java:207)
at CommonMethodsAndUtilities.CommonMethodsAndUtilities.getRandomValue(CommonMethodsAndUtilities.java:207)
at CommonMethodsAndUtilities.CommonMethodsAndUtilities.getRandomValue(CommonMethodsAndUtilities.java:207)
at CommonMethodsAndUtilities.CommonMethodsAndUtilities.getRandomValue(CommonMethodsAndUtilities.java:207)
at CommonMethodsAndUtilities.CommonMethodsAndUtilities.getRandomValue(CommonMethodsAndUtilities.java:207)
at CommonMethodsAndUtilities.CommonMethodsAndUtilities.getRandomValue(CommonMethodsAndUtilities.java:207)
at CommonMethodsAndUtilities.CommonMethodsAndUtilities.getRandomValue(CommonMethodsAndUtilities.java:207)
at CommonMethodsAndUtilities.CommonMethodsAndUtilities.getRandomValue(CommonMethodsAndUtilities.java:207)
at CommonMethodsAndUtilities.CommonMethodsAndUtilities.getRandomValue(CommonMethodsAndUtilities.java:207)
at CommonMethodsAndUtilities.CommonMethodsAndUtilities.getRandomValue(CommonMethodsAndUtilities.java:207)
at CommonMethodsAndUtilities.CommonMethodsAndUtilities.getRandomValue(CommonMethodsAndUtilities.java:207)
at CommonMethodsAndUtilities.CommonMethodsAndUtilities.getRandomValue(CommonMethodsAndUtilities.java:207)
at CommonMethodsAndUtilities.CommonMethodsAndUtilities.getRandomValue(CommonMethodsAndUtilities.java:207)
at CommonMethodsAndUtilities.CommonMethodsAndUtilities.getRandomValue(CommonMethodsAndUtilities.java:207)
at CommonMethodsAndUtilities.CommonMethodsAndUtilities.getRandomValue(CommonMethodsAndUtilities.java:207)
at CommonMethodsAndUtilities.CommonMethodsAndUtilities.getRandomValue(CommonMethodsAndUtilities.java:207)
at CommonMethodsAndUtilities.CommonMethodsAndUtilities.getRandomValue(CommonMethodsAndUtilities.java:207)
at CommonMethodsAndUtilities.CommonMethodsAndUtilities.getRandomValue(CommonMethodsAndUtilities.java:207)
at CommonMethodsAndUtilities.CommonMethodsAndUtilities.getRandomValue(CommonMethodsAndUtilities.java:207)
at CommonMethodsAndUtilities.CommonMethodsAndUtilities.getRandomValue(CommonMethodsAndUtilities.java:207)
at CommonMethodsAndUtilities.CommonMethodsAndUtilities.getRandomValue(CommonMethodsAndUtilities.java:207)
at CommonMethodsAndUtilities.CommonMethodsAndUtilities.getRandomValue(CommonMethodsAndUtilities.java:207)
at CommonMethodsAndUtilities.CommonMethodsAndUtilities.getRandomValue(CommonMethodsAndUtilities.java:207)
at CommonMethodsAndUtilities.CommonMethodsAndUtilities.getRandomValue(CommonMethodsAndUtilities.java:207)
at CommonMethodsAndUtilities.CommonMethodsAndUtilities.getRandomValue(CommonMethodsAndUtilities.java:207)
at CommonMethodsAndUtilities.CommonMethodsAndUtilities.getRandomValue(CommonMethodsAndUtilities.java:207)
at CommonMethodsAndUtilities.CommonMethodsAndUtilities.getRandomValue(CommonMethodsAndUtilities.java:207)
at CommonMethodsAndUtilities.CommonMethodsAndUtilities.getRandomValue(CommonMethodsAndUtilities.java:207)
at CommonMethodsAndUtilities.CommonMethodsAndUtilities.getRandomValue(CommonMethodsAndUtilities.java:207)
at CommonMethodsAndUtilities.CommonMethodsAndUtilities.getRandomValue(CommonMethodsAndUtilities.java:207)
at CommonMethodsAndUtilities.CommonMethodsAndUtilities.getRandomValue(CommonMethodsAndUtilities.java:207)
at CommonMethodsAndUtilities.CommonMethodsAndUtilities.getRandomValue(CommonMethodsAndUtilities.java:207)
at CommonMethodsAndUtilities.CommonMethodsAndUtilities.getRandomValue(CommonMethodsAndUtilities.java:207)
at CommonMethodsAndUtilities.CommonMethodsAndUtilities.getRandomValue(CommonMethodsAndUtilities.java:207)
at CommonMethodsAndUtilities.CommonMethodsAndUtilities.getRandomValue(CommonMethodsAndUtilities.java:207)
at CommonMethodsAndUtilities.CommonMethodsAndUtilities.getRandomValue(CommonMethodsAndUtilities.java:207)
at CommonMethodsAndUtilities.CommonMethodsAndUtilities.getRandomValue(CommonMethodsAndUtilities.java:207)
at CommonMethodsAndUtilities.CommonMethodsAndUtilities.getRandomValue(CommonMethodsAndUtilities.java:207)
at CommonMethodsAndUtilities.CommonMethodsAndUtilities.getRandomValue(CommonMethodsAndUtilities.java:207)
at CommonMethodsAndUtilities.CommonMethodsAndUtilities.getRandomValue(CommonMethodsAndUtilities.java:207)
at CommonMethodsAndUtilities.CommonMethodsAndUtilities.getRandomValue(CommonMethodsAndUtilities.java:207)
at CommonMethodsAndUtilities.CommonMethodsAndUtilities.getRandomValue(CommonMethodsAndUtilities.java:207)
at CommonMethodsAndUtilities.CommonMethodsAndUtilities.getRandomValue(CommonMethodsAndUtilities.java:207)
at CommonMethodsAndUtilities.CommonMethodsAndUtilities.getRandomValue(CommonMethodsAndUtilities.java:207)
at CommonMethodsAndUtilities.CommonMethodsAndUtilities.getRandomValue(CommonMethodsAndUtilities.java:207)
at CommonMethodsAndUtilities.CommonMethodsAndUtilities.getRandomValue(CommonMethodsAndUtilities.java:207)
at CommonMethodsAndUtilities.CommonMethodsAndUtilities.getRandomValue(CommonMethodsAndUtilities.java:207)
at CommonMethodsAndUtilities.CommonMethodsAndUtilities.getRandomValue(CommonMethodsAndUtilities.java:207)
at CommonMethodsAndUtilities.CommonMethodsAndUtilities.getRandomValue(CommonMethodsAndUtilities.java:207)
at CommonMethodsAndUtilities.CommonMethodsAndUtilities.getRandomValue(CommonMethodsAndUtilities.java:207)
at CommonMethodsAndUtilities.CommonMethodsAndUtilities.getRandomValue(CommonMethodsAndUtilities.java:207)
at CommonMethodsAndUtilities.CommonMethodsAndUtilities.getRandomValue(CommonMethodsAndUtilities.java:207)
at CommonMethodsAndUtilities.CommonMethodsAndUtilities.getRandomValue(CommonMethodsAndUtilities.java:207)
at CommonMethodsAndUtilities.CommonMethodsAndUtilities.getRandomValue(CommonMethodsAndUtilities.java:207)
at CommonMethodsAndUtilities.CommonMethodsAndUtilities.getRandomValue(CommonMethodsAndUtilities.java:207)
at CommonMethodsAndUtilities.CommonMethodsAndUtilities.getRandomValue(CommonMethodsAndUtilities.java:207)
at CommonMethodsAndUtilities.CommonMethodsAndUtilities.getRandomValue(CommonMethodsAndUtilities.java:207)
at CommonMethodsAndUtilities.CommonMethodsAndUtilities.getRandomValue(CommonMethodsAndUtilities.java:207)
at CommonMethodsAndUtilities.CommonMethodsAndUtilities.getRandomValue(CommonMethodsAndUtilities.java:207)
at CommonMethodsAndUtilities.CommonMethodsAndUtilities.getRandomValue(CommonMethodsAndUtilities.java:207)
at CommonMethodsAndUtilities.CommonMethodsAndUtilities.getRandomValue(CommonMethodsAndUtilities.java:207)
at CommonMethodsAndUtilities.CommonMethodsAndUtilities.getRandomValue(CommonMethodsAndUtilities.java:207)
at CommonMethodsAndUtilities.CommonMethodsAndUtilities.getRandomValue(CommonMethodsAndUtilities.java:207)
at CommonMethodsAndUtilities.CommonMethodsAndUtilities.getRandomValue(CommonMethodsAndUtilities.java:207)
at CommonMethodsAndUtilities.CommonMethodsAndUtilities.getRandomValue(CommonMethodsAndUtilities.java:207)
at CommonMethodsAndUtilities.CommonMethodsAndUtilities.getRandomValue(CommonMethodsAndUtilities.java:207)
at CommonMethodsAndUtilities.CommonMethodsAndUtilities.getRandomValue(CommonMethodsAndUtilities.java:207)
at CommonMethodsAndUtilities.CommonMethodsAndUtilities.getRandomValue(CommonMethodsAndUtilities.java:207)
at CommonMethodsAndUtilities.CommonMethodsAndUtilities.getRandomValue(CommonMethodsAndUtilities.java:207)
at CommonMethodsAndUtilities.CommonMethodsAndUtilities.getRandomValue(CommonMethodsAndUtilities.java:207)
at CommonMethodsAndUtilities.CommonMethodsAndUtilities.getRandomValue(CommonMethodsAndUtilities.java:207)
at CommonMethodsAndUtilities.CommonMethodsAndUtilities.getRandomValue(CommonMethodsAndUtilities.java:207)
at CommonMethodsAndUtilities.CommonMethodsAndUtilities.getRandomValue(CommonMethodsAndUtilities.java:207)
at CommonMethodsAndUtilities.CommonMethodsAndUtilities.getRandomValue(CommonMethodsAndUtilities.java:207)
at CommonMethodsAndUtilities.CommonMethodsAndUtilities.getRandomValue(CommonMethodsAndUtilities.java:207)
at CommonMethodsAndUtilities.CommonMethodsAndUtilities.getRandomValue(CommonMethodsAndUtilities.java:207)
at CommonMethodsAndUtilities.CommonMethodsAndUtilities.getRandomValue(CommonMethodsAndUtilities.java:207)
at CommonMethodsAndUtilities.CommonMethodsAndUtilities.getRandomValue(CommonMethodsAndUtilities.java:207)
at CommonMethodsAndUtilities.CommonMethodsAndUtilities.getRandomValue(CommonMethodsAndUtilities.java:207)
at CommonMethodsAndUtilities.CommonMethodsAndUtilities.getRandomValue(CommonMethodsAndUtilities.java:207)
at CommonMethodsAndUtilities.CommonMethodsAndUtilities.getRandomValue(CommonMethodsAndUtilities.java:207)
at CommonMethodsAndUtilities.CommonMethodsAndUtilities.getRandomValue(CommonMethodsAndUtilities.java:207)
at CommonMethodsAndUtilities.CommonMethodsAndUtilities.getRandomValue(CommonMethodsAndUtilities.java:207)
at CommonMethodsAndUtilities.CommonMethodsAndUtilities.getRandomValue(CommonMethodsAndUtilities.java:207)
at CommonMethodsAndUtilities.CommonMethodsAndUtilities.getRandomValue(CommonMethodsAndUtilities.java:207)
at CommonMethodsAndUtilities.CommonMethodsAndUtilities.getRandomValue(CommonMethodsAndUtilities.java:207)
at CommonMethodsAndUtilities.CommonMethodsAndUtilities.getRandomValue(CommonMethodsAndUtilities.java:207)
at CommonMethodsAndUtilities.CommonMethodsAndUtilities.getRandomValue(CommonMethodsAndUtilities.java:207)
at CommonMethodsAndUtilities.CommonMethodsAndUtilities.getRandomValue(CommonMethodsAndUtilities.java:207)
at CommonMethodsAndUtilities.CommonMethodsAndUtilities.getRandomValue(CommonMethodsAndUtilities.java:207)
at CommonMethodsAndUtilities.CommonMethodsAndUtilities.getRandomValue(CommonMethodsAndUtilities.java:207)
at CommonMethodsAndUtilities.CommonMethodsAndUtilities.getRandomValue(CommonMethodsAndUtilities.java:207)
at CommonMethodsAndUtilities.CommonMethodsAndUtilities.getRandomValue(CommonMethodsAndUtilities.java:207)
at CommonMethodsAndUtilities.CommonMethodsAndUtilities.getRandomValue(CommonMethodsAndUtilities.java:207)
at CommonMethodsAndUtilities.CommonMethodsAndUtilities.getRandomValue(CommonMethodsAndUtilities.java:207)
at CommonMethodsAndUtilities.CommonMethodsAndUtilities.getRandomValue(CommonMethodsAndUtilities.java:207)
at CommonMethodsAndUtilities.CommonMethodsAndUtilities.getRandomValue(CommonMethodsAndUtilities.java:207)
at CommonMethodsAndUtilities.CommonMethodsAndUtilities.getRandomValue(CommonMethodsAndUtilities.java:207)
at CommonMethodsAndUtilities.CommonMethodsAndUtilities.getRandomValue(CommonMethodsAndUtilities.java:207)
at CommonMethodsAndUtilities.CommonMethodsAndUtilities.getRandomValue(CommonMethodsAndUtilities.java:207)
at CommonMethodsAndUtilities.CommonMethodsAndUtilities.getRandomValue(CommonMethodsAndUtilities.java:207)
at CommonMethodsAndUtilities.CommonMethodsAndUtilities.getRandomValue(CommonMethodsAndUtilities.java:207)
at CommonMethodsAndUtilities.CommonMethodsAndUtilities.getRandomValue(CommonMethodsAndUtilities.java:207)
at CommonMethodsAndUtilities.CommonMethodsAndUtilities.getRandomValue(CommonMethodsAndUtilities.java:207)
at CommonMethodsAndUtilities.CommonMethodsAndUtilities.getRandomValue(CommonMethodsAndUtilities.java:207)
at CommonMethodsAndUtilities.CommonMethodsAndUtilities.getRandomValue(CommonMethodsAndUtilities.java:207)
at CommonMethodsAndUtilities.CommonMethodsAndUtilities.getRandomValue(CommonMethodsAndUtilities.java:207)
at CommonMethodsAndUtilities.CommonMethodsAndUtilities.getRandomValue(CommonMethodsAndUtilities.java:207)
at CommonMethodsAndUtilities.CommonMethodsAndUtilities.getRandomValue(CommonMethodsAndUtilities.java:207)
at CommonMethodsAndUtilities.CommonMethodsAndUtilities.getRandomValue(CommonMethodsAndUtilities.java:207)
at CommonMethodsAndUtilities.CommonMethodsAndUtilities.getRandomValue(CommonMethodsAndUtilities.java:207)
at CommonMethodsAndUtilities.CommonMethodsAndUtilities.getRandomValue(CommonMethodsAndUtilities.java:207)
at CommonMethodsAndUtilities.CommonMethodsAndUtilities.getRandomValue(CommonMethodsAndUtilities.java:207)
at CommonMethodsAndUtilities.CommonMethodsAndUtilities.getRandomValue(CommonMethodsAndUtilities.java:207)
at CommonMethodsAndUtilities.CommonMethodsAndUtilities.getRandomValue(CommonMethodsAndUtilities.java:207)
at CommonMethodsAndUtilities.CommonMethodsAndUtilities.getRandomValue(CommonMethodsAndUtilities.java:207)
at CommonMethodsAndUtilities.CommonMethodsAndUtilities.getRandomValue(CommonMethodsAndUtilities.java:207)
at CommonMethodsAndUtilities.CommonMethodsAndUtilities.getRandomValue(CommonMethodsAndUtilities.java:207)
at CommonMethodsAndUtilities.CommonMethodsAndUtilities.getRandomValue(CommonMethodsAndUtilities.java:207)
at CommonMethodsAndUtilities.CommonMethodsAndUtilities.getRandomValue(CommonMethodsAndUtilities.java:207)
at CommonMethodsAndUtilities.CommonMethodsAndUtilities.getRandomValue(CommonMethodsAndUtilities.java:207)
at CommonMethodsAndUtilities.CommonMethodsAndUtilities.getRandomValue(CommonMethodsAndUtilities.java:207)
at CommonMethodsAndUtilities.CommonMethodsAndUtilities.getRandomValue(CommonMethodsAndUtilities.java:207)
at CommonMethodsAndUtilities.CommonMethodsAndUtilities.getRandomValue(CommonMethodsAndUtilities.java:207)
at CommonMethodsAndUtilities.CommonMethodsAndUtilities.getRandomValue(CommonMethodsAndUtilities.java:207)
at CommonMethodsAndUtilities.CommonMethodsAndUtilities.getRandomValue(CommonMethodsAndUtilities.java:207)
at CommonMethodsAndUtilities.CommonMethodsAndUtilities.getRandomValue(CommonMethodsAndUtilities.java:207)
at CommonMethodsAndUtilities.CommonMethodsAndUtilities.getRandomValue(CommonMethodsAndUtilities.java:207)
at CommonMethodsAndUtilities.CommonMethodsAndUtilities.getRandomValue(CommonMethodsAndUtilities.java:207)
at CommonMethodsAndUtilities.CommonMethodsAndUtilities.getRandomValue(CommonMethodsAndUtilities.java:207)
at CommonMethodsAndUtilities.CommonMethodsAndUtilities.getRandomValue(CommonMethodsAndUtilities.java:207)
at CommonMethodsAndUtilities.CommonMethodsAndUtilities.getRandomValue(CommonMethodsAndUtilities.java:207)
at CommonMethodsAndUtilities.CommonMethodsAndUtilities.getRandomValue(CommonMethodsAndUtilities.java:207)
at CommonMethodsAndUtilities.CommonMethodsAndUtilities.getRandomValue(CommonMethodsAndUtilities.java:207)
at CommonMethodsAndUtilities.CommonMethodsAndUtilities.getRandomValue(CommonMethodsAndUtilities.java:207)
at CommonMethodsAndUtilities.CommonMethodsAndUtilities.getRandomValue(CommonMethodsAndUtilities.java:207)
at CommonMethodsAndUtilities.CommonMethodsAndUtilities.getRandomValue(CommonMethodsAndUtilities.java:207)
at CommonMethodsAndUtilities.CommonMethodsAndUtilities.getRandomValue(CommonMethodsAndUtilities.java:207)
at CommonMethodsAndUtilities.CommonMethodsAndUtilities.getRandomValue(CommonMethodsAndUtilities.java:207)
at CommonMethodsAndUtilities.CommonMethodsAndUtilities.getRandomValue(CommonMethodsAndUtilities.java:207)
at CommonMethodsAndUtilities.CommonMethodsAndUtilities.getRandomValue(CommonMethodsAndUtilities.java:207)
at CommonMethodsAndUtilities.CommonMethodsAndUtilities.getRandomValue(CommonMethodsAndUtilities.java:207)
at CommonMethodsAndUtilities.CommonMethodsAndUtilities.getRandomValue(CommonMethodsAndUtilities.java:207)
at CommonMethodsAndUtilities.CommonMethodsAndUtilities.getRandomValue(CommonMethodsAndUtilities.java:207)
at CommonMethodsAndUtilities.CommonMethodsAndUtilities.getRandomValue(CommonMethodsAndUtilities.java:207)
at CommonMethodsAndUtilities.CommonMethodsAndUtilities.getRandomValue(CommonMethodsAndUtilities.java:207)
at CommonMethodsAndUtilities.CommonMethodsAndUtilities.getRandomValue(CommonMethodsAndUtilities.java:207)
at CommonMethodsAndUtilities.CommonMethodsAndUtilities.getRandomValue(CommonMethodsAndUtilities.java:207)
at CommonMethodsAndUtilities.CommonMethodsAndUtilities.getRandomValue(CommonMethodsAndUtilities.java:207)
at CommonMethodsAndUtilities.CommonMethodsAndUtilities.getRandomValue(CommonMethodsAndUtilities.java:207)
at CommonMethodsAndUtilities.CommonMethodsAndUtilities.getRandomValue(CommonMethodsAndUtilities.java:207)
at CommonMethodsAndUtilities.CommonMethodsAndUtilities.getRandomValue(CommonMethodsAndUtilities.java:207)
at CommonMethodsAndUtilities.CommonMethodsAndUtilities.getRandomValue(CommonMethodsAndUtilities.java:207)
at CommonMethodsAndUtilities.CommonMethodsAndUtilities.getRandomValue(CommonMethodsAndUtilities.java:207)
at CommonMethodsAndUtilities.CommonMethodsAndUtilities.getRandomValue(CommonMethodsAndUtilities.java:207)
at CommonMethodsAndUtilities.CommonMethodsAndUtilities.getRandomValue(CommonMethodsAndUtilities.java:207)
at CommonMethodsAndUtilities.CommonMethodsAndUtilities.getRandomValue(CommonMethodsAndUtilities.java:207)
at CommonMethodsAndUtilities.CommonMethodsAndUtilities.getRandomValue(CommonMethodsAndUtilities.java:207)
at CommonMethodsAndUtilities.CommonMethodsAndUtilities.getRandomValue(CommonMethodsAndUtilities.java:207)
at CommonMethodsAndUtilities.CommonMethodsAndUtilities.getRandomValue(CommonMethodsAndUtilities.java:207)
at CommonMethodsAndUtilities.CommonMethodsAndUtilities.getRandomValue(CommonMethodsAndUtilities.java:207)
at CommonMethodsAndUtilities.CommonMethodsAndUtilities.getRandomValue(CommonMethodsAndUtilities.java:207)
at CommonMethodsAndUtilities.CommonMethodsAndUtilities.getRandomValue(CommonMethodsAndUtilities.java:207)
at CommonMethodsAndUtilities.CommonMethodsAndUtilities.getRandomValue(CommonMethodsAndUtilities.java:207)
at CommonMethodsAndUtilities.CommonMethodsAndUtilities.getRandomValue(CommonMethodsAndUtilities.java:207)
at CommonMethodsAndUtilities.CommonMethodsAndUtilities.getRandomValue(CommonMethodsAndUtilities.java:207)
at CommonMethodsAndUtilities.CommonMethodsAndUtilities.getRandomValue(CommonMethodsAndUtilities.java:207)
at CommonMethodsAndUtilities.CommonMethodsAndUtilities.getRandomValue(CommonMethodsAndUtilities.java:207)
at CommonMethodsAndUtilities.CommonMethodsAndUtilities.getRandomValue(CommonMethodsAndUtilities.java:207)
at CommonMethodsAndUtilities.CommonMethodsAndUtilities.getRandomValue(CommonMethodsAndUtilities.java:207)
at CommonMethodsAndUtilities.CommonMethodsAndUtilities.getRandomValue(CommonMethodsAndUtilities.java:207)
at CommonMethodsAndUtilities.CommonMethodsAndUtilities.getRandomValue(CommonMethodsAndUtilities.java:207)
at CommonMethodsAndUtilities.CommonMethodsAndUtilities.getRandomValue(CommonMethodsAndUtilities.java:207)
at CommonMethodsAndUtilities.CommonMethodsAndUtilities.getRandomValue(CommonMethodsAndUtilities.java:207)
at CommonMethodsAndUtilities.CommonMethodsAndUtilities.getRandomValue(CommonMethodsAndUtilities.java:207)
at CommonMethodsAndUtilities.CommonMethodsAndUtilities.getRandomValue(CommonMethodsAndUtilities.java:207)
at CommonMethodsAndUtilities.CommonMethodsAndUtilities.getRandomValue(CommonMethodsAndUtilities.java:207)
at CommonMethodsAndUtilities.CommonMethodsAndUtilities.getRandomValue(CommonMethodsAndUtilities.java:207)
at CommonMethodsAndUtilities.CommonMethodsAndUtilities.getRandomValue(CommonMethodsAndUtilities.java:207)
at CommonMethodsAndUtilities.CommonMethodsAndUtilities.getRandomValue(CommonMethodsAndUtilities.java:207)
at CommonMethodsAndUtilities.CommonMethodsAndUtilities.getRandomValue(CommonMethodsAndUtilities.java:207)
at CommonMethodsAndUtilities.CommonMethodsAndUtilities.getRandomValue(CommonMethodsAndUtilities.java:207)
at CommonMethodsAndUtilities.CommonMethodsAndUtilities.getRandomValue(CommonMethodsAndUtilities.java:207)
at CommonMethodsAndUtilities.CommonMethodsAndUtilities.getRandomValue(CommonMethodsAndUtilities.java:207)
at CommonMethodsAndUtilities.CommonMethodsAndUtilities.getRandomValue(CommonMethodsAndUtilities.java:207)
at CommonMethodsAndUtilities.CommonMethodsAndUtilities.getRandomValue(CommonMethodsAndUtilities.java:207)
at CommonMethodsAndUtilities.CommonMethodsAndUtilities.getRandomValue(CommonMethodsAndUtilities.java:207)
at CommonMethodsAndUtilities.CommonMethodsAndUtilities.getRandomValue(CommonMethodsAndUtilities.java:207)
at CommonMethodsAndUtilities.CommonMethodsAndUtilities.getRandomValue(CommonMethodsAndUtilities.java:207)
at CommonMethodsAndUtilities.CommonMethodsAndUtilities.getRandomValue(CommonMethodsAndUtilities.java:207)
at CommonMethodsAndUtilities.CommonMethodsAndUtilities.getRandomValue(CommonMethodsAndUtilities.java:207)
at CommonMethodsAndUtilities.CommonMethodsAndUtilities.getRandomValue(CommonMethodsAndUtilities.java:207)
at CommonMethodsAndUtilities.CommonMethodsAndUtilities.getRandomValue(CommonMethodsAndUtilities.java:207)
at CommonMethodsAndUtilities.CommonMethodsAndUtilities.getRandomValue(CommonMethodsAndUtilities.java:207)
at CommonMethodsAndUtilities.CommonMethodsAndUtilities.getRandomValue(CommonMethodsAndUtilities.java:207)
at CommonMethodsAndUtilities.CommonMethodsAndUtilities.getRandomValue(CommonMethodsAndUtilities.java:207)
at CommonMethodsAndUtilities.CommonMethodsAndUtilities.getRandomValue(CommonMethodsAndUtilities.java:207)
at CommonMethodsAndUtilities.CommonMethodsAndUtilities.getRandomValue(CommonMethodsAndUtilities.java:207)
at CommonMethodsAndUtilities.CommonMethodsAndUtilities.getRandomValue(CommonMethodsAndUtilities.java:207)
at CommonMethodsAndUtilities.CommonMethodsAndUtilities.getRandomValue(CommonMethodsAndUtilities.java:207)
at CommonMethodsAndUtilities.CommonMethodsAndUtilities.getRandomValue(CommonMethodsAndUtilities.java:207)
at CommonMethodsAndUtilities.CommonMethodsAndUtilities.getRandomValue(CommonMethodsAndUtilities.java:207)
at CommonMethodsAndUtilities.CommonMethodsAndUtilities.getRandomValue(CommonMethodsAndUtilities.java:207)
at CommonMethodsAndUtilities.CommonMethodsAndUtilities.getRandomValue(CommonMethodsAndUtilities.java:207)
at CommonMethodsAndUtilities.CommonMethodsAndUtilities.getRandomValue(CommonMethodsAndUtilities.java:207)
at CommonMethodsAndUtilities.CommonMethodsAndUtilities.getRandomValue(CommonMethodsAndUtilities.java:207)
at CommonMethodsAndUtilities.CommonMethodsAndUtilities.getRandomValue(CommonMethodsAndUtilities.java:207)
at CommonMethodsAndUtilities.CommonMethodsAndUtilities.getRandomValue(CommonMethodsAndUtilities.java:207)
at CommonMethodsAndUtilities.CommonMethodsAndUtilities.getRandomValue(CommonMethodsAndUtilities.java:207)
at CommonMethodsAndUtilities.CommonMethodsAndUtilities.getRandomValue(CommonMethodsAndUtilities.java:207)
at CommonMethodsAndUtilities.CommonMethodsAndUtilities.getRandomValue(CommonMethodsAndUtilities.java:207)
at CommonMethodsAndUtilities.CommonMethodsAndUtilities.getRandomValue(CommonMethodsAndUtilities.java:207)
at CommonMethodsAndUtilities.CommonMethodsAndUtilities.getRandomValue(CommonMethodsAndUtilities.java:207)
at CommonMethodsAndUtilities.CommonMethodsAndUtilities.getRandomValue(CommonMethodsAndUtilities.java:207)
at CommonMethodsAndUtilities.CommonMethodsAndUtilities.getRandomValue(CommonMethodsAndUtilities.java:207)
at CommonMethodsAndUtilities.CommonMethodsAndUtilities.getRandomValue(CommonMethodsAndUtilities.java:207)
at CommonMethodsAndUtilities.CommonMethodsAndUtilities.getRandomValue(CommonMethodsAndUtilities.java:207)
at CommonMethodsAndUtilities.CommonMethodsAndUtilities.getRandomValue(CommonMethodsAndUtilities.java:207)
at CommonMethodsAndUtilities.CommonMethodsAndUtilities.getRandomValue(CommonMethodsAndUtilities.java:207)
at CommonMethodsAndUtilities.CommonMethodsAndUtilities.getRandomValue(CommonMethodsAndUtilities.java:207)
at CommonMethodsAndUtilities.CommonMethodsAndUtilities.getRandomValue(CommonMethodsAndUtilities.java:207)
at CommonMethodsAndUtilities.CommonMethodsAndUtilities.getRandomValue(CommonMethodsAndUtilities.java:207)
at CommonMethodsAndUtilities.CommonMethodsAndUtilities.getRandomValue(CommonMethodsAndUtilities.java:207)
at CommonMethodsAndUtilities.CommonMethodsAndUtilities.getRandomValue(CommonMethodsAndUtilities.java:207)
at CommonMethodsAndUtilities.CommonMethodsAndUtilities.getRandomValue(CommonMethodsAndUtilities.java:207)
at CommonMethodsAndUtilities.CommonMethodsAndUtilities.getRandomValue(CommonMethodsAndUtilities.java:207)
at CommonMethodsAndUtilities.CommonMethodsAndUtilities.getRandomValue(CommonMethodsAndUtilities.java:207)
at CommonMethodsAndUtilities.CommonMethodsAndUtilities.getRandomValue(CommonMethodsAndUtilities.java:207)
at CommonMethodsAndUtilities.CommonMethodsAndUtilities.getRandomValue(CommonMethodsAndUtilities.java:207)
at CommonMethodsAndUtilities.CommonMethodsAndUtilities.getRandomValue(CommonMethodsAndUtilities.java:207)
at CommonMethodsAndUtilities.CommonMethodsAndUtilities.getRandomValue(CommonMethodsAndUtilities.java:207)
at CommonMethodsAndUtilities.CommonMethodsAndUtilities.getRandomValue(CommonMethodsAndUtilities.java:207)
at CommonMethodsAndUtilities.CommonMethodsAndUtilities.getRandomValue(CommonMethodsAndUtilities.java:207)
at CommonMethodsAndUtilities.CommonMethodsAndUtilities.getRandomValue(CommonMethodsAndUtilities.java:207)
at CommonMethodsAndUtilities.CommonMethodsAndUtilities.getRandomValue(CommonMethodsAndUtilities.java:207)
at CommonMethodsAndUtilities.CommonMethodsAndUtilities.getRandomValue(CommonMethodsAndUtilities.java:207)
at CommonMethodsAndUtilities.CommonMethodsAndUtilities.getRandomValue(CommonMethodsAndUtilities.java:207)
at CommonMethodsAndUtilities.CommonMethodsAndUtilities.getRandomValue(CommonMethodsAndUtilities.java:207)
at CommonMethodsAndUtilities.CommonMethodsAndUtilities.getRandomValue(CommonMethodsAndUtilities.java:207)
at CommonMethodsAndUtilities.CommonMethodsAndUtilities.getRandomValue(CommonMethodsAndUtilities.java:207)
at CommonMethodsAndUtilities.CommonMethodsAndUtilities.getRandomValue(CommonMethodsAndUtilities.java:207)
at CommonMethodsAndUtilities.CommonMethodsAndUtilities.getRandomValue(CommonMethodsAndUtilities.java:207)
at CommonMethodsAndUtilities.CommonMethodsAndUtilities.getRandomValue(CommonMethodsAndUtilities.java:207)
at CommonMethodsAndUtilities.CommonMethodsAndUtilities.getRandomValue(CommonMethodsAndUtilities.java:207)
at CommonMethodsAndUtilities.CommonMethodsAndUtilities.getRandomValue(CommonMethodsAndUtilities.java:207)
at CommonMethodsAndUtilities.CommonMethodsAndUtilities.getRandomValue(CommonMethodsAndUtilities.java:207)
at CommonMethodsAndUtilities.CommonMethodsAndUtilities.getRandomValue(CommonMethodsAndUtilities.java:207)
at CommonMethodsAndUtilities.CommonMethodsAndUtilities.getRandomValue(CommonMethodsAndUtilities.java:207)
at CommonMethodsAndUtilities.CommonMethodsAndUtilities.getRandomValue(CommonMethodsAndUtilities.java:207)
at CommonMethodsAndUtilities.CommonMethodsAndUtilities.getRandomValue(CommonMethodsAndUtilities.java:207)
at CommonMethodsAndUtilities.CommonMethodsAndUtilities.getRandomValue(CommonMethodsAndUtilities.java:207)
at CommonMethodsAndUtilities.CommonMethodsAndUtilities.getRandomValue(CommonMethodsAndUtilities.java:207)
at CommonMethodsAndUtilities.CommonMethodsAndUtilities.getRandomValue(CommonMethodsAndUtilities.java:207)
at CommonMethodsAndUtilities.CommonMethodsAndUtilities.getRandomValue(CommonMethodsAndUtilities.java:207)
at CommonMethodsAndUtilities.CommonMethodsAndUtilities.getRandomValue(CommonMethodsAndUtilities.java:207)
at CommonMethodsAndUtilities.CommonMethodsAndUtilities.getRandomValue(CommonMethodsAndUtilities.java:207)
at CommonMethodsAndUtilities.CommonMethodsAndUtilities.getRandomValue(CommonMethodsAndUtilities.java:207)
at CommonMethodsAndUtilities.CommonMethodsAndUtilities.getRandomValue(CommonMethodsAndUtilities.java:207)
at CommonMethodsAndUtilities.CommonMethodsAndUtilities.getRandomValue(CommonMethodsAndUtilities.java:207)
at CommonMethodsAndUtilities.CommonMethodsAndUtilities.getRandomValue(CommonMethodsAndUtilities.java:207)
at CommonMethodsAndUtilities.CommonMethodsAndUtilities.getRandomValue(CommonMethodsAndUtilities.java:207)
at CommonMethodsAndUtilities.CommonMethodsAndUtilities.getRandomValue(CommonMethodsAndUtilities.java:207)
at CommonMethodsAndUtilities.CommonMethodsAndUtilities.getRandomValue(CommonMethodsAndUtilities.java:207)
at CommonMethodsAndUtilities.CommonMethodsAndUtilities.getRandomValue(CommonMethodsAndUtilities.java:207)
at CommonMethodsAndUtilities.CommonMethodsAndUtilities.getRandomValue(CommonMethodsAndUtilities.java:207)
at CommonMethodsAndUtilities.CommonMethodsAndUtilities.getRandomValue(CommonMethodsAndUtilities.java:207)
at CommonMethodsAndUtilities.CommonMethodsAndUtilities.getRandomValue(CommonMethodsAndUtilities.java:207)
at CommonMethodsAndUtilities.CommonMethodsAndUtilities.getRandomValue(CommonMethodsAndUtilities.java:207)
at CommonMethodsAndUtilities.CommonMethodsAndUtilities.getRandomValue(CommonMethodsAndUtilities.java:207)
at CommonMethodsAndUtilities.CommonMethodsAndUtilities.getRandomValue(CommonMethodsAndUtilities.java:207)
at CommonMethodsAndUtilities.CommonMethodsAndUtilities.getRandomValue(CommonMethodsAndUtilities.java:207)
at CommonMethodsAndUtilities.CommonMethodsAndUtilities.getRandomValue(CommonMethodsAndUtilities.java:207)
at CommonMethodsAndUtilities.CommonMethodsAndUtilities.getRandomValue(CommonMethodsAndUtilities.java:207)
at CommonMethodsAndUtilities.CommonMethodsAndUtilities.getRandomValue(CommonMethodsAndUtilities.java:207)
at CommonMethodsAndUtilities.CommonMethodsAndUtilities.getRandomValue(CommonMethodsAndUtilities.java:207)
at CommonMethodsAndUtilities.CommonMethodsAndUtilities.getRandomValue(CommonMethodsAndUtilities.java:207)
at CommonMethodsAndUtilities.CommonMethodsAndUtilities.getRandomValue(CommonMethodsAndUtilities.java:207)
at CommonMethodsAndUtilities.CommonMethodsAndUtilities.getRandomValue(CommonMethodsAndUtilities.java:207)
at CommonMethodsAndUtilities.CommonMethodsAndUtilities.getRandomValue(CommonMethodsAndUtilities.java:207)
at CommonMethodsAndUtilities.CommonMethodsAndUtilities.getRandomValue(CommonMethodsAndUtilities.java:207)
at CommonMethodsAndUtilities.CommonMethodsAndUtilities.getRandomValue(CommonMethodsAndUtilities.java:207)
at CommonMethodsAndUtilities.CommonMethodsAndUtilities.getRandomValue(CommonMethodsAndUtilities.java:207)
at CommonMethodsAndUtilities.CommonMethodsAndUtilities.getRandomValue(CommonMethodsAndUtilities.java:207)
at CommonMethodsAndUtilities.CommonMethodsAndUtilities.getRandomValue(CommonMethodsAndUtilities.java:207)
at CommonMethodsAndUtilities.CommonMethodsAndUtilities.getRandomValue(CommonMethodsAndUtilities.java:207)
at CommonMethodsAndUtilities.CommonMethodsAndUtilities.getRandomValue(CommonMethodsAndUtilities.java:207)
at CommonMethodsAndUtilities.CommonMethodsAndUtilities.getRandomValue(CommonMethodsAndUtilities.java:207)
at CommonMethodsAndUtilities.CommonMethodsAndUtilities.getRandomValue(CommonMethodsAndUtilities.java:207)
at CommonMethodsAndUtilities.CommonMethodsAndUtilities.getRandomValue(CommonMethodsAndUtilities.java:207)
at CommonMethodsAndUtilities.CommonMethodsAndUtilities.getRandomValue(CommonMethodsAndUtilities.java:207)
at CommonMethodsAndUtilities.CommonMethodsAndUtilities.getRandomValue(CommonMethodsAndUtilities.java:207)
at CommonMethodsAndUtilities.CommonMethodsAndUtilities.getRandomValue(CommonMethodsAndUtilities.java:207)
at CommonMethodsAndUtilities.CommonMethodsAndUtilities.getRandomValue(CommonMethodsAndUtilities.java:207)
at CommonMethodsAndUtilities.CommonMethodsAndUtilities.getRandomValue(CommonMethodsAndUtilities.java:207)
at CommonMethodsAndUtilities.CommonMethodsAndUtilities.getRandomValue(CommonMethodsAndUtilities.java:207)
at CommonMethodsAndUtilities.CommonMethodsAndUtilities.getRandomValue(CommonMethodsAndUtilities.java:207)
at CommonMethodsAndUtilities.CommonMethodsAndUtilities.getRandomValue(CommonMethodsAndUtilities.java:207)
at CommonMethodsAndUtilities.CommonMethodsAndUtilities.getRandomValue(CommonMethodsAndUtilities.java:207)
at CommonMethodsAndUtilities.CommonMethodsAndUtilities.getRandomValue(CommonMethodsAndUtilities.java:207)
at CommonMethodsAndUtilities.CommonMethodsAndUtilities.getRandomValue(CommonMethodsAndUtilities.java:207)
at CommonMethodsAndUtilities.CommonMethodsAndUtilities.getRandomValue(CommonMethodsAndUtilities.java:207)
at CommonMethodsAndUtilities.CommonMethodsAndUtilities.getRandomValue(CommonMethodsAndUtilities.java:207)
at CommonMethodsAndUtilities.CommonMethodsAndUtilities.getRandomValue(CommonMethodsAndUtilities.java:207)
at CommonMethodsAndUtilities.CommonMethodsAndUtilities.getRandomValue(CommonMethodsAndUtilities.java:207)
at CommonMethodsAndUtilities.CommonMethodsAndUtilities.getRandomValue(CommonMethodsAndUtilities.java:207)
at CommonMethodsAndUtilities.CommonMethodsAndUtilities.getRandomValue(CommonMethodsAndUtilities.java:207)
at CommonMethodsAndUtilities.CommonMethodsAndUtilities.getRandomValue(CommonMethodsAndUtilities.java:207)
at CommonMethodsAndUtilities.CommonMethodsAndUtilities.getRandomValue(CommonMethodsAndUtilities.java:207)
at CommonMethodsAndUtilities.CommonMethodsAndUtilities.getRandomValue(CommonMethodsAndUtilities.java:207)
at CommonMethodsAndUtilities.CommonMethodsAndUtilities.getRandomValue(CommonMethodsAndUtilities.java:207)
at CommonMethodsAndUtilities.CommonMethodsAndUtilities.getRandomValue(CommonMethodsAndUtilities.java:207)
at CommonMethodsAndUtilities.CommonMethodsAndUtilities.getRandomValue(CommonMethodsAndUtilities.java:207)
at CommonMethodsAndUtilities.CommonMethodsAndUtilities.getRandomValue(CommonMethodsAndUtilities.java:207)
at CommonMethodsAndUtilities.CommonMethodsAndUtilities.getRandomValue(CommonMethodsAndUtilities.java:207)
at CommonMethodsAndUtilities.CommonMethodsAndUtilities.getRandomValue(CommonMethodsAndUtilities.java:207)
at CommonMethodsAndUtilities.CommonMethodsAndUtilities.getRandomValue(CommonMethodsAndUtilities.java:207)
at CommonMethodsAndUtilities.CommonMethodsAndUtilities.getRandomValue(CommonMethodsAndUtilities.java:207)
at CommonMethodsAndUtilities.CommonMethodsAndUtilities.getRandomValue(CommonMethodsAndUtilities.java:207)
at CommonMethodsAndUtilities.CommonMethodsAndUtilities.getRandomValue(CommonMethodsAndUtilities.java:207)
at CommonMethodsAndUtilities.CommonMethodsAndUtilities.getRandomValue(CommonMethodsAndUtilities.java:207)
at CommonMethodsAndUtilities.CommonMethodsAndUtilities.getRandomValue(CommonMethodsAndUtilities.java:207)
at CommonMethodsAndUtilities.CommonMethodsAndUtilities.getRandomValue(CommonMethodsAndUtilities.java:207)
at CommonMethodsAndUtilities.CommonMethodsAndUtilities.getRandomValue(CommonMethodsAndUtilities.java:207)
at CommonMethodsAndUtilities.CommonMethodsAndUtilities.getRandomValue(CommonMethodsAndUtilities.java:207)
at CommonMethodsAndUtilities.CommonMethodsAndUtilities.getRandomValue(CommonMethodsAndUtilities.java:207)
at CommonMethodsAndUtilities.CommonMethodsAndUtilities.getRandomValue(CommonMethodsAndUtilities.java:207)
at CommonMethodsAndUtilities.CommonMethodsAndUtilities.getRandomValue(CommonMethodsAndUtilities.java:207)
at CommonMethodsAndUtilities.CommonMethodsAndUtilities.getRandomValue(CommonMethodsAndUtilities.java:207)
at CommonMethodsAndUtilities.CommonMethodsAndUtilities.getRandomValue(CommonMethodsAndUtilities.java:207)
at CommonMethodsAndUtilities.CommonMethodsAndUtilities.getRandomValue(CommonMethodsAndUtilities.java:207)
at CommonMethodsAndUtilities.CommonMethodsAndUtilities.getRandomValue(CommonMethodsAndUtilities.java:207)
at CommonMethodsAndUtilities.CommonMethodsAndUtilities.getRandomValue(CommonMethodsAndUtilities.java:207)
at CommonMethodsAndUtilities.CommonMethodsAndUtilities.getRandomValue(CommonMethodsAndUtilities.java:207)
at CommonMethodsAndUtilities.CommonMethodsAndUtilities.getRandomValue(CommonMethodsAndUtilities.java:207)
at CommonMethodsAndUtilities.CommonMethodsAndUtilities.getRandomValue(CommonMethodsAndUtilities.java:207)
at CommonMethodsAndUtilities.CommonMethodsAndUtilities.getRandomValue(CommonMethodsAndUtilities.java:207)
at CommonMethodsAndUtilities.CommonMethodsAndUtilities.getRandomValue(CommonMethodsAndUtilities.java:207)
at CommonMethodsAndUtilities.CommonMethodsAndUtilities.getRandomValue(CommonMethodsAndUtilities.java:207)
at CommonMethodsAndUtilities.CommonMethodsAndUtilities.getRandomValue(CommonMethodsAndUtilities.java:207)
at CommonMethodsAndUtilities.CommonMethodsAndUtilities.getRandomValue(CommonMethodsAndUtilities.java:207)
at CommonMethodsAndUtilities.CommonMethodsAndUtilities.getRandomValue(CommonMethodsAndUtilities.java:207)
at CommonMethodsAndUtilities.CommonMethodsAndUtilities.getRandomValue(CommonMethodsAndUtilities.java:207)
at CommonMethodsAndUtilities.CommonMethodsAndUtilities.getRandomValue(CommonMethodsAndUtilities.java:207)
at CommonMethodsAndUtilities.CommonMethodsAndUtilities.getRandomValue(CommonMethodsAndUtilities.java:207)
at CommonMethodsAndUtilities.CommonMethodsAndUtilities.getRandomValue(CommonMethodsAndUtilities.java:207)
at CommonMethodsAndUtilities.CommonMethodsAndUtilities.getRandomValue(CommonMethodsAndUtilities.java:207)
at CommonMethodsAndUtilities.CommonMethodsAndUtilities.getRandomValue(CommonMethodsAndUtilities.java:207)
at CommonMethodsAndUtilities.CommonMethodsAndUtilities.getRandomValue(CommonMethodsAndUtilities.java:207)
at CommonMethodsAndUtilities.CommonMethodsAndUtilities.getRandomValue(CommonMethodsAndUtilities.java:207)
at CommonMethodsAndUtilities.CommonMethodsAndUtilities.getRandomValue(CommonMethodsAndUtilities.java:207)
at CommonMethodsAndUtilities.CommonMethodsAndUtilities.getRandomValue(CommonMethodsAndUtilities.java:207)
at CommonMethodsAndUtilities.CommonMethodsAndUtilities.getRandomValue(CommonMethodsAndUtilities.java:207)
at CommonMethodsAndUtilities.CommonMethodsAndUtilities.getRandomValue(CommonMethodsAndUtilities.java:207)
at CommonMethodsAndUtilities.CommonMethodsAndUtilities.getRandomValue(CommonMethodsAndUtilities.java:207)
at CommonMethodsAndUtilities.CommonMethodsAndUtilities.getRandomValue(CommonMethodsAndUtilities.java:207)
at CommonMethodsAndUtilities.CommonMethodsAndUtilities.getRandomValue(CommonMethodsAndUtilities.java:207)
at CommonMethodsAndUtilities.CommonMethodsAndUtilities.getRandomValue(CommonMethodsAndUtilities.java:207)
at CommonMethodsAndUtilities.CommonMethodsAndUtilities.getRandomValue(CommonMethodsAndUtilities.java:207)
at CommonMethodsAndUtilities.CommonMethodsAndUtilities.getRandomValue(CommonMethodsAndUtilities.java:207)
at CommonMethodsAndUtilities.CommonMethodsAndUtilities.getRandomValue(CommonMethodsAndUtilities.java:207)
at CommonMethodsAndUtilities.CommonMethodsAndUtilities.getRandomValue(CommonMethodsAndUtilities.java:207)
at CommonMethodsAndUtilities.CommonMethodsAndUtilities.getRandomValue(CommonMethodsAndUtilities.java:207)
at CommonMethodsAndUtilities.CommonMethodsAndUtilities.getRandomValue(CommonMethodsAndUtilities.java:207)
at CommonMethodsAndUtilities.CommonMethodsAndUtilities.getRandomValue(CommonMethodsAndUtilities.java:207)
at CommonMethodsAndUtilities.CommonMethodsAndUtilities.getRandomValue(CommonMethodsAndUtilities.java:207)
at CommonMethodsAndUtilities.CommonMethodsAndUtilities.getRandomValue(CommonMethodsAndUtilities.java:207)
at CommonMethodsAndUtilities.CommonMethodsAndUtilities.getRandomValue(CommonMethodsAndUtilities.java:207)
at CommonMethodsAndUtilities.CommonMethodsAndUtilities.getRandomValue(CommonMethodsAndUtilities.java:207)
at CommonMethodsAndUtilities.CommonMethodsAndUtilities.getRandomValue(CommonMethodsAndUtilities.java:207)
at CommonMethodsAndUtilities.CommonMethodsAndUtilities.getRandomValue(CommonMethodsAndUtilities.java:207)
at CommonMethodsAndUtilities.CommonMethodsAndUtilities.getRandomValue(CommonMethodsAndUtilities.java:207)
at CommonMethodsAndUtilities.CommonMethodsAndUtilities.getRandomValue(CommonMethodsAndUtilities.java:207)
at CommonMethodsAndUtilities.CommonMethodsAndUtilities.getRandomValue(CommonMethodsAndUtilities.java:207)
at CommonMethodsAndUtilities.CommonMethodsAndUtilities.getRandomValue(CommonMethodsAndUtilities.java:207)
at CommonMethodsAndUtilities.CommonMethodsAndUtilities.getRandomValue(CommonMethodsAndUtilities.java:207)
at CommonMethodsAndUtilities.CommonMethodsAndUtilities.getRandomValue(CommonMethodsAndUtilities.java:207)
at CommonMethodsAndUtilities.CommonMethodsAndUtilities.getRandomValue(CommonMethodsAndUtilities.java:207)
at CommonMethodsAndUtilities.CommonMethodsAndUtilities.getRandomValue(CommonMethodsAndUtilities.java:207)
at CommonMethodsAndUtilities.CommonMethodsAndUtilities.getRandomValue(CommonMethodsAndUtilities.java:207)
at CommonMethodsAndUtilities.CommonMethodsAndUtilities.getRandomValue(CommonMethodsAndUtilities.java:207)
at CommonMethodsAndUtilities.CommonMethodsAndUtilities.getRandomValue(CommonMethodsAndUtilities.java:207)
at CommonMethodsAndUtilities.CommonMethodsAndUtilities.getRandomValue(CommonMethodsAndUtilities.java:207)
at CommonMethodsAndUtilities.CommonMethodsAndUtilities.getRandomValue(CommonMethodsAndUtilities.java:207)
at CommonMethodsAndUtilities.CommonMethodsAndUtilities.getRandomValue(CommonMethodsAndUtilities.java:207)
at CommonMethodsAndUtilities.CommonMethodsAndUtilities.getRandomValue(CommonMethodsAndUtilities.java:207)
at CommonMethodsAndUtilities.CommonMethodsAndUtilities.getRandomValue(CommonMethodsAndUtilities.java:207)
at CommonMethodsAndUtilities.CommonMethodsAndUtilities.getRandomValue(CommonMethodsAndUtilities.java:207)
at CommonMethodsAndUtilities.CommonMethodsAndUtilities.getRandomValue(CommonMethodsAndUtilities.java:207)
at CommonMethodsAndUtilities.CommonMethodsAndUtilities.getRandomValue(CommonMethodsAndUtilities.java:207)
at CommonMethodsAndUtilities.CommonMethodsAndUtilities.getRandomValue(CommonMethodsAndUtilities.java:207)
at CommonMethodsAndUtilities.CommonMethodsAndUtilities.getRandomValue(CommonMethodsAndUtilities.java:207)
at CommonMethodsAndUtilities.CommonMethodsAndUtilities.getRandomValue(CommonMethodsAndUtilities.java:207)
at CommonMethodsAndUtilities.CommonMethodsAndUtilities.getRandomValue(CommonMethodsAndUtilities.java:207)
at CommonMethodsAndUtilities.CommonMethodsAndUtilities.getRandomValue(CommonMethodsAndUtilities.java:207)
at CommonMethodsAndUtilities.CommonMethodsAndUtilities.getRandomValue(CommonMethodsAndUtilities.java:207)
at CommonMethodsAndUtilities.CommonMethodsAndUtilities.getRandomValue(CommonMethodsAndUtilities.java:207)
at CommonMethodsAndUtilities.CommonMethodsAndUtilities.getRandomValue(CommonMethodsAndUtilities.java:207)
at CommonMethodsAndUtilities.CommonMethodsAndUtilities.getRandomValue(CommonMethodsAndUtilities.java:207)
at CommonMethodsAndUtilities.CommonMethodsAndUtilities.getRandomValue(CommonMethodsAndUtilities.java:207)
at CommonMethodsAndUtilities.CommonMethodsAndUtilities.getRandomValue(CommonMethodsAndUtilities.java:207)
at CommonMethodsAndUtilities.CommonMethodsAndUtilities.getRandomValue(CommonMethodsAndUtilities.java:207)
at CommonMethodsAndUtilities.CommonMethodsAndUtilities.getRandomValue(CommonMethodsAndUtilities.java:207)
at CommonMethodsAndUtilities.CommonMethodsAndUtilities.getRandomValue(CommonMethodsAndUtilities.java:207)
at CommonMethodsAndUtilities.CommonMethodsAndUtilities.getRandomValue(CommonMethodsAndUtilities.java:207)
at CommonMethodsAndUtilities.CommonMethodsAndUtilities.getRandomValue(CommonMethodsAndUtilities.java:207)
at CommonMethodsAndUtilities.CommonMethodsAndUtilities.getRandomValue(CommonMethodsAndUtilities.java:207)
at CommonMethodsAndUtilities.CommonMethodsAndUtilities.getRandomValue(CommonMethodsAndUtilities.java:207)
at CommonMethodsAndUtilities.CommonMethodsAndUtilities.getRandomValue(CommonMethodsAndUtilities.java:207)
at CommonMethodsAndUtilities.CommonMethodsAndUtilities.getRandomValue(CommonMethodsAndUtilities.java:207)
at CommonMethodsAndUtilities.CommonMethodsAndUtilities.getRandomValue(CommonMethodsAndUtilities.java:207)
at CommonMethodsAndUtilities.CommonMethodsAndUtilities.getRandomValue(CommonMethodsAndUtilities.java:207)
at CommonMethodsAndUtilities.CommonMethodsAndUtilities.getRandomValue(CommonMethodsAndUtilities.java:207)
at CommonMethodsAndUtilities.CommonMethodsAndUtilities.getRandomValue(CommonMethodsAndUtilities.java:207)
at CommonMethodsAndUtilities.CommonMethodsAndUtilities.getRandomValue(CommonMethodsAndUtilities.java:207)
at CommonMethodsAndUtilities.CommonMethodsAndUtilities.getRandomValue(CommonMethodsAndUtilities.java:207)
at CommonMethodsAndUtilities.CommonMethodsAndUtilities.getRandomValue(CommonMethodsAndUtilities.java:207)
at CommonMethodsAndUtilities.CommonMethodsAndUtilities.getRandomValue(CommonMethodsAndUtilities.java:207)
at CommonMethodsAndUtilities.CommonMethodsAndUtilities.getRandomValue(CommonMethodsAndUtilities.java:207)
at CommonMethodsAndUtilities.CommonMethodsAndUtilities.getRandomValue(CommonMethodsAndUtilities.java:207)
at CommonMethodsAndUtilities.CommonMethodsAndUtilities.getRandomValue(CommonMethodsAndUtilities.java:207)
at CommonMethodsAndUtilities.CommonMethodsAndUtilities.getRandomValue(CommonMethodsAndUtilities.java:207)
at CommonMethodsAndUtilities.CommonMethodsAndUtilities.getRandomValue(CommonMethodsAndUtilities.java:207)
at CommonMethodsAndUtilities.CommonMethodsAndUtilities.getRandomValue(CommonMethodsAndUtilities.java:207)
at CommonMethodsAndUtilities.CommonMethodsAndUtilities.getRandomValue(CommonMethodsAndUtilities.java:207)
at CommonMethodsAndUtilities.CommonMethodsAndUtilities.getRandomValue(CommonMethodsAndUtilities.java:207)
at CommonMethodsAndUtilities.CommonMethodsAndUtilities.getRandomValue(CommonMethodsAndUtilities.java:207)
at CommonMethodsAndUtilities.CommonMethodsAndUtilities.getRandomValue(CommonMethodsAndUtilities.java:207)
at CommonMethodsAndUtilities.CommonMethodsAndUtilities.getRandomValue(CommonMethodsAndUtilities.java:207)
at CommonMethodsAndUtilities.CommonMethodsAndUtilities.getRandomValue(CommonMethodsAndUtilities.java:207)
at CommonMethodsAndUtilities.CommonMethodsAndUtilities.getRandomValue(CommonMethodsAndUtilities.java:207)
at CommonMethodsAndUtilities.CommonMethodsAndUtilities.getRandomValue(CommonMethodsAndUtilities.java:207)
at CommonMethodsAndUtilities.CommonMethodsAndUtilities.getRandomValue(CommonMethodsAndUtilities.java:207)
at CommonMethodsAndUtilities.CommonMethodsAndUtilities.getRandomValue(CommonMethodsAndUtilities.java:207)
at CommonMethodsAndUtilities.CommonMethodsAndUtilities.getRandomValue(CommonMethodsAndUtilities.java:207)
at CommonMethodsAndUtilities.CommonMethodsAndUtilities.getRandomValue(CommonMethodsAndUtilities.java:207)
at CommonMethodsAndUtilities.CommonMethodsAndUtilities.getRandomValue(CommonMethodsAndUtilities.java:207)
at CommonMethodsAndUtilities.CommonMethodsAndUtilities.getRandomValue(CommonMethodsAndUtilities.java:207)
at CommonMethodsAndUtilities.CommonMethodsAndUtilities.getRandomValue(CommonMethodsAndUtilities.java:207)
at CommonMethodsAndUtilities.CommonMethodsAndUtilities.getRandomValue(CommonMethodsAndUtilities.java:207)
at CommonMethodsAndUtilities.CommonMethodsAndUtilities.getRandomValue(CommonMethodsAndUtilities.java:207)
at CommonMethodsAndUtilities.CommonMethodsAndUtilities.getRandomValue(CommonMethodsAndUtilities.java:207)
at CommonMethodsAndUtilities.CommonMethodsAndUtilities.getRandomValue(CommonMethodsAndUtilities.java:207)
at CommonMethodsAndUtilities.CommonMethodsAndUtilities.getRandomValue(CommonMethodsAndUtilities.java:207)
at CommonMethodsAndUtilities.CommonMethodsAndUtilities.getRandomValue(CommonMethodsAndUtilities.java:207)
at CommonMethodsAndUtilities.CommonMethodsAndUtilities.getRandomValue(CommonMethodsAndUtilities.java:207)
at CommonMethodsAndUtilities.CommonMethodsAndUtilities.getRandomValue(CommonMethodsAndUtilities.java:207)
at CommonMethodsAndUtilities.CommonMethodsAndUtilities.getRandomValue(CommonMethodsAndUtilities.java:207)
at CommonMethodsAndUtilities.CommonMethodsAndUtilities.getRandomValue(CommonMethodsAndUtilities.java:207)
at CommonMethodsAndUtilities.CommonMethodsAndUtilities.getRandomValue(CommonMethodsAndUtilities.java:207)
at CommonMethodsAndUtilities.CommonMethodsAndUtilities.getRandomValue(CommonMethodsAndUtilities.java:207)
at CommonMethodsAndUtilities.CommonMethodsAndUtilities.getRandomValue(CommonMethodsAndUtilities.java:207)
at CommonMethodsAndUtilities.CommonMethodsAndUtilities.getRandomValue(CommonMethodsAndUtilities.java:207)
at CommonMethodsAndUtilities.CommonMethodsAndUtilities.getRandomValue(CommonMethodsAndUtilities.java:207)
at CommonMethodsAndUtilities.CommonMethodsAndUtilities.getRandomValue(CommonMethodsAndUtilities.java:207)
at CommonMethodsAndUtilities.CommonMethodsAndUtilities.getRandomValue(CommonMethodsAndUtilities.java:207)
]]>
    </error>
    <system-out>
      <![CDATA[The details are logged in a file
The first product name is: Sauce Labs Backpack
The first product price is: $29.99]]>
    </system-out>
  </testcase> <!-- assertPerformanceUser -->
  <testcase classname="ApplicationTests.E2ETests" name="assertPerformanceUser" time="5.583">
    <error type="java.lang.StackOverflowError">
      <![CDATA[java.lang.StackOverflowError
at CommonMethodsAndUtilities.CommonMethodsAndUtilities.getRandomValue(CommonMethodsAndUtilities.java:207)
at CommonMethodsAndUtilities.CommonMethodsAndUtilities.getRandomValue(CommonMethodsAndUtilities.java:207)
at CommonMethodsAndUtilities.CommonMethodsAndUtilities.getRandomValue(CommonMethodsAndUtilities.java:207)
at CommonMethodsAndUtilities.CommonMethodsAndUtilities.getRandomValue(CommonMethodsAndUtilities.java:207)
at CommonMethodsAndUtilities.CommonMethodsAndUtilities.getRandomValue(CommonMethodsAndUtilities.java:207)
at CommonMethodsAndUtilities.CommonMethodsAndUtilities.getRandomValue(CommonMethodsAndUtilities.java:207)
at CommonMethodsAndUtilities.CommonMethodsAndUtilities.getRandomValue(CommonMethodsAndUtilities.java:207)
at CommonMethodsAndUtilities.CommonMethodsAndUtilities.getRandomValue(CommonMethodsAndUtilities.java:207)
at CommonMethodsAndUtilities.CommonMethodsAndUtilities.getRandomValue(CommonMethodsAndUtilities.java:207)
at CommonMethodsAndUtilities.CommonMethodsAndUtilities.getRandomValue(CommonMethodsAndUtilities.java:207)
at CommonMethodsAndUtilities.CommonMethodsAndUtilities.getRandomValue(CommonMethodsAndUtilities.java:207)
at CommonMethodsAndUtilities.CommonMethodsAndUtilities.getRandomValue(CommonMethodsAndUtilities.java:207)
at CommonMethodsAndUtilities.CommonMethodsAndUtilities.getRandomValue(CommonMethodsAndUtilities.java:207)
at CommonMethodsAndUtilities.CommonMethodsAndUtilities.getRandomValue(CommonMethodsAndUtilities.java:207)
at CommonMethodsAndUtilities.CommonMethodsAndUtilities.getRandomValue(CommonMethodsAndUtilities.java:207)
at CommonMethodsAndUtilities.CommonMethodsAndUtilities.getRandomValue(CommonMethodsAndUtilities.java:207)
at CommonMethodsAndUtilities.CommonMethodsAndUtilities.getRandomValue(CommonMethodsAndUtilities.java:207)
at CommonMethodsAndUtilities.CommonMethodsAndUtilities.getRandomValue(CommonMethodsAndUtilities.java:207)
at CommonMethodsAndUtilities.CommonMethodsAndUtilities.getRandomValue(CommonMethodsAndUtilities.java:207)
at CommonMethodsAndUtilities.CommonMethodsAndUtilities.getRandomValue(CommonMethodsAndUtilities.java:207)
at CommonMethodsAndUtilities.CommonMethodsAndUtilities.getRandomValue(CommonMethodsAndUtilities.java:207)
at CommonMethodsAndUtilities.CommonMethodsAndUtilities.getRandomValue(CommonMethodsAndUtilities.java:207)
at CommonMethodsAndUtilities.CommonMethodsAndUtilities.getRandomValue(CommonMethodsAndUtilities.java:207)
at CommonMethodsAndUtilities.CommonMethodsAndUtilities.getRandomValue(CommonMethodsAndUtilities.java:207)
at CommonMethodsAndUtilities.CommonMethodsAndUtilities.getRandomValue(CommonMethodsAndUtilities.java:207)
at CommonMethodsAndUtilities.CommonMethodsAndUtilities.getRandomValue(CommonMethodsAndUtilities.java:207)
at CommonMethodsAndUtilities.CommonMethodsAndUtilities.getRandomValue(CommonMethodsAndUtilities.java:207)
at CommonMethodsAndUtilities.CommonMethodsAndUtilities.getRandomValue(CommonMethodsAndUtilities.java:207)
at CommonMethodsAndUtilities.CommonMethodsAndUtilities.getRandomValue(CommonMethodsAndUtilities.java:207)
at CommonMethodsAndUtilities.CommonMethodsAndUtilities.getRandomValue(CommonMethodsAndUtilities.java:207)
at CommonMethodsAndUtilities.CommonMethodsAndUtilities.getRandomValue(CommonMethodsAndUtilities.java:207)
at CommonMethodsAndUtilities.CommonMethodsAndUtilities.getRandomValue(CommonMethodsAndUtilities.java:207)
at CommonMethodsAndUtilities.CommonMethodsAndUtilities.getRandomValue(CommonMethodsAndUtilities.java:207)
at CommonMethodsAndUtilities.CommonMethodsAndUtilities.getRandomValue(CommonMethodsAndUtilities.java:207)
at CommonMethodsAndUtilities.CommonMethodsAndUtilities.getRandomValue(CommonMethodsAndUtilities.java:207)
at CommonMethodsAndUtilities.CommonMethodsAndUtilities.getRandomValue(CommonMethodsAndUtilities.java:207)
at CommonMethodsAndUtilities.CommonMethodsAndUtilities.getRandomValue(CommonMethodsAndUtilities.java:207)
at CommonMethodsAndUtilities.CommonMethodsAndUtilities.getRandomValue(CommonMethodsAndUtilities.java:207)
at CommonMethodsAndUtilities.CommonMethodsAndUtilities.getRandomValue(CommonMethodsAndUtilities.java:207)
at CommonMethodsAndUtilities.CommonMethodsAndUtilities.getRandomValue(CommonMethodsAndUtilities.java:207)
at CommonMethodsAndUtilities.CommonMethodsAndUtilities.getRandomValue(CommonMethodsAndUtilities.java:207)
at CommonMethodsAndUtilities.CommonMethodsAndUtilities.getRandomValue(CommonMethodsAndUtilities.java:207)
at CommonMethodsAndUtilities.CommonMethodsAndUtilities.getRandomValue(CommonMethodsAndUtilities.java:207)
at CommonMethodsAndUtilities.CommonMethodsAndUtilities.getRandomValue(CommonMethodsAndUtilities.java:207)
at CommonMethodsAndUtilities.CommonMethodsAndUtilities.getRandomValue(CommonMethodsAndUtilities.java:207)
at CommonMethodsAndUtilities.CommonMethodsAndUtilities.getRandomValue(CommonMethodsAndUtilities.java:207)
at CommonMethodsAndUtilities.CommonMethodsAndUtilities.getRandomValue(CommonMethodsAndUtilities.java:207)
at CommonMethodsAndUtilities.CommonMethodsAndUtilities.getRandomValue(CommonMethodsAndUtilities.java:207)
at CommonMethodsAndUtilities.CommonMethodsAndUtilities.getRandomValue(CommonMethodsAndUtilities.java:207)
at CommonMethodsAndUtilities.CommonMethodsAndUtilities.getRandomValue(CommonMethodsAndUtilities.java:207)
at CommonMethodsAndUtilities.CommonMethodsAndUtilities.getRandomValue(CommonMethodsAndUtilities.java:207)
at CommonMethodsAndUtilities.CommonMethodsAndUtilities.getRandomValue(CommonMethodsAndUtilities.java:207)
at CommonMethodsAndUtilities.CommonMethodsAndUtilities.getRandomValue(CommonMethodsAndUtilities.java:207)
at CommonMethodsAndUtilities.CommonMethodsAndUtilities.getRandomValue(CommonMethodsAndUtilities.java:207)
at CommonMethodsAndUtilities.CommonMethodsAndUtilities.getRandomValue(CommonMethodsAndUtilities.java:207)
at CommonMethodsAndUtilities.CommonMethodsAndUtilities.getRandomValue(CommonMethodsAndUtilities.java:207)
at CommonMethodsAndUtilities.CommonMethodsAndUtilities.getRandomValue(CommonMethodsAndUtilities.java:207)
at CommonMethodsAndUtilities.CommonMethodsAndUtilities.getRandomValue(CommonMethodsAndUtilities.java:207)
at CommonMethodsAndUtilities.CommonMethodsAndUtilities.getRandomValue(CommonMethodsAndUtilities.java:207)
at CommonMethodsAndUtilities.CommonMethodsAndUtilities.getRandomValue(CommonMethodsAndUtilities.java:207)
at CommonMethodsAndUtilities.CommonMethodsAndUtilities.getRandomValue(CommonMethodsAndUtilities.java:207)
at CommonMethodsAndUtilities.CommonMethodsAndUtilities.getRandomValue(CommonMethodsAndUtilities.java:207)
at CommonMethodsAndUtilities.CommonMethodsAndUtilities.getRandomValue(CommonMethodsAndUtilities.java:207)
at CommonMethodsAndUtilities.CommonMethodsAndUtilities.getRandomValue(CommonMethodsAndUtilities.java:207)
at CommonMethodsAndUtilities.CommonMethodsAndUtilities.getRandomValue(CommonMethodsAndUtilities.java:207)
at CommonMethodsAndUtilities.CommonMethodsAndUtilities.getRandomValue(CommonMethodsAndUtilities.java:207)
at CommonMethodsAndUtilities.CommonMethodsAndUtilities.getRandomValue(CommonMethodsAndUtilities.java:207)
at CommonMethodsAndUtilities.CommonMethodsAndUtilities.getRandomValue(CommonMethodsAndUtilities.java:207)
at CommonMethodsAndUtilities.CommonMethodsAndUtilities.getRandomValue(CommonMethodsAndUtilities.java:207)
at CommonMethodsAndUtilities.CommonMethodsAndUtilities.getRandomValue(CommonMethodsAndUtilities.java:207)
at CommonMethodsAndUtilities.CommonMethodsAndUtilities.getRandomValue(CommonMethodsAndUtilities.java:207)
at CommonMethodsAndUtilities.CommonMethodsAndUtilities.getRandomValue(CommonMethodsAndUtilities.java:207)
at CommonMethodsAndUtilities.CommonMethodsAndUtilities.getRandomValue(CommonMethodsAndUtilities.java:207)
at CommonMethodsAndUtilities.CommonMethodsAndUtilities.getRandomValue(CommonMethodsAndUtilities.java:207)
at CommonMethodsAndUtilities.CommonMethodsAndUtilities.getRandomValue(CommonMethodsAndUtilities.java:207)
at CommonMethodsAndUtilities.CommonMethodsAndUtilities.getRandomValue(CommonMethodsAndUtilities.java:207)
at CommonMethodsAndUtilities.CommonMethodsAndUtilities.getRandomValue(CommonMethodsAndUtilities.java:207)
at CommonMethodsAndUtilities.CommonMethodsAndUtilities.getRandomValue(CommonMethodsAndUtilities.java:207)
at CommonMethodsAndUtilities.CommonMethodsAndUtilities.getRandomValue(CommonMethodsAndUtilities.java:207)
at CommonMethodsAndUtilities.CommonMethodsAndUtilities.getRandomValue(CommonMethodsAndUtilities.java:207)
at CommonMethodsAndUtilities.CommonMethodsAndUtilities.getRandomValue(CommonMethodsAndUtilities.java:207)
at CommonMethodsAndUtilities.CommonMethodsAndUtilities.getRandomValue(CommonMethodsAndUtilities.java:207)
at CommonMethodsAndUtilities.CommonMethodsAndUtilities.getRandomValue(CommonMethodsAndUtilities.java:207)
at CommonMethodsAndUtilities.CommonMethodsAndUtilities.getRandomValue(CommonMethodsAndUtilities.java:207)
at CommonMethodsAndUtilities.CommonMethodsAndUtilities.getRandomValue(CommonMethodsAndUtilities.java:207)
at CommonMethodsAndUtilities.CommonMethodsAndUtilities.getRandomValue(CommonMethodsAndUtilities.java:207)
at CommonMethodsAndUtilities.CommonMethodsAndUtilities.getRandomValue(CommonMethodsAndUtilities.java:207)
at CommonMethodsAndUtilities.CommonMethodsAndUtilities.getRandomValue(CommonMethodsAndUtilities.java:207)
at CommonMethodsAndUtilities.CommonMethodsAndUtilities.getRandomValue(CommonMethodsAndUtilities.java:207)
at CommonMethodsAndUtilities.CommonMethodsAndUtilities.getRandomValue(CommonMethodsAndUtilities.java:207)
at CommonMethodsAndUtilities.CommonMethodsAndUtilities.getRandomValue(CommonMethodsAndUtilities.java:207)
at CommonMethodsAndUtilities.CommonMethodsAndUtilities.getRandomValue(CommonMethodsAndUtilities.java:207)
at CommonMethodsAndUtilities.CommonMethodsAndUtilities.getRandomValue(CommonMethodsAndUtilities.java:207)
at CommonMethodsAndUtilities.CommonMethodsAndUtilities.getRandomValue(CommonMethodsAndUtilities.java:207)
at CommonMethodsAndUtilities.CommonMethodsAndUtilities.getRandomValue(CommonMethodsAndUtilities.java:207)
at CommonMethodsAndUtilities.CommonMethodsAndUtilities.getRandomValue(CommonMethodsAndUtilities.java:207)
at CommonMethodsAndUtilities.CommonMethodsAndUtilities.getRandomValue(CommonMethodsAndUtilities.java:207)
at CommonMethodsAndUtilities.CommonMethodsAndUtilities.getRandomValue(CommonMethodsAndUtilities.java:207)
at CommonMethodsAndUtilities.CommonMethodsAndUtilities.getRandomValue(CommonMethodsAndUtilities.java:207)
at CommonMethodsAndUtilities.CommonMethodsAndUtilities.getRandomValue(CommonMethodsAndUtilities.java:207)
at CommonMethodsAndUtilities.CommonMethodsAndUtilities.getRandomValue(CommonMethodsAndUtilities.java:207)
at CommonMethodsAndUtilities.CommonMethodsAndUtilities.getRandomValue(CommonMethodsAndUtilities.java:207)
at CommonMethodsAndUtilities.CommonMethodsAndUtilities.getRandomValue(CommonMethodsAndUtilities.java:207)
at CommonMethodsAndUtilities.CommonMethodsAndUtilities.getRandomValue(CommonMethodsAndUtilities.java:207)
at CommonMethodsAndUtilities.CommonMethodsAndUtilities.getRandomValue(CommonMethodsAndUtilities.java:207)
at CommonMethodsAndUtilities.CommonMethodsAndUtilities.getRandomValue(CommonMethodsAndUtilities.java:207)
at CommonMethodsAndUtilities.CommonMethodsAndUtilities.getRandomValue(CommonMethodsAndUtilities.java:207)
at CommonMethodsAndUtilities.CommonMethodsAndUtilities.getRandomValue(CommonMethodsAndUtilities.java:207)
at CommonMethodsAndUtilities.CommonMethodsAndUtilities.getRandomValue(CommonMethodsAndUtilities.java:207)
at CommonMethodsAndUtilities.CommonMethodsAndUtilities.getRandomValue(CommonMethodsAndUtilities.java:207)
at CommonMethodsAndUtilities.CommonMethodsAndUtilities.getRandomValue(CommonMethodsAndUtilities.java:207)
at CommonMethodsAndUtilities.CommonMethodsAndUtilities.getRandomValue(CommonMethodsAndUtilities.java:207)
at CommonMethodsAndUtilities.CommonMethodsAndUtilities.getRandomValue(CommonMethodsAndUtilities.java:207)
at CommonMethodsAndUtilities.CommonMethodsAndUtilities.getRandomValue(CommonMethodsAndUtilities.java:207)
at CommonMethodsAndUtilities.CommonMethodsAndUtilities.getRandomValue(CommonMethodsAndUtilities.java:207)
at CommonMethodsAndUtilities.CommonMethodsAndUtilities.getRandomValue(CommonMethodsAndUtilities.java:207)
at CommonMethodsAndUtilities.CommonMethodsAndUtilities.getRandomValue(CommonMethodsAndUtilities.java:207)
at CommonMethodsAndUtilities.CommonMethodsAndUtilities.getRandomValue(CommonMethodsAndUtilities.java:207)
at CommonMethodsAndUtilities.CommonMethodsAndUtilities.getRandomValue(CommonMethodsAndUtilities.java:207)
at CommonMethodsAndUtilities.CommonMethodsAndUtilities.getRandomValue(CommonMethodsAndUtilities.java:207)
at CommonMethodsAndUtilities.CommonMethodsAndUtilities.getRandomValue(CommonMethodsAndUtilities.java:207)
at CommonMethodsAndUtilities.CommonMethodsAndUtilities.getRandomValue(CommonMethodsAndUtilities.java:207)
at CommonMethodsAndUtilities.CommonMethodsAndUtilities.getRandomValue(CommonMethodsAndUtilities.java:207)
at CommonMethodsAndUtilities.CommonMethodsAndUtilities.getRandomValue(CommonMethodsAndUtilities.java:207)
at CommonMethodsAndUtilities.CommonMethodsAndUtilities.getRandomValue(CommonMethodsAndUtilities.java:207)
at CommonMethodsAndUtilities.CommonMethodsAndUtilities.getRandomValue(CommonMethodsAndUtilities.java:207)
at CommonMethodsAndUtilities.CommonMethodsAndUtilities.getRandomValue(CommonMethodsAndUtilities.java:207)
at CommonMethodsAndUtilities.CommonMethodsAndUtilities.getRandomValue(CommonMethodsAndUtilities.java:207)
at CommonMethodsAndUtilities.CommonMethodsAndUtilities.getRandomValue(CommonMethodsAndUtilities.java:207)
at CommonMethodsAndUtilities.CommonMethodsAndUtilities.getRandomValue(CommonMethodsAndUtilities.java:207)
at CommonMethodsAndUtilities.CommonMethodsAndUtilities.getRandomValue(CommonMethodsAndUtilities.java:207)
at CommonMethodsAndUtilities.CommonMethodsAndUtilities.getRandomValue(CommonMethodsAndUtilities.java:207)
at CommonMethodsAndUtilities.CommonMethodsAndUtilities.getRandomValue(CommonMethodsAndUtilities.java:207)
at CommonMethodsAndUtilities.CommonMethodsAndUtilities.getRandomValue(CommonMethodsAndUtilities.java:207)
at CommonMethodsAndUtilities.CommonMethodsAndUtilities.getRandomValue(CommonMethodsAndUtilities.java:207)
at CommonMethodsAndUtilities.CommonMethodsAndUtilities.getRandomValue(CommonMethodsAndUtilities.java:207)
at CommonMethodsAndUtilities.CommonMethodsAndUtilities.getRandomValue(CommonMethodsAndUtilities.java:207)
at CommonMethodsAndUtilities.CommonMethodsAndUtilities.getRandomValue(CommonMethodsAndUtilities.java:207)
at CommonMethodsAndUtilities.CommonMethodsAndUtilities.getRandomValue(CommonMethodsAndUtilities.java:207)
at CommonMethodsAndUtilities.CommonMethodsAndUtilities.getRandomValue(CommonMethodsAndUtilities.java:207)
at CommonMethodsAndUtilities.CommonMethodsAndUtilities.getRandomValue(CommonMethodsAndUtilities.java:207)
at CommonMethodsAndUtilities.CommonMethodsAndUtilities.getRandomValue(CommonMethodsAndUtilities.java:207)
at CommonMethodsAndUtilities.CommonMethodsAndUtilities.getRandomValue(CommonMethodsAndUtilities.java:207)
at CommonMethodsAndUtilities.CommonMethodsAndUtilities.getRandomValue(CommonMethodsAndUtilities.java:207)
at CommonMethodsAndUtilities.CommonMethodsAndUtilities.getRandomValue(CommonMethodsAndUtilities.java:207)
at CommonMethodsAndUtilities.CommonMethodsAndUtilities.getRandomValue(CommonMethodsAndUtilities.java:207)
at CommonMethodsAndUtilities.CommonMethodsAndUtilities.getRandomValue(CommonMethodsAndUtilities.java:207)
at CommonMethodsAndUtilities.CommonMethodsAndUtilities.getRandomValue(CommonMethodsAndUtilities.java:207)
at CommonMethodsAndUtilities.CommonMethodsAndUtilities.getRandomValue(CommonMethodsAndUtilities.java:207)
at CommonMethodsAndUtilities.CommonMethodsAndUtilities.getRandomValue(CommonMethodsAndUtilities.java:207)
at CommonMethodsAndUtilities.CommonMethodsAndUtilities.getRandomValue(CommonMethodsAndUtilities.java:207)
at CommonMethodsAndUtilities.CommonMethodsAndUtilities.getRandomValue(CommonMethodsAndUtilities.java:207)
at CommonMethodsAndUtilities.CommonMethodsAndUtilities.getRandomValue(CommonMethodsAndUtilities.java:207)
at CommonMethodsAndUtilities.CommonMethodsAndUtilities.getRandomValue(CommonMethodsAndUtilities.java:207)
at CommonMethodsAndUtilities.CommonMethodsAndUtilities.getRandomValue(CommonMethodsAndUtilities.java:207)
at CommonMethodsAndUtilities.CommonMethodsAndUtilities.getRandomValue(CommonMethodsAndUtilities.java:207)
at CommonMethodsAndUtilities.CommonMethodsAndUtilities.getRandomValue(CommonMethodsAndUtilities.java:207)
at CommonMethodsAndUtilities.CommonMethodsAndUtilities.getRandomValue(CommonMethodsAndUtilities.java:207)
at CommonMethodsAndUtilities.CommonMethodsAndUtilities.getRandomValue(CommonMethodsAndUtilities.java:207)
at CommonMethodsAndUtilities.CommonMethodsAndUtilities.getRandomValue(CommonMethodsAndUtilities.java:207)
at CommonMethodsAndUtilities.CommonMethodsAndUtilities.getRandomValue(CommonMethodsAndUtilities.java:207)
at CommonMethodsAndUtilities.CommonMethodsAndUtilities.getRandomValue(CommonMethodsAndUtilities.java:207)
at CommonMethodsAndUtilities.CommonMethodsAndUtilities.getRandomValue(CommonMethodsAndUtilities.java:207)
at CommonMethodsAndUtilities.CommonMethodsAndUtilities.getRandomValue(CommonMethodsAndUtilities.java:207)
at CommonMethodsAndUtilities.CommonMethodsAndUtilities.getRandomValue(CommonMethodsAndUtilities.java:207)
at CommonMethodsAndUtilities.CommonMethodsAndUtilities.getRandomValue(CommonMethodsAndUtilities.java:207)
at CommonMethodsAndUtilities.CommonMethodsAndUtilities.getRandomValue(CommonMethodsAndUtilities.java:207)
at CommonMethodsAndUtilities.CommonMethodsAndUtilities.getRandomValue(CommonMethodsAndUtilities.java:207)
at CommonMethodsAndUtilities.CommonMethodsAndUtilities.getRandomValue(CommonMethodsAndUtilities.java:207)
at CommonMethodsAndUtilities.CommonMethodsAndUtilities.getRandomValue(CommonMethodsAndUtilities.java:207)
at CommonMethodsAndUtilities.CommonMethodsAndUtilities.getRandomValue(CommonMethodsAndUtilities.java:207)
at CommonMethodsAndUtilities.CommonMethodsAndUtilities.getRandomValue(CommonMethodsAndUtilities.java:207)
at CommonMethodsAndUtilities.CommonMethodsAndUtilities.getRandomValue(CommonMethodsAndUtilities.java:207)
at CommonMethodsAndUtilities.CommonMethodsAndUtilities.getRandomValue(CommonMethodsAndUtilities.java:207)
at CommonMethodsAndUtilities.CommonMethodsAndUtilities.getRandomValue(CommonMethodsAndUtilities.java:207)
at CommonMethodsAndUtilities.CommonMethodsAndUtilities.getRandomValue(CommonMethodsAndUtilities.java:207)
at CommonMethodsAndUtilities.CommonMethodsAndUtilities.getRandomValue(CommonMethodsAndUtilities.java:207)
at CommonMethodsAndUtilities.CommonMethodsAndUtilities.getRandomValue(CommonMethodsAndUtilities.java:207)
at CommonMethodsAndUtilities.CommonMethodsAndUtilities.getRandomValue(CommonMethodsAndUtilities.java:207)
at CommonMethodsAndUtilities.CommonMethodsAndUtilities.getRandomValue(CommonMethodsAndUtilities.java:207)
at CommonMethodsAndUtilities.CommonMethodsAndUtilities.getRandomValue(CommonMethodsAndUtilities.java:207)
at CommonMethodsAndUtilities.CommonMethodsAndUtilities.getRandomValue(CommonMethodsAndUtilities.java:207)
at CommonMethodsAndUtilities.CommonMethodsAndUtilities.getRandomValue(CommonMethodsAndUtilities.java:207)
at CommonMethodsAndUtilities.CommonMethodsAndUtilities.getRandomValue(CommonMethodsAndUtilities.java:207)
at CommonMethodsAndUtilities.CommonMethodsAndUtilities.getRandomValue(CommonMethodsAndUtilities.java:207)
at CommonMethodsAndUtilities.CommonMethodsAndUtilities.getRandomValue(CommonMethodsAndUtilities.java:207)
at CommonMethodsAndUtilities.CommonMethodsAndUtilities.getRandomValue(CommonMethodsAndUtilities.java:207)
at CommonMethodsAndUtilities.CommonMethodsAndUtilities.getRandomValue(CommonMethodsAndUtilities.java:207)
at CommonMethodsAndUtilities.CommonMethodsAndUtilities.getRandomValue(CommonMethodsAndUtilities.java:207)
at CommonMethodsAndUtilities.CommonMethodsAndUtilities.getRandomValue(CommonMethodsAndUtilities.java:207)
at CommonMethodsAndUtilities.CommonMethodsAndUtilities.getRandomValue(CommonMethodsAndUtilities.java:207)
at CommonMethodsAndUtilities.CommonMethodsAndUtilities.getRandomValue(CommonMethodsAndUtilities.java:207)
at CommonMethodsAndUtilities.CommonMethodsAndUtilities.getRandomValue(CommonMethodsAndUtilities.java:207)
at CommonMethodsAndUtilities.CommonMethodsAndUtilities.getRandomValue(CommonMethodsAndUtilities.java:207)
at CommonMethodsAndUtilities.CommonMethodsAndUtilities.getRandomValue(CommonMethodsAndUtilities.java:207)
at CommonMethodsAndUtilities.CommonMethodsAndUtilities.getRandomValue(CommonMethodsAndUtilities.java:207)
at CommonMethodsAndUtilities.CommonMethodsAndUtilities.getRandomValue(CommonMethodsAndUtilities.java:207)
at CommonMethodsAndUtilities.CommonMethodsAndUtilities.getRandomValue(CommonMethodsAndUtilities.java:207)
at CommonMethodsAndUtilities.CommonMethodsAndUtilities.getRandomValue(CommonMethodsAndUtilities.java:207)
at CommonMethodsAndUtilities.CommonMethodsAndUtilities.getRandomValue(CommonMethodsAndUtilities.java:207)
at CommonMethodsAndUtilities.CommonMethodsAndUtilities.getRandomValue(CommonMethodsAndUtilities.java:207)
at CommonMethodsAndUtilities.CommonMethodsAndUtilities.getRandomValue(CommonMethodsAndUtilities.java:207)
at CommonMethodsAndUtilities.CommonMethodsAndUtilities.getRandomValue(CommonMethodsAndUtilities.java:207)
at CommonMethodsAndUtilities.CommonMethodsAndUtilities.getRandomValue(CommonMethodsAndUtilities.java:207)
at CommonMethodsAndUtilities.CommonMethodsAndUtilities.getRandomValue(CommonMethodsAndUtilities.java:207)
at CommonMethodsAndUtilities.CommonMethodsAndUtilities.getRandomValue(CommonMethodsAndUtilities.java:207)
at CommonMethodsAndUtilities.CommonMethodsAndUtilities.getRandomValue(CommonMethodsAndUtilities.java:207)
at CommonMethodsAndUtilities.CommonMethodsAndUtilities.getRandomValue(CommonMethodsAndUtilities.java:207)
at CommonMethodsAndUtilities.CommonMethodsAndUtilities.getRandomValue(CommonMethodsAndUtilities.java:207)
at CommonMethodsAndUtilities.CommonMethodsAndUtilities.getRandomValue(CommonMethodsAndUtilities.java:207)
at CommonMethodsAndUtilities.CommonMethodsAndUtilities.getRandomValue(CommonMethodsAndUtilities.java:207)
at CommonMethodsAndUtilities.CommonMethodsAndUtilities.getRandomValue(CommonMethodsAndUtilities.java:207)
at CommonMethodsAndUtilities.CommonMethodsAndUtilities.getRandomValue(CommonMethodsAndUtilities.java:207)
at CommonMethodsAndUtilities.CommonMethodsAndUtilities.getRandomValue(CommonMethodsAndUtilities.java:207)
at CommonMethodsAndUtilities.CommonMethodsAndUtilities.getRandomValue(CommonMethodsAndUtilities.java:207)
at CommonMethodsAndUtilities.CommonMethodsAndUtilities.getRandomValue(CommonMethodsAndUtilities.java:207)
at CommonMethodsAndUtilities.CommonMethodsAndUtilities.getRandomValue(CommonMethodsAndUtilities.java:207)
at CommonMethodsAndUtilities.CommonMethodsAndUtilities.getRandomValue(CommonMethodsAndUtilities.java:207)
at CommonMethodsAndUtilities.CommonMethodsAndUtilities.getRandomValue(CommonMethodsAndUtilities.java:207)
at CommonMethodsAndUtilities.CommonMethodsAndUtilities.getRandomValue(CommonMethodsAndUtilities.java:207)
at CommonMethodsAndUtilities.CommonMethodsAndUtilities.getRandomValue(CommonMethodsAndUtilities.java:207)
at CommonMethodsAndUtilities.CommonMethodsAndUtilities.getRandomValue(CommonMethodsAndUtilities.java:207)
at CommonMethodsAndUtilities.CommonMethodsAndUtilities.getRandomValue(CommonMethodsAndUtilities.java:207)
at CommonMethodsAndUtilities.CommonMethodsAndUtilities.getRandomValue(CommonMethodsAndUtilities.java:207)
at CommonMethodsAndUtilities.CommonMethodsAndUtilities.getRandomValue(CommonMethodsAndUtilities.java:207)
at CommonMethodsAndUtilities.CommonMethodsAndUtilities.getRandomValue(CommonMethodsAndUtilities.java:207)
at CommonMethodsAndUtilities.CommonMethodsAndUtilities.getRandomValue(CommonMethodsAndUtilities.java:207)
at CommonMethodsAndUtilities.CommonMethodsAndUtilities.getRandomValue(CommonMethodsAndUtilities.java:207)
at CommonMethodsAndUtilities.CommonMethodsAndUtilities.getRandomValue(CommonMethodsAndUtilities.java:207)
at CommonMethodsAndUtilities.CommonMethodsAndUtilities.getRandomValue(CommonMethodsAndUtilities.java:207)
at CommonMethodsAndUtilities.CommonMethodsAndUtilities.getRandomValue(CommonMethodsAndUtilities.java:207)
at CommonMethodsAndUtilities.CommonMethodsAndUtilities.getRandomValue(CommonMethodsAndUtilities.java:207)
at CommonMethodsAndUtilities.CommonMethodsAndUtilities.getRandomValue(CommonMethodsAndUtilities.java:207)
at CommonMethodsAndUtilities.CommonMethodsAndUtilities.getRandomValue(CommonMethodsAndUtilities.java:207)
at CommonMethodsAndUtilities.CommonMethodsAndUtilities.getRandomValue(CommonMethodsAndUtilities.java:207)
at CommonMethodsAndUtilities.CommonMethodsAndUtilities.getRandomValue(CommonMethodsAndUtilities.java:207)
at CommonMethodsAndUtilities.CommonMethodsAndUtilities.getRandomValue(CommonMethodsAndUtilities.java:207)
at CommonMethodsAndUtilities.CommonMethodsAndUtilities.getRandomValue(CommonMethodsAndUtilities.java:207)
at CommonMethodsAndUtilities.CommonMethodsAndUtilities.getRandomValue(CommonMethodsAndUtilities.java:207)
at CommonMethodsAndUtilities.CommonMethodsAndUtilities.getRandomValue(CommonMethodsAndUtilities.java:207)
at CommonMethodsAndUtilities.CommonMethodsAndUtilities.getRandomValue(CommonMethodsAndUtilities.java:207)
at CommonMethodsAndUtilities.CommonMethodsAndUtilities.getRandomValue(CommonMethodsAndUtilities.java:207)
at CommonMethodsAndUtilities.CommonMethodsAndUtilities.getRandomValue(CommonMethodsAndUtilities.java:207)
at CommonMethodsAndUtilities.CommonMethodsAndUtilities.getRandomValue(CommonMethodsAndUtilities.java:207)
at CommonMethodsAndUtilities.CommonMethodsAndUtilities.getRandomValue(CommonMethodsAndUtilities.java:207)
at CommonMethodsAndUtilities.CommonMethodsAndUtilities.getRandomValue(CommonMethodsAndUtilities.java:207)
at CommonMethodsAndUtilities.CommonMethodsAndUtilities.getRandomValue(CommonMethodsAndUtilities.java:207)
at CommonMethodsAndUtilities.CommonMethodsAndUtilities.getRandomValue(CommonMethodsAndUtilities.java:207)
at CommonMethodsAndUtilities.CommonMethodsAndUtilities.getRandomValue(CommonMethodsAndUtilities.java:207)
at CommonMethodsAndUtilities.CommonMethodsAndUtilities.getRandomValue(CommonMethodsAndUtilities.java:207)
at CommonMethodsAndUtilities.CommonMethodsAndUtilities.getRandomValue(CommonMethodsAndUtilities.java:207)
at CommonMethodsAndUtilities.CommonMethodsAndUtilities.getRandomValue(CommonMethodsAndUtilities.java:207)
at CommonMethodsAndUtilities.CommonMethodsAndUtilities.getRandomValue(CommonMethodsAndUtilities.java:207)
at CommonMethodsAndUtilities.CommonMethodsAndUtilities.getRandomValue(CommonMethodsAndUtilities.java:207)
at CommonMethodsAndUtilities.CommonMethodsAndUtilities.getRandomValue(CommonMethodsAndUtilities.java:207)
at CommonMethodsAndUtilities.CommonMethodsAndUtilities.getRandomValue(CommonMethodsAndUtilities.java:207)
at CommonMethodsAndUtilities.CommonMethodsAndUtilities.getRandomValue(CommonMethodsAndUtilities.java:207)
at CommonMethodsAndUtilities.CommonMethodsAndUtilities.getRandomValue(CommonMethodsAndUtilities.java:207)
at CommonMethodsAndUtilities.CommonMethodsAndUtilities.getRandomValue(CommonMethodsAndUtilities.java:207)
at CommonMethodsAndUtilities.CommonMethodsAndUtilities.getRandomValue(CommonMethodsAndUtilities.java:207)
at CommonMethodsAndUtilities.CommonMethodsAndUtilities.getRandomValue(CommonMethodsAndUtilities.java:207)
at CommonMethodsAndUtilities.CommonMethodsAndUtilities.getRandomValue(CommonMethodsAndUtilities.java:207)
at CommonMethodsAndUtilities.CommonMethodsAndUtilities.getRandomValue(CommonMethodsAndUtilities.java:207)
at CommonMethodsAndUtilities.CommonMethodsAndUtilities.getRandomValue(CommonMethodsAndUtilities.java:207)
at CommonMethodsAndUtilities.CommonMethodsAndUtilities.getRandomValue(CommonMethodsAndUtilities.java:207)
at CommonMethodsAndUtilities.CommonMethodsAndUtilities.getRandomValue(CommonMethodsAndUtilities.java:207)
at CommonMethodsAndUtilities.CommonMethodsAndUtilities.getRandomValue(CommonMethodsAndUtilities.java:207)
at CommonMethodsAndUtilities.CommonMethodsAndUtilities.getRandomValue(CommonMethodsAndUtilities.java:207)
at CommonMethodsAndUtilities.CommonMethodsAndUtilities.getRandomValue(CommonMethodsAndUtilities.java:207)
at CommonMethodsAndUtilities.CommonMethodsAndUtilities.getRandomValue(CommonMethodsAndUtilities.java:207)
at CommonMethodsAndUtilities.CommonMethodsAndUtilities.getRandomValue(CommonMethodsAndUtilities.java:207)
at CommonMethodsAndUtilities.CommonMethodsAndUtilities.getRandomValue(CommonMethodsAndUtilities.java:207)
at CommonMethodsAndUtilities.CommonMethodsAndUtilities.getRandomValue(CommonMethodsAndUtilities.java:207)
at CommonMethodsAndUtilities.CommonMethodsAndUtilities.getRandomValue(CommonMethodsAndUtilities.java:207)
at CommonMethodsAndUtilities.CommonMethodsAndUtilities.getRandomValue(CommonMethodsAndUtilities.java:207)
at CommonMethodsAndUtilities.CommonMethodsAndUtilities.getRandomValue(CommonMethodsAndUtilities.java:207)
at CommonMethodsAndUtilities.CommonMethodsAndUtilities.getRandomValue(CommonMethodsAndUtilities.java:207)
at CommonMethodsAndUtilities.CommonMethodsAndUtilities.getRandomValue(CommonMethodsAndUtilities.java:207)
at CommonMethodsAndUtilities.CommonMethodsAndUtilities.getRandomValue(CommonMethodsAndUtilities.java:207)
at CommonMethodsAndUtilities.CommonMethodsAndUtilities.getRandomValue(CommonMethodsAndUtilities.java:207)
at CommonMethodsAndUtilities.CommonMethodsAndUtilities.getRandomValue(CommonMethodsAndUtilities.java:207)
at CommonMethodsAndUtilities.CommonMethodsAndUtilities.getRandomValue(CommonMethodsAndUtilities.java:207)
at CommonMethodsAndUtilities.CommonMethodsAndUtilities.getRandomValue(CommonMethodsAndUtilities.java:207)
at CommonMethodsAndUtilities.CommonMethodsAndUtilities.getRandomValue(CommonMethodsAndUtilities.java:207)
at CommonMethodsAndUtilities.CommonMethodsAndUtilities.getRandomValue(CommonMethodsAndUtilities.java:207)
at CommonMethodsAndUtilities.CommonMethodsAndUtilities.getRandomValue(CommonMethodsAndUtilities.java:207)
at CommonMethodsAndUtilities.CommonMethodsAndUtilities.getRandomValue(CommonMethodsAndUtilities.java:207)
at CommonMethodsAndUtilities.CommonMethodsAndUtilities.getRandomValue(CommonMethodsAndUtilities.java:207)
at CommonMethodsAndUtilities.CommonMethodsAndUtilities.getRandomValue(CommonMethodsAndUtilities.java:207)
at CommonMethodsAndUtilities.CommonMethodsAndUtilities.getRandomValue(CommonMethodsAndUtilities.java:207)
at CommonMethodsAndUtilities.CommonMethodsAndUtilities.getRandomValue(CommonMethodsAndUtilities.java:207)
at CommonMethodsAndUtilities.CommonMethodsAndUtilities.getRandomValue(CommonMethodsAndUtilities.java:207)
at CommonMethodsAndUtilities.CommonMethodsAndUtilities.getRandomValue(CommonMethodsAndUtilities.java:207)
at CommonMethodsAndUtilities.CommonMethodsAndUtilities.getRandomValue(CommonMethodsAndUtilities.java:207)
at CommonMethodsAndUtilities.CommonMethodsAndUtilities.getRandomValue(CommonMethodsAndUtilities.java:207)
at CommonMethodsAndUtilities.CommonMethodsAndUtilities.getRandomValue(CommonMethodsAndUtilities.java:207)
at CommonMethodsAndUtilities.CommonMethodsAndUtilities.getRandomValue(CommonMethodsAndUtilities.java:207)
at CommonMethodsAndUtilities.CommonMethodsAndUtilities.getRandomValue(CommonMethodsAndUtilities.java:207)
at CommonMethodsAndUtilities.CommonMethodsAndUtilities.getRandomValue(CommonMethodsAndUtilities.java:207)
at CommonMethodsAndUtilities.CommonMethodsAndUtilities.getRandomValue(CommonMethodsAndUtilities.java:207)
at CommonMethodsAndUtilities.CommonMethodsAndUtilities.getRandomValue(CommonMethodsAndUtilities.java:207)
at CommonMethodsAndUtilities.CommonMethodsAndUtilities.getRandomValue(CommonMethodsAndUtilities.java:207)
at CommonMethodsAndUtilities.CommonMethodsAndUtilities.getRandomValue(CommonMethodsAndUtilities.java:207)
at CommonMethodsAndUtilities.CommonMethodsAndUtilities.getRandomValue(CommonMethodsAndUtilities.java:207)
at CommonMethodsAndUtilities.CommonMethodsAndUtilities.getRandomValue(CommonMethodsAndUtilities.java:207)
at CommonMethodsAndUtilities.CommonMethodsAndUtilities.getRandomValue(CommonMethodsAndUtilities.java:207)
at CommonMethodsAndUtilities.CommonMethodsAndUtilities.getRandomValue(CommonMethodsAndUtilities.java:207)
at CommonMethodsAndUtilities.CommonMethodsAndUtilities.getRandomValue(CommonMethodsAndUtilities.java:207)
at CommonMethodsAndUtilities.CommonMethodsAndUtilities.getRandomValue(CommonMethodsAndUtilities.java:207)
at CommonMethodsAndUtilities.CommonMethodsAndUtilities.getRandomValue(CommonMethodsAndUtilities.java:207)
at CommonMethodsAndUtilities.CommonMethodsAndUtilities.getRandomValue(CommonMethodsAndUtilities.java:207)
at CommonMethodsAndUtilities.CommonMethodsAndUtilities.getRandomValue(CommonMethodsAndUtilities.java:207)
at CommonMethodsAndUtilities.CommonMethodsAndUtilities.getRandomValue(CommonMethodsAndUtilities.java:207)
at CommonMethodsAndUtilities.CommonMethodsAndUtilities.getRandomValue(CommonMethodsAndUtilities.java:207)
at CommonMethodsAndUtilities.CommonMethodsAndUtilities.getRandomValue(CommonMethodsAndUtilities.java:207)
at CommonMethodsAndUtilities.CommonMethodsAndUtilities.getRandomValue(CommonMethodsAndUtilities.java:207)
at CommonMethodsAndUtilities.CommonMethodsAndUtilities.getRandomValue(CommonMethodsAndUtilities.java:207)
at CommonMethodsAndUtilities.CommonMethodsAndUtilities.getRandomValue(CommonMethodsAndUtilities.java:207)
at CommonMethodsAndUtilities.CommonMethodsAndUtilities.getRandomValue(CommonMethodsAndUtilities.java:207)
at CommonMethodsAndUtilities.CommonMethodsAndUtilities.getRandomValue(CommonMethodsAndUtilities.java:207)
at CommonMethodsAndUtilities.CommonMethodsAndUtilities.getRandomValue(CommonMethodsAndUtilities.java:207)
at CommonMethodsAndUtilities.CommonMethodsAndUtilities.getRandomValue(CommonMethodsAndUtilities.java:207)
at CommonMethodsAndUtilities.CommonMethodsAndUtilities.getRandomValue(CommonMethodsAndUtilities.java:207)
at CommonMethodsAndUtilities.CommonMethodsAndUtilities.getRandomValue(CommonMethodsAndUtilities.java:207)
at CommonMethodsAndUtilities.CommonMethodsAndUtilities.getRandomValue(CommonMethodsAndUtilities.java:207)
at CommonMethodsAndUtilities.CommonMethodsAndUtilities.getRandomValue(CommonMethodsAndUtilities.java:207)
at CommonMethodsAndUtilities.CommonMethodsAndUtilities.getRandomValue(CommonMethodsAndUtilities.java:207)
at CommonMethodsAndUtilities.CommonMethodsAndUtilities.getRandomValue(CommonMethodsAndUtilities.java:207)
at CommonMethodsAndUtilities.CommonMethodsAndUtilities.getRandomValue(CommonMethodsAndUtilities.java:207)
at CommonMethodsAndUtilities.CommonMethodsAndUtilities.getRandomValue(CommonMethodsAndUtilities.java:207)
at CommonMethodsAndUtilities.CommonMethodsAndUtilities.getRandomValue(CommonMethodsAndUtilities.java:207)
at CommonMethodsAndUtilities.CommonMethodsAndUtilities.getRandomValue(CommonMethodsAndUtilities.java:207)
at CommonMethodsAndUtilities.CommonMethodsAndUtilities.getRandomValue(CommonMethodsAndUtilities.java:207)
at CommonMethodsAndUtilities.CommonMethodsAndUtilities.getRandomValue(CommonMethodsAndUtilities.java:207)
at CommonMethodsAndUtilities.CommonMethodsAndUtilities.getRandomValue(CommonMethodsAndUtilities.java:207)
at CommonMethodsAndUtilities.CommonMethodsAndUtilities.getRandomValue(CommonMethodsAndUtilities.java:207)
at CommonMethodsAndUtilities.CommonMethodsAndUtilities.getRandomValue(CommonMethodsAndUtilities.java:207)
at CommonMethodsAndUtilities.CommonMethodsAndUtilities.getRandomValue(CommonMethodsAndUtilities.java:207)
at CommonMethodsAndUtilities.CommonMethodsAndUtilities.getRandomValue(CommonMethodsAndUtilities.java:207)
at CommonMethodsAndUtilities.CommonMethodsAndUtilities.getRandomValue(CommonMethodsAndUtilities.java:207)
at CommonMethodsAndUtilities.CommonMethodsAndUtilities.getRandomValue(CommonMethodsAndUtilities.java:207)
at CommonMethodsAndUtilities.CommonMethodsAndUtilities.getRandomValue(CommonMethodsAndUtilities.java:207)
at CommonMethodsAndUtilities.CommonMethodsAndUtilities.getRandomValue(CommonMethodsAndUtilities.java:207)
at CommonMethodsAndUtilities.CommonMethodsAndUtilities.getRandomValue(CommonMethodsAndUtilities.java:207)
at CommonMethodsAndUtilities.CommonMethodsAndUtilities.getRandomValue(CommonMethodsAndUtilities.java:207)
at CommonMethodsAndUtilities.CommonMethodsAndUtilities.getRandomValue(CommonMethodsAndUtilities.java:207)
at CommonMethodsAndUtilities.CommonMethodsAndUtilities.getRandomValue(CommonMethodsAndUtilities.java:207)
at CommonMethodsAndUtilities.CommonMethodsAndUtilities.getRandomValue(CommonMethodsAndUtilities.java:207)
at CommonMethodsAndUtilities.CommonMethodsAndUtilities.getRandomValue(CommonMethodsAndUtilities.java:207)
at CommonMethodsAndUtilities.CommonMethodsAndUtilities.getRandomValue(CommonMethodsAndUtilities.java:207)
at CommonMethodsAndUtilities.CommonMethodsAndUtilities.getRandomValue(CommonMethodsAndUtilities.java:207)
at CommonMethodsAndUtilities.CommonMethodsAndUtilities.getRandomValue(CommonMethodsAndUtilities.java:207)
at CommonMethodsAndUtilities.CommonMethodsAndUtilities.getRandomValue(CommonMethodsAndUtilities.java:207)
at CommonMethodsAndUtilities.CommonMethodsAndUtilities.getRandomValue(CommonMethodsAndUtilities.java:207)
at CommonMethodsAndUtilities.CommonMethodsAndUtilities.getRandomValue(CommonMethodsAndUtilities.java:207)
at CommonMethodsAndUtilities.CommonMethodsAndUtilities.getRandomValue(CommonMethodsAndUtilities.java:207)
at CommonMethodsAndUtilities.CommonMethodsAndUtilities.getRandomValue(CommonMethodsAndUtilities.java:207)
at CommonMethodsAndUtilities.CommonMethodsAndUtilities.getRandomValue(CommonMethodsAndUtilities.java:207)
at CommonMethodsAndUtilities.CommonMethodsAndUtilities.getRandomValue(CommonMethodsAndUtilities.java:207)
at CommonMethodsAndUtilities.CommonMethodsAndUtilities.getRandomValue(CommonMethodsAndUtilities.java:207)
at CommonMethodsAndUtilities.CommonMethodsAndUtilities.getRandomValue(CommonMethodsAndUtilities.java:207)
at CommonMethodsAndUtilities.CommonMethodsAndUtilities.getRandomValue(CommonMethodsAndUtilities.java:207)
at CommonMethodsAndUtilities.CommonMethodsAndUtilities.getRandomValue(CommonMethodsAndUtilities.java:207)
at CommonMethodsAndUtilities.CommonMethodsAndUtilities.getRandomValue(CommonMethodsAndUtilities.java:207)
at CommonMethodsAndUtilities.CommonMethodsAndUtilities.getRandomValue(CommonMethodsAndUtilities.java:207)
at CommonMethodsAndUtilities.CommonMethodsAndUtilities.getRandomValue(CommonMethodsAndUtilities.java:207)
at CommonMethodsAndUtilities.CommonMethodsAndUtilities.getRandomValue(CommonMethodsAndUtilities.java:207)
at CommonMethodsAndUtilities.CommonMethodsAndUtilities.getRandomValue(CommonMethodsAndUtilities.java:207)
at CommonMethodsAndUtilities.CommonMethodsAndUtilities.getRandomValue(CommonMethodsAndUtilities.java:207)
at CommonMethodsAndUtilities.CommonMethodsAndUtilities.getRandomValue(CommonMethodsAndUtilities.java:207)
at CommonMethodsAndUtilities.CommonMethodsAndUtilities.getRandomValue(CommonMethodsAndUtilities.java:207)
at CommonMethodsAndUtilities.CommonMethodsAndUtilities.getRandomValue(CommonMethodsAndUtilities.java:207)
at CommonMethodsAndUtilities.CommonMethodsAndUtilities.getRandomValue(CommonMethodsAndUtilities.java:207)
at CommonMethodsAndUtilities.CommonMethodsAndUtilities.getRandomValue(CommonMethodsAndUtilities.java:207)
at CommonMethodsAndUtilities.CommonMethodsAndUtilities.getRandomValue(CommonMethodsAndUtilities.java:207)
at CommonMethodsAndUtilities.CommonMethodsAndUtilities.getRandomValue(CommonMethodsAndUtilities.java:207)
at CommonMethodsAndUtilities.CommonMethodsAndUtilities.getRandomValue(CommonMethodsAndUtilities.java:207)
at CommonMethodsAndUtilities.CommonMethodsAndUtilities.getRandomValue(CommonMethodsAndUtilities.java:207)
at CommonMethodsAndUtilities.CommonMethodsAndUtilities.getRandomValue(CommonMethodsAndUtilities.java:207)
at CommonMethodsAndUtilities.CommonMethodsAndUtilities.getRandomValue(CommonMethodsAndUtilities.java:207)
at CommonMethodsAndUtilities.CommonMethodsAndUtilities.getRandomValue(CommonMethodsAndUtilities.java:207)
at CommonMethodsAndUtilities.CommonMethodsAndUtilities.getRandomValue(CommonMethodsAndUtilities.java:207)
at CommonMethodsAndUtilities.CommonMethodsAndUtilities.getRandomValue(CommonMethodsAndUtilities.java:207)
at CommonMethodsAndUtilities.CommonMethodsAndUtilities.getRandomValue(CommonMethodsAndUtilities.java:207)
at CommonMethodsAndUtilities.CommonMethodsAndUtilities.getRandomValue(CommonMethodsAndUtilities.java:207)
at CommonMethodsAndUtilities.CommonMethodsAndUtilities.getRandomValue(CommonMethodsAndUtilities.java:207)
at CommonMethodsAndUtilities.CommonMethodsAndUtilities.getRandomValue(CommonMethodsAndUtilities.java:207)
at CommonMethodsAndUtilities.CommonMethodsAndUtilities.getRandomValue(CommonMethodsAndUtilities.java:207)
at CommonMethodsAndUtilities.CommonMethodsAndUtilities.getRandomValue(CommonMethodsAndUtilities.java:207)
at CommonMethodsAndUtilities.CommonMethodsAndUtilities.getRandomValue(CommonMethodsAndUtilities.java:207)
at CommonMethodsAndUtilities.CommonMethodsAndUtilities.getRandomValue(CommonMethodsAndUtilities.java:207)
at CommonMethodsAndUtilities.CommonMethodsAndUtilities.getRandomValue(CommonMethodsAndUtilities.java:207)
at CommonMethodsAndUtilities.CommonMethodsAndUtilities.getRandomValue(CommonMethodsAndUtilities.java:207)
at CommonMethodsAndUtilities.CommonMethodsAndUtilities.getRandomValue(CommonMethodsAndUtilities.java:207)
at CommonMethodsAndUtilities.CommonMethodsAndUtilities.getRandomValue(CommonMethodsAndUtilities.java:207)
at CommonMethodsAndUtilities.CommonMethodsAndUtilities.getRandomValue(CommonMethodsAndUtilities.java:207)
at CommonMethodsAndUtilities.CommonMethodsAndUtilities.getRandomValue(CommonMethodsAndUtilities.java:207)
at CommonMethodsAndUtilities.CommonMethodsAndUtilities.getRandomValue(CommonMethodsAndUtilities.java:207)
at CommonMethodsAndUtilities.CommonMethodsAndUtilities.getRandomValue(CommonMethodsAndUtilities.java:207)
at CommonMethodsAndUtilities.CommonMethodsAndUtilities.getRandomValue(CommonMethodsAndUtilities.java:207)
at CommonMethodsAndUtilities.CommonMethodsAndUtilities.getRandomValue(CommonMethodsAndUtilities.java:207)
at CommonMethodsAndUtilities.CommonMethodsAndUtilities.getRandomValue(CommonMethodsAndUtilities.java:207)
at CommonMethodsAndUtilities.CommonMethodsAndUtilities.getRandomValue(CommonMethodsAndUtilities.java:207)
at CommonMethodsAndUtilities.CommonMethodsAndUtilities.getRandomValue(CommonMethodsAndUtilities.java:207)
at CommonMethodsAndUtilities.CommonMethodsAndUtilities.getRandomValue(CommonMethodsAndUtilities.java:207)
at CommonMethodsAndUtilities.CommonMethodsAndUtilities.getRandomValue(CommonMethodsAndUtilities.java:207)
at CommonMethodsAndUtilities.CommonMethodsAndUtilities.getRandomValue(CommonMethodsAndUtilities.java:207)
at CommonMethodsAndUtilities.CommonMethodsAndUtilities.getRandomValue(CommonMethodsAndUtilities.java:207)
at CommonMethodsAndUtilities.CommonMethodsAndUtilities.getRandomValue(CommonMethodsAndUtilities.java:207)
at CommonMethodsAndUtilities.CommonMethodsAndUtilities.getRandomValue(CommonMethodsAndUtilities.java:207)
at CommonMethodsAndUtilities.CommonMethodsAndUtilities.getRandomValue(CommonMethodsAndUtilities.java:207)
at CommonMethodsAndUtilities.CommonMethodsAndUtilities.getRandomValue(CommonMethodsAndUtilities.java:207)
at CommonMethodsAndUtilities.CommonMethodsAndUtilities.getRandomValue(CommonMethodsAndUtilities.java:207)
at CommonMethodsAndUtilities.CommonMethodsAndUtilities.getRandomValue(CommonMethodsAndUtilities.java:207)
at CommonMethodsAndUtilities.CommonMethodsAndUtilities.getRandomValue(CommonMethodsAndUtilities.java:207)
at CommonMethodsAndUtilities.CommonMethodsAndUtilities.getRandomValue(CommonMethodsAndUtilities.java:207)
at CommonMethodsAndUtilities.CommonMethodsAndUtilities.getRandomValue(CommonMethodsAndUtilities.java:207)
at CommonMethodsAndUtilities.CommonMethodsAndUtilities.getRandomValue(CommonMethodsAndUtilities.java:207)
at CommonMethodsAndUtilities.CommonMethodsAndUtilities.getRandomValue(CommonMethodsAndUtilities.java:207)
at CommonMethodsAndUtilities.CommonMethodsAndUtilities.getRandomValue(CommonMethodsAndUtilities.java:207)
at CommonMethodsAndUtilities.CommonMethodsAndUtilities.getRandomValue(CommonMethodsAndUtilities.java:207)
at CommonMethodsAndUtilities.CommonMethodsAndUtilities.getRandomValue(CommonMethodsAndUtilities.java:207)
at CommonMethodsAndUtilities.CommonMethodsAndUtilities.getRandomValue(CommonMethodsAndUtilities.java:207)
at CommonMethodsAndUtilities.CommonMethodsAndUtilities.getRandomValue(CommonMethodsAndUtilities.java:207)
at CommonMethodsAndUtilities.CommonMethodsAndUtilities.getRandomValue(CommonMethodsAndUtilities.java:207)
at CommonMethodsAndUtilities.CommonMethodsAndUtilities.getRandomValue(CommonMethodsAndUtilities.java:207)
at CommonMethodsAndUtilities.CommonMethodsAndUtilities.getRandomValue(CommonMethodsAndUtilities.java:207)
at CommonMethodsAndUtilities.CommonMethodsAndUtilities.getRandomValue(CommonMethodsAndUtilities.java:207)
at CommonMethodsAndUtilities.CommonMethodsAndUtilities.getRandomValue(CommonMethodsAndUtilities.java:207)
at CommonMethodsAndUtilities.CommonMethodsAndUtilities.getRandomValue(CommonMethodsAndUtilities.java:207)
at CommonMethodsAndUtilities.CommonMethodsAndUtilities.getRandomValue(CommonMethodsAndUtilities.java:207)
at CommonMethodsAndUtilities.CommonMethodsAndUtilities.getRandomValue(CommonMethodsAndUtilities.java:207)
at CommonMethodsAndUtilities.CommonMethodsAndUtilities.getRandomValue(CommonMethodsAndUtilities.java:207)
at CommonMethodsAndUtilities.CommonMethodsAndUtilities.getRandomValue(CommonMethodsAndUtilities.java:207)
at CommonMethodsAndUtilities.CommonMethodsAndUtilities.getRandomValue(CommonMethodsAndUtilities.java:207)
at CommonMethodsAndUtilities.CommonMethodsAndUtilities.getRandomValue(CommonMethodsAndUtilities.java:207)
at CommonMethodsAndUtilities.CommonMethodsAndUtilities.getRandomValue(CommonMethodsAndUtilities.java:207)
at CommonMethodsAndUtilities.CommonMethodsAndUtilities.getRandomValue(CommonMethodsAndUtilities.java:207)
at CommonMethodsAndUtilities.CommonMethodsAndUtilities.getRandomValue(CommonMethodsAndUtilities.java:207)
at CommonMethodsAndUtilities.CommonMethodsAndUtilities.getRandomValue(CommonMethodsAndUtilities.java:207)
at CommonMethodsAndUtilities.CommonMethodsAndUtilities.getRandomValue(CommonMethodsAndUtilities.java:207)
at CommonMethodsAndUtilities.CommonMethodsAndUtilities.getRandomValue(CommonMethodsAndUtilities.java:207)
at CommonMethodsAndUtilities.CommonMethodsAndUtilities.getRandomValue(CommonMethodsAndUtilities.java:207)
at CommonMethodsAndUtilities.CommonMethodsAndUtilities.getRandomValue(CommonMethodsAndUtilities.java:207)
at CommonMethodsAndUtilities.CommonMethodsAndUtilities.getRandomValue(CommonMethodsAndUtilities.java:207)
at CommonMethodsAndUtilities.CommonMethodsAndUtilities.getRandomValue(CommonMethodsAndUtilities.java:207)
at CommonMethodsAndUtilities.CommonMethodsAndUtilities.getRandomValue(CommonMethodsAndUtilities.java:207)
at CommonMethodsAndUtilities.CommonMethodsAndUtilities.getRandomValue(CommonMethodsAndUtilities.java:207)
at CommonMethodsAndUtilities.CommonMethodsAndUtilities.getRandomValue(CommonMethodsAndUtilities.java:207)
at CommonMethodsAndUtilities.CommonMethodsAndUtilities.getRandomValue(CommonMethodsAndUtilities.java:207)
at CommonMethodsAndUtilities.CommonMethodsAndUtilities.getRandomValue(CommonMethodsAndUtilities.java:207)
at CommonMethodsAndUtilities.CommonMethodsAndUtilities.getRandomValue(CommonMethodsAndUtilities.java:207)
at CommonMethodsAndUtilities.CommonMethodsAndUtilities.getRandomValue(CommonMethodsAndUtilities.java:207)
at CommonMethodsAndUtilities.CommonMethodsAndUtilities.getRandomValue(CommonMethodsAndUtilities.java:207)
at CommonMethodsAndUtilities.CommonMethodsAndUtilities.getRandomValue(CommonMethodsAndUtilities.java:207)
at CommonMethodsAndUtilities.CommonMethodsAndUtilities.getRandomValue(CommonMethodsAndUtilities.java:207)
at CommonMethodsAndUtilities.CommonMethodsAndUtilities.getRandomValue(CommonMethodsAndUtilities.java:207)
at CommonMethodsAndUtilities.CommonMethodsAndUtilities.getRandomValue(CommonMethodsAndUtilities.java:207)
at CommonMethodsAndUtilities.CommonMethodsAndUtilities.getRandomValue(CommonMethodsAndUtilities.java:207)
at CommonMethodsAndUtilities.CommonMethodsAndUtilities.getRandomValue(CommonMethodsAndUtilities.java:207)
at CommonMethodsAndUtilities.CommonMethodsAndUtilities.getRandomValue(CommonMethodsAndUtilities.java:207)
at CommonMethodsAndUtilities.CommonMethodsAndUtilities.getRandomValue(CommonMethodsAndUtilities.java:207)
at CommonMethodsAndUtilities.CommonMethodsAndUtilities.getRandomValue(CommonMethodsAndUtilities.java:207)
at CommonMethodsAndUtilities.CommonMethodsAndUtilities.getRandomValue(CommonMethodsAndUtilities.java:207)
at CommonMethodsAndUtilities.CommonMethodsAndUtilities.getRandomValue(CommonMethodsAndUtilities.java:207)
at CommonMethodsAndUtilities.CommonMethodsAndUtilities.getRandomValue(CommonMethodsAndUtilities.java:207)
at CommonMethodsAndUtilities.CommonMethodsAndUtilities.getRandomValue(CommonMethodsAndUtilities.java:207)
at CommonMethodsAndUtilities.CommonMethodsAndUtilities.getRandomValue(CommonMethodsAndUtilities.java:207)
at CommonMethodsAndUtilities.CommonMethodsAndUtilities.getRandomValue(CommonMethodsAndUtilities.java:207)
at CommonMethodsAndUtilities.CommonMethodsAndUtilities.getRandomValue(CommonMethodsAndUtilities.java:207)
at CommonMethodsAndUtilities.CommonMethodsAndUtilities.getRandomValue(CommonMethodsAndUtilities.java:207)
at CommonMethodsAndUtilities.CommonMethodsAndUtilities.getRandomValue(CommonMethodsAndUtilities.java:207)
at CommonMethodsAndUtilities.CommonMethodsAndUtilities.getRandomValue(CommonMethodsAndUtilities.java:207)
at CommonMethodsAndUtilities.CommonMethodsAndUtilities.getRandomValue(CommonMethodsAndUtilities.java:207)
at CommonMethodsAndUtilities.CommonMethodsAndUtilities.getRandomValue(CommonMethodsAndUtilities.java:207)
at CommonMethodsAndUtilities.CommonMethodsAndUtilities.getRandomValue(CommonMethodsAndUtilities.java:207)
at CommonMethodsAndUtilities.CommonMethodsAndUtilities.getRandomValue(CommonMethodsAndUtilities.java:207)
at CommonMethodsAndUtilities.CommonMethodsAndUtilities.getRandomValue(CommonMethodsAndUtilities.java:207)
at CommonMethodsAndUtilities.CommonMethodsAndUtilities.getRandomValue(CommonMethodsAndUtilities.java:207)
at CommonMethodsAndUtilities.CommonMethodsAndUtilities.getRandomValue(CommonMethodsAndUtilities.java:207)
at CommonMethodsAndUtilities.CommonMethodsAndUtilities.getRandomValue(CommonMethodsAndUtilities.java:207)
at CommonMethodsAndUtilities.CommonMethodsAndUtilities.getRandomValue(CommonMethodsAndUtilities.java:207)
at CommonMethodsAndUtilities.CommonMethodsAndUtilities.getRandomValue(CommonMethodsAndUtilities.java:207)
at CommonMethodsAndUtilities.CommonMethodsAndUtilities.getRandomValue(CommonMethodsAndUtilities.java:207)
at CommonMethodsAndUtilities.CommonMethodsAndUtilities.getRandomValue(CommonMethodsAndUtilities.java:207)
at CommonMethodsAndUtilities.CommonMethodsAndUtilities.getRandomValue(CommonMethodsAndUtilities.java:207)
at CommonMethodsAndUtilities.CommonMethodsAndUtilities.getRandomValue(CommonMethodsAndUtilities.java:207)
at CommonMethodsAndUtilities.CommonMethodsAndUtilities.getRandomValue(CommonMethodsAndUtilities.java:207)
at CommonMethodsAndUtilities.CommonMethodsAndUtilities.getRandomValue(CommonMethodsAndUtilities.java:207)
at CommonMethodsAndUtilities.CommonMethodsAndUtilities.getRandomValue(CommonMethodsAndUtilities.java:207)
at CommonMethodsAndUtilities.CommonMethodsAndUtilities.getRandomValue(CommonMethodsAndUtilities.java:207)
at CommonMethodsAndUtilities.CommonMethodsAndUtilities.getRandomValue(CommonMethodsAndUtilities.java:207)
at CommonMethodsAndUtilities.CommonMethodsAndUtilities.getRandomValue(CommonMethodsAndUtilities.java:207)
at CommonMethodsAndUtilities.CommonMethodsAndUtilities.getRandomValue(CommonMethodsAndUtilities.java:207)
at CommonMethodsAndUtilities.CommonMethodsAndUtilities.getRandomValue(CommonMethodsAndUtilities.java:207)
at CommonMethodsAndUtilities.CommonMethodsAndUtilities.getRandomValue(CommonMethodsAndUtilities.java:207)
at CommonMethodsAndUtilities.CommonMethodsAndUtilities.getRandomValue(CommonMethodsAndUtilities.java:207)
at CommonMethodsAndUtilities.CommonMethodsAndUtilities.getRandomValue(CommonMethodsAndUtilities.java:207)
at CommonMethodsAndUtilities.CommonMethodsAndUtilities.getRandomValue(CommonMethodsAndUtilities.java:207)
at CommonMethodsAndUtilities.CommonMethodsAndUtilities.getRandomValue(CommonMethodsAndUtilities.java:207)
at CommonMethodsAndUtilities.CommonMethodsAndUtilities.getRandomValue(CommonMethodsAndUtilities.java:207)
at CommonMethodsAndUtilities.CommonMethodsAndUtilities.getRandomValue(CommonMethodsAndUtilities.java:207)
at CommonMethodsAndUtilities.CommonMethodsAndUtilities.getRandomValue(CommonMethodsAndUtilities.java:207)
at CommonMethodsAndUtilities.CommonMethodsAndUtilities.getRandomValue(CommonMethodsAndUtilities.java:207)
at CommonMethodsAndUtilities.CommonMethodsAndUtilities.getRandomValue(CommonMethodsAndUtilities.java:207)
at CommonMethodsAndUtilities.CommonMethodsAndUtilities.getRandomValue(CommonMethodsAndUtilities.java:207)
at CommonMethodsAndUtilities.CommonMethodsAndUtilities.getRandomValue(CommonMethodsAndUtilities.java:207)
at CommonMethodsAndUtilities.CommonMethodsAndUtilities.getRandomValue(CommonMethodsAndUtilities.java:207)
at CommonMethodsAndUtilities.CommonMethodsAndUtilities.getRandomValue(CommonMethodsAndUtilities.java:207)
at CommonMethodsAndUtilities.CommonMethodsAndUtilities.getRandomValue(CommonMethodsAndUtilities.java:207)
at CommonMethodsAndUtilities.CommonMethodsAndUtilities.getRandomValue(CommonMethodsAndUtilities.java:207)
at CommonMethodsAndUtilities.CommonMethodsAndUtilities.getRandomValue(CommonMethodsAndUtilities.java:207)
at CommonMethodsAndUtilities.CommonMethodsAndUtilities.getRandomValue(CommonMethodsAndUtilities.java:207)
at CommonMethodsAndUtilities.CommonMethodsAndUtilities.getRandomValue(CommonMethodsAndUtilities.java:207)
at CommonMethodsAndUtilities.CommonMethodsAndUtilities.getRandomValue(CommonMethodsAndUtilities.java:207)
at CommonMethodsAndUtilities.CommonMethodsAndUtilities.getRandomValue(CommonMethodsAndUtilities.java:207)
at CommonMethodsAndUtilities.CommonMethodsAndUtilities.getRandomValue(CommonMethodsAndUtilities.java:207)
at CommonMethodsAndUtilities.CommonMethodsAndUtilities.getRandomValue(CommonMethodsAndUtilities.java:207)
at CommonMethodsAndUtilities.CommonMethodsAndUtilities.getRandomValue(CommonMethodsAndUtilities.java:207)
at CommonMethodsAndUtilities.CommonMethodsAndUtilities.getRandomValue(CommonMethodsAndUtilities.java:207)
at CommonMethodsAndUtilities.CommonMethodsAndUtilities.getRandomValue(CommonMethodsAndUtilities.java:207)
at CommonMethodsAndUtilities.CommonMethodsAndUtilities.getRandomValue(CommonMethodsAndUtilities.java:207)
at CommonMethodsAndUtilities.CommonMethodsAndUtilities.getRandomValue(CommonMethodsAndUtilities.java:207)
at CommonMethodsAndUtilities.CommonMethodsAndUtilities.getRandomValue(CommonMethodsAndUtilities.java:207)
at CommonMethodsAndUtilities.CommonMethodsAndUtilities.getRandomValue(CommonMethodsAndUtilities.java:207)
at CommonMethodsAndUtilities.CommonMethodsAndUtilities.getRandomValue(CommonMethodsAndUtilities.java:207)
at CommonMethodsAndUtilities.CommonMethodsAndUtilities.getRandomValue(CommonMethodsAndUtilities.java:207)
at CommonMethodsAndUtilities.CommonMethodsAndUtilities.getRandomValue(CommonMethodsAndUtilities.java:207)
at CommonMethodsAndUtilities.CommonMethodsAndUtilities.getRandomValue(CommonMethodsAndUtilities.java:207)
at CommonMethodsAndUtilities.CommonMethodsAndUtilities.getRandomValue(CommonMethodsAndUtilities.java:207)
at CommonMethodsAndUtilities.CommonMethodsAndUtilities.getRandomValue(CommonMethodsAndUtilities.java:207)
at CommonMethodsAndUtilities.CommonMethodsAndUtilities.getRandomValue(CommonMethodsAndUtilities.java:207)
at CommonMethodsAndUtilities.CommonMethodsAndUtilities.getRandomValue(CommonMethodsAndUtilities.java:207)
at CommonMethodsAndUtilities.CommonMethodsAndUtilities.getRandomValue(CommonMethodsAndUtilities.java:207)
at CommonMethodsAndUtilities.CommonMethodsAndUtilities.getRandomValue(CommonMethodsAndUtilities.java:207)
at CommonMethodsAndUtilities.CommonMethodsAndUtilities.getRandomValue(CommonMethodsAndUtilities.java:207)
at CommonMethodsAndUtilities.CommonMethodsAndUtilities.getRandomValue(CommonMethodsAndUtilities.java:207)
at CommonMethodsAndUtilities.CommonMethodsAndUtilities.getRandomValue(CommonMethodsAndUtilities.java:207)
at CommonMethodsAndUtilities.CommonMethodsAndUtilities.getRandomValue(CommonMethodsAndUtilities.java:207)
at CommonMethodsAndUtilities.CommonMethodsAndUtilities.getRandomValue(CommonMethodsAndUtilities.java:207)
at CommonMethodsAndUtilities.CommonMethodsAndUtilities.getRandomValue(CommonMethodsAndUtilities.java:207)
at CommonMethodsAndUtilities.CommonMethodsAndUtilities.getRandomValue(CommonMethodsAndUtilities.java:207)
at CommonMethodsAndUtilities.CommonMethodsAndUtilities.getRandomValue(CommonMethodsAndUtilities.java:207)
at CommonMethodsAndUtilities.CommonMethodsAndUtilities.getRandomValue(CommonMethodsAndUtilities.java:207)
at CommonMethodsAndUtilities.CommonMethodsAndUtilities.getRandomValue(CommonMethodsAndUtilities.java:207)
at CommonMethodsAndUtilities.CommonMethodsAndUtilities.getRandomValue(CommonMethodsAndUtilities.java:207)
at CommonMethodsAndUtilities.CommonMethodsAndUtilities.getRandomValue(CommonMethodsAndUtilities.java:207)
at CommonMethodsAndUtilities.CommonMethodsAndUtilities.getRandomValue(CommonMethodsAndUtilities.java:207)
at CommonMethodsAndUtilities.CommonMethodsAndUtilities.getRandomValue(CommonMethodsAndUtilities.java:207)
at CommonMethodsAndUtilities.CommonMethodsAndUtilities.getRandomValue(CommonMethodsAndUtilities.java:207)
at CommonMethodsAndUtilities.CommonMethodsAndUtilities.getRandomValue(CommonMethodsAndUtilities.java:207)
at CommonMethodsAndUtilities.CommonMethodsAndUtilities.getRandomValue(CommonMethodsAndUtilities.java:207)
at CommonMethodsAndUtilities.CommonMethodsAndUtilities.getRandomValue(CommonMethodsAndUtilities.java:207)
at CommonMethodsAndUtilities.CommonMethodsAndUtilities.getRandomValue(CommonMethodsAndUtilities.java:207)
at CommonMethodsAndUtilities.CommonMethodsAndUtilities.getRandomValue(CommonMethodsAndUtilities.java:207)
at CommonMethodsAndUtilities.CommonMethodsAndUtilities.getRandomValue(CommonMethodsAndUtilities.java:207)
at CommonMethodsAndUtilities.CommonMethodsAndUtilities.getRandomValue(CommonMethodsAndUtilities.java:207)
at CommonMethodsAndUtilities.CommonMethodsAndUtilities.getRandomValue(CommonMethodsAndUtilities.java:207)
at CommonMethodsAndUtilities.CommonMethodsAndUtilities.getRandomValue(CommonMethodsAndUtilities.java:207)
at CommonMethodsAndUtilities.CommonMethodsAndUtilities.getRandomValue(CommonMethodsAndUtilities.java:207)
at CommonMethodsAndUtilities.CommonMethodsAndUtilities.getRandomValue(CommonMethodsAndUtilities.java:207)
at CommonMethodsAndUtilities.CommonMethodsAndUtilities.getRandomValue(CommonMethodsAndUtilities.java:207)
at CommonMethodsAndUtilities.CommonMethodsAndUtilities.getRandomValue(CommonMethodsAndUtilities.java:207)
at CommonMethodsAndUtilities.CommonMethodsAndUtilities.getRandomValue(CommonMethodsAndUtilities.java:207)
at CommonMethodsAndUtilities.CommonMethodsAndUtilities.getRandomValue(CommonMethodsAndUtilities.java:207)
at CommonMethodsAndUtilities.CommonMethodsAndUtilities.getRandomValue(CommonMethodsAndUtilities.java:207)
at CommonMethodsAndUtilities.CommonMethodsAndUtilities.getRandomValue(CommonMethodsAndUtilities.java:207)
at CommonMethodsAndUtilities.CommonMethodsAndUtilities.getRandomValue(CommonMethodsAndUtilities.java:207)
at CommonMethodsAndUtilities.CommonMethodsAndUtilities.getRandomValue(CommonMethodsAndUtilities.java:207)
at CommonMethodsAndUtilities.CommonMethodsAndUtilities.getRandomValue(CommonMethodsAndUtilities.java:207)
at CommonMethodsAndUtilities.CommonMethodsAndUtilities.getRandomValue(CommonMethodsAndUtilities.java:207)
at CommonMethodsAndUtilities.CommonMethodsAndUtilities.getRandomValue(CommonMethodsAndUtilities.java:207)
at CommonMethodsAndUtilities.CommonMethodsAndUtilities.getRandomValue(CommonMethodsAndUtilities.java:207)
at CommonMethodsAndUtilities.CommonMethodsAndUtilities.getRandomValue(CommonMethodsAndUtilities.java:207)
at CommonMethodsAndUtilities.CommonMethodsAndUtilities.getRandomValue(CommonMethodsAndUtilities.java:207)
at CommonMethodsAndUtilities.CommonMethodsAndUtilities.getRandomValue(CommonMethodsAndUtilities.java:207)
at CommonMethodsAndUtilities.CommonMethodsAndUtilities.getRandomValue(CommonMethodsAndUtilities.java:207)
at CommonMethodsAndUtilities.CommonMethodsAndUtilities.getRandomValue(CommonMethodsAndUtilities.java:207)
at CommonMethodsAndUtilities.CommonMethodsAndUtilities.getRandomValue(CommonMethodsAndUtilities.java:207)
at CommonMethodsAndUtilities.CommonMethodsAndUtilities.getRandomValue(CommonMethodsAndUtilities.java:207)
at CommonMethodsAndUtilities.CommonMethodsAndUtilities.getRandomValue(CommonMethodsAndUtilities.java:207)
at CommonMethodsAndUtilities.CommonMethodsAndUtilities.getRandomValue(CommonMethodsAndUtilities.java:207)
at CommonMethodsAndUtilities.CommonMethodsAndUtilities.getRandomValue(CommonMethodsAndUtilities.java:207)
at CommonMethodsAndUtilities.CommonMethodsAndUtilities.getRandomValue(CommonMethodsAndUtilities.java:207)
at CommonMethodsAndUtilities.CommonMethodsAndUtilities.getRandomValue(CommonMethodsAndUtilities.java:207)
at CommonMethodsAndUtilities.CommonMethodsAndUtilities.getRandomValue(CommonMethodsAndUtilities.java:207)
at CommonMethodsAndUtilities.CommonMethodsAndUtilities.getRandomValue(CommonMethodsAndUtilities.java:207)
at CommonMethodsAndUtilities.CommonMethodsAndUtilities.getRandomValue(CommonMethodsAndUtilities.java:207)
at CommonMethodsAndUtilities.CommonMethodsAndUtilities.getRandomValue(CommonMethodsAndUtilities.java:207)
at CommonMethodsAndUtilities.CommonMethodsAndUtilities.getRandomValue(CommonMethodsAndUtilities.java:207)
at CommonMethodsAndUtilities.CommonMethodsAndUtilities.getRandomValue(CommonMethodsAndUtilities.java:207)
at CommonMethodsAndUtilities.CommonMethodsAndUtilities.getRandomValue(CommonMethodsAndUtilities.java:207)
at CommonMethodsAndUtilities.CommonMethodsAndUtilities.getRandomValue(CommonMethodsAndUtilities.java:207)
at CommonMethodsAndUtilities.CommonMethodsAndUtilities.getRandomValue(CommonMethodsAndUtilities.java:207)
at CommonMethodsAndUtilities.CommonMethodsAndUtilities.getRandomValue(CommonMethodsAndUtilities.java:207)
at CommonMethodsAndUtilities.CommonMethodsAndUtilities.getRandomValue(CommonMethodsAndUtilities.java:207)
at CommonMethodsAndUtilities.CommonMethodsAndUtilities.getRandomValue(CommonMethodsAndUtilities.java:207)
at CommonMethodsAndUtilities.CommonMethodsAndUtilities.getRandomValue(CommonMethodsAndUtilities.java:207)
at CommonMethodsAndUtilities.CommonMethodsAndUtilities.getRandomValue(CommonMethodsAndUtilities.java:207)
at CommonMethodsAndUtilities.CommonMethodsAndUtilities.getRandomValue(CommonMethodsAndUtilities.java:207)
at CommonMethodsAndUtilities.CommonMethodsAndUtilities.getRandomValue(CommonMethodsAndUtilities.java:207)
at CommonMethodsAndUtilities.CommonMethodsAndUtilities.getRandomValue(CommonMethodsAndUtilities.java:207)
at CommonMethodsAndUtilities.CommonMethodsAndUtilities.getRandomValue(CommonMethodsAndUtilities.java:207)
at CommonMethodsAndUtilities.CommonMethodsAndUtilities.getRandomValue(CommonMethodsAndUtilities.java:207)
at CommonMethodsAndUtilities.CommonMethodsAndUtilities.getRandomValue(CommonMethodsAndUtilities.java:207)
at CommonMethodsAndUtilities.CommonMethodsAndUtilities.getRandomValue(CommonMethodsAndUtilities.java:207)
at CommonMethodsAndUtilities.CommonMethodsAndUtilities.getRandomValue(CommonMethodsAndUtilities.java:207)
at CommonMethodsAndUtilities.CommonMethodsAndUtilities.getRandomValue(CommonMethodsAndUtilities.java:207)
at CommonMethodsAndUtilities.CommonMethodsAndUtilities.getRandomValue(CommonMethodsAndUtilities.java:207)
at CommonMethodsAndUtilities.CommonMethodsAndUtilities.getRandomValue(CommonMethodsAndUtilities.java:207)
at CommonMethodsAndUtilities.CommonMethodsAndUtilities.getRandomValue(CommonMethodsAndUtilities.java:207)
at CommonMethodsAndUtilities.CommonMethodsAndUtilities.getRandomValue(CommonMethodsAndUtilities.java:207)
at CommonMethodsAndUtilities.CommonMethodsAndUtilities.getRandomValue(CommonMethodsAndUtilities.java:207)
at CommonMethodsAndUtilities.CommonMethodsAndUtilities.getRandomValue(CommonMethodsAndUtilities.java:207)
at CommonMethodsAndUtilities.CommonMethodsAndUtilities.getRandomValue(CommonMethodsAndUtilities.java:207)
at CommonMethodsAndUtilities.CommonMethodsAndUtilities.getRandomValue(CommonMethodsAndUtilities.java:207)
at CommonMethodsAndUtilities.CommonMethodsAndUtilities.getRandomValue(CommonMethodsAndUtilities.java:207)
at CommonMethodsAndUtilities.CommonMethodsAndUtilities.getRandomValue(CommonMethodsAndUtilities.java:207)
at CommonMethodsAndUtilities.CommonMethodsAndUtilities.getRandomValue(CommonMethodsAndUtilities.java:207)
at CommonMethodsAndUtilities.CommonMethodsAndUtilities.getRandomValue(CommonMethodsAndUtilities.java:207)
at CommonMethodsAndUtilities.CommonMethodsAndUtilities.getRandomValue(CommonMethodsAndUtilities.java:207)
at CommonMethodsAndUtilities.CommonMethodsAndUtilities.getRandomValue(CommonMethodsAndUtilities.java:207)
at CommonMethodsAndUtilities.CommonMethodsAndUtilities.getRandomValue(CommonMethodsAndUtilities.java:207)
at CommonMethodsAndUtilities.CommonMethodsAndUtilities.getRandomValue(CommonMethodsAndUtilities.java:207)
at CommonMethodsAndUtilities.CommonMethodsAndUtilities.getRandomValue(CommonMethodsAndUtilities.java:207)
at CommonMethodsAndUtilities.CommonMethodsAndUtilities.getRandomValue(CommonMethodsAndUtilities.java:207)
at CommonMethodsAndUtilities.CommonMethodsAndUtilities.getRandomValue(CommonMethodsAndUtilities.java:207)
at CommonMethodsAndUtilities.CommonMethodsAndUtilities.getRandomValue(CommonMethodsAndUtilities.java:207)
at CommonMethodsAndUtilities.CommonMethodsAndUtilities.getRandomValue(CommonMethodsAndUtilities.java:207)
at CommonMethodsAndUtilities.CommonMethodsAndUtilities.getRandomValue(CommonMethodsAndUtilities.java:207)
at CommonMethodsAndUtilities.CommonMethodsAndUtilities.getRandomValue(CommonMethodsAndUtilities.java:207)
at CommonMethodsAndUtilities.CommonMethodsAndUtilities.getRandomValue(CommonMethodsAndUtilities.java:207)
at CommonMethodsAndUtilities.CommonMethodsAndUtilities.getRandomValue(CommonMethodsAndUtilities.java:207)
at CommonMethodsAndUtilities.CommonMethodsAndUtilities.getRandomValue(CommonMethodsAndUtilities.java:207)
at CommonMethodsAndUtilities.CommonMethodsAndUtilities.getRandomValue(CommonMethodsAndUtilities.java:207)
at CommonMethodsAndUtilities.CommonMethodsAndUtilities.getRandomValue(CommonMethodsAndUtilities.java:207)
at CommonMethodsAndUtilities.CommonMethodsAndUtilities.getRandomValue(CommonMethodsAndUtilities.java:207)
at CommonMethodsAndUtilities.CommonMethodsAndUtilities.getRandomValue(CommonMethodsAndUtilities.java:207)
at CommonMethodsAndUtilities.CommonMethodsAndUtilities.getRandomValue(CommonMethodsAndUtilities.java:207)
at CommonMethodsAndUtilities.CommonMethodsAndUtilities.getRandomValue(CommonMethodsAndUtilities.java:207)
at CommonMethodsAndUtilities.CommonMethodsAndUtilities.getRandomValue(CommonMethodsAndUtilities.java:207)
at CommonMethodsAndUtilities.CommonMethodsAndUtilities.getRandomValue(CommonMethodsAndUtilities.java:207)
at CommonMethodsAndUtilities.CommonMethodsAndUtilities.getRandomValue(CommonMethodsAndUtilities.java:207)
at CommonMethodsAndUtilities.CommonMethodsAndUtilities.getRandomValue(CommonMethodsAndUtilities.java:207)
at CommonMethodsAndUtilities.CommonMethodsAndUtilities.getRandomValue(CommonMethodsAndUtilities.java:207)
at CommonMethodsAndUtilities.CommonMethodsAndUtilities.getRandomValue(CommonMethodsAndUtilities.java:207)
at CommonMethodsAndUtilities.CommonMethodsAndUtilities.getRandomValue(CommonMethodsAndUtilities.java:207)
at CommonMethodsAndUtilities.CommonMethodsAndUtilities.getRandomValue(CommonMethodsAndUtilities.java:207)
at CommonMethodsAndUtilities.CommonMethodsAndUtilities.getRandomValue(CommonMethodsAndUtilities.java:207)
at CommonMethodsAndUtilities.CommonMethodsAndUtilities.getRandomValue(CommonMethodsAndUtilities.java:207)
at CommonMethodsAndUtilities.CommonMethodsAndUtilities.getRandomValue(CommonMethodsAndUtilities.java:207)
at CommonMethodsAndUtilities.CommonMethodsAndUtilities.getRandomValue(CommonMethodsAndUtilities.java:207)
at CommonMethodsAndUtilities.CommonMethodsAndUtilities.getRandomValue(CommonMethodsAndUtilities.java:207)
at CommonMethodsAndUtilities.CommonMethodsAndUtilities.getRandomValue(CommonMethodsAndUtilities.java:207)
at CommonMethodsAndUtilities.CommonMethodsAndUtilities.getRandomValue(CommonMethodsAndUtilities.java:207)
at CommonMethodsAndUtilities.CommonMethodsAndUtilities.getRandomValue(CommonMethodsAndUtilities.java:207)
at CommonMethodsAndUtilities.CommonMethodsAndUtilities.getRandomValue(CommonMethodsAndUtilities.java:207)
at CommonMethodsAndUtilities.CommonMethodsAndUtilities.getRandomValue(CommonMethodsAndUtilities.java:207)
at CommonMethodsAndUtilities.CommonMethodsAndUtilities.getRandomValue(CommonMethodsAndUtilities.java:207)
at CommonMethodsAndUtilities.CommonMethodsAndUtilities.getRandomValue(CommonMethodsAndUtilities.java:207)
at CommonMethodsAndUtilities.CommonMethodsAndUtilities.getRandomValue(CommonMethodsAndUtilities.java:207)
at CommonMethodsAndUtilities.CommonMethodsAndUtilities.getRandomValue(CommonMethodsAndUtilities.java:207)
at CommonMethodsAndUtilities.CommonMethodsAndUtilities.getRandomValue(CommonMethodsAndUtilities.java:207)
at CommonMethodsAndUtilities.CommonMethodsAndUtilities.getRandomValue(CommonMethodsAndUtilities.java:207)
at CommonMethodsAndUtilities.CommonMethodsAndUtilities.getRandomValue(CommonMethodsAndUtilities.java:207)
at CommonMethodsAndUtilities.CommonMethodsAndUtilities.getRandomValue(CommonMethodsAndUtilities.java:207)
at CommonMethodsAndUtilities.CommonMethodsAndUtilities.getRandomValue(CommonMethodsAndUtilities.java:207)
at CommonMethodsAndUtilities.CommonMethodsAndUtilities.getRandomValue(CommonMethodsAndUtilities.java:207)
at CommonMethodsAndUtilities.CommonMethodsAndUtilities.getRandomValue(CommonMethodsAndUtilities.java:207)
at CommonMethodsAndUtilities.CommonMethodsAndUtilities.getRandomValue(CommonMethodsAndUtilities.java:207)
at CommonMethodsAndUtilities.CommonMethodsAndUtilities.getRandomValue(CommonMethodsAndUtilities.java:207)
at CommonMethodsAndUtilities.CommonMethodsAndUtilities.getRandomValue(CommonMethodsAndUtilities.java:207)
at CommonMethodsAndUtilities.CommonMethodsAndUtilities.getRandomValue(CommonMethodsAndUtilities.java:207)
at CommonMethodsAndUtilities.CommonMethodsAndUtilities.getRandomValue(CommonMethodsAndUtilities.java:207)
at CommonMethodsAndUtilities.CommonMethodsAndUtilities.getRandomValue(CommonMethodsAndUtilities.java:207)
at CommonMethodsAndUtilities.CommonMethodsAndUtilities.getRandomValue(CommonMethodsAndUtilities.java:207)
at CommonMethodsAndUtilities.CommonMethodsAndUtilities.getRandomValue(CommonMethodsAndUtilities.java:207)
at CommonMethodsAndUtilities.CommonMethodsAndUtilities.getRandomValue(CommonMethodsAndUtilities.java:207)
at CommonMethodsAndUtilities.CommonMethodsAndUtilities.getRandomValue(CommonMethodsAndUtilities.java:207)
at CommonMethodsAndUtilities.CommonMethodsAndUtilities.getRandomValue(CommonMethodsAndUtilities.java:207)
at CommonMethodsAndUtilities.CommonMethodsAndUtilities.getRandomValue(CommonMethodsAndUtilities.java:207)
at CommonMethodsAndUtilities.CommonMethodsAndUtilities.getRandomValue(CommonMethodsAndUtilities.java:207)
at CommonMethodsAndUtilities.CommonMethodsAndUtilities.getRandomValue(CommonMethodsAndUtilities.java:207)
at CommonMethodsAndUtilities.CommonMethodsAndUtilities.getRandomValue(CommonMethodsAndUtilities.java:207)
at CommonMethodsAndUtilities.CommonMethodsAndUtilities.getRandomValue(CommonMethodsAndUtilities.java:207)
at CommonMethodsAndUtilities.CommonMethodsAndUtilities.getRandomValue(CommonMethodsAndUtilities.java:207)
at CommonMethodsAndUtilities.CommonMethodsAndUtilities.getRandomValue(CommonMethodsAndUtilities.java:207)
at CommonMethodsAndUtilities.CommonMethodsAndUtilities.getRandomValue(CommonMethodsAndUtilities.java:207)
at CommonMethodsAndUtilities.CommonMethodsAndUtilities.getRandomValue(CommonMethodsAndUtilities.java:207)
at CommonMethodsAndUtilities.CommonMethodsAndUtilities.getRandomValue(CommonMethodsAndUtilities.java:207)
at CommonMethodsAndUtilities.CommonMethodsAndUtilities.getRandomValue(CommonMethodsAndUtilities.java:207)
at CommonMethodsAndUtilities.CommonMethodsAndUtilities.getRandomValue(CommonMethodsAndUtilities.java:207)
at CommonMethodsAndUtilities.CommonMethodsAndUtilities.getRandomValue(CommonMethodsAndUtilities.java:207)
at CommonMethodsAndUtilities.CommonMethodsAndUtilities.getRandomValue(CommonMethodsAndUtilities.java:207)
at CommonMethodsAndUtilities.CommonMethodsAndUtilities.getRandomValue(CommonMethodsAndUtilities.java:207)
at CommonMethodsAndUtilities.CommonMethodsAndUtilities.getRandomValue(CommonMethodsAndUtilities.java:207)
at CommonMethodsAndUtilities.CommonMethodsAndUtilities.getRandomValue(CommonMethodsAndUtilities.java:207)
at CommonMethodsAndUtilities.CommonMethodsAndUtilities.getRandomValue(CommonMethodsAndUtilities.java:207)
at CommonMethodsAndUtilities.CommonMethodsAndUtilities.getRandomValue(CommonMethodsAndUtilities.java:207)
at CommonMethodsAndUtilities.CommonMethodsAndUtilities.getRandomValue(CommonMethodsAndUtilities.java:207)
at CommonMethodsAndUtilities.CommonMethodsAndUtilities.getRandomValue(CommonMethodsAndUtilities.java:207)
at CommonMethodsAndUtilities.CommonMethodsAndUtilities.getRandomValue(CommonMethodsAndUtilities.java:207)
at CommonMethodsAndUtilities.CommonMethodsAndUtilities.getRandomValue(CommonMethodsAndUtilities.java:207)
at CommonMethodsAndUtilities.CommonMethodsAndUtilities.getRandomValue(CommonMethodsAndUtilities.java:207)
at CommonMethodsAndUtilities.CommonMethodsAndUtilities.getRandomValue(CommonMethodsAndUtilities.java:207)
at CommonMethodsAndUtilities.CommonMethodsAndUtilities.getRandomValue(CommonMethodsAndUtilities.java:207)
at CommonMethodsAndUtilities.CommonMethodsAndUtilities.getRandomValue(CommonMethodsAndUtilities.java:207)
at CommonMethodsAndUtilities.CommonMethodsAndUtilities.getRandomValue(CommonMethodsAndUtilities.java:207)
at CommonMethodsAndUtilities.CommonMethodsAndUtilities.getRandomValue(CommonMethodsAndUtilities.java:207)
at CommonMethodsAndUtilities.CommonMethodsAndUtilities.getRandomValue(CommonMethodsAndUtilities.java:207)
at CommonMethodsAndUtilities.CommonMethodsAndUtilities.getRandomValue(CommonMethodsAndUtilities.java:207)
at CommonMethodsAndUtilities.CommonMethodsAndUtilities.getRandomValue(CommonMethodsAndUtilities.java:207)
at CommonMethodsAndUtilities.CommonMethodsAndUtilities.getRandomValue(CommonMethodsAndUtilities.java:207)
at CommonMethodsAndUtilities.CommonMethodsAndUtilities.getRandomValue(CommonMethodsAndUtilities.java:207)
at CommonMethodsAndUtilities.CommonMethodsAndUtilities.getRandomValue(CommonMethodsAndUtilities.java:207)
at CommonMethodsAndUtilities.CommonMethodsAndUtilities.getRandomValue(CommonMethodsAndUtilities.java:207)
at CommonMethodsAndUtilities.CommonMethodsAndUtilities.getRandomValue(CommonMethodsAndUtilities.java:207)
at CommonMethodsAndUtilities.CommonMethodsAndUtilities.getRandomValue(CommonMethodsAndUtilities.java:207)
at CommonMethodsAndUtilities.CommonMethodsAndUtilities.getRandomValue(CommonMethodsAndUtilities.java:207)
at CommonMethodsAndUtilities.CommonMethodsAndUtilities.getRandomValue(CommonMethodsAndUtilities.java:207)
at CommonMethodsAndUtilities.CommonMethodsAndUtilities.getRandomValue(CommonMethodsAndUtilities.java:207)
at CommonMethodsAndUtilities.CommonMethodsAndUtilities.getRandomValue(CommonMethodsAndUtilities.java:207)
at CommonMethodsAndUtilities.CommonMethodsAndUtilities.getRandomValue(CommonMethodsAndUtilities.java:207)
at CommonMethodsAndUtilities.CommonMethodsAndUtilities.getRandomValue(CommonMethodsAndUtilities.java:207)
at CommonMethodsAndUtilities.CommonMethodsAndUtilities.getRandomValue(CommonMethodsAndUtilities.java:207)
at CommonMethodsAndUtilities.CommonMethodsAndUtilities.getRandomValue(CommonMethodsAndUtilities.java:207)
at CommonMethodsAndUtilities.CommonMethodsAndUtilities.getRandomValue(CommonMethodsAndUtilities.java:207)
at CommonMethodsAndUtilities.CommonMethodsAndUtilities.getRandomValue(CommonMethodsAndUtilities.java:207)
at CommonMethodsAndUtilities.CommonMethodsAndUtilities.getRandomValue(CommonMethodsAndUtilities.java:207)
at CommonMethodsAndUtilities.CommonMethodsAndUtilities.getRandomValue(CommonMethodsAndUtilities.java:207)
at CommonMethodsAndUtilities.CommonMethodsAndUtilities.getRandomValue(CommonMethodsAndUtilities.java:207)
at CommonMethodsAndUtilities.CommonMethodsAndUtilities.getRandomValue(CommonMethodsAndUtilities.java:207)
at CommonMethodsAndUtilities.CommonMethodsAndUtilities.getRandomValue(CommonMethodsAndUtilities.java:207)
at CommonMethodsAndUtilities.CommonMethodsAndUtilities.getRandomValue(CommonMethodsAndUtilities.java:207)
at CommonMethodsAndUtilities.CommonMethodsAndUtilities.getRandomValue(CommonMethodsAndUtilities.java:207)
at CommonMethodsAndUtilities.CommonMethodsAndUtilities.getRandomValue(CommonMethodsAndUtilities.java:207)
at CommonMethodsAndUtilities.CommonMethodsAndUtilities.getRandomValue(CommonMethodsAndUtilities.java:207)
at CommonMethodsAndUtilities.CommonMethodsAndUtilities.getRandomValue(CommonMethodsAndUtilities.java:207)
at CommonMethodsAndUtilities.CommonMethodsAndUtilities.getRandomValue(CommonMethodsAndUtilities.java:207)
at CommonMethodsAndUtilities.CommonMethodsAndUtilities.getRandomValue(CommonMethodsAndUtilities.java:207)
at CommonMethodsAndUtilities.CommonMethodsAndUtilities.getRandomValue(CommonMethodsAndUtilities.java:207)
at CommonMethodsAndUtilities.CommonMethodsAndUtilities.getRandomValue(CommonMethodsAndUtilities.java:207)
at CommonMethodsAndUtilities.CommonMethodsAndUtilities.getRandomValue(CommonMethodsAndUtilities.java:207)
at CommonMethodsAndUtilities.CommonMethodsAndUtilities.getRandomValue(CommonMethodsAndUtilities.java:207)
at CommonMethodsAndUtilities.CommonMethodsAndUtilities.getRandomValue(CommonMethodsAndUtilities.java:207)
at CommonMethodsAndUtilities.CommonMethodsAndUtilities.getRandomValue(CommonMethodsAndUtilities.java:207)
at CommonMethodsAndUtilities.CommonMethodsAndUtilities.getRandomValue(CommonMethodsAndUtilities.java:207)
at CommonMethodsAndUtilities.CommonMethodsAndUtilities.getRandomValue(CommonMethodsAndUtilities.java:207)
at CommonMethodsAndUtilities.CommonMethodsAndUtilities.getRandomValue(CommonMethodsAndUtilities.java:207)
at CommonMethodsAndUtilities.CommonMethodsAndUtilities.getRandomValue(CommonMethodsAndUtilities.java:207)
at CommonMethodsAndUtilities.CommonMethodsAndUtilities.getRandomValue(CommonMethodsAndUtilities.java:207)
at CommonMethodsAndUtilities.CommonMethodsAndUtilities.getRandomValue(CommonMethodsAndUtilities.java:207)
at CommonMethodsAndUtilities.CommonMethodsAndUtilities.getRandomValue(CommonMethodsAndUtilities.java:207)
at CommonMethodsAndUtilities.CommonMethodsAndUtilities.getRandomValue(CommonMethodsAndUtilities.java:207)
at CommonMethodsAndUtilities.CommonMethodsAndUtilities.getRandomValue(CommonMethodsAndUtilities.java:207)
at CommonMethodsAndUtilities.CommonMethodsAndUtilities.getRandomValue(CommonMethodsAndUtilities.java:207)
at CommonMethodsAndUtilities.CommonMethodsAndUtilities.getRandomValue(CommonMethodsAndUtilities.java:207)
at CommonMethodsAndUtilities.CommonMethodsAndUtilities.getRandomValue(CommonMethodsAndUtilities.java:207)
at CommonMethodsAndUtilities.CommonMethodsAndUtilities.getRandomValue(CommonMethodsAndUtilities.java:207)
at CommonMethodsAndUtilities.CommonMethodsAndUtilities.getRandomValue(CommonMethodsAndUtilities.java:207)
at CommonMethodsAndUtilities.CommonMethodsAndUtilities.getRandomValue(CommonMethodsAndUtilities.java:207)
at CommonMethodsAndUtilities.CommonMethodsAndUtilities.getRandomValue(CommonMethodsAndUtilities.java:207)
at CommonMethodsAndUtilities.CommonMethodsAndUtilities.getRandomValue(CommonMethodsAndUtilities.java:207)
at CommonMethodsAndUtilities.CommonMethodsAndUtilities.getRandomValue(CommonMethodsAndUtilities.java:207)
at CommonMethodsAndUtilities.CommonMethodsAndUtilities.getRandomValue(CommonMethodsAndUtilities.java:207)
at CommonMethodsAndUtilities.CommonMethodsAndUtilities.getRandomValue(CommonMethodsAndUtilities.java:207)
at CommonMethodsAndUtilities.CommonMethodsAndUtilities.getRandomValue(CommonMethodsAndUtilities.java:207)
at CommonMethodsAndUtilities.CommonMethodsAndUtilities.getRandomValue(CommonMethodsAndUtilities.java:207)
at CommonMethodsAndUtilities.CommonMethodsAndUtilities.getRandomValue(CommonMethodsAndUtilities.java:207)
at CommonMethodsAndUtilities.CommonMethodsAndUtilities.getRandomValue(CommonMethodsAndUtilities.java:207)
at CommonMethodsAndUtilities.CommonMethodsAndUtilities.getRandomValue(CommonMethodsAndUtilities.java:207)
at CommonMethodsAndUtilities.CommonMethodsAndUtilities.getRandomValue(CommonMethodsAndUtilities.java:207)
at CommonMethodsAndUtilities.CommonMethodsAndUtilities.getRandomValue(CommonMethodsAndUtilities.java:207)
at CommonMethodsAndUtilities.CommonMethodsAndUtilities.getRandomValue(CommonMethodsAndUtilities.java:207)
at CommonMethodsAndUtilities.CommonMethodsAndUtilities.getRandomValue(CommonMethodsAndUtilities.java:207)
at CommonMethodsAndUtilities.CommonMethodsAndUtilities.getRandomValue(CommonMethodsAndUtilities.java:207)
at CommonMethodsAndUtilities.CommonMethodsAndUtilities.getRandomValue(CommonMethodsAndUtilities.java:207)
at CommonMethodsAndUtilities.CommonMethodsAndUtilities.getRandomValue(CommonMethodsAndUtilities.java:207)
at CommonMethodsAndUtilities.CommonMethodsAndUtilities.getRandomValue(CommonMethodsAndUtilities.java:207)
at CommonMethodsAndUtilities.CommonMethodsAndUtilities.getRandomValue(CommonMethodsAndUtilities.java:207)
at CommonMethodsAndUtilities.CommonMethodsAndUtilities.getRandomValue(CommonMethodsAndUtilities.java:207)
at CommonMethodsAndUtilities.CommonMethodsAndUtilities.getRandomValue(CommonMethodsAndUtilities.java:207)
at CommonMethodsAndUtilities.CommonMethodsAndUtilities.getRandomValue(CommonMethodsAndUtilities.java:207)
at CommonMethodsAndUtilities.CommonMethodsAndUtilities.getRandomValue(CommonMethodsAndUtilities.java:207)
at CommonMethodsAndUtilities.CommonMethodsAndUtilities.getRandomValue(CommonMethodsAndUtilities.java:207)
at CommonMethodsAndUtilities.CommonMethodsAndUtilities.getRandomValue(CommonMethodsAndUtilities.java:207)
at CommonMethodsAndUtilities.CommonMethodsAndUtilities.getRandomValue(CommonMethodsAndUtilities.java:207)
at CommonMethodsAndUtilities.CommonMethodsAndUtilities.getRandomValue(CommonMethodsAndUtilities.java:207)
at CommonMethodsAndUtilities.CommonMethodsAndUtilities.getRandomValue(CommonMethodsAndUtilities.java:207)
at CommonMethodsAndUtilities.CommonMethodsAndUtilities.getRandomValue(CommonMethodsAndUtilities.java:207)
at CommonMethodsAndUtilities.CommonMethodsAndUtilities.getRandomValue(CommonMethodsAndUtilities.java:207)
at CommonMethodsAndUtilities.CommonMethodsAndUtilities.getRandomValue(CommonMethodsAndUtilities.java:207)
at CommonMethodsAndUtilities.CommonMethodsAndUtilities.getRandomValue(CommonMethodsAndUtilities.java:207)
at CommonMethodsAndUtilities.CommonMethodsAndUtilities.getRandomValue(CommonMethodsAndUtilities.java:207)
at CommonMethodsAndUtilities.CommonMethodsAndUtilities.getRandomValue(CommonMethodsAndUtilities.java:207)
at CommonMethodsAndUtilities.CommonMethodsAndUtilities.getRandomValue(CommonMethodsAndUtilities.java:207)
at CommonMethodsAndUtilities.CommonMethodsAndUtilities.getRandomValue(CommonMethodsAndUtilities.java:207)
at CommonMethodsAndUtilities.CommonMethodsAndUtilities.getRandomValue(CommonMethodsAndUtilities.java:207)
at CommonMethodsAndUtilities.CommonMethodsAndUtilities.getRandomValue(CommonMethodsAndUtilities.java:207)
at CommonMethodsAndUtilities.CommonMethodsAndUtilities.getRandomValue(CommonMethodsAndUtilities.java:207)
at CommonMethodsAndUtilities.CommonMethodsAndUtilities.getRandomValue(CommonMethodsAndUtilities.java:207)
at CommonMethodsAndUtilities.CommonMethodsAndUtilities.getRandomValue(CommonMethodsAndUtilities.java:207)
at CommonMethodsAndUtilities.CommonMethodsAndUtilities.getRandomValue(CommonMethodsAndUtilities.java:207)
at CommonMethodsAndUtilities.CommonMethodsAndUtilities.getRandomValue(CommonMethodsAndUtilities.java:207)
at CommonMethodsAndUtilities.CommonMethodsAndUtilities.getRandomValue(CommonMethodsAndUtilities.java:207)
at CommonMethodsAndUtilities.CommonMethodsAndUtilities.getRandomValue(CommonMethodsAndUtilities.java:207)
at CommonMethodsAndUtilities.CommonMethodsAndUtilities.getRandomValue(CommonMethodsAndUtilities.java:207)
at CommonMethodsAndUtilities.CommonMethodsAndUtilities.getRandomValue(CommonMethodsAndUtilities.java:207)
at CommonMethodsAndUtilities.CommonMethodsAndUtilities.getRandomValue(CommonMethodsAndUtilities.java:207)
at CommonMethodsAndUtilities.CommonMethodsAndUtilities.getRandomValue(CommonMethodsAndUtilities.java:207)
at CommonMethodsAndUtilities.CommonMethodsAndUtilities.getRandomValue(CommonMethodsAndUtilities.java:207)
at CommonMethodsAndUtilities.CommonMethodsAndUtilities.getRandomValue(CommonMethodsAndUtilities.java:207)
at CommonMethodsAndUtilities.CommonMethodsAndUtilities.getRandomValue(CommonMethodsAndUtilities.java:207)
at CommonMethodsAndUtilities.CommonMethodsAndUtilities.getRandomValue(CommonMethodsAndUtilities.java:207)
at CommonMethodsAndUtilities.CommonMethodsAndUtilities.getRandomValue(CommonMethodsAndUtilities.java:207)
at CommonMethodsAndUtilities.CommonMethodsAndUtilities.getRandomValue(CommonMethodsAndUtilities.java:207)
at CommonMethodsAndUtilities.CommonMethodsAndUtilities.getRandomValue(CommonMethodsAndUtilities.java:207)
at CommonMethodsAndUtilities.CommonMethodsAndUtilities.getRandomValue(CommonMethodsAndUtilities.java:207)
at CommonMethodsAndUtilities.CommonMethodsAndUtilities.getRandomValue(CommonMethodsAndUtilities.java:207)
at CommonMethodsAndUtilities.CommonMethodsAndUtilities.getRandomValue(CommonMethodsAndUtilities.java:207)
at CommonMethodsAndUtilities.CommonMethodsAndUtilities.getRandomValue(CommonMethodsAndUtilities.java:207)
at CommonMethodsAndUtilities.CommonMethodsAndUtilities.getRandomValue(CommonMethodsAndUtilities.java:207)
at CommonMethodsAndUtilities.CommonMethodsAndUtilities.getRandomValue(CommonMethodsAndUtilities.java:207)
at CommonMethodsAndUtilities.CommonMethodsAndUtilities.getRandomValue(CommonMethodsAndUtilities.java:207)
at CommonMethodsAndUtilities.CommonMethodsAndUtilities.getRandomValue(CommonMethodsAndUtilities.java:207)
at CommonMethodsAndUtilities.CommonMethodsAndUtilities.getRandomValue(CommonMethodsAndUtilities.java:207)
at CommonMethodsAndUtilities.CommonMethodsAndUtilities.getRandomValue(CommonMethodsAndUtilities.java:207)
at CommonMethodsAndUtilities.CommonMethodsAndUtilities.getRandomValue(CommonMethodsAndUtilities.java:207)
at CommonMethodsAndUtilities.CommonMethodsAndUtilities.getRandomValue(CommonMethodsAndUtilities.java:207)
at CommonMethodsAndUtilities.CommonMethodsAndUtilities.getRandomValue(CommonMethodsAndUtilities.java:207)
at CommonMethodsAndUtilities.CommonMethodsAndUtilities.getRandomValue(CommonMethodsAndUtilities.java:207)
at CommonMethodsAndUtilities.CommonMethodsAndUtilities.getRandomValue(CommonMethodsAndUtilities.java:207)
at CommonMethodsAndUtilities.CommonMethodsAndUtilities.getRandomValue(CommonMethodsAndUtilities.java:207)
at CommonMethodsAndUtilities.CommonMethodsAndUtilities.getRandomValue(CommonMethodsAndUtilities.java:207)
at CommonMethodsAndUtilities.CommonMethodsAndUtilities.getRandomValue(CommonMethodsAndUtilities.java:207)
at CommonMethodsAndUtilities.CommonMethodsAndUtilities.getRandomValue(CommonMethodsAndUtilities.java:207)
at CommonMethodsAndUtilities.CommonMethodsAndUtilities.getRandomValue(CommonMethodsAndUtilities.java:207)
at CommonMethodsAndUtilities.CommonMethodsAndUtilities.getRandomValue(CommonMethodsAndUtilities.java:207)
at CommonMethodsAndUtilities.CommonMethodsAndUtilities.getRandomValue(CommonMethodsAndUtilities.java:207)
at CommonMethodsAndUtilities.CommonMethodsAndUtilities.getRandomValue(CommonMethodsAndUtilities.java:207)
at CommonMethodsAndUtilities.CommonMethodsAndUtilities.getRandomValue(CommonMethodsAndUtilities.java:207)
at CommonMethodsAndUtilities.CommonMethodsAndUtilities.getRandomValue(CommonMethodsAndUtilities.java:207)
at CommonMethodsAndUtilities.CommonMethodsAndUtilities.getRandomValue(CommonMethodsAndUtilities.java:207)
at CommonMethodsAndUtilities.CommonMethodsAndUtilities.getRandomValue(CommonMethodsAndUtilities.java:207)
at CommonMethodsAndUtilities.CommonMethodsAndUtilities.getRandomValue(CommonMethodsAndUtilities.java:207)
at CommonMethodsAndUtilities.CommonMethodsAndUtilities.getRandomValue(CommonMethodsAndUtilities.java:207)
at CommonMethodsAndUtilities.CommonMethodsAndUtilities.getRandomValue(CommonMethodsAndUtilities.java:207)
at CommonMethodsAndUtilities.CommonMethodsAndUtilities.getRandomValue(CommonMethodsAndUtilities.java:207)
at CommonMethodsAndUtilities.CommonMethodsAndUtilities.getRandomValue(CommonMethodsAndUtilities.java:207)
at CommonMethodsAndUtilities.CommonMethodsAndUtilities.getRandomValue(CommonMethodsAndUtilities.java:207)
at CommonMethodsAndUtilities.CommonMethodsAndUtilities.getRandomValue(CommonMethodsAndUtilities.java:207)
at CommonMethodsAndUtilities.CommonMethodsAndUtilities.getRandomValue(CommonMethodsAndUtilities.java:207)
at CommonMethodsAndUtilities.CommonMethodsAndUtilities.getRandomValue(CommonMethodsAndUtilities.java:207)
at CommonMethodsAndUtilities.CommonMethodsAndUtilities.getRandomValue(CommonMethodsAndUtilities.java:207)
at CommonMethodsAndUtilities.CommonMethodsAndUtilities.getRandomValue(CommonMethodsAndUtilities.java:207)
at CommonMethodsAndUtilities.CommonMethodsAndUtilities.getRandomValue(CommonMethodsAndUtilities.java:207)
at CommonMethodsAndUtilities.CommonMethodsAndUtilities.getRandomValue(CommonMethodsAndUtilities.java:207)
at CommonMethodsAndUtilities.CommonMethodsAndUtilities.getRandomValue(CommonMethodsAndUtilities.java:207)
at CommonMethodsAndUtilities.CommonMethodsAndUtilities.getRandomValue(CommonMethodsAndUtilities.java:207)
at CommonMethodsAndUtilities.CommonMethodsAndUtilities.getRandomValue(CommonMethodsAndUtilities.java:207)
at CommonMethodsAndUtilities.CommonMethodsAndUtilities.getRandomValue(CommonMethodsAndUtilities.java:207)
at CommonMethodsAndUtilities.CommonMethodsAndUtilities.getRandomValue(CommonMethodsAndUtilities.java:207)
at CommonMethodsAndUtilities.CommonMethodsAndUtilities.getRandomValue(CommonMethodsAndUtilities.java:207)
at CommonMethodsAndUtilities.CommonMethodsAndUtilities.getRandomValue(CommonMethodsAndUtilities.java:207)
at CommonMethodsAndUtilities.CommonMethodsAndUtilities.getRandomValue(CommonMethodsAndUtilities.java:207)
at CommonMethodsAndUtilities.CommonMethodsAndUtilities.getRandomValue(CommonMethodsAndUtilities.java:207)
at CommonMethodsAndUtilities.CommonMethodsAndUtilities.getRandomValue(CommonMethodsAndUtilities.java:207)
at CommonMethodsAndUtilities.CommonMethodsAndUtilities.getRandomValue(CommonMethodsAndUtilities.java:207)
at CommonMethodsAndUtilities.CommonMethodsAndUtilities.getRandomValue(CommonMethodsAndUtilities.java:207)
at CommonMethodsAndUtilities.CommonMethodsAndUtilities.getRandomValue(CommonMethodsAndUtilities.java:207)
at CommonMethodsAndUtilities.CommonMethodsAndUtilities.getRandomValue(CommonMethodsAndUtilities.java:207)
at CommonMethodsAndUtilities.CommonMethodsAndUtilities.getRandomValue(CommonMethodsAndUtilities.java:207)
at CommonMethodsAndUtilities.CommonMethodsAndUtilities.getRandomValue(CommonMethodsAndUtilities.java:207)
at CommonMethodsAndUtilities.CommonMethodsAndUtilities.getRandomValue(CommonMethodsAndUtilities.java:207)
at CommonMethodsAndUtilities.CommonMethodsAndUtilities.getRandomValue(CommonMethodsAndUtilities.java:207)
at CommonMethodsAndUtilities.CommonMethodsAndUtilities.getRandomValue(CommonMethodsAndUtilities.java:207)
at CommonMethodsAndUtilities.CommonMethodsAndUtilities.getRandomValue(CommonMethodsAndUtilities.java:207)
at CommonMethodsAndUtilities.CommonMethodsAndUtilities.getRandomValue(CommonMethodsAndUtilities.java:207)
at CommonMethodsAndUtilities.CommonMethodsAndUtilities.getRandomValue(CommonMethodsAndUtilities.java:207)
at CommonMethodsAndUtilities.CommonMethodsAndUtilities.getRandomValue(CommonMethodsAndUtilities.java:207)
at CommonMethodsAndUtilities.CommonMethodsAndUtilities.getRandomValue(CommonMethodsAndUtilities.java:207)
at CommonMethodsAndUtilities.CommonMethodsAndUtilities.getRandomValue(CommonMethodsAndUtilities.java:207)
at CommonMethodsAndUtilities.CommonMethodsAndUtilities.getRandomValue(CommonMethodsAndUtilities.java:207)
at CommonMethodsAndUtilities.CommonMethodsAndUtilities.getRandomValue(CommonMethodsAndUtilities.java:207)
at CommonMethodsAndUtilities.CommonMethodsAndUtilities.getRandomValue(CommonMethodsAndUtilities.java:207)
at CommonMethodsAndUtilities.CommonMethodsAndUtilities.getRandomValue(CommonMethodsAndUtilities.java:207)
at CommonMethodsAndUtilities.CommonMethodsAndUtilities.getRandomValue(CommonMethodsAndUtilities.java:207)
at CommonMethodsAndUtilities.CommonMethodsAndUtilities.getRandomValue(CommonMethodsAndUtilities.java:207)
at CommonMethodsAndUtilities.CommonMethodsAndUtilities.getRandomValue(CommonMethodsAndUtilities.java:207)
at CommonMethodsAndUtilities.CommonMethodsAndUtilities.getRandomValue(CommonMethodsAndUtilities.java:207)
at CommonMethodsAndUtilities.CommonMethodsAndUtilities.getRandomValue(CommonMethodsAndUtilities.java:207)
at CommonMethodsAndUtilities.CommonMethodsAndUtilities.getRandomValue(CommonMethodsAndUtilities.java:207)
at CommonMethodsAndUtilities.CommonMethodsAndUtilities.getRandomValue(CommonMethodsAndUtilities.java:207)
at CommonMethodsAndUtilities.CommonMethodsAndUtilities.getRandomValue(CommonMethodsAndUtilities.java:207)
at CommonMethodsAndUtilities.CommonMethodsAndUtilities.getRandomValue(CommonMethodsAndUtilities.java:207)
at CommonMethodsAndUtilities.CommonMethodsAndUtilities.getRandomValue(CommonMethodsAndUtilities.java:207)
at CommonMethodsAndUtilities.CommonMethodsAndUtilities.getRandomValue(CommonMethodsAndUtilities.java:207)
at CommonMethodsAndUtilities.CommonMethodsAndUtilities.getRandomValue(CommonMethodsAndUtilities.java:207)
at CommonMethodsAndUtilities.CommonMethodsAndUtilities.getRandomValue(CommonMethodsAndUtilities.java:207)
at CommonMethodsAndUtilities.CommonMethodsAndUtilities.getRandomValue(CommonMethodsAndUtilities.java:207)
at CommonMethodsAndUtilities.CommonMethodsAndUtilities.getRandomValue(CommonMethodsAndUtilities.java:207)
at CommonMethodsAndUtilities.CommonMethodsAndUtilities.getRandomValue(CommonMethodsAndUtilities.java:207)
at CommonMethodsAndUtilities.CommonMethodsAndUtilities.getRandomValue(CommonMethodsAndUtilities.java:207)
at CommonMethodsAndUtilities.CommonMethodsAndUtilities.getRandomValue(CommonMethodsAndUtilities.java:207)
at CommonMethodsAndUtilities.CommonMethodsAndUtilities.getRandomValue(CommonMethodsAndUtilities.java:207)
at CommonMethodsAndUtilities.CommonMethodsAndUtilities.getRandomValue(CommonMethodsAndUtilities.java:207)
at CommonMethodsAndUtilities.CommonMethodsAndUtilities.getRandomValue(CommonMethodsAndUtilities.java:207)
at CommonMethodsAndUtilities.CommonMethodsAndUtilities.getRandomValue(CommonMethodsAndUtilities.java:207)
at CommonMethodsAndUtilities.CommonMethodsAndUtilities.getRandomValue(CommonMethodsAndUtilities.java:207)
at CommonMethodsAndUtilities.CommonMethodsAndUtilities.getRandomValue(CommonMethodsAndUtilities.java:207)
at CommonMethodsAndUtilities.CommonMethodsAndUtilities.getRandomValue(CommonMethodsAndUtilities.java:207)
at CommonMethodsAndUtilities.CommonMethodsAndUtilities.getRandomValue(CommonMethodsAndUtilities.java:207)
at CommonMethodsAndUtilities.CommonMethodsAndUtilities.getRandomValue(CommonMethodsAndUtilities.java:207)
at CommonMethodsAndUtilities.CommonMethodsAndUtilities.getRandomValue(CommonMethodsAndUtilities.java:207)
at CommonMethodsAndUtilities.CommonMethodsAndUtilities.getRandomValue(CommonMethodsAndUtilities.java:207)
at CommonMethodsAndUtilities.CommonMethodsAndUtilities.getRandomValue(CommonMethodsAndUtilities.java:207)
at CommonMethodsAndUtilities.CommonMethodsAndUtilities.getRandomValue(CommonMethodsAndUtilities.java:207)
at CommonMethodsAndUtilities.CommonMethodsAndUtilities.getRandomValue(CommonMethodsAndUtilities.java:207)
at CommonMethodsAndUtilities.CommonMethodsAndUtilities.getRandomValue(CommonMethodsAndUtilities.java:207)
at CommonMethodsAndUtilities.CommonMethodsAndUtilities.getRandomValue(CommonMethodsAndUtilities.java:207)
at CommonMethodsAndUtilities.CommonMethodsAndUtilities.getRandomValue(CommonMethodsAndUtilities.java:207)
at CommonMethodsAndUtilities.CommonMethodsAndUtilities.getRandomValue(CommonMethodsAndUtilities.java:207)
at CommonMethodsAndUtilities.CommonMethodsAndUtilities.getRandomValue(CommonMethodsAndUtilities.java:207)
at CommonMethodsAndUtilities.CommonMethodsAndUtilities.getRandomValue(CommonMethodsAndUtilities.java:207)
at CommonMethodsAndUtilities.CommonMethodsAndUtilities.getRandomValue(CommonMethodsAndUtilities.java:207)
at CommonMethodsAndUtilities.CommonMethodsAndUtilities.getRandomValue(CommonMethodsAndUtilities.java:207)
at CommonMethodsAndUtilities.CommonMethodsAndUtilities.getRandomValue(CommonMethodsAndUtilities.java:207)
at CommonMethodsAndUtilities.CommonMethodsAndUtilities.getRandomValue(CommonMethodsAndUtilities.java:207)
at CommonMethodsAndUtilities.CommonMethodsAndUtilities.getRandomValue(CommonMethodsAndUtilities.java:207)
at CommonMethodsAndUtilities.CommonMethodsAndUtilities.getRandomValue(CommonMethodsAndUtilities.java:207)
at CommonMethodsAndUtilities.CommonMethodsAndUtilities.getRandomValue(CommonMethodsAndUtilities.java:207)
at CommonMethodsAndUtilities.CommonMethodsAndUtilities.getRandomValue(CommonMethodsAndUtilities.java:207)
at CommonMethodsAndUtilities.CommonMethodsAndUtilities.getRandomValue(CommonMethodsAndUtilities.java:207)
at CommonMethodsAndUtilities.CommonMethodsAndUtilities.getRandomValue(CommonMethodsAndUtilities.java:207)
at CommonMethodsAndUtilities.CommonMethodsAndUtilities.getRandomValue(CommonMethodsAndUtilities.java:207)
at CommonMethodsAndUtilities.CommonMethodsAndUtilities.getRandomValue(CommonMethodsAndUtilities.java:207)
at CommonMethodsAndUtilities.CommonMethodsAndUtilities.getRandomValue(CommonMethodsAndUtilities.java:207)
at CommonMethodsAndUtilities.CommonMethodsAndUtilities.getRandomValue(CommonMethodsAndUtilities.java:207)
at CommonMethodsAndUtilities.CommonMethodsAndUtilities.getRandomValue(CommonMethodsAndUtilities.java:207)
at CommonMethodsAndUtilities.CommonMethodsAndUtilities.getRandomValue(CommonMethodsAndUtilities.java:207)
at CommonMethodsAndUtilities.CommonMethodsAndUtilities.getRandomValue(CommonMethodsAndUtilities.java:207)
at CommonMethodsAndUtilities.CommonMethodsAndUtilities.getRandomValue(CommonMethodsAndUtilities.java:207)
at CommonMethodsAndUtilities.CommonMethodsAndUtilities.getRandomValue(CommonMethodsAndUtilities.java:207)
at CommonMethodsAndUtilities.CommonMethodsAndUtilities.getRandomValue(CommonMethodsAndUtilities.java:207)
at CommonMethodsAndUtilities.CommonMethodsAndUtilities.getRandomValue(CommonMethodsAndUtilities.java:207)
at CommonMethodsAndUtilities.CommonMethodsAndUtilities.getRandomValue(CommonMethodsAndUtilities.java:207)
at CommonMethodsAndUtilities.CommonMethodsAndUtilities.getRandomValue(CommonMethodsAndUtilities.java:207)
at CommonMethodsAndUtilities.CommonMethodsAndUtilities.getRandomValue(CommonMethodsAndUtilities.java:207)
at CommonMethodsAndUtilities.CommonMethodsAndUtilities.getRandomValue(CommonMethodsAndUtilities.java:207)
at CommonMethodsAndUtilities.CommonMethodsAndUtilities.getRandomValue(CommonMethodsAndUtilities.java:207)
at CommonMethodsAndUtilities.CommonMethodsAndUtilities.getRandomValue(CommonMethodsAndUtilities.java:207)
at CommonMethodsAndUtilities.CommonMethodsAndUtilities.getRandomValue(CommonMethodsAndUtilities.java:207)
at CommonMethodsAndUtilities.CommonMethodsAndUtilities.getRandomValue(CommonMethodsAndUtilities.java:207)
at CommonMethodsAndUtilities.CommonMethodsAndUtilities.getRandomValue(CommonMethodsAndUtilities.java:207)
at CommonMethodsAndUtilities.CommonMethodsAndUtilities.getRandomValue(CommonMethodsAndUtilities.java:207)
at CommonMethodsAndUtilities.CommonMethodsAndUtilities.getRandomValue(CommonMethodsAndUtilities.java:207)
at CommonMethodsAndUtilities.CommonMethodsAndUtilities.getRandomValue(CommonMethodsAndUtilities.java:207)
at CommonMethodsAndUtilities.CommonMethodsAndUtilities.getRandomValue(CommonMethodsAndUtilities.java:207)
at CommonMethodsAndUtilities.CommonMethodsAndUtilities.getRandomValue(CommonMethodsAndUtilities.java:207)
at CommonMethodsAndUtilities.CommonMethodsAndUtilities.getRandomValue(CommonMethodsAndUtilities.java:207)
at CommonMethodsAndUtilities.CommonMethodsAndUtilities.getRandomValue(CommonMethodsAndUtilities.java:207)
at CommonMethodsAndUtilities.CommonMethodsAndUtilities.getRandomValue(CommonMethodsAndUtilities.java:207)
at CommonMethodsAndUtilities.CommonMethodsAndUtilities.getRandomValue(CommonMethodsAndUtilities.java:207)
at CommonMethodsAndUtilities.CommonMethodsAndUtilities.getRandomValue(CommonMethodsAndUtilities.java:207)
at CommonMethodsAndUtilities.CommonMethodsAndUtilities.getRandomValue(CommonMethodsAndUtilities.java:207)
at CommonMethodsAndUtilities.CommonMethodsAndUtilities.getRandomValue(CommonMethodsAndUtilities.java:207)
at CommonMethodsAndUtilities.CommonMethodsAndUtilities.getRandomValue(CommonMethodsAndUtilities.java:207)
at CommonMethodsAndUtilities.CommonMethodsAndUtilities.getRandomValue(CommonMethodsAndUtilities.java:207)
at CommonMethodsAndUtilities.CommonMethodsAndUtilities.getRandomValue(CommonMethodsAndUtilities.java:207)
at CommonMethodsAndUtilities.CommonMethodsAndUtilities.getRandomValue(CommonMethodsAndUtilities.java:207)
at CommonMethodsAndUtilities.CommonMethodsAndUtilities.getRandomValue(CommonMethodsAndUtilities.java:207)
at CommonMethodsAndUtilities.CommonMethodsAndUtilities.getRandomValue(CommonMethodsAndUtilities.java:207)
at CommonMethodsAndUtilities.CommonMethodsAndUtilities.getRandomValue(CommonMethodsAndUtilities.java:207)
at CommonMethodsAndUtilities.CommonMethodsAndUtilities.getRandomValue(CommonMethodsAndUtilities.java:207)
at CommonMethodsAndUtilities.CommonMethodsAndUtilities.getRandomValue(CommonMethodsAndUtilities.java:207)
at CommonMethodsAndUtilities.CommonMethodsAndUtilities.getRandomValue(CommonMethodsAndUtilities.java:207)
at CommonMethodsAndUtilities.CommonMethodsAndUtilities.getRandomValue(CommonMethodsAndUtilities.java:207)
at CommonMethodsAndUtilities.CommonMethodsAndUtilities.getRandomValue(CommonMethodsAndUtilities.java:207)
at CommonMethodsAndUtilities.CommonMethodsAndUtilities.getRandomValue(CommonMethodsAndUtilities.java:207)
at CommonMethodsAndUtilities.CommonMethodsAndUtilities.getRandomValue(CommonMethodsAndUtilities.java:207)
at CommonMethodsAndUtilities.CommonMethodsAndUtilities.getRandomValue(CommonMethodsAndUtilities.java:207)
at CommonMethodsAndUtilities.CommonMethodsAndUtilities.getRandomValue(CommonMethodsAndUtilities.java:207)
at CommonMethodsAndUtilities.CommonMethodsAndUtilities.getRandomValue(CommonMethodsAndUtilities.java:207)
at CommonMethodsAndUtilities.CommonMethodsAndUtilities.getRandomValue(CommonMethodsAndUtilities.java:207)
at CommonMethodsAndUtilities.CommonMethodsAndUtilities.getRandomValue(CommonMethodsAndUtilities.java:207)
at CommonMethodsAndUtilities.CommonMethodsAndUtilities.getRandomValue(CommonMethodsAndUtilities.java:207)
at CommonMethodsAndUtilities.CommonMethodsAndUtilities.getRandomValue(CommonMethodsAndUtilities.java:207)
at CommonMethodsAndUtilities.CommonMethodsAndUtilities.getRandomValue(CommonMethodsAndUtilities.java:207)
at CommonMethodsAndUtilities.CommonMethodsAndUtilities.getRandomValue(CommonMethodsAndUtilities.java:207)
at CommonMethodsAndUtilities.CommonMethodsAndUtilities.getRandomValue(CommonMethodsAndUtilities.java:207)
at CommonMethodsAndUtilities.CommonMethodsAndUtilities.getRandomValue(CommonMethodsAndUtilities.java:207)
at CommonMethodsAndUtilities.CommonMethodsAndUtilities.getRandomValue(CommonMethodsAndUtilities.java:207)
at CommonMethodsAndUtilities.CommonMethodsAndUtilities.getRandomValue(CommonMethodsAndUtilities.java:207)
at CommonMethodsAndUtilities.CommonMethodsAndUtilities.getRandomValue(CommonMethodsAndUtilities.java:207)
at CommonMethodsAndUtilities.CommonMethodsAndUtilities.getRandomValue(CommonMethodsAndUtilities.java:207)
at CommonMethodsAndUtilities.CommonMethodsAndUtilities.getRandomValue(CommonMethodsAndUtilities.java:207)
at CommonMethodsAndUtilities.CommonMethodsAndUtilities.getRandomValue(CommonMethodsAndUtilities.java:207)
at CommonMethodsAndUtilities.CommonMethodsAndUtilities.getRandomValue(CommonMethodsAndUtilities.java:207)
at CommonMethodsAndUtilities.CommonMethodsAndUtilities.getRandomValue(CommonMethodsAndUtilities.java:207)
at CommonMethodsAndUtilities.CommonMethodsAndUtilities.getRandomValue(CommonMethodsAndUtilities.java:207)
at CommonMethodsAndUtilities.CommonMethodsAndUtilities.getRandomValue(CommonMethodsAndUtilities.java:207)
at CommonMethodsAndUtilities.CommonMethodsAndUtilities.getRandomValue(CommonMethodsAndUtilities.java:207)
at CommonMethodsAndUtilities.CommonMethodsAndUtilities.getRandomValue(CommonMethodsAndUtilities.java:207)
at CommonMethodsAndUtilities.CommonMethodsAndUtilities.getRandomValue(CommonMethodsAndUtilities.java:207)
at CommonMethodsAndUtilities.CommonMethodsAndUtilities.getRandomValue(CommonMethodsAndUtilities.java:207)
at CommonMethodsAndUtilities.CommonMethodsAndUtilities.getRandomValue(CommonMethodsAndUtilities.java:207)
at CommonMethodsAndUtilities.CommonMethodsAndUtilities.getRandomValue(CommonMethodsAndUtilities.java:207)
at CommonMethodsAndUtilities.CommonMethodsAndUtilities.getRandomValue(CommonMethodsAndUtilities.java:207)
at CommonMethodsAndUtilities.CommonMethodsAndUtilities.getRandomValue(CommonMethodsAndUtilities.java:207)
at CommonMethodsAndUtilities.CommonMethodsAndUtilities.getRandomValue(CommonMethodsAndUtilities.java:207)
at CommonMethodsAndUtilities.CommonMethodsAndUtilities.getRandomValue(CommonMethodsAndUtilities.java:207)
at CommonMethodsAndUtilities.CommonMethodsAndUtilities.getRandomValue(CommonMethodsAndUtilities.java:207)
at CommonMethodsAndUtilities.CommonMethodsAndUtilities.getRandomValue(CommonMethodsAndUtilities.java:207)
at CommonMethodsAndUtilities.CommonMethodsAndUtilities.getRandomValue(CommonMethodsAndUtilities.java:207)
at CommonMethodsAndUtilities.CommonMethodsAndUtilities.getRandomValue(CommonMethodsAndUtilities.java:207)
at CommonMethodsAndUtilities.CommonMethodsAndUtilities.getRandomValue(CommonMethodsAndUtilities.java:207)
at CommonMethodsAndUtilities.CommonMethodsAndUtilities.getRandomValue(CommonMethodsAndUtilities.java:207)
at CommonMethodsAndUtilities.CommonMethodsAndUtilities.getRandomValue(CommonMethodsAndUtilities.java:207)
at CommonMethodsAndUtilities.CommonMethodsAndUtilities.getRandomValue(CommonMethodsAndUtilities.java:207)
at CommonMethodsAndUtilities.CommonMethodsAndUtilities.getRandomValue(CommonMethodsAndUtilities.java:207)
at CommonMethodsAndUtilities.CommonMethodsAndUtilities.getRandomValue(CommonMethodsAndUtilities.java:207)
at CommonMethodsAndUtilities.CommonMethodsAndUtilities.getRandomValue(CommonMethodsAndUtilities.java:207)
at CommonMethodsAndUtilities.CommonMethodsAndUtilities.getRandomValue(CommonMethodsAndUtilities.java:207)
at CommonMethodsAndUtilities.CommonMethodsAndUtilities.getRandomValue(CommonMethodsAndUtilities.java:207)
]]>
    </error>
    <system-out>
      <![CDATA[The details are logged in a file
The first product name is: Sauce Labs Backpack
The first product price is: $29.99]]>
    </system-out>
  </testcase> <!-- assertPerformanceUser -->
  <testcase classname="ApplicationTests.E2ETests" name="assertErrorUser" time="0.681">
    <system-out>
      <![CDATA[The details are logged in a file
The first product name is: Sauce Labs Backpack
The first product price is: $29.99]]>
    </system-out>
  </testcase> <!-- assertErrorUser -->
  <testcase classname="ApplicationTests.E2ETests" name="assertPerformanceUser" time="5.548">
    <error type="java.lang.StackOverflowError">
      <![CDATA[java.lang.StackOverflowError
at CommonMethodsAndUtilities.CommonMethodsAndUtilities.getRandomValue(CommonMethodsAndUtilities.java:207)
at CommonMethodsAndUtilities.CommonMethodsAndUtilities.getRandomValue(CommonMethodsAndUtilities.java:207)
at CommonMethodsAndUtilities.CommonMethodsAndUtilities.getRandomValue(CommonMethodsAndUtilities.java:207)
at CommonMethodsAndUtilities.CommonMethodsAndUtilities.getRandomValue(CommonMethodsAndUtilities.java:207)
at CommonMethodsAndUtilities.CommonMethodsAndUtilities.getRandomValue(CommonMethodsAndUtilities.java:207)
at CommonMethodsAndUtilities.CommonMethodsAndUtilities.getRandomValue(CommonMethodsAndUtilities.java:207)
at CommonMethodsAndUtilities.CommonMethodsAndUtilities.getRandomValue(CommonMethodsAndUtilities.java:207)
at CommonMethodsAndUtilities.CommonMethodsAndUtilities.getRandomValue(CommonMethodsAndUtilities.java:207)
at CommonMethodsAndUtilities.CommonMethodsAndUtilities.getRandomValue(CommonMethodsAndUtilities.java:207)
at CommonMethodsAndUtilities.CommonMethodsAndUtilities.getRandomValue(CommonMethodsAndUtilities.java:207)
at CommonMethodsAndUtilities.CommonMethodsAndUtilities.getRandomValue(CommonMethodsAndUtilities.java:207)
at CommonMethodsAndUtilities.CommonMethodsAndUtilities.getRandomValue(CommonMethodsAndUtilities.java:207)
at CommonMethodsAndUtilities.CommonMethodsAndUtilities.getRandomValue(CommonMethodsAndUtilities.java:207)
at CommonMethodsAndUtilities.CommonMethodsAndUtilities.getRandomValue(CommonMethodsAndUtilities.java:207)
at CommonMethodsAndUtilities.CommonMethodsAndUtilities.getRandomValue(CommonMethodsAndUtilities.java:207)
at CommonMethodsAndUtilities.CommonMethodsAndUtilities.getRandomValue(CommonMethodsAndUtilities.java:207)
at CommonMethodsAndUtilities.CommonMethodsAndUtilities.getRandomValue(CommonMethodsAndUtilities.java:207)
at CommonMethodsAndUtilities.CommonMethodsAndUtilities.getRandomValue(CommonMethodsAndUtilities.java:207)
at CommonMethodsAndUtilities.CommonMethodsAndUtilities.getRandomValue(CommonMethodsAndUtilities.java:207)
at CommonMethodsAndUtilities.CommonMethodsAndUtilities.getRandomValue(CommonMethodsAndUtilities.java:207)
at CommonMethodsAndUtilities.CommonMethodsAndUtilities.getRandomValue(CommonMethodsAndUtilities.java:207)
at CommonMethodsAndUtilities.CommonMethodsAndUtilities.getRandomValue(CommonMethodsAndUtilities.java:207)
at CommonMethodsAndUtilities.CommonMethodsAndUtilities.getRandomValue(CommonMethodsAndUtilities.java:207)
at CommonMethodsAndUtilities.CommonMethodsAndUtilities.getRandomValue(CommonMethodsAndUtilities.java:207)
at CommonMethodsAndUtilities.CommonMethodsAndUtilities.getRandomValue(CommonMethodsAndUtilities.java:207)
at CommonMethodsAndUtilities.CommonMethodsAndUtilities.getRandomValue(CommonMethodsAndUtilities.java:207)
at CommonMethodsAndUtilities.CommonMethodsAndUtilities.getRandomValue(CommonMethodsAndUtilities.java:207)
at CommonMethodsAndUtilities.CommonMethodsAndUtilities.getRandomValue(CommonMethodsAndUtilities.java:207)
at CommonMethodsAndUtilities.CommonMethodsAndUtilities.getRandomValue(CommonMethodsAndUtilities.java:207)
at CommonMethodsAndUtilities.CommonMethodsAndUtilities.getRandomValue(CommonMethodsAndUtilities.java:207)
at CommonMethodsAndUtilities.CommonMethodsAndUtilities.getRandomValue(CommonMethodsAndUtilities.java:207)
at CommonMethodsAndUtilities.CommonMethodsAndUtilities.getRandomValue(CommonMethodsAndUtilities.java:207)
at CommonMethodsAndUtilities.CommonMethodsAndUtilities.getRandomValue(CommonMethodsAndUtilities.java:207)
at CommonMethodsAndUtilities.CommonMethodsAndUtilities.getRandomValue(CommonMethodsAndUtilities.java:207)
at CommonMethodsAndUtilities.CommonMethodsAndUtilities.getRandomValue(CommonMethodsAndUtilities.java:207)
at CommonMethodsAndUtilities.CommonMethodsAndUtilities.getRandomValue(CommonMethodsAndUtilities.java:207)
at CommonMethodsAndUtilities.CommonMethodsAndUtilities.getRandomValue(CommonMethodsAndUtilities.java:207)
at CommonMethodsAndUtilities.CommonMethodsAndUtilities.getRandomValue(CommonMethodsAndUtilities.java:207)
at CommonMethodsAndUtilities.CommonMethodsAndUtilities.getRandomValue(CommonMethodsAndUtilities.java:207)
at CommonMethodsAndUtilities.CommonMethodsAndUtilities.getRandomValue(CommonMethodsAndUtilities.java:207)
at CommonMethodsAndUtilities.CommonMethodsAndUtilities.getRandomValue(CommonMethodsAndUtilities.java:207)
at CommonMethodsAndUtilities.CommonMethodsAndUtilities.getRandomValue(CommonMethodsAndUtilities.java:207)
at CommonMethodsAndUtilities.CommonMethodsAndUtilities.getRandomValue(CommonMethodsAndUtilities.java:207)
at CommonMethodsAndUtilities.CommonMethodsAndUtilities.getRandomValue(CommonMethodsAndUtilities.java:207)
at CommonMethodsAndUtilities.CommonMethodsAndUtilities.getRandomValue(CommonMethodsAndUtilities.java:207)
at CommonMethodsAndUtilities.CommonMethodsAndUtilities.getRandomValue(CommonMethodsAndUtilities.java:207)
at CommonMethodsAndUtilities.CommonMethodsAndUtilities.getRandomValue(CommonMethodsAndUtilities.java:207)
at CommonMethodsAndUtilities.CommonMethodsAndUtilities.getRandomValue(CommonMethodsAndUtilities.java:207)
at CommonMethodsAndUtilities.CommonMethodsAndUtilities.getRandomValue(CommonMethodsAndUtilities.java:207)
at CommonMethodsAndUtilities.CommonMethodsAndUtilities.getRandomValue(CommonMethodsAndUtilities.java:207)
at CommonMethodsAndUtilities.CommonMethodsAndUtilities.getRandomValue(CommonMethodsAndUtilities.java:207)
at CommonMethodsAndUtilities.CommonMethodsAndUtilities.getRandomValue(CommonMethodsAndUtilities.java:207)
at CommonMethodsAndUtilities.CommonMethodsAndUtilities.getRandomValue(CommonMethodsAndUtilities.java:207)
at CommonMethodsAndUtilities.CommonMethodsAndUtilities.getRandomValue(CommonMethodsAndUtilities.java:207)
at CommonMethodsAndUtilities.CommonMethodsAndUtilities.getRandomValue(CommonMethodsAndUtilities.java:207)
at CommonMethodsAndUtilities.CommonMethodsAndUtilities.getRandomValue(CommonMethodsAndUtilities.java:207)
at CommonMethodsAndUtilities.CommonMethodsAndUtilities.getRandomValue(CommonMethodsAndUtilities.java:207)
at CommonMethodsAndUtilities.CommonMethodsAndUtilities.getRandomValue(CommonMethodsAndUtilities.java:207)
at CommonMethodsAndUtilities.CommonMethodsAndUtilities.getRandomValue(CommonMethodsAndUtilities.java:207)
at CommonMethodsAndUtilities.CommonMethodsAndUtilities.getRandomValue(CommonMethodsAndUtilities.java:207)
at CommonMethodsAndUtilities.CommonMethodsAndUtilities.getRandomValue(CommonMethodsAndUtilities.java:207)
at CommonMethodsAndUtilities.CommonMethodsAndUtilities.getRandomValue(CommonMethodsAndUtilities.java:207)
at CommonMethodsAndUtilities.CommonMethodsAndUtilities.getRandomValue(CommonMethodsAndUtilities.java:207)
at CommonMethodsAndUtilities.CommonMethodsAndUtilities.getRandomValue(CommonMethodsAndUtilities.java:207)
at CommonMethodsAndUtilities.CommonMethodsAndUtilities.getRandomValue(CommonMethodsAndUtilities.java:207)
at CommonMethodsAndUtilities.CommonMethodsAndUtilities.getRandomValue(CommonMethodsAndUtilities.java:207)
at CommonMethodsAndUtilities.CommonMethodsAndUtilities.getRandomValue(CommonMethodsAndUtilities.java:207)
at CommonMethodsAndUtilities.CommonMethodsAndUtilities.getRandomValue(CommonMethodsAndUtilities.java:207)
at CommonMethodsAndUtilities.CommonMethodsAndUtilities.getRandomValue(CommonMethodsAndUtilities.java:207)
at CommonMethodsAndUtilities.CommonMethodsAndUtilities.getRandomValue(CommonMethodsAndUtilities.java:207)
at CommonMethodsAndUtilities.CommonMethodsAndUtilities.getRandomValue(CommonMethodsAndUtilities.java:207)
at CommonMethodsAndUtilities.CommonMethodsAndUtilities.getRandomValue(CommonMethodsAndUtilities.java:207)
at CommonMethodsAndUtilities.CommonMethodsAndUtilities.getRandomValue(CommonMethodsAndUtilities.java:207)
at CommonMethodsAndUtilities.CommonMethodsAndUtilities.getRandomValue(CommonMethodsAndUtilities.java:207)
at CommonMethodsAndUtilities.CommonMethodsAndUtilities.getRandomValue(CommonMethodsAndUtilities.java:207)
at CommonMethodsAndUtilities.CommonMethodsAndUtilities.getRandomValue(CommonMethodsAndUtilities.java:207)
at CommonMethodsAndUtilities.CommonMethodsAndUtilities.getRandomValue(CommonMethodsAndUtilities.java:207)
at CommonMethodsAndUtilities.CommonMethodsAndUtilities.getRandomValue(CommonMethodsAndUtilities.java:207)
at CommonMethodsAndUtilities.CommonMethodsAndUtilities.getRandomValue(CommonMethodsAndUtilities.java:207)
at CommonMethodsAndUtilities.CommonMethodsAndUtilities.getRandomValue(CommonMethodsAndUtilities.java:207)
at CommonMethodsAndUtilities.CommonMethodsAndUtilities.getRandomValue(CommonMethodsAndUtilities.java:207)
at CommonMethodsAndUtilities.CommonMethodsAndUtilities.getRandomValue(CommonMethodsAndUtilities.java:207)
at CommonMethodsAndUtilities.CommonMethodsAndUtilities.getRandomValue(CommonMethodsAndUtilities.java:207)
at CommonMethodsAndUtilities.CommonMethodsAndUtilities.getRandomValue(CommonMethodsAndUtilities.java:207)
at CommonMethodsAndUtilities.CommonMethodsAndUtilities.getRandomValue(CommonMethodsAndUtilities.java:207)
at CommonMethodsAndUtilities.CommonMethodsAndUtilities.getRandomValue(CommonMethodsAndUtilities.java:207)
at CommonMethodsAndUtilities.CommonMethodsAndUtilities.getRandomValue(CommonMethodsAndUtilities.java:207)
at CommonMethodsAndUtilities.CommonMethodsAndUtilities.getRandomValue(CommonMethodsAndUtilities.java:207)
at CommonMethodsAndUtilities.CommonMethodsAndUtilities.getRandomValue(CommonMethodsAndUtilities.java:207)
at CommonMethodsAndUtilities.CommonMethodsAndUtilities.getRandomValue(CommonMethodsAndUtilities.java:207)
at CommonMethodsAndUtilities.CommonMethodsAndUtilities.getRandomValue(CommonMethodsAndUtilities.java:207)
at CommonMethodsAndUtilities.CommonMethodsAndUtilities.getRandomValue(CommonMethodsAndUtilities.java:207)
at CommonMethodsAndUtilities.CommonMethodsAndUtilities.getRandomValue(CommonMethodsAndUtilities.java:207)
at CommonMethodsAndUtilities.CommonMethodsAndUtilities.getRandomValue(CommonMethodsAndUtilities.java:207)
at CommonMethodsAndUtilities.CommonMethodsAndUtilities.getRandomValue(CommonMethodsAndUtilities.java:207)
at CommonMethodsAndUtilities.CommonMethodsAndUtilities.getRandomValue(CommonMethodsAndUtilities.java:207)
at CommonMethodsAndUtilities.CommonMethodsAndUtilities.getRandomValue(CommonMethodsAndUtilities.java:207)
at CommonMethodsAndUtilities.CommonMethodsAndUtilities.getRandomValue(CommonMethodsAndUtilities.java:207)
at CommonMethodsAndUtilities.CommonMethodsAndUtilities.getRandomValue(CommonMethodsAndUtilities.java:207)
at CommonMethodsAndUtilities.CommonMethodsAndUtilities.getRandomValue(CommonMethodsAndUtilities.java:207)
at CommonMethodsAndUtilities.CommonMethodsAndUtilities.getRandomValue(CommonMethodsAndUtilities.java:207)
at CommonMethodsAndUtilities.CommonMethodsAndUtilities.getRandomValue(CommonMethodsAndUtilities.java:207)
at CommonMethodsAndUtilities.CommonMethodsAndUtilities.getRandomValue(CommonMethodsAndUtilities.java:207)
at CommonMethodsAndUtilities.CommonMethodsAndUtilities.getRandomValue(CommonMethodsAndUtilities.java:207)
at CommonMethodsAndUtilities.CommonMethodsAndUtilities.getRandomValue(CommonMethodsAndUtilities.java:207)
at CommonMethodsAndUtilities.CommonMethodsAndUtilities.getRandomValue(CommonMethodsAndUtilities.java:207)
at CommonMethodsAndUtilities.CommonMethodsAndUtilities.getRandomValue(CommonMethodsAndUtilities.java:207)
at CommonMethodsAndUtilities.CommonMethodsAndUtilities.getRandomValue(CommonMethodsAndUtilities.java:207)
at CommonMethodsAndUtilities.CommonMethodsAndUtilities.getRandomValue(CommonMethodsAndUtilities.java:207)
at CommonMethodsAndUtilities.CommonMethodsAndUtilities.getRandomValue(CommonMethodsAndUtilities.java:207)
at CommonMethodsAndUtilities.CommonMethodsAndUtilities.getRandomValue(CommonMethodsAndUtilities.java:207)
at CommonMethodsAndUtilities.CommonMethodsAndUtilities.getRandomValue(CommonMethodsAndUtilities.java:207)
at CommonMethodsAndUtilities.CommonMethodsAndUtilities.getRandomValue(CommonMethodsAndUtilities.java:207)
at CommonMethodsAndUtilities.CommonMethodsAndUtilities.getRandomValue(CommonMethodsAndUtilities.java:207)
at CommonMethodsAndUtilities.CommonMethodsAndUtilities.getRandomValue(CommonMethodsAndUtilities.java:207)
at CommonMethodsAndUtilities.CommonMethodsAndUtilities.getRandomValue(CommonMethodsAndUtilities.java:207)
at CommonMethodsAndUtilities.CommonMethodsAndUtilities.getRandomValue(CommonMethodsAndUtilities.java:207)
at CommonMethodsAndUtilities.CommonMethodsAndUtilities.getRandomValue(CommonMethodsAndUtilities.java:207)
at CommonMethodsAndUtilities.CommonMethodsAndUtilities.getRandomValue(CommonMethodsAndUtilities.java:207)
at CommonMethodsAndUtilities.CommonMethodsAndUtilities.getRandomValue(CommonMethodsAndUtilities.java:207)
at CommonMethodsAndUtilities.CommonMethodsAndUtilities.getRandomValue(CommonMethodsAndUtilities.java:207)
at CommonMethodsAndUtilities.CommonMethodsAndUtilities.getRandomValue(CommonMethodsAndUtilities.java:207)
at CommonMethodsAndUtilities.CommonMethodsAndUtilities.getRandomValue(CommonMethodsAndUtilities.java:207)
at CommonMethodsAndUtilities.CommonMethodsAndUtilities.getRandomValue(CommonMethodsAndUtilities.java:207)
at CommonMethodsAndUtilities.CommonMethodsAndUtilities.getRandomValue(CommonMethodsAndUtilities.java:207)
at CommonMethodsAndUtilities.CommonMethodsAndUtilities.getRandomValue(CommonMethodsAndUtilities.java:207)
at CommonMethodsAndUtilities.CommonMethodsAndUtilities.getRandomValue(CommonMethodsAndUtilities.java:207)
at CommonMethodsAndUtilities.CommonMethodsAndUtilities.getRandomValue(CommonMethodsAndUtilities.java:207)
at CommonMethodsAndUtilities.CommonMethodsAndUtilities.getRandomValue(CommonMethodsAndUtilities.java:207)
at CommonMethodsAndUtilities.CommonMethodsAndUtilities.getRandomValue(CommonMethodsAndUtilities.java:207)
at CommonMethodsAndUtilities.CommonMethodsAndUtilities.getRandomValue(CommonMethodsAndUtilities.java:207)
at CommonMethodsAndUtilities.CommonMethodsAndUtilities.getRandomValue(CommonMethodsAndUtilities.java:207)
at CommonMethodsAndUtilities.CommonMethodsAndUtilities.getRandomValue(CommonMethodsAndUtilities.java:207)
at CommonMethodsAndUtilities.CommonMethodsAndUtilities.getRandomValue(CommonMethodsAndUtilities.java:207)
at CommonMethodsAndUtilities.CommonMethodsAndUtilities.getRandomValue(CommonMethodsAndUtilities.java:207)
at CommonMethodsAndUtilities.CommonMethodsAndUtilities.getRandomValue(CommonMethodsAndUtilities.java:207)
at CommonMethodsAndUtilities.CommonMethodsAndUtilities.getRandomValue(CommonMethodsAndUtilities.java:207)
at CommonMethodsAndUtilities.CommonMethodsAndUtilities.getRandomValue(CommonMethodsAndUtilities.java:207)
at CommonMethodsAndUtilities.CommonMethodsAndUtilities.getRandomValue(CommonMethodsAndUtilities.java:207)
at CommonMethodsAndUtilities.CommonMethodsAndUtilities.getRandomValue(CommonMethodsAndUtilities.java:207)
at CommonMethodsAndUtilities.CommonMethodsAndUtilities.getRandomValue(CommonMethodsAndUtilities.java:207)
at CommonMethodsAndUtilities.CommonMethodsAndUtilities.getRandomValue(CommonMethodsAndUtilities.java:207)
at CommonMethodsAndUtilities.CommonMethodsAndUtilities.getRandomValue(CommonMethodsAndUtilities.java:207)
at CommonMethodsAndUtilities.CommonMethodsAndUtilities.getRandomValue(CommonMethodsAndUtilities.java:207)
at CommonMethodsAndUtilities.CommonMethodsAndUtilities.getRandomValue(CommonMethodsAndUtilities.java:207)
at CommonMethodsAndUtilities.CommonMethodsAndUtilities.getRandomValue(CommonMethodsAndUtilities.java:207)
at CommonMethodsAndUtilities.CommonMethodsAndUtilities.getRandomValue(CommonMethodsAndUtilities.java:207)
at CommonMethodsAndUtilities.CommonMethodsAndUtilities.getRandomValue(CommonMethodsAndUtilities.java:207)
at CommonMethodsAndUtilities.CommonMethodsAndUtilities.getRandomValue(CommonMethodsAndUtilities.java:207)
at CommonMethodsAndUtilities.CommonMethodsAndUtilities.getRandomValue(CommonMethodsAndUtilities.java:207)
at CommonMethodsAndUtilities.CommonMethodsAndUtilities.getRandomValue(CommonMethodsAndUtilities.java:207)
at CommonMethodsAndUtilities.CommonMethodsAndUtilities.getRandomValue(CommonMethodsAndUtilities.java:207)
at CommonMethodsAndUtilities.CommonMethodsAndUtilities.getRandomValue(CommonMethodsAndUtilities.java:207)
at CommonMethodsAndUtilities.CommonMethodsAndUtilities.getRandomValue(CommonMethodsAndUtilities.java:207)
at CommonMethodsAndUtilities.CommonMethodsAndUtilities.getRandomValue(CommonMethodsAndUtilities.java:207)
at CommonMethodsAndUtilities.CommonMethodsAndUtilities.getRandomValue(CommonMethodsAndUtilities.java:207)
at CommonMethodsAndUtilities.CommonMethodsAndUtilities.getRandomValue(CommonMethodsAndUtilities.java:207)
at CommonMethodsAndUtilities.CommonMethodsAndUtilities.getRandomValue(CommonMethodsAndUtilities.java:207)
at CommonMethodsAndUtilities.CommonMethodsAndUtilities.getRandomValue(CommonMethodsAndUtilities.java:207)
at CommonMethodsAndUtilities.CommonMethodsAndUtilities.getRandomValue(CommonMethodsAndUtilities.java:207)
at CommonMethodsAndUtilities.CommonMethodsAndUtilities.getRandomValue(CommonMethodsAndUtilities.java:207)
at CommonMethodsAndUtilities.CommonMethodsAndUtilities.getRandomValue(CommonMethodsAndUtilities.java:207)
at CommonMethodsAndUtilities.CommonMethodsAndUtilities.getRandomValue(CommonMethodsAndUtilities.java:207)
at CommonMethodsAndUtilities.CommonMethodsAndUtilities.getRandomValue(CommonMethodsAndUtilities.java:207)
at CommonMethodsAndUtilities.CommonMethodsAndUtilities.getRandomValue(CommonMethodsAndUtilities.java:207)
at CommonMethodsAndUtilities.CommonMethodsAndUtilities.getRandomValue(CommonMethodsAndUtilities.java:207)
at CommonMethodsAndUtilities.CommonMethodsAndUtilities.getRandomValue(CommonMethodsAndUtilities.java:207)
at CommonMethodsAndUtilities.CommonMethodsAndUtilities.getRandomValue(CommonMethodsAndUtilities.java:207)
at CommonMethodsAndUtilities.CommonMethodsAndUtilities.getRandomValue(CommonMethodsAndUtilities.java:207)
at CommonMethodsAndUtilities.CommonMethodsAndUtilities.getRandomValue(CommonMethodsAndUtilities.java:207)
at CommonMethodsAndUtilities.CommonMethodsAndUtilities.getRandomValue(CommonMethodsAndUtilities.java:207)
at CommonMethodsAndUtilities.CommonMethodsAndUtilities.getRandomValue(CommonMethodsAndUtilities.java:207)
at CommonMethodsAndUtilities.CommonMethodsAndUtilities.getRandomValue(CommonMethodsAndUtilities.java:207)
at CommonMethodsAndUtilities.CommonMethodsAndUtilities.getRandomValue(CommonMethodsAndUtilities.java:207)
at CommonMethodsAndUtilities.CommonMethodsAndUtilities.getRandomValue(CommonMethodsAndUtilities.java:207)
at CommonMethodsAndUtilities.CommonMethodsAndUtilities.getRandomValue(CommonMethodsAndUtilities.java:207)
at CommonMethodsAndUtilities.CommonMethodsAndUtilities.getRandomValue(CommonMethodsAndUtilities.java:207)
at CommonMethodsAndUtilities.CommonMethodsAndUtilities.getRandomValue(CommonMethodsAndUtilities.java:207)
at CommonMethodsAndUtilities.CommonMethodsAndUtilities.getRandomValue(CommonMethodsAndUtilities.java:207)
at CommonMethodsAndUtilities.CommonMethodsAndUtilities.getRandomValue(CommonMethodsAndUtilities.java:207)
at CommonMethodsAndUtilities.CommonMethodsAndUtilities.getRandomValue(CommonMethodsAndUtilities.java:207)
at CommonMethodsAndUtilities.CommonMethodsAndUtilities.getRandomValue(CommonMethodsAndUtilities.java:207)
at CommonMethodsAndUtilities.CommonMethodsAndUtilities.getRandomValue(CommonMethodsAndUtilities.java:207)
at CommonMethodsAndUtilities.CommonMethodsAndUtilities.getRandomValue(CommonMethodsAndUtilities.java:207)
at CommonMethodsAndUtilities.CommonMethodsAndUtilities.getRandomValue(CommonMethodsAndUtilities.java:207)
at CommonMethodsAndUtilities.CommonMethodsAndUtilities.getRandomValue(CommonMethodsAndUtilities.java:207)
at CommonMethodsAndUtilities.CommonMethodsAndUtilities.getRandomValue(CommonMethodsAndUtilities.java:207)
at CommonMethodsAndUtilities.CommonMethodsAndUtilities.getRandomValue(CommonMethodsAndUtilities.java:207)
at CommonMethodsAndUtilities.CommonMethodsAndUtilities.getRandomValue(CommonMethodsAndUtilities.java:207)
at CommonMethodsAndUtilities.CommonMethodsAndUtilities.getRandomValue(CommonMethodsAndUtilities.java:207)
at CommonMethodsAndUtilities.CommonMethodsAndUtilities.getRandomValue(CommonMethodsAndUtilities.java:207)
at CommonMethodsAndUtilities.CommonMethodsAndUtilities.getRandomValue(CommonMethodsAndUtilities.java:207)
at CommonMethodsAndUtilities.CommonMethodsAndUtilities.getRandomValue(CommonMethodsAndUtilities.java:207)
at CommonMethodsAndUtilities.CommonMethodsAndUtilities.getRandomValue(CommonMethodsAndUtilities.java:207)
at CommonMethodsAndUtilities.CommonMethodsAndUtilities.getRandomValue(CommonMethodsAndUtilities.java:207)
at CommonMethodsAndUtilities.CommonMethodsAndUtilities.getRandomValue(CommonMethodsAndUtilities.java:207)
at CommonMethodsAndUtilities.CommonMethodsAndUtilities.getRandomValue(CommonMethodsAndUtilities.java:207)
at CommonMethodsAndUtilities.CommonMethodsAndUtilities.getRandomValue(CommonMethodsAndUtilities.java:207)
at CommonMethodsAndUtilities.CommonMethodsAndUtilities.getRandomValue(CommonMethodsAndUtilities.java:207)
at CommonMethodsAndUtilities.CommonMethodsAndUtilities.getRandomValue(CommonMethodsAndUtilities.java:207)
at CommonMethodsAndUtilities.CommonMethodsAndUtilities.getRandomValue(CommonMethodsAndUtilities.java:207)
at CommonMethodsAndUtilities.CommonMethodsAndUtilities.getRandomValue(CommonMethodsAndUtilities.java:207)
at CommonMethodsAndUtilities.CommonMethodsAndUtilities.getRandomValue(CommonMethodsAndUtilities.java:207)
at CommonMethodsAndUtilities.CommonMethodsAndUtilities.getRandomValue(CommonMethodsAndUtilities.java:207)
at CommonMethodsAndUtilities.CommonMethodsAndUtilities.getRandomValue(CommonMethodsAndUtilities.java:207)
at CommonMethodsAndUtilities.CommonMethodsAndUtilities.getRandomValue(CommonMethodsAndUtilities.java:207)
at CommonMethodsAndUtilities.CommonMethodsAndUtilities.getRandomValue(CommonMethodsAndUtilities.java:207)
at CommonMethodsAndUtilities.CommonMethodsAndUtilities.getRandomValue(CommonMethodsAndUtilities.java:207)
at CommonMethodsAndUtilities.CommonMethodsAndUtilities.getRandomValue(CommonMethodsAndUtilities.java:207)
at CommonMethodsAndUtilities.CommonMethodsAndUtilities.getRandomValue(CommonMethodsAndUtilities.java:207)
at CommonMethodsAndUtilities.CommonMethodsAndUtilities.getRandomValue(CommonMethodsAndUtilities.java:207)
at CommonMethodsAndUtilities.CommonMethodsAndUtilities.getRandomValue(CommonMethodsAndUtilities.java:207)
at CommonMethodsAndUtilities.CommonMethodsAndUtilities.getRandomValue(CommonMethodsAndUtilities.java:207)
at CommonMethodsAndUtilities.CommonMethodsAndUtilities.getRandomValue(CommonMethodsAndUtilities.java:207)
at CommonMethodsAndUtilities.CommonMethodsAndUtilities.getRandomValue(CommonMethodsAndUtilities.java:207)
at CommonMethodsAndUtilities.CommonMethodsAndUtilities.getRandomValue(CommonMethodsAndUtilities.java:207)
at CommonMethodsAndUtilities.CommonMethodsAndUtilities.getRandomValue(CommonMethodsAndUtilities.java:207)
at CommonMethodsAndUtilities.CommonMethodsAndUtilities.getRandomValue(CommonMethodsAndUtilities.java:207)
at CommonMethodsAndUtilities.CommonMethodsAndUtilities.getRandomValue(CommonMethodsAndUtilities.java:207)
at CommonMethodsAndUtilities.CommonMethodsAndUtilities.getRandomValue(CommonMethodsAndUtilities.java:207)
at CommonMethodsAndUtilities.CommonMethodsAndUtilities.getRandomValue(CommonMethodsAndUtilities.java:207)
at CommonMethodsAndUtilities.CommonMethodsAndUtilities.getRandomValue(CommonMethodsAndUtilities.java:207)
at CommonMethodsAndUtilities.CommonMethodsAndUtilities.getRandomValue(CommonMethodsAndUtilities.java:207)
at CommonMethodsAndUtilities.CommonMethodsAndUtilities.getRandomValue(CommonMethodsAndUtilities.java:207)
at CommonMethodsAndUtilities.CommonMethodsAndUtilities.getRandomValue(CommonMethodsAndUtilities.java:207)
at CommonMethodsAndUtilities.CommonMethodsAndUtilities.getRandomValue(CommonMethodsAndUtilities.java:207)
at CommonMethodsAndUtilities.CommonMethodsAndUtilities.getRandomValue(CommonMethodsAndUtilities.java:207)
at CommonMethodsAndUtilities.CommonMethodsAndUtilities.getRandomValue(CommonMethodsAndUtilities.java:207)
at CommonMethodsAndUtilities.CommonMethodsAndUtilities.getRandomValue(CommonMethodsAndUtilities.java:207)
at CommonMethodsAndUtilities.CommonMethodsAndUtilities.getRandomValue(CommonMethodsAndUtilities.java:207)
at CommonMethodsAndUtilities.CommonMethodsAndUtilities.getRandomValue(CommonMethodsAndUtilities.java:207)
at CommonMethodsAndUtilities.CommonMethodsAndUtilities.getRandomValue(CommonMethodsAndUtilities.java:207)
at CommonMethodsAndUtilities.CommonMethodsAndUtilities.getRandomValue(CommonMethodsAndUtilities.java:207)
at CommonMethodsAndUtilities.CommonMethodsAndUtilities.getRandomValue(CommonMethodsAndUtilities.java:207)
at CommonMethodsAndUtilities.CommonMethodsAndUtilities.getRandomValue(CommonMethodsAndUtilities.java:207)
at CommonMethodsAndUtilities.CommonMethodsAndUtilities.getRandomValue(CommonMethodsAndUtilities.java:207)
at CommonMethodsAndUtilities.CommonMethodsAndUtilities.getRandomValue(CommonMethodsAndUtilities.java:207)
at CommonMethodsAndUtilities.CommonMethodsAndUtilities.getRandomValue(CommonMethodsAndUtilities.java:207)
at CommonMethodsAndUtilities.CommonMethodsAndUtilities.getRandomValue(CommonMethodsAndUtilities.java:207)
at CommonMethodsAndUtilities.CommonMethodsAndUtilities.getRandomValue(CommonMethodsAndUtilities.java:207)
at CommonMethodsAndUtilities.CommonMethodsAndUtilities.getRandomValue(CommonMethodsAndUtilities.java:207)
at CommonMethodsAndUtilities.CommonMethodsAndUtilities.getRandomValue(CommonMethodsAndUtilities.java:207)
at CommonMethodsAndUtilities.CommonMethodsAndUtilities.getRandomValue(CommonMethodsAndUtilities.java:207)
at CommonMethodsAndUtilities.CommonMethodsAndUtilities.getRandomValue(CommonMethodsAndUtilities.java:207)
at CommonMethodsAndUtilities.CommonMethodsAndUtilities.getRandomValue(CommonMethodsAndUtilities.java:207)
at CommonMethodsAndUtilities.CommonMethodsAndUtilities.getRandomValue(CommonMethodsAndUtilities.java:207)
at CommonMethodsAndUtilities.CommonMethodsAndUtilities.getRandomValue(CommonMethodsAndUtilities.java:207)
at CommonMethodsAndUtilities.CommonMethodsAndUtilities.getRandomValue(CommonMethodsAndUtilities.java:207)
at CommonMethodsAndUtilities.CommonMethodsAndUtilities.getRandomValue(CommonMethodsAndUtilities.java:207)
at CommonMethodsAndUtilities.CommonMethodsAndUtilities.getRandomValue(CommonMethodsAndUtilities.java:207)
at CommonMethodsAndUtilities.CommonMethodsAndUtilities.getRandomValue(CommonMethodsAndUtilities.java:207)
at CommonMethodsAndUtilities.CommonMethodsAndUtilities.getRandomValue(CommonMethodsAndUtilities.java:207)
at CommonMethodsAndUtilities.CommonMethodsAndUtilities.getRandomValue(CommonMethodsAndUtilities.java:207)
at CommonMethodsAndUtilities.CommonMethodsAndUtilities.getRandomValue(CommonMethodsAndUtilities.java:207)
at CommonMethodsAndUtilities.CommonMethodsAndUtilities.getRandomValue(CommonMethodsAndUtilities.java:207)
at CommonMethodsAndUtilities.CommonMethodsAndUtilities.getRandomValue(CommonMethodsAndUtilities.java:207)
at CommonMethodsAndUtilities.CommonMethodsAndUtilities.getRandomValue(CommonMethodsAndUtilities.java:207)
at CommonMethodsAndUtilities.CommonMethodsAndUtilities.getRandomValue(CommonMethodsAndUtilities.java:207)
at CommonMethodsAndUtilities.CommonMethodsAndUtilities.getRandomValue(CommonMethodsAndUtilities.java:207)
at CommonMethodsAndUtilities.CommonMethodsAndUtilities.getRandomValue(CommonMethodsAndUtilities.java:207)
at CommonMethodsAndUtilities.CommonMethodsAndUtilities.getRandomValue(CommonMethodsAndUtilities.java:207)
at CommonMethodsAndUtilities.CommonMethodsAndUtilities.getRandomValue(CommonMethodsAndUtilities.java:207)
at CommonMethodsAndUtilities.CommonMethodsAndUtilities.getRandomValue(CommonMethodsAndUtilities.java:207)
at CommonMethodsAndUtilities.CommonMethodsAndUtilities.getRandomValue(CommonMethodsAndUtilities.java:207)
at CommonMethodsAndUtilities.CommonMethodsAndUtilities.getRandomValue(CommonMethodsAndUtilities.java:207)
at CommonMethodsAndUtilities.CommonMethodsAndUtilities.getRandomValue(CommonMethodsAndUtilities.java:207)
at CommonMethodsAndUtilities.CommonMethodsAndUtilities.getRandomValue(CommonMethodsAndUtilities.java:207)
at CommonMethodsAndUtilities.CommonMethodsAndUtilities.getRandomValue(CommonMethodsAndUtilities.java:207)
at CommonMethodsAndUtilities.CommonMethodsAndUtilities.getRandomValue(CommonMethodsAndUtilities.java:207)
at CommonMethodsAndUtilities.CommonMethodsAndUtilities.getRandomValue(CommonMethodsAndUtilities.java:207)
at CommonMethodsAndUtilities.CommonMethodsAndUtilities.getRandomValue(CommonMethodsAndUtilities.java:207)
at CommonMethodsAndUtilities.CommonMethodsAndUtilities.getRandomValue(CommonMethodsAndUtilities.java:207)
at CommonMethodsAndUtilities.CommonMethodsAndUtilities.getRandomValue(CommonMethodsAndUtilities.java:207)
at CommonMethodsAndUtilities.CommonMethodsAndUtilities.getRandomValue(CommonMethodsAndUtilities.java:207)
at CommonMethodsAndUtilities.CommonMethodsAndUtilities.getRandomValue(CommonMethodsAndUtilities.java:207)
at CommonMethodsAndUtilities.CommonMethodsAndUtilities.getRandomValue(CommonMethodsAndUtilities.java:207)
at CommonMethodsAndUtilities.CommonMethodsAndUtilities.getRandomValue(CommonMethodsAndUtilities.java:207)
at CommonMethodsAndUtilities.CommonMethodsAndUtilities.getRandomValue(CommonMethodsAndUtilities.java:207)
at CommonMethodsAndUtilities.CommonMethodsAndUtilities.getRandomValue(CommonMethodsAndUtilities.java:207)
at CommonMethodsAndUtilities.CommonMethodsAndUtilities.getRandomValue(CommonMethodsAndUtilities.java:207)
at CommonMethodsAndUtilities.CommonMethodsAndUtilities.getRandomValue(CommonMethodsAndUtilities.java:207)
at CommonMethodsAndUtilities.CommonMethodsAndUtilities.getRandomValue(CommonMethodsAndUtilities.java:207)
at CommonMethodsAndUtilities.CommonMethodsAndUtilities.getRandomValue(CommonMethodsAndUtilities.java:207)
at CommonMethodsAndUtilities.CommonMethodsAndUtilities.getRandomValue(CommonMethodsAndUtilities.java:207)
at CommonMethodsAndUtilities.CommonMethodsAndUtilities.getRandomValue(CommonMethodsAndUtilities.java:207)
at CommonMethodsAndUtilities.CommonMethodsAndUtilities.getRandomValue(CommonMethodsAndUtilities.java:207)
at CommonMethodsAndUtilities.CommonMethodsAndUtilities.getRandomValue(CommonMethodsAndUtilities.java:207)
at CommonMethodsAndUtilities.CommonMethodsAndUtilities.getRandomValue(CommonMethodsAndUtilities.java:207)
at CommonMethodsAndUtilities.CommonMethodsAndUtilities.getRandomValue(CommonMethodsAndUtilities.java:207)
at CommonMethodsAndUtilities.CommonMethodsAndUtilities.getRandomValue(CommonMethodsAndUtilities.java:207)
at CommonMethodsAndUtilities.CommonMethodsAndUtilities.getRandomValue(CommonMethodsAndUtilities.java:207)
at CommonMethodsAndUtilities.CommonMethodsAndUtilities.getRandomValue(CommonMethodsAndUtilities.java:207)
at CommonMethodsAndUtilities.CommonMethodsAndUtilities.getRandomValue(CommonMethodsAndUtilities.java:207)
at CommonMethodsAndUtilities.CommonMethodsAndUtilities.getRandomValue(CommonMethodsAndUtilities.java:207)
at CommonMethodsAndUtilities.CommonMethodsAndUtilities.getRandomValue(CommonMethodsAndUtilities.java:207)
at CommonMethodsAndUtilities.CommonMethodsAndUtilities.getRandomValue(CommonMethodsAndUtilities.java:207)
at CommonMethodsAndUtilities.CommonMethodsAndUtilities.getRandomValue(CommonMethodsAndUtilities.java:207)
at CommonMethodsAndUtilities.CommonMethodsAndUtilities.getRandomValue(CommonMethodsAndUtilities.java:207)
at CommonMethodsAndUtilities.CommonMethodsAndUtilities.getRandomValue(CommonMethodsAndUtilities.java:207)
at CommonMethodsAndUtilities.CommonMethodsAndUtilities.getRandomValue(CommonMethodsAndUtilities.java:207)
at CommonMethodsAndUtilities.CommonMethodsAndUtilities.getRandomValue(CommonMethodsAndUtilities.java:207)
at CommonMethodsAndUtilities.CommonMethodsAndUtilities.getRandomValue(CommonMethodsAndUtilities.java:207)
at CommonMethodsAndUtilities.CommonMethodsAndUtilities.getRandomValue(CommonMethodsAndUtilities.java:207)
at CommonMethodsAndUtilities.CommonMethodsAndUtilities.getRandomValue(CommonMethodsAndUtilities.java:207)
at CommonMethodsAndUtilities.CommonMethodsAndUtilities.getRandomValue(CommonMethodsAndUtilities.java:207)
at CommonMethodsAndUtilities.CommonMethodsAndUtilities.getRandomValue(CommonMethodsAndUtilities.java:207)
at CommonMethodsAndUtilities.CommonMethodsAndUtilities.getRandomValue(CommonMethodsAndUtilities.java:207)
at CommonMethodsAndUtilities.CommonMethodsAndUtilities.getRandomValue(CommonMethodsAndUtilities.java:207)
at CommonMethodsAndUtilities.CommonMethodsAndUtilities.getRandomValue(CommonMethodsAndUtilities.java:207)
at CommonMethodsAndUtilities.CommonMethodsAndUtilities.getRandomValue(CommonMethodsAndUtilities.java:207)
at CommonMethodsAndUtilities.CommonMethodsAndUtilities.getRandomValue(CommonMethodsAndUtilities.java:207)
at CommonMethodsAndUtilities.CommonMethodsAndUtilities.getRandomValue(CommonMethodsAndUtilities.java:207)
at CommonMethodsAndUtilities.CommonMethodsAndUtilities.getRandomValue(CommonMethodsAndUtilities.java:207)
at CommonMethodsAndUtilities.CommonMethodsAndUtilities.getRandomValue(CommonMethodsAndUtilities.java:207)
at CommonMethodsAndUtilities.CommonMethodsAndUtilities.getRandomValue(CommonMethodsAndUtilities.java:207)
at CommonMethodsAndUtilities.CommonMethodsAndUtilities.getRandomValue(CommonMethodsAndUtilities.java:207)
at CommonMethodsAndUtilities.CommonMethodsAndUtilities.getRandomValue(CommonMethodsAndUtilities.java:207)
at CommonMethodsAndUtilities.CommonMethodsAndUtilities.getRandomValue(CommonMethodsAndUtilities.java:207)
at CommonMethodsAndUtilities.CommonMethodsAndUtilities.getRandomValue(CommonMethodsAndUtilities.java:207)
at CommonMethodsAndUtilities.CommonMethodsAndUtilities.getRandomValue(CommonMethodsAndUtilities.java:207)
at CommonMethodsAndUtilities.CommonMethodsAndUtilities.getRandomValue(CommonMethodsAndUtilities.java:207)
at CommonMethodsAndUtilities.CommonMethodsAndUtilities.getRandomValue(CommonMethodsAndUtilities.java:207)
at CommonMethodsAndUtilities.CommonMethodsAndUtilities.getRandomValue(CommonMethodsAndUtilities.java:207)
at CommonMethodsAndUtilities.CommonMethodsAndUtilities.getRandomValue(CommonMethodsAndUtilities.java:207)
at CommonMethodsAndUtilities.CommonMethodsAndUtilities.getRandomValue(CommonMethodsAndUtilities.java:207)
at CommonMethodsAndUtilities.CommonMethodsAndUtilities.getRandomValue(CommonMethodsAndUtilities.java:207)
at CommonMethodsAndUtilities.CommonMethodsAndUtilities.getRandomValue(CommonMethodsAndUtilities.java:207)
at CommonMethodsAndUtilities.CommonMethodsAndUtilities.getRandomValue(CommonMethodsAndUtilities.java:207)
at CommonMethodsAndUtilities.CommonMethodsAndUtilities.getRandomValue(CommonMethodsAndUtilities.java:207)
at CommonMethodsAndUtilities.CommonMethodsAndUtilities.getRandomValue(CommonMethodsAndUtilities.java:207)
at CommonMethodsAndUtilities.CommonMethodsAndUtilities.getRandomValue(CommonMethodsAndUtilities.java:207)
at CommonMethodsAndUtilities.CommonMethodsAndUtilities.getRandomValue(CommonMethodsAndUtilities.java:207)
at CommonMethodsAndUtilities.CommonMethodsAndUtilities.getRandomValue(CommonMethodsAndUtilities.java:207)
at CommonMethodsAndUtilities.CommonMethodsAndUtilities.getRandomValue(CommonMethodsAndUtilities.java:207)
at CommonMethodsAndUtilities.CommonMethodsAndUtilities.getRandomValue(CommonMethodsAndUtilities.java:207)
at CommonMethodsAndUtilities.CommonMethodsAndUtilities.getRandomValue(CommonMethodsAndUtilities.java:207)
at CommonMethodsAndUtilities.CommonMethodsAndUtilities.getRandomValue(CommonMethodsAndUtilities.java:207)
at CommonMethodsAndUtilities.CommonMethodsAndUtilities.getRandomValue(CommonMethodsAndUtilities.java:207)
at CommonMethodsAndUtilities.CommonMethodsAndUtilities.getRandomValue(CommonMethodsAndUtilities.java:207)
at CommonMethodsAndUtilities.CommonMethodsAndUtilities.getRandomValue(CommonMethodsAndUtilities.java:207)
at CommonMethodsAndUtilities.CommonMethodsAndUtilities.getRandomValue(CommonMethodsAndUtilities.java:207)
at CommonMethodsAndUtilities.CommonMethodsAndUtilities.getRandomValue(CommonMethodsAndUtilities.java:207)
at CommonMethodsAndUtilities.CommonMethodsAndUtilities.getRandomValue(CommonMethodsAndUtilities.java:207)
at CommonMethodsAndUtilities.CommonMethodsAndUtilities.getRandomValue(CommonMethodsAndUtilities.java:207)
at CommonMethodsAndUtilities.CommonMethodsAndUtilities.getRandomValue(CommonMethodsAndUtilities.java:207)
at CommonMethodsAndUtilities.CommonMethodsAndUtilities.getRandomValue(CommonMethodsAndUtilities.java:207)
at CommonMethodsAndUtilities.CommonMethodsAndUtilities.getRandomValue(CommonMethodsAndUtilities.java:207)
at CommonMethodsAndUtilities.CommonMethodsAndUtilities.getRandomValue(CommonMethodsAndUtilities.java:207)
at CommonMethodsAndUtilities.CommonMethodsAndUtilities.getRandomValue(CommonMethodsAndUtilities.java:207)
at CommonMethodsAndUtilities.CommonMethodsAndUtilities.getRandomValue(CommonMethodsAndUtilities.java:207)
at CommonMethodsAndUtilities.CommonMethodsAndUtilities.getRandomValue(CommonMethodsAndUtilities.java:207)
at CommonMethodsAndUtilities.CommonMethodsAndUtilities.getRandomValue(CommonMethodsAndUtilities.java:207)
at CommonMethodsAndUtilities.CommonMethodsAndUtilities.getRandomValue(CommonMethodsAndUtilities.java:207)
at CommonMethodsAndUtilities.CommonMethodsAndUtilities.getRandomValue(CommonMethodsAndUtilities.java:207)
at CommonMethodsAndUtilities.CommonMethodsAndUtilities.getRandomValue(CommonMethodsAndUtilities.java:207)
at CommonMethodsAndUtilities.CommonMethodsAndUtilities.getRandomValue(CommonMethodsAndUtilities.java:207)
at CommonMethodsAndUtilities.CommonMethodsAndUtilities.getRandomValue(CommonMethodsAndUtilities.java:207)
at CommonMethodsAndUtilities.CommonMethodsAndUtilities.getRandomValue(CommonMethodsAndUtilities.java:207)
at CommonMethodsAndUtilities.CommonMethodsAndUtilities.getRandomValue(CommonMethodsAndUtilities.java:207)
at CommonMethodsAndUtilities.CommonMethodsAndUtilities.getRandomValue(CommonMethodsAndUtilities.java:207)
at CommonMethodsAndUtilities.CommonMethodsAndUtilities.getRandomValue(CommonMethodsAndUtilities.java:207)
at CommonMethodsAndUtilities.CommonMethodsAndUtilities.getRandomValue(CommonMethodsAndUtilities.java:207)
at CommonMethodsAndUtilities.CommonMethodsAndUtilities.getRandomValue(CommonMethodsAndUtilities.java:207)
at CommonMethodsAndUtilities.CommonMethodsAndUtilities.getRandomValue(CommonMethodsAndUtilities.java:207)
at CommonMethodsAndUtilities.CommonMethodsAndUtilities.getRandomValue(CommonMethodsAndUtilities.java:207)
at CommonMethodsAndUtilities.CommonMethodsAndUtilities.getRandomValue(CommonMethodsAndUtilities.java:207)
at CommonMethodsAndUtilities.CommonMethodsAndUtilities.getRandomValue(CommonMethodsAndUtilities.java:207)
at CommonMethodsAndUtilities.CommonMethodsAndUtilities.getRandomValue(CommonMethodsAndUtilities.java:207)
at CommonMethodsAndUtilities.CommonMethodsAndUtilities.getRandomValue(CommonMethodsAndUtilities.java:207)
at CommonMethodsAndUtilities.CommonMethodsAndUtilities.getRandomValue(CommonMethodsAndUtilities.java:207)
at CommonMethodsAndUtilities.CommonMethodsAndUtilities.getRandomValue(CommonMethodsAndUtilities.java:207)
at CommonMethodsAndUtilities.CommonMethodsAndUtilities.getRandomValue(CommonMethodsAndUtilities.java:207)
at CommonMethodsAndUtilities.CommonMethodsAndUtilities.getRandomValue(CommonMethodsAndUtilities.java:207)
at CommonMethodsAndUtilities.CommonMethodsAndUtilities.getRandomValue(CommonMethodsAndUtilities.java:207)
at CommonMethodsAndUtilities.CommonMethodsAndUtilities.getRandomValue(CommonMethodsAndUtilities.java:207)
at CommonMethodsAndUtilities.CommonMethodsAndUtilities.getRandomValue(CommonMethodsAndUtilities.java:207)
at CommonMethodsAndUtilities.CommonMethodsAndUtilities.getRandomValue(CommonMethodsAndUtilities.java:207)
at CommonMethodsAndUtilities.CommonMethodsAndUtilities.getRandomValue(CommonMethodsAndUtilities.java:207)
at CommonMethodsAndUtilities.CommonMethodsAndUtilities.getRandomValue(CommonMethodsAndUtilities.java:207)
at CommonMethodsAndUtilities.CommonMethodsAndUtilities.getRandomValue(CommonMethodsAndUtilities.java:207)
at CommonMethodsAndUtilities.CommonMethodsAndUtilities.getRandomValue(CommonMethodsAndUtilities.java:207)
at CommonMethodsAndUtilities.CommonMethodsAndUtilities.getRandomValue(CommonMethodsAndUtilities.java:207)
at CommonMethodsAndUtilities.CommonMethodsAndUtilities.getRandomValue(CommonMethodsAndUtilities.java:207)
at CommonMethodsAndUtilities.CommonMethodsAndUtilities.getRandomValue(CommonMethodsAndUtilities.java:207)
at CommonMethodsAndUtilities.CommonMethodsAndUtilities.getRandomValue(CommonMethodsAndUtilities.java:207)
at CommonMethodsAndUtilities.CommonMethodsAndUtilities.getRandomValue(CommonMethodsAndUtilities.java:207)
at CommonMethodsAndUtilities.CommonMethodsAndUtilities.getRandomValue(CommonMethodsAndUtilities.java:207)
at CommonMethodsAndUtilities.CommonMethodsAndUtilities.getRandomValue(CommonMethodsAndUtilities.java:207)
at CommonMethodsAndUtilities.CommonMethodsAndUtilities.getRandomValue(CommonMethodsAndUtilities.java:207)
at CommonMethodsAndUtilities.CommonMethodsAndUtilities.getRandomValue(CommonMethodsAndUtilities.java:207)
at CommonMethodsAndUtilities.CommonMethodsAndUtilities.getRandomValue(CommonMethodsAndUtilities.java:207)
at CommonMethodsAndUtilities.CommonMethodsAndUtilities.getRandomValue(CommonMethodsAndUtilities.java:207)
at CommonMethodsAndUtilities.CommonMethodsAndUtilities.getRandomValue(CommonMethodsAndUtilities.java:207)
at CommonMethodsAndUtilities.CommonMethodsAndUtilities.getRandomValue(CommonMethodsAndUtilities.java:207)
at CommonMethodsAndUtilities.CommonMethodsAndUtilities.getRandomValue(CommonMethodsAndUtilities.java:207)
at CommonMethodsAndUtilities.CommonMethodsAndUtilities.getRandomValue(CommonMethodsAndUtilities.java:207)
at CommonMethodsAndUtilities.CommonMethodsAndUtilities.getRandomValue(CommonMethodsAndUtilities.java:207)
at CommonMethodsAndUtilities.CommonMethodsAndUtilities.getRandomValue(CommonMethodsAndUtilities.java:207)
at CommonMethodsAndUtilities.CommonMethodsAndUtilities.getRandomValue(CommonMethodsAndUtilities.java:207)
at CommonMethodsAndUtilities.CommonMethodsAndUtilities.getRandomValue(CommonMethodsAndUtilities.java:207)
at CommonMethodsAndUtilities.CommonMethodsAndUtilities.getRandomValue(CommonMethodsAndUtilities.java:207)
at CommonMethodsAndUtilities.CommonMethodsAndUtilities.getRandomValue(CommonMethodsAndUtilities.java:207)
at CommonMethodsAndUtilities.CommonMethodsAndUtilities.getRandomValue(CommonMethodsAndUtilities.java:207)
at CommonMethodsAndUtilities.CommonMethodsAndUtilities.getRandomValue(CommonMethodsAndUtilities.java:207)
at CommonMethodsAndUtilities.CommonMethodsAndUtilities.getRandomValue(CommonMethodsAndUtilities.java:207)
at CommonMethodsAndUtilities.CommonMethodsAndUtilities.getRandomValue(CommonMethodsAndUtilities.java:207)
at CommonMethodsAndUtilities.CommonMethodsAndUtilities.getRandomValue(CommonMethodsAndUtilities.java:207)
at CommonMethodsAndUtilities.CommonMethodsAndUtilities.getRandomValue(CommonMethodsAndUtilities.java:207)
at CommonMethodsAndUtilities.CommonMethodsAndUtilities.getRandomValue(CommonMethodsAndUtilities.java:207)
at CommonMethodsAndUtilities.CommonMethodsAndUtilities.getRandomValue(CommonMethodsAndUtilities.java:207)
at CommonMethodsAndUtilities.CommonMethodsAndUtilities.getRandomValue(CommonMethodsAndUtilities.java:207)
at CommonMethodsAndUtilities.CommonMethodsAndUtilities.getRandomValue(CommonMethodsAndUtilities.java:207)
at CommonMethodsAndUtilities.CommonMethodsAndUtilities.getRandomValue(CommonMethodsAndUtilities.java:207)
at CommonMethodsAndUtilities.CommonMethodsAndUtilities.getRandomValue(CommonMethodsAndUtilities.java:207)
at CommonMethodsAndUtilities.CommonMethodsAndUtilities.getRandomValue(CommonMethodsAndUtilities.java:207)
at CommonMethodsAndUtilities.CommonMethodsAndUtilities.getRandomValue(CommonMethodsAndUtilities.java:207)
at CommonMethodsAndUtilities.CommonMethodsAndUtilities.getRandomValue(CommonMethodsAndUtilities.java:207)
at CommonMethodsAndUtilities.CommonMethodsAndUtilities.getRandomValue(CommonMethodsAndUtilities.java:207)
at CommonMethodsAndUtilities.CommonMethodsAndUtilities.getRandomValue(CommonMethodsAndUtilities.java:207)
at CommonMethodsAndUtilities.CommonMethodsAndUtilities.getRandomValue(CommonMethodsAndUtilities.java:207)
at CommonMethodsAndUtilities.CommonMethodsAndUtilities.getRandomValue(CommonMethodsAndUtilities.java:207)
at CommonMethodsAndUtilities.CommonMethodsAndUtilities.getRandomValue(CommonMethodsAndUtilities.java:207)
at CommonMethodsAndUtilities.CommonMethodsAndUtilities.getRandomValue(CommonMethodsAndUtilities.java:207)
at CommonMethodsAndUtilities.CommonMethodsAndUtilities.getRandomValue(CommonMethodsAndUtilities.java:207)
at CommonMethodsAndUtilities.CommonMethodsAndUtilities.getRandomValue(CommonMethodsAndUtilities.java:207)
at CommonMethodsAndUtilities.CommonMethodsAndUtilities.getRandomValue(CommonMethodsAndUtilities.java:207)
at CommonMethodsAndUtilities.CommonMethodsAndUtilities.getRandomValue(CommonMethodsAndUtilities.java:207)
at CommonMethodsAndUtilities.CommonMethodsAndUtilities.getRandomValue(CommonMethodsAndUtilities.java:207)
at CommonMethodsAndUtilities.CommonMethodsAndUtilities.getRandomValue(CommonMethodsAndUtilities.java:207)
at CommonMethodsAndUtilities.CommonMethodsAndUtilities.getRandomValue(CommonMethodsAndUtilities.java:207)
at CommonMethodsAndUtilities.CommonMethodsAndUtilities.getRandomValue(CommonMethodsAndUtilities.java:207)
at CommonMethodsAndUtilities.CommonMethodsAndUtilities.getRandomValue(CommonMethodsAndUtilities.java:207)
at CommonMethodsAndUtilities.CommonMethodsAndUtilities.getRandomValue(CommonMethodsAndUtilities.java:207)
at CommonMethodsAndUtilities.CommonMethodsAndUtilities.getRandomValue(CommonMethodsAndUtilities.java:207)
at CommonMethodsAndUtilities.CommonMethodsAndUtilities.getRandomValue(CommonMethodsAndUtilities.java:207)
at CommonMethodsAndUtilities.CommonMethodsAndUtilities.getRandomValue(CommonMethodsAndUtilities.java:207)
at CommonMethodsAndUtilities.CommonMethodsAndUtilities.getRandomValue(CommonMethodsAndUtilities.java:207)
at CommonMethodsAndUtilities.CommonMethodsAndUtilities.getRandomValue(CommonMethodsAndUtilities.java:207)
at CommonMethodsAndUtilities.CommonMethodsAndUtilities.getRandomValue(CommonMethodsAndUtilities.java:207)
at CommonMethodsAndUtilities.CommonMethodsAndUtilities.getRandomValue(CommonMethodsAndUtilities.java:207)
at CommonMethodsAndUtilities.CommonMethodsAndUtilities.getRandomValue(CommonMethodsAndUtilities.java:207)
at CommonMethodsAndUtilities.CommonMethodsAndUtilities.getRandomValue(CommonMethodsAndUtilities.java:207)
at CommonMethodsAndUtilities.CommonMethodsAndUtilities.getRandomValue(CommonMethodsAndUtilities.java:207)
at CommonMethodsAndUtilities.CommonMethodsAndUtilities.getRandomValue(CommonMethodsAndUtilities.java:207)
at CommonMethodsAndUtilities.CommonMethodsAndUtilities.getRandomValue(CommonMethodsAndUtilities.java:207)
at CommonMethodsAndUtilities.CommonMethodsAndUtilities.getRandomValue(CommonMethodsAndUtilities.java:207)
at CommonMethodsAndUtilities.CommonMethodsAndUtilities.getRandomValue(CommonMethodsAndUtilities.java:207)
at CommonMethodsAndUtilities.CommonMethodsAndUtilities.getRandomValue(CommonMethodsAndUtilities.java:207)
at CommonMethodsAndUtilities.CommonMethodsAndUtilities.getRandomValue(CommonMethodsAndUtilities.java:207)
at CommonMethodsAndUtilities.CommonMethodsAndUtilities.getRandomValue(CommonMethodsAndUtilities.java:207)
at CommonMethodsAndUtilities.CommonMethodsAndUtilities.getRandomValue(CommonMethodsAndUtilities.java:207)
at CommonMethodsAndUtilities.CommonMethodsAndUtilities.getRandomValue(CommonMethodsAndUtilities.java:207)
at CommonMethodsAndUtilities.CommonMethodsAndUtilities.getRandomValue(CommonMethodsAndUtilities.java:207)
at CommonMethodsAndUtilities.CommonMethodsAndUtilities.getRandomValue(CommonMethodsAndUtilities.java:207)
at CommonMethodsAndUtilities.CommonMethodsAndUtilities.getRandomValue(CommonMethodsAndUtilities.java:207)
at CommonMethodsAndUtilities.CommonMethodsAndUtilities.getRandomValue(CommonMethodsAndUtilities.java:207)
at CommonMethodsAndUtilities.CommonMethodsAndUtilities.getRandomValue(CommonMethodsAndUtilities.java:207)
at CommonMethodsAndUtilities.CommonMethodsAndUtilities.getRandomValue(CommonMethodsAndUtilities.java:207)
at CommonMethodsAndUtilities.CommonMethodsAndUtilities.getRandomValue(CommonMethodsAndUtilities.java:207)
at CommonMethodsAndUtilities.CommonMethodsAndUtilities.getRandomValue(CommonMethodsAndUtilities.java:207)
at CommonMethodsAndUtilities.CommonMethodsAndUtilities.getRandomValue(CommonMethodsAndUtilities.java:207)
at CommonMethodsAndUtilities.CommonMethodsAndUtilities.getRandomValue(CommonMethodsAndUtilities.java:207)
at CommonMethodsAndUtilities.CommonMethodsAndUtilities.getRandomValue(CommonMethodsAndUtilities.java:207)
at CommonMethodsAndUtilities.CommonMethodsAndUtilities.getRandomValue(CommonMethodsAndUtilities.java:207)
at CommonMethodsAndUtilities.CommonMethodsAndUtilities.getRandomValue(CommonMethodsAndUtilities.java:207)
at CommonMethodsAndUtilities.CommonMethodsAndUtilities.getRandomValue(CommonMethodsAndUtilities.java:207)
at CommonMethodsAndUtilities.CommonMethodsAndUtilities.getRandomValue(CommonMethodsAndUtilities.java:207)
at CommonMethodsAndUtilities.CommonMethodsAndUtilities.getRandomValue(CommonMethodsAndUtilities.java:207)
at CommonMethodsAndUtilities.CommonMethodsAndUtilities.getRandomValue(CommonMethodsAndUtilities.java:207)
at CommonMethodsAndUtilities.CommonMethodsAndUtilities.getRandomValue(CommonMethodsAndUtilities.java:207)
at CommonMethodsAndUtilities.CommonMethodsAndUtilities.getRandomValue(CommonMethodsAndUtilities.java:207)
at CommonMethodsAndUtilities.CommonMethodsAndUtilities.getRandomValue(CommonMethodsAndUtilities.java:207)
at CommonMethodsAndUtilities.CommonMethodsAndUtilities.getRandomValue(CommonMethodsAndUtilities.java:207)
at CommonMethodsAndUtilities.CommonMethodsAndUtilities.getRandomValue(CommonMethodsAndUtilities.java:207)
at CommonMethodsAndUtilities.CommonMethodsAndUtilities.getRandomValue(CommonMethodsAndUtilities.java:207)
at CommonMethodsAndUtilities.CommonMethodsAndUtilities.getRandomValue(CommonMethodsAndUtilities.java:207)
at CommonMethodsAndUtilities.CommonMethodsAndUtilities.getRandomValue(CommonMethodsAndUtilities.java:207)
at CommonMethodsAndUtilities.CommonMethodsAndUtilities.getRandomValue(CommonMethodsAndUtilities.java:207)
at CommonMethodsAndUtilities.CommonMethodsAndUtilities.getRandomValue(CommonMethodsAndUtilities.java:207)
at CommonMethodsAndUtilities.CommonMethodsAndUtilities.getRandomValue(CommonMethodsAndUtilities.java:207)
at CommonMethodsAndUtilities.CommonMethodsAndUtilities.getRandomValue(CommonMethodsAndUtilities.java:207)
at CommonMethodsAndUtilities.CommonMethodsAndUtilities.getRandomValue(CommonMethodsAndUtilities.java:207)
at CommonMethodsAndUtilities.CommonMethodsAndUtilities.getRandomValue(CommonMethodsAndUtilities.java:207)
at CommonMethodsAndUtilities.CommonMethodsAndUtilities.getRandomValue(CommonMethodsAndUtilities.java:207)
at CommonMethodsAndUtilities.CommonMethodsAndUtilities.getRandomValue(CommonMethodsAndUtilities.java:207)
at CommonMethodsAndUtilities.CommonMethodsAndUtilities.getRandomValue(CommonMethodsAndUtilities.java:207)
at CommonMethodsAndUtilities.CommonMethodsAndUtilities.getRandomValue(CommonMethodsAndUtilities.java:207)
at CommonMethodsAndUtilities.CommonMethodsAndUtilities.getRandomValue(CommonMethodsAndUtilities.java:207)
at CommonMethodsAndUtilities.CommonMethodsAndUtilities.getRandomValue(CommonMethodsAndUtilities.java:207)
at CommonMethodsAndUtilities.CommonMethodsAndUtilities.getRandomValue(CommonMethodsAndUtilities.java:207)
at CommonMethodsAndUtilities.CommonMethodsAndUtilities.getRandomValue(CommonMethodsAndUtilities.java:207)
at CommonMethodsAndUtilities.CommonMethodsAndUtilities.getRandomValue(CommonMethodsAndUtilities.java:207)
at CommonMethodsAndUtilities.CommonMethodsAndUtilities.getRandomValue(CommonMethodsAndUtilities.java:207)
at CommonMethodsAndUtilities.CommonMethodsAndUtilities.getRandomValue(CommonMethodsAndUtilities.java:207)
at CommonMethodsAndUtilities.CommonMethodsAndUtilities.getRandomValue(CommonMethodsAndUtilities.java:207)
at CommonMethodsAndUtilities.CommonMethodsAndUtilities.getRandomValue(CommonMethodsAndUtilities.java:207)
at CommonMethodsAndUtilities.CommonMethodsAndUtilities.getRandomValue(CommonMethodsAndUtilities.java:207)
at CommonMethodsAndUtilities.CommonMethodsAndUtilities.getRandomValue(CommonMethodsAndUtilities.java:207)
at CommonMethodsAndUtilities.CommonMethodsAndUtilities.getRandomValue(CommonMethodsAndUtilities.java:207)
at CommonMethodsAndUtilities.CommonMethodsAndUtilities.getRandomValue(CommonMethodsAndUtilities.java:207)
at CommonMethodsAndUtilities.CommonMethodsAndUtilities.getRandomValue(CommonMethodsAndUtilities.java:207)
at CommonMethodsAndUtilities.CommonMethodsAndUtilities.getRandomValue(CommonMethodsAndUtilities.java:207)
at CommonMethodsAndUtilities.CommonMethodsAndUtilities.getRandomValue(CommonMethodsAndUtilities.java:207)
at CommonMethodsAndUtilities.CommonMethodsAndUtilities.getRandomValue(CommonMethodsAndUtilities.java:207)
at CommonMethodsAndUtilities.CommonMethodsAndUtilities.getRandomValue(CommonMethodsAndUtilities.java:207)
at CommonMethodsAndUtilities.CommonMethodsAndUtilities.getRandomValue(CommonMethodsAndUtilities.java:207)
at CommonMethodsAndUtilities.CommonMethodsAndUtilities.getRandomValue(CommonMethodsAndUtilities.java:207)
at CommonMethodsAndUtilities.CommonMethodsAndUtilities.getRandomValue(CommonMethodsAndUtilities.java:207)
at CommonMethodsAndUtilities.CommonMethodsAndUtilities.getRandomValue(CommonMethodsAndUtilities.java:207)
at CommonMethodsAndUtilities.CommonMethodsAndUtilities.getRandomValue(CommonMethodsAndUtilities.java:207)
at CommonMethodsAndUtilities.CommonMethodsAndUtilities.getRandomValue(CommonMethodsAndUtilities.java:207)
at CommonMethodsAndUtilities.CommonMethodsAndUtilities.getRandomValue(CommonMethodsAndUtilities.java:207)
at CommonMethodsAndUtilities.CommonMethodsAndUtilities.getRandomValue(CommonMethodsAndUtilities.java:207)
at CommonMethodsAndUtilities.CommonMethodsAndUtilities.getRandomValue(CommonMethodsAndUtilities.java:207)
at CommonMethodsAndUtilities.CommonMethodsAndUtilities.getRandomValue(CommonMethodsAndUtilities.java:207)
at CommonMethodsAndUtilities.CommonMethodsAndUtilities.getRandomValue(CommonMethodsAndUtilities.java:207)
at CommonMethodsAndUtilities.CommonMethodsAndUtilities.getRandomValue(CommonMethodsAndUtilities.java:207)
at CommonMethodsAndUtilities.CommonMethodsAndUtilities.getRandomValue(CommonMethodsAndUtilities.java:207)
at CommonMethodsAndUtilities.CommonMethodsAndUtilities.getRandomValue(CommonMethodsAndUtilities.java:207)
at CommonMethodsAndUtilities.CommonMethodsAndUtilities.getRandomValue(CommonMethodsAndUtilities.java:207)
at CommonMethodsAndUtilities.CommonMethodsAndUtilities.getRandomValue(CommonMethodsAndUtilities.java:207)
at CommonMethodsAndUtilities.CommonMethodsAndUtilities.getRandomValue(CommonMethodsAndUtilities.java:207)
at CommonMethodsAndUtilities.CommonMethodsAndUtilities.getRandomValue(CommonMethodsAndUtilities.java:207)
at CommonMethodsAndUtilities.CommonMethodsAndUtilities.getRandomValue(CommonMethodsAndUtilities.java:207)
at CommonMethodsAndUtilities.CommonMethodsAndUtilities.getRandomValue(CommonMethodsAndUtilities.java:207)
at CommonMethodsAndUtilities.CommonMethodsAndUtilities.getRandomValue(CommonMethodsAndUtilities.java:207)
at CommonMethodsAndUtilities.CommonMethodsAndUtilities.getRandomValue(CommonMethodsAndUtilities.java:207)
at CommonMethodsAndUtilities.CommonMethodsAndUtilities.getRandomValue(CommonMethodsAndUtilities.java:207)
at CommonMethodsAndUtilities.CommonMethodsAndUtilities.getRandomValue(CommonMethodsAndUtilities.java:207)
at CommonMethodsAndUtilities.CommonMethodsAndUtilities.getRandomValue(CommonMethodsAndUtilities.java:207)
at CommonMethodsAndUtilities.CommonMethodsAndUtilities.getRandomValue(CommonMethodsAndUtilities.java:207)
at CommonMethodsAndUtilities.CommonMethodsAndUtilities.getRandomValue(CommonMethodsAndUtilities.java:207)
at CommonMethodsAndUtilities.CommonMethodsAndUtilities.getRandomValue(CommonMethodsAndUtilities.java:207)
at CommonMethodsAndUtilities.CommonMethodsAndUtilities.getRandomValue(CommonMethodsAndUtilities.java:207)
at CommonMethodsAndUtilities.CommonMethodsAndUtilities.getRandomValue(CommonMethodsAndUtilities.java:207)
at CommonMethodsAndUtilities.CommonMethodsAndUtilities.getRandomValue(CommonMethodsAndUtilities.java:207)
at CommonMethodsAndUtilities.CommonMethodsAndUtilities.getRandomValue(CommonMethodsAndUtilities.java:207)
at CommonMethodsAndUtilities.CommonMethodsAndUtilities.getRandomValue(CommonMethodsAndUtilities.java:207)
at CommonMethodsAndUtilities.CommonMethodsAndUtilities.getRandomValue(CommonMethodsAndUtilities.java:207)
at CommonMethodsAndUtilities.CommonMethodsAndUtilities.getRandomValue(CommonMethodsAndUtilities.java:207)
at CommonMethodsAndUtilities.CommonMethodsAndUtilities.getRandomValue(CommonMethodsAndUtilities.java:207)
at CommonMethodsAndUtilities.CommonMethodsAndUtilities.getRandomValue(CommonMethodsAndUtilities.java:207)
at CommonMethodsAndUtilities.CommonMethodsAndUtilities.getRandomValue(CommonMethodsAndUtilities.java:207)
at CommonMethodsAndUtilities.CommonMethodsAndUtilities.getRandomValue(CommonMethodsAndUtilities.java:207)
at CommonMethodsAndUtilities.CommonMethodsAndUtilities.getRandomValue(CommonMethodsAndUtilities.java:207)
at CommonMethodsAndUtilities.CommonMethodsAndUtilities.getRandomValue(CommonMethodsAndUtilities.java:207)
at CommonMethodsAndUtilities.CommonMethodsAndUtilities.getRandomValue(CommonMethodsAndUtilities.java:207)
at CommonMethodsAndUtilities.CommonMethodsAndUtilities.getRandomValue(CommonMethodsAndUtilities.java:207)
at CommonMethodsAndUtilities.CommonMethodsAndUtilities.getRandomValue(CommonMethodsAndUtilities.java:207)
at CommonMethodsAndUtilities.CommonMethodsAndUtilities.getRandomValue(CommonMethodsAndUtilities.java:207)
at CommonMethodsAndUtilities.CommonMethodsAndUtilities.getRandomValue(CommonMethodsAndUtilities.java:207)
at CommonMethodsAndUtilities.CommonMethodsAndUtilities.getRandomValue(CommonMethodsAndUtilities.java:207)
at CommonMethodsAndUtilities.CommonMethodsAndUtilities.getRandomValue(CommonMethodsAndUtilities.java:207)
at CommonMethodsAndUtilities.CommonMethodsAndUtilities.getRandomValue(CommonMethodsAndUtilities.java:207)
at CommonMethodsAndUtilities.CommonMethodsAndUtilities.getRandomValue(CommonMethodsAndUtilities.java:207)
at CommonMethodsAndUtilities.CommonMethodsAndUtilities.getRandomValue(CommonMethodsAndUtilities.java:207)
at CommonMethodsAndUtilities.CommonMethodsAndUtilities.getRandomValue(CommonMethodsAndUtilities.java:207)
at CommonMethodsAndUtilities.CommonMethodsAndUtilities.getRandomValue(CommonMethodsAndUtilities.java:207)
at CommonMethodsAndUtilities.CommonMethodsAndUtilities.getRandomValue(CommonMethodsAndUtilities.java:207)
at CommonMethodsAndUtilities.CommonMethodsAndUtilities.getRandomValue(CommonMethodsAndUtilities.java:207)
at CommonMethodsAndUtilities.CommonMethodsAndUtilities.getRandomValue(CommonMethodsAndUtilities.java:207)
at CommonMethodsAndUtilities.CommonMethodsAndUtilities.getRandomValue(CommonMethodsAndUtilities.java:207)
at CommonMethodsAndUtilities.CommonMethodsAndUtilities.getRandomValue(CommonMethodsAndUtilities.java:207)
at CommonMethodsAndUtilities.CommonMethodsAndUtilities.getRandomValue(CommonMethodsAndUtilities.java:207)
at CommonMethodsAndUtilities.CommonMethodsAndUtilities.getRandomValue(CommonMethodsAndUtilities.java:207)
at CommonMethodsAndUtilities.CommonMethodsAndUtilities.getRandomValue(CommonMethodsAndUtilities.java:207)
at CommonMethodsAndUtilities.CommonMethodsAndUtilities.getRandomValue(CommonMethodsAndUtilities.java:207)
at CommonMethodsAndUtilities.CommonMethodsAndUtilities.getRandomValue(CommonMethodsAndUtilities.java:207)
at CommonMethodsAndUtilities.CommonMethodsAndUtilities.getRandomValue(CommonMethodsAndUtilities.java:207)
at CommonMethodsAndUtilities.CommonMethodsAndUtilities.getRandomValue(CommonMethodsAndUtilities.java:207)
at CommonMethodsAndUtilities.CommonMethodsAndUtilities.getRandomValue(CommonMethodsAndUtilities.java:207)
at CommonMethodsAndUtilities.CommonMethodsAndUtilities.getRandomValue(CommonMethodsAndUtilities.java:207)
at CommonMethodsAndUtilities.CommonMethodsAndUtilities.getRandomValue(CommonMethodsAndUtilities.java:207)
at CommonMethodsAndUtilities.CommonMethodsAndUtilities.getRandomValue(CommonMethodsAndUtilities.java:207)
at CommonMethodsAndUtilities.CommonMethodsAndUtilities.getRandomValue(CommonMethodsAndUtilities.java:207)
at CommonMethodsAndUtilities.CommonMethodsAndUtilities.getRandomValue(CommonMethodsAndUtilities.java:207)
at CommonMethodsAndUtilities.CommonMethodsAndUtilities.getRandomValue(CommonMethodsAndUtilities.java:207)
at CommonMethodsAndUtilities.CommonMethodsAndUtilities.getRandomValue(CommonMethodsAndUtilities.java:207)
at CommonMethodsAndUtilities.CommonMethodsAndUtilities.getRandomValue(CommonMethodsAndUtilities.java:207)
at CommonMethodsAndUtilities.CommonMethodsAndUtilities.getRandomValue(CommonMethodsAndUtilities.java:207)
at CommonMethodsAndUtilities.CommonMethodsAndUtilities.getRandomValue(CommonMethodsAndUtilities.java:207)
at CommonMethodsAndUtilities.CommonMethodsAndUtilities.getRandomValue(CommonMethodsAndUtilities.java:207)
at CommonMethodsAndUtilities.CommonMethodsAndUtilities.getRandomValue(CommonMethodsAndUtilities.java:207)
at CommonMethodsAndUtilities.CommonMethodsAndUtilities.getRandomValue(CommonMethodsAndUtilities.java:207)
at CommonMethodsAndUtilities.CommonMethodsAndUtilities.getRandomValue(CommonMethodsAndUtilities.java:207)
at CommonMethodsAndUtilities.CommonMethodsAndUtilities.getRandomValue(CommonMethodsAndUtilities.java:207)
at CommonMethodsAndUtilities.CommonMethodsAndUtilities.getRandomValue(CommonMethodsAndUtilities.java:207)
at CommonMethodsAndUtilities.CommonMethodsAndUtilities.getRandomValue(CommonMethodsAndUtilities.java:207)
at CommonMethodsAndUtilities.CommonMethodsAndUtilities.getRandomValue(CommonMethodsAndUtilities.java:207)
at CommonMethodsAndUtilities.CommonMethodsAndUtilities.getRandomValue(CommonMethodsAndUtilities.java:207)
at CommonMethodsAndUtilities.CommonMethodsAndUtilities.getRandomValue(CommonMethodsAndUtilities.java:207)
at CommonMethodsAndUtilities.CommonMethodsAndUtilities.getRandomValue(CommonMethodsAndUtilities.java:207)
at CommonMethodsAndUtilities.CommonMethodsAndUtilities.getRandomValue(CommonMethodsAndUtilities.java:207)
at CommonMethodsAndUtilities.CommonMethodsAndUtilities.getRandomValue(CommonMethodsAndUtilities.java:207)
at CommonMethodsAndUtilities.CommonMethodsAndUtilities.getRandomValue(CommonMethodsAndUtilities.java:207)
at CommonMethodsAndUtilities.CommonMethodsAndUtilities.getRandomValue(CommonMethodsAndUtilities.java:207)
at CommonMethodsAndUtilities.CommonMethodsAndUtilities.getRandomValue(CommonMethodsAndUtilities.java:207)
at CommonMethodsAndUtilities.CommonMethodsAndUtilities.getRandomValue(CommonMethodsAndUtilities.java:207)
at CommonMethodsAndUtilities.CommonMethodsAndUtilities.getRandomValue(CommonMethodsAndUtilities.java:207)
at CommonMethodsAndUtilities.CommonMethodsAndUtilities.getRandomValue(CommonMethodsAndUtilities.java:207)
at CommonMethodsAndUtilities.CommonMethodsAndUtilities.getRandomValue(CommonMethodsAndUtilities.java:207)
at CommonMethodsAndUtilities.CommonMethodsAndUtilities.getRandomValue(CommonMethodsAndUtilities.java:207)
at CommonMethodsAndUtilities.CommonMethodsAndUtilities.getRandomValue(CommonMethodsAndUtilities.java:207)
at CommonMethodsAndUtilities.CommonMethodsAndUtilities.getRandomValue(CommonMethodsAndUtilities.java:207)
at CommonMethodsAndUtilities.CommonMethodsAndUtilities.getRandomValue(CommonMethodsAndUtilities.java:207)
at CommonMethodsAndUtilities.CommonMethodsAndUtilities.getRandomValue(CommonMethodsAndUtilities.java:207)
at CommonMethodsAndUtilities.CommonMethodsAndUtilities.getRandomValue(CommonMethodsAndUtilities.java:207)
at CommonMethodsAndUtilities.CommonMethodsAndUtilities.getRandomValue(CommonMethodsAndUtilities.java:207)
at CommonMethodsAndUtilities.CommonMethodsAndUtilities.getRandomValue(CommonMethodsAndUtilities.java:207)
at CommonMethodsAndUtilities.CommonMethodsAndUtilities.getRandomValue(CommonMethodsAndUtilities.java:207)
at CommonMethodsAndUtilities.CommonMethodsAndUtilities.getRandomValue(CommonMethodsAndUtilities.java:207)
at CommonMethodsAndUtilities.CommonMethodsAndUtilities.getRandomValue(CommonMethodsAndUtilities.java:207)
at CommonMethodsAndUtilities.CommonMethodsAndUtilities.getRandomValue(CommonMethodsAndUtilities.java:207)
at CommonMethodsAndUtilities.CommonMethodsAndUtilities.getRandomValue(CommonMethodsAndUtilities.java:207)
at CommonMethodsAndUtilities.CommonMethodsAndUtilities.getRandomValue(CommonMethodsAndUtilities.java:207)
at CommonMethodsAndUtilities.CommonMethodsAndUtilities.getRandomValue(CommonMethodsAndUtilities.java:207)
at CommonMethodsAndUtilities.CommonMethodsAndUtilities.getRandomValue(CommonMethodsAndUtilities.java:207)
at CommonMethodsAndUtilities.CommonMethodsAndUtilities.getRandomValue(CommonMethodsAndUtilities.java:207)
at CommonMethodsAndUtilities.CommonMethodsAndUtilities.getRandomValue(CommonMethodsAndUtilities.java:207)
at CommonMethodsAndUtilities.CommonMethodsAndUtilities.getRandomValue(CommonMethodsAndUtilities.java:207)
at CommonMethodsAndUtilities.CommonMethodsAndUtilities.getRandomValue(CommonMethodsAndUtilities.java:207)
at CommonMethodsAndUtilities.CommonMethodsAndUtilities.getRandomValue(CommonMethodsAndUtilities.java:207)
at CommonMethodsAndUtilities.CommonMethodsAndUtilities.getRandomValue(CommonMethodsAndUtilities.java:207)
at CommonMethodsAndUtilities.CommonMethodsAndUtilities.getRandomValue(CommonMethodsAndUtilities.java:207)
at CommonMethodsAndUtilities.CommonMethodsAndUtilities.getRandomValue(CommonMethodsAndUtilities.java:207)
at CommonMethodsAndUtilities.CommonMethodsAndUtilities.getRandomValue(CommonMethodsAndUtilities.java:207)
at CommonMethodsAndUtilities.CommonMethodsAndUtilities.getRandomValue(CommonMethodsAndUtilities.java:207)
at CommonMethodsAndUtilities.CommonMethodsAndUtilities.getRandomValue(CommonMethodsAndUtilities.java:207)
at CommonMethodsAndUtilities.CommonMethodsAndUtilities.getRandomValue(CommonMethodsAndUtilities.java:207)
at CommonMethodsAndUtilities.CommonMethodsAndUtilities.getRandomValue(CommonMethodsAndUtilities.java:207)
at CommonMethodsAndUtilities.CommonMethodsAndUtilities.getRandomValue(CommonMethodsAndUtilities.java:207)
at CommonMethodsAndUtilities.CommonMethodsAndUtilities.getRandomValue(CommonMethodsAndUtilities.java:207)
at CommonMethodsAndUtilities.CommonMethodsAndUtilities.getRandomValue(CommonMethodsAndUtilities.java:207)
at CommonMethodsAndUtilities.CommonMethodsAndUtilities.getRandomValue(CommonMethodsAndUtilities.java:207)
at CommonMethodsAndUtilities.CommonMethodsAndUtilities.getRandomValue(CommonMethodsAndUtilities.java:207)
at CommonMethodsAndUtilities.CommonMethodsAndUtilities.getRandomValue(CommonMethodsAndUtilities.java:207)
at CommonMethodsAndUtilities.CommonMethodsAndUtilities.getRandomValue(CommonMethodsAndUtilities.java:207)
at CommonMethodsAndUtilities.CommonMethodsAndUtilities.getRandomValue(CommonMethodsAndUtilities.java:207)
at CommonMethodsAndUtilities.CommonMethodsAndUtilities.getRandomValue(CommonMethodsAndUtilities.java:207)
at CommonMethodsAndUtilities.CommonMethodsAndUtilities.getRandomValue(CommonMethodsAndUtilities.java:207)
at CommonMethodsAndUtilities.CommonMethodsAndUtilities.getRandomValue(CommonMethodsAndUtilities.java:207)
at CommonMethodsAndUtilities.CommonMethodsAndUtilities.getRandomValue(CommonMethodsAndUtilities.java:207)
at CommonMethodsAndUtilities.CommonMethodsAndUtilities.getRandomValue(CommonMethodsAndUtilities.java:207)
at CommonMethodsAndUtilities.CommonMethodsAndUtilities.getRandomValue(CommonMethodsAndUtilities.java:207)
at CommonMethodsAndUtilities.CommonMethodsAndUtilities.getRandomValue(CommonMethodsAndUtilities.java:207)
at CommonMethodsAndUtilities.CommonMethodsAndUtilities.getRandomValue(CommonMethodsAndUtilities.java:207)
at CommonMethodsAndUtilities.CommonMethodsAndUtilities.getRandomValue(CommonMethodsAndUtilities.java:207)
at CommonMethodsAndUtilities.CommonMethodsAndUtilities.getRandomValue(CommonMethodsAndUtilities.java:207)
at CommonMethodsAndUtilities.CommonMethodsAndUtilities.getRandomValue(CommonMethodsAndUtilities.java:207)
at CommonMethodsAndUtilities.CommonMethodsAndUtilities.getRandomValue(CommonMethodsAndUtilities.java:207)
at CommonMethodsAndUtilities.CommonMethodsAndUtilities.getRandomValue(CommonMethodsAndUtilities.java:207)
at CommonMethodsAndUtilities.CommonMethodsAndUtilities.getRandomValue(CommonMethodsAndUtilities.java:207)
at CommonMethodsAndUtilities.CommonMethodsAndUtilities.getRandomValue(CommonMethodsAndUtilities.java:207)
at CommonMethodsAndUtilities.CommonMethodsAndUtilities.getRandomValue(CommonMethodsAndUtilities.java:207)
at CommonMethodsAndUtilities.CommonMethodsAndUtilities.getRandomValue(CommonMethodsAndUtilities.java:207)
at CommonMethodsAndUtilities.CommonMethodsAndUtilities.getRandomValue(CommonMethodsAndUtilities.java:207)
at CommonMethodsAndUtilities.CommonMethodsAndUtilities.getRandomValue(CommonMethodsAndUtilities.java:207)
at CommonMethodsAndUtilities.CommonMethodsAndUtilities.getRandomValue(CommonMethodsAndUtilities.java:207)
at CommonMethodsAndUtilities.CommonMethodsAndUtilities.getRandomValue(CommonMethodsAndUtilities.java:207)
at CommonMethodsAndUtilities.CommonMethodsAndUtilities.getRandomValue(CommonMethodsAndUtilities.java:207)
at CommonMethodsAndUtilities.CommonMethodsAndUtilities.getRandomValue(CommonMethodsAndUtilities.java:207)
at CommonMethodsAndUtilities.CommonMethodsAndUtilities.getRandomValue(CommonMethodsAndUtilities.java:207)
at CommonMethodsAndUtilities.CommonMethodsAndUtilities.getRandomValue(CommonMethodsAndUtilities.java:207)
at CommonMethodsAndUtilities.CommonMethodsAndUtilities.getRandomValue(CommonMethodsAndUtilities.java:207)
at CommonMethodsAndUtilities.CommonMethodsAndUtilities.getRandomValue(CommonMethodsAndUtilities.java:207)
at CommonMethodsAndUtilities.CommonMethodsAndUtilities.getRandomValue(CommonMethodsAndUtilities.java:207)
at CommonMethodsAndUtilities.CommonMethodsAndUtilities.getRandomValue(CommonMethodsAndUtilities.java:207)
at CommonMethodsAndUtilities.CommonMethodsAndUtilities.getRandomValue(CommonMethodsAndUtilities.java:207)
at CommonMethodsAndUtilities.CommonMethodsAndUtilities.getRandomValue(CommonMethodsAndUtilities.java:207)
at CommonMethodsAndUtilities.CommonMethodsAndUtilities.getRandomValue(CommonMethodsAndUtilities.java:207)
at CommonMethodsAndUtilities.CommonMethodsAndUtilities.getRandomValue(CommonMethodsAndUtilities.java:207)
at CommonMethodsAndUtilities.CommonMethodsAndUtilities.getRandomValue(CommonMethodsAndUtilities.java:207)
at CommonMethodsAndUtilities.CommonMethodsAndUtilities.getRandomValue(CommonMethodsAndUtilities.java:207)
at CommonMethodsAndUtilities.CommonMethodsAndUtilities.getRandomValue(CommonMethodsAndUtilities.java:207)
at CommonMethodsAndUtilities.CommonMethodsAndUtilities.getRandomValue(CommonMethodsAndUtilities.java:207)
at CommonMethodsAndUtilities.CommonMethodsAndUtilities.getRandomValue(CommonMethodsAndUtilities.java:207)
at CommonMethodsAndUtilities.CommonMethodsAndUtilities.getRandomValue(CommonMethodsAndUtilities.java:207)
at CommonMethodsAndUtilities.CommonMethodsAndUtilities.getRandomValue(CommonMethodsAndUtilities.java:207)
at CommonMethodsAndUtilities.CommonMethodsAndUtilities.getRandomValue(CommonMethodsAndUtilities.java:207)
at CommonMethodsAndUtilities.CommonMethodsAndUtilities.getRandomValue(CommonMethodsAndUtilities.java:207)
at CommonMethodsAndUtilities.CommonMethodsAndUtilities.getRandomValue(CommonMethodsAndUtilities.java:207)
at CommonMethodsAndUtilities.CommonMethodsAndUtilities.getRandomValue(CommonMethodsAndUtilities.java:207)
at CommonMethodsAndUtilities.CommonMethodsAndUtilities.getRandomValue(CommonMethodsAndUtilities.java:207)
at CommonMethodsAndUtilities.CommonMethodsAndUtilities.getRandomValue(CommonMethodsAndUtilities.java:207)
at CommonMethodsAndUtilities.CommonMethodsAndUtilities.getRandomValue(CommonMethodsAndUtilities.java:207)
at CommonMethodsAndUtilities.CommonMethodsAndUtilities.getRandomValue(CommonMethodsAndUtilities.java:207)
at CommonMethodsAndUtilities.CommonMethodsAndUtilities.getRandomValue(CommonMethodsAndUtilities.java:207)
at CommonMethodsAndUtilities.CommonMethodsAndUtilities.getRandomValue(CommonMethodsAndUtilities.java:207)
at CommonMethodsAndUtilities.CommonMethodsAndUtilities.getRandomValue(CommonMethodsAndUtilities.java:207)
at CommonMethodsAndUtilities.CommonMethodsAndUtilities.getRandomValue(CommonMethodsAndUtilities.java:207)
at CommonMethodsAndUtilities.CommonMethodsAndUtilities.getRandomValue(CommonMethodsAndUtilities.java:207)
at CommonMethodsAndUtilities.CommonMethodsAndUtilities.getRandomValue(CommonMethodsAndUtilities.java:207)
at CommonMethodsAndUtilities.CommonMethodsAndUtilities.getRandomValue(CommonMethodsAndUtilities.java:207)
at CommonMethodsAndUtilities.CommonMethodsAndUtilities.getRandomValue(CommonMethodsAndUtilities.java:207)
at CommonMethodsAndUtilities.CommonMethodsAndUtilities.getRandomValue(CommonMethodsAndUtilities.java:207)
at CommonMethodsAndUtilities.CommonMethodsAndUtilities.getRandomValue(CommonMethodsAndUtilities.java:207)
at CommonMethodsAndUtilities.CommonMethodsAndUtilities.getRandomValue(CommonMethodsAndUtilities.java:207)
at CommonMethodsAndUtilities.CommonMethodsAndUtilities.getRandomValue(CommonMethodsAndUtilities.java:207)
at CommonMethodsAndUtilities.CommonMethodsAndUtilities.getRandomValue(CommonMethodsAndUtilities.java:207)
at CommonMethodsAndUtilities.CommonMethodsAndUtilities.getRandomValue(CommonMethodsAndUtilities.java:207)
at CommonMethodsAndUtilities.CommonMethodsAndUtilities.getRandomValue(CommonMethodsAndUtilities.java:207)
at CommonMethodsAndUtilities.CommonMethodsAndUtilities.getRandomValue(CommonMethodsAndUtilities.java:207)
at CommonMethodsAndUtilities.CommonMethodsAndUtilities.getRandomValue(CommonMethodsAndUtilities.java:207)
at CommonMethodsAndUtilities.CommonMethodsAndUtilities.getRandomValue(CommonMethodsAndUtilities.java:207)
at CommonMethodsAndUtilities.CommonMethodsAndUtilities.getRandomValue(CommonMethodsAndUtilities.java:207)
at CommonMethodsAndUtilities.CommonMethodsAndUtilities.getRandomValue(CommonMethodsAndUtilities.java:207)
at CommonMethodsAndUtilities.CommonMethodsAndUtilities.getRandomValue(CommonMethodsAndUtilities.java:207)
at CommonMethodsAndUtilities.CommonMethodsAndUtilities.getRandomValue(CommonMethodsAndUtilities.java:207)
at CommonMethodsAndUtilities.CommonMethodsAndUtilities.getRandomValue(CommonMethodsAndUtilities.java:207)
at CommonMethodsAndUtilities.CommonMethodsAndUtilities.getRandomValue(CommonMethodsAndUtilities.java:207)
at CommonMethodsAndUtilities.CommonMethodsAndUtilities.getRandomValue(CommonMethodsAndUtilities.java:207)
at CommonMethodsAndUtilities.CommonMethodsAndUtilities.getRandomValue(CommonMethodsAndUtilities.java:207)
at CommonMethodsAndUtilities.CommonMethodsAndUtilities.getRandomValue(CommonMethodsAndUtilities.java:207)
at CommonMethodsAndUtilities.CommonMethodsAndUtilities.getRandomValue(CommonMethodsAndUtilities.java:207)
at CommonMethodsAndUtilities.CommonMethodsAndUtilities.getRandomValue(CommonMethodsAndUtilities.java:207)
at CommonMethodsAndUtilities.CommonMethodsAndUtilities.getRandomValue(CommonMethodsAndUtilities.java:207)
at CommonMethodsAndUtilities.CommonMethodsAndUtilities.getRandomValue(CommonMethodsAndUtilities.java:207)
at CommonMethodsAndUtilities.CommonMethodsAndUtilities.getRandomValue(CommonMethodsAndUtilities.java:207)
at CommonMethodsAndUtilities.CommonMethodsAndUtilities.getRandomValue(CommonMethodsAndUtilities.java:207)
at CommonMethodsAndUtilities.CommonMethodsAndUtilities.getRandomValue(CommonMethodsAndUtilities.java:207)
at CommonMethodsAndUtilities.CommonMethodsAndUtilities.getRandomValue(CommonMethodsAndUtilities.java:207)
at CommonMethodsAndUtilities.CommonMethodsAndUtilities.getRandomValue(CommonMethodsAndUtilities.java:207)
at CommonMethodsAndUtilities.CommonMethodsAndUtilities.getRandomValue(CommonMethodsAndUtilities.java:207)
at CommonMethodsAndUtilities.CommonMethodsAndUtilities.getRandomValue(CommonMethodsAndUtilities.java:207)
at CommonMethodsAndUtilities.CommonMethodsAndUtilities.getRandomValue(CommonMethodsAndUtilities.java:207)
at CommonMethodsAndUtilities.CommonMethodsAndUtilities.getRandomValue(CommonMethodsAndUtilities.java:207)
at CommonMethodsAndUtilities.CommonMethodsAndUtilities.getRandomValue(CommonMethodsAndUtilities.java:207)
at CommonMethodsAndUtilities.CommonMethodsAndUtilities.getRandomValue(CommonMethodsAndUtilities.java:207)
at CommonMethodsAndUtilities.CommonMethodsAndUtilities.getRandomValue(CommonMethodsAndUtilities.java:207)
at CommonMethodsAndUtilities.CommonMethodsAndUtilities.getRandomValue(CommonMethodsAndUtilities.java:207)
at CommonMethodsAndUtilities.CommonMethodsAndUtilities.getRandomValue(CommonMethodsAndUtilities.java:207)
at CommonMethodsAndUtilities.CommonMethodsAndUtilities.getRandomValue(CommonMethodsAndUtilities.java:207)
at CommonMethodsAndUtilities.CommonMethodsAndUtilities.getRandomValue(CommonMethodsAndUtilities.java:207)
at CommonMethodsAndUtilities.CommonMethodsAndUtilities.getRandomValue(CommonMethodsAndUtilities.java:207)
at CommonMethodsAndUtilities.CommonMethodsAndUtilities.getRandomValue(CommonMethodsAndUtilities.java:207)
at CommonMethodsAndUtilities.CommonMethodsAndUtilities.getRandomValue(CommonMethodsAndUtilities.java:207)
at CommonMethodsAndUtilities.CommonMethodsAndUtilities.getRandomValue(CommonMethodsAndUtilities.java:207)
at CommonMethodsAndUtilities.CommonMethodsAndUtilities.getRandomValue(CommonMethodsAndUtilities.java:207)
at CommonMethodsAndUtilities.CommonMethodsAndUtilities.getRandomValue(CommonMethodsAndUtilities.java:207)
at CommonMethodsAndUtilities.CommonMethodsAndUtilities.getRandomValue(CommonMethodsAndUtilities.java:207)
at CommonMethodsAndUtilities.CommonMethodsAndUtilities.getRandomValue(CommonMethodsAndUtilities.java:207)
at CommonMethodsAndUtilities.CommonMethodsAndUtilities.getRandomValue(CommonMethodsAndUtilities.java:207)
at CommonMethodsAndUtilities.CommonMethodsAndUtilities.getRandomValue(CommonMethodsAndUtilities.java:207)
at CommonMethodsAndUtilities.CommonMethodsAndUtilities.getRandomValue(CommonMethodsAndUtilities.java:207)
at CommonMethodsAndUtilities.CommonMethodsAndUtilities.getRandomValue(CommonMethodsAndUtilities.java:207)
at CommonMethodsAndUtilities.CommonMethodsAndUtilities.getRandomValue(CommonMethodsAndUtilities.java:207)
at CommonMethodsAndUtilities.CommonMethodsAndUtilities.getRandomValue(CommonMethodsAndUtilities.java:207)
at CommonMethodsAndUtilities.CommonMethodsAndUtilities.getRandomValue(CommonMethodsAndUtilities.java:207)
at CommonMethodsAndUtilities.CommonMethodsAndUtilities.getRandomValue(CommonMethodsAndUtilities.java:207)
at CommonMethodsAndUtilities.CommonMethodsAndUtilities.getRandomValue(CommonMethodsAndUtilities.java:207)
at CommonMethodsAndUtilities.CommonMethodsAndUtilities.getRandomValue(CommonMethodsAndUtilities.java:207)
at CommonMethodsAndUtilities.CommonMethodsAndUtilities.getRandomValue(CommonMethodsAndUtilities.java:207)
at CommonMethodsAndUtilities.CommonMethodsAndUtilities.getRandomValue(CommonMethodsAndUtilities.java:207)
at CommonMethodsAndUtilities.CommonMethodsAndUtilities.getRandomValue(CommonMethodsAndUtilities.java:207)
at CommonMethodsAndUtilities.CommonMethodsAndUtilities.getRandomValue(CommonMethodsAndUtilities.java:207)
at CommonMethodsAndUtilities.CommonMethodsAndUtilities.getRandomValue(CommonMethodsAndUtilities.java:207)
at CommonMethodsAndUtilities.CommonMethodsAndUtilities.getRandomValue(CommonMethodsAndUtilities.java:207)
at CommonMethodsAndUtilities.CommonMethodsAndUtilities.getRandomValue(CommonMethodsAndUtilities.java:207)
at CommonMethodsAndUtilities.CommonMethodsAndUtilities.getRandomValue(CommonMethodsAndUtilities.java:207)
at CommonMethodsAndUtilities.CommonMethodsAndUtilities.getRandomValue(CommonMethodsAndUtilities.java:207)
at CommonMethodsAndUtilities.CommonMethodsAndUtilities.getRandomValue(CommonMethodsAndUtilities.java:207)
at CommonMethodsAndUtilities.CommonMethodsAndUtilities.getRandomValue(CommonMethodsAndUtilities.java:207)
at CommonMethodsAndUtilities.CommonMethodsAndUtilities.getRandomValue(CommonMethodsAndUtilities.java:207)
at CommonMethodsAndUtilities.CommonMethodsAndUtilities.getRandomValue(CommonMethodsAndUtilities.java:207)
at CommonMethodsAndUtilities.CommonMethodsAndUtilities.getRandomValue(CommonMethodsAndUtilities.java:207)
at CommonMethodsAndUtilities.CommonMethodsAndUtilities.getRandomValue(CommonMethodsAndUtilities.java:207)
at CommonMethodsAndUtilities.CommonMethodsAndUtilities.getRandomValue(CommonMethodsAndUtilities.java:207)
at CommonMethodsAndUtilities.CommonMethodsAndUtilities.getRandomValue(CommonMethodsAndUtilities.java:207)
at CommonMethodsAndUtilities.CommonMethodsAndUtilities.getRandomValue(CommonMethodsAndUtilities.java:207)
at CommonMethodsAndUtilities.CommonMethodsAndUtilities.getRandomValue(CommonMethodsAndUtilities.java:207)
at CommonMethodsAndUtilities.CommonMethodsAndUtilities.getRandomValue(CommonMethodsAndUtilities.java:207)
at CommonMethodsAndUtilities.CommonMethodsAndUtilities.getRandomValue(CommonMethodsAndUtilities.java:207)
at CommonMethodsAndUtilities.CommonMethodsAndUtilities.getRandomValue(CommonMethodsAndUtilities.java:207)
at CommonMethodsAndUtilities.CommonMethodsAndUtilities.getRandomValue(CommonMethodsAndUtilities.java:207)
at CommonMethodsAndUtilities.CommonMethodsAndUtilities.getRandomValue(CommonMethodsAndUtilities.java:207)
at CommonMethodsAndUtilities.CommonMethodsAndUtilities.getRandomValue(CommonMethodsAndUtilities.java:207)
at CommonMethodsAndUtilities.CommonMethodsAndUtilities.getRandomValue(CommonMethodsAndUtilities.java:207)
at CommonMethodsAndUtilities.CommonMethodsAndUtilities.getRandomValue(CommonMethodsAndUtilities.java:207)
at CommonMethodsAndUtilities.CommonMethodsAndUtilities.getRandomValue(CommonMethodsAndUtilities.java:207)
at CommonMethodsAndUtilities.CommonMethodsAndUtilities.getRandomValue(CommonMethodsAndUtilities.java:207)
at CommonMethodsAndUtilities.CommonMethodsAndUtilities.getRandomValue(CommonMethodsAndUtilities.java:207)
at CommonMethodsAndUtilities.CommonMethodsAndUtilities.getRandomValue(CommonMethodsAndUtilities.java:207)
at CommonMethodsAndUtilities.CommonMethodsAndUtilities.getRandomValue(CommonMethodsAndUtilities.java:207)
at CommonMethodsAndUtilities.CommonMethodsAndUtilities.getRandomValue(CommonMethodsAndUtilities.java:207)
at CommonMethodsAndUtilities.CommonMethodsAndUtilities.getRandomValue(CommonMethodsAndUtilities.java:207)
at CommonMethodsAndUtilities.CommonMethodsAndUtilities.getRandomValue(CommonMethodsAndUtilities.java:207)
at CommonMethodsAndUtilities.CommonMethodsAndUtilities.getRandomValue(CommonMethodsAndUtilities.java:207)
at CommonMethodsAndUtilities.CommonMethodsAndUtilities.getRandomValue(CommonMethodsAndUtilities.java:207)
at CommonMethodsAndUtilities.CommonMethodsAndUtilities.getRandomValue(CommonMethodsAndUtilities.java:207)
at CommonMethodsAndUtilities.CommonMethodsAndUtilities.getRandomValue(CommonMethodsAndUtilities.java:207)
at CommonMethodsAndUtilities.CommonMethodsAndUtilities.getRandomValue(CommonMethodsAndUtilities.java:207)
at CommonMethodsAndUtilities.CommonMethodsAndUtilities.getRandomValue(CommonMethodsAndUtilities.java:207)
at CommonMethodsAndUtilities.CommonMethodsAndUtilities.getRandomValue(CommonMethodsAndUtilities.java:207)
at CommonMethodsAndUtilities.CommonMethodsAndUtilities.getRandomValue(CommonMethodsAndUtilities.java:207)
at CommonMethodsAndUtilities.CommonMethodsAndUtilities.getRandomValue(CommonMethodsAndUtilities.java:207)
at CommonMethodsAndUtilities.CommonMethodsAndUtilities.getRandomValue(CommonMethodsAndUtilities.java:207)
at CommonMethodsAndUtilities.CommonMethodsAndUtilities.getRandomValue(CommonMethodsAndUtilities.java:207)
at CommonMethodsAndUtilities.CommonMethodsAndUtilities.getRandomValue(CommonMethodsAndUtilities.java:207)
at CommonMethodsAndUtilities.CommonMethodsAndUtilities.getRandomValue(CommonMethodsAndUtilities.java:207)
at CommonMethodsAndUtilities.CommonMethodsAndUtilities.getRandomValue(CommonMethodsAndUtilities.java:207)
at CommonMethodsAndUtilities.CommonMethodsAndUtilities.getRandomValue(CommonMethodsAndUtilities.java:207)
at CommonMethodsAndUtilities.CommonMethodsAndUtilities.getRandomValue(CommonMethodsAndUtilities.java:207)
at CommonMethodsAndUtilities.CommonMethodsAndUtilities.getRandomValue(CommonMethodsAndUtilities.java:207)
at CommonMethodsAndUtilities.CommonMethodsAndUtilities.getRandomValue(CommonMethodsAndUtilities.java:207)
at CommonMethodsAndUtilities.CommonMethodsAndUtilities.getRandomValue(CommonMethodsAndUtilities.java:207)
at CommonMethodsAndUtilities.CommonMethodsAndUtilities.getRandomValue(CommonMethodsAndUtilities.java:207)
at CommonMethodsAndUtilities.CommonMethodsAndUtilities.getRandomValue(CommonMethodsAndUtilities.java:207)
at CommonMethodsAndUtilities.CommonMethodsAndUtilities.getRandomValue(CommonMethodsAndUtilities.java:207)
at CommonMethodsAndUtilities.CommonMethodsAndUtilities.getRandomValue(CommonMethodsAndUtilities.java:207)
at CommonMethodsAndUtilities.CommonMethodsAndUtilities.getRandomValue(CommonMethodsAndUtilities.java:207)
at CommonMethodsAndUtilities.CommonMethodsAndUtilities.getRandomValue(CommonMethodsAndUtilities.java:207)
at CommonMethodsAndUtilities.CommonMethodsAndUtilities.getRandomValue(CommonMethodsAndUtilities.java:207)
at CommonMethodsAndUtilities.CommonMethodsAndUtilities.getRandomValue(CommonMethodsAndUtilities.java:207)
at CommonMethodsAndUtilities.CommonMethodsAndUtilities.getRandomValue(CommonMethodsAndUtilities.java:207)
at CommonMethodsAndUtilities.CommonMethodsAndUtilities.getRandomValue(CommonMethodsAndUtilities.java:207)
at CommonMethodsAndUtilities.CommonMethodsAndUtilities.getRandomValue(CommonMethodsAndUtilities.java:207)
at CommonMethodsAndUtilities.CommonMethodsAndUtilities.getRandomValue(CommonMethodsAndUtilities.java:207)
at CommonMethodsAndUtilities.CommonMethodsAndUtilities.getRandomValue(CommonMethodsAndUtilities.java:207)
at CommonMethodsAndUtilities.CommonMethodsAndUtilities.getRandomValue(CommonMethodsAndUtilities.java:207)
at CommonMethodsAndUtilities.CommonMethodsAndUtilities.getRandomValue(CommonMethodsAndUtilities.java:207)
at CommonMethodsAndUtilities.CommonMethodsAndUtilities.getRandomValue(CommonMethodsAndUtilities.java:207)
at CommonMethodsAndUtilities.CommonMethodsAndUtilities.getRandomValue(CommonMethodsAndUtilities.java:207)
at CommonMethodsAndUtilities.CommonMethodsAndUtilities.getRandomValue(CommonMethodsAndUtilities.java:207)
at CommonMethodsAndUtilities.CommonMethodsAndUtilities.getRandomValue(CommonMethodsAndUtilities.java:207)
at CommonMethodsAndUtilities.CommonMethodsAndUtilities.getRandomValue(CommonMethodsAndUtilities.java:207)
at CommonMethodsAndUtilities.CommonMethodsAndUtilities.getRandomValue(CommonMethodsAndUtilities.java:207)
at CommonMethodsAndUtilities.CommonMethodsAndUtilities.getRandomValue(CommonMethodsAndUtilities.java:207)
at CommonMethodsAndUtilities.CommonMethodsAndUtilities.getRandomValue(CommonMethodsAndUtilities.java:207)
at CommonMethodsAndUtilities.CommonMethodsAndUtilities.getRandomValue(CommonMethodsAndUtilities.java:207)
at CommonMethodsAndUtilities.CommonMethodsAndUtilities.getRandomValue(CommonMethodsAndUtilities.java:207)
at CommonMethodsAndUtilities.CommonMethodsAndUtilities.getRandomValue(CommonMethodsAndUtilities.java:207)
at CommonMethodsAndUtilities.CommonMethodsAndUtilities.getRandomValue(CommonMethodsAndUtilities.java:207)
at CommonMethodsAndUtilities.CommonMethodsAndUtilities.getRandomValue(CommonMethodsAndUtilities.java:207)
at CommonMethodsAndUtilities.CommonMethodsAndUtilities.getRandomValue(CommonMethodsAndUtilities.java:207)
at CommonMethodsAndUtilities.CommonMethodsAndUtilities.getRandomValue(CommonMethodsAndUtilities.java:207)
at CommonMethodsAndUtilities.CommonMethodsAndUtilities.getRandomValue(CommonMethodsAndUtilities.java:207)
at CommonMethodsAndUtilities.CommonMethodsAndUtilities.getRandomValue(CommonMethodsAndUtilities.java:207)
at CommonMethodsAndUtilities.CommonMethodsAndUtilities.getRandomValue(CommonMethodsAndUtilities.java:207)
at CommonMethodsAndUtilities.CommonMethodsAndUtilities.getRandomValue(CommonMethodsAndUtilities.java:207)
at CommonMethodsAndUtilities.CommonMethodsAndUtilities.getRandomValue(CommonMethodsAndUtilities.java:207)
at CommonMethodsAndUtilities.CommonMethodsAndUtilities.getRandomValue(CommonMethodsAndUtilities.java:207)
at CommonMethodsAndUtilities.CommonMethodsAndUtilities.getRandomValue(CommonMethodsAndUtilities.java:207)
at CommonMethodsAndUtilities.CommonMethodsAndUtilities.getRandomValue(CommonMethodsAndUtilities.java:207)
at CommonMethodsAndUtilities.CommonMethodsAndUtilities.getRandomValue(CommonMethodsAndUtilities.java:207)
at CommonMethodsAndUtilities.CommonMethodsAndUtilities.getRandomValue(CommonMethodsAndUtilities.java:207)
at CommonMethodsAndUtilities.CommonMethodsAndUtilities.getRandomValue(CommonMethodsAndUtilities.java:207)
at CommonMethodsAndUtilities.CommonMethodsAndUtilities.getRandomValue(CommonMethodsAndUtilities.java:207)
at CommonMethodsAndUtilities.CommonMethodsAndUtilities.getRandomValue(CommonMethodsAndUtilities.java:207)
at CommonMethodsAndUtilities.CommonMethodsAndUtilities.getRandomValue(CommonMethodsAndUtilities.java:207)
at CommonMethodsAndUtilities.CommonMethodsAndUtilities.getRandomValue(CommonMethodsAndUtilities.java:207)
at CommonMethodsAndUtilities.CommonMethodsAndUtilities.getRandomValue(CommonMethodsAndUtilities.java:207)
at CommonMethodsAndUtilities.CommonMethodsAndUtilities.getRandomValue(CommonMethodsAndUtilities.java:207)
at CommonMethodsAndUtilities.CommonMethodsAndUtilities.getRandomValue(CommonMethodsAndUtilities.java:207)
at CommonMethodsAndUtilities.CommonMethodsAndUtilities.getRandomValue(CommonMethodsAndUtilities.java:207)
at CommonMethodsAndUtilities.CommonMethodsAndUtilities.getRandomValue(CommonMethodsAndUtilities.java:207)
at CommonMethodsAndUtilities.CommonMethodsAndUtilities.getRandomValue(CommonMethodsAndUtilities.java:207)
at CommonMethodsAndUtilities.CommonMethodsAndUtilities.getRandomValue(CommonMethodsAndUtilities.java:207)
at CommonMethodsAndUtilities.CommonMethodsAndUtilities.getRandomValue(CommonMethodsAndUtilities.java:207)
at CommonMethodsAndUtilities.CommonMethodsAndUtilities.getRandomValue(CommonMethodsAndUtilities.java:207)
at CommonMethodsAndUtilities.CommonMethodsAndUtilities.getRandomValue(CommonMethodsAndUtilities.java:207)
at CommonMethodsAndUtilities.CommonMethodsAndUtilities.getRandomValue(CommonMethodsAndUtilities.java:207)
at CommonMethodsAndUtilities.CommonMethodsAndUtilities.getRandomValue(CommonMethodsAndUtilities.java:207)
at CommonMethodsAndUtilities.CommonMethodsAndUtilities.getRandomValue(CommonMethodsAndUtilities.java:207)
at CommonMethodsAndUtilities.CommonMethodsAndUtilities.getRandomValue(CommonMethodsAndUtilities.java:207)
at CommonMethodsAndUtilities.CommonMethodsAndUtilities.getRandomValue(CommonMethodsAndUtilities.java:207)
at CommonMethodsAndUtilities.CommonMethodsAndUtilities.getRandomValue(CommonMethodsAndUtilities.java:207)
at CommonMethodsAndUtilities.CommonMethodsAndUtilities.getRandomValue(CommonMethodsAndUtilities.java:207)
at CommonMethodsAndUtilities.CommonMethodsAndUtilities.getRandomValue(CommonMethodsAndUtilities.java:207)
at CommonMethodsAndUtilities.CommonMethodsAndUtilities.getRandomValue(CommonMethodsAndUtilities.java:207)
at CommonMethodsAndUtilities.CommonMethodsAndUtilities.getRandomValue(CommonMethodsAndUtilities.java:207)
at CommonMethodsAndUtilities.CommonMethodsAndUtilities.getRandomValue(CommonMethodsAndUtilities.java:207)
at CommonMethodsAndUtilities.CommonMethodsAndUtilities.getRandomValue(CommonMethodsAndUtilities.java:207)
at CommonMethodsAndUtilities.CommonMethodsAndUtilities.getRandomValue(CommonMethodsAndUtilities.java:207)
at CommonMethodsAndUtilities.CommonMethodsAndUtilities.getRandomValue(CommonMethodsAndUtilities.java:207)
at CommonMethodsAndUtilities.CommonMethodsAndUtilities.getRandomValue(CommonMethodsAndUtilities.java:207)
at CommonMethodsAndUtilities.CommonMethodsAndUtilities.getRandomValue(CommonMethodsAndUtilities.java:207)
at CommonMethodsAndUtilities.CommonMethodsAndUtilities.getRandomValue(CommonMethodsAndUtilities.java:207)
at CommonMethodsAndUtilities.CommonMethodsAndUtilities.getRandomValue(CommonMethodsAndUtilities.java:207)
at CommonMethodsAndUtilities.CommonMethodsAndUtilities.getRandomValue(CommonMethodsAndUtilities.java:207)
at CommonMethodsAndUtilities.CommonMethodsAndUtilities.getRandomValue(CommonMethodsAndUtilities.java:207)
at CommonMethodsAndUtilities.CommonMethodsAndUtilities.getRandomValue(CommonMethodsAndUtilities.java:207)
at CommonMethodsAndUtilities.CommonMethodsAndUtilities.getRandomValue(CommonMethodsAndUtilities.java:207)
at CommonMethodsAndUtilities.CommonMethodsAndUtilities.getRandomValue(CommonMethodsAndUtilities.java:207)
at CommonMethodsAndUtilities.CommonMethodsAndUtilities.getRandomValue(CommonMethodsAndUtilities.java:207)
at CommonMethodsAndUtilities.CommonMethodsAndUtilities.getRandomValue(CommonMethodsAndUtilities.java:207)
at CommonMethodsAndUtilities.CommonMethodsAndUtilities.getRandomValue(CommonMethodsAndUtilities.java:207)
at CommonMethodsAndUtilities.CommonMethodsAndUtilities.getRandomValue(CommonMethodsAndUtilities.java:207)
at CommonMethodsAndUtilities.CommonMethodsAndUtilities.getRandomValue(CommonMethodsAndUtilities.java:207)
at CommonMethodsAndUtilities.CommonMethodsAndUtilities.getRandomValue(CommonMethodsAndUtilities.java:207)
at CommonMethodsAndUtilities.CommonMethodsAndUtilities.getRandomValue(CommonMethodsAndUtilities.java:207)
at CommonMethodsAndUtilities.CommonMethodsAndUtilities.getRandomValue(CommonMethodsAndUtilities.java:207)
at CommonMethodsAndUtilities.CommonMethodsAndUtilities.getRandomValue(CommonMethodsAndUtilities.java:207)
at CommonMethodsAndUtilities.CommonMethodsAndUtilities.getRandomValue(CommonMethodsAndUtilities.java:207)
at CommonMethodsAndUtilities.CommonMethodsAndUtilities.getRandomValue(CommonMethodsAndUtilities.java:207)
at CommonMethodsAndUtilities.CommonMethodsAndUtilities.getRandomValue(CommonMethodsAndUtilities.java:207)
at CommonMethodsAndUtilities.CommonMethodsAndUtilities.getRandomValue(CommonMethodsAndUtilities.java:207)
at CommonMethodsAndUtilities.CommonMethodsAndUtilities.getRandomValue(CommonMethodsAndUtilities.java:207)
at CommonMethodsAndUtilities.CommonMethodsAndUtilities.getRandomValue(CommonMethodsAndUtilities.java:207)
at CommonMethodsAndUtilities.CommonMethodsAndUtilities.getRandomValue(CommonMethodsAndUtilities.java:207)
at CommonMethodsAndUtilities.CommonMethodsAndUtilities.getRandomValue(CommonMethodsAndUtilities.java:207)
at CommonMethodsAndUtilities.CommonMethodsAndUtilities.getRandomValue(CommonMethodsAndUtilities.java:207)
at CommonMethodsAndUtilities.CommonMethodsAndUtilities.getRandomValue(CommonMethodsAndUtilities.java:207)
at CommonMethodsAndUtilities.CommonMethodsAndUtilities.getRandomValue(CommonMethodsAndUtilities.java:207)
at CommonMethodsAndUtilities.CommonMethodsAndUtilities.getRandomValue(CommonMethodsAndUtilities.java:207)
at CommonMethodsAndUtilities.CommonMethodsAndUtilities.getRandomValue(CommonMethodsAndUtilities.java:207)
at CommonMethodsAndUtilities.CommonMethodsAndUtilities.getRandomValue(CommonMethodsAndUtilities.java:207)
at CommonMethodsAndUtilities.CommonMethodsAndUtilities.getRandomValue(CommonMethodsAndUtilities.java:207)
at CommonMethodsAndUtilities.CommonMethodsAndUtilities.getRandomValue(CommonMethodsAndUtilities.java:207)
at CommonMethodsAndUtilities.CommonMethodsAndUtilities.getRandomValue(CommonMethodsAndUtilities.java:207)
at CommonMethodsAndUtilities.CommonMethodsAndUtilities.getRandomValue(CommonMethodsAndUtilities.java:207)
at CommonMethodsAndUtilities.CommonMethodsAndUtilities.getRandomValue(CommonMethodsAndUtilities.java:207)
at CommonMethodsAndUtilities.CommonMethodsAndUtilities.getRandomValue(CommonMethodsAndUtilities.java:207)
at CommonMethodsAndUtilities.CommonMethodsAndUtilities.getRandomValue(CommonMethodsAndUtilities.java:207)
at CommonMethodsAndUtilities.CommonMethodsAndUtilities.getRandomValue(CommonMethodsAndUtilities.java:207)
at CommonMethodsAndUtilities.CommonMethodsAndUtilities.getRandomValue(CommonMethodsAndUtilities.java:207)
at CommonMethodsAndUtilities.CommonMethodsAndUtilities.getRandomValue(CommonMethodsAndUtilities.java:207)
at CommonMethodsAndUtilities.CommonMethodsAndUtilities.getRandomValue(CommonMethodsAndUtilities.java:207)
at CommonMethodsAndUtilities.CommonMethodsAndUtilities.getRandomValue(CommonMethodsAndUtilities.java:207)
at CommonMethodsAndUtilities.CommonMethodsAndUtilities.getRandomValue(CommonMethodsAndUtilities.java:207)
at CommonMethodsAndUtilities.CommonMethodsAndUtilities.getRandomValue(CommonMethodsAndUtilities.java:207)
at CommonMethodsAndUtilities.CommonMethodsAndUtilities.getRandomValue(CommonMethodsAndUtilities.java:207)
at CommonMethodsAndUtilities.CommonMethodsAndUtilities.getRandomValue(CommonMethodsAndUtilities.java:207)
at CommonMethodsAndUtilities.CommonMethodsAndUtilities.getRandomValue(CommonMethodsAndUtilities.java:207)
at CommonMethodsAndUtilities.CommonMethodsAndUtilities.getRandomValue(CommonMethodsAndUtilities.java:207)
at CommonMethodsAndUtilities.CommonMethodsAndUtilities.getRandomValue(CommonMethodsAndUtilities.java:207)
at CommonMethodsAndUtilities.CommonMethodsAndUtilities.getRandomValue(CommonMethodsAndUtilities.java:207)
at CommonMethodsAndUtilities.CommonMethodsAndUtilities.getRandomValue(CommonMethodsAndUtilities.java:207)
at CommonMethodsAndUtilities.CommonMethodsAndUtilities.getRandomValue(CommonMethodsAndUtilities.java:207)
at CommonMethodsAndUtilities.CommonMethodsAndUtilities.getRandomValue(CommonMethodsAndUtilities.java:207)
at CommonMethodsAndUtilities.CommonMethodsAndUtilities.getRandomValue(CommonMethodsAndUtilities.java:207)
at CommonMethodsAndUtilities.CommonMethodsAndUtilities.getRandomValue(CommonMethodsAndUtilities.java:207)
at CommonMethodsAndUtilities.CommonMethodsAndUtilities.getRandomValue(CommonMethodsAndUtilities.java:207)
at CommonMethodsAndUtilities.CommonMethodsAndUtilities.getRandomValue(CommonMethodsAndUtilities.java:207)
at CommonMethodsAndUtilities.CommonMethodsAndUtilities.getRandomValue(CommonMethodsAndUtilities.java:207)
at CommonMethodsAndUtilities.CommonMethodsAndUtilities.getRandomValue(CommonMethodsAndUtilities.java:207)
at CommonMethodsAndUtilities.CommonMethodsAndUtilities.getRandomValue(CommonMethodsAndUtilities.java:207)
at CommonMethodsAndUtilities.CommonMethodsAndUtilities.getRandomValue(CommonMethodsAndUtilities.java:207)
at CommonMethodsAndUtilities.CommonMethodsAndUtilities.getRandomValue(CommonMethodsAndUtilities.java:207)
at CommonMethodsAndUtilities.CommonMethodsAndUtilities.getRandomValue(CommonMethodsAndUtilities.java:207)
at CommonMethodsAndUtilities.CommonMethodsAndUtilities.getRandomValue(CommonMethodsAndUtilities.java:207)
at CommonMethodsAndUtilities.CommonMethodsAndUtilities.getRandomValue(CommonMethodsAndUtilities.java:207)
at CommonMethodsAndUtilities.CommonMethodsAndUtilities.getRandomValue(CommonMethodsAndUtilities.java:207)
at CommonMethodsAndUtilities.CommonMethodsAndUtilities.getRandomValue(CommonMethodsAndUtilities.java:207)
at CommonMethodsAndUtilities.CommonMethodsAndUtilities.getRandomValue(CommonMethodsAndUtilities.java:207)
at CommonMethodsAndUtilities.CommonMethodsAndUtilities.getRandomValue(CommonMethodsAndUtilities.java:207)
at CommonMethodsAndUtilities.CommonMethodsAndUtilities.getRandomValue(CommonMethodsAndUtilities.java:207)
at CommonMethodsAndUtilities.CommonMethodsAndUtilities.getRandomValue(CommonMethodsAndUtilities.java:207)
at CommonMethodsAndUtilities.CommonMethodsAndUtilities.getRandomValue(CommonMethodsAndUtilities.java:207)
at CommonMethodsAndUtilities.CommonMethodsAndUtilities.getRandomValue(CommonMethodsAndUtilities.java:207)
at CommonMethodsAndUtilities.CommonMethodsAndUtilities.getRandomValue(CommonMethodsAndUtilities.java:207)
at CommonMethodsAndUtilities.CommonMethodsAndUtilities.getRandomValue(CommonMethodsAndUtilities.java:207)
at CommonMethodsAndUtilities.CommonMethodsAndUtilities.getRandomValue(CommonMethodsAndUtilities.java:207)
at CommonMethodsAndUtilities.CommonMethodsAndUtilities.getRandomValue(CommonMethodsAndUtilities.java:207)
at CommonMethodsAndUtilities.CommonMethodsAndUtilities.getRandomValue(CommonMethodsAndUtilities.java:207)
at CommonMethodsAndUtilities.CommonMethodsAndUtilities.getRandomValue(CommonMethodsAndUtilities.java:207)
at CommonMethodsAndUtilities.CommonMethodsAndUtilities.getRandomValue(CommonMethodsAndUtilities.java:207)
at CommonMethodsAndUtilities.CommonMethodsAndUtilities.getRandomValue(CommonMethodsAndUtilities.java:207)
at CommonMethodsAndUtilities.CommonMethodsAndUtilities.getRandomValue(CommonMethodsAndUtilities.java:207)
at CommonMethodsAndUtilities.CommonMethodsAndUtilities.getRandomValue(CommonMethodsAndUtilities.java:207)
at CommonMethodsAndUtilities.CommonMethodsAndUtilities.getRandomValue(CommonMethodsAndUtilities.java:207)
at CommonMethodsAndUtilities.CommonMethodsAndUtilities.getRandomValue(CommonMethodsAndUtilities.java:207)
at CommonMethodsAndUtilities.CommonMethodsAndUtilities.getRandomValue(CommonMethodsAndUtilities.java:207)
at CommonMethodsAndUtilities.CommonMethodsAndUtilities.getRandomValue(CommonMethodsAndUtilities.java:207)
at CommonMethodsAndUtilities.CommonMethodsAndUtilities.getRandomValue(CommonMethodsAndUtilities.java:207)
at CommonMethodsAndUtilities.CommonMethodsAndUtilities.getRandomValue(CommonMethodsAndUtilities.java:207)
at CommonMethodsAndUtilities.CommonMethodsAndUtilities.getRandomValue(CommonMethodsAndUtilities.java:207)
at CommonMethodsAndUtilities.CommonMethodsAndUtilities.getRandomValue(CommonMethodsAndUtilities.java:207)
at CommonMethodsAndUtilities.CommonMethodsAndUtilities.getRandomValue(CommonMethodsAndUtilities.java:207)
at CommonMethodsAndUtilities.CommonMethodsAndUtilities.getRandomValue(CommonMethodsAndUtilities.java:207)
at CommonMethodsAndUtilities.CommonMethodsAndUtilities.getRandomValue(CommonMethodsAndUtilities.java:207)
at CommonMethodsAndUtilities.CommonMethodsAndUtilities.getRandomValue(CommonMethodsAndUtilities.java:207)
at CommonMethodsAndUtilities.CommonMethodsAndUtilities.getRandomValue(CommonMethodsAndUtilities.java:207)
at CommonMethodsAndUtilities.CommonMethodsAndUtilities.getRandomValue(CommonMethodsAndUtilities.java:207)
at CommonMethodsAndUtilities.CommonMethodsAndUtilities.getRandomValue(CommonMethodsAndUtilities.java:207)
at CommonMethodsAndUtilities.CommonMethodsAndUtilities.getRandomValue(CommonMethodsAndUtilities.java:207)
at CommonMethodsAndUtilities.CommonMethodsAndUtilities.getRandomValue(CommonMethodsAndUtilities.java:207)
at CommonMethodsAndUtilities.CommonMethodsAndUtilities.getRandomValue(CommonMethodsAndUtilities.java:207)
at CommonMethodsAndUtilities.CommonMethodsAndUtilities.getRandomValue(CommonMethodsAndUtilities.java:207)
at CommonMethodsAndUtilities.CommonMethodsAndUtilities.getRandomValue(CommonMethodsAndUtilities.java:207)
at CommonMethodsAndUtilities.CommonMethodsAndUtilities.getRandomValue(CommonMethodsAndUtilities.java:207)
at CommonMethodsAndUtilities.CommonMethodsAndUtilities.getRandomValue(CommonMethodsAndUtilities.java:207)
at CommonMethodsAndUtilities.CommonMethodsAndUtilities.getRandomValue(CommonMethodsAndUtilities.java:207)
at CommonMethodsAndUtilities.CommonMethodsAndUtilities.getRandomValue(CommonMethodsAndUtilities.java:207)
at CommonMethodsAndUtilities.CommonMethodsAndUtilities.getRandomValue(CommonMethodsAndUtilities.java:207)
at CommonMethodsAndUtilities.CommonMethodsAndUtilities.getRandomValue(CommonMethodsAndUtilities.java:207)
at CommonMethodsAndUtilities.CommonMethodsAndUtilities.getRandomValue(CommonMethodsAndUtilities.java:207)
at CommonMethodsAndUtilities.CommonMethodsAndUtilities.getRandomValue(CommonMethodsAndUtilities.java:207)
at CommonMethodsAndUtilities.CommonMethodsAndUtilities.getRandomValue(CommonMethodsAndUtilities.java:207)
at CommonMethodsAndUtilities.CommonMethodsAndUtilities.getRandomValue(CommonMethodsAndUtilities.java:207)
at CommonMethodsAndUtilities.CommonMethodsAndUtilities.getRandomValue(CommonMethodsAndUtilities.java:207)
at CommonMethodsAndUtilities.CommonMethodsAndUtilities.getRandomValue(CommonMethodsAndUtilities.java:207)
at CommonMethodsAndUtilities.CommonMethodsAndUtilities.getRandomValue(CommonMethodsAndUtilities.java:207)
at CommonMethodsAndUtilities.CommonMethodsAndUtilities.getRandomValue(CommonMethodsAndUtilities.java:207)
at CommonMethodsAndUtilities.CommonMethodsAndUtilities.getRandomValue(CommonMethodsAndUtilities.java:207)
at CommonMethodsAndUtilities.CommonMethodsAndUtilities.getRandomValue(CommonMethodsAndUtilities.java:207)
at CommonMethodsAndUtilities.CommonMethodsAndUtilities.getRandomValue(CommonMethodsAndUtilities.java:207)
at CommonMethodsAndUtilities.CommonMethodsAndUtilities.getRandomValue(CommonMethodsAndUtilities.java:207)
at CommonMethodsAndUtilities.CommonMethodsAndUtilities.getRandomValue(CommonMethodsAndUtilities.java:207)
at CommonMethodsAndUtilities.CommonMethodsAndUtilities.getRandomValue(CommonMethodsAndUtilities.java:207)
at CommonMethodsAndUtilities.CommonMethodsAndUtilities.getRandomValue(CommonMethodsAndUtilities.java:207)
at CommonMethodsAndUtilities.CommonMethodsAndUtilities.getRandomValue(CommonMethodsAndUtilities.java:207)
at CommonMethodsAndUtilities.CommonMethodsAndUtilities.getRandomValue(CommonMethodsAndUtilities.java:207)
at CommonMethodsAndUtilities.CommonMethodsAndUtilities.getRandomValue(CommonMethodsAndUtilities.java:207)
at CommonMethodsAndUtilities.CommonMethodsAndUtilities.getRandomValue(CommonMethodsAndUtilities.java:207)
at CommonMethodsAndUtilities.CommonMethodsAndUtilities.getRandomValue(CommonMethodsAndUtilities.java:207)
at CommonMethodsAndUtilities.CommonMethodsAndUtilities.getRandomValue(CommonMethodsAndUtilities.java:207)
at CommonMethodsAndUtilities.CommonMethodsAndUtilities.getRandomValue(CommonMethodsAndUtilities.java:207)
at CommonMethodsAndUtilities.CommonMethodsAndUtilities.getRandomValue(CommonMethodsAndUtilities.java:207)
at CommonMethodsAndUtilities.CommonMethodsAndUtilities.getRandomValue(CommonMethodsAndUtilities.java:207)
at CommonMethodsAndUtilities.CommonMethodsAndUtilities.getRandomValue(CommonMethodsAndUtilities.java:207)
at CommonMethodsAndUtilities.CommonMethodsAndUtilities.getRandomValue(CommonMethodsAndUtilities.java:207)
at CommonMethodsAndUtilities.CommonMethodsAndUtilities.getRandomValue(CommonMethodsAndUtilities.java:207)
at CommonMethodsAndUtilities.CommonMethodsAndUtilities.getRandomValue(CommonMethodsAndUtilities.java:207)
at CommonMethodsAndUtilities.CommonMethodsAndUtilities.getRandomValue(CommonMethodsAndUtilities.java:207)
at CommonMethodsAndUtilities.CommonMethodsAndUtilities.getRandomValue(CommonMethodsAndUtilities.java:207)
at CommonMethodsAndUtilities.CommonMethodsAndUtilities.getRandomValue(CommonMethodsAndUtilities.java:207)
at CommonMethodsAndUtilities.CommonMethodsAndUtilities.getRandomValue(CommonMethodsAndUtilities.java:207)
at CommonMethodsAndUtilities.CommonMethodsAndUtilities.getRandomValue(CommonMethodsAndUtilities.java:207)
at CommonMethodsAndUtilities.CommonMethodsAndUtilities.getRandomValue(CommonMethodsAndUtilities.java:207)
at CommonMethodsAndUtilities.CommonMethodsAndUtilities.getRandomValue(CommonMethodsAndUtilities.java:207)
at CommonMethodsAndUtilities.CommonMethodsAndUtilities.getRandomValue(CommonMethodsAndUtilities.java:207)
at CommonMethodsAndUtilities.CommonMethodsAndUtilities.getRandomValue(CommonMethodsAndUtilities.java:207)
at CommonMethodsAndUtilities.CommonMethodsAndUtilities.getRandomValue(CommonMethodsAndUtilities.java:207)
at CommonMethodsAndUtilities.CommonMethodsAndUtilities.getRandomValue(CommonMethodsAndUtilities.java:207)
]]>
    </error>
    <system-out>
      <![CDATA[The details are logged in a file
The first product name is: Sauce Labs Backpack
The first product price is: $29.99]]>
    </system-out>
  </testcase> <!-- assertPerformanceUser -->
  <testcase classname="ApplicationTests.E2ETests" name="assertVisualUser" time="0.668">
    <system-out>
      <![CDATA[The details are logged in a file
The first product name is: Sauce Labs Backpack
The first product price is: $2.1]]>
    </system-out>
  </testcase> <!-- assertVisualUser -->
  <testcase classname="ApplicationTests.E2ETests" name="assertPerformanceUser" time="5.545">
    <error type="java.lang.StackOverflowError">
      <![CDATA[java.lang.StackOverflowError
at CommonMethodsAndUtilities.CommonMethodsAndUtilities.getRandomValue(CommonMethodsAndUtilities.java:207)
at CommonMethodsAndUtilities.CommonMethodsAndUtilities.getRandomValue(CommonMethodsAndUtilities.java:207)
at CommonMethodsAndUtilities.CommonMethodsAndUtilities.getRandomValue(CommonMethodsAndUtilities.java:207)
at CommonMethodsAndUtilities.CommonMethodsAndUtilities.getRandomValue(CommonMethodsAndUtilities.java:207)
at CommonMethodsAndUtilities.CommonMethodsAndUtilities.getRandomValue(CommonMethodsAndUtilities.java:207)
at CommonMethodsAndUtilities.CommonMethodsAndUtilities.getRandomValue(CommonMethodsAndUtilities.java:207)
at CommonMethodsAndUtilities.CommonMethodsAndUtilities.getRandomValue(CommonMethodsAndUtilities.java:207)
at CommonMethodsAndUtilities.CommonMethodsAndUtilities.getRandomValue(CommonMethodsAndUtilities.java:207)
at CommonMethodsAndUtilities.CommonMethodsAndUtilities.getRandomValue(CommonMethodsAndUtilities.java:207)
at CommonMethodsAndUtilities.CommonMethodsAndUtilities.getRandomValue(CommonMethodsAndUtilities.java:207)
at CommonMethodsAndUtilities.CommonMethodsAndUtilities.getRandomValue(CommonMethodsAndUtilities.java:207)
at CommonMethodsAndUtilities.CommonMethodsAndUtilities.getRandomValue(CommonMethodsAndUtilities.java:207)
at CommonMethodsAndUtilities.CommonMethodsAndUtilities.getRandomValue(CommonMethodsAndUtilities.java:207)
at CommonMethodsAndUtilities.CommonMethodsAndUtilities.getRandomValue(CommonMethodsAndUtilities.java:207)
at CommonMethodsAndUtilities.CommonMethodsAndUtilities.getRandomValue(CommonMethodsAndUtilities.java:207)
at CommonMethodsAndUtilities.CommonMethodsAndUtilities.getRandomValue(CommonMethodsAndUtilities.java:207)
at CommonMethodsAndUtilities.CommonMethodsAndUtilities.getRandomValue(CommonMethodsAndUtilities.java:207)
at CommonMethodsAndUtilities.CommonMethodsAndUtilities.getRandomValue(CommonMethodsAndUtilities.java:207)
at CommonMethodsAndUtilities.CommonMethodsAndUtilities.getRandomValue(CommonMethodsAndUtilities.java:207)
at CommonMethodsAndUtilities.CommonMethodsAndUtilities.getRandomValue(CommonMethodsAndUtilities.java:207)
at CommonMethodsAndUtilities.CommonMethodsAndUtilities.getRandomValue(CommonMethodsAndUtilities.java:207)
at CommonMethodsAndUtilities.CommonMethodsAndUtilities.getRandomValue(CommonMethodsAndUtilities.java:207)
at CommonMethodsAndUtilities.CommonMethodsAndUtilities.getRandomValue(CommonMethodsAndUtilities.java:207)
at CommonMethodsAndUtilities.CommonMethodsAndUtilities.getRandomValue(CommonMethodsAndUtilities.java:207)
at CommonMethodsAndUtilities.CommonMethodsAndUtilities.getRandomValue(CommonMethodsAndUtilities.java:207)
at CommonMethodsAndUtilities.CommonMethodsAndUtilities.getRandomValue(CommonMethodsAndUtilities.java:207)
at CommonMethodsAndUtilities.CommonMethodsAndUtilities.getRandomValue(CommonMethodsAndUtilities.java:207)
at CommonMethodsAndUtilities.CommonMethodsAndUtilities.getRandomValue(CommonMethodsAndUtilities.java:207)
at CommonMethodsAndUtilities.CommonMethodsAndUtilities.getRandomValue(CommonMethodsAndUtilities.java:207)
at CommonMethodsAndUtilities.CommonMethodsAndUtilities.getRandomValue(CommonMethodsAndUtilities.java:207)
at CommonMethodsAndUtilities.CommonMethodsAndUtilities.getRandomValue(CommonMethodsAndUtilities.java:207)
at CommonMethodsAndUtilities.CommonMethodsAndUtilities.getRandomValue(CommonMethodsAndUtilities.java:207)
at CommonMethodsAndUtilities.CommonMethodsAndUtilities.getRandomValue(CommonMethodsAndUtilities.java:207)
at CommonMethodsAndUtilities.CommonMethodsAndUtilities.getRandomValue(CommonMethodsAndUtilities.java:207)
at CommonMethodsAndUtilities.CommonMethodsAndUtilities.getRandomValue(CommonMethodsAndUtilities.java:207)
at CommonMethodsAndUtilities.CommonMethodsAndUtilities.getRandomValue(CommonMethodsAndUtilities.java:207)
at CommonMethodsAndUtilities.CommonMethodsAndUtilities.getRandomValue(CommonMethodsAndUtilities.java:207)
at CommonMethodsAndUtilities.CommonMethodsAndUtilities.getRandomValue(CommonMethodsAndUtilities.java:207)
at CommonMethodsAndUtilities.CommonMethodsAndUtilities.getRandomValue(CommonMethodsAndUtilities.java:207)
at CommonMethodsAndUtilities.CommonMethodsAndUtilities.getRandomValue(CommonMethodsAndUtilities.java:207)
at CommonMethodsAndUtilities.CommonMethodsAndUtilities.getRandomValue(CommonMethodsAndUtilities.java:207)
at CommonMethodsAndUtilities.CommonMethodsAndUtilities.getRandomValue(CommonMethodsAndUtilities.java:207)
at CommonMethodsAndUtilities.CommonMethodsAndUtilities.getRandomValue(CommonMethodsAndUtilities.java:207)
at CommonMethodsAndUtilities.CommonMethodsAndUtilities.getRandomValue(CommonMethodsAndUtilities.java:207)
at CommonMethodsAndUtilities.CommonMethodsAndUtilities.getRandomValue(CommonMethodsAndUtilities.java:207)
at CommonMethodsAndUtilities.CommonMethodsAndUtilities.getRandomValue(CommonMethodsAndUtilities.java:207)
at CommonMethodsAndUtilities.CommonMethodsAndUtilities.getRandomValue(CommonMethodsAndUtilities.java:207)
at CommonMethodsAndUtilities.CommonMethodsAndUtilities.getRandomValue(CommonMethodsAndUtilities.java:207)
at CommonMethodsAndUtilities.CommonMethodsAndUtilities.getRandomValue(CommonMethodsAndUtilities.java:207)
at CommonMethodsAndUtilities.CommonMethodsAndUtilities.getRandomValue(CommonMethodsAndUtilities.java:207)
at CommonMethodsAndUtilities.CommonMethodsAndUtilities.getRandomValue(CommonMethodsAndUtilities.java:207)
at CommonMethodsAndUtilities.CommonMethodsAndUtilities.getRandomValue(CommonMethodsAndUtilities.java:207)
at CommonMethodsAndUtilities.CommonMethodsAndUtilities.getRandomValue(CommonMethodsAndUtilities.java:207)
at CommonMethodsAndUtilities.CommonMethodsAndUtilities.getRandomValue(CommonMethodsAndUtilities.java:207)
at CommonMethodsAndUtilities.CommonMethodsAndUtilities.getRandomValue(CommonMethodsAndUtilities.java:207)
at CommonMethodsAndUtilities.CommonMethodsAndUtilities.getRandomValue(CommonMethodsAndUtilities.java:207)
at CommonMethodsAndUtilities.CommonMethodsAndUtilities.getRandomValue(CommonMethodsAndUtilities.java:207)
at CommonMethodsAndUtilities.CommonMethodsAndUtilities.getRandomValue(CommonMethodsAndUtilities.java:207)
at CommonMethodsAndUtilities.CommonMethodsAndUtilities.getRandomValue(CommonMethodsAndUtilities.java:207)
at CommonMethodsAndUtilities.CommonMethodsAndUtilities.getRandomValue(CommonMethodsAndUtilities.java:207)
at CommonMethodsAndUtilities.CommonMethodsAndUtilities.getRandomValue(CommonMethodsAndUtilities.java:207)
at CommonMethodsAndUtilities.CommonMethodsAndUtilities.getRandomValue(CommonMethodsAndUtilities.java:207)
at CommonMethodsAndUtilities.CommonMethodsAndUtilities.getRandomValue(CommonMethodsAndUtilities.java:207)
at CommonMethodsAndUtilities.CommonMethodsAndUtilities.getRandomValue(CommonMethodsAndUtilities.java:207)
at CommonMethodsAndUtilities.CommonMethodsAndUtilities.getRandomValue(CommonMethodsAndUtilities.java:207)
at CommonMethodsAndUtilities.CommonMethodsAndUtilities.getRandomValue(CommonMethodsAndUtilities.java:207)
at CommonMethodsAndUtilities.CommonMethodsAndUtilities.getRandomValue(CommonMethodsAndUtilities.java:207)
at CommonMethodsAndUtilities.CommonMethodsAndUtilities.getRandomValue(CommonMethodsAndUtilities.java:207)
at CommonMethodsAndUtilities.CommonMethodsAndUtilities.getRandomValue(CommonMethodsAndUtilities.java:207)
at CommonMethodsAndUtilities.CommonMethodsAndUtilities.getRandomValue(CommonMethodsAndUtilities.java:207)
at CommonMethodsAndUtilities.CommonMethodsAndUtilities.getRandomValue(CommonMethodsAndUtilities.java:207)
at CommonMethodsAndUtilities.CommonMethodsAndUtilities.getRandomValue(CommonMethodsAndUtilities.java:207)
at CommonMethodsAndUtilities.CommonMethodsAndUtilities.getRandomValue(CommonMethodsAndUtilities.java:207)
at CommonMethodsAndUtilities.CommonMethodsAndUtilities.getRandomValue(CommonMethodsAndUtilities.java:207)
at CommonMethodsAndUtilities.CommonMethodsAndUtilities.getRandomValue(CommonMethodsAndUtilities.java:207)
at CommonMethodsAndUtilities.CommonMethodsAndUtilities.getRandomValue(CommonMethodsAndUtilities.java:207)
at CommonMethodsAndUtilities.CommonMethodsAndUtilities.getRandomValue(CommonMethodsAndUtilities.java:207)
at CommonMethodsAndUtilities.CommonMethodsAndUtilities.getRandomValue(CommonMethodsAndUtilities.java:207)
at CommonMethodsAndUtilities.CommonMethodsAndUtilities.getRandomValue(CommonMethodsAndUtilities.java:207)
at CommonMethodsAndUtilities.CommonMethodsAndUtilities.getRandomValue(CommonMethodsAndUtilities.java:207)
at CommonMethodsAndUtilities.CommonMethodsAndUtilities.getRandomValue(CommonMethodsAndUtilities.java:207)
at CommonMethodsAndUtilities.CommonMethodsAndUtilities.getRandomValue(CommonMethodsAndUtilities.java:207)
at CommonMethodsAndUtilities.CommonMethodsAndUtilities.getRandomValue(CommonMethodsAndUtilities.java:207)
at CommonMethodsAndUtilities.CommonMethodsAndUtilities.getRandomValue(CommonMethodsAndUtilities.java:207)
at CommonMethodsAndUtilities.CommonMethodsAndUtilities.getRandomValue(CommonMethodsAndUtilities.java:207)
at CommonMethodsAndUtilities.CommonMethodsAndUtilities.getRandomValue(CommonMethodsAndUtilities.java:207)
at CommonMethodsAndUtilities.CommonMethodsAndUtilities.getRandomValue(CommonMethodsAndUtilities.java:207)
at CommonMethodsAndUtilities.CommonMethodsAndUtilities.getRandomValue(CommonMethodsAndUtilities.java:207)
at CommonMethodsAndUtilities.CommonMethodsAndUtilities.getRandomValue(CommonMethodsAndUtilities.java:207)
at CommonMethodsAndUtilities.CommonMethodsAndUtilities.getRandomValue(CommonMethodsAndUtilities.java:207)
at CommonMethodsAndUtilities.CommonMethodsAndUtilities.getRandomValue(CommonMethodsAndUtilities.java:207)
at CommonMethodsAndUtilities.CommonMethodsAndUtilities.getRandomValue(CommonMethodsAndUtilities.java:207)
at CommonMethodsAndUtilities.CommonMethodsAndUtilities.getRandomValue(CommonMethodsAndUtilities.java:207)
at CommonMethodsAndUtilities.CommonMethodsAndUtilities.getRandomValue(CommonMethodsAndUtilities.java:207)
at CommonMethodsAndUtilities.CommonMethodsAndUtilities.getRandomValue(CommonMethodsAndUtilities.java:207)
at CommonMethodsAndUtilities.CommonMethodsAndUtilities.getRandomValue(CommonMethodsAndUtilities.java:207)
at CommonMethodsAndUtilities.CommonMethodsAndUtilities.getRandomValue(CommonMethodsAndUtilities.java:207)
at CommonMethodsAndUtilities.CommonMethodsAndUtilities.getRandomValue(CommonMethodsAndUtilities.java:207)
at CommonMethodsAndUtilities.CommonMethodsAndUtilities.getRandomValue(CommonMethodsAndUtilities.java:207)
at CommonMethodsAndUtilities.CommonMethodsAndUtilities.getRandomValue(CommonMethodsAndUtilities.java:207)
at CommonMethodsAndUtilities.CommonMethodsAndUtilities.getRandomValue(CommonMethodsAndUtilities.java:207)
at CommonMethodsAndUtilities.CommonMethodsAndUtilities.getRandomValue(CommonMethodsAndUtilities.java:207)
at CommonMethodsAndUtilities.CommonMethodsAndUtilities.getRandomValue(CommonMethodsAndUtilities.java:207)
at CommonMethodsAndUtilities.CommonMethodsAndUtilities.getRandomValue(CommonMethodsAndUtilities.java:207)
at CommonMethodsAndUtilities.CommonMethodsAndUtilities.getRandomValue(CommonMethodsAndUtilities.java:207)
at CommonMethodsAndUtilities.CommonMethodsAndUtilities.getRandomValue(CommonMethodsAndUtilities.java:207)
at CommonMethodsAndUtilities.CommonMethodsAndUtilities.getRandomValue(CommonMethodsAndUtilities.java:207)
at CommonMethodsAndUtilities.CommonMethodsAndUtilities.getRandomValue(CommonMethodsAndUtilities.java:207)
at CommonMethodsAndUtilities.CommonMethodsAndUtilities.getRandomValue(CommonMethodsAndUtilities.java:207)
at CommonMethodsAndUtilities.CommonMethodsAndUtilities.getRandomValue(CommonMethodsAndUtilities.java:207)
at CommonMethodsAndUtilities.CommonMethodsAndUtilities.getRandomValue(CommonMethodsAndUtilities.java:207)
at CommonMethodsAndUtilities.CommonMethodsAndUtilities.getRandomValue(CommonMethodsAndUtilities.java:207)
at CommonMethodsAndUtilities.CommonMethodsAndUtilities.getRandomValue(CommonMethodsAndUtilities.java:207)
at CommonMethodsAndUtilities.CommonMethodsAndUtilities.getRandomValue(CommonMethodsAndUtilities.java:207)
at CommonMethodsAndUtilities.CommonMethodsAndUtilities.getRandomValue(CommonMethodsAndUtilities.java:207)
at CommonMethodsAndUtilities.CommonMethodsAndUtilities.getRandomValue(CommonMethodsAndUtilities.java:207)
at CommonMethodsAndUtilities.CommonMethodsAndUtilities.getRandomValue(CommonMethodsAndUtilities.java:207)
at CommonMethodsAndUtilities.CommonMethodsAndUtilities.getRandomValue(CommonMethodsAndUtilities.java:207)
at CommonMethodsAndUtilities.CommonMethodsAndUtilities.getRandomValue(CommonMethodsAndUtilities.java:207)
at CommonMethodsAndUtilities.CommonMethodsAndUtilities.getRandomValue(CommonMethodsAndUtilities.java:207)
at CommonMethodsAndUtilities.CommonMethodsAndUtilities.getRandomValue(CommonMethodsAndUtilities.java:207)
at CommonMethodsAndUtilities.CommonMethodsAndUtilities.getRandomValue(CommonMethodsAndUtilities.java:207)
at CommonMethodsAndUtilities.CommonMethodsAndUtilities.getRandomValue(CommonMethodsAndUtilities.java:207)
at CommonMethodsAndUtilities.CommonMethodsAndUtilities.getRandomValue(CommonMethodsAndUtilities.java:207)
at CommonMethodsAndUtilities.CommonMethodsAndUtilities.getRandomValue(CommonMethodsAndUtilities.java:207)
at CommonMethodsAndUtilities.CommonMethodsAndUtilities.getRandomValue(CommonMethodsAndUtilities.java:207)
at CommonMethodsAndUtilities.CommonMethodsAndUtilities.getRandomValue(CommonMethodsAndUtilities.java:207)
at CommonMethodsAndUtilities.CommonMethodsAndUtilities.getRandomValue(CommonMethodsAndUtilities.java:207)
at CommonMethodsAndUtilities.CommonMethodsAndUtilities.getRandomValue(CommonMethodsAndUtilities.java:207)
at CommonMethodsAndUtilities.CommonMethodsAndUtilities.getRandomValue(CommonMethodsAndUtilities.java:207)
at CommonMethodsAndUtilities.CommonMethodsAndUtilities.getRandomValue(CommonMethodsAndUtilities.java:207)
at CommonMethodsAndUtilities.CommonMethodsAndUtilities.getRandomValue(CommonMethodsAndUtilities.java:207)
at CommonMethodsAndUtilities.CommonMethodsAndUtilities.getRandomValue(CommonMethodsAndUtilities.java:207)
at CommonMethodsAndUtilities.CommonMethodsAndUtilities.getRandomValue(CommonMethodsAndUtilities.java:207)
at CommonMethodsAndUtilities.CommonMethodsAndUtilities.getRandomValue(CommonMethodsAndUtilities.java:207)
at CommonMethodsAndUtilities.CommonMethodsAndUtilities.getRandomValue(CommonMethodsAndUtilities.java:207)
at CommonMethodsAndUtilities.CommonMethodsAndUtilities.getRandomValue(CommonMethodsAndUtilities.java:207)
at CommonMethodsAndUtilities.CommonMethodsAndUtilities.getRandomValue(CommonMethodsAndUtilities.java:207)
at CommonMethodsAndUtilities.CommonMethodsAndUtilities.getRandomValue(CommonMethodsAndUtilities.java:207)
at CommonMethodsAndUtilities.CommonMethodsAndUtilities.getRandomValue(CommonMethodsAndUtilities.java:207)
at CommonMethodsAndUtilities.CommonMethodsAndUtilities.getRandomValue(CommonMethodsAndUtilities.java:207)
at CommonMethodsAndUtilities.CommonMethodsAndUtilities.getRandomValue(CommonMethodsAndUtilities.java:207)
at CommonMethodsAndUtilities.CommonMethodsAndUtilities.getRandomValue(CommonMethodsAndUtilities.java:207)
at CommonMethodsAndUtilities.CommonMethodsAndUtilities.getRandomValue(CommonMethodsAndUtilities.java:207)
at CommonMethodsAndUtilities.CommonMethodsAndUtilities.getRandomValue(CommonMethodsAndUtilities.java:207)
at CommonMethodsAndUtilities.CommonMethodsAndUtilities.getRandomValue(CommonMethodsAndUtilities.java:207)
at CommonMethodsAndUtilities.CommonMethodsAndUtilities.getRandomValue(CommonMethodsAndUtilities.java:207)
at CommonMethodsAndUtilities.CommonMethodsAndUtilities.getRandomValue(CommonMethodsAndUtilities.java:207)
at CommonMethodsAndUtilities.CommonMethodsAndUtilities.getRandomValue(CommonMethodsAndUtilities.java:207)
at CommonMethodsAndUtilities.CommonMethodsAndUtilities.getRandomValue(CommonMethodsAndUtilities.java:207)
at CommonMethodsAndUtilities.CommonMethodsAndUtilities.getRandomValue(CommonMethodsAndUtilities.java:207)
at CommonMethodsAndUtilities.CommonMethodsAndUtilities.getRandomValue(CommonMethodsAndUtilities.java:207)
at CommonMethodsAndUtilities.CommonMethodsAndUtilities.getRandomValue(CommonMethodsAndUtilities.java:207)
at CommonMethodsAndUtilities.CommonMethodsAndUtilities.getRandomValue(CommonMethodsAndUtilities.java:207)
at CommonMethodsAndUtilities.CommonMethodsAndUtilities.getRandomValue(CommonMethodsAndUtilities.java:207)
at CommonMethodsAndUtilities.CommonMethodsAndUtilities.getRandomValue(CommonMethodsAndUtilities.java:207)
at CommonMethodsAndUtilities.CommonMethodsAndUtilities.getRandomValue(CommonMethodsAndUtilities.java:207)
at CommonMethodsAndUtilities.CommonMethodsAndUtilities.getRandomValue(CommonMethodsAndUtilities.java:207)
at CommonMethodsAndUtilities.CommonMethodsAndUtilities.getRandomValue(CommonMethodsAndUtilities.java:207)
at CommonMethodsAndUtilities.CommonMethodsAndUtilities.getRandomValue(CommonMethodsAndUtilities.java:207)
at CommonMethodsAndUtilities.CommonMethodsAndUtilities.getRandomValue(CommonMethodsAndUtilities.java:207)
at CommonMethodsAndUtilities.CommonMethodsAndUtilities.getRandomValue(CommonMethodsAndUtilities.java:207)
at CommonMethodsAndUtilities.CommonMethodsAndUtilities.getRandomValue(CommonMethodsAndUtilities.java:207)
at CommonMethodsAndUtilities.CommonMethodsAndUtilities.getRandomValue(CommonMethodsAndUtilities.java:207)
at CommonMethodsAndUtilities.CommonMethodsAndUtilities.getRandomValue(CommonMethodsAndUtilities.java:207)
at CommonMethodsAndUtilities.CommonMethodsAndUtilities.getRandomValue(CommonMethodsAndUtilities.java:207)
at CommonMethodsAndUtilities.CommonMethodsAndUtilities.getRandomValue(CommonMethodsAndUtilities.java:207)
at CommonMethodsAndUtilities.CommonMethodsAndUtilities.getRandomValue(CommonMethodsAndUtilities.java:207)
at CommonMethodsAndUtilities.CommonMethodsAndUtilities.getRandomValue(CommonMethodsAndUtilities.java:207)
at CommonMethodsAndUtilities.CommonMethodsAndUtilities.getRandomValue(CommonMethodsAndUtilities.java:207)
at CommonMethodsAndUtilities.CommonMethodsAndUtilities.getRandomValue(CommonMethodsAndUtilities.java:207)
at CommonMethodsAndUtilities.CommonMethodsAndUtilities.getRandomValue(CommonMethodsAndUtilities.java:207)
at CommonMethodsAndUtilities.CommonMethodsAndUtilities.getRandomValue(CommonMethodsAndUtilities.java:207)
at CommonMethodsAndUtilities.CommonMethodsAndUtilities.getRandomValue(CommonMethodsAndUtilities.java:207)
at CommonMethodsAndUtilities.CommonMethodsAndUtilities.getRandomValue(CommonMethodsAndUtilities.java:207)
at CommonMethodsAndUtilities.CommonMethodsAndUtilities.getRandomValue(CommonMethodsAndUtilities.java:207)
at CommonMethodsAndUtilities.CommonMethodsAndUtilities.getRandomValue(CommonMethodsAndUtilities.java:207)
at CommonMethodsAndUtilities.CommonMethodsAndUtilities.getRandomValue(CommonMethodsAndUtilities.java:207)
at CommonMethodsAndUtilities.CommonMethodsAndUtilities.getRandomValue(CommonMethodsAndUtilities.java:207)
at CommonMethodsAndUtilities.CommonMethodsAndUtilities.getRandomValue(CommonMethodsAndUtilities.java:207)
at CommonMethodsAndUtilities.CommonMethodsAndUtilities.getRandomValue(CommonMethodsAndUtilities.java:207)
at CommonMethodsAndUtilities.CommonMethodsAndUtilities.getRandomValue(CommonMethodsAndUtilities.java:207)
at CommonMethodsAndUtilities.CommonMethodsAndUtilities.getRandomValue(CommonMethodsAndUtilities.java:207)
at CommonMethodsAndUtilities.CommonMethodsAndUtilities.getRandomValue(CommonMethodsAndUtilities.java:207)
at CommonMethodsAndUtilities.CommonMethodsAndUtilities.getRandomValue(CommonMethodsAndUtilities.java:207)
at CommonMethodsAndUtilities.CommonMethodsAndUtilities.getRandomValue(CommonMethodsAndUtilities.java:207)
at CommonMethodsAndUtilities.CommonMethodsAndUtilities.getRandomValue(CommonMethodsAndUtilities.java:207)
at CommonMethodsAndUtilities.CommonMethodsAndUtilities.getRandomValue(CommonMethodsAndUtilities.java:207)
at CommonMethodsAndUtilities.CommonMethodsAndUtilities.getRandomValue(CommonMethodsAndUtilities.java:207)
at CommonMethodsAndUtilities.CommonMethodsAndUtilities.getRandomValue(CommonMethodsAndUtilities.java:207)
at CommonMethodsAndUtilities.CommonMethodsAndUtilities.getRandomValue(CommonMethodsAndUtilities.java:207)
at CommonMethodsAndUtilities.CommonMethodsAndUtilities.getRandomValue(CommonMethodsAndUtilities.java:207)
at CommonMethodsAndUtilities.CommonMethodsAndUtilities.getRandomValue(CommonMethodsAndUtilities.java:207)
at CommonMethodsAndUtilities.CommonMethodsAndUtilities.getRandomValue(CommonMethodsAndUtilities.java:207)
at CommonMethodsAndUtilities.CommonMethodsAndUtilities.getRandomValue(CommonMethodsAndUtilities.java:207)
at CommonMethodsAndUtilities.CommonMethodsAndUtilities.getRandomValue(CommonMethodsAndUtilities.java:207)
at CommonMethodsAndUtilities.CommonMethodsAndUtilities.getRandomValue(CommonMethodsAndUtilities.java:207)
at CommonMethodsAndUtilities.CommonMethodsAndUtilities.getRandomValue(CommonMethodsAndUtilities.java:207)
at CommonMethodsAndUtilities.CommonMethodsAndUtilities.getRandomValue(CommonMethodsAndUtilities.java:207)
at CommonMethodsAndUtilities.CommonMethodsAndUtilities.getRandomValue(CommonMethodsAndUtilities.java:207)
at CommonMethodsAndUtilities.CommonMethodsAndUtilities.getRandomValue(CommonMethodsAndUtilities.java:207)
at CommonMethodsAndUtilities.CommonMethodsAndUtilities.getRandomValue(CommonMethodsAndUtilities.java:207)
at CommonMethodsAndUtilities.CommonMethodsAndUtilities.getRandomValue(CommonMethodsAndUtilities.java:207)
at CommonMethodsAndUtilities.CommonMethodsAndUtilities.getRandomValue(CommonMethodsAndUtilities.java:207)
at CommonMethodsAndUtilities.CommonMethodsAndUtilities.getRandomValue(CommonMethodsAndUtilities.java:207)
at CommonMethodsAndUtilities.CommonMethodsAndUtilities.getRandomValue(CommonMethodsAndUtilities.java:207)
at CommonMethodsAndUtilities.CommonMethodsAndUtilities.getRandomValue(CommonMethodsAndUtilities.java:207)
at CommonMethodsAndUtilities.CommonMethodsAndUtilities.getRandomValue(CommonMethodsAndUtilities.java:207)
at CommonMethodsAndUtilities.CommonMethodsAndUtilities.getRandomValue(CommonMethodsAndUtilities.java:207)
at CommonMethodsAndUtilities.CommonMethodsAndUtilities.getRandomValue(CommonMethodsAndUtilities.java:207)
at CommonMethodsAndUtilities.CommonMethodsAndUtilities.getRandomValue(CommonMethodsAndUtilities.java:207)
at CommonMethodsAndUtilities.CommonMethodsAndUtilities.getRandomValue(CommonMethodsAndUtilities.java:207)
at CommonMethodsAndUtilities.CommonMethodsAndUtilities.getRandomValue(CommonMethodsAndUtilities.java:207)
at CommonMethodsAndUtilities.CommonMethodsAndUtilities.getRandomValue(CommonMethodsAndUtilities.java:207)
at CommonMethodsAndUtilities.CommonMethodsAndUtilities.getRandomValue(CommonMethodsAndUtilities.java:207)
at CommonMethodsAndUtilities.CommonMethodsAndUtilities.getRandomValue(CommonMethodsAndUtilities.java:207)
at CommonMethodsAndUtilities.CommonMethodsAndUtilities.getRandomValue(CommonMethodsAndUtilities.java:207)
at CommonMethodsAndUtilities.CommonMethodsAndUtilities.getRandomValue(CommonMethodsAndUtilities.java:207)
at CommonMethodsAndUtilities.CommonMethodsAndUtilities.getRandomValue(CommonMethodsAndUtilities.java:207)
at CommonMethodsAndUtilities.CommonMethodsAndUtilities.getRandomValue(CommonMethodsAndUtilities.java:207)
at CommonMethodsAndUtilities.CommonMethodsAndUtilities.getRandomValue(CommonMethodsAndUtilities.java:207)
at CommonMethodsAndUtilities.CommonMethodsAndUtilities.getRandomValue(CommonMethodsAndUtilities.java:207)
at CommonMethodsAndUtilities.CommonMethodsAndUtilities.getRandomValue(CommonMethodsAndUtilities.java:207)
at CommonMethodsAndUtilities.CommonMethodsAndUtilities.getRandomValue(CommonMethodsAndUtilities.java:207)
at CommonMethodsAndUtilities.CommonMethodsAndUtilities.getRandomValue(CommonMethodsAndUtilities.java:207)
at CommonMethodsAndUtilities.CommonMethodsAndUtilities.getRandomValue(CommonMethodsAndUtilities.java:207)
at CommonMethodsAndUtilities.CommonMethodsAndUtilities.getRandomValue(CommonMethodsAndUtilities.java:207)
at CommonMethodsAndUtilities.CommonMethodsAndUtilities.getRandomValue(CommonMethodsAndUtilities.java:207)
at CommonMethodsAndUtilities.CommonMethodsAndUtilities.getRandomValue(CommonMethodsAndUtilities.java:207)
at CommonMethodsAndUtilities.CommonMethodsAndUtilities.getRandomValue(CommonMethodsAndUtilities.java:207)
at CommonMethodsAndUtilities.CommonMethodsAndUtilities.getRandomValue(CommonMethodsAndUtilities.java:207)
at CommonMethodsAndUtilities.CommonMethodsAndUtilities.getRandomValue(CommonMethodsAndUtilities.java:207)
at CommonMethodsAndUtilities.CommonMethodsAndUtilities.getRandomValue(CommonMethodsAndUtilities.java:207)
at CommonMethodsAndUtilities.CommonMethodsAndUtilities.getRandomValue(CommonMethodsAndUtilities.java:207)
at CommonMethodsAndUtilities.CommonMethodsAndUtilities.getRandomValue(CommonMethodsAndUtilities.java:207)
at CommonMethodsAndUtilities.CommonMethodsAndUtilities.getRandomValue(CommonMethodsAndUtilities.java:207)
at CommonMethodsAndUtilities.CommonMethodsAndUtilities.getRandomValue(CommonMethodsAndUtilities.java:207)
at CommonMethodsAndUtilities.CommonMethodsAndUtilities.getRandomValue(CommonMethodsAndUtilities.java:207)
at CommonMethodsAndUtilities.CommonMethodsAndUtilities.getRandomValue(CommonMethodsAndUtilities.java:207)
at CommonMethodsAndUtilities.CommonMethodsAndUtilities.getRandomValue(CommonMethodsAndUtilities.java:207)
at CommonMethodsAndUtilities.CommonMethodsAndUtilities.getRandomValue(CommonMethodsAndUtilities.java:207)
at CommonMethodsAndUtilities.CommonMethodsAndUtilities.getRandomValue(CommonMethodsAndUtilities.java:207)
at CommonMethodsAndUtilities.CommonMethodsAndUtilities.getRandomValue(CommonMethodsAndUtilities.java:207)
at CommonMethodsAndUtilities.CommonMethodsAndUtilities.getRandomValue(CommonMethodsAndUtilities.java:207)
at CommonMethodsAndUtilities.CommonMethodsAndUtilities.getRandomValue(CommonMethodsAndUtilities.java:207)
at CommonMethodsAndUtilities.CommonMethodsAndUtilities.getRandomValue(CommonMethodsAndUtilities.java:207)
at CommonMethodsAndUtilities.CommonMethodsAndUtilities.getRandomValue(CommonMethodsAndUtilities.java:207)
at CommonMethodsAndUtilities.CommonMethodsAndUtilities.getRandomValue(CommonMethodsAndUtilities.java:207)
at CommonMethodsAndUtilities.CommonMethodsAndUtilities.getRandomValue(CommonMethodsAndUtilities.java:207)
at CommonMethodsAndUtilities.CommonMethodsAndUtilities.getRandomValue(CommonMethodsAndUtilities.java:207)
at CommonMethodsAndUtilities.CommonMethodsAndUtilities.getRandomValue(CommonMethodsAndUtilities.java:207)
at CommonMethodsAndUtilities.CommonMethodsAndUtilities.getRandomValue(CommonMethodsAndUtilities.java:207)
at CommonMethodsAndUtilities.CommonMethodsAndUtilities.getRandomValue(CommonMethodsAndUtilities.java:207)
at CommonMethodsAndUtilities.CommonMethodsAndUtilities.getRandomValue(CommonMethodsAndUtilities.java:207)
at CommonMethodsAndUtilities.CommonMethodsAndUtilities.getRandomValue(CommonMethodsAndUtilities.java:207)
at CommonMethodsAndUtilities.CommonMethodsAndUtilities.getRandomValue(CommonMethodsAndUtilities.java:207)
at CommonMethodsAndUtilities.CommonMethodsAndUtilities.getRandomValue(CommonMethodsAndUtilities.java:207)
at CommonMethodsAndUtilities.CommonMethodsAndUtilities.getRandomValue(CommonMethodsAndUtilities.java:207)
at CommonMethodsAndUtilities.CommonMethodsAndUtilities.getRandomValue(CommonMethodsAndUtilities.java:207)
at CommonMethodsAndUtilities.CommonMethodsAndUtilities.getRandomValue(CommonMethodsAndUtilities.java:207)
at CommonMethodsAndUtilities.CommonMethodsAndUtilities.getRandomValue(CommonMethodsAndUtilities.java:207)
at CommonMethodsAndUtilities.CommonMethodsAndUtilities.getRandomValue(CommonMethodsAndUtilities.java:207)
at CommonMethodsAndUtilities.CommonMethodsAndUtilities.getRandomValue(CommonMethodsAndUtilities.java:207)
at CommonMethodsAndUtilities.CommonMethodsAndUtilities.getRandomValue(CommonMethodsAndUtilities.java:207)
at CommonMethodsAndUtilities.CommonMethodsAndUtilities.getRandomValue(CommonMethodsAndUtilities.java:207)
at CommonMethodsAndUtilities.CommonMethodsAndUtilities.getRandomValue(CommonMethodsAndUtilities.java:207)
at CommonMethodsAndUtilities.CommonMethodsAndUtilities.getRandomValue(CommonMethodsAndUtilities.java:207)
at CommonMethodsAndUtilities.CommonMethodsAndUtilities.getRandomValue(CommonMethodsAndUtilities.java:207)
at CommonMethodsAndUtilities.CommonMethodsAndUtilities.getRandomValue(CommonMethodsAndUtilities.java:207)
at CommonMethodsAndUtilities.CommonMethodsAndUtilities.getRandomValue(CommonMethodsAndUtilities.java:207)
at CommonMethodsAndUtilities.CommonMethodsAndUtilities.getRandomValue(CommonMethodsAndUtilities.java:207)
at CommonMethodsAndUtilities.CommonMethodsAndUtilities.getRandomValue(CommonMethodsAndUtilities.java:207)
at CommonMethodsAndUtilities.CommonMethodsAndUtilities.getRandomValue(CommonMethodsAndUtilities.java:207)
at CommonMethodsAndUtilities.CommonMethodsAndUtilities.getRandomValue(CommonMethodsAndUtilities.java:207)
at CommonMethodsAndUtilities.CommonMethodsAndUtilities.getRandomValue(CommonMethodsAndUtilities.java:207)
at CommonMethodsAndUtilities.CommonMethodsAndUtilities.getRandomValue(CommonMethodsAndUtilities.java:207)
at CommonMethodsAndUtilities.CommonMethodsAndUtilities.getRandomValue(CommonMethodsAndUtilities.java:207)
at CommonMethodsAndUtilities.CommonMethodsAndUtilities.getRandomValue(CommonMethodsAndUtilities.java:207)
at CommonMethodsAndUtilities.CommonMethodsAndUtilities.getRandomValue(CommonMethodsAndUtilities.java:207)
at CommonMethodsAndUtilities.CommonMethodsAndUtilities.getRandomValue(CommonMethodsAndUtilities.java:207)
at CommonMethodsAndUtilities.CommonMethodsAndUtilities.getRandomValue(CommonMethodsAndUtilities.java:207)
at CommonMethodsAndUtilities.CommonMethodsAndUtilities.getRandomValue(CommonMethodsAndUtilities.java:207)
at CommonMethodsAndUtilities.CommonMethodsAndUtilities.getRandomValue(CommonMethodsAndUtilities.java:207)
at CommonMethodsAndUtilities.CommonMethodsAndUtilities.getRandomValue(CommonMethodsAndUtilities.java:207)
at CommonMethodsAndUtilities.CommonMethodsAndUtilities.getRandomValue(CommonMethodsAndUtilities.java:207)
at CommonMethodsAndUtilities.CommonMethodsAndUtilities.getRandomValue(CommonMethodsAndUtilities.java:207)
at CommonMethodsAndUtilities.CommonMethodsAndUtilities.getRandomValue(CommonMethodsAndUtilities.java:207)
at CommonMethodsAndUtilities.CommonMethodsAndUtilities.getRandomValue(CommonMethodsAndUtilities.java:207)
at CommonMethodsAndUtilities.CommonMethodsAndUtilities.getRandomValue(CommonMethodsAndUtilities.java:207)
at CommonMethodsAndUtilities.CommonMethodsAndUtilities.getRandomValue(CommonMethodsAndUtilities.java:207)
at CommonMethodsAndUtilities.CommonMethodsAndUtilities.getRandomValue(CommonMethodsAndUtilities.java:207)
at CommonMethodsAndUtilities.CommonMethodsAndUtilities.getRandomValue(CommonMethodsAndUtilities.java:207)
at CommonMethodsAndUtilities.CommonMethodsAndUtilities.getRandomValue(CommonMethodsAndUtilities.java:207)
at CommonMethodsAndUtilities.CommonMethodsAndUtilities.getRandomValue(CommonMethodsAndUtilities.java:207)
at CommonMethodsAndUtilities.CommonMethodsAndUtilities.getRandomValue(CommonMethodsAndUtilities.java:207)
at CommonMethodsAndUtilities.CommonMethodsAndUtilities.getRandomValue(CommonMethodsAndUtilities.java:207)
at CommonMethodsAndUtilities.CommonMethodsAndUtilities.getRandomValue(CommonMethodsAndUtilities.java:207)
at CommonMethodsAndUtilities.CommonMethodsAndUtilities.getRandomValue(CommonMethodsAndUtilities.java:207)
at CommonMethodsAndUtilities.CommonMethodsAndUtilities.getRandomValue(CommonMethodsAndUtilities.java:207)
at CommonMethodsAndUtilities.CommonMethodsAndUtilities.getRandomValue(CommonMethodsAndUtilities.java:207)
at CommonMethodsAndUtilities.CommonMethodsAndUtilities.getRandomValue(CommonMethodsAndUtilities.java:207)
at CommonMethodsAndUtilities.CommonMethodsAndUtilities.getRandomValue(CommonMethodsAndUtilities.java:207)
at CommonMethodsAndUtilities.CommonMethodsAndUtilities.getRandomValue(CommonMethodsAndUtilities.java:207)
at CommonMethodsAndUtilities.CommonMethodsAndUtilities.getRandomValue(CommonMethodsAndUtilities.java:207)
at CommonMethodsAndUtilities.CommonMethodsAndUtilities.getRandomValue(CommonMethodsAndUtilities.java:207)
at CommonMethodsAndUtilities.CommonMethodsAndUtilities.getRandomValue(CommonMethodsAndUtilities.java:207)
at CommonMethodsAndUtilities.CommonMethodsAndUtilities.getRandomValue(CommonMethodsAndUtilities.java:207)
at CommonMethodsAndUtilities.CommonMethodsAndUtilities.getRandomValue(CommonMethodsAndUtilities.java:207)
at CommonMethodsAndUtilities.CommonMethodsAndUtilities.getRandomValue(CommonMethodsAndUtilities.java:207)
at CommonMethodsAndUtilities.CommonMethodsAndUtilities.getRandomValue(CommonMethodsAndUtilities.java:207)
at CommonMethodsAndUtilities.CommonMethodsAndUtilities.getRandomValue(CommonMethodsAndUtilities.java:207)
at CommonMethodsAndUtilities.CommonMethodsAndUtilities.getRandomValue(CommonMethodsAndUtilities.java:207)
at CommonMethodsAndUtilities.CommonMethodsAndUtilities.getRandomValue(CommonMethodsAndUtilities.java:207)
at CommonMethodsAndUtilities.CommonMethodsAndUtilities.getRandomValue(CommonMethodsAndUtilities.java:207)
at CommonMethodsAndUtilities.CommonMethodsAndUtilities.getRandomValue(CommonMethodsAndUtilities.java:207)
at CommonMethodsAndUtilities.CommonMethodsAndUtilities.getRandomValue(CommonMethodsAndUtilities.java:207)
at CommonMethodsAndUtilities.CommonMethodsAndUtilities.getRandomValue(CommonMethodsAndUtilities.java:207)
at CommonMethodsAndUtilities.CommonMethodsAndUtilities.getRandomValue(CommonMethodsAndUtilities.java:207)
at CommonMethodsAndUtilities.CommonMethodsAndUtilities.getRandomValue(CommonMethodsAndUtilities.java:207)
at CommonMethodsAndUtilities.CommonMethodsAndUtilities.getRandomValue(CommonMethodsAndUtilities.java:207)
at CommonMethodsAndUtilities.CommonMethodsAndUtilities.getRandomValue(CommonMethodsAndUtilities.java:207)
at CommonMethodsAndUtilities.CommonMethodsAndUtilities.getRandomValue(CommonMethodsAndUtilities.java:207)
at CommonMethodsAndUtilities.CommonMethodsAndUtilities.getRandomValue(CommonMethodsAndUtilities.java:207)
at CommonMethodsAndUtilities.CommonMethodsAndUtilities.getRandomValue(CommonMethodsAndUtilities.java:207)
at CommonMethodsAndUtilities.CommonMethodsAndUtilities.getRandomValue(CommonMethodsAndUtilities.java:207)
at CommonMethodsAndUtilities.CommonMethodsAndUtilities.getRandomValue(CommonMethodsAndUtilities.java:207)
at CommonMethodsAndUtilities.CommonMethodsAndUtilities.getRandomValue(CommonMethodsAndUtilities.java:207)
at CommonMethodsAndUtilities.CommonMethodsAndUtilities.getRandomValue(CommonMethodsAndUtilities.java:207)
at CommonMethodsAndUtilities.CommonMethodsAndUtilities.getRandomValue(CommonMethodsAndUtilities.java:207)
at CommonMethodsAndUtilities.CommonMethodsAndUtilities.getRandomValue(CommonMethodsAndUtilities.java:207)
at CommonMethodsAndUtilities.CommonMethodsAndUtilities.getRandomValue(CommonMethodsAndUtilities.java:207)
at CommonMethodsAndUtilities.CommonMethodsAndUtilities.getRandomValue(CommonMethodsAndUtilities.java:207)
at CommonMethodsAndUtilities.CommonMethodsAndUtilities.getRandomValue(CommonMethodsAndUtilities.java:207)
at CommonMethodsAndUtilities.CommonMethodsAndUtilities.getRandomValue(CommonMethodsAndUtilities.java:207)
at CommonMethodsAndUtilities.CommonMethodsAndUtilities.getRandomValue(CommonMethodsAndUtilities.java:207)
at CommonMethodsAndUtilities.CommonMethodsAndUtilities.getRandomValue(CommonMethodsAndUtilities.java:207)
at CommonMethodsAndUtilities.CommonMethodsAndUtilities.getRandomValue(CommonMethodsAndUtilities.java:207)
at CommonMethodsAndUtilities.CommonMethodsAndUtilities.getRandomValue(CommonMethodsAndUtilities.java:207)
at CommonMethodsAndUtilities.CommonMethodsAndUtilities.getRandomValue(CommonMethodsAndUtilities.java:207)
at CommonMethodsAndUtilities.CommonMethodsAndUtilities.getRandomValue(CommonMethodsAndUtilities.java:207)
at CommonMethodsAndUtilities.CommonMethodsAndUtilities.getRandomValue(CommonMethodsAndUtilities.java:207)
at CommonMethodsAndUtilities.CommonMethodsAndUtilities.getRandomValue(CommonMethodsAndUtilities.java:207)
at CommonMethodsAndUtilities.CommonMethodsAndUtilities.getRandomValue(CommonMethodsAndUtilities.java:207)
at CommonMethodsAndUtilities.CommonMethodsAndUtilities.getRandomValue(CommonMethodsAndUtilities.java:207)
at CommonMethodsAndUtilities.CommonMethodsAndUtilities.getRandomValue(CommonMethodsAndUtilities.java:207)
at CommonMethodsAndUtilities.CommonMethodsAndUtilities.getRandomValue(CommonMethodsAndUtilities.java:207)
at CommonMethodsAndUtilities.CommonMethodsAndUtilities.getRandomValue(CommonMethodsAndUtilities.java:207)
at CommonMethodsAndUtilities.CommonMethodsAndUtilities.getRandomValue(CommonMethodsAndUtilities.java:207)
at CommonMethodsAndUtilities.CommonMethodsAndUtilities.getRandomValue(CommonMethodsAndUtilities.java:207)
at CommonMethodsAndUtilities.CommonMethodsAndUtilities.getRandomValue(CommonMethodsAndUtilities.java:207)
at CommonMethodsAndUtilities.CommonMethodsAndUtilities.getRandomValue(CommonMethodsAndUtilities.java:207)
at CommonMethodsAndUtilities.CommonMethodsAndUtilities.getRandomValue(CommonMethodsAndUtilities.java:207)
at CommonMethodsAndUtilities.CommonMethodsAndUtilities.getRandomValue(CommonMethodsAndUtilities.java:207)
at CommonMethodsAndUtilities.CommonMethodsAndUtilities.getRandomValue(CommonMethodsAndUtilities.java:207)
at CommonMethodsAndUtilities.CommonMethodsAndUtilities.getRandomValue(CommonMethodsAndUtilities.java:207)
at CommonMethodsAndUtilities.CommonMethodsAndUtilities.getRandomValue(CommonMethodsAndUtilities.java:207)
at CommonMethodsAndUtilities.CommonMethodsAndUtilities.getRandomValue(CommonMethodsAndUtilities.java:207)
at CommonMethodsAndUtilities.CommonMethodsAndUtilities.getRandomValue(CommonMethodsAndUtilities.java:207)
at CommonMethodsAndUtilities.CommonMethodsAndUtilities.getRandomValue(CommonMethodsAndUtilities.java:207)
at CommonMethodsAndUtilities.CommonMethodsAndUtilities.getRandomValue(CommonMethodsAndUtilities.java:207)
at CommonMethodsAndUtilities.CommonMethodsAndUtilities.getRandomValue(CommonMethodsAndUtilities.java:207)
at CommonMethodsAndUtilities.CommonMethodsAndUtilities.getRandomValue(CommonMethodsAndUtilities.java:207)
at CommonMethodsAndUtilities.CommonMethodsAndUtilities.getRandomValue(CommonMethodsAndUtilities.java:207)
at CommonMethodsAndUtilities.CommonMethodsAndUtilities.getRandomValue(CommonMethodsAndUtilities.java:207)
at CommonMethodsAndUtilities.CommonMethodsAndUtilities.getRandomValue(CommonMethodsAndUtilities.java:207)
at CommonMethodsAndUtilities.CommonMethodsAndUtilities.getRandomValue(CommonMethodsAndUtilities.java:207)
at CommonMethodsAndUtilities.CommonMethodsAndUtilities.getRandomValue(CommonMethodsAndUtilities.java:207)
at CommonMethodsAndUtilities.CommonMethodsAndUtilities.getRandomValue(CommonMethodsAndUtilities.java:207)
at CommonMethodsAndUtilities.CommonMethodsAndUtilities.getRandomValue(CommonMethodsAndUtilities.java:207)
at CommonMethodsAndUtilities.CommonMethodsAndUtilities.getRandomValue(CommonMethodsAndUtilities.java:207)
at CommonMethodsAndUtilities.CommonMethodsAndUtilities.getRandomValue(CommonMethodsAndUtilities.java:207)
at CommonMethodsAndUtilities.CommonMethodsAndUtilities.getRandomValue(CommonMethodsAndUtilities.java:207)
at CommonMethodsAndUtilities.CommonMethodsAndUtilities.getRandomValue(CommonMethodsAndUtilities.java:207)
at CommonMethodsAndUtilities.CommonMethodsAndUtilities.getRandomValue(CommonMethodsAndUtilities.java:207)
at CommonMethodsAndUtilities.CommonMethodsAndUtilities.getRandomValue(CommonMethodsAndUtilities.java:207)
at CommonMethodsAndUtilities.CommonMethodsAndUtilities.getRandomValue(CommonMethodsAndUtilities.java:207)
at CommonMethodsAndUtilities.CommonMethodsAndUtilities.getRandomValue(CommonMethodsAndUtilities.java:207)
at CommonMethodsAndUtilities.CommonMethodsAndUtilities.getRandomValue(CommonMethodsAndUtilities.java:207)
at CommonMethodsAndUtilities.CommonMethodsAndUtilities.getRandomValue(CommonMethodsAndUtilities.java:207)
at CommonMethodsAndUtilities.CommonMethodsAndUtilities.getRandomValue(CommonMethodsAndUtilities.java:207)
at CommonMethodsAndUtilities.CommonMethodsAndUtilities.getRandomValue(CommonMethodsAndUtilities.java:207)
at CommonMethodsAndUtilities.CommonMethodsAndUtilities.getRandomValue(CommonMethodsAndUtilities.java:207)
at CommonMethodsAndUtilities.CommonMethodsAndUtilities.getRandomValue(CommonMethodsAndUtilities.java:207)
at CommonMethodsAndUtilities.CommonMethodsAndUtilities.getRandomValue(CommonMethodsAndUtilities.java:207)
at CommonMethodsAndUtilities.CommonMethodsAndUtilities.getRandomValue(CommonMethodsAndUtilities.java:207)
at CommonMethodsAndUtilities.CommonMethodsAndUtilities.getRandomValue(CommonMethodsAndUtilities.java:207)
at CommonMethodsAndUtilities.CommonMethodsAndUtilities.getRandomValue(CommonMethodsAndUtilities.java:207)
at CommonMethodsAndUtilities.CommonMethodsAndUtilities.getRandomValue(CommonMethodsAndUtilities.java:207)
at CommonMethodsAndUtilities.CommonMethodsAndUtilities.getRandomValue(CommonMethodsAndUtilities.java:207)
at CommonMethodsAndUtilities.CommonMethodsAndUtilities.getRandomValue(CommonMethodsAndUtilities.java:207)
at CommonMethodsAndUtilities.CommonMethodsAndUtilities.getRandomValue(CommonMethodsAndUtilities.java:207)
at CommonMethodsAndUtilities.CommonMethodsAndUtilities.getRandomValue(CommonMethodsAndUtilities.java:207)
at CommonMethodsAndUtilities.CommonMethodsAndUtilities.getRandomValue(CommonMethodsAndUtilities.java:207)
at CommonMethodsAndUtilities.CommonMethodsAndUtilities.getRandomValue(CommonMethodsAndUtilities.java:207)
at CommonMethodsAndUtilities.CommonMethodsAndUtilities.getRandomValue(CommonMethodsAndUtilities.java:207)
at CommonMethodsAndUtilities.CommonMethodsAndUtilities.getRandomValue(CommonMethodsAndUtilities.java:207)
at CommonMethodsAndUtilities.CommonMethodsAndUtilities.getRandomValue(CommonMethodsAndUtilities.java:207)
at CommonMethodsAndUtilities.CommonMethodsAndUtilities.getRandomValue(CommonMethodsAndUtilities.java:207)
at CommonMethodsAndUtilities.CommonMethodsAndUtilities.getRandomValue(CommonMethodsAndUtilities.java:207)
at CommonMethodsAndUtilities.CommonMethodsAndUtilities.getRandomValue(CommonMethodsAndUtilities.java:207)
at CommonMethodsAndUtilities.CommonMethodsAndUtilities.getRandomValue(CommonMethodsAndUtilities.java:207)
at CommonMethodsAndUtilities.CommonMethodsAndUtilities.getRandomValue(CommonMethodsAndUtilities.java:207)
at CommonMethodsAndUtilities.CommonMethodsAndUtilities.getRandomValue(CommonMethodsAndUtilities.java:207)
at CommonMethodsAndUtilities.CommonMethodsAndUtilities.getRandomValue(CommonMethodsAndUtilities.java:207)
at CommonMethodsAndUtilities.CommonMethodsAndUtilities.getRandomValue(CommonMethodsAndUtilities.java:207)
at CommonMethodsAndUtilities.CommonMethodsAndUtilities.getRandomValue(CommonMethodsAndUtilities.java:207)
at CommonMethodsAndUtilities.CommonMethodsAndUtilities.getRandomValue(CommonMethodsAndUtilities.java:207)
at CommonMethodsAndUtilities.CommonMethodsAndUtilities.getRandomValue(CommonMethodsAndUtilities.java:207)
at CommonMethodsAndUtilities.CommonMethodsAndUtilities.getRandomValue(CommonMethodsAndUtilities.java:207)
at CommonMethodsAndUtilities.CommonMethodsAndUtilities.getRandomValue(CommonMethodsAndUtilities.java:207)
at CommonMethodsAndUtilities.CommonMethodsAndUtilities.getRandomValue(CommonMethodsAndUtilities.java:207)
at CommonMethodsAndUtilities.CommonMethodsAndUtilities.getRandomValue(CommonMethodsAndUtilities.java:207)
at CommonMethodsAndUtilities.CommonMethodsAndUtilities.getRandomValue(CommonMethodsAndUtilities.java:207)
at CommonMethodsAndUtilities.CommonMethodsAndUtilities.getRandomValue(CommonMethodsAndUtilities.java:207)
at CommonMethodsAndUtilities.CommonMethodsAndUtilities.getRandomValue(CommonMethodsAndUtilities.java:207)
at CommonMethodsAndUtilities.CommonMethodsAndUtilities.getRandomValue(CommonMethodsAndUtilities.java:207)
at CommonMethodsAndUtilities.CommonMethodsAndUtilities.getRandomValue(CommonMethodsAndUtilities.java:207)
at CommonMethodsAndUtilities.CommonMethodsAndUtilities.getRandomValue(CommonMethodsAndUtilities.java:207)
at CommonMethodsAndUtilities.CommonMethodsAndUtilities.getRandomValue(CommonMethodsAndUtilities.java:207)
at CommonMethodsAndUtilities.CommonMethodsAndUtilities.getRandomValue(CommonMethodsAndUtilities.java:207)
at CommonMethodsAndUtilities.CommonMethodsAndUtilities.getRandomValue(CommonMethodsAndUtilities.java:207)
at CommonMethodsAndUtilities.CommonMethodsAndUtilities.getRandomValue(CommonMethodsAndUtilities.java:207)
at CommonMethodsAndUtilities.CommonMethodsAndUtilities.getRandomValue(CommonMethodsAndUtilities.java:207)
at CommonMethodsAndUtilities.CommonMethodsAndUtilities.getRandomValue(CommonMethodsAndUtilities.java:207)
at CommonMethodsAndUtilities.CommonMethodsAndUtilities.getRandomValue(CommonMethodsAndUtilities.java:207)
at CommonMethodsAndUtilities.CommonMethodsAndUtilities.getRandomValue(CommonMethodsAndUtilities.java:207)
at CommonMethodsAndUtilities.CommonMethodsAndUtilities.getRandomValue(CommonMethodsAndUtilities.java:207)
at CommonMethodsAndUtilities.CommonMethodsAndUtilities.getRandomValue(CommonMethodsAndUtilities.java:207)
at CommonMethodsAndUtilities.CommonMethodsAndUtilities.getRandomValue(CommonMethodsAndUtilities.java:207)
at CommonMethodsAndUtilities.CommonMethodsAndUtilities.getRandomValue(CommonMethodsAndUtilities.java:207)
at CommonMethodsAndUtilities.CommonMethodsAndUtilities.getRandomValue(CommonMethodsAndUtilities.java:207)
at CommonMethodsAndUtilities.CommonMethodsAndUtilities.getRandomValue(CommonMethodsAndUtilities.java:207)
at CommonMethodsAndUtilities.CommonMethodsAndUtilities.getRandomValue(CommonMethodsAndUtilities.java:207)
at CommonMethodsAndUtilities.CommonMethodsAndUtilities.getRandomValue(CommonMethodsAndUtilities.java:207)
at CommonMethodsAndUtilities.CommonMethodsAndUtilities.getRandomValue(CommonMethodsAndUtilities.java:207)
at CommonMethodsAndUtilities.CommonMethodsAndUtilities.getRandomValue(CommonMethodsAndUtilities.java:207)
at CommonMethodsAndUtilities.CommonMethodsAndUtilities.getRandomValue(CommonMethodsAndUtilities.java:207)
at CommonMethodsAndUtilities.CommonMethodsAndUtilities.getRandomValue(CommonMethodsAndUtilities.java:207)
at CommonMethodsAndUtilities.CommonMethodsAndUtilities.getRandomValue(CommonMethodsAndUtilities.java:207)
at CommonMethodsAndUtilities.CommonMethodsAndUtilities.getRandomValue(CommonMethodsAndUtilities.java:207)
at CommonMethodsAndUtilities.CommonMethodsAndUtilities.getRandomValue(CommonMethodsAndUtilities.java:207)
at CommonMethodsAndUtilities.CommonMethodsAndUtilities.getRandomValue(CommonMethodsAndUtilities.java:207)
at CommonMethodsAndUtilities.CommonMethodsAndUtilities.getRandomValue(CommonMethodsAndUtilities.java:207)
at CommonMethodsAndUtilities.CommonMethodsAndUtilities.getRandomValue(CommonMethodsAndUtilities.java:207)
at CommonMethodsAndUtilities.CommonMethodsAndUtilities.getRandomValue(CommonMethodsAndUtilities.java:207)
at CommonMethodsAndUtilities.CommonMethodsAndUtilities.getRandomValue(CommonMethodsAndUtilities.java:207)
at CommonMethodsAndUtilities.CommonMethodsAndUtilities.getRandomValue(CommonMethodsAndUtilities.java:207)
at CommonMethodsAndUtilities.CommonMethodsAndUtilities.getRandomValue(CommonMethodsAndUtilities.java:207)
at CommonMethodsAndUtilities.CommonMethodsAndUtilities.getRandomValue(CommonMethodsAndUtilities.java:207)
at CommonMethodsAndUtilities.CommonMethodsAndUtilities.getRandomValue(CommonMethodsAndUtilities.java:207)
at CommonMethodsAndUtilities.CommonMethodsAndUtilities.getRandomValue(CommonMethodsAndUtilities.java:207)
at CommonMethodsAndUtilities.CommonMethodsAndUtilities.getRandomValue(CommonMethodsAndUtilities.java:207)
at CommonMethodsAndUtilities.CommonMethodsAndUtilities.getRandomValue(CommonMethodsAndUtilities.java:207)
at CommonMethodsAndUtilities.CommonMethodsAndUtilities.getRandomValue(CommonMethodsAndUtilities.java:207)
at CommonMethodsAndUtilities.CommonMethodsAndUtilities.getRandomValue(CommonMethodsAndUtilities.java:207)
at CommonMethodsAndUtilities.CommonMethodsAndUtilities.getRandomValue(CommonMethodsAndUtilities.java:207)
at CommonMethodsAndUtilities.CommonMethodsAndUtilities.getRandomValue(CommonMethodsAndUtilities.java:207)
at CommonMethodsAndUtilities.CommonMethodsAndUtilities.getRandomValue(CommonMethodsAndUtilities.java:207)
at CommonMethodsAndUtilities.CommonMethodsAndUtilities.getRandomValue(CommonMethodsAndUtilities.java:207)
at CommonMethodsAndUtilities.CommonMethodsAndUtilities.getRandomValue(CommonMethodsAndUtilities.java:207)
at CommonMethodsAndUtilities.CommonMethodsAndUtilities.getRandomValue(CommonMethodsAndUtilities.java:207)
at CommonMethodsAndUtilities.CommonMethodsAndUtilities.getRandomValue(CommonMethodsAndUtilities.java:207)
at CommonMethodsAndUtilities.CommonMethodsAndUtilities.getRandomValue(CommonMethodsAndUtilities.java:207)
at CommonMethodsAndUtilities.CommonMethodsAndUtilities.getRandomValue(CommonMethodsAndUtilities.java:207)
at CommonMethodsAndUtilities.CommonMethodsAndUtilities.getRandomValue(CommonMethodsAndUtilities.java:207)
at CommonMethodsAndUtilities.CommonMethodsAndUtilities.getRandomValue(CommonMethodsAndUtilities.java:207)
at CommonMethodsAndUtilities.CommonMethodsAndUtilities.getRandomValue(CommonMethodsAndUtilities.java:207)
at CommonMethodsAndUtilities.CommonMethodsAndUtilities.getRandomValue(CommonMethodsAndUtilities.java:207)
at CommonMethodsAndUtilities.CommonMethodsAndUtilities.getRandomValue(CommonMethodsAndUtilities.java:207)
at CommonMethodsAndUtilities.CommonMethodsAndUtilities.getRandomValue(CommonMethodsAndUtilities.java:207)
at CommonMethodsAndUtilities.CommonMethodsAndUtilities.getRandomValue(CommonMethodsAndUtilities.java:207)
at CommonMethodsAndUtilities.CommonMethodsAndUtilities.getRandomValue(CommonMethodsAndUtilities.java:207)
at CommonMethodsAndUtilities.CommonMethodsAndUtilities.getRandomValue(CommonMethodsAndUtilities.java:207)
at CommonMethodsAndUtilities.CommonMethodsAndUtilities.getRandomValue(CommonMethodsAndUtilities.java:207)
at CommonMethodsAndUtilities.CommonMethodsAndUtilities.getRandomValue(CommonMethodsAndUtilities.java:207)
at CommonMethodsAndUtilities.CommonMethodsAndUtilities.getRandomValue(CommonMethodsAndUtilities.java:207)
at CommonMethodsAndUtilities.CommonMethodsAndUtilities.getRandomValue(CommonMethodsAndUtilities.java:207)
at CommonMethodsAndUtilities.CommonMethodsAndUtilities.getRandomValue(CommonMethodsAndUtilities.java:207)
at CommonMethodsAndUtilities.CommonMethodsAndUtilities.getRandomValue(CommonMethodsAndUtilities.java:207)
at CommonMethodsAndUtilities.CommonMethodsAndUtilities.getRandomValue(CommonMethodsAndUtilities.java:207)
at CommonMethodsAndUtilities.CommonMethodsAndUtilities.getRandomValue(CommonMethodsAndUtilities.java:207)
at CommonMethodsAndUtilities.CommonMethodsAndUtilities.getRandomValue(CommonMethodsAndUtilities.java:207)
at CommonMethodsAndUtilities.CommonMethodsAndUtilities.getRandomValue(CommonMethodsAndUtilities.java:207)
at CommonMethodsAndUtilities.CommonMethodsAndUtilities.getRandomValue(CommonMethodsAndUtilities.java:207)
at CommonMethodsAndUtilities.CommonMethodsAndUtilities.getRandomValue(CommonMethodsAndUtilities.java:207)
at CommonMethodsAndUtilities.CommonMethodsAndUtilities.getRandomValue(CommonMethodsAndUtilities.java:207)
at CommonMethodsAndUtilities.CommonMethodsAndUtilities.getRandomValue(CommonMethodsAndUtilities.java:207)
at CommonMethodsAndUtilities.CommonMethodsAndUtilities.getRandomValue(CommonMethodsAndUtilities.java:207)
at CommonMethodsAndUtilities.CommonMethodsAndUtilities.getRandomValue(CommonMethodsAndUtilities.java:207)
at CommonMethodsAndUtilities.CommonMethodsAndUtilities.getRandomValue(CommonMethodsAndUtilities.java:207)
at CommonMethodsAndUtilities.CommonMethodsAndUtilities.getRandomValue(CommonMethodsAndUtilities.java:207)
at CommonMethodsAndUtilities.CommonMethodsAndUtilities.getRandomValue(CommonMethodsAndUtilities.java:207)
at CommonMethodsAndUtilities.CommonMethodsAndUtilities.getRandomValue(CommonMethodsAndUtilities.java:207)
at CommonMethodsAndUtilities.CommonMethodsAndUtilities.getRandomValue(CommonMethodsAndUtilities.java:207)
at CommonMethodsAndUtilities.CommonMethodsAndUtilities.getRandomValue(CommonMethodsAndUtilities.java:207)
at CommonMethodsAndUtilities.CommonMethodsAndUtilities.getRandomValue(CommonMethodsAndUtilities.java:207)
at CommonMethodsAndUtilities.CommonMethodsAndUtilities.getRandomValue(CommonMethodsAndUtilities.java:207)
at CommonMethodsAndUtilities.CommonMethodsAndUtilities.getRandomValue(CommonMethodsAndUtilities.java:207)
at CommonMethodsAndUtilities.CommonMethodsAndUtilities.getRandomValue(CommonMethodsAndUtilities.java:207)
at CommonMethodsAndUtilities.CommonMethodsAndUtilities.getRandomValue(CommonMethodsAndUtilities.java:207)
at CommonMethodsAndUtilities.CommonMethodsAndUtilities.getRandomValue(CommonMethodsAndUtilities.java:207)
at CommonMethodsAndUtilities.CommonMethodsAndUtilities.getRandomValue(CommonMethodsAndUtilities.java:207)
at CommonMethodsAndUtilities.CommonMethodsAndUtilities.getRandomValue(CommonMethodsAndUtilities.java:207)
at CommonMethodsAndUtilities.CommonMethodsAndUtilities.getRandomValue(CommonMethodsAndUtilities.java:207)
at CommonMethodsAndUtilities.CommonMethodsAndUtilities.getRandomValue(CommonMethodsAndUtilities.java:207)
at CommonMethodsAndUtilities.CommonMethodsAndUtilities.getRandomValue(CommonMethodsAndUtilities.java:207)
at CommonMethodsAndUtilities.CommonMethodsAndUtilities.getRandomValue(CommonMethodsAndUtilities.java:207)
at CommonMethodsAndUtilities.CommonMethodsAndUtilities.getRandomValue(CommonMethodsAndUtilities.java:207)
at CommonMethodsAndUtilities.CommonMethodsAndUtilities.getRandomValue(CommonMethodsAndUtilities.java:207)
at CommonMethodsAndUtilities.CommonMethodsAndUtilities.getRandomValue(CommonMethodsAndUtilities.java:207)
at CommonMethodsAndUtilities.CommonMethodsAndUtilities.getRandomValue(CommonMethodsAndUtilities.java:207)
at CommonMethodsAndUtilities.CommonMethodsAndUtilities.getRandomValue(CommonMethodsAndUtilities.java:207)
at CommonMethodsAndUtilities.CommonMethodsAndUtilities.getRandomValue(CommonMethodsAndUtilities.java:207)
at CommonMethodsAndUtilities.CommonMethodsAndUtilities.getRandomValue(CommonMethodsAndUtilities.java:207)
at CommonMethodsAndUtilities.CommonMethodsAndUtilities.getRandomValue(CommonMethodsAndUtilities.java:207)
at CommonMethodsAndUtilities.CommonMethodsAndUtilities.getRandomValue(CommonMethodsAndUtilities.java:207)
at CommonMethodsAndUtilities.CommonMethodsAndUtilities.getRandomValue(CommonMethodsAndUtilities.java:207)
at CommonMethodsAndUtilities.CommonMethodsAndUtilities.getRandomValue(CommonMethodsAndUtilities.java:207)
at CommonMethodsAndUtilities.CommonMethodsAndUtilities.getRandomValue(CommonMethodsAndUtilities.java:207)
at CommonMethodsAndUtilities.CommonMethodsAndUtilities.getRandomValue(CommonMethodsAndUtilities.java:207)
at CommonMethodsAndUtilities.CommonMethodsAndUtilities.getRandomValue(CommonMethodsAndUtilities.java:207)
at CommonMethodsAndUtilities.CommonMethodsAndUtilities.getRandomValue(CommonMethodsAndUtilities.java:207)
at CommonMethodsAndUtilities.CommonMethodsAndUtilities.getRandomValue(CommonMethodsAndUtilities.java:207)
at CommonMethodsAndUtilities.CommonMethodsAndUtilities.getRandomValue(CommonMethodsAndUtilities.java:207)
at CommonMethodsAndUtilities.CommonMethodsAndUtilities.getRandomValue(CommonMethodsAndUtilities.java:207)
at CommonMethodsAndUtilities.CommonMethodsAndUtilities.getRandomValue(CommonMethodsAndUtilities.java:207)
at CommonMethodsAndUtilities.CommonMethodsAndUtilities.getRandomValue(CommonMethodsAndUtilities.java:207)
at CommonMethodsAndUtilities.CommonMethodsAndUtilities.getRandomValue(CommonMethodsAndUtilities.java:207)
at CommonMethodsAndUtilities.CommonMethodsAndUtilities.getRandomValue(CommonMethodsAndUtilities.java:207)
at CommonMethodsAndUtilities.CommonMethodsAndUtilities.getRandomValue(CommonMethodsAndUtilities.java:207)
at CommonMethodsAndUtilities.CommonMethodsAndUtilities.getRandomValue(CommonMethodsAndUtilities.java:207)
at CommonMethodsAndUtilities.CommonMethodsAndUtilities.getRandomValue(CommonMethodsAndUtilities.java:207)
at CommonMethodsAndUtilities.CommonMethodsAndUtilities.getRandomValue(CommonMethodsAndUtilities.java:207)
at CommonMethodsAndUtilities.CommonMethodsAndUtilities.getRandomValue(CommonMethodsAndUtilities.java:207)
at CommonMethodsAndUtilities.CommonMethodsAndUtilities.getRandomValue(CommonMethodsAndUtilities.java:207)
at CommonMethodsAndUtilities.CommonMethodsAndUtilities.getRandomValue(CommonMethodsAndUtilities.java:207)
at CommonMethodsAndUtilities.CommonMethodsAndUtilities.getRandomValue(CommonMethodsAndUtilities.java:207)
at CommonMethodsAndUtilities.CommonMethodsAndUtilities.getRandomValue(CommonMethodsAndUtilities.java:207)
at CommonMethodsAndUtilities.CommonMethodsAndUtilities.getRandomValue(CommonMethodsAndUtilities.java:207)
at CommonMethodsAndUtilities.CommonMethodsAndUtilities.getRandomValue(CommonMethodsAndUtilities.java:207)
at CommonMethodsAndUtilities.CommonMethodsAndUtilities.getRandomValue(CommonMethodsAndUtilities.java:207)
at CommonMethodsAndUtilities.CommonMethodsAndUtilities.getRandomValue(CommonMethodsAndUtilities.java:207)
at CommonMethodsAndUtilities.CommonMethodsAndUtilities.getRandomValue(CommonMethodsAndUtilities.java:207)
at CommonMethodsAndUtilities.CommonMethodsAndUtilities.getRandomValue(CommonMethodsAndUtilities.java:207)
at CommonMethodsAndUtilities.CommonMethodsAndUtilities.getRandomValue(CommonMethodsAndUtilities.java:207)
at CommonMethodsAndUtilities.CommonMethodsAndUtilities.getRandomValue(CommonMethodsAndUtilities.java:207)
at CommonMethodsAndUtilities.CommonMethodsAndUtilities.getRandomValue(CommonMethodsAndUtilities.java:207)
at CommonMethodsAndUtilities.CommonMethodsAndUtilities.getRandomValue(CommonMethodsAndUtilities.java:207)
at CommonMethodsAndUtilities.CommonMethodsAndUtilities.getRandomValue(CommonMethodsAndUtilities.java:207)
at CommonMethodsAndUtilities.CommonMethodsAndUtilities.getRandomValue(CommonMethodsAndUtilities.java:207)
at CommonMethodsAndUtilities.CommonMethodsAndUtilities.getRandomValue(CommonMethodsAndUtilities.java:207)
at CommonMethodsAndUtilities.CommonMethodsAndUtilities.getRandomValue(CommonMethodsAndUtilities.java:207)
at CommonMethodsAndUtilities.CommonMethodsAndUtilities.getRandomValue(CommonMethodsAndUtilities.java:207)
at CommonMethodsAndUtilities.CommonMethodsAndUtilities.getRandomValue(CommonMethodsAndUtilities.java:207)
at CommonMethodsAndUtilities.CommonMethodsAndUtilities.getRandomValue(CommonMethodsAndUtilities.java:207)
at CommonMethodsAndUtilities.CommonMethodsAndUtilities.getRandomValue(CommonMethodsAndUtilities.java:207)
at CommonMethodsAndUtilities.CommonMethodsAndUtilities.getRandomValue(CommonMethodsAndUtilities.java:207)
at CommonMethodsAndUtilities.CommonMethodsAndUtilities.getRandomValue(CommonMethodsAndUtilities.java:207)
at CommonMethodsAndUtilities.CommonMethodsAndUtilities.getRandomValue(CommonMethodsAndUtilities.java:207)
at CommonMethodsAndUtilities.CommonMethodsAndUtilities.getRandomValue(CommonMethodsAndUtilities.java:207)
at CommonMethodsAndUtilities.CommonMethodsAndUtilities.getRandomValue(CommonMethodsAndUtilities.java:207)
at CommonMethodsAndUtilities.CommonMethodsAndUtilities.getRandomValue(CommonMethodsAndUtilities.java:207)
at CommonMethodsAndUtilities.CommonMethodsAndUtilities.getRandomValue(CommonMethodsAndUtilities.java:207)
at CommonMethodsAndUtilities.CommonMethodsAndUtilities.getRandomValue(CommonMethodsAndUtilities.java:207)
at CommonMethodsAndUtilities.CommonMethodsAndUtilities.getRandomValue(CommonMethodsAndUtilities.java:207)
at CommonMethodsAndUtilities.CommonMethodsAndUtilities.getRandomValue(CommonMethodsAndUtilities.java:207)
at CommonMethodsAndUtilities.CommonMethodsAndUtilities.getRandomValue(CommonMethodsAndUtilities.java:207)
at CommonMethodsAndUtilities.CommonMethodsAndUtilities.getRandomValue(CommonMethodsAndUtilities.java:207)
at CommonMethodsAndUtilities.CommonMethodsAndUtilities.getRandomValue(CommonMethodsAndUtilities.java:207)
at CommonMethodsAndUtilities.CommonMethodsAndUtilities.getRandomValue(CommonMethodsAndUtilities.java:207)
at CommonMethodsAndUtilities.CommonMethodsAndUtilities.getRandomValue(CommonMethodsAndUtilities.java:207)
at CommonMethodsAndUtilities.CommonMethodsAndUtilities.getRandomValue(CommonMethodsAndUtilities.java:207)
at CommonMethodsAndUtilities.CommonMethodsAndUtilities.getRandomValue(CommonMethodsAndUtilities.java:207)
at CommonMethodsAndUtilities.CommonMethodsAndUtilities.getRandomValue(CommonMethodsAndUtilities.java:207)
at CommonMethodsAndUtilities.CommonMethodsAndUtilities.getRandomValue(CommonMethodsAndUtilities.java:207)
at CommonMethodsAndUtilities.CommonMethodsAndUtilities.getRandomValue(CommonMethodsAndUtilities.java:207)
at CommonMethodsAndUtilities.CommonMethodsAndUtilities.getRandomValue(CommonMethodsAndUtilities.java:207)
at CommonMethodsAndUtilities.CommonMethodsAndUtilities.getRandomValue(CommonMethodsAndUtilities.java:207)
at CommonMethodsAndUtilities.CommonMethodsAndUtilities.getRandomValue(CommonMethodsAndUtilities.java:207)
at CommonMethodsAndUtilities.CommonMethodsAndUtilities.getRandomValue(CommonMethodsAndUtilities.java:207)
at CommonMethodsAndUtilities.CommonMethodsAndUtilities.getRandomValue(CommonMethodsAndUtilities.java:207)
at CommonMethodsAndUtilities.CommonMethodsAndUtilities.getRandomValue(CommonMethodsAndUtilities.java:207)
at CommonMethodsAndUtilities.CommonMethodsAndUtilities.getRandomValue(CommonMethodsAndUtilities.java:207)
at CommonMethodsAndUtilities.CommonMethodsAndUtilities.getRandomValue(CommonMethodsAndUtilities.java:207)
at CommonMethodsAndUtilities.CommonMethodsAndUtilities.getRandomValue(CommonMethodsAndUtilities.java:207)
at CommonMethodsAndUtilities.CommonMethodsAndUtilities.getRandomValue(CommonMethodsAndUtilities.java:207)
at CommonMethodsAndUtilities.CommonMethodsAndUtilities.getRandomValue(CommonMethodsAndUtilities.java:207)
at CommonMethodsAndUtilities.CommonMethodsAndUtilities.getRandomValue(CommonMethodsAndUtilities.java:207)
at CommonMethodsAndUtilities.CommonMethodsAndUtilities.getRandomValue(CommonMethodsAndUtilities.java:207)
at CommonMethodsAndUtilities.CommonMethodsAndUtilities.getRandomValue(CommonMethodsAndUtilities.java:207)
at CommonMethodsAndUtilities.CommonMethodsAndUtilities.getRandomValue(CommonMethodsAndUtilities.java:207)
at CommonMethodsAndUtilities.CommonMethodsAndUtilities.getRandomValue(CommonMethodsAndUtilities.java:207)
at CommonMethodsAndUtilities.CommonMethodsAndUtilities.getRandomValue(CommonMethodsAndUtilities.java:207)
at CommonMethodsAndUtilities.CommonMethodsAndUtilities.getRandomValue(CommonMethodsAndUtilities.java:207)
at CommonMethodsAndUtilities.CommonMethodsAndUtilities.getRandomValue(CommonMethodsAndUtilities.java:207)
at CommonMethodsAndUtilities.CommonMethodsAndUtilities.getRandomValue(CommonMethodsAndUtilities.java:207)
at CommonMethodsAndUtilities.CommonMethodsAndUtilities.getRandomValue(CommonMethodsAndUtilities.java:207)
at CommonMethodsAndUtilities.CommonMethodsAndUtilities.getRandomValue(CommonMethodsAndUtilities.java:207)
at CommonMethodsAndUtilities.CommonMethodsAndUtilities.getRandomValue(CommonMethodsAndUtilities.java:207)
at CommonMethodsAndUtilities.CommonMethodsAndUtilities.getRandomValue(CommonMethodsAndUtilities.java:207)
at CommonMethodsAndUtilities.CommonMethodsAndUtilities.getRandomValue(CommonMethodsAndUtilities.java:207)
at CommonMethodsAndUtilities.CommonMethodsAndUtilities.getRandomValue(CommonMethodsAndUtilities.java:207)
at CommonMethodsAndUtilities.CommonMethodsAndUtilities.getRandomValue(CommonMethodsAndUtilities.java:207)
at CommonMethodsAndUtilities.CommonMethodsAndUtilities.getRandomValue(CommonMethodsAndUtilities.java:207)
at CommonMethodsAndUtilities.CommonMethodsAndUtilities.getRandomValue(CommonMethodsAndUtilities.java:207)
at CommonMethodsAndUtilities.CommonMethodsAndUtilities.getRandomValue(CommonMethodsAndUtilities.java:207)
at CommonMethodsAndUtilities.CommonMethodsAndUtilities.getRandomValue(CommonMethodsAndUtilities.java:207)
at CommonMethodsAndUtilities.CommonMethodsAndUtilities.getRandomValue(CommonMethodsAndUtilities.java:207)
at CommonMethodsAndUtilities.CommonMethodsAndUtilities.getRandomValue(CommonMethodsAndUtilities.java:207)
at CommonMethodsAndUtilities.CommonMethodsAndUtilities.getRandomValue(CommonMethodsAndUtilities.java:207)
at CommonMethodsAndUtilities.CommonMethodsAndUtilities.getRandomValue(CommonMethodsAndUtilities.java:207)
at CommonMethodsAndUtilities.CommonMethodsAndUtilities.getRandomValue(CommonMethodsAndUtilities.java:207)
at CommonMethodsAndUtilities.CommonMethodsAndUtilities.getRandomValue(CommonMethodsAndUtilities.java:207)
at CommonMethodsAndUtilities.CommonMethodsAndUtilities.getRandomValue(CommonMethodsAndUtilities.java:207)
at CommonMethodsAndUtilities.CommonMethodsAndUtilities.getRandomValue(CommonMethodsAndUtilities.java:207)
at CommonMethodsAndUtilities.CommonMethodsAndUtilities.getRandomValue(CommonMethodsAndUtilities.java:207)
at CommonMethodsAndUtilities.CommonMethodsAndUtilities.getRandomValue(CommonMethodsAndUtilities.java:207)
at CommonMethodsAndUtilities.CommonMethodsAndUtilities.getRandomValue(CommonMethodsAndUtilities.java:207)
at CommonMethodsAndUtilities.CommonMethodsAndUtilities.getRandomValue(CommonMethodsAndUtilities.java:207)
at CommonMethodsAndUtilities.CommonMethodsAndUtilities.getRandomValue(CommonMethodsAndUtilities.java:207)
at CommonMethodsAndUtilities.CommonMethodsAndUtilities.getRandomValue(CommonMethodsAndUtilities.java:207)
at CommonMethodsAndUtilities.CommonMethodsAndUtilities.getRandomValue(CommonMethodsAndUtilities.java:207)
at CommonMethodsAndUtilities.CommonMethodsAndUtilities.getRandomValue(CommonMethodsAndUtilities.java:207)
at CommonMethodsAndUtilities.CommonMethodsAndUtilities.getRandomValue(CommonMethodsAndUtilities.java:207)
at CommonMethodsAndUtilities.CommonMethodsAndUtilities.getRandomValue(CommonMethodsAndUtilities.java:207)
at CommonMethodsAndUtilities.CommonMethodsAndUtilities.getRandomValue(CommonMethodsAndUtilities.java:207)
at CommonMethodsAndUtilities.CommonMethodsAndUtilities.getRandomValue(CommonMethodsAndUtilities.java:207)
at CommonMethodsAndUtilities.CommonMethodsAndUtilities.getRandomValue(CommonMethodsAndUtilities.java:207)
at CommonMethodsAndUtilities.CommonMethodsAndUtilities.getRandomValue(CommonMethodsAndUtilities.java:207)
at CommonMethodsAndUtilities.CommonMethodsAndUtilities.getRandomValue(CommonMethodsAndUtilities.java:207)
at CommonMethodsAndUtilities.CommonMethodsAndUtilities.getRandomValue(CommonMethodsAndUtilities.java:207)
at CommonMethodsAndUtilities.CommonMethodsAndUtilities.getRandomValue(CommonMethodsAndUtilities.java:207)
at CommonMethodsAndUtilities.CommonMethodsAndUtilities.getRandomValue(CommonMethodsAndUtilities.java:207)
at CommonMethodsAndUtilities.CommonMethodsAndUtilities.getRandomValue(CommonMethodsAndUtilities.java:207)
at CommonMethodsAndUtilities.CommonMethodsAndUtilities.getRandomValue(CommonMethodsAndUtilities.java:207)
at CommonMethodsAndUtilities.CommonMethodsAndUtilities.getRandomValue(CommonMethodsAndUtilities.java:207)
at CommonMethodsAndUtilities.CommonMethodsAndUtilities.getRandomValue(CommonMethodsAndUtilities.java:207)
at CommonMethodsAndUtilities.CommonMethodsAndUtilities.getRandomValue(CommonMethodsAndUtilities.java:207)
at CommonMethodsAndUtilities.CommonMethodsAndUtilities.getRandomValue(CommonMethodsAndUtilities.java:207)
at CommonMethodsAndUtilities.CommonMethodsAndUtilities.getRandomValue(CommonMethodsAndUtilities.java:207)
at CommonMethodsAndUtilities.CommonMethodsAndUtilities.getRandomValue(CommonMethodsAndUtilities.java:207)
at CommonMethodsAndUtilities.CommonMethodsAndUtilities.getRandomValue(CommonMethodsAndUtilities.java:207)
at CommonMethodsAndUtilities.CommonMethodsAndUtilities.getRandomValue(CommonMethodsAndUtilities.java:207)
at CommonMethodsAndUtilities.CommonMethodsAndUtilities.getRandomValue(CommonMethodsAndUtilities.java:207)
at CommonMethodsAndUtilities.CommonMethodsAndUtilities.getRandomValue(CommonMethodsAndUtilities.java:207)
at CommonMethodsAndUtilities.CommonMethodsAndUtilities.getRandomValue(CommonMethodsAndUtilities.java:207)
at CommonMethodsAndUtilities.CommonMethodsAndUtilities.getRandomValue(CommonMethodsAndUtilities.java:207)
at CommonMethodsAndUtilities.CommonMethodsAndUtilities.getRandomValue(CommonMethodsAndUtilities.java:207)
at CommonMethodsAndUtilities.CommonMethodsAndUtilities.getRandomValue(CommonMethodsAndUtilities.java:207)
at CommonMethodsAndUtilities.CommonMethodsAndUtilities.getRandomValue(CommonMethodsAndUtilities.java:207)
at CommonMethodsAndUtilities.CommonMethodsAndUtilities.getRandomValue(CommonMethodsAndUtilities.java:207)
at CommonMethodsAndUtilities.CommonMethodsAndUtilities.getRandomValue(CommonMethodsAndUtilities.java:207)
at CommonMethodsAndUtilities.CommonMethodsAndUtilities.getRandomValue(CommonMethodsAndUtilities.java:207)
at CommonMethodsAndUtilities.CommonMethodsAndUtilities.getRandomValue(CommonMethodsAndUtilities.java:207)
at CommonMethodsAndUtilities.CommonMethodsAndUtilities.getRandomValue(CommonMethodsAndUtilities.java:207)
at CommonMethodsAndUtilities.CommonMethodsAndUtilities.getRandomValue(CommonMethodsAndUtilities.java:207)
at CommonMethodsAndUtilities.CommonMethodsAndUtilities.getRandomValue(CommonMethodsAndUtilities.java:207)
at CommonMethodsAndUtilities.CommonMethodsAndUtilities.getRandomValue(CommonMethodsAndUtilities.java:207)
at CommonMethodsAndUtilities.CommonMethodsAndUtilities.getRandomValue(CommonMethodsAndUtilities.java:207)
at CommonMethodsAndUtilities.CommonMethodsAndUtilities.getRandomValue(CommonMethodsAndUtilities.java:207)
at CommonMethodsAndUtilities.CommonMethodsAndUtilities.getRandomValue(CommonMethodsAndUtilities.java:207)
at CommonMethodsAndUtilities.CommonMethodsAndUtilities.getRandomValue(CommonMethodsAndUtilities.java:207)
at CommonMethodsAndUtilities.CommonMethodsAndUtilities.getRandomValue(CommonMethodsAndUtilities.java:207)
at CommonMethodsAndUtilities.CommonMethodsAndUtilities.getRandomValue(CommonMethodsAndUtilities.java:207)
at CommonMethodsAndUtilities.CommonMethodsAndUtilities.getRandomValue(CommonMethodsAndUtilities.java:207)
at CommonMethodsAndUtilities.CommonMethodsAndUtilities.getRandomValue(CommonMethodsAndUtilities.java:207)
at CommonMethodsAndUtilities.CommonMethodsAndUtilities.getRandomValue(CommonMethodsAndUtilities.java:207)
at CommonMethodsAndUtilities.CommonMethodsAndUtilities.getRandomValue(CommonMethodsAndUtilities.java:207)
at CommonMethodsAndUtilities.CommonMethodsAndUtilities.getRandomValue(CommonMethodsAndUtilities.java:207)
at CommonMethodsAndUtilities.CommonMethodsAndUtilities.getRandomValue(CommonMethodsAndUtilities.java:207)
at CommonMethodsAndUtilities.CommonMethodsAndUtilities.getRandomValue(CommonMethodsAndUtilities.java:207)
at CommonMethodsAndUtilities.CommonMethodsAndUtilities.getRandomValue(CommonMethodsAndUtilities.java:207)
at CommonMethodsAndUtilities.CommonMethodsAndUtilities.getRandomValue(CommonMethodsAndUtilities.java:207)
at CommonMethodsAndUtilities.CommonMethodsAndUtilities.getRandomValue(CommonMethodsAndUtilities.java:207)
at CommonMethodsAndUtilities.CommonMethodsAndUtilities.getRandomValue(CommonMethodsAndUtilities.java:207)
at CommonMethodsAndUtilities.CommonMethodsAndUtilities.getRandomValue(CommonMethodsAndUtilities.java:207)
at CommonMethodsAndUtilities.CommonMethodsAndUtilities.getRandomValue(CommonMethodsAndUtilities.java:207)
at CommonMethodsAndUtilities.CommonMethodsAndUtilities.getRandomValue(CommonMethodsAndUtilities.java:207)
at CommonMethodsAndUtilities.CommonMethodsAndUtilities.getRandomValue(CommonMethodsAndUtilities.java:207)
at CommonMethodsAndUtilities.CommonMethodsAndUtilities.getRandomValue(CommonMethodsAndUtilities.java:207)
at CommonMethodsAndUtilities.CommonMethodsAndUtilities.getRandomValue(CommonMethodsAndUtilities.java:207)
at CommonMethodsAndUtilities.CommonMethodsAndUtilities.getRandomValue(CommonMethodsAndUtilities.java:207)
at CommonMethodsAndUtilities.CommonMethodsAndUtilities.getRandomValue(CommonMethodsAndUtilities.java:207)
at CommonMethodsAndUtilities.CommonMethodsAndUtilities.getRandomValue(CommonMethodsAndUtilities.java:207)
at CommonMethodsAndUtilities.CommonMethodsAndUtilities.getRandomValue(CommonMethodsAndUtilities.java:207)
at CommonMethodsAndUtilities.CommonMethodsAndUtilities.getRandomValue(CommonMethodsAndUtilities.java:207)
at CommonMethodsAndUtilities.CommonMethodsAndUtilities.getRandomValue(CommonMethodsAndUtilities.java:207)
at CommonMethodsAndUtilities.CommonMethodsAndUtilities.getRandomValue(CommonMethodsAndUtilities.java:207)
at CommonMethodsAndUtilities.CommonMethodsAndUtilities.getRandomValue(CommonMethodsAndUtilities.java:207)
at CommonMethodsAndUtilities.CommonMethodsAndUtilities.getRandomValue(CommonMethodsAndUtilities.java:207)
at CommonMethodsAndUtilities.CommonMethodsAndUtilities.getRandomValue(CommonMethodsAndUtilities.java:207)
at CommonMethodsAndUtilities.CommonMethodsAndUtilities.getRandomValue(CommonMethodsAndUtilities.java:207)
at CommonMethodsAndUtilities.CommonMethodsAndUtilities.getRandomValue(CommonMethodsAndUtilities.java:207)
at CommonMethodsAndUtilities.CommonMethodsAndUtilities.getRandomValue(CommonMethodsAndUtilities.java:207)
at CommonMethodsAndUtilities.CommonMethodsAndUtilities.getRandomValue(CommonMethodsAndUtilities.java:207)
at CommonMethodsAndUtilities.CommonMethodsAndUtilities.getRandomValue(CommonMethodsAndUtilities.java:207)
at CommonMethodsAndUtilities.CommonMethodsAndUtilities.getRandomValue(CommonMethodsAndUtilities.java:207)
at CommonMethodsAndUtilities.CommonMethodsAndUtilities.getRandomValue(CommonMethodsAndUtilities.java:207)
at CommonMethodsAndUtilities.CommonMethodsAndUtilities.getRandomValue(CommonMethodsAndUtilities.java:207)
at CommonMethodsAndUtilities.CommonMethodsAndUtilities.getRandomValue(CommonMethodsAndUtilities.java:207)
at CommonMethodsAndUtilities.CommonMethodsAndUtilities.getRandomValue(CommonMethodsAndUtilities.java:207)
at CommonMethodsAndUtilities.CommonMethodsAndUtilities.getRandomValue(CommonMethodsAndUtilities.java:207)
at CommonMethodsAndUtilities.CommonMethodsAndUtilities.getRandomValue(CommonMethodsAndUtilities.java:207)
at CommonMethodsAndUtilities.CommonMethodsAndUtilities.getRandomValue(CommonMethodsAndUtilities.java:207)
at CommonMethodsAndUtilities.CommonMethodsAndUtilities.getRandomValue(CommonMethodsAndUtilities.java:207)
at CommonMethodsAndUtilities.CommonMethodsAndUtilities.getRandomValue(CommonMethodsAndUtilities.java:207)
at CommonMethodsAndUtilities.CommonMethodsAndUtilities.getRandomValue(CommonMethodsAndUtilities.java:207)
at CommonMethodsAndUtilities.CommonMethodsAndUtilities.getRandomValue(CommonMethodsAndUtilities.java:207)
at CommonMethodsAndUtilities.CommonMethodsAndUtilities.getRandomValue(CommonMethodsAndUtilities.java:207)
at CommonMethodsAndUtilities.CommonMethodsAndUtilities.getRandomValue(CommonMethodsAndUtilities.java:207)
at CommonMethodsAndUtilities.CommonMethodsAndUtilities.getRandomValue(CommonMethodsAndUtilities.java:207)
at CommonMethodsAndUtilities.CommonMethodsAndUtilities.getRandomValue(CommonMethodsAndUtilities.java:207)
at CommonMethodsAndUtilities.CommonMethodsAndUtilities.getRandomValue(CommonMethodsAndUtilities.java:207)
at CommonMethodsAndUtilities.CommonMethodsAndUtilities.getRandomValue(CommonMethodsAndUtilities.java:207)
at CommonMethodsAndUtilities.CommonMethodsAndUtilities.getRandomValue(CommonMethodsAndUtilities.java:207)
at CommonMethodsAndUtilities.CommonMethodsAndUtilities.getRandomValue(CommonMethodsAndUtilities.java:207)
at CommonMethodsAndUtilities.CommonMethodsAndUtilities.getRandomValue(CommonMethodsAndUtilities.java:207)
at CommonMethodsAndUtilities.CommonMethodsAndUtilities.getRandomValue(CommonMethodsAndUtilities.java:207)
at CommonMethodsAndUtilities.CommonMethodsAndUtilities.getRandomValue(CommonMethodsAndUtilities.java:207)
at CommonMethodsAndUtilities.CommonMethodsAndUtilities.getRandomValue(CommonMethodsAndUtilities.java:207)
at CommonMethodsAndUtilities.CommonMethodsAndUtilities.getRandomValue(CommonMethodsAndUtilities.java:207)
at CommonMethodsAndUtilities.CommonMethodsAndUtilities.getRandomValue(CommonMethodsAndUtilities.java:207)
at CommonMethodsAndUtilities.CommonMethodsAndUtilities.getRandomValue(CommonMethodsAndUtilities.java:207)
at CommonMethodsAndUtilities.CommonMethodsAndUtilities.getRandomValue(CommonMethodsAndUtilities.java:207)
at CommonMethodsAndUtilities.CommonMethodsAndUtilities.getRandomValue(CommonMethodsAndUtilities.java:207)
at CommonMethodsAndUtilities.CommonMethodsAndUtilities.getRandomValue(CommonMethodsAndUtilities.java:207)
at CommonMethodsAndUtilities.CommonMethodsAndUtilities.getRandomValue(CommonMethodsAndUtilities.java:207)
at CommonMethodsAndUtilities.CommonMethodsAndUtilities.getRandomValue(CommonMethodsAndUtilities.java:207)
at CommonMethodsAndUtilities.CommonMethodsAndUtilities.getRandomValue(CommonMethodsAndUtilities.java:207)
at CommonMethodsAndUtilities.CommonMethodsAndUtilities.getRandomValue(CommonMethodsAndUtilities.java:207)
at CommonMethodsAndUtilities.CommonMethodsAndUtilities.getRandomValue(CommonMethodsAndUtilities.java:207)
at CommonMethodsAndUtilities.CommonMethodsAndUtilities.getRandomValue(CommonMethodsAndUtilities.java:207)
at CommonMethodsAndUtilities.CommonMethodsAndUtilities.getRandomValue(CommonMethodsAndUtilities.java:207)
at CommonMethodsAndUtilities.CommonMethodsAndUtilities.getRandomValue(CommonMethodsAndUtilities.java:207)
at CommonMethodsAndUtilities.CommonMethodsAndUtilities.getRandomValue(CommonMethodsAndUtilities.java:207)
at CommonMethodsAndUtilities.CommonMethodsAndUtilities.getRandomValue(CommonMethodsAndUtilities.java:207)
at CommonMethodsAndUtilities.CommonMethodsAndUtilities.getRandomValue(CommonMethodsAndUtilities.java:207)
at CommonMethodsAndUtilities.CommonMethodsAndUtilities.getRandomValue(CommonMethodsAndUtilities.java:207)
at CommonMethodsAndUtilities.CommonMethodsAndUtilities.getRandomValue(CommonMethodsAndUtilities.java:207)
at CommonMethodsAndUtilities.CommonMethodsAndUtilities.getRandomValue(CommonMethodsAndUtilities.java:207)
at CommonMethodsAndUtilities.CommonMethodsAndUtilities.getRandomValue(CommonMethodsAndUtilities.java:207)
at CommonMethodsAndUtilities.CommonMethodsAndUtilities.getRandomValue(CommonMethodsAndUtilities.java:207)
at CommonMethodsAndUtilities.CommonMethodsAndUtilities.getRandomValue(CommonMethodsAndUtilities.java:207)
at CommonMethodsAndUtilities.CommonMethodsAndUtilities.getRandomValue(CommonMethodsAndUtilities.java:207)
at CommonMethodsAndUtilities.CommonMethodsAndUtilities.getRandomValue(CommonMethodsAndUtilities.java:207)
at CommonMethodsAndUtilities.CommonMethodsAndUtilities.getRandomValue(CommonMethodsAndUtilities.java:207)
at CommonMethodsAndUtilities.CommonMethodsAndUtilities.getRandomValue(CommonMethodsAndUtilities.java:207)
at CommonMethodsAndUtilities.CommonMethodsAndUtilities.getRandomValue(CommonMethodsAndUtilities.java:207)
at CommonMethodsAndUtilities.CommonMethodsAndUtilities.getRandomValue(CommonMethodsAndUtilities.java:207)
at CommonMethodsAndUtilities.CommonMethodsAndUtilities.getRandomValue(CommonMethodsAndUtilities.java:207)
at CommonMethodsAndUtilities.CommonMethodsAndUtilities.getRandomValue(CommonMethodsAndUtilities.java:207)
at CommonMethodsAndUtilities.CommonMethodsAndUtilities.getRandomValue(CommonMethodsAndUtilities.java:207)
at CommonMethodsAndUtilities.CommonMethodsAndUtilities.getRandomValue(CommonMethodsAndUtilities.java:207)
at CommonMethodsAndUtilities.CommonMethodsAndUtilities.getRandomValue(CommonMethodsAndUtilities.java:207)
at CommonMethodsAndUtilities.CommonMethodsAndUtilities.getRandomValue(CommonMethodsAndUtilities.java:207)
at CommonMethodsAndUtilities.CommonMethodsAndUtilities.getRandomValue(CommonMethodsAndUtilities.java:207)
at CommonMethodsAndUtilities.CommonMethodsAndUtilities.getRandomValue(CommonMethodsAndUtilities.java:207)
at CommonMethodsAndUtilities.CommonMethodsAndUtilities.getRandomValue(CommonMethodsAndUtilities.java:207)
at CommonMethodsAndUtilities.CommonMethodsAndUtilities.getRandomValue(CommonMethodsAndUtilities.java:207)
at CommonMethodsAndUtilities.CommonMethodsAndUtilities.getRandomValue(CommonMethodsAndUtilities.java:207)
at CommonMethodsAndUtilities.CommonMethodsAndUtilities.getRandomValue(CommonMethodsAndUtilities.java:207)
at CommonMethodsAndUtilities.CommonMethodsAndUtilities.getRandomValue(CommonMethodsAndUtilities.java:207)
at CommonMethodsAndUtilities.CommonMethodsAndUtilities.getRandomValue(CommonMethodsAndUtilities.java:207)
at CommonMethodsAndUtilities.CommonMethodsAndUtilities.getRandomValue(CommonMethodsAndUtilities.java:207)
at CommonMethodsAndUtilities.CommonMethodsAndUtilities.getRandomValue(CommonMethodsAndUtilities.java:207)
at CommonMethodsAndUtilities.CommonMethodsAndUtilities.getRandomValue(CommonMethodsAndUtilities.java:207)
at CommonMethodsAndUtilities.CommonMethodsAndUtilities.getRandomValue(CommonMethodsAndUtilities.java:207)
at CommonMethodsAndUtilities.CommonMethodsAndUtilities.getRandomValue(CommonMethodsAndUtilities.java:207)
at CommonMethodsAndUtilities.CommonMethodsAndUtilities.getRandomValue(CommonMethodsAndUtilities.java:207)
at CommonMethodsAndUtilities.CommonMethodsAndUtilities.getRandomValue(CommonMethodsAndUtilities.java:207)
at CommonMethodsAndUtilities.CommonMethodsAndUtilities.getRandomValue(CommonMethodsAndUtilities.java:207)
at CommonMethodsAndUtilities.CommonMethodsAndUtilities.getRandomValue(CommonMethodsAndUtilities.java:207)
at CommonMethodsAndUtilities.CommonMethodsAndUtilities.getRandomValue(CommonMethodsAndUtilities.java:207)
at CommonMethodsAndUtilities.CommonMethodsAndUtilities.getRandomValue(CommonMethodsAndUtilities.java:207)
at CommonMethodsAndUtilities.CommonMethodsAndUtilities.getRandomValue(CommonMethodsAndUtilities.java:207)
at CommonMethodsAndUtilities.CommonMethodsAndUtilities.getRandomValue(CommonMethodsAndUtilities.java:207)
at CommonMethodsAndUtilities.CommonMethodsAndUtilities.getRandomValue(CommonMethodsAndUtilities.java:207)
at CommonMethodsAndUtilities.CommonMethodsAndUtilities.getRandomValue(CommonMethodsAndUtilities.java:207)
at CommonMethodsAndUtilities.CommonMethodsAndUtilities.getRandomValue(CommonMethodsAndUtilities.java:207)
at CommonMethodsAndUtilities.CommonMethodsAndUtilities.getRandomValue(CommonMethodsAndUtilities.java:207)
at CommonMethodsAndUtilities.CommonMethodsAndUtilities.getRandomValue(CommonMethodsAndUtilities.java:207)
at CommonMethodsAndUtilities.CommonMethodsAndUtilities.getRandomValue(CommonMethodsAndUtilities.java:207)
at CommonMethodsAndUtilities.CommonMethodsAndUtilities.getRandomValue(CommonMethodsAndUtilities.java:207)
at CommonMethodsAndUtilities.CommonMethodsAndUtilities.getRandomValue(CommonMethodsAndUtilities.java:207)
at CommonMethodsAndUtilities.CommonMethodsAndUtilities.getRandomValue(CommonMethodsAndUtilities.java:207)
at CommonMethodsAndUtilities.CommonMethodsAndUtilities.getRandomValue(CommonMethodsAndUtilities.java:207)
at CommonMethodsAndUtilities.CommonMethodsAndUtilities.getRandomValue(CommonMethodsAndUtilities.java:207)
at CommonMethodsAndUtilities.CommonMethodsAndUtilities.getRandomValue(CommonMethodsAndUtilities.java:207)
at CommonMethodsAndUtilities.CommonMethodsAndUtilities.getRandomValue(CommonMethodsAndUtilities.java:207)
at CommonMethodsAndUtilities.CommonMethodsAndUtilities.getRandomValue(CommonMethodsAndUtilities.java:207)
at CommonMethodsAndUtilities.CommonMethodsAndUtilities.getRandomValue(CommonMethodsAndUtilities.java:207)
at CommonMethodsAndUtilities.CommonMethodsAndUtilities.getRandomValue(CommonMethodsAndUtilities.java:207)
at CommonMethodsAndUtilities.CommonMethodsAndUtilities.getRandomValue(CommonMethodsAndUtilities.java:207)
at CommonMethodsAndUtilities.CommonMethodsAndUtilities.getRandomValue(CommonMethodsAndUtilities.java:207)
at CommonMethodsAndUtilities.CommonMethodsAndUtilities.getRandomValue(CommonMethodsAndUtilities.java:207)
at CommonMethodsAndUtilities.CommonMethodsAndUtilities.getRandomValue(CommonMethodsAndUtilities.java:207)
at CommonMethodsAndUtilities.CommonMethodsAndUtilities.getRandomValue(CommonMethodsAndUtilities.java:207)
at CommonMethodsAndUtilities.CommonMethodsAndUtilities.getRandomValue(CommonMethodsAndUtilities.java:207)
at CommonMethodsAndUtilities.CommonMethodsAndUtilities.getRandomValue(CommonMethodsAndUtilities.java:207)
at CommonMethodsAndUtilities.CommonMethodsAndUtilities.getRandomValue(CommonMethodsAndUtilities.java:207)
at CommonMethodsAndUtilities.CommonMethodsAndUtilities.getRandomValue(CommonMethodsAndUtilities.java:207)
at CommonMethodsAndUtilities.CommonMethodsAndUtilities.getRandomValue(CommonMethodsAndUtilities.java:207)
at CommonMethodsAndUtilities.CommonMethodsAndUtilities.getRandomValue(CommonMethodsAndUtilities.java:207)
at CommonMethodsAndUtilities.CommonMethodsAndUtilities.getRandomValue(CommonMethodsAndUtilities.java:207)
at CommonMethodsAndUtilities.CommonMethodsAndUtilities.getRandomValue(CommonMethodsAndUtilities.java:207)
at CommonMethodsAndUtilities.CommonMethodsAndUtilities.getRandomValue(CommonMethodsAndUtilities.java:207)
at CommonMethodsAndUtilities.CommonMethodsAndUtilities.getRandomValue(CommonMethodsAndUtilities.java:207)
at CommonMethodsAndUtilities.CommonMethodsAndUtilities.getRandomValue(CommonMethodsAndUtilities.java:207)
at CommonMethodsAndUtilities.CommonMethodsAndUtilities.getRandomValue(CommonMethodsAndUtilities.java:207)
at CommonMethodsAndUtilities.CommonMethodsAndUtilities.getRandomValue(CommonMethodsAndUtilities.java:207)
at CommonMethodsAndUtilities.CommonMethodsAndUtilities.getRandomValue(CommonMethodsAndUtilities.java:207)
at CommonMethodsAndUtilities.CommonMethodsAndUtilities.getRandomValue(CommonMethodsAndUtilities.java:207)
at CommonMethodsAndUtilities.CommonMethodsAndUtilities.getRandomValue(CommonMethodsAndUtilities.java:207)
at CommonMethodsAndUtilities.CommonMethodsAndUtilities.getRandomValue(CommonMethodsAndUtilities.java:207)
at CommonMethodsAndUtilities.CommonMethodsAndUtilities.getRandomValue(CommonMethodsAndUtilities.java:207)
at CommonMethodsAndUtilities.CommonMethodsAndUtilities.getRandomValue(CommonMethodsAndUtilities.java:207)
at CommonMethodsAndUtilities.CommonMethodsAndUtilities.getRandomValue(CommonMethodsAndUtilities.java:207)
at CommonMethodsAndUtilities.CommonMethodsAndUtilities.getRandomValue(CommonMethodsAndUtilities.java:207)
at CommonMethodsAndUtilities.CommonMethodsAndUtilities.getRandomValue(CommonMethodsAndUtilities.java:207)
at CommonMethodsAndUtilities.CommonMethodsAndUtilities.getRandomValue(CommonMethodsAndUtilities.java:207)
at CommonMethodsAndUtilities.CommonMethodsAndUtilities.getRandomValue(CommonMethodsAndUtilities.java:207)
at CommonMethodsAndUtilities.CommonMethodsAndUtilities.getRandomValue(CommonMethodsAndUtilities.java:207)
at CommonMethodsAndUtilities.CommonMethodsAndUtilities.getRandomValue(CommonMethodsAndUtilities.java:207)
at CommonMethodsAndUtilities.CommonMethodsAndUtilities.getRandomValue(CommonMethodsAndUtilities.java:207)
at CommonMethodsAndUtilities.CommonMethodsAndUtilities.getRandomValue(CommonMethodsAndUtilities.java:207)
at CommonMethodsAndUtilities.CommonMethodsAndUtilities.getRandomValue(CommonMethodsAndUtilities.java:207)
at CommonMethodsAndUtilities.CommonMethodsAndUtilities.getRandomValue(CommonMethodsAndUtilities.java:207)
at CommonMethodsAndUtilities.CommonMethodsAndUtilities.getRandomValue(CommonMethodsAndUtilities.java:207)
at CommonMethodsAndUtilities.CommonMethodsAndUtilities.getRandomValue(CommonMethodsAndUtilities.java:207)
at CommonMethodsAndUtilities.CommonMethodsAndUtilities.getRandomValue(CommonMethodsAndUtilities.java:207)
at CommonMethodsAndUtilities.CommonMethodsAndUtilities.getRandomValue(CommonMethodsAndUtilities.java:207)
at CommonMethodsAndUtilities.CommonMethodsAndUtilities.getRandomValue(CommonMethodsAndUtilities.java:207)
at CommonMethodsAndUtilities.CommonMethodsAndUtilities.getRandomValue(CommonMethodsAndUtilities.java:207)
at CommonMethodsAndUtilities.CommonMethodsAndUtilities.getRandomValue(CommonMethodsAndUtilities.java:207)
at CommonMethodsAndUtilities.CommonMethodsAndUtilities.getRandomValue(CommonMethodsAndUtilities.java:207)
at CommonMethodsAndUtilities.CommonMethodsAndUtilities.getRandomValue(CommonMethodsAndUtilities.java:207)
at CommonMethodsAndUtilities.CommonMethodsAndUtilities.getRandomValue(CommonMethodsAndUtilities.java:207)
at CommonMethodsAndUtilities.CommonMethodsAndUtilities.getRandomValue(CommonMethodsAndUtilities.java:207)
at CommonMethodsAndUtilities.CommonMethodsAndUtilities.getRandomValue(CommonMethodsAndUtilities.java:207)
at CommonMethodsAndUtilities.CommonMethodsAndUtilities.getRandomValue(CommonMethodsAndUtilities.java:207)
at CommonMethodsAndUtilities.CommonMethodsAndUtilities.getRandomValue(CommonMethodsAndUtilities.java:207)
at CommonMethodsAndUtilities.CommonMethodsAndUtilities.getRandomValue(CommonMethodsAndUtilities.java:207)
at CommonMethodsAndUtilities.CommonMethodsAndUtilities.getRandomValue(CommonMethodsAndUtilities.java:207)
at CommonMethodsAndUtilities.CommonMethodsAndUtilities.getRandomValue(CommonMethodsAndUtilities.java:207)
at CommonMethodsAndUtilities.CommonMethodsAndUtilities.getRandomValue(CommonMethodsAndUtilities.java:207)
at CommonMethodsAndUtilities.CommonMethodsAndUtilities.getRandomValue(CommonMethodsAndUtilities.java:207)
at CommonMethodsAndUtilities.CommonMethodsAndUtilities.getRandomValue(CommonMethodsAndUtilities.java:207)
at CommonMethodsAndUtilities.CommonMethodsAndUtilities.getRandomValue(CommonMethodsAndUtilities.java:207)
at CommonMethodsAndUtilities.CommonMethodsAndUtilities.getRandomValue(CommonMethodsAndUtilities.java:207)
at CommonMethodsAndUtilities.CommonMethodsAndUtilities.getRandomValue(CommonMethodsAndUtilities.java:207)
at CommonMethodsAndUtilities.CommonMethodsAndUtilities.getRandomValue(CommonMethodsAndUtilities.java:207)
at CommonMethodsAndUtilities.CommonMethodsAndUtilities.getRandomValue(CommonMethodsAndUtilities.java:207)
at CommonMethodsAndUtilities.CommonMethodsAndUtilities.getRandomValue(CommonMethodsAndUtilities.java:207)
at CommonMethodsAndUtilities.CommonMethodsAndUtilities.getRandomValue(CommonMethodsAndUtilities.java:207)
at CommonMethodsAndUtilities.CommonMethodsAndUtilities.getRandomValue(CommonMethodsAndUtilities.java:207)
at CommonMethodsAndUtilities.CommonMethodsAndUtilities.getRandomValue(CommonMethodsAndUtilities.java:207)
at CommonMethodsAndUtilities.CommonMethodsAndUtilities.getRandomValue(CommonMethodsAndUtilities.java:207)
at CommonMethodsAndUtilities.CommonMethodsAndUtilities.getRandomValue(CommonMethodsAndUtilities.java:207)
at CommonMethodsAndUtilities.CommonMethodsAndUtilities.getRandomValue(CommonMethodsAndUtilities.java:207)
at CommonMethodsAndUtilities.CommonMethodsAndUtilities.getRandomValue(CommonMethodsAndUtilities.java:207)
at CommonMethodsAndUtilities.CommonMethodsAndUtilities.getRandomValue(CommonMethodsAndUtilities.java:207)
at CommonMethodsAndUtilities.CommonMethodsAndUtilities.getRandomValue(CommonMethodsAndUtilities.java:207)
at CommonMethodsAndUtilities.CommonMethodsAndUtilities.getRandomValue(CommonMethodsAndUtilities.java:207)
at CommonMethodsAndUtilities.CommonMethodsAndUtilities.getRandomValue(CommonMethodsAndUtilities.java:207)
at CommonMethodsAndUtilities.CommonMethodsAndUtilities.getRandomValue(CommonMethodsAndUtilities.java:207)
at CommonMethodsAndUtilities.CommonMethodsAndUtilities.getRandomValue(CommonMethodsAndUtilities.java:207)
at CommonMethodsAndUtilities.CommonMethodsAndUtilities.getRandomValue(CommonMethodsAndUtilities.java:207)
at CommonMethodsAndUtilities.CommonMethodsAndUtilities.getRandomValue(CommonMethodsAndUtilities.java:207)
at CommonMethodsAndUtilities.CommonMethodsAndUtilities.getRandomValue(CommonMethodsAndUtilities.java:207)
at CommonMethodsAndUtilities.CommonMethodsAndUtilities.getRandomValue(CommonMethodsAndUtilities.java:207)
at CommonMethodsAndUtilities.CommonMethodsAndUtilities.getRandomValue(CommonMethodsAndUtilities.java:207)
at CommonMethodsAndUtilities.CommonMethodsAndUtilities.getRandomValue(CommonMethodsAndUtilities.java:207)
at CommonMethodsAndUtilities.CommonMethodsAndUtilities.getRandomValue(CommonMethodsAndUtilities.java:207)
at CommonMethodsAndUtilities.CommonMethodsAndUtilities.getRandomValue(CommonMethodsAndUtilities.java:207)
at CommonMethodsAndUtilities.CommonMethodsAndUtilities.getRandomValue(CommonMethodsAndUtilities.java:207)
at CommonMethodsAndUtilities.CommonMethodsAndUtilities.getRandomValue(CommonMethodsAndUtilities.java:207)
at CommonMethodsAndUtilities.CommonMethodsAndUtilities.getRandomValue(CommonMethodsAndUtilities.java:207)
at CommonMethodsAndUtilities.CommonMethodsAndUtilities.getRandomValue(CommonMethodsAndUtilities.java:207)
at CommonMethodsAndUtilities.CommonMethodsAndUtilities.getRandomValue(CommonMethodsAndUtilities.java:207)
at CommonMethodsAndUtilities.CommonMethodsAndUtilities.getRandomValue(CommonMethodsAndUtilities.java:207)
at CommonMethodsAndUtilities.CommonMethodsAndUtilities.getRandomValue(CommonMethodsAndUtilities.java:207)
at CommonMethodsAndUtilities.CommonMethodsAndUtilities.getRandomValue(CommonMethodsAndUtilities.java:207)
at CommonMethodsAndUtilities.CommonMethodsAndUtilities.getRandomValue(CommonMethodsAndUtilities.java:207)
at CommonMethodsAndUtilities.CommonMethodsAndUtilities.getRandomValue(CommonMethodsAndUtilities.java:207)
at CommonMethodsAndUtilities.CommonMethodsAndUtilities.getRandomValue(CommonMethodsAndUtilities.java:207)
at CommonMethodsAndUtilities.CommonMethodsAndUtilities.getRandomValue(CommonMethodsAndUtilities.java:207)
at CommonMethodsAndUtilities.CommonMethodsAndUtilities.getRandomValue(CommonMethodsAndUtilities.java:207)
at CommonMethodsAndUtilities.CommonMethodsAndUtilities.getRandomValue(CommonMethodsAndUtilities.java:207)
at CommonMethodsAndUtilities.CommonMethodsAndUtilities.getRandomValue(CommonMethodsAndUtilities.java:207)
at CommonMethodsAndUtilities.CommonMethodsAndUtilities.getRandomValue(CommonMethodsAndUtilities.java:207)
at CommonMethodsAndUtilities.CommonMethodsAndUtilities.getRandomValue(CommonMethodsAndUtilities.java:207)
at CommonMethodsAndUtilities.CommonMethodsAndUtilities.getRandomValue(CommonMethodsAndUtilities.java:207)
at CommonMethodsAndUtilities.CommonMethodsAndUtilities.getRandomValue(CommonMethodsAndUtilities.java:207)
at CommonMethodsAndUtilities.CommonMethodsAndUtilities.getRandomValue(CommonMethodsAndUtilities.java:207)
at CommonMethodsAndUtilities.CommonMethodsAndUtilities.getRandomValue(CommonMethodsAndUtilities.java:207)
at CommonMethodsAndUtilities.CommonMethodsAndUtilities.getRandomValue(CommonMethodsAndUtilities.java:207)
at CommonMethodsAndUtilities.CommonMethodsAndUtilities.getRandomValue(CommonMethodsAndUtilities.java:207)
at CommonMethodsAndUtilities.CommonMethodsAndUtilities.getRandomValue(CommonMethodsAndUtilities.java:207)
at CommonMethodsAndUtilities.CommonMethodsAndUtilities.getRandomValue(CommonMethodsAndUtilities.java:207)
at CommonMethodsAndUtilities.CommonMethodsAndUtilities.getRandomValue(CommonMethodsAndUtilities.java:207)
at CommonMethodsAndUtilities.CommonMethodsAndUtilities.getRandomValue(CommonMethodsAndUtilities.java:207)
at CommonMethodsAndUtilities.CommonMethodsAndUtilities.getRandomValue(CommonMethodsAndUtilities.java:207)
at CommonMethodsAndUtilities.CommonMethodsAndUtilities.getRandomValue(CommonMethodsAndUtilities.java:207)
at CommonMethodsAndUtilities.CommonMethodsAndUtilities.getRandomValue(CommonMethodsAndUtilities.java:207)
at CommonMethodsAndUtilities.CommonMethodsAndUtilities.getRandomValue(CommonMethodsAndUtilities.java:207)
at CommonMethodsAndUtilities.CommonMethodsAndUtilities.getRandomValue(CommonMethodsAndUtilities.java:207)
at CommonMethodsAndUtilities.CommonMethodsAndUtilities.getRandomValue(CommonMethodsAndUtilities.java:207)
at CommonMethodsAndUtilities.CommonMethodsAndUtilities.getRandomValue(CommonMethodsAndUtilities.java:207)
at CommonMethodsAndUtilities.CommonMethodsAndUtilities.getRandomValue(CommonMethodsAndUtilities.java:207)
at CommonMethodsAndUtilities.CommonMethodsAndUtilities.getRandomValue(CommonMethodsAndUtilities.java:207)
at CommonMethodsAndUtilities.CommonMethodsAndUtilities.getRandomValue(CommonMethodsAndUtilities.java:207)
at CommonMethodsAndUtilities.CommonMethodsAndUtilities.getRandomValue(CommonMethodsAndUtilities.java:207)
at CommonMethodsAndUtilities.CommonMethodsAndUtilities.getRandomValue(CommonMethodsAndUtilities.java:207)
at CommonMethodsAndUtilities.CommonMethodsAndUtilities.getRandomValue(CommonMethodsAndUtilities.java:207)
at CommonMethodsAndUtilities.CommonMethodsAndUtilities.getRandomValue(CommonMethodsAndUtilities.java:207)
at CommonMethodsAndUtilities.CommonMethodsAndUtilities.getRandomValue(CommonMethodsAndUtilities.java:207)
at CommonMethodsAndUtilities.CommonMethodsAndUtilities.getRandomValue(CommonMethodsAndUtilities.java:207)
at CommonMethodsAndUtilities.CommonMethodsAndUtilities.getRandomValue(CommonMethodsAndUtilities.java:207)
at CommonMethodsAndUtilities.CommonMethodsAndUtilities.getRandomValue(CommonMethodsAndUtilities.java:207)
at CommonMethodsAndUtilities.CommonMethodsAndUtilities.getRandomValue(CommonMethodsAndUtilities.java:207)
at CommonMethodsAndUtilities.CommonMethodsAndUtilities.getRandomValue(CommonMethodsAndUtilities.java:207)
at CommonMethodsAndUtilities.CommonMethodsAndUtilities.getRandomValue(CommonMethodsAndUtilities.java:207)
at CommonMethodsAndUtilities.CommonMethodsAndUtilities.getRandomValue(CommonMethodsAndUtilities.java:207)
at CommonMethodsAndUtilities.CommonMethodsAndUtilities.getRandomValue(CommonMethodsAndUtilities.java:207)
at CommonMethodsAndUtilities.CommonMethodsAndUtilities.getRandomValue(CommonMethodsAndUtilities.java:207)
at CommonMethodsAndUtilities.CommonMethodsAndUtilities.getRandomValue(CommonMethodsAndUtilities.java:207)
at CommonMethodsAndUtilities.CommonMethodsAndUtilities.getRandomValue(CommonMethodsAndUtilities.java:207)
at CommonMethodsAndUtilities.CommonMethodsAndUtilities.getRandomValue(CommonMethodsAndUtilities.java:207)
at CommonMethodsAndUtilities.CommonMethodsAndUtilities.getRandomValue(CommonMethodsAndUtilities.java:207)
at CommonMethodsAndUtilities.CommonMethodsAndUtilities.getRandomValue(CommonMethodsAndUtilities.java:207)
at CommonMethodsAndUtilities.CommonMethodsAndUtilities.getRandomValue(CommonMethodsAndUtilities.java:207)
at CommonMethodsAndUtilities.CommonMethodsAndUtilities.getRandomValue(CommonMethodsAndUtilities.java:207)
at CommonMethodsAndUtilities.CommonMethodsAndUtilities.getRandomValue(CommonMethodsAndUtilities.java:207)
at CommonMethodsAndUtilities.CommonMethodsAndUtilities.getRandomValue(CommonMethodsAndUtilities.java:207)
at CommonMethodsAndUtilities.CommonMethodsAndUtilities.getRandomValue(CommonMethodsAndUtilities.java:207)
at CommonMethodsAndUtilities.CommonMethodsAndUtilities.getRandomValue(CommonMethodsAndUtilities.java:207)
at CommonMethodsAndUtilities.CommonMethodsAndUtilities.getRandomValue(CommonMethodsAndUtilities.java:207)
at CommonMethodsAndUtilities.CommonMethodsAndUtilities.getRandomValue(CommonMethodsAndUtilities.java:207)
at CommonMethodsAndUtilities.CommonMethodsAndUtilities.getRandomValue(CommonMethodsAndUtilities.java:207)
at CommonMethodsAndUtilities.CommonMethodsAndUtilities.getRandomValue(CommonMethodsAndUtilities.java:207)
at CommonMethodsAndUtilities.CommonMethodsAndUtilities.getRandomValue(CommonMethodsAndUtilities.java:207)
at CommonMethodsAndUtilities.CommonMethodsAndUtilities.getRandomValue(CommonMethodsAndUtilities.java:207)
at CommonMethodsAndUtilities.CommonMethodsAndUtilities.getRandomValue(CommonMethodsAndUtilities.java:207)
at CommonMethodsAndUtilities.CommonMethodsAndUtilities.getRandomValue(CommonMethodsAndUtilities.java:207)
at CommonMethodsAndUtilities.CommonMethodsAndUtilities.getRandomValue(CommonMethodsAndUtilities.java:207)
at CommonMethodsAndUtilities.CommonMethodsAndUtilities.getRandomValue(CommonMethodsAndUtilities.java:207)
at CommonMethodsAndUtilities.CommonMethodsAndUtilities.getRandomValue(CommonMethodsAndUtilities.java:207)
at CommonMethodsAndUtilities.CommonMethodsAndUtilities.getRandomValue(CommonMethodsAndUtilities.java:207)
at CommonMethodsAndUtilities.CommonMethodsAndUtilities.getRandomValue(CommonMethodsAndUtilities.java:207)
at CommonMethodsAndUtilities.CommonMethodsAndUtilities.getRandomValue(CommonMethodsAndUtilities.java:207)
at CommonMethodsAndUtilities.CommonMethodsAndUtilities.getRandomValue(CommonMethodsAndUtilities.java:207)
at CommonMethodsAndUtilities.CommonMethodsAndUtilities.getRandomValue(CommonMethodsAndUtilities.java:207)
at CommonMethodsAndUtilities.CommonMethodsAndUtilities.getRandomValue(CommonMethodsAndUtilities.java:207)
at CommonMethodsAndUtilities.CommonMethodsAndUtilities.getRandomValue(CommonMethodsAndUtilities.java:207)
at CommonMethodsAndUtilities.CommonMethodsAndUtilities.getRandomValue(CommonMethodsAndUtilities.java:207)
at CommonMethodsAndUtilities.CommonMethodsAndUtilities.getRandomValue(CommonMethodsAndUtilities.java:207)
at CommonMethodsAndUtilities.CommonMethodsAndUtilities.getRandomValue(CommonMethodsAndUtilities.java:207)
at CommonMethodsAndUtilities.CommonMethodsAndUtilities.getRandomValue(CommonMethodsAndUtilities.java:207)
at CommonMethodsAndUtilities.CommonMethodsAndUtilities.getRandomValue(CommonMethodsAndUtilities.java:207)
at CommonMethodsAndUtilities.CommonMethodsAndUtilities.getRandomValue(CommonMethodsAndUtilities.java:207)
at CommonMethodsAndUtilities.CommonMethodsAndUtilities.getRandomValue(CommonMethodsAndUtilities.java:207)
at CommonMethodsAndUtilities.CommonMethodsAndUtilities.getRandomValue(CommonMethodsAndUtilities.java:207)
at CommonMethodsAndUtilities.CommonMethodsAndUtilities.getRandomValue(CommonMethodsAndUtilities.java:207)
at CommonMethodsAndUtilities.CommonMethodsAndUtilities.getRandomValue(CommonMethodsAndUtilities.java:207)
at CommonMethodsAndUtilities.CommonMethodsAndUtilities.getRandomValue(CommonMethodsAndUtilities.java:207)
at CommonMethodsAndUtilities.CommonMethodsAndUtilities.getRandomValue(CommonMethodsAndUtilities.java:207)
at CommonMethodsAndUtilities.CommonMethodsAndUtilities.getRandomValue(CommonMethodsAndUtilities.java:207)
at CommonMethodsAndUtilities.CommonMethodsAndUtilities.getRandomValue(CommonMethodsAndUtilities.java:207)
at CommonMethodsAndUtilities.CommonMethodsAndUtilities.getRandomValue(CommonMethodsAndUtilities.java:207)
at CommonMethodsAndUtilities.CommonMethodsAndUtilities.getRandomValue(CommonMethodsAndUtilities.java:207)
at CommonMethodsAndUtilities.CommonMethodsAndUtilities.getRandomValue(CommonMethodsAndUtilities.java:207)
at CommonMethodsAndUtilities.CommonMethodsAndUtilities.getRandomValue(CommonMethodsAndUtilities.java:207)
at CommonMethodsAndUtilities.CommonMethodsAndUtilities.getRandomValue(CommonMethodsAndUtilities.java:207)
at CommonMethodsAndUtilities.CommonMethodsAndUtilities.getRandomValue(CommonMethodsAndUtilities.java:207)
at CommonMethodsAndUtilities.CommonMethodsAndUtilities.getRandomValue(CommonMethodsAndUtilities.java:207)
at CommonMethodsAndUtilities.CommonMethodsAndUtilities.getRandomValue(CommonMethodsAndUtilities.java:207)
at CommonMethodsAndUtilities.CommonMethodsAndUtilities.getRandomValue(CommonMethodsAndUtilities.java:207)
at CommonMethodsAndUtilities.CommonMethodsAndUtilities.getRandomValue(CommonMethodsAndUtilities.java:207)
at CommonMethodsAndUtilities.CommonMethodsAndUtilities.getRandomValue(CommonMethodsAndUtilities.java:207)
at CommonMethodsAndUtilities.CommonMethodsAndUtilities.getRandomValue(CommonMethodsAndUtilities.java:207)
at CommonMethodsAndUtilities.CommonMethodsAndUtilities.getRandomValue(CommonMethodsAndUtilities.java:207)
at CommonMethodsAndUtilities.CommonMethodsAndUtilities.getRandomValue(CommonMethodsAndUtilities.java:207)
at CommonMethodsAndUtilities.CommonMethodsAndUtilities.getRandomValue(CommonMethodsAndUtilities.java:207)
at CommonMethodsAndUtilities.CommonMethodsAndUtilities.getRandomValue(CommonMethodsAndUtilities.java:207)
at CommonMethodsAndUtilities.CommonMethodsAndUtilities.getRandomValue(CommonMethodsAndUtilities.java:207)
at CommonMethodsAndUtilities.CommonMethodsAndUtilities.getRandomValue(CommonMethodsAndUtilities.java:207)
at CommonMethodsAndUtilities.CommonMethodsAndUtilities.getRandomValue(CommonMethodsAndUtilities.java:207)
at CommonMethodsAndUtilities.CommonMethodsAndUtilities.getRandomValue(CommonMethodsAndUtilities.java:207)
at CommonMethodsAndUtilities.CommonMethodsAndUtilities.getRandomValue(CommonMethodsAndUtilities.java:207)
at CommonMethodsAndUtilities.CommonMethodsAndUtilities.getRandomValue(CommonMethodsAndUtilities.java:207)
at CommonMethodsAndUtilities.CommonMethodsAndUtilities.getRandomValue(CommonMethodsAndUtilities.java:207)
at CommonMethodsAndUtilities.CommonMethodsAndUtilities.getRandomValue(CommonMethodsAndUtilities.java:207)
at CommonMethodsAndUtilities.CommonMethodsAndUtilities.getRandomValue(CommonMethodsAndUtilities.java:207)
at CommonMethodsAndUtilities.CommonMethodsAndUtilities.getRandomValue(CommonMethodsAndUtilities.java:207)
at CommonMethodsAndUtilities.CommonMethodsAndUtilities.getRandomValue(CommonMethodsAndUtilities.java:207)
at CommonMethodsAndUtilities.CommonMethodsAndUtilities.getRandomValue(CommonMethodsAndUtilities.java:207)
at CommonMethodsAndUtilities.CommonMethodsAndUtilities.getRandomValue(CommonMethodsAndUtilities.java:207)
at CommonMethodsAndUtilities.CommonMethodsAndUtilities.getRandomValue(CommonMethodsAndUtilities.java:207)
at CommonMethodsAndUtilities.CommonMethodsAndUtilities.getRandomValue(CommonMethodsAndUtilities.java:207)
at CommonMethodsAndUtilities.CommonMethodsAndUtilities.getRandomValue(CommonMethodsAndUtilities.java:207)
at CommonMethodsAndUtilities.CommonMethodsAndUtilities.getRandomValue(CommonMethodsAndUtilities.java:207)
at CommonMethodsAndUtilities.CommonMethodsAndUtilities.getRandomValue(CommonMethodsAndUtilities.java:207)
at CommonMethodsAndUtilities.CommonMethodsAndUtilities.getRandomValue(CommonMethodsAndUtilities.java:207)
at CommonMethodsAndUtilities.CommonMethodsAndUtilities.getRandomValue(CommonMethodsAndUtilities.java:207)
at CommonMethodsAndUtilities.CommonMethodsAndUtilities.getRandomValue(CommonMethodsAndUtilities.java:207)
at CommonMethodsAndUtilities.CommonMethodsAndUtilities.getRandomValue(CommonMethodsAndUtilities.java:207)
at CommonMethodsAndUtilities.CommonMethodsAndUtilities.getRandomValue(CommonMethodsAndUtilities.java:207)
at CommonMethodsAndUtilities.CommonMethodsAndUtilities.getRandomValue(CommonMethodsAndUtilities.java:207)
at CommonMethodsAndUtilities.CommonMethodsAndUtilities.getRandomValue(CommonMethodsAndUtilities.java:207)
at CommonMethodsAndUtilities.CommonMethodsAndUtilities.getRandomValue(CommonMethodsAndUtilities.java:207)
at CommonMethodsAndUtilities.CommonMethodsAndUtilities.getRandomValue(CommonMethodsAndUtilities.java:207)
at CommonMethodsAndUtilities.CommonMethodsAndUtilities.getRandomValue(CommonMethodsAndUtilities.java:207)
at CommonMethodsAndUtilities.CommonMethodsAndUtilities.getRandomValue(CommonMethodsAndUtilities.java:207)
at CommonMethodsAndUtilities.CommonMethodsAndUtilities.getRandomValue(CommonMethodsAndUtilities.java:207)
at CommonMethodsAndUtilities.CommonMethodsAndUtilities.getRandomValue(CommonMethodsAndUtilities.java:207)
at CommonMethodsAndUtilities.CommonMethodsAndUtilities.getRandomValue(CommonMethodsAndUtilities.java:207)
at CommonMethodsAndUtilities.CommonMethodsAndUtilities.getRandomValue(CommonMethodsAndUtilities.java:207)
at CommonMethodsAndUtilities.CommonMethodsAndUtilities.getRandomValue(CommonMethodsAndUtilities.java:207)
at CommonMethodsAndUtilities.CommonMethodsAndUtilities.getRandomValue(CommonMethodsAndUtilities.java:207)
at CommonMethodsAndUtilities.CommonMethodsAndUtilities.getRandomValue(CommonMethodsAndUtilities.java:207)
at CommonMethodsAndUtilities.CommonMethodsAndUtilities.getRandomValue(CommonMethodsAndUtilities.java:207)
at CommonMethodsAndUtilities.CommonMethodsAndUtilities.getRandomValue(CommonMethodsAndUtilities.java:207)
at CommonMethodsAndUtilities.CommonMethodsAndUtilities.getRandomValue(CommonMethodsAndUtilities.java:207)
at CommonMethodsAndUtilities.CommonMethodsAndUtilities.getRandomValue(CommonMethodsAndUtilities.java:207)
]]>
    </error>
    <system-out>
      <![CDATA[The details are logged in a file
The first product name is: Sauce Labs Backpack
The first product price is: $29.99]]>
    </system-out>
  </testcase> <!-- assertPerformanceUser -->
  <testcase classname="ApplicationTests.E2ETests" name="assertPerformanceUser" time="5.521">
    <error type="java.lang.StackOverflowError">
      <![CDATA[java.lang.StackOverflowError
at CommonMethodsAndUtilities.CommonMethodsAndUtilities.getRandomValue(CommonMethodsAndUtilities.java:207)
at CommonMethodsAndUtilities.CommonMethodsAndUtilities.getRandomValue(CommonMethodsAndUtilities.java:207)
at CommonMethodsAndUtilities.CommonMethodsAndUtilities.getRandomValue(CommonMethodsAndUtilities.java:207)
at CommonMethodsAndUtilities.CommonMethodsAndUtilities.getRandomValue(CommonMethodsAndUtilities.java:207)
at CommonMethodsAndUtilities.CommonMethodsAndUtilities.getRandomValue(CommonMethodsAndUtilities.java:207)
at CommonMethodsAndUtilities.CommonMethodsAndUtilities.getRandomValue(CommonMethodsAndUtilities.java:207)
at CommonMethodsAndUtilities.CommonMethodsAndUtilities.getRandomValue(CommonMethodsAndUtilities.java:207)
at CommonMethodsAndUtilities.CommonMethodsAndUtilities.getRandomValue(CommonMethodsAndUtilities.java:207)
at CommonMethodsAndUtilities.CommonMethodsAndUtilities.getRandomValue(CommonMethodsAndUtilities.java:207)
at CommonMethodsAndUtilities.CommonMethodsAndUtilities.getRandomValue(CommonMethodsAndUtilities.java:207)
at CommonMethodsAndUtilities.CommonMethodsAndUtilities.getRandomValue(CommonMethodsAndUtilities.java:207)
at CommonMethodsAndUtilities.CommonMethodsAndUtilities.getRandomValue(CommonMethodsAndUtilities.java:207)
at CommonMethodsAndUtilities.CommonMethodsAndUtilities.getRandomValue(CommonMethodsAndUtilities.java:207)
at CommonMethodsAndUtilities.CommonMethodsAndUtilities.getRandomValue(CommonMethodsAndUtilities.java:207)
at CommonMethodsAndUtilities.CommonMethodsAndUtilities.getRandomValue(CommonMethodsAndUtilities.java:207)
at CommonMethodsAndUtilities.CommonMethodsAndUtilities.getRandomValue(CommonMethodsAndUtilities.java:207)
at CommonMethodsAndUtilities.CommonMethodsAndUtilities.getRandomValue(CommonMethodsAndUtilities.java:207)
at CommonMethodsAndUtilities.CommonMethodsAndUtilities.getRandomValue(CommonMethodsAndUtilities.java:207)
at CommonMethodsAndUtilities.CommonMethodsAndUtilities.getRandomValue(CommonMethodsAndUtilities.java:207)
at CommonMethodsAndUtilities.CommonMethodsAndUtilities.getRandomValue(CommonMethodsAndUtilities.java:207)
at CommonMethodsAndUtilities.CommonMethodsAndUtilities.getRandomValue(CommonMethodsAndUtilities.java:207)
at CommonMethodsAndUtilities.CommonMethodsAndUtilities.getRandomValue(CommonMethodsAndUtilities.java:207)
at CommonMethodsAndUtilities.CommonMethodsAndUtilities.getRandomValue(CommonMethodsAndUtilities.java:207)
at CommonMethodsAndUtilities.CommonMethodsAndUtilities.getRandomValue(CommonMethodsAndUtilities.java:207)
at CommonMethodsAndUtilities.CommonMethodsAndUtilities.getRandomValue(CommonMethodsAndUtilities.java:207)
at CommonMethodsAndUtilities.CommonMethodsAndUtilities.getRandomValue(CommonMethodsAndUtilities.java:207)
at CommonMethodsAndUtilities.CommonMethodsAndUtilities.getRandomValue(CommonMethodsAndUtilities.java:207)
at CommonMethodsAndUtilities.CommonMethodsAndUtilities.getRandomValue(CommonMethodsAndUtilities.java:207)
at CommonMethodsAndUtilities.CommonMethodsAndUtilities.getRandomValue(CommonMethodsAndUtilities.java:207)
at CommonMethodsAndUtilities.CommonMethodsAndUtilities.getRandomValue(CommonMethodsAndUtilities.java:207)
at CommonMethodsAndUtilities.CommonMethodsAndUtilities.getRandomValue(CommonMethodsAndUtilities.java:207)
at CommonMethodsAndUtilities.CommonMethodsAndUtilities.getRandomValue(CommonMethodsAndUtilities.java:207)
at CommonMethodsAndUtilities.CommonMethodsAndUtilities.getRandomValue(CommonMethodsAndUtilities.java:207)
at CommonMethodsAndUtilities.CommonMethodsAndUtilities.getRandomValue(CommonMethodsAndUtilities.java:207)
at CommonMethodsAndUtilities.CommonMethodsAndUtilities.getRandomValue(CommonMethodsAndUtilities.java:207)
at CommonMethodsAndUtilities.CommonMethodsAndUtilities.getRandomValue(CommonMethodsAndUtilities.java:207)
at CommonMethodsAndUtilities.CommonMethodsAndUtilities.getRandomValue(CommonMethodsAndUtilities.java:207)
at CommonMethodsAndUtilities.CommonMethodsAndUtilities.getRandomValue(CommonMethodsAndUtilities.java:207)
at CommonMethodsAndUtilities.CommonMethodsAndUtilities.getRandomValue(CommonMethodsAndUtilities.java:207)
at CommonMethodsAndUtilities.CommonMethodsAndUtilities.getRandomValue(CommonMethodsAndUtilities.java:207)
at CommonMethodsAndUtilities.CommonMethodsAndUtilities.getRandomValue(CommonMethodsAndUtilities.java:207)
at CommonMethodsAndUtilities.CommonMethodsAndUtilities.getRandomValue(CommonMethodsAndUtilities.java:207)
at CommonMethodsAndUtilities.CommonMethodsAndUtilities.getRandomValue(CommonMethodsAndUtilities.java:207)
at CommonMethodsAndUtilities.CommonMethodsAndUtilities.getRandomValue(CommonMethodsAndUtilities.java:207)
at CommonMethodsAndUtilities.CommonMethodsAndUtilities.getRandomValue(CommonMethodsAndUtilities.java:207)
at CommonMethodsAndUtilities.CommonMethodsAndUtilities.getRandomValue(CommonMethodsAndUtilities.java:207)
at CommonMethodsAndUtilities.CommonMethodsAndUtilities.getRandomValue(CommonMethodsAndUtilities.java:207)
at CommonMethodsAndUtilities.CommonMethodsAndUtilities.getRandomValue(CommonMethodsAndUtilities.java:207)
at CommonMethodsAndUtilities.CommonMethodsAndUtilities.getRandomValue(CommonMethodsAndUtilities.java:207)
at CommonMethodsAndUtilities.CommonMethodsAndUtilities.getRandomValue(CommonMethodsAndUtilities.java:207)
at CommonMethodsAndUtilities.CommonMethodsAndUtilities.getRandomValue(CommonMethodsAndUtilities.java:207)
at CommonMethodsAndUtilities.CommonMethodsAndUtilities.getRandomValue(CommonMethodsAndUtilities.java:207)
at CommonMethodsAndUtilities.CommonMethodsAndUtilities.getRandomValue(CommonMethodsAndUtilities.java:207)
at CommonMethodsAndUtilities.CommonMethodsAndUtilities.getRandomValue(CommonMethodsAndUtilities.java:207)
at CommonMethodsAndUtilities.CommonMethodsAndUtilities.getRandomValue(CommonMethodsAndUtilities.java:207)
at CommonMethodsAndUtilities.CommonMethodsAndUtilities.getRandomValue(CommonMethodsAndUtilities.java:207)
at CommonMethodsAndUtilities.CommonMethodsAndUtilities.getRandomValue(CommonMethodsAndUtilities.java:207)
at CommonMethodsAndUtilities.CommonMethodsAndUtilities.getRandomValue(CommonMethodsAndUtilities.java:207)
at CommonMethodsAndUtilities.CommonMethodsAndUtilities.getRandomValue(CommonMethodsAndUtilities.java:207)
at CommonMethodsAndUtilities.CommonMethodsAndUtilities.getRandomValue(CommonMethodsAndUtilities.java:207)
at CommonMethodsAndUtilities.CommonMethodsAndUtilities.getRandomValue(CommonMethodsAndUtilities.java:207)
at CommonMethodsAndUtilities.CommonMethodsAndUtilities.getRandomValue(CommonMethodsAndUtilities.java:207)
at CommonMethodsAndUtilities.CommonMethodsAndUtilities.getRandomValue(CommonMethodsAndUtilities.java:207)
at CommonMethodsAndUtilities.CommonMethodsAndUtilities.getRandomValue(CommonMethodsAndUtilities.java:207)
at CommonMethodsAndUtilities.CommonMethodsAndUtilities.getRandomValue(CommonMethodsAndUtilities.java:207)
at CommonMethodsAndUtilities.CommonMethodsAndUtilities.getRandomValue(CommonMethodsAndUtilities.java:207)
at CommonMethodsAndUtilities.CommonMethodsAndUtilities.getRandomValue(CommonMethodsAndUtilities.java:207)
at CommonMethodsAndUtilities.CommonMethodsAndUtilities.getRandomValue(CommonMethodsAndUtilities.java:207)
at CommonMethodsAndUtilities.CommonMethodsAndUtilities.getRandomValue(CommonMethodsAndUtilities.java:207)
at CommonMethodsAndUtilities.CommonMethodsAndUtilities.getRandomValue(CommonMethodsAndUtilities.java:207)
at CommonMethodsAndUtilities.CommonMethodsAndUtilities.getRandomValue(CommonMethodsAndUtilities.java:207)
at CommonMethodsAndUtilities.CommonMethodsAndUtilities.getRandomValue(CommonMethodsAndUtilities.java:207)
at CommonMethodsAndUtilities.CommonMethodsAndUtilities.getRandomValue(CommonMethodsAndUtilities.java:207)
at CommonMethodsAndUtilities.CommonMethodsAndUtilities.getRandomValue(CommonMethodsAndUtilities.java:207)
at CommonMethodsAndUtilities.CommonMethodsAndUtilities.getRandomValue(CommonMethodsAndUtilities.java:207)
at CommonMethodsAndUtilities.CommonMethodsAndUtilities.getRandomValue(CommonMethodsAndUtilities.java:207)
at CommonMethodsAndUtilities.CommonMethodsAndUtilities.getRandomValue(CommonMethodsAndUtilities.java:207)
at CommonMethodsAndUtilities.CommonMethodsAndUtilities.getRandomValue(CommonMethodsAndUtilities.java:207)
at CommonMethodsAndUtilities.CommonMethodsAndUtilities.getRandomValue(CommonMethodsAndUtilities.java:207)
at CommonMethodsAndUtilities.CommonMethodsAndUtilities.getRandomValue(CommonMethodsAndUtilities.java:207)
at CommonMethodsAndUtilities.CommonMethodsAndUtilities.getRandomValue(CommonMethodsAndUtilities.java:207)
at CommonMethodsAndUtilities.CommonMethodsAndUtilities.getRandomValue(CommonMethodsAndUtilities.java:207)
at CommonMethodsAndUtilities.CommonMethodsAndUtilities.getRandomValue(CommonMethodsAndUtilities.java:207)
at CommonMethodsAndUtilities.CommonMethodsAndUtilities.getRandomValue(CommonMethodsAndUtilities.java:207)
at CommonMethodsAndUtilities.CommonMethodsAndUtilities.getRandomValue(CommonMethodsAndUtilities.java:207)
at CommonMethodsAndUtilities.CommonMethodsAndUtilities.getRandomValue(CommonMethodsAndUtilities.java:207)
at CommonMethodsAndUtilities.CommonMethodsAndUtilities.getRandomValue(CommonMethodsAndUtilities.java:207)
at CommonMethodsAndUtilities.CommonMethodsAndUtilities.getRandomValue(CommonMethodsAndUtilities.java:207)
at CommonMethodsAndUtilities.CommonMethodsAndUtilities.getRandomValue(CommonMethodsAndUtilities.java:207)
at CommonMethodsAndUtilities.CommonMethodsAndUtilities.getRandomValue(CommonMethodsAndUtilities.java:207)
at CommonMethodsAndUtilities.CommonMethodsAndUtilities.getRandomValue(CommonMethodsAndUtilities.java:207)
at CommonMethodsAndUtilities.CommonMethodsAndUtilities.getRandomValue(CommonMethodsAndUtilities.java:207)
at CommonMethodsAndUtilities.CommonMethodsAndUtilities.getRandomValue(CommonMethodsAndUtilities.java:207)
at CommonMethodsAndUtilities.CommonMethodsAndUtilities.getRandomValue(CommonMethodsAndUtilities.java:207)
at CommonMethodsAndUtilities.CommonMethodsAndUtilities.getRandomValue(CommonMethodsAndUtilities.java:207)
at CommonMethodsAndUtilities.CommonMethodsAndUtilities.getRandomValue(CommonMethodsAndUtilities.java:207)
at CommonMethodsAndUtilities.CommonMethodsAndUtilities.getRandomValue(CommonMethodsAndUtilities.java:207)
at CommonMethodsAndUtilities.CommonMethodsAndUtilities.getRandomValue(CommonMethodsAndUtilities.java:207)
at CommonMethodsAndUtilities.CommonMethodsAndUtilities.getRandomValue(CommonMethodsAndUtilities.java:207)
at CommonMethodsAndUtilities.CommonMethodsAndUtilities.getRandomValue(CommonMethodsAndUtilities.java:207)
at CommonMethodsAndUtilities.CommonMethodsAndUtilities.getRandomValue(CommonMethodsAndUtilities.java:207)
at CommonMethodsAndUtilities.CommonMethodsAndUtilities.getRandomValue(CommonMethodsAndUtilities.java:207)
at CommonMethodsAndUtilities.CommonMethodsAndUtilities.getRandomValue(CommonMethodsAndUtilities.java:207)
at CommonMethodsAndUtilities.CommonMethodsAndUtilities.getRandomValue(CommonMethodsAndUtilities.java:207)
at CommonMethodsAndUtilities.CommonMethodsAndUtilities.getRandomValue(CommonMethodsAndUtilities.java:207)
at CommonMethodsAndUtilities.CommonMethodsAndUtilities.getRandomValue(CommonMethodsAndUtilities.java:207)
at CommonMethodsAndUtilities.CommonMethodsAndUtilities.getRandomValue(CommonMethodsAndUtilities.java:207)
at CommonMethodsAndUtilities.CommonMethodsAndUtilities.getRandomValue(CommonMethodsAndUtilities.java:207)
at CommonMethodsAndUtilities.CommonMethodsAndUtilities.getRandomValue(CommonMethodsAndUtilities.java:207)
at CommonMethodsAndUtilities.CommonMethodsAndUtilities.getRandomValue(CommonMethodsAndUtilities.java:207)
at CommonMethodsAndUtilities.CommonMethodsAndUtilities.getRandomValue(CommonMethodsAndUtilities.java:207)
at CommonMethodsAndUtilities.CommonMethodsAndUtilities.getRandomValue(CommonMethodsAndUtilities.java:207)
at CommonMethodsAndUtilities.CommonMethodsAndUtilities.getRandomValue(CommonMethodsAndUtilities.java:207)
at CommonMethodsAndUtilities.CommonMethodsAndUtilities.getRandomValue(CommonMethodsAndUtilities.java:207)
at CommonMethodsAndUtilities.CommonMethodsAndUtilities.getRandomValue(CommonMethodsAndUtilities.java:207)
at CommonMethodsAndUtilities.CommonMethodsAndUtilities.getRandomValue(CommonMethodsAndUtilities.java:207)
at CommonMethodsAndUtilities.CommonMethodsAndUtilities.getRandomValue(CommonMethodsAndUtilities.java:207)
at CommonMethodsAndUtilities.CommonMethodsAndUtilities.getRandomValue(CommonMethodsAndUtilities.java:207)
at CommonMethodsAndUtilities.CommonMethodsAndUtilities.getRandomValue(CommonMethodsAndUtilities.java:207)
at CommonMethodsAndUtilities.CommonMethodsAndUtilities.getRandomValue(CommonMethodsAndUtilities.java:207)
at CommonMethodsAndUtilities.CommonMethodsAndUtilities.getRandomValue(CommonMethodsAndUtilities.java:207)
at CommonMethodsAndUtilities.CommonMethodsAndUtilities.getRandomValue(CommonMethodsAndUtilities.java:207)
at CommonMethodsAndUtilities.CommonMethodsAndUtilities.getRandomValue(CommonMethodsAndUtilities.java:207)
at CommonMethodsAndUtilities.CommonMethodsAndUtilities.getRandomValue(CommonMethodsAndUtilities.java:207)
at CommonMethodsAndUtilities.CommonMethodsAndUtilities.getRandomValue(CommonMethodsAndUtilities.java:207)
at CommonMethodsAndUtilities.CommonMethodsAndUtilities.getRandomValue(CommonMethodsAndUtilities.java:207)
at CommonMethodsAndUtilities.CommonMethodsAndUtilities.getRandomValue(CommonMethodsAndUtilities.java:207)
at CommonMethodsAndUtilities.CommonMethodsAndUtilities.getRandomValue(CommonMethodsAndUtilities.java:207)
at CommonMethodsAndUtilities.CommonMethodsAndUtilities.getRandomValue(CommonMethodsAndUtilities.java:207)
at CommonMethodsAndUtilities.CommonMethodsAndUtilities.getRandomValue(CommonMethodsAndUtilities.java:207)
at CommonMethodsAndUtilities.CommonMethodsAndUtilities.getRandomValue(CommonMethodsAndUtilities.java:207)
at CommonMethodsAndUtilities.CommonMethodsAndUtilities.getRandomValue(CommonMethodsAndUtilities.java:207)
at CommonMethodsAndUtilities.CommonMethodsAndUtilities.getRandomValue(CommonMethodsAndUtilities.java:207)
at CommonMethodsAndUtilities.CommonMethodsAndUtilities.getRandomValue(CommonMethodsAndUtilities.java:207)
at CommonMethodsAndUtilities.CommonMethodsAndUtilities.getRandomValue(CommonMethodsAndUtilities.java:207)
at CommonMethodsAndUtilities.CommonMethodsAndUtilities.getRandomValue(CommonMethodsAndUtilities.java:207)
at CommonMethodsAndUtilities.CommonMethodsAndUtilities.getRandomValue(CommonMethodsAndUtilities.java:207)
at CommonMethodsAndUtilities.CommonMethodsAndUtilities.getRandomValue(CommonMethodsAndUtilities.java:207)
at CommonMethodsAndUtilities.CommonMethodsAndUtilities.getRandomValue(CommonMethodsAndUtilities.java:207)
at CommonMethodsAndUtilities.CommonMethodsAndUtilities.getRandomValue(CommonMethodsAndUtilities.java:207)
at CommonMethodsAndUtilities.CommonMethodsAndUtilities.getRandomValue(CommonMethodsAndUtilities.java:207)
at CommonMethodsAndUtilities.CommonMethodsAndUtilities.getRandomValue(CommonMethodsAndUtilities.java:207)
at CommonMethodsAndUtilities.CommonMethodsAndUtilities.getRandomValue(CommonMethodsAndUtilities.java:207)
at CommonMethodsAndUtilities.CommonMethodsAndUtilities.getRandomValue(CommonMethodsAndUtilities.java:207)
at CommonMethodsAndUtilities.CommonMethodsAndUtilities.getRandomValue(CommonMethodsAndUtilities.java:207)
at CommonMethodsAndUtilities.CommonMethodsAndUtilities.getRandomValue(CommonMethodsAndUtilities.java:207)
at CommonMethodsAndUtilities.CommonMethodsAndUtilities.getRandomValue(CommonMethodsAndUtilities.java:207)
at CommonMethodsAndUtilities.CommonMethodsAndUtilities.getRandomValue(CommonMethodsAndUtilities.java:207)
at CommonMethodsAndUtilities.CommonMethodsAndUtilities.getRandomValue(CommonMethodsAndUtilities.java:207)
at CommonMethodsAndUtilities.CommonMethodsAndUtilities.getRandomValue(CommonMethodsAndUtilities.java:207)
at CommonMethodsAndUtilities.CommonMethodsAndUtilities.getRandomValue(CommonMethodsAndUtilities.java:207)
at CommonMethodsAndUtilities.CommonMethodsAndUtilities.getRandomValue(CommonMethodsAndUtilities.java:207)
at CommonMethodsAndUtilities.CommonMethodsAndUtilities.getRandomValue(CommonMethodsAndUtilities.java:207)
at CommonMethodsAndUtilities.CommonMethodsAndUtilities.getRandomValue(CommonMethodsAndUtilities.java:207)
at CommonMethodsAndUtilities.CommonMethodsAndUtilities.getRandomValue(CommonMethodsAndUtilities.java:207)
at CommonMethodsAndUtilities.CommonMethodsAndUtilities.getRandomValue(CommonMethodsAndUtilities.java:207)
at CommonMethodsAndUtilities.CommonMethodsAndUtilities.getRandomValue(CommonMethodsAndUtilities.java:207)
at CommonMethodsAndUtilities.CommonMethodsAndUtilities.getRandomValue(CommonMethodsAndUtilities.java:207)
at CommonMethodsAndUtilities.CommonMethodsAndUtilities.getRandomValue(CommonMethodsAndUtilities.java:207)
at CommonMethodsAndUtilities.CommonMethodsAndUtilities.getRandomValue(CommonMethodsAndUtilities.java:207)
at CommonMethodsAndUtilities.CommonMethodsAndUtilities.getRandomValue(CommonMethodsAndUtilities.java:207)
at CommonMethodsAndUtilities.CommonMethodsAndUtilities.getRandomValue(CommonMethodsAndUtilities.java:207)
at CommonMethodsAndUtilities.CommonMethodsAndUtilities.getRandomValue(CommonMethodsAndUtilities.java:207)
at CommonMethodsAndUtilities.CommonMethodsAndUtilities.getRandomValue(CommonMethodsAndUtilities.java:207)
at CommonMethodsAndUtilities.CommonMethodsAndUtilities.getRandomValue(CommonMethodsAndUtilities.java:207)
at CommonMethodsAndUtilities.CommonMethodsAndUtilities.getRandomValue(CommonMethodsAndUtilities.java:207)
at CommonMethodsAndUtilities.CommonMethodsAndUtilities.getRandomValue(CommonMethodsAndUtilities.java:207)
at CommonMethodsAndUtilities.CommonMethodsAndUtilities.getRandomValue(CommonMethodsAndUtilities.java:207)
at CommonMethodsAndUtilities.CommonMethodsAndUtilities.getRandomValue(CommonMethodsAndUtilities.java:207)
at CommonMethodsAndUtilities.CommonMethodsAndUtilities.getRandomValue(CommonMethodsAndUtilities.java:207)
at CommonMethodsAndUtilities.CommonMethodsAndUtilities.getRandomValue(CommonMethodsAndUtilities.java:207)
at CommonMethodsAndUtilities.CommonMethodsAndUtilities.getRandomValue(CommonMethodsAndUtilities.java:207)
at CommonMethodsAndUtilities.CommonMethodsAndUtilities.getRandomValue(CommonMethodsAndUtilities.java:207)
at CommonMethodsAndUtilities.CommonMethodsAndUtilities.getRandomValue(CommonMethodsAndUtilities.java:207)
at CommonMethodsAndUtilities.CommonMethodsAndUtilities.getRandomValue(CommonMethodsAndUtilities.java:207)
at CommonMethodsAndUtilities.CommonMethodsAndUtilities.getRandomValue(CommonMethodsAndUtilities.java:207)
at CommonMethodsAndUtilities.CommonMethodsAndUtilities.getRandomValue(CommonMethodsAndUtilities.java:207)
at CommonMethodsAndUtilities.CommonMethodsAndUtilities.getRandomValue(CommonMethodsAndUtilities.java:207)
at CommonMethodsAndUtilities.CommonMethodsAndUtilities.getRandomValue(CommonMethodsAndUtilities.java:207)
at CommonMethodsAndUtilities.CommonMethodsAndUtilities.getRandomValue(CommonMethodsAndUtilities.java:207)
at CommonMethodsAndUtilities.CommonMethodsAndUtilities.getRandomValue(CommonMethodsAndUtilities.java:207)
at CommonMethodsAndUtilities.CommonMethodsAndUtilities.getRandomValue(CommonMethodsAndUtilities.java:207)
at CommonMethodsAndUtilities.CommonMethodsAndUtilities.getRandomValue(CommonMethodsAndUtilities.java:207)
at CommonMethodsAndUtilities.CommonMethodsAndUtilities.getRandomValue(CommonMethodsAndUtilities.java:207)
at CommonMethodsAndUtilities.CommonMethodsAndUtilities.getRandomValue(CommonMethodsAndUtilities.java:207)
at CommonMethodsAndUtilities.CommonMethodsAndUtilities.getRandomValue(CommonMethodsAndUtilities.java:207)
at CommonMethodsAndUtilities.CommonMethodsAndUtilities.getRandomValue(CommonMethodsAndUtilities.java:207)
at CommonMethodsAndUtilities.CommonMethodsAndUtilities.getRandomValue(CommonMethodsAndUtilities.java:207)
at CommonMethodsAndUtilities.CommonMethodsAndUtilities.getRandomValue(CommonMethodsAndUtilities.java:207)
at CommonMethodsAndUtilities.CommonMethodsAndUtilities.getRandomValue(CommonMethodsAndUtilities.java:207)
at CommonMethodsAndUtilities.CommonMethodsAndUtilities.getRandomValue(CommonMethodsAndUtilities.java:207)
at CommonMethodsAndUtilities.CommonMethodsAndUtilities.getRandomValue(CommonMethodsAndUtilities.java:207)
at CommonMethodsAndUtilities.CommonMethodsAndUtilities.getRandomValue(CommonMethodsAndUtilities.java:207)
at CommonMethodsAndUtilities.CommonMethodsAndUtilities.getRandomValue(CommonMethodsAndUtilities.java:207)
at CommonMethodsAndUtilities.CommonMethodsAndUtilities.getRandomValue(CommonMethodsAndUtilities.java:207)
at CommonMethodsAndUtilities.CommonMethodsAndUtilities.getRandomValue(CommonMethodsAndUtilities.java:207)
at CommonMethodsAndUtilities.CommonMethodsAndUtilities.getRandomValue(CommonMethodsAndUtilities.java:207)
at CommonMethodsAndUtilities.CommonMethodsAndUtilities.getRandomValue(CommonMethodsAndUtilities.java:207)
at CommonMethodsAndUtilities.CommonMethodsAndUtilities.getRandomValue(CommonMethodsAndUtilities.java:207)
at CommonMethodsAndUtilities.CommonMethodsAndUtilities.getRandomValue(CommonMethodsAndUtilities.java:207)
at CommonMethodsAndUtilities.CommonMethodsAndUtilities.getRandomValue(CommonMethodsAndUtilities.java:207)
at CommonMethodsAndUtilities.CommonMethodsAndUtilities.getRandomValue(CommonMethodsAndUtilities.java:207)
at CommonMethodsAndUtilities.CommonMethodsAndUtilities.getRandomValue(CommonMethodsAndUtilities.java:207)
at CommonMethodsAndUtilities.CommonMethodsAndUtilities.getRandomValue(CommonMethodsAndUtilities.java:207)
at CommonMethodsAndUtilities.CommonMethodsAndUtilities.getRandomValue(CommonMethodsAndUtilities.java:207)
at CommonMethodsAndUtilities.CommonMethodsAndUtilities.getRandomValue(CommonMethodsAndUtilities.java:207)
at CommonMethodsAndUtilities.CommonMethodsAndUtilities.getRandomValue(CommonMethodsAndUtilities.java:207)
at CommonMethodsAndUtilities.CommonMethodsAndUtilities.getRandomValue(CommonMethodsAndUtilities.java:207)
at CommonMethodsAndUtilities.CommonMethodsAndUtilities.getRandomValue(CommonMethodsAndUtilities.java:207)
at CommonMethodsAndUtilities.CommonMethodsAndUtilities.getRandomValue(CommonMethodsAndUtilities.java:207)
at CommonMethodsAndUtilities.CommonMethodsAndUtilities.getRandomValue(CommonMethodsAndUtilities.java:207)
at CommonMethodsAndUtilities.CommonMethodsAndUtilities.getRandomValue(CommonMethodsAndUtilities.java:207)
at CommonMethodsAndUtilities.CommonMethodsAndUtilities.getRandomValue(CommonMethodsAndUtilities.java:207)
at CommonMethodsAndUtilities.CommonMethodsAndUtilities.getRandomValue(CommonMethodsAndUtilities.java:207)
at CommonMethodsAndUtilities.CommonMethodsAndUtilities.getRandomValue(CommonMethodsAndUtilities.java:207)
at CommonMethodsAndUtilities.CommonMethodsAndUtilities.getRandomValue(CommonMethodsAndUtilities.java:207)
at CommonMethodsAndUtilities.CommonMethodsAndUtilities.getRandomValue(CommonMethodsAndUtilities.java:207)
at CommonMethodsAndUtilities.CommonMethodsAndUtilities.getRandomValue(CommonMethodsAndUtilities.java:207)
at CommonMethodsAndUtilities.CommonMethodsAndUtilities.getRandomValue(CommonMethodsAndUtilities.java:207)
at CommonMethodsAndUtilities.CommonMethodsAndUtilities.getRandomValue(CommonMethodsAndUtilities.java:207)
at CommonMethodsAndUtilities.CommonMethodsAndUtilities.getRandomValue(CommonMethodsAndUtilities.java:207)
at CommonMethodsAndUtilities.CommonMethodsAndUtilities.getRandomValue(CommonMethodsAndUtilities.java:207)
at CommonMethodsAndUtilities.CommonMethodsAndUtilities.getRandomValue(CommonMethodsAndUtilities.java:207)
at CommonMethodsAndUtilities.CommonMethodsAndUtilities.getRandomValue(CommonMethodsAndUtilities.java:207)
at CommonMethodsAndUtilities.CommonMethodsAndUtilities.getRandomValue(CommonMethodsAndUtilities.java:207)
at CommonMethodsAndUtilities.CommonMethodsAndUtilities.getRandomValue(CommonMethodsAndUtilities.java:207)
at CommonMethodsAndUtilities.CommonMethodsAndUtilities.getRandomValue(CommonMethodsAndUtilities.java:207)
at CommonMethodsAndUtilities.CommonMethodsAndUtilities.getRandomValue(CommonMethodsAndUtilities.java:207)
at CommonMethodsAndUtilities.CommonMethodsAndUtilities.getRandomValue(CommonMethodsAndUtilities.java:207)
at CommonMethodsAndUtilities.CommonMethodsAndUtilities.getRandomValue(CommonMethodsAndUtilities.java:207)
at CommonMethodsAndUtilities.CommonMethodsAndUtilities.getRandomValue(CommonMethodsAndUtilities.java:207)
at CommonMethodsAndUtilities.CommonMethodsAndUtilities.getRandomValue(CommonMethodsAndUtilities.java:207)
at CommonMethodsAndUtilities.CommonMethodsAndUtilities.getRandomValue(CommonMethodsAndUtilities.java:207)
at CommonMethodsAndUtilities.CommonMethodsAndUtilities.getRandomValue(CommonMethodsAndUtilities.java:207)
at CommonMethodsAndUtilities.CommonMethodsAndUtilities.getRandomValue(CommonMethodsAndUtilities.java:207)
at CommonMethodsAndUtilities.CommonMethodsAndUtilities.getRandomValue(CommonMethodsAndUtilities.java:207)
at CommonMethodsAndUtilities.CommonMethodsAndUtilities.getRandomValue(CommonMethodsAndUtilities.java:207)
at CommonMethodsAndUtilities.CommonMethodsAndUtilities.getRandomValue(CommonMethodsAndUtilities.java:207)
at CommonMethodsAndUtilities.CommonMethodsAndUtilities.getRandomValue(CommonMethodsAndUtilities.java:207)
at CommonMethodsAndUtilities.CommonMethodsAndUtilities.getRandomValue(CommonMethodsAndUtilities.java:207)
at CommonMethodsAndUtilities.CommonMethodsAndUtilities.getRandomValue(CommonMethodsAndUtilities.java:207)
at CommonMethodsAndUtilities.CommonMethodsAndUtilities.getRandomValue(CommonMethodsAndUtilities.java:207)
at CommonMethodsAndUtilities.CommonMethodsAndUtilities.getRandomValue(CommonMethodsAndUtilities.java:207)
at CommonMethodsAndUtilities.CommonMethodsAndUtilities.getRandomValue(CommonMethodsAndUtilities.java:207)
at CommonMethodsAndUtilities.CommonMethodsAndUtilities.getRandomValue(CommonMethodsAndUtilities.java:207)
at CommonMethodsAndUtilities.CommonMethodsAndUtilities.getRandomValue(CommonMethodsAndUtilities.java:207)
at CommonMethodsAndUtilities.CommonMethodsAndUtilities.getRandomValue(CommonMethodsAndUtilities.java:207)
at CommonMethodsAndUtilities.CommonMethodsAndUtilities.getRandomValue(CommonMethodsAndUtilities.java:207)
at CommonMethodsAndUtilities.CommonMethodsAndUtilities.getRandomValue(CommonMethodsAndUtilities.java:207)
at CommonMethodsAndUtilities.CommonMethodsAndUtilities.getRandomValue(CommonMethodsAndUtilities.java:207)
at CommonMethodsAndUtilities.CommonMethodsAndUtilities.getRandomValue(CommonMethodsAndUtilities.java:207)
at CommonMethodsAndUtilities.CommonMethodsAndUtilities.getRandomValue(CommonMethodsAndUtilities.java:207)
at CommonMethodsAndUtilities.CommonMethodsAndUtilities.getRandomValue(CommonMethodsAndUtilities.java:207)
at CommonMethodsAndUtilities.CommonMethodsAndUtilities.getRandomValue(CommonMethodsAndUtilities.java:207)
at CommonMethodsAndUtilities.CommonMethodsAndUtilities.getRandomValue(CommonMethodsAndUtilities.java:207)
at CommonMethodsAndUtilities.CommonMethodsAndUtilities.getRandomValue(CommonMethodsAndUtilities.java:207)
at CommonMethodsAndUtilities.CommonMethodsAndUtilities.getRandomValue(CommonMethodsAndUtilities.java:207)
at CommonMethodsAndUtilities.CommonMethodsAndUtilities.getRandomValue(CommonMethodsAndUtilities.java:207)
at CommonMethodsAndUtilities.CommonMethodsAndUtilities.getRandomValue(CommonMethodsAndUtilities.java:207)
at CommonMethodsAndUtilities.CommonMethodsAndUtilities.getRandomValue(CommonMethodsAndUtilities.java:207)
at CommonMethodsAndUtilities.CommonMethodsAndUtilities.getRandomValue(CommonMethodsAndUtilities.java:207)
at CommonMethodsAndUtilities.CommonMethodsAndUtilities.getRandomValue(CommonMethodsAndUtilities.java:207)
at CommonMethodsAndUtilities.CommonMethodsAndUtilities.getRandomValue(CommonMethodsAndUtilities.java:207)
at CommonMethodsAndUtilities.CommonMethodsAndUtilities.getRandomValue(CommonMethodsAndUtilities.java:207)
at CommonMethodsAndUtilities.CommonMethodsAndUtilities.getRandomValue(CommonMethodsAndUtilities.java:207)
at CommonMethodsAndUtilities.CommonMethodsAndUtilities.getRandomValue(CommonMethodsAndUtilities.java:207)
at CommonMethodsAndUtilities.CommonMethodsAndUtilities.getRandomValue(CommonMethodsAndUtilities.java:207)
at CommonMethodsAndUtilities.CommonMethodsAndUtilities.getRandomValue(CommonMethodsAndUtilities.java:207)
at CommonMethodsAndUtilities.CommonMethodsAndUtilities.getRandomValue(CommonMethodsAndUtilities.java:207)
at CommonMethodsAndUtilities.CommonMethodsAndUtilities.getRandomValue(CommonMethodsAndUtilities.java:207)
at CommonMethodsAndUtilities.CommonMethodsAndUtilities.getRandomValue(CommonMethodsAndUtilities.java:207)
at CommonMethodsAndUtilities.CommonMethodsAndUtilities.getRandomValue(CommonMethodsAndUtilities.java:207)
at CommonMethodsAndUtilities.CommonMethodsAndUtilities.getRandomValue(CommonMethodsAndUtilities.java:207)
at CommonMethodsAndUtilities.CommonMethodsAndUtilities.getRandomValue(CommonMethodsAndUtilities.java:207)
at CommonMethodsAndUtilities.CommonMethodsAndUtilities.getRandomValue(CommonMethodsAndUtilities.java:207)
at CommonMethodsAndUtilities.CommonMethodsAndUtilities.getRandomValue(CommonMethodsAndUtilities.java:207)
at CommonMethodsAndUtilities.CommonMethodsAndUtilities.getRandomValue(CommonMethodsAndUtilities.java:207)
at CommonMethodsAndUtilities.CommonMethodsAndUtilities.getRandomValue(CommonMethodsAndUtilities.java:207)
at CommonMethodsAndUtilities.CommonMethodsAndUtilities.getRandomValue(CommonMethodsAndUtilities.java:207)
at CommonMethodsAndUtilities.CommonMethodsAndUtilities.getRandomValue(CommonMethodsAndUtilities.java:207)
at CommonMethodsAndUtilities.CommonMethodsAndUtilities.getRandomValue(CommonMethodsAndUtilities.java:207)
at CommonMethodsAndUtilities.CommonMethodsAndUtilities.getRandomValue(CommonMethodsAndUtilities.java:207)
at CommonMethodsAndUtilities.CommonMethodsAndUtilities.getRandomValue(CommonMethodsAndUtilities.java:207)
at CommonMethodsAndUtilities.CommonMethodsAndUtilities.getRandomValue(CommonMethodsAndUtilities.java:207)
at CommonMethodsAndUtilities.CommonMethodsAndUtilities.getRandomValue(CommonMethodsAndUtilities.java:207)
at CommonMethodsAndUtilities.CommonMethodsAndUtilities.getRandomValue(CommonMethodsAndUtilities.java:207)
at CommonMethodsAndUtilities.CommonMethodsAndUtilities.getRandomValue(CommonMethodsAndUtilities.java:207)
at CommonMethodsAndUtilities.CommonMethodsAndUtilities.getRandomValue(CommonMethodsAndUtilities.java:207)
at CommonMethodsAndUtilities.CommonMethodsAndUtilities.getRandomValue(CommonMethodsAndUtilities.java:207)
at CommonMethodsAndUtilities.CommonMethodsAndUtilities.getRandomValue(CommonMethodsAndUtilities.java:207)
at CommonMethodsAndUtilities.CommonMethodsAndUtilities.getRandomValue(CommonMethodsAndUtilities.java:207)
at CommonMethodsAndUtilities.CommonMethodsAndUtilities.getRandomValue(CommonMethodsAndUtilities.java:207)
at CommonMethodsAndUtilities.CommonMethodsAndUtilities.getRandomValue(CommonMethodsAndUtilities.java:207)
at CommonMethodsAndUtilities.CommonMethodsAndUtilities.getRandomValue(CommonMethodsAndUtilities.java:207)
at CommonMethodsAndUtilities.CommonMethodsAndUtilities.getRandomValue(CommonMethodsAndUtilities.java:207)
at CommonMethodsAndUtilities.CommonMethodsAndUtilities.getRandomValue(CommonMethodsAndUtilities.java:207)
at CommonMethodsAndUtilities.CommonMethodsAndUtilities.getRandomValue(CommonMethodsAndUtilities.java:207)
at CommonMethodsAndUtilities.CommonMethodsAndUtilities.getRandomValue(CommonMethodsAndUtilities.java:207)
at CommonMethodsAndUtilities.CommonMethodsAndUtilities.getRandomValue(CommonMethodsAndUtilities.java:207)
at CommonMethodsAndUtilities.CommonMethodsAndUtilities.getRandomValue(CommonMethodsAndUtilities.java:207)
at CommonMethodsAndUtilities.CommonMethodsAndUtilities.getRandomValue(CommonMethodsAndUtilities.java:207)
at CommonMethodsAndUtilities.CommonMethodsAndUtilities.getRandomValue(CommonMethodsAndUtilities.java:207)
at CommonMethodsAndUtilities.CommonMethodsAndUtilities.getRandomValue(CommonMethodsAndUtilities.java:207)
at CommonMethodsAndUtilities.CommonMethodsAndUtilities.getRandomValue(CommonMethodsAndUtilities.java:207)
at CommonMethodsAndUtilities.CommonMethodsAndUtilities.getRandomValue(CommonMethodsAndUtilities.java:207)
at CommonMethodsAndUtilities.CommonMethodsAndUtilities.getRandomValue(CommonMethodsAndUtilities.java:207)
at CommonMethodsAndUtilities.CommonMethodsAndUtilities.getRandomValue(CommonMethodsAndUtilities.java:207)
at CommonMethodsAndUtilities.CommonMethodsAndUtilities.getRandomValue(CommonMethodsAndUtilities.java:207)
at CommonMethodsAndUtilities.CommonMethodsAndUtilities.getRandomValue(CommonMethodsAndUtilities.java:207)
at CommonMethodsAndUtilities.CommonMethodsAndUtilities.getRandomValue(CommonMethodsAndUtilities.java:207)
at CommonMethodsAndUtilities.CommonMethodsAndUtilities.getRandomValue(CommonMethodsAndUtilities.java:207)
at CommonMethodsAndUtilities.CommonMethodsAndUtilities.getRandomValue(CommonMethodsAndUtilities.java:207)
at CommonMethodsAndUtilities.CommonMethodsAndUtilities.getRandomValue(CommonMethodsAndUtilities.java:207)
at CommonMethodsAndUtilities.CommonMethodsAndUtilities.getRandomValue(CommonMethodsAndUtilities.java:207)
at CommonMethodsAndUtilities.CommonMethodsAndUtilities.getRandomValue(CommonMethodsAndUtilities.java:207)
at CommonMethodsAndUtilities.CommonMethodsAndUtilities.getRandomValue(CommonMethodsAndUtilities.java:207)
at CommonMethodsAndUtilities.CommonMethodsAndUtilities.getRandomValue(CommonMethodsAndUtilities.java:207)
at CommonMethodsAndUtilities.CommonMethodsAndUtilities.getRandomValue(CommonMethodsAndUtilities.java:207)
at CommonMethodsAndUtilities.CommonMethodsAndUtilities.getRandomValue(CommonMethodsAndUtilities.java:207)
at CommonMethodsAndUtilities.CommonMethodsAndUtilities.getRandomValue(CommonMethodsAndUtilities.java:207)
at CommonMethodsAndUtilities.CommonMethodsAndUtilities.getRandomValue(CommonMethodsAndUtilities.java:207)
at CommonMethodsAndUtilities.CommonMethodsAndUtilities.getRandomValue(CommonMethodsAndUtilities.java:207)
at CommonMethodsAndUtilities.CommonMethodsAndUtilities.getRandomValue(CommonMethodsAndUtilities.java:207)
at CommonMethodsAndUtilities.CommonMethodsAndUtilities.getRandomValue(CommonMethodsAndUtilities.java:207)
at CommonMethodsAndUtilities.CommonMethodsAndUtilities.getRandomValue(CommonMethodsAndUtilities.java:207)
at CommonMethodsAndUtilities.CommonMethodsAndUtilities.getRandomValue(CommonMethodsAndUtilities.java:207)
at CommonMethodsAndUtilities.CommonMethodsAndUtilities.getRandomValue(CommonMethodsAndUtilities.java:207)
at CommonMethodsAndUtilities.CommonMethodsAndUtilities.getRandomValue(CommonMethodsAndUtilities.java:207)
at CommonMethodsAndUtilities.CommonMethodsAndUtilities.getRandomValue(CommonMethodsAndUtilities.java:207)
at CommonMethodsAndUtilities.CommonMethodsAndUtilities.getRandomValue(CommonMethodsAndUtilities.java:207)
at CommonMethodsAndUtilities.CommonMethodsAndUtilities.getRandomValue(CommonMethodsAndUtilities.java:207)
at CommonMethodsAndUtilities.CommonMethodsAndUtilities.getRandomValue(CommonMethodsAndUtilities.java:207)
at CommonMethodsAndUtilities.CommonMethodsAndUtilities.getRandomValue(CommonMethodsAndUtilities.java:207)
at CommonMethodsAndUtilities.CommonMethodsAndUtilities.getRandomValue(CommonMethodsAndUtilities.java:207)
at CommonMethodsAndUtilities.CommonMethodsAndUtilities.getRandomValue(CommonMethodsAndUtilities.java:207)
at CommonMethodsAndUtilities.CommonMethodsAndUtilities.getRandomValue(CommonMethodsAndUtilities.java:207)
at CommonMethodsAndUtilities.CommonMethodsAndUtilities.getRandomValue(CommonMethodsAndUtilities.java:207)
at CommonMethodsAndUtilities.CommonMethodsAndUtilities.getRandomValue(CommonMethodsAndUtilities.java:207)
at CommonMethodsAndUtilities.CommonMethodsAndUtilities.getRandomValue(CommonMethodsAndUtilities.java:207)
at CommonMethodsAndUtilities.CommonMethodsAndUtilities.getRandomValue(CommonMethodsAndUtilities.java:207)
at CommonMethodsAndUtilities.CommonMethodsAndUtilities.getRandomValue(CommonMethodsAndUtilities.java:207)
at CommonMethodsAndUtilities.CommonMethodsAndUtilities.getRandomValue(CommonMethodsAndUtilities.java:207)
at CommonMethodsAndUtilities.CommonMethodsAndUtilities.getRandomValue(CommonMethodsAndUtilities.java:207)
at CommonMethodsAndUtilities.CommonMethodsAndUtilities.getRandomValue(CommonMethodsAndUtilities.java:207)
at CommonMethodsAndUtilities.CommonMethodsAndUtilities.getRandomValue(CommonMethodsAndUtilities.java:207)
at CommonMethodsAndUtilities.CommonMethodsAndUtilities.getRandomValue(CommonMethodsAndUtilities.java:207)
at CommonMethodsAndUtilities.CommonMethodsAndUtilities.getRandomValue(CommonMethodsAndUtilities.java:207)
at CommonMethodsAndUtilities.CommonMethodsAndUtilities.getRandomValue(CommonMethodsAndUtilities.java:207)
at CommonMethodsAndUtilities.CommonMethodsAndUtilities.getRandomValue(CommonMethodsAndUtilities.java:207)
at CommonMethodsAndUtilities.CommonMethodsAndUtilities.getRandomValue(CommonMethodsAndUtilities.java:207)
at CommonMethodsAndUtilities.CommonMethodsAndUtilities.getRandomValue(CommonMethodsAndUtilities.java:207)
at CommonMethodsAndUtilities.CommonMethodsAndUtilities.getRandomValue(CommonMethodsAndUtilities.java:207)
at CommonMethodsAndUtilities.CommonMethodsAndUtilities.getRandomValue(CommonMethodsAndUtilities.java:207)
at CommonMethodsAndUtilities.CommonMethodsAndUtilities.getRandomValue(CommonMethodsAndUtilities.java:207)
at CommonMethodsAndUtilities.CommonMethodsAndUtilities.getRandomValue(CommonMethodsAndUtilities.java:207)
at CommonMethodsAndUtilities.CommonMethodsAndUtilities.getRandomValue(CommonMethodsAndUtilities.java:207)
at CommonMethodsAndUtilities.CommonMethodsAndUtilities.getRandomValue(CommonMethodsAndUtilities.java:207)
at CommonMethodsAndUtilities.CommonMethodsAndUtilities.getRandomValue(CommonMethodsAndUtilities.java:207)
at CommonMethodsAndUtilities.CommonMethodsAndUtilities.getRandomValue(CommonMethodsAndUtilities.java:207)
at CommonMethodsAndUtilities.CommonMethodsAndUtilities.getRandomValue(CommonMethodsAndUtilities.java:207)
at CommonMethodsAndUtilities.CommonMethodsAndUtilities.getRandomValue(CommonMethodsAndUtilities.java:207)
at CommonMethodsAndUtilities.CommonMethodsAndUtilities.getRandomValue(CommonMethodsAndUtilities.java:207)
at CommonMethodsAndUtilities.CommonMethodsAndUtilities.getRandomValue(CommonMethodsAndUtilities.java:207)
at CommonMethodsAndUtilities.CommonMethodsAndUtilities.getRandomValue(CommonMethodsAndUtilities.java:207)
at CommonMethodsAndUtilities.CommonMethodsAndUtilities.getRandomValue(CommonMethodsAndUtilities.java:207)
at CommonMethodsAndUtilities.CommonMethodsAndUtilities.getRandomValue(CommonMethodsAndUtilities.java:207)
at CommonMethodsAndUtilities.CommonMethodsAndUtilities.getRandomValue(CommonMethodsAndUtilities.java:207)
at CommonMethodsAndUtilities.CommonMethodsAndUtilities.getRandomValue(CommonMethodsAndUtilities.java:207)
at CommonMethodsAndUtilities.CommonMethodsAndUtilities.getRandomValue(CommonMethodsAndUtilities.java:207)
at CommonMethodsAndUtilities.CommonMethodsAndUtilities.getRandomValue(CommonMethodsAndUtilities.java:207)
at CommonMethodsAndUtilities.CommonMethodsAndUtilities.getRandomValue(CommonMethodsAndUtilities.java:207)
at CommonMethodsAndUtilities.CommonMethodsAndUtilities.getRandomValue(CommonMethodsAndUtilities.java:207)
at CommonMethodsAndUtilities.CommonMethodsAndUtilities.getRandomValue(CommonMethodsAndUtilities.java:207)
at CommonMethodsAndUtilities.CommonMethodsAndUtilities.getRandomValue(CommonMethodsAndUtilities.java:207)
at CommonMethodsAndUtilities.CommonMethodsAndUtilities.getRandomValue(CommonMethodsAndUtilities.java:207)
at CommonMethodsAndUtilities.CommonMethodsAndUtilities.getRandomValue(CommonMethodsAndUtilities.java:207)
at CommonMethodsAndUtilities.CommonMethodsAndUtilities.getRandomValue(CommonMethodsAndUtilities.java:207)
at CommonMethodsAndUtilities.CommonMethodsAndUtilities.getRandomValue(CommonMethodsAndUtilities.java:207)
at CommonMethodsAndUtilities.CommonMethodsAndUtilities.getRandomValue(CommonMethodsAndUtilities.java:207)
at CommonMethodsAndUtilities.CommonMethodsAndUtilities.getRandomValue(CommonMethodsAndUtilities.java:207)
at CommonMethodsAndUtilities.CommonMethodsAndUtilities.getRandomValue(CommonMethodsAndUtilities.java:207)
at CommonMethodsAndUtilities.CommonMethodsAndUtilities.getRandomValue(CommonMethodsAndUtilities.java:207)
at CommonMethodsAndUtilities.CommonMethodsAndUtilities.getRandomValue(CommonMethodsAndUtilities.java:207)
at CommonMethodsAndUtilities.CommonMethodsAndUtilities.getRandomValue(CommonMethodsAndUtilities.java:207)
at CommonMethodsAndUtilities.CommonMethodsAndUtilities.getRandomValue(CommonMethodsAndUtilities.java:207)
at CommonMethodsAndUtilities.CommonMethodsAndUtilities.getRandomValue(CommonMethodsAndUtilities.java:207)
at CommonMethodsAndUtilities.CommonMethodsAndUtilities.getRandomValue(CommonMethodsAndUtilities.java:207)
at CommonMethodsAndUtilities.CommonMethodsAndUtilities.getRandomValue(CommonMethodsAndUtilities.java:207)
at CommonMethodsAndUtilities.CommonMethodsAndUtilities.getRandomValue(CommonMethodsAndUtilities.java:207)
at CommonMethodsAndUtilities.CommonMethodsAndUtilities.getRandomValue(CommonMethodsAndUtilities.java:207)
at CommonMethodsAndUtilities.CommonMethodsAndUtilities.getRandomValue(CommonMethodsAndUtilities.java:207)
at CommonMethodsAndUtilities.CommonMethodsAndUtilities.getRandomValue(CommonMethodsAndUtilities.java:207)
at CommonMethodsAndUtilities.CommonMethodsAndUtilities.getRandomValue(CommonMethodsAndUtilities.java:207)
at CommonMethodsAndUtilities.CommonMethodsAndUtilities.getRandomValue(CommonMethodsAndUtilities.java:207)
at CommonMethodsAndUtilities.CommonMethodsAndUtilities.getRandomValue(CommonMethodsAndUtilities.java:207)
at CommonMethodsAndUtilities.CommonMethodsAndUtilities.getRandomValue(CommonMethodsAndUtilities.java:207)
at CommonMethodsAndUtilities.CommonMethodsAndUtilities.getRandomValue(CommonMethodsAndUtilities.java:207)
at CommonMethodsAndUtilities.CommonMethodsAndUtilities.getRandomValue(CommonMethodsAndUtilities.java:207)
at CommonMethodsAndUtilities.CommonMethodsAndUtilities.getRandomValue(CommonMethodsAndUtilities.java:207)
at CommonMethodsAndUtilities.CommonMethodsAndUtilities.getRandomValue(CommonMethodsAndUtilities.java:207)
at CommonMethodsAndUtilities.CommonMethodsAndUtilities.getRandomValue(CommonMethodsAndUtilities.java:207)
at CommonMethodsAndUtilities.CommonMethodsAndUtilities.getRandomValue(CommonMethodsAndUtilities.java:207)
at CommonMethodsAndUtilities.CommonMethodsAndUtilities.getRandomValue(CommonMethodsAndUtilities.java:207)
at CommonMethodsAndUtilities.CommonMethodsAndUtilities.getRandomValue(CommonMethodsAndUtilities.java:207)
at CommonMethodsAndUtilities.CommonMethodsAndUtilities.getRandomValue(CommonMethodsAndUtilities.java:207)
at CommonMethodsAndUtilities.CommonMethodsAndUtilities.getRandomValue(CommonMethodsAndUtilities.java:207)
at CommonMethodsAndUtilities.CommonMethodsAndUtilities.getRandomValue(CommonMethodsAndUtilities.java:207)
at CommonMethodsAndUtilities.CommonMethodsAndUtilities.getRandomValue(CommonMethodsAndUtilities.java:207)
at CommonMethodsAndUtilities.CommonMethodsAndUtilities.getRandomValue(CommonMethodsAndUtilities.java:207)
at CommonMethodsAndUtilities.CommonMethodsAndUtilities.getRandomValue(CommonMethodsAndUtilities.java:207)
at CommonMethodsAndUtilities.CommonMethodsAndUtilities.getRandomValue(CommonMethodsAndUtilities.java:207)
at CommonMethodsAndUtilities.CommonMethodsAndUtilities.getRandomValue(CommonMethodsAndUtilities.java:207)
at CommonMethodsAndUtilities.CommonMethodsAndUtilities.getRandomValue(CommonMethodsAndUtilities.java:207)
at CommonMethodsAndUtilities.CommonMethodsAndUtilities.getRandomValue(CommonMethodsAndUtilities.java:207)
at CommonMethodsAndUtilities.CommonMethodsAndUtilities.getRandomValue(CommonMethodsAndUtilities.java:207)
at CommonMethodsAndUtilities.CommonMethodsAndUtilities.getRandomValue(CommonMethodsAndUtilities.java:207)
at CommonMethodsAndUtilities.CommonMethodsAndUtilities.getRandomValue(CommonMethodsAndUtilities.java:207)
at CommonMethodsAndUtilities.CommonMethodsAndUtilities.getRandomValue(CommonMethodsAndUtilities.java:207)
at CommonMethodsAndUtilities.CommonMethodsAndUtilities.getRandomValue(CommonMethodsAndUtilities.java:207)
at CommonMethodsAndUtilities.CommonMethodsAndUtilities.getRandomValue(CommonMethodsAndUtilities.java:207)
at CommonMethodsAndUtilities.CommonMethodsAndUtilities.getRandomValue(CommonMethodsAndUtilities.java:207)
at CommonMethodsAndUtilities.CommonMethodsAndUtilities.getRandomValue(CommonMethodsAndUtilities.java:207)
at CommonMethodsAndUtilities.CommonMethodsAndUtilities.getRandomValue(CommonMethodsAndUtilities.java:207)
at CommonMethodsAndUtilities.CommonMethodsAndUtilities.getRandomValue(CommonMethodsAndUtilities.java:207)
at CommonMethodsAndUtilities.CommonMethodsAndUtilities.getRandomValue(CommonMethodsAndUtilities.java:207)
at CommonMethodsAndUtilities.CommonMethodsAndUtilities.getRandomValue(CommonMethodsAndUtilities.java:207)
at CommonMethodsAndUtilities.CommonMethodsAndUtilities.getRandomValue(CommonMethodsAndUtilities.java:207)
at CommonMethodsAndUtilities.CommonMethodsAndUtilities.getRandomValue(CommonMethodsAndUtilities.java:207)
at CommonMethodsAndUtilities.CommonMethodsAndUtilities.getRandomValue(CommonMethodsAndUtilities.java:207)
at CommonMethodsAndUtilities.CommonMethodsAndUtilities.getRandomValue(CommonMethodsAndUtilities.java:207)
at CommonMethodsAndUtilities.CommonMethodsAndUtilities.getRandomValue(CommonMethodsAndUtilities.java:207)
at CommonMethodsAndUtilities.CommonMethodsAndUtilities.getRandomValue(CommonMethodsAndUtilities.java:207)
at CommonMethodsAndUtilities.CommonMethodsAndUtilities.getRandomValue(CommonMethodsAndUtilities.java:207)
at CommonMethodsAndUtilities.CommonMethodsAndUtilities.getRandomValue(CommonMethodsAndUtilities.java:207)
at CommonMethodsAndUtilities.CommonMethodsAndUtilities.getRandomValue(CommonMethodsAndUtilities.java:207)
at CommonMethodsAndUtilities.CommonMethodsAndUtilities.getRandomValue(CommonMethodsAndUtilities.java:207)
at CommonMethodsAndUtilities.CommonMethodsAndUtilities.getRandomValue(CommonMethodsAndUtilities.java:207)
at CommonMethodsAndUtilities.CommonMethodsAndUtilities.getRandomValue(CommonMethodsAndUtilities.java:207)
at CommonMethodsAndUtilities.CommonMethodsAndUtilities.getRandomValue(CommonMethodsAndUtilities.java:207)
at CommonMethodsAndUtilities.CommonMethodsAndUtilities.getRandomValue(CommonMethodsAndUtilities.java:207)
at CommonMethodsAndUtilities.CommonMethodsAndUtilities.getRandomValue(CommonMethodsAndUtilities.java:207)
at CommonMethodsAndUtilities.CommonMethodsAndUtilities.getRandomValue(CommonMethodsAndUtilities.java:207)
at CommonMethodsAndUtilities.CommonMethodsAndUtilities.getRandomValue(CommonMethodsAndUtilities.java:207)
at CommonMethodsAndUtilities.CommonMethodsAndUtilities.getRandomValue(CommonMethodsAndUtilities.java:207)
at CommonMethodsAndUtilities.CommonMethodsAndUtilities.getRandomValue(CommonMethodsAndUtilities.java:207)
at CommonMethodsAndUtilities.CommonMethodsAndUtilities.getRandomValue(CommonMethodsAndUtilities.java:207)
at CommonMethodsAndUtilities.CommonMethodsAndUtilities.getRandomValue(CommonMethodsAndUtilities.java:207)
at CommonMethodsAndUtilities.CommonMethodsAndUtilities.getRandomValue(CommonMethodsAndUtilities.java:207)
at CommonMethodsAndUtilities.CommonMethodsAndUtilities.getRandomValue(CommonMethodsAndUtilities.java:207)
at CommonMethodsAndUtilities.CommonMethodsAndUtilities.getRandomValue(CommonMethodsAndUtilities.java:207)
at CommonMethodsAndUtilities.CommonMethodsAndUtilities.getRandomValue(CommonMethodsAndUtilities.java:207)
at CommonMethodsAndUtilities.CommonMethodsAndUtilities.getRandomValue(CommonMethodsAndUtilities.java:207)
at CommonMethodsAndUtilities.CommonMethodsAndUtilities.getRandomValue(CommonMethodsAndUtilities.java:207)
at CommonMethodsAndUtilities.CommonMethodsAndUtilities.getRandomValue(CommonMethodsAndUtilities.java:207)
at CommonMethodsAndUtilities.CommonMethodsAndUtilities.getRandomValue(CommonMethodsAndUtilities.java:207)
at CommonMethodsAndUtilities.CommonMethodsAndUtilities.getRandomValue(CommonMethodsAndUtilities.java:207)
at CommonMethodsAndUtilities.CommonMethodsAndUtilities.getRandomValue(CommonMethodsAndUtilities.java:207)
at CommonMethodsAndUtilities.CommonMethodsAndUtilities.getRandomValue(CommonMethodsAndUtilities.java:207)
at CommonMethodsAndUtilities.CommonMethodsAndUtilities.getRandomValue(CommonMethodsAndUtilities.java:207)
at CommonMethodsAndUtilities.CommonMethodsAndUtilities.getRandomValue(CommonMethodsAndUtilities.java:207)
at CommonMethodsAndUtilities.CommonMethodsAndUtilities.getRandomValue(CommonMethodsAndUtilities.java:207)
at CommonMethodsAndUtilities.CommonMethodsAndUtilities.getRandomValue(CommonMethodsAndUtilities.java:207)
at CommonMethodsAndUtilities.CommonMethodsAndUtilities.getRandomValue(CommonMethodsAndUtilities.java:207)
at CommonMethodsAndUtilities.CommonMethodsAndUtilities.getRandomValue(CommonMethodsAndUtilities.java:207)
at CommonMethodsAndUtilities.CommonMethodsAndUtilities.getRandomValue(CommonMethodsAndUtilities.java:207)
at CommonMethodsAndUtilities.CommonMethodsAndUtilities.getRandomValue(CommonMethodsAndUtilities.java:207)
at CommonMethodsAndUtilities.CommonMethodsAndUtilities.getRandomValue(CommonMethodsAndUtilities.java:207)
at CommonMethodsAndUtilities.CommonMethodsAndUtilities.getRandomValue(CommonMethodsAndUtilities.java:207)
at CommonMethodsAndUtilities.CommonMethodsAndUtilities.getRandomValue(CommonMethodsAndUtilities.java:207)
at CommonMethodsAndUtilities.CommonMethodsAndUtilities.getRandomValue(CommonMethodsAndUtilities.java:207)
at CommonMethodsAndUtilities.CommonMethodsAndUtilities.getRandomValue(CommonMethodsAndUtilities.java:207)
at CommonMethodsAndUtilities.CommonMethodsAndUtilities.getRandomValue(CommonMethodsAndUtilities.java:207)
at CommonMethodsAndUtilities.CommonMethodsAndUtilities.getRandomValue(CommonMethodsAndUtilities.java:207)
at CommonMethodsAndUtilities.CommonMethodsAndUtilities.getRandomValue(CommonMethodsAndUtilities.java:207)
at CommonMethodsAndUtilities.CommonMethodsAndUtilities.getRandomValue(CommonMethodsAndUtilities.java:207)
at CommonMethodsAndUtilities.CommonMethodsAndUtilities.getRandomValue(CommonMethodsAndUtilities.java:207)
at CommonMethodsAndUtilities.CommonMethodsAndUtilities.getRandomValue(CommonMethodsAndUtilities.java:207)
at CommonMethodsAndUtilities.CommonMethodsAndUtilities.getRandomValue(CommonMethodsAndUtilities.java:207)
at CommonMethodsAndUtilities.CommonMethodsAndUtilities.getRandomValue(CommonMethodsAndUtilities.java:207)
at CommonMethodsAndUtilities.CommonMethodsAndUtilities.getRandomValue(CommonMethodsAndUtilities.java:207)
at CommonMethodsAndUtilities.CommonMethodsAndUtilities.getRandomValue(CommonMethodsAndUtilities.java:207)
at CommonMethodsAndUtilities.CommonMethodsAndUtilities.getRandomValue(CommonMethodsAndUtilities.java:207)
at CommonMethodsAndUtilities.CommonMethodsAndUtilities.getRandomValue(CommonMethodsAndUtilities.java:207)
at CommonMethodsAndUtilities.CommonMethodsAndUtilities.getRandomValue(CommonMethodsAndUtilities.java:207)
at CommonMethodsAndUtilities.CommonMethodsAndUtilities.getRandomValue(CommonMethodsAndUtilities.java:207)
at CommonMethodsAndUtilities.CommonMethodsAndUtilities.getRandomValue(CommonMethodsAndUtilities.java:207)
at CommonMethodsAndUtilities.CommonMethodsAndUtilities.getRandomValue(CommonMethodsAndUtilities.java:207)
at CommonMethodsAndUtilities.CommonMethodsAndUtilities.getRandomValue(CommonMethodsAndUtilities.java:207)
at CommonMethodsAndUtilities.CommonMethodsAndUtilities.getRandomValue(CommonMethodsAndUtilities.java:207)
at CommonMethodsAndUtilities.CommonMethodsAndUtilities.getRandomValue(CommonMethodsAndUtilities.java:207)
at CommonMethodsAndUtilities.CommonMethodsAndUtilities.getRandomValue(CommonMethodsAndUtilities.java:207)
at CommonMethodsAndUtilities.CommonMethodsAndUtilities.getRandomValue(CommonMethodsAndUtilities.java:207)
at CommonMethodsAndUtilities.CommonMethodsAndUtilities.getRandomValue(CommonMethodsAndUtilities.java:207)
at CommonMethodsAndUtilities.CommonMethodsAndUtilities.getRandomValue(CommonMethodsAndUtilities.java:207)
at CommonMethodsAndUtilities.CommonMethodsAndUtilities.getRandomValue(CommonMethodsAndUtilities.java:207)
at CommonMethodsAndUtilities.CommonMethodsAndUtilities.getRandomValue(CommonMethodsAndUtilities.java:207)
at CommonMethodsAndUtilities.CommonMethodsAndUtilities.getRandomValue(CommonMethodsAndUtilities.java:207)
at CommonMethodsAndUtilities.CommonMethodsAndUtilities.getRandomValue(CommonMethodsAndUtilities.java:207)
at CommonMethodsAndUtilities.CommonMethodsAndUtilities.getRandomValue(CommonMethodsAndUtilities.java:207)
at CommonMethodsAndUtilities.CommonMethodsAndUtilities.getRandomValue(CommonMethodsAndUtilities.java:207)
at CommonMethodsAndUtilities.CommonMethodsAndUtilities.getRandomValue(CommonMethodsAndUtilities.java:207)
at CommonMethodsAndUtilities.CommonMethodsAndUtilities.getRandomValue(CommonMethodsAndUtilities.java:207)
at CommonMethodsAndUtilities.CommonMethodsAndUtilities.getRandomValue(CommonMethodsAndUtilities.java:207)
at CommonMethodsAndUtilities.CommonMethodsAndUtilities.getRandomValue(CommonMethodsAndUtilities.java:207)
at CommonMethodsAndUtilities.CommonMethodsAndUtilities.getRandomValue(CommonMethodsAndUtilities.java:207)
at CommonMethodsAndUtilities.CommonMethodsAndUtilities.getRandomValue(CommonMethodsAndUtilities.java:207)
at CommonMethodsAndUtilities.CommonMethodsAndUtilities.getRandomValue(CommonMethodsAndUtilities.java:207)
at CommonMethodsAndUtilities.CommonMethodsAndUtilities.getRandomValue(CommonMethodsAndUtilities.java:207)
at CommonMethodsAndUtilities.CommonMethodsAndUtilities.getRandomValue(CommonMethodsAndUtilities.java:207)
at CommonMethodsAndUtilities.CommonMethodsAndUtilities.getRandomValue(CommonMethodsAndUtilities.java:207)
at CommonMethodsAndUtilities.CommonMethodsAndUtilities.getRandomValue(CommonMethodsAndUtilities.java:207)
at CommonMethodsAndUtilities.CommonMethodsAndUtilities.getRandomValue(CommonMethodsAndUtilities.java:207)
at CommonMethodsAndUtilities.CommonMethodsAndUtilities.getRandomValue(CommonMethodsAndUtilities.java:207)
at CommonMethodsAndUtilities.CommonMethodsAndUtilities.getRandomValue(CommonMethodsAndUtilities.java:207)
at CommonMethodsAndUtilities.CommonMethodsAndUtilities.getRandomValue(CommonMethodsAndUtilities.java:207)
at CommonMethodsAndUtilities.CommonMethodsAndUtilities.getRandomValue(CommonMethodsAndUtilities.java:207)
at CommonMethodsAndUtilities.CommonMethodsAndUtilities.getRandomValue(CommonMethodsAndUtilities.java:207)
at CommonMethodsAndUtilities.CommonMethodsAndUtilities.getRandomValue(CommonMethodsAndUtilities.java:207)
at CommonMethodsAndUtilities.CommonMethodsAndUtilities.getRandomValue(CommonMethodsAndUtilities.java:207)
at CommonMethodsAndUtilities.CommonMethodsAndUtilities.getRandomValue(CommonMethodsAndUtilities.java:207)
at CommonMethodsAndUtilities.CommonMethodsAndUtilities.getRandomValue(CommonMethodsAndUtilities.java:207)
at CommonMethodsAndUtilities.CommonMethodsAndUtilities.getRandomValue(CommonMethodsAndUtilities.java:207)
at CommonMethodsAndUtilities.CommonMethodsAndUtilities.getRandomValue(CommonMethodsAndUtilities.java:207)
at CommonMethodsAndUtilities.CommonMethodsAndUtilities.getRandomValue(CommonMethodsAndUtilities.java:207)
at CommonMethodsAndUtilities.CommonMethodsAndUtilities.getRandomValue(CommonMethodsAndUtilities.java:207)
at CommonMethodsAndUtilities.CommonMethodsAndUtilities.getRandomValue(CommonMethodsAndUtilities.java:207)
at CommonMethodsAndUtilities.CommonMethodsAndUtilities.getRandomValue(CommonMethodsAndUtilities.java:207)
at CommonMethodsAndUtilities.CommonMethodsAndUtilities.getRandomValue(CommonMethodsAndUtilities.java:207)
at CommonMethodsAndUtilities.CommonMethodsAndUtilities.getRandomValue(CommonMethodsAndUtilities.java:207)
at CommonMethodsAndUtilities.CommonMethodsAndUtilities.getRandomValue(CommonMethodsAndUtilities.java:207)
at CommonMethodsAndUtilities.CommonMethodsAndUtilities.getRandomValue(CommonMethodsAndUtilities.java:207)
at CommonMethodsAndUtilities.CommonMethodsAndUtilities.getRandomValue(CommonMethodsAndUtilities.java:207)
at CommonMethodsAndUtilities.CommonMethodsAndUtilities.getRandomValue(CommonMethodsAndUtilities.java:207)
at CommonMethodsAndUtilities.CommonMethodsAndUtilities.getRandomValue(CommonMethodsAndUtilities.java:207)
at CommonMethodsAndUtilities.CommonMethodsAndUtilities.getRandomValue(CommonMethodsAndUtilities.java:207)
at CommonMethodsAndUtilities.CommonMethodsAndUtilities.getRandomValue(CommonMethodsAndUtilities.java:207)
at CommonMethodsAndUtilities.CommonMethodsAndUtilities.getRandomValue(CommonMethodsAndUtilities.java:207)
at CommonMethodsAndUtilities.CommonMethodsAndUtilities.getRandomValue(CommonMethodsAndUtilities.java:207)
at CommonMethodsAndUtilities.CommonMethodsAndUtilities.getRandomValue(CommonMethodsAndUtilities.java:207)
at CommonMethodsAndUtilities.CommonMethodsAndUtilities.getRandomValue(CommonMethodsAndUtilities.java:207)
at CommonMethodsAndUtilities.CommonMethodsAndUtilities.getRandomValue(CommonMethodsAndUtilities.java:207)
at CommonMethodsAndUtilities.CommonMethodsAndUtilities.getRandomValue(CommonMethodsAndUtilities.java:207)
at CommonMethodsAndUtilities.CommonMethodsAndUtilities.getRandomValue(CommonMethodsAndUtilities.java:207)
at CommonMethodsAndUtilities.CommonMethodsAndUtilities.getRandomValue(CommonMethodsAndUtilities.java:207)
at CommonMethodsAndUtilities.CommonMethodsAndUtilities.getRandomValue(CommonMethodsAndUtilities.java:207)
at CommonMethodsAndUtilities.CommonMethodsAndUtilities.getRandomValue(CommonMethodsAndUtilities.java:207)
at CommonMethodsAndUtilities.CommonMethodsAndUtilities.getRandomValue(CommonMethodsAndUtilities.java:207)
at CommonMethodsAndUtilities.CommonMethodsAndUtilities.getRandomValue(CommonMethodsAndUtilities.java:207)
at CommonMethodsAndUtilities.CommonMethodsAndUtilities.getRandomValue(CommonMethodsAndUtilities.java:207)
at CommonMethodsAndUtilities.CommonMethodsAndUtilities.getRandomValue(CommonMethodsAndUtilities.java:207)
at CommonMethodsAndUtilities.CommonMethodsAndUtilities.getRandomValue(CommonMethodsAndUtilities.java:207)
at CommonMethodsAndUtilities.CommonMethodsAndUtilities.getRandomValue(CommonMethodsAndUtilities.java:207)
at CommonMethodsAndUtilities.CommonMethodsAndUtilities.getRandomValue(CommonMethodsAndUtilities.java:207)
at CommonMethodsAndUtilities.CommonMethodsAndUtilities.getRandomValue(CommonMethodsAndUtilities.java:207)
at CommonMethodsAndUtilities.CommonMethodsAndUtilities.getRandomValue(CommonMethodsAndUtilities.java:207)
at CommonMethodsAndUtilities.CommonMethodsAndUtilities.getRandomValue(CommonMethodsAndUtilities.java:207)
at CommonMethodsAndUtilities.CommonMethodsAndUtilities.getRandomValue(CommonMethodsAndUtilities.java:207)
at CommonMethodsAndUtilities.CommonMethodsAndUtilities.getRandomValue(CommonMethodsAndUtilities.java:207)
at CommonMethodsAndUtilities.CommonMethodsAndUtilities.getRandomValue(CommonMethodsAndUtilities.java:207)
at CommonMethodsAndUtilities.CommonMethodsAndUtilities.getRandomValue(CommonMethodsAndUtilities.java:207)
at CommonMethodsAndUtilities.CommonMethodsAndUtilities.getRandomValue(CommonMethodsAndUtilities.java:207)
at CommonMethodsAndUtilities.CommonMethodsAndUtilities.getRandomValue(CommonMethodsAndUtilities.java:207)
at CommonMethodsAndUtilities.CommonMethodsAndUtilities.getRandomValue(CommonMethodsAndUtilities.java:207)
at CommonMethodsAndUtilities.CommonMethodsAndUtilities.getRandomValue(CommonMethodsAndUtilities.java:207)
at CommonMethodsAndUtilities.CommonMethodsAndUtilities.getRandomValue(CommonMethodsAndUtilities.java:207)
at CommonMethodsAndUtilities.CommonMethodsAndUtilities.getRandomValue(CommonMethodsAndUtilities.java:207)
at CommonMethodsAndUtilities.CommonMethodsAndUtilities.getRandomValue(CommonMethodsAndUtilities.java:207)
at CommonMethodsAndUtilities.CommonMethodsAndUtilities.getRandomValue(CommonMethodsAndUtilities.java:207)
at CommonMethodsAndUtilities.CommonMethodsAndUtilities.getRandomValue(CommonMethodsAndUtilities.java:207)
at CommonMethodsAndUtilities.CommonMethodsAndUtilities.getRandomValue(CommonMethodsAndUtilities.java:207)
at CommonMethodsAndUtilities.CommonMethodsAndUtilities.getRandomValue(CommonMethodsAndUtilities.java:207)
at CommonMethodsAndUtilities.CommonMethodsAndUtilities.getRandomValue(CommonMethodsAndUtilities.java:207)
at CommonMethodsAndUtilities.CommonMethodsAndUtilities.getRandomValue(CommonMethodsAndUtilities.java:207)
at CommonMethodsAndUtilities.CommonMethodsAndUtilities.getRandomValue(CommonMethodsAndUtilities.java:207)
at CommonMethodsAndUtilities.CommonMethodsAndUtilities.getRandomValue(CommonMethodsAndUtilities.java:207)
at CommonMethodsAndUtilities.CommonMethodsAndUtilities.getRandomValue(CommonMethodsAndUtilities.java:207)
at CommonMethodsAndUtilities.CommonMethodsAndUtilities.getRandomValue(CommonMethodsAndUtilities.java:207)
at CommonMethodsAndUtilities.CommonMethodsAndUtilities.getRandomValue(CommonMethodsAndUtilities.java:207)
at CommonMethodsAndUtilities.CommonMethodsAndUtilities.getRandomValue(CommonMethodsAndUtilities.java:207)
at CommonMethodsAndUtilities.CommonMethodsAndUtilities.getRandomValue(CommonMethodsAndUtilities.java:207)
at CommonMethodsAndUtilities.CommonMethodsAndUtilities.getRandomValue(CommonMethodsAndUtilities.java:207)
at CommonMethodsAndUtilities.CommonMethodsAndUtilities.getRandomValue(CommonMethodsAndUtilities.java:207)
at CommonMethodsAndUtilities.CommonMethodsAndUtilities.getRandomValue(CommonMethodsAndUtilities.java:207)
at CommonMethodsAndUtilities.CommonMethodsAndUtilities.getRandomValue(CommonMethodsAndUtilities.java:207)
at CommonMethodsAndUtilities.CommonMethodsAndUtilities.getRandomValue(CommonMethodsAndUtilities.java:207)
at CommonMethodsAndUtilities.CommonMethodsAndUtilities.getRandomValue(CommonMethodsAndUtilities.java:207)
at CommonMethodsAndUtilities.CommonMethodsAndUtilities.getRandomValue(CommonMethodsAndUtilities.java:207)
at CommonMethodsAndUtilities.CommonMethodsAndUtilities.getRandomValue(CommonMethodsAndUtilities.java:207)
at CommonMethodsAndUtilities.CommonMethodsAndUtilities.getRandomValue(CommonMethodsAndUtilities.java:207)
at CommonMethodsAndUtilities.CommonMethodsAndUtilities.getRandomValue(CommonMethodsAndUtilities.java:207)
at CommonMethodsAndUtilities.CommonMethodsAndUtilities.getRandomValue(CommonMethodsAndUtilities.java:207)
at CommonMethodsAndUtilities.CommonMethodsAndUtilities.getRandomValue(CommonMethodsAndUtilities.java:207)
at CommonMethodsAndUtilities.CommonMethodsAndUtilities.getRandomValue(CommonMethodsAndUtilities.java:207)
at CommonMethodsAndUtilities.CommonMethodsAndUtilities.getRandomValue(CommonMethodsAndUtilities.java:207)
at CommonMethodsAndUtilities.CommonMethodsAndUtilities.getRandomValue(CommonMethodsAndUtilities.java:207)
at CommonMethodsAndUtilities.CommonMethodsAndUtilities.getRandomValue(CommonMethodsAndUtilities.java:207)
at CommonMethodsAndUtilities.CommonMethodsAndUtilities.getRandomValue(CommonMethodsAndUtilities.java:207)
at CommonMethodsAndUtilities.CommonMethodsAndUtilities.getRandomValue(CommonMethodsAndUtilities.java:207)
at CommonMethodsAndUtilities.CommonMethodsAndUtilities.getRandomValue(CommonMethodsAndUtilities.java:207)
at CommonMethodsAndUtilities.CommonMethodsAndUtilities.getRandomValue(CommonMethodsAndUtilities.java:207)
at CommonMethodsAndUtilities.CommonMethodsAndUtilities.getRandomValue(CommonMethodsAndUtilities.java:207)
at CommonMethodsAndUtilities.CommonMethodsAndUtilities.getRandomValue(CommonMethodsAndUtilities.java:207)
at CommonMethodsAndUtilities.CommonMethodsAndUtilities.getRandomValue(CommonMethodsAndUtilities.java:207)
at CommonMethodsAndUtilities.CommonMethodsAndUtilities.getRandomValue(CommonMethodsAndUtilities.java:207)
at CommonMethodsAndUtilities.CommonMethodsAndUtilities.getRandomValue(CommonMethodsAndUtilities.java:207)
at CommonMethodsAndUtilities.CommonMethodsAndUtilities.getRandomValue(CommonMethodsAndUtilities.java:207)
at CommonMethodsAndUtilities.CommonMethodsAndUtilities.getRandomValue(CommonMethodsAndUtilities.java:207)
at CommonMethodsAndUtilities.CommonMethodsAndUtilities.getRandomValue(CommonMethodsAndUtilities.java:207)
at CommonMethodsAndUtilities.CommonMethodsAndUtilities.getRandomValue(CommonMethodsAndUtilities.java:207)
at CommonMethodsAndUtilities.CommonMethodsAndUtilities.getRandomValue(CommonMethodsAndUtilities.java:207)
at CommonMethodsAndUtilities.CommonMethodsAndUtilities.getRandomValue(CommonMethodsAndUtilities.java:207)
at CommonMethodsAndUtilities.CommonMethodsAndUtilities.getRandomValue(CommonMethodsAndUtilities.java:207)
at CommonMethodsAndUtilities.CommonMethodsAndUtilities.getRandomValue(CommonMethodsAndUtilities.java:207)
at CommonMethodsAndUtilities.CommonMethodsAndUtilities.getRandomValue(CommonMethodsAndUtilities.java:207)
at CommonMethodsAndUtilities.CommonMethodsAndUtilities.getRandomValue(CommonMethodsAndUtilities.java:207)
at CommonMethodsAndUtilities.CommonMethodsAndUtilities.getRandomValue(CommonMethodsAndUtilities.java:207)
at CommonMethodsAndUtilities.CommonMethodsAndUtilities.getRandomValue(CommonMethodsAndUtilities.java:207)
at CommonMethodsAndUtilities.CommonMethodsAndUtilities.getRandomValue(CommonMethodsAndUtilities.java:207)
at CommonMethodsAndUtilities.CommonMethodsAndUtilities.getRandomValue(CommonMethodsAndUtilities.java:207)
at CommonMethodsAndUtilities.CommonMethodsAndUtilities.getRandomValue(CommonMethodsAndUtilities.java:207)
at CommonMethodsAndUtilities.CommonMethodsAndUtilities.getRandomValue(CommonMethodsAndUtilities.java:207)
at CommonMethodsAndUtilities.CommonMethodsAndUtilities.getRandomValue(CommonMethodsAndUtilities.java:207)
at CommonMethodsAndUtilities.CommonMethodsAndUtilities.getRandomValue(CommonMethodsAndUtilities.java:207)
at CommonMethodsAndUtilities.CommonMethodsAndUtilities.getRandomValue(CommonMethodsAndUtilities.java:207)
at CommonMethodsAndUtilities.CommonMethodsAndUtilities.getRandomValue(CommonMethodsAndUtilities.java:207)
at CommonMethodsAndUtilities.CommonMethodsAndUtilities.getRandomValue(CommonMethodsAndUtilities.java:207)
at CommonMethodsAndUtilities.CommonMethodsAndUtilities.getRandomValue(CommonMethodsAndUtilities.java:207)
at CommonMethodsAndUtilities.CommonMethodsAndUtilities.getRandomValue(CommonMethodsAndUtilities.java:207)
at CommonMethodsAndUtilities.CommonMethodsAndUtilities.getRandomValue(CommonMethodsAndUtilities.java:207)
at CommonMethodsAndUtilities.CommonMethodsAndUtilities.getRandomValue(CommonMethodsAndUtilities.java:207)
at CommonMethodsAndUtilities.CommonMethodsAndUtilities.getRandomValue(CommonMethodsAndUtilities.java:207)
at CommonMethodsAndUtilities.CommonMethodsAndUtilities.getRandomValue(CommonMethodsAndUtilities.java:207)
at CommonMethodsAndUtilities.CommonMethodsAndUtilities.getRandomValue(CommonMethodsAndUtilities.java:207)
at CommonMethodsAndUtilities.CommonMethodsAndUtilities.getRandomValue(CommonMethodsAndUtilities.java:207)
at CommonMethodsAndUtilities.CommonMethodsAndUtilities.getRandomValue(CommonMethodsAndUtilities.java:207)
at CommonMethodsAndUtilities.CommonMethodsAndUtilities.getRandomValue(CommonMethodsAndUtilities.java:207)
at CommonMethodsAndUtilities.CommonMethodsAndUtilities.getRandomValue(CommonMethodsAndUtilities.java:207)
at CommonMethodsAndUtilities.CommonMethodsAndUtilities.getRandomValue(CommonMethodsAndUtilities.java:207)
at CommonMethodsAndUtilities.CommonMethodsAndUtilities.getRandomValue(CommonMethodsAndUtilities.java:207)
at CommonMethodsAndUtilities.CommonMethodsAndUtilities.getRandomValue(CommonMethodsAndUtilities.java:207)
at CommonMethodsAndUtilities.CommonMethodsAndUtilities.getRandomValue(CommonMethodsAndUtilities.java:207)
at CommonMethodsAndUtilities.CommonMethodsAndUtilities.getRandomValue(CommonMethodsAndUtilities.java:207)
at CommonMethodsAndUtilities.CommonMethodsAndUtilities.getRandomValue(CommonMethodsAndUtilities.java:207)
at CommonMethodsAndUtilities.CommonMethodsAndUtilities.getRandomValue(CommonMethodsAndUtilities.java:207)
at CommonMethodsAndUtilities.CommonMethodsAndUtilities.getRandomValue(CommonMethodsAndUtilities.java:207)
at CommonMethodsAndUtilities.CommonMethodsAndUtilities.getRandomValue(CommonMethodsAndUtilities.java:207)
at CommonMethodsAndUtilities.CommonMethodsAndUtilities.getRandomValue(CommonMethodsAndUtilities.java:207)
at CommonMethodsAndUtilities.CommonMethodsAndUtilities.getRandomValue(CommonMethodsAndUtilities.java:207)
at CommonMethodsAndUtilities.CommonMethodsAndUtilities.getRandomValue(CommonMethodsAndUtilities.java:207)
at CommonMethodsAndUtilities.CommonMethodsAndUtilities.getRandomValue(CommonMethodsAndUtilities.java:207)
at CommonMethodsAndUtilities.CommonMethodsAndUtilities.getRandomValue(CommonMethodsAndUtilities.java:207)
at CommonMethodsAndUtilities.CommonMethodsAndUtilities.getRandomValue(CommonMethodsAndUtilities.java:207)
at CommonMethodsAndUtilities.CommonMethodsAndUtilities.getRandomValue(CommonMethodsAndUtilities.java:207)
at CommonMethodsAndUtilities.CommonMethodsAndUtilities.getRandomValue(CommonMethodsAndUtilities.java:207)
at CommonMethodsAndUtilities.CommonMethodsAndUtilities.getRandomValue(CommonMethodsAndUtilities.java:207)
at CommonMethodsAndUtilities.CommonMethodsAndUtilities.getRandomValue(CommonMethodsAndUtilities.java:207)
at CommonMethodsAndUtilities.CommonMethodsAndUtilities.getRandomValue(CommonMethodsAndUtilities.java:207)
at CommonMethodsAndUtilities.CommonMethodsAndUtilities.getRandomValue(CommonMethodsAndUtilities.java:207)
at CommonMethodsAndUtilities.CommonMethodsAndUtilities.getRandomValue(CommonMethodsAndUtilities.java:207)
at CommonMethodsAndUtilities.CommonMethodsAndUtilities.getRandomValue(CommonMethodsAndUtilities.java:207)
at CommonMethodsAndUtilities.CommonMethodsAndUtilities.getRandomValue(CommonMethodsAndUtilities.java:207)
at CommonMethodsAndUtilities.CommonMethodsAndUtilities.getRandomValue(CommonMethodsAndUtilities.java:207)
at CommonMethodsAndUtilities.CommonMethodsAndUtilities.getRandomValue(CommonMethodsAndUtilities.java:207)
at CommonMethodsAndUtilities.CommonMethodsAndUtilities.getRandomValue(CommonMethodsAndUtilities.java:207)
at CommonMethodsAndUtilities.CommonMethodsAndUtilities.getRandomValue(CommonMethodsAndUtilities.java:207)
at CommonMethodsAndUtilities.CommonMethodsAndUtilities.getRandomValue(CommonMethodsAndUtilities.java:207)
at CommonMethodsAndUtilities.CommonMethodsAndUtilities.getRandomValue(CommonMethodsAndUtilities.java:207)
at CommonMethodsAndUtilities.CommonMethodsAndUtilities.getRandomValue(CommonMethodsAndUtilities.java:207)
at CommonMethodsAndUtilities.CommonMethodsAndUtilities.getRandomValue(CommonMethodsAndUtilities.java:207)
at CommonMethodsAndUtilities.CommonMethodsAndUtilities.getRandomValue(CommonMethodsAndUtilities.java:207)
at CommonMethodsAndUtilities.CommonMethodsAndUtilities.getRandomValue(CommonMethodsAndUtilities.java:207)
at CommonMethodsAndUtilities.CommonMethodsAndUtilities.getRandomValue(CommonMethodsAndUtilities.java:207)
at CommonMethodsAndUtilities.CommonMethodsAndUtilities.getRandomValue(CommonMethodsAndUtilities.java:207)
at CommonMethodsAndUtilities.CommonMethodsAndUtilities.getRandomValue(CommonMethodsAndUtilities.java:207)
at CommonMethodsAndUtilities.CommonMethodsAndUtilities.getRandomValue(CommonMethodsAndUtilities.java:207)
at CommonMethodsAndUtilities.CommonMethodsAndUtilities.getRandomValue(CommonMethodsAndUtilities.java:207)
at CommonMethodsAndUtilities.CommonMethodsAndUtilities.getRandomValue(CommonMethodsAndUtilities.java:207)
at CommonMethodsAndUtilities.CommonMethodsAndUtilities.getRandomValue(CommonMethodsAndUtilities.java:207)
at CommonMethodsAndUtilities.CommonMethodsAndUtilities.getRandomValue(CommonMethodsAndUtilities.java:207)
at CommonMethodsAndUtilities.CommonMethodsAndUtilities.getRandomValue(CommonMethodsAndUtilities.java:207)
at CommonMethodsAndUtilities.CommonMethodsAndUtilities.getRandomValue(CommonMethodsAndUtilities.java:207)
at CommonMethodsAndUtilities.CommonMethodsAndUtilities.getRandomValue(CommonMethodsAndUtilities.java:207)
at CommonMethodsAndUtilities.CommonMethodsAndUtilities.getRandomValue(CommonMethodsAndUtilities.java:207)
at CommonMethodsAndUtilities.CommonMethodsAndUtilities.getRandomValue(CommonMethodsAndUtilities.java:207)
at CommonMethodsAndUtilities.CommonMethodsAndUtilities.getRandomValue(CommonMethodsAndUtilities.java:207)
at CommonMethodsAndUtilities.CommonMethodsAndUtilities.getRandomValue(CommonMethodsAndUtilities.java:207)
at CommonMethodsAndUtilities.CommonMethodsAndUtilities.getRandomValue(CommonMethodsAndUtilities.java:207)
at CommonMethodsAndUtilities.CommonMethodsAndUtilities.getRandomValue(CommonMethodsAndUtilities.java:207)
at CommonMethodsAndUtilities.CommonMethodsAndUtilities.getRandomValue(CommonMethodsAndUtilities.java:207)
at CommonMethodsAndUtilities.CommonMethodsAndUtilities.getRandomValue(CommonMethodsAndUtilities.java:207)
at CommonMethodsAndUtilities.CommonMethodsAndUtilities.getRandomValue(CommonMethodsAndUtilities.java:207)
at CommonMethodsAndUtilities.CommonMethodsAndUtilities.getRandomValue(CommonMethodsAndUtilities.java:207)
at CommonMethodsAndUtilities.CommonMethodsAndUtilities.getRandomValue(CommonMethodsAndUtilities.java:207)
at CommonMethodsAndUtilities.CommonMethodsAndUtilities.getRandomValue(CommonMethodsAndUtilities.java:207)
at CommonMethodsAndUtilities.CommonMethodsAndUtilities.getRandomValue(CommonMethodsAndUtilities.java:207)
at CommonMethodsAndUtilities.CommonMethodsAndUtilities.getRandomValue(CommonMethodsAndUtilities.java:207)
at CommonMethodsAndUtilities.CommonMethodsAndUtilities.getRandomValue(CommonMethodsAndUtilities.java:207)
at CommonMethodsAndUtilities.CommonMethodsAndUtilities.getRandomValue(CommonMethodsAndUtilities.java:207)
at CommonMethodsAndUtilities.CommonMethodsAndUtilities.getRandomValue(CommonMethodsAndUtilities.java:207)
at CommonMethodsAndUtilities.CommonMethodsAndUtilities.getRandomValue(CommonMethodsAndUtilities.java:207)
at CommonMethodsAndUtilities.CommonMethodsAndUtilities.getRandomValue(CommonMethodsAndUtilities.java:207)
at CommonMethodsAndUtilities.CommonMethodsAndUtilities.getRandomValue(CommonMethodsAndUtilities.java:207)
at CommonMethodsAndUtilities.CommonMethodsAndUtilities.getRandomValue(CommonMethodsAndUtilities.java:207)
at CommonMethodsAndUtilities.CommonMethodsAndUtilities.getRandomValue(CommonMethodsAndUtilities.java:207)
at CommonMethodsAndUtilities.CommonMethodsAndUtilities.getRandomValue(CommonMethodsAndUtilities.java:207)
at CommonMethodsAndUtilities.CommonMethodsAndUtilities.getRandomValue(CommonMethodsAndUtilities.java:207)
at CommonMethodsAndUtilities.CommonMethodsAndUtilities.getRandomValue(CommonMethodsAndUtilities.java:207)
at CommonMethodsAndUtilities.CommonMethodsAndUtilities.getRandomValue(CommonMethodsAndUtilities.java:207)
at CommonMethodsAndUtilities.CommonMethodsAndUtilities.getRandomValue(CommonMethodsAndUtilities.java:207)
at CommonMethodsAndUtilities.CommonMethodsAndUtilities.getRandomValue(CommonMethodsAndUtilities.java:207)
at CommonMethodsAndUtilities.CommonMethodsAndUtilities.getRandomValue(CommonMethodsAndUtilities.java:207)
at CommonMethodsAndUtilities.CommonMethodsAndUtilities.getRandomValue(CommonMethodsAndUtilities.java:207)
at CommonMethodsAndUtilities.CommonMethodsAndUtilities.getRandomValue(CommonMethodsAndUtilities.java:207)
at CommonMethodsAndUtilities.CommonMethodsAndUtilities.getRandomValue(CommonMethodsAndUtilities.java:207)
at CommonMethodsAndUtilities.CommonMethodsAndUtilities.getRandomValue(CommonMethodsAndUtilities.java:207)
at CommonMethodsAndUtilities.CommonMethodsAndUtilities.getRandomValue(CommonMethodsAndUtilities.java:207)
at CommonMethodsAndUtilities.CommonMethodsAndUtilities.getRandomValue(CommonMethodsAndUtilities.java:207)
at CommonMethodsAndUtilities.CommonMethodsAndUtilities.getRandomValue(CommonMethodsAndUtilities.java:207)
at CommonMethodsAndUtilities.CommonMethodsAndUtilities.getRandomValue(CommonMethodsAndUtilities.java:207)
at CommonMethodsAndUtilities.CommonMethodsAndUtilities.getRandomValue(CommonMethodsAndUtilities.java:207)
at CommonMethodsAndUtilities.CommonMethodsAndUtilities.getRandomValue(CommonMethodsAndUtilities.java:207)
at CommonMethodsAndUtilities.CommonMethodsAndUtilities.getRandomValue(CommonMethodsAndUtilities.java:207)
at CommonMethodsAndUtilities.CommonMethodsAndUtilities.getRandomValue(CommonMethodsAndUtilities.java:207)
at CommonMethodsAndUtilities.CommonMethodsAndUtilities.getRandomValue(CommonMethodsAndUtilities.java:207)
at CommonMethodsAndUtilities.CommonMethodsAndUtilities.getRandomValue(CommonMethodsAndUtilities.java:207)
at CommonMethodsAndUtilities.CommonMethodsAndUtilities.getRandomValue(CommonMethodsAndUtilities.java:207)
at CommonMethodsAndUtilities.CommonMethodsAndUtilities.getRandomValue(CommonMethodsAndUtilities.java:207)
at CommonMethodsAndUtilities.CommonMethodsAndUtilities.getRandomValue(CommonMethodsAndUtilities.java:207)
at CommonMethodsAndUtilities.CommonMethodsAndUtilities.getRandomValue(CommonMethodsAndUtilities.java:207)
at CommonMethodsAndUtilities.CommonMethodsAndUtilities.getRandomValue(CommonMethodsAndUtilities.java:207)
at CommonMethodsAndUtilities.CommonMethodsAndUtilities.getRandomValue(CommonMethodsAndUtilities.java:207)
at CommonMethodsAndUtilities.CommonMethodsAndUtilities.getRandomValue(CommonMethodsAndUtilities.java:207)
at CommonMethodsAndUtilities.CommonMethodsAndUtilities.getRandomValue(CommonMethodsAndUtilities.java:207)
at CommonMethodsAndUtilities.CommonMethodsAndUtilities.getRandomValue(CommonMethodsAndUtilities.java:207)
at CommonMethodsAndUtilities.CommonMethodsAndUtilities.getRandomValue(CommonMethodsAndUtilities.java:207)
at CommonMethodsAndUtilities.CommonMethodsAndUtilities.getRandomValue(CommonMethodsAndUtilities.java:207)
at CommonMethodsAndUtilities.CommonMethodsAndUtilities.getRandomValue(CommonMethodsAndUtilities.java:207)
at CommonMethodsAndUtilities.CommonMethodsAndUtilities.getRandomValue(CommonMethodsAndUtilities.java:207)
at CommonMethodsAndUtilities.CommonMethodsAndUtilities.getRandomValue(CommonMethodsAndUtilities.java:207)
at CommonMethodsAndUtilities.CommonMethodsAndUtilities.getRandomValue(CommonMethodsAndUtilities.java:207)
at CommonMethodsAndUtilities.CommonMethodsAndUtilities.getRandomValue(CommonMethodsAndUtilities.java:207)
at CommonMethodsAndUtilities.CommonMethodsAndUtilities.getRandomValue(CommonMethodsAndUtilities.java:207)
at CommonMethodsAndUtilities.CommonMethodsAndUtilities.getRandomValue(CommonMethodsAndUtilities.java:207)
at CommonMethodsAndUtilities.CommonMethodsAndUtilities.getRandomValue(CommonMethodsAndUtilities.java:207)
at CommonMethodsAndUtilities.CommonMethodsAndUtilities.getRandomValue(CommonMethodsAndUtilities.java:207)
at CommonMethodsAndUtilities.CommonMethodsAndUtilities.getRandomValue(CommonMethodsAndUtilities.java:207)
at CommonMethodsAndUtilities.CommonMethodsAndUtilities.getRandomValue(CommonMethodsAndUtilities.java:207)
at CommonMethodsAndUtilities.CommonMethodsAndUtilities.getRandomValue(CommonMethodsAndUtilities.java:207)
at CommonMethodsAndUtilities.CommonMethodsAndUtilities.getRandomValue(CommonMethodsAndUtilities.java:207)
at CommonMethodsAndUtilities.CommonMethodsAndUtilities.getRandomValue(CommonMethodsAndUtilities.java:207)
at CommonMethodsAndUtilities.CommonMethodsAndUtilities.getRandomValue(CommonMethodsAndUtilities.java:207)
at CommonMethodsAndUtilities.CommonMethodsAndUtilities.getRandomValue(CommonMethodsAndUtilities.java:207)
at CommonMethodsAndUtilities.CommonMethodsAndUtilities.getRandomValue(CommonMethodsAndUtilities.java:207)
at CommonMethodsAndUtilities.CommonMethodsAndUtilities.getRandomValue(CommonMethodsAndUtilities.java:207)
at CommonMethodsAndUtilities.CommonMethodsAndUtilities.getRandomValue(CommonMethodsAndUtilities.java:207)
at CommonMethodsAndUtilities.CommonMethodsAndUtilities.getRandomValue(CommonMethodsAndUtilities.java:207)
at CommonMethodsAndUtilities.CommonMethodsAndUtilities.getRandomValue(CommonMethodsAndUtilities.java:207)
at CommonMethodsAndUtilities.CommonMethodsAndUtilities.getRandomValue(CommonMethodsAndUtilities.java:207)
at CommonMethodsAndUtilities.CommonMethodsAndUtilities.getRandomValue(CommonMethodsAndUtilities.java:207)
at CommonMethodsAndUtilities.CommonMethodsAndUtilities.getRandomValue(CommonMethodsAndUtilities.java:207)
at CommonMethodsAndUtilities.CommonMethodsAndUtilities.getRandomValue(CommonMethodsAndUtilities.java:207)
at CommonMethodsAndUtilities.CommonMethodsAndUtilities.getRandomValue(CommonMethodsAndUtilities.java:207)
at CommonMethodsAndUtilities.CommonMethodsAndUtilities.getRandomValue(CommonMethodsAndUtilities.java:207)
at CommonMethodsAndUtilities.CommonMethodsAndUtilities.getRandomValue(CommonMethodsAndUtilities.java:207)
at CommonMethodsAndUtilities.CommonMethodsAndUtilities.getRandomValue(CommonMethodsAndUtilities.java:207)
at CommonMethodsAndUtilities.CommonMethodsAndUtilities.getRandomValue(CommonMethodsAndUtilities.java:207)
at CommonMethodsAndUtilities.CommonMethodsAndUtilities.getRandomValue(CommonMethodsAndUtilities.java:207)
at CommonMethodsAndUtilities.CommonMethodsAndUtilities.getRandomValue(CommonMethodsAndUtilities.java:207)
at CommonMethodsAndUtilities.CommonMethodsAndUtilities.getRandomValue(CommonMethodsAndUtilities.java:207)
at CommonMethodsAndUtilities.CommonMethodsAndUtilities.getRandomValue(CommonMethodsAndUtilities.java:207)
at CommonMethodsAndUtilities.CommonMethodsAndUtilities.getRandomValue(CommonMethodsAndUtilities.java:207)
at CommonMethodsAndUtilities.CommonMethodsAndUtilities.getRandomValue(CommonMethodsAndUtilities.java:207)
at CommonMethodsAndUtilities.CommonMethodsAndUtilities.getRandomValue(CommonMethodsAndUtilities.java:207)
at CommonMethodsAndUtilities.CommonMethodsAndUtilities.getRandomValue(CommonMethodsAndUtilities.java:207)
at CommonMethodsAndUtilities.CommonMethodsAndUtilities.getRandomValue(CommonMethodsAndUtilities.java:207)
at CommonMethodsAndUtilities.CommonMethodsAndUtilities.getRandomValue(CommonMethodsAndUtilities.java:207)
at CommonMethodsAndUtilities.CommonMethodsAndUtilities.getRandomValue(CommonMethodsAndUtilities.java:207)
at CommonMethodsAndUtilities.CommonMethodsAndUtilities.getRandomValue(CommonMethodsAndUtilities.java:207)
at CommonMethodsAndUtilities.CommonMethodsAndUtilities.getRandomValue(CommonMethodsAndUtilities.java:207)
at CommonMethodsAndUtilities.CommonMethodsAndUtilities.getRandomValue(CommonMethodsAndUtilities.java:207)
at CommonMethodsAndUtilities.CommonMethodsAndUtilities.getRandomValue(CommonMethodsAndUtilities.java:207)
at CommonMethodsAndUtilities.CommonMethodsAndUtilities.getRandomValue(CommonMethodsAndUtilities.java:207)
at CommonMethodsAndUtilities.CommonMethodsAndUtilities.getRandomValue(CommonMethodsAndUtilities.java:207)
at CommonMethodsAndUtilities.CommonMethodsAndUtilities.getRandomValue(CommonMethodsAndUtilities.java:207)
at CommonMethodsAndUtilities.CommonMethodsAndUtilities.getRandomValue(CommonMethodsAndUtilities.java:207)
at CommonMethodsAndUtilities.CommonMethodsAndUtilities.getRandomValue(CommonMethodsAndUtilities.java:207)
at CommonMethodsAndUtilities.CommonMethodsAndUtilities.getRandomValue(CommonMethodsAndUtilities.java:207)
at CommonMethodsAndUtilities.CommonMethodsAndUtilities.getRandomValue(CommonMethodsAndUtilities.java:207)
at CommonMethodsAndUtilities.CommonMethodsAndUtilities.getRandomValue(CommonMethodsAndUtilities.java:207)
at CommonMethodsAndUtilities.CommonMethodsAndUtilities.getRandomValue(CommonMethodsAndUtilities.java:207)
at CommonMethodsAndUtilities.CommonMethodsAndUtilities.getRandomValue(CommonMethodsAndUtilities.java:207)
at CommonMethodsAndUtilities.CommonMethodsAndUtilities.getRandomValue(CommonMethodsAndUtilities.java:207)
at CommonMethodsAndUtilities.CommonMethodsAndUtilities.getRandomValue(CommonMethodsAndUtilities.java:207)
at CommonMethodsAndUtilities.CommonMethodsAndUtilities.getRandomValue(CommonMethodsAndUtilities.java:207)
at CommonMethodsAndUtilities.CommonMethodsAndUtilities.getRandomValue(CommonMethodsAndUtilities.java:207)
at CommonMethodsAndUtilities.CommonMethodsAndUtilities.getRandomValue(CommonMethodsAndUtilities.java:207)
at CommonMethodsAndUtilities.CommonMethodsAndUtilities.getRandomValue(CommonMethodsAndUtilities.java:207)
at CommonMethodsAndUtilities.CommonMethodsAndUtilities.getRandomValue(CommonMethodsAndUtilities.java:207)
at CommonMethodsAndUtilities.CommonMethodsAndUtilities.getRandomValue(CommonMethodsAndUtilities.java:207)
at CommonMethodsAndUtilities.CommonMethodsAndUtilities.getRandomValue(CommonMethodsAndUtilities.java:207)
at CommonMethodsAndUtilities.CommonMethodsAndUtilities.getRandomValue(CommonMethodsAndUtilities.java:207)
at CommonMethodsAndUtilities.CommonMethodsAndUtilities.getRandomValue(CommonMethodsAndUtilities.java:207)
at CommonMethodsAndUtilities.CommonMethodsAndUtilities.getRandomValue(CommonMethodsAndUtilities.java:207)
at CommonMethodsAndUtilities.CommonMethodsAndUtilities.getRandomValue(CommonMethodsAndUtilities.java:207)
at CommonMethodsAndUtilities.CommonMethodsAndUtilities.getRandomValue(CommonMethodsAndUtilities.java:207)
at CommonMethodsAndUtilities.CommonMethodsAndUtilities.getRandomValue(CommonMethodsAndUtilities.java:207)
at CommonMethodsAndUtilities.CommonMethodsAndUtilities.getRandomValue(CommonMethodsAndUtilities.java:207)
at CommonMethodsAndUtilities.CommonMethodsAndUtilities.getRandomValue(CommonMethodsAndUtilities.java:207)
at CommonMethodsAndUtilities.CommonMethodsAndUtilities.getRandomValue(CommonMethodsAndUtilities.java:207)
at CommonMethodsAndUtilities.CommonMethodsAndUtilities.getRandomValue(CommonMethodsAndUtilities.java:207)
at CommonMethodsAndUtilities.CommonMethodsAndUtilities.getRandomValue(CommonMethodsAndUtilities.java:207)
at CommonMethodsAndUtilities.CommonMethodsAndUtilities.getRandomValue(CommonMethodsAndUtilities.java:207)
at CommonMethodsAndUtilities.CommonMethodsAndUtilities.getRandomValue(CommonMethodsAndUtilities.java:207)
at CommonMethodsAndUtilities.CommonMethodsAndUtilities.getRandomValue(CommonMethodsAndUtilities.java:207)
at CommonMethodsAndUtilities.CommonMethodsAndUtilities.getRandomValue(CommonMethodsAndUtilities.java:207)
at CommonMethodsAndUtilities.CommonMethodsAndUtilities.getRandomValue(CommonMethodsAndUtilities.java:207)
at CommonMethodsAndUtilities.CommonMethodsAndUtilities.getRandomValue(CommonMethodsAndUtilities.java:207)
at CommonMethodsAndUtilities.CommonMethodsAndUtilities.getRandomValue(CommonMethodsAndUtilities.java:207)
at CommonMethodsAndUtilities.CommonMethodsAndUtilities.getRandomValue(CommonMethodsAndUtilities.java:207)
at CommonMethodsAndUtilities.CommonMethodsAndUtilities.getRandomValue(CommonMethodsAndUtilities.java:207)
at CommonMethodsAndUtilities.CommonMethodsAndUtilities.getRandomValue(CommonMethodsAndUtilities.java:207)
at CommonMethodsAndUtilities.CommonMethodsAndUtilities.getRandomValue(CommonMethodsAndUtilities.java:207)
at CommonMethodsAndUtilities.CommonMethodsAndUtilities.getRandomValue(CommonMethodsAndUtilities.java:207)
at CommonMethodsAndUtilities.CommonMethodsAndUtilities.getRandomValue(CommonMethodsAndUtilities.java:207)
at CommonMethodsAndUtilities.CommonMethodsAndUtilities.getRandomValue(CommonMethodsAndUtilities.java:207)
at CommonMethodsAndUtilities.CommonMethodsAndUtilities.getRandomValue(CommonMethodsAndUtilities.java:207)
at CommonMethodsAndUtilities.CommonMethodsAndUtilities.getRandomValue(CommonMethodsAndUtilities.java:207)
at CommonMethodsAndUtilities.CommonMethodsAndUtilities.getRandomValue(CommonMethodsAndUtilities.java:207)
at CommonMethodsAndUtilities.CommonMethodsAndUtilities.getRandomValue(CommonMethodsAndUtilities.java:207)
at CommonMethodsAndUtilities.CommonMethodsAndUtilities.getRandomValue(CommonMethodsAndUtilities.java:207)
at CommonMethodsAndUtilities.CommonMethodsAndUtilities.getRandomValue(CommonMethodsAndUtilities.java:207)
at CommonMethodsAndUtilities.CommonMethodsAndUtilities.getRandomValue(CommonMethodsAndUtilities.java:207)
at CommonMethodsAndUtilities.CommonMethodsAndUtilities.getRandomValue(CommonMethodsAndUtilities.java:207)
at CommonMethodsAndUtilities.CommonMethodsAndUtilities.getRandomValue(CommonMethodsAndUtilities.java:207)
at CommonMethodsAndUtilities.CommonMethodsAndUtilities.getRandomValue(CommonMethodsAndUtilities.java:207)
at CommonMethodsAndUtilities.CommonMethodsAndUtilities.getRandomValue(CommonMethodsAndUtilities.java:207)
at CommonMethodsAndUtilities.CommonMethodsAndUtilities.getRandomValue(CommonMethodsAndUtilities.java:207)
at CommonMethodsAndUtilities.CommonMethodsAndUtilities.getRandomValue(CommonMethodsAndUtilities.java:207)
at CommonMethodsAndUtilities.CommonMethodsAndUtilities.getRandomValue(CommonMethodsAndUtilities.java:207)
at CommonMethodsAndUtilities.CommonMethodsAndUtilities.getRandomValue(CommonMethodsAndUtilities.java:207)
at CommonMethodsAndUtilities.CommonMethodsAndUtilities.getRandomValue(CommonMethodsAndUtilities.java:207)
at CommonMethodsAndUtilities.CommonMethodsAndUtilities.getRandomValue(CommonMethodsAndUtilities.java:207)
at CommonMethodsAndUtilities.CommonMethodsAndUtilities.getRandomValue(CommonMethodsAndUtilities.java:207)
at CommonMethodsAndUtilities.CommonMethodsAndUtilities.getRandomValue(CommonMethodsAndUtilities.java:207)
at CommonMethodsAndUtilities.CommonMethodsAndUtilities.getRandomValue(CommonMethodsAndUtilities.java:207)
at CommonMethodsAndUtilities.CommonMethodsAndUtilities.getRandomValue(CommonMethodsAndUtilities.java:207)
at CommonMethodsAndUtilities.CommonMethodsAndUtilities.getRandomValue(CommonMethodsAndUtilities.java:207)
at CommonMethodsAndUtilities.CommonMethodsAndUtilities.getRandomValue(CommonMethodsAndUtilities.java:207)
at CommonMethodsAndUtilities.CommonMethodsAndUtilities.getRandomValue(CommonMethodsAndUtilities.java:207)
at CommonMethodsAndUtilities.CommonMethodsAndUtilities.getRandomValue(CommonMethodsAndUtilities.java:207)
at CommonMethodsAndUtilities.CommonMethodsAndUtilities.getRandomValue(CommonMethodsAndUtilities.java:207)
at CommonMethodsAndUtilities.CommonMethodsAndUtilities.getRandomValue(CommonMethodsAndUtilities.java:207)
at CommonMethodsAndUtilities.CommonMethodsAndUtilities.getRandomValue(CommonMethodsAndUtilities.java:207)
at CommonMethodsAndUtilities.CommonMethodsAndUtilities.getRandomValue(CommonMethodsAndUtilities.java:207)
at CommonMethodsAndUtilities.CommonMethodsAndUtilities.getRandomValue(CommonMethodsAndUtilities.java:207)
at CommonMethodsAndUtilities.CommonMethodsAndUtilities.getRandomValue(CommonMethodsAndUtilities.java:207)
at CommonMethodsAndUtilities.CommonMethodsAndUtilities.getRandomValue(CommonMethodsAndUtilities.java:207)
at CommonMethodsAndUtilities.CommonMethodsAndUtilities.getRandomValue(CommonMethodsAndUtilities.java:207)
at CommonMethodsAndUtilities.CommonMethodsAndUtilities.getRandomValue(CommonMethodsAndUtilities.java:207)
at CommonMethodsAndUtilities.CommonMethodsAndUtilities.getRandomValue(CommonMethodsAndUtilities.java:207)
at CommonMethodsAndUtilities.CommonMethodsAndUtilities.getRandomValue(CommonMethodsAndUtilities.java:207)
at CommonMethodsAndUtilities.CommonMethodsAndUtilities.getRandomValue(CommonMethodsAndUtilities.java:207)
at CommonMethodsAndUtilities.CommonMethodsAndUtilities.getRandomValue(CommonMethodsAndUtilities.java:207)
at CommonMethodsAndUtilities.CommonMethodsAndUtilities.getRandomValue(CommonMethodsAndUtilities.java:207)
at CommonMethodsAndUtilities.CommonMethodsAndUtilities.getRandomValue(CommonMethodsAndUtilities.java:207)
at CommonMethodsAndUtilities.CommonMethodsAndUtilities.getRandomValue(CommonMethodsAndUtilities.java:207)
at CommonMethodsAndUtilities.CommonMethodsAndUtilities.getRandomValue(CommonMethodsAndUtilities.java:207)
at CommonMethodsAndUtilities.CommonMethodsAndUtilities.getRandomValue(CommonMethodsAndUtilities.java:207)
at CommonMethodsAndUtilities.CommonMethodsAndUtilities.getRandomValue(CommonMethodsAndUtilities.java:207)
at CommonMethodsAndUtilities.CommonMethodsAndUtilities.getRandomValue(CommonMethodsAndUtilities.java:207)
at CommonMethodsAndUtilities.CommonMethodsAndUtilities.getRandomValue(CommonMethodsAndUtilities.java:207)
at CommonMethodsAndUtilities.CommonMethodsAndUtilities.getRandomValue(CommonMethodsAndUtilities.java:207)
at CommonMethodsAndUtilities.CommonMethodsAndUtilities.getRandomValue(CommonMethodsAndUtilities.java:207)
at CommonMethodsAndUtilities.CommonMethodsAndUtilities.getRandomValue(CommonMethodsAndUtilities.java:207)
at CommonMethodsAndUtilities.CommonMethodsAndUtilities.getRandomValue(CommonMethodsAndUtilities.java:207)
at CommonMethodsAndUtilities.CommonMethodsAndUtilities.getRandomValue(CommonMethodsAndUtilities.java:207)
at CommonMethodsAndUtilities.CommonMethodsAndUtilities.getRandomValue(CommonMethodsAndUtilities.java:207)
at CommonMethodsAndUtilities.CommonMethodsAndUtilities.getRandomValue(CommonMethodsAndUtilities.java:207)
at CommonMethodsAndUtilities.CommonMethodsAndUtilities.getRandomValue(CommonMethodsAndUtilities.java:207)
at CommonMethodsAndUtilities.CommonMethodsAndUtilities.getRandomValue(CommonMethodsAndUtilities.java:207)
at CommonMethodsAndUtilities.CommonMethodsAndUtilities.getRandomValue(CommonMethodsAndUtilities.java:207)
at CommonMethodsAndUtilities.CommonMethodsAndUtilities.getRandomValue(CommonMethodsAndUtilities.java:207)
at CommonMethodsAndUtilities.CommonMethodsAndUtilities.getRandomValue(CommonMethodsAndUtilities.java:207)
at CommonMethodsAndUtilities.CommonMethodsAndUtilities.getRandomValue(CommonMethodsAndUtilities.java:207)
at CommonMethodsAndUtilities.CommonMethodsAndUtilities.getRandomValue(CommonMethodsAndUtilities.java:207)
at CommonMethodsAndUtilities.CommonMethodsAndUtilities.getRandomValue(CommonMethodsAndUtilities.java:207)
at CommonMethodsAndUtilities.CommonMethodsAndUtilities.getRandomValue(CommonMethodsAndUtilities.java:207)
at CommonMethodsAndUtilities.CommonMethodsAndUtilities.getRandomValue(CommonMethodsAndUtilities.java:207)
at CommonMethodsAndUtilities.CommonMethodsAndUtilities.getRandomValue(CommonMethodsAndUtilities.java:207)
at CommonMethodsAndUtilities.CommonMethodsAndUtilities.getRandomValue(CommonMethodsAndUtilities.java:207)
at CommonMethodsAndUtilities.CommonMethodsAndUtilities.getRandomValue(CommonMethodsAndUtilities.java:207)
at CommonMethodsAndUtilities.CommonMethodsAndUtilities.getRandomValue(CommonMethodsAndUtilities.java:207)
at CommonMethodsAndUtilities.CommonMethodsAndUtilities.getRandomValue(CommonMethodsAndUtilities.java:207)
at CommonMethodsAndUtilities.CommonMethodsAndUtilities.getRandomValue(CommonMethodsAndUtilities.java:207)
at CommonMethodsAndUtilities.CommonMethodsAndUtilities.getRandomValue(CommonMethodsAndUtilities.java:207)
at CommonMethodsAndUtilities.CommonMethodsAndUtilities.getRandomValue(CommonMethodsAndUtilities.java:207)
at CommonMethodsAndUtilities.CommonMethodsAndUtilities.getRandomValue(CommonMethodsAndUtilities.java:207)
at CommonMethodsAndUtilities.CommonMethodsAndUtilities.getRandomValue(CommonMethodsAndUtilities.java:207)
at CommonMethodsAndUtilities.CommonMethodsAndUtilities.getRandomValue(CommonMethodsAndUtilities.java:207)
at CommonMethodsAndUtilities.CommonMethodsAndUtilities.getRandomValue(CommonMethodsAndUtilities.java:207)
at CommonMethodsAndUtilities.CommonMethodsAndUtilities.getRandomValue(CommonMethodsAndUtilities.java:207)
at CommonMethodsAndUtilities.CommonMethodsAndUtilities.getRandomValue(CommonMethodsAndUtilities.java:207)
at CommonMethodsAndUtilities.CommonMethodsAndUtilities.getRandomValue(CommonMethodsAndUtilities.java:207)
at CommonMethodsAndUtilities.CommonMethodsAndUtilities.getRandomValue(CommonMethodsAndUtilities.java:207)
at CommonMethodsAndUtilities.CommonMethodsAndUtilities.getRandomValue(CommonMethodsAndUtilities.java:207)
at CommonMethodsAndUtilities.CommonMethodsAndUtilities.getRandomValue(CommonMethodsAndUtilities.java:207)
at CommonMethodsAndUtilities.CommonMethodsAndUtilities.getRandomValue(CommonMethodsAndUtilities.java:207)
at CommonMethodsAndUtilities.CommonMethodsAndUtilities.getRandomValue(CommonMethodsAndUtilities.java:207)
at CommonMethodsAndUtilities.CommonMethodsAndUtilities.getRandomValue(CommonMethodsAndUtilities.java:207)
at CommonMethodsAndUtilities.CommonMethodsAndUtilities.getRandomValue(CommonMethodsAndUtilities.java:207)
at CommonMethodsAndUtilities.CommonMethodsAndUtilities.getRandomValue(CommonMethodsAndUtilities.java:207)
at CommonMethodsAndUtilities.CommonMethodsAndUtilities.getRandomValue(CommonMethodsAndUtilities.java:207)
at CommonMethodsAndUtilities.CommonMethodsAndUtilities.getRandomValue(CommonMethodsAndUtilities.java:207)
at CommonMethodsAndUtilities.CommonMethodsAndUtilities.getRandomValue(CommonMethodsAndUtilities.java:207)
at CommonMethodsAndUtilities.CommonMethodsAndUtilities.getRandomValue(CommonMethodsAndUtilities.java:207)
at CommonMethodsAndUtilities.CommonMethodsAndUtilities.getRandomValue(CommonMethodsAndUtilities.java:207)
at CommonMethodsAndUtilities.CommonMethodsAndUtilities.getRandomValue(CommonMethodsAndUtilities.java:207)
at CommonMethodsAndUtilities.CommonMethodsAndUtilities.getRandomValue(CommonMethodsAndUtilities.java:207)
at CommonMethodsAndUtilities.CommonMethodsAndUtilities.getRandomValue(CommonMethodsAndUtilities.java:207)
at CommonMethodsAndUtilities.CommonMethodsAndUtilities.getRandomValue(CommonMethodsAndUtilities.java:207)
at CommonMethodsAndUtilities.CommonMethodsAndUtilities.getRandomValue(CommonMethodsAndUtilities.java:207)
at CommonMethodsAndUtilities.CommonMethodsAndUtilities.getRandomValue(CommonMethodsAndUtilities.java:207)
at CommonMethodsAndUtilities.CommonMethodsAndUtilities.getRandomValue(CommonMethodsAndUtilities.java:207)
at CommonMethodsAndUtilities.CommonMethodsAndUtilities.getRandomValue(CommonMethodsAndUtilities.java:207)
at CommonMethodsAndUtilities.CommonMethodsAndUtilities.getRandomValue(CommonMethodsAndUtilities.java:207)
at CommonMethodsAndUtilities.CommonMethodsAndUtilities.getRandomValue(CommonMethodsAndUtilities.java:207)
at CommonMethodsAndUtilities.CommonMethodsAndUtilities.getRandomValue(CommonMethodsAndUtilities.java:207)
at CommonMethodsAndUtilities.CommonMethodsAndUtilities.getRandomValue(CommonMethodsAndUtilities.java:207)
at CommonMethodsAndUtilities.CommonMethodsAndUtilities.getRandomValue(CommonMethodsAndUtilities.java:207)
at CommonMethodsAndUtilities.CommonMethodsAndUtilities.getRandomValue(CommonMethodsAndUtilities.java:207)
at CommonMethodsAndUtilities.CommonMethodsAndUtilities.getRandomValue(CommonMethodsAndUtilities.java:207)
at CommonMethodsAndUtilities.CommonMethodsAndUtilities.getRandomValue(CommonMethodsAndUtilities.java:207)
at CommonMethodsAndUtilities.CommonMethodsAndUtilities.getRandomValue(CommonMethodsAndUtilities.java:207)
at CommonMethodsAndUtilities.CommonMethodsAndUtilities.getRandomValue(CommonMethodsAndUtilities.java:207)
at CommonMethodsAndUtilities.CommonMethodsAndUtilities.getRandomValue(CommonMethodsAndUtilities.java:207)
at CommonMethodsAndUtilities.CommonMethodsAndUtilities.getRandomValue(CommonMethodsAndUtilities.java:207)
at CommonMethodsAndUtilities.CommonMethodsAndUtilities.getRandomValue(CommonMethodsAndUtilities.java:207)
at CommonMethodsAndUtilities.CommonMethodsAndUtilities.getRandomValue(CommonMethodsAndUtilities.java:207)
at CommonMethodsAndUtilities.CommonMethodsAndUtilities.getRandomValue(CommonMethodsAndUtilities.java:207)
at CommonMethodsAndUtilities.CommonMethodsAndUtilities.getRandomValue(CommonMethodsAndUtilities.java:207)
at CommonMethodsAndUtilities.CommonMethodsAndUtilities.getRandomValue(CommonMethodsAndUtilities.java:207)
at CommonMethodsAndUtilities.CommonMethodsAndUtilities.getRandomValue(CommonMethodsAndUtilities.java:207)
at CommonMethodsAndUtilities.CommonMethodsAndUtilities.getRandomValue(CommonMethodsAndUtilities.java:207)
at CommonMethodsAndUtilities.CommonMethodsAndUtilities.getRandomValue(CommonMethodsAndUtilities.java:207)
at CommonMethodsAndUtilities.CommonMethodsAndUtilities.getRandomValue(CommonMethodsAndUtilities.java:207)
at CommonMethodsAndUtilities.CommonMethodsAndUtilities.getRandomValue(CommonMethodsAndUtilities.java:207)
at CommonMethodsAndUtilities.CommonMethodsAndUtilities.getRandomValue(CommonMethodsAndUtilities.java:207)
at CommonMethodsAndUtilities.CommonMethodsAndUtilities.getRandomValue(CommonMethodsAndUtilities.java:207)
at CommonMethodsAndUtilities.CommonMethodsAndUtilities.getRandomValue(CommonMethodsAndUtilities.java:207)
at CommonMethodsAndUtilities.CommonMethodsAndUtilities.getRandomValue(CommonMethodsAndUtilities.java:207)
at CommonMethodsAndUtilities.CommonMethodsAndUtilities.getRandomValue(CommonMethodsAndUtilities.java:207)
at CommonMethodsAndUtilities.CommonMethodsAndUtilities.getRandomValue(CommonMethodsAndUtilities.java:207)
at CommonMethodsAndUtilities.CommonMethodsAndUtilities.getRandomValue(CommonMethodsAndUtilities.java:207)
at CommonMethodsAndUtilities.CommonMethodsAndUtilities.getRandomValue(CommonMethodsAndUtilities.java:207)
at CommonMethodsAndUtilities.CommonMethodsAndUtilities.getRandomValue(CommonMethodsAndUtilities.java:207)
at CommonMethodsAndUtilities.CommonMethodsAndUtilities.getRandomValue(CommonMethodsAndUtilities.java:207)
at CommonMethodsAndUtilities.CommonMethodsAndUtilities.getRandomValue(CommonMethodsAndUtilities.java:207)
at CommonMethodsAndUtilities.CommonMethodsAndUtilities.getRandomValue(CommonMethodsAndUtilities.java:207)
at CommonMethodsAndUtilities.CommonMethodsAndUtilities.getRandomValue(CommonMethodsAndUtilities.java:207)
at CommonMethodsAndUtilities.CommonMethodsAndUtilities.getRandomValue(CommonMethodsAndUtilities.java:207)
at CommonMethodsAndUtilities.CommonMethodsAndUtilities.getRandomValue(CommonMethodsAndUtilities.java:207)
at CommonMethodsAndUtilities.CommonMethodsAndUtilities.getRandomValue(CommonMethodsAndUtilities.java:207)
at CommonMethodsAndUtilities.CommonMethodsAndUtilities.getRandomValue(CommonMethodsAndUtilities.java:207)
at CommonMethodsAndUtilities.CommonMethodsAndUtilities.getRandomValue(CommonMethodsAndUtilities.java:207)
at CommonMethodsAndUtilities.CommonMethodsAndUtilities.getRandomValue(CommonMethodsAndUtilities.java:207)
at CommonMethodsAndUtilities.CommonMethodsAndUtilities.getRandomValue(CommonMethodsAndUtilities.java:207)
at CommonMethodsAndUtilities.CommonMethodsAndUtilities.getRandomValue(CommonMethodsAndUtilities.java:207)
at CommonMethodsAndUtilities.CommonMethodsAndUtilities.getRandomValue(CommonMethodsAndUtilities.java:207)
at CommonMethodsAndUtilities.CommonMethodsAndUtilities.getRandomValue(CommonMethodsAndUtilities.java:207)
at CommonMethodsAndUtilities.CommonMethodsAndUtilities.getRandomValue(CommonMethodsAndUtilities.java:207)
at CommonMethodsAndUtilities.CommonMethodsAndUtilities.getRandomValue(CommonMethodsAndUtilities.java:207)
at CommonMethodsAndUtilities.CommonMethodsAndUtilities.getRandomValue(CommonMethodsAndUtilities.java:207)
at CommonMethodsAndUtilities.CommonMethodsAndUtilities.getRandomValue(CommonMethodsAndUtilities.java:207)
at CommonMethodsAndUtilities.CommonMethodsAndUtilities.getRandomValue(CommonMethodsAndUtilities.java:207)
at CommonMethodsAndUtilities.CommonMethodsAndUtilities.getRandomValue(CommonMethodsAndUtilities.java:207)
at CommonMethodsAndUtilities.CommonMethodsAndUtilities.getRandomValue(CommonMethodsAndUtilities.java:207)
at CommonMethodsAndUtilities.CommonMethodsAndUtilities.getRandomValue(CommonMethodsAndUtilities.java:207)
at CommonMethodsAndUtilities.CommonMethodsAndUtilities.getRandomValue(CommonMethodsAndUtilities.java:207)
at CommonMethodsAndUtilities.CommonMethodsAndUtilities.getRandomValue(CommonMethodsAndUtilities.java:207)
at CommonMethodsAndUtilities.CommonMethodsAndUtilities.getRandomValue(CommonMethodsAndUtilities.java:207)
at CommonMethodsAndUtilities.CommonMethodsAndUtilities.getRandomValue(CommonMethodsAndUtilities.java:207)
at CommonMethodsAndUtilities.CommonMethodsAndUtilities.getRandomValue(CommonMethodsAndUtilities.java:207)
at CommonMethodsAndUtilities.CommonMethodsAndUtilities.getRandomValue(CommonMethodsAndUtilities.java:207)
at CommonMethodsAndUtilities.CommonMethodsAndUtilities.getRandomValue(CommonMethodsAndUtilities.java:207)
at CommonMethodsAndUtilities.CommonMethodsAndUtilities.getRandomValue(CommonMethodsAndUtilities.java:207)
at CommonMethodsAndUtilities.CommonMethodsAndUtilities.getRandomValue(CommonMethodsAndUtilities.java:207)
at CommonMethodsAndUtilities.CommonMethodsAndUtilities.getRandomValue(CommonMethodsAndUtilities.java:207)
at CommonMethodsAndUtilities.CommonMethodsAndUtilities.getRandomValue(CommonMethodsAndUtilities.java:207)
at CommonMethodsAndUtilities.CommonMethodsAndUtilities.getRandomValue(CommonMethodsAndUtilities.java:207)
at CommonMethodsAndUtilities.CommonMethodsAndUtilities.getRandomValue(CommonMethodsAndUtilities.java:207)
at CommonMethodsAndUtilities.CommonMethodsAndUtilities.getRandomValue(CommonMethodsAndUtilities.java:207)
at CommonMethodsAndUtilities.CommonMethodsAndUtilities.getRandomValue(CommonMethodsAndUtilities.java:207)
at CommonMethodsAndUtilities.CommonMethodsAndUtilities.getRandomValue(CommonMethodsAndUtilities.java:207)
at CommonMethodsAndUtilities.CommonMethodsAndUtilities.getRandomValue(CommonMethodsAndUtilities.java:207)
at CommonMethodsAndUtilities.CommonMethodsAndUtilities.getRandomValue(CommonMethodsAndUtilities.java:207)
at CommonMethodsAndUtilities.CommonMethodsAndUtilities.getRandomValue(CommonMethodsAndUtilities.java:207)
at CommonMethodsAndUtilities.CommonMethodsAndUtilities.getRandomValue(CommonMethodsAndUtilities.java:207)
at CommonMethodsAndUtilities.CommonMethodsAndUtilities.getRandomValue(CommonMethodsAndUtilities.java:207)
at CommonMethodsAndUtilities.CommonMethodsAndUtilities.getRandomValue(CommonMethodsAndUtilities.java:207)
at CommonMethodsAndUtilities.CommonMethodsAndUtilities.getRandomValue(CommonMethodsAndUtilities.java:207)
at CommonMethodsAndUtilities.CommonMethodsAndUtilities.getRandomValue(CommonMethodsAndUtilities.java:207)
at CommonMethodsAndUtilities.CommonMethodsAndUtilities.getRandomValue(CommonMethodsAndUtilities.java:207)
at CommonMethodsAndUtilities.CommonMethodsAndUtilities.getRandomValue(CommonMethodsAndUtilities.java:207)
at CommonMethodsAndUtilities.CommonMethodsAndUtilities.getRandomValue(CommonMethodsAndUtilities.java:207)
at CommonMethodsAndUtilities.CommonMethodsAndUtilities.getRandomValue(CommonMethodsAndUtilities.java:207)
at CommonMethodsAndUtilities.CommonMethodsAndUtilities.getRandomValue(CommonMethodsAndUtilities.java:207)
at CommonMethodsAndUtilities.CommonMethodsAndUtilities.getRandomValue(CommonMethodsAndUtilities.java:207)
at CommonMethodsAndUtilities.CommonMethodsAndUtilities.getRandomValue(CommonMethodsAndUtilities.java:207)
at CommonMethodsAndUtilities.CommonMethodsAndUtilities.getRandomValue(CommonMethodsAndUtilities.java:207)
at CommonMethodsAndUtilities.CommonMethodsAndUtilities.getRandomValue(CommonMethodsAndUtilities.java:207)
at CommonMethodsAndUtilities.CommonMethodsAndUtilities.getRandomValue(CommonMethodsAndUtilities.java:207)
at CommonMethodsAndUtilities.CommonMethodsAndUtilities.getRandomValue(CommonMethodsAndUtilities.java:207)
at CommonMethodsAndUtilities.CommonMethodsAndUtilities.getRandomValue(CommonMethodsAndUtilities.java:207)
at CommonMethodsAndUtilities.CommonMethodsAndUtilities.getRandomValue(CommonMethodsAndUtilities.java:207)
at CommonMethodsAndUtilities.CommonMethodsAndUtilities.getRandomValue(CommonMethodsAndUtilities.java:207)
at CommonMethodsAndUtilities.CommonMethodsAndUtilities.getRandomValue(CommonMethodsAndUtilities.java:207)
at CommonMethodsAndUtilities.CommonMethodsAndUtilities.getRandomValue(CommonMethodsAndUtilities.java:207)
at CommonMethodsAndUtilities.CommonMethodsAndUtilities.getRandomValue(CommonMethodsAndUtilities.java:207)
at CommonMethodsAndUtilities.CommonMethodsAndUtilities.getRandomValue(CommonMethodsAndUtilities.java:207)
at CommonMethodsAndUtilities.CommonMethodsAndUtilities.getRandomValue(CommonMethodsAndUtilities.java:207)
at CommonMethodsAndUtilities.CommonMethodsAndUtilities.getRandomValue(CommonMethodsAndUtilities.java:207)
at CommonMethodsAndUtilities.CommonMethodsAndUtilities.getRandomValue(CommonMethodsAndUtilities.java:207)
at CommonMethodsAndUtilities.CommonMethodsAndUtilities.getRandomValue(CommonMethodsAndUtilities.java:207)
at CommonMethodsAndUtilities.CommonMethodsAndUtilities.getRandomValue(CommonMethodsAndUtilities.java:207)
]]>
    </error>
    <system-out>
      <![CDATA[The details are logged in a file
The first product name is: Sauce Labs Backpack
The first product price is: $29.99]]>
    </system-out>
  </testcase> <!-- assertPerformanceUser -->
  <testcase classname="ApplicationTests.E2ETests" name="assertErrorUser" time="0.721">
    <system-out>
      <![CDATA[The details are logged in a file
The first product name is: Sauce Labs Backpack
The first product price is: $29.99]]>
    </system-out>
  </testcase> <!-- assertErrorUser -->
  <testcase classname="ApplicationTests.E2ETests" name="assertProblemUser" time="2.430">
    <system-out>
      <![CDATA[The details are logged in a file
The first product name is: Sauce Labs Backpack
The first product price is: $29.99
The details are logged in a file
The first product name is: Sauce Labs Backpack
The first product price is: $29.99
The details are logged in a file
The first product name is: Sauce Labs Backpack
The first product price is: $29.99
The sort functionality is not working. There is a problem with the user credentialsnull]]>
    </system-out>
  </testcase> <!-- assertProblemUser -->
  <testcase classname="ApplicationTests.E2ETests" name="assertPerformanceUser" time="5.529">
    <error type="java.lang.StackOverflowError">
      <![CDATA[java.lang.StackOverflowError
at CommonMethodsAndUtilities.CommonMethodsAndUtilities.getRandomValue(CommonMethodsAndUtilities.java:207)
at CommonMethodsAndUtilities.CommonMethodsAndUtilities.getRandomValue(CommonMethodsAndUtilities.java:207)
at CommonMethodsAndUtilities.CommonMethodsAndUtilities.getRandomValue(CommonMethodsAndUtilities.java:207)
at CommonMethodsAndUtilities.CommonMethodsAndUtilities.getRandomValue(CommonMethodsAndUtilities.java:207)
at CommonMethodsAndUtilities.CommonMethodsAndUtilities.getRandomValue(CommonMethodsAndUtilities.java:207)
at CommonMethodsAndUtilities.CommonMethodsAndUtilities.getRandomValue(CommonMethodsAndUtilities.java:207)
at CommonMethodsAndUtilities.CommonMethodsAndUtilities.getRandomValue(CommonMethodsAndUtilities.java:207)
at CommonMethodsAndUtilities.CommonMethodsAndUtilities.getRandomValue(CommonMethodsAndUtilities.java:207)
at CommonMethodsAndUtilities.CommonMethodsAndUtilities.getRandomValue(CommonMethodsAndUtilities.java:207)
at CommonMethodsAndUtilities.CommonMethodsAndUtilities.getRandomValue(CommonMethodsAndUtilities.java:207)
at CommonMethodsAndUtilities.CommonMethodsAndUtilities.getRandomValue(CommonMethodsAndUtilities.java:207)
at CommonMethodsAndUtilities.CommonMethodsAndUtilities.getRandomValue(CommonMethodsAndUtilities.java:207)
at CommonMethodsAndUtilities.CommonMethodsAndUtilities.getRandomValue(CommonMethodsAndUtilities.java:207)
at CommonMethodsAndUtilities.CommonMethodsAndUtilities.getRandomValue(CommonMethodsAndUtilities.java:207)
at CommonMethodsAndUtilities.CommonMethodsAndUtilities.getRandomValue(CommonMethodsAndUtilities.java:207)
at CommonMethodsAndUtilities.CommonMethodsAndUtilities.getRandomValue(CommonMethodsAndUtilities.java:207)
at CommonMethodsAndUtilities.CommonMethodsAndUtilities.getRandomValue(CommonMethodsAndUtilities.java:207)
at CommonMethodsAndUtilities.CommonMethodsAndUtilities.getRandomValue(CommonMethodsAndUtilities.java:207)
at CommonMethodsAndUtilities.CommonMethodsAndUtilities.getRandomValue(CommonMethodsAndUtilities.java:207)
at CommonMethodsAndUtilities.CommonMethodsAndUtilities.getRandomValue(CommonMethodsAndUtilities.java:207)
at CommonMethodsAndUtilities.CommonMethodsAndUtilities.getRandomValue(CommonMethodsAndUtilities.java:207)
at CommonMethodsAndUtilities.CommonMethodsAndUtilities.getRandomValue(CommonMethodsAndUtilities.java:207)
at CommonMethodsAndUtilities.CommonMethodsAndUtilities.getRandomValue(CommonMethodsAndUtilities.java:207)
at CommonMethodsAndUtilities.CommonMethodsAndUtilities.getRandomValue(CommonMethodsAndUtilities.java:207)
at CommonMethodsAndUtilities.CommonMethodsAndUtilities.getRandomValue(CommonMethodsAndUtilities.java:207)
at CommonMethodsAndUtilities.CommonMethodsAndUtilities.getRandomValue(CommonMethodsAndUtilities.java:207)
at CommonMethodsAndUtilities.CommonMethodsAndUtilities.getRandomValue(CommonMethodsAndUtilities.java:207)
at CommonMethodsAndUtilities.CommonMethodsAndUtilities.getRandomValue(CommonMethodsAndUtilities.java:207)
at CommonMethodsAndUtilities.CommonMethodsAndUtilities.getRandomValue(CommonMethodsAndUtilities.java:207)
at CommonMethodsAndUtilities.CommonMethodsAndUtilities.getRandomValue(CommonMethodsAndUtilities.java:207)
at CommonMethodsAndUtilities.CommonMethodsAndUtilities.getRandomValue(CommonMethodsAndUtilities.java:207)
at CommonMethodsAndUtilities.CommonMethodsAndUtilities.getRandomValue(CommonMethodsAndUtilities.java:207)
at CommonMethodsAndUtilities.CommonMethodsAndUtilities.getRandomValue(CommonMethodsAndUtilities.java:207)
at CommonMethodsAndUtilities.CommonMethodsAndUtilities.getRandomValue(CommonMethodsAndUtilities.java:207)
at CommonMethodsAndUtilities.CommonMethodsAndUtilities.getRandomValue(CommonMethodsAndUtilities.java:207)
at CommonMethodsAndUtilities.CommonMethodsAndUtilities.getRandomValue(CommonMethodsAndUtilities.java:207)
at CommonMethodsAndUtilities.CommonMethodsAndUtilities.getRandomValue(CommonMethodsAndUtilities.java:207)
at CommonMethodsAndUtilities.CommonMethodsAndUtilities.getRandomValue(CommonMethodsAndUtilities.java:207)
at CommonMethodsAndUtilities.CommonMethodsAndUtilities.getRandomValue(CommonMethodsAndUtilities.java:207)
at CommonMethodsAndUtilities.CommonMethodsAndUtilities.getRandomValue(CommonMethodsAndUtilities.java:207)
at CommonMethodsAndUtilities.CommonMethodsAndUtilities.getRandomValue(CommonMethodsAndUtilities.java:207)
at CommonMethodsAndUtilities.CommonMethodsAndUtilities.getRandomValue(CommonMethodsAndUtilities.java:207)
at CommonMethodsAndUtilities.CommonMethodsAndUtilities.getRandomValue(CommonMethodsAndUtilities.java:207)
at CommonMethodsAndUtilities.CommonMethodsAndUtilities.getRandomValue(CommonMethodsAndUtilities.java:207)
at CommonMethodsAndUtilities.CommonMethodsAndUtilities.getRandomValue(CommonMethodsAndUtilities.java:207)
at CommonMethodsAndUtilities.CommonMethodsAndUtilities.getRandomValue(CommonMethodsAndUtilities.java:207)
at CommonMethodsAndUtilities.CommonMethodsAndUtilities.getRandomValue(CommonMethodsAndUtilities.java:207)
at CommonMethodsAndUtilities.CommonMethodsAndUtilities.getRandomValue(CommonMethodsAndUtilities.java:207)
at CommonMethodsAndUtilities.CommonMethodsAndUtilities.getRandomValue(CommonMethodsAndUtilities.java:207)
at CommonMethodsAndUtilities.CommonMethodsAndUtilities.getRandomValue(CommonMethodsAndUtilities.java:207)
at CommonMethodsAndUtilities.CommonMethodsAndUtilities.getRandomValue(CommonMethodsAndUtilities.java:207)
at CommonMethodsAndUtilities.CommonMethodsAndUtilities.getRandomValue(CommonMethodsAndUtilities.java:207)
at CommonMethodsAndUtilities.CommonMethodsAndUtilities.getRandomValue(CommonMethodsAndUtilities.java:207)
at CommonMethodsAndUtilities.CommonMethodsAndUtilities.getRandomValue(CommonMethodsAndUtilities.java:207)
at CommonMethodsAndUtilities.CommonMethodsAndUtilities.getRandomValue(CommonMethodsAndUtilities.java:207)
at CommonMethodsAndUtilities.CommonMethodsAndUtilities.getRandomValue(CommonMethodsAndUtilities.java:207)
at CommonMethodsAndUtilities.CommonMethodsAndUtilities.getRandomValue(CommonMethodsAndUtilities.java:207)
at CommonMethodsAndUtilities.CommonMethodsAndUtilities.getRandomValue(CommonMethodsAndUtilities.java:207)
at CommonMethodsAndUtilities.CommonMethodsAndUtilities.getRandomValue(CommonMethodsAndUtilities.java:207)
at CommonMethodsAndUtilities.CommonMethodsAndUtilities.getRandomValue(CommonMethodsAndUtilities.java:207)
at CommonMethodsAndUtilities.CommonMethodsAndUtilities.getRandomValue(CommonMethodsAndUtilities.java:207)
at CommonMethodsAndUtilities.CommonMethodsAndUtilities.getRandomValue(CommonMethodsAndUtilities.java:207)
at CommonMethodsAndUtilities.CommonMethodsAndUtilities.getRandomValue(CommonMethodsAndUtilities.java:207)
at CommonMethodsAndUtilities.CommonMethodsAndUtilities.getRandomValue(CommonMethodsAndUtilities.java:207)
at CommonMethodsAndUtilities.CommonMethodsAndUtilities.getRandomValue(CommonMethodsAndUtilities.java:207)
at CommonMethodsAndUtilities.CommonMethodsAndUtilities.getRandomValue(CommonMethodsAndUtilities.java:207)
at CommonMethodsAndUtilities.CommonMethodsAndUtilities.getRandomValue(CommonMethodsAndUtilities.java:207)
at CommonMethodsAndUtilities.CommonMethodsAndUtilities.getRandomValue(CommonMethodsAndUtilities.java:207)
at CommonMethodsAndUtilities.CommonMethodsAndUtilities.getRandomValue(CommonMethodsAndUtilities.java:207)
at CommonMethodsAndUtilities.CommonMethodsAndUtilities.getRandomValue(CommonMethodsAndUtilities.java:207)
at CommonMethodsAndUtilities.CommonMethodsAndUtilities.getRandomValue(CommonMethodsAndUtilities.java:207)
at CommonMethodsAndUtilities.CommonMethodsAndUtilities.getRandomValue(CommonMethodsAndUtilities.java:207)
at CommonMethodsAndUtilities.CommonMethodsAndUtilities.getRandomValue(CommonMethodsAndUtilities.java:207)
at CommonMethodsAndUtilities.CommonMethodsAndUtilities.getRandomValue(CommonMethodsAndUtilities.java:207)
at CommonMethodsAndUtilities.CommonMethodsAndUtilities.getRandomValue(CommonMethodsAndUtilities.java:207)
at CommonMethodsAndUtilities.CommonMethodsAndUtilities.getRandomValue(CommonMethodsAndUtilities.java:207)
at CommonMethodsAndUtilities.CommonMethodsAndUtilities.getRandomValue(CommonMethodsAndUtilities.java:207)
at CommonMethodsAndUtilities.CommonMethodsAndUtilities.getRandomValue(CommonMethodsAndUtilities.java:207)
at CommonMethodsAndUtilities.CommonMethodsAndUtilities.getRandomValue(CommonMethodsAndUtilities.java:207)
at CommonMethodsAndUtilities.CommonMethodsAndUtilities.getRandomValue(CommonMethodsAndUtilities.java:207)
at CommonMethodsAndUtilities.CommonMethodsAndUtilities.getRandomValue(CommonMethodsAndUtilities.java:207)
at CommonMethodsAndUtilities.CommonMethodsAndUtilities.getRandomValue(CommonMethodsAndUtilities.java:207)
at CommonMethodsAndUtilities.CommonMethodsAndUtilities.getRandomValue(CommonMethodsAndUtilities.java:207)
at CommonMethodsAndUtilities.CommonMethodsAndUtilities.getRandomValue(CommonMethodsAndUtilities.java:207)
at CommonMethodsAndUtilities.CommonMethodsAndUtilities.getRandomValue(CommonMethodsAndUtilities.java:207)
at CommonMethodsAndUtilities.CommonMethodsAndUtilities.getRandomValue(CommonMethodsAndUtilities.java:207)
at CommonMethodsAndUtilities.CommonMethodsAndUtilities.getRandomValue(CommonMethodsAndUtilities.java:207)
at CommonMethodsAndUtilities.CommonMethodsAndUtilities.getRandomValue(CommonMethodsAndUtilities.java:207)
at CommonMethodsAndUtilities.CommonMethodsAndUtilities.getRandomValue(CommonMethodsAndUtilities.java:207)
at CommonMethodsAndUtilities.CommonMethodsAndUtilities.getRandomValue(CommonMethodsAndUtilities.java:207)
at CommonMethodsAndUtilities.CommonMethodsAndUtilities.getRandomValue(CommonMethodsAndUtilities.java:207)
at CommonMethodsAndUtilities.CommonMethodsAndUtilities.getRandomValue(CommonMethodsAndUtilities.java:207)
at CommonMethodsAndUtilities.CommonMethodsAndUtilities.getRandomValue(CommonMethodsAndUtilities.java:207)
at CommonMethodsAndUtilities.CommonMethodsAndUtilities.getRandomValue(CommonMethodsAndUtilities.java:207)
at CommonMethodsAndUtilities.CommonMethodsAndUtilities.getRandomValue(CommonMethodsAndUtilities.java:207)
at CommonMethodsAndUtilities.CommonMethodsAndUtilities.getRandomValue(CommonMethodsAndUtilities.java:207)
at CommonMethodsAndUtilities.CommonMethodsAndUtilities.getRandomValue(CommonMethodsAndUtilities.java:207)
at CommonMethodsAndUtilities.CommonMethodsAndUtilities.getRandomValue(CommonMethodsAndUtilities.java:207)
at CommonMethodsAndUtilities.CommonMethodsAndUtilities.getRandomValue(CommonMethodsAndUtilities.java:207)
at CommonMethodsAndUtilities.CommonMethodsAndUtilities.getRandomValue(CommonMethodsAndUtilities.java:207)
at CommonMethodsAndUtilities.CommonMethodsAndUtilities.getRandomValue(CommonMethodsAndUtilities.java:207)
at CommonMethodsAndUtilities.CommonMethodsAndUtilities.getRandomValue(CommonMethodsAndUtilities.java:207)
at CommonMethodsAndUtilities.CommonMethodsAndUtilities.getRandomValue(CommonMethodsAndUtilities.java:207)
at CommonMethodsAndUtilities.CommonMethodsAndUtilities.getRandomValue(CommonMethodsAndUtilities.java:207)
at CommonMethodsAndUtilities.CommonMethodsAndUtilities.getRandomValue(CommonMethodsAndUtilities.java:207)
at CommonMethodsAndUtilities.CommonMethodsAndUtilities.getRandomValue(CommonMethodsAndUtilities.java:207)
at CommonMethodsAndUtilities.CommonMethodsAndUtilities.getRandomValue(CommonMethodsAndUtilities.java:207)
at CommonMethodsAndUtilities.CommonMethodsAndUtilities.getRandomValue(CommonMethodsAndUtilities.java:207)
at CommonMethodsAndUtilities.CommonMethodsAndUtilities.getRandomValue(CommonMethodsAndUtilities.java:207)
at CommonMethodsAndUtilities.CommonMethodsAndUtilities.getRandomValue(CommonMethodsAndUtilities.java:207)
at CommonMethodsAndUtilities.CommonMethodsAndUtilities.getRandomValue(CommonMethodsAndUtilities.java:207)
at CommonMethodsAndUtilities.CommonMethodsAndUtilities.getRandomValue(CommonMethodsAndUtilities.java:207)
at CommonMethodsAndUtilities.CommonMethodsAndUtilities.getRandomValue(CommonMethodsAndUtilities.java:207)
at CommonMethodsAndUtilities.CommonMethodsAndUtilities.getRandomValue(CommonMethodsAndUtilities.java:207)
at CommonMethodsAndUtilities.CommonMethodsAndUtilities.getRandomValue(CommonMethodsAndUtilities.java:207)
at CommonMethodsAndUtilities.CommonMethodsAndUtilities.getRandomValue(CommonMethodsAndUtilities.java:207)
at CommonMethodsAndUtilities.CommonMethodsAndUtilities.getRandomValue(CommonMethodsAndUtilities.java:207)
at CommonMethodsAndUtilities.CommonMethodsAndUtilities.getRandomValue(CommonMethodsAndUtilities.java:207)
at CommonMethodsAndUtilities.CommonMethodsAndUtilities.getRandomValue(CommonMethodsAndUtilities.java:207)
at CommonMethodsAndUtilities.CommonMethodsAndUtilities.getRandomValue(CommonMethodsAndUtilities.java:207)
at CommonMethodsAndUtilities.CommonMethodsAndUtilities.getRandomValue(CommonMethodsAndUtilities.java:207)
at CommonMethodsAndUtilities.CommonMethodsAndUtilities.getRandomValue(CommonMethodsAndUtilities.java:207)
at CommonMethodsAndUtilities.CommonMethodsAndUtilities.getRandomValue(CommonMethodsAndUtilities.java:207)
at CommonMethodsAndUtilities.CommonMethodsAndUtilities.getRandomValue(CommonMethodsAndUtilities.java:207)
at CommonMethodsAndUtilities.CommonMethodsAndUtilities.getRandomValue(CommonMethodsAndUtilities.java:207)
at CommonMethodsAndUtilities.CommonMethodsAndUtilities.getRandomValue(CommonMethodsAndUtilities.java:207)
at CommonMethodsAndUtilities.CommonMethodsAndUtilities.getRandomValue(CommonMethodsAndUtilities.java:207)
at CommonMethodsAndUtilities.CommonMethodsAndUtilities.getRandomValue(CommonMethodsAndUtilities.java:207)
at CommonMethodsAndUtilities.CommonMethodsAndUtilities.getRandomValue(CommonMethodsAndUtilities.java:207)
at CommonMethodsAndUtilities.CommonMethodsAndUtilities.getRandomValue(CommonMethodsAndUtilities.java:207)
at CommonMethodsAndUtilities.CommonMethodsAndUtilities.getRandomValue(CommonMethodsAndUtilities.java:207)
at CommonMethodsAndUtilities.CommonMethodsAndUtilities.getRandomValue(CommonMethodsAndUtilities.java:207)
at CommonMethodsAndUtilities.CommonMethodsAndUtilities.getRandomValue(CommonMethodsAndUtilities.java:207)
at CommonMethodsAndUtilities.CommonMethodsAndUtilities.getRandomValue(CommonMethodsAndUtilities.java:207)
at CommonMethodsAndUtilities.CommonMethodsAndUtilities.getRandomValue(CommonMethodsAndUtilities.java:207)
at CommonMethodsAndUtilities.CommonMethodsAndUtilities.getRandomValue(CommonMethodsAndUtilities.java:207)
at CommonMethodsAndUtilities.CommonMethodsAndUtilities.getRandomValue(CommonMethodsAndUtilities.java:207)
at CommonMethodsAndUtilities.CommonMethodsAndUtilities.getRandomValue(CommonMethodsAndUtilities.java:207)
at CommonMethodsAndUtilities.CommonMethodsAndUtilities.getRandomValue(CommonMethodsAndUtilities.java:207)
at CommonMethodsAndUtilities.CommonMethodsAndUtilities.getRandomValue(CommonMethodsAndUtilities.java:207)
at CommonMethodsAndUtilities.CommonMethodsAndUtilities.getRandomValue(CommonMethodsAndUtilities.java:207)
at CommonMethodsAndUtilities.CommonMethodsAndUtilities.getRandomValue(CommonMethodsAndUtilities.java:207)
at CommonMethodsAndUtilities.CommonMethodsAndUtilities.getRandomValue(CommonMethodsAndUtilities.java:207)
at CommonMethodsAndUtilities.CommonMethodsAndUtilities.getRandomValue(CommonMethodsAndUtilities.java:207)
at CommonMethodsAndUtilities.CommonMethodsAndUtilities.getRandomValue(CommonMethodsAndUtilities.java:207)
at CommonMethodsAndUtilities.CommonMethodsAndUtilities.getRandomValue(CommonMethodsAndUtilities.java:207)
at CommonMethodsAndUtilities.CommonMethodsAndUtilities.getRandomValue(CommonMethodsAndUtilities.java:207)
at CommonMethodsAndUtilities.CommonMethodsAndUtilities.getRandomValue(CommonMethodsAndUtilities.java:207)
at CommonMethodsAndUtilities.CommonMethodsAndUtilities.getRandomValue(CommonMethodsAndUtilities.java:207)
at CommonMethodsAndUtilities.CommonMethodsAndUtilities.getRandomValue(CommonMethodsAndUtilities.java:207)
at CommonMethodsAndUtilities.CommonMethodsAndUtilities.getRandomValue(CommonMethodsAndUtilities.java:207)
at CommonMethodsAndUtilities.CommonMethodsAndUtilities.getRandomValue(CommonMethodsAndUtilities.java:207)
at CommonMethodsAndUtilities.CommonMethodsAndUtilities.getRandomValue(CommonMethodsAndUtilities.java:207)
at CommonMethodsAndUtilities.CommonMethodsAndUtilities.getRandomValue(CommonMethodsAndUtilities.java:207)
at CommonMethodsAndUtilities.CommonMethodsAndUtilities.getRandomValue(CommonMethodsAndUtilities.java:207)
at CommonMethodsAndUtilities.CommonMethodsAndUtilities.getRandomValue(CommonMethodsAndUtilities.java:207)
at CommonMethodsAndUtilities.CommonMethodsAndUtilities.getRandomValue(CommonMethodsAndUtilities.java:207)
at CommonMethodsAndUtilities.CommonMethodsAndUtilities.getRandomValue(CommonMethodsAndUtilities.java:207)
at CommonMethodsAndUtilities.CommonMethodsAndUtilities.getRandomValue(CommonMethodsAndUtilities.java:207)
at CommonMethodsAndUtilities.CommonMethodsAndUtilities.getRandomValue(CommonMethodsAndUtilities.java:207)
at CommonMethodsAndUtilities.CommonMethodsAndUtilities.getRandomValue(CommonMethodsAndUtilities.java:207)
at CommonMethodsAndUtilities.CommonMethodsAndUtilities.getRandomValue(CommonMethodsAndUtilities.java:207)
at CommonMethodsAndUtilities.CommonMethodsAndUtilities.getRandomValue(CommonMethodsAndUtilities.java:207)
at CommonMethodsAndUtilities.CommonMethodsAndUtilities.getRandomValue(CommonMethodsAndUtilities.java:207)
at CommonMethodsAndUtilities.CommonMethodsAndUtilities.getRandomValue(CommonMethodsAndUtilities.java:207)
at CommonMethodsAndUtilities.CommonMethodsAndUtilities.getRandomValue(CommonMethodsAndUtilities.java:207)
at CommonMethodsAndUtilities.CommonMethodsAndUtilities.getRandomValue(CommonMethodsAndUtilities.java:207)
at CommonMethodsAndUtilities.CommonMethodsAndUtilities.getRandomValue(CommonMethodsAndUtilities.java:207)
at CommonMethodsAndUtilities.CommonMethodsAndUtilities.getRandomValue(CommonMethodsAndUtilities.java:207)
at CommonMethodsAndUtilities.CommonMethodsAndUtilities.getRandomValue(CommonMethodsAndUtilities.java:207)
at CommonMethodsAndUtilities.CommonMethodsAndUtilities.getRandomValue(CommonMethodsAndUtilities.java:207)
at CommonMethodsAndUtilities.CommonMethodsAndUtilities.getRandomValue(CommonMethodsAndUtilities.java:207)
at CommonMethodsAndUtilities.CommonMethodsAndUtilities.getRandomValue(CommonMethodsAndUtilities.java:207)
at CommonMethodsAndUtilities.CommonMethodsAndUtilities.getRandomValue(CommonMethodsAndUtilities.java:207)
at CommonMethodsAndUtilities.CommonMethodsAndUtilities.getRandomValue(CommonMethodsAndUtilities.java:207)
at CommonMethodsAndUtilities.CommonMethodsAndUtilities.getRandomValue(CommonMethodsAndUtilities.java:207)
at CommonMethodsAndUtilities.CommonMethodsAndUtilities.getRandomValue(CommonMethodsAndUtilities.java:207)
at CommonMethodsAndUtilities.CommonMethodsAndUtilities.getRandomValue(CommonMethodsAndUtilities.java:207)
at CommonMethodsAndUtilities.CommonMethodsAndUtilities.getRandomValue(CommonMethodsAndUtilities.java:207)
at CommonMethodsAndUtilities.CommonMethodsAndUtilities.getRandomValue(CommonMethodsAndUtilities.java:207)
at CommonMethodsAndUtilities.CommonMethodsAndUtilities.getRandomValue(CommonMethodsAndUtilities.java:207)
at CommonMethodsAndUtilities.CommonMethodsAndUtilities.getRandomValue(CommonMethodsAndUtilities.java:207)
at CommonMethodsAndUtilities.CommonMethodsAndUtilities.getRandomValue(CommonMethodsAndUtilities.java:207)
at CommonMethodsAndUtilities.CommonMethodsAndUtilities.getRandomValue(CommonMethodsAndUtilities.java:207)
at CommonMethodsAndUtilities.CommonMethodsAndUtilities.getRandomValue(CommonMethodsAndUtilities.java:207)
at CommonMethodsAndUtilities.CommonMethodsAndUtilities.getRandomValue(CommonMethodsAndUtilities.java:207)
at CommonMethodsAndUtilities.CommonMethodsAndUtilities.getRandomValue(CommonMethodsAndUtilities.java:207)
at CommonMethodsAndUtilities.CommonMethodsAndUtilities.getRandomValue(CommonMethodsAndUtilities.java:207)
at CommonMethodsAndUtilities.CommonMethodsAndUtilities.getRandomValue(CommonMethodsAndUtilities.java:207)
at CommonMethodsAndUtilities.CommonMethodsAndUtilities.getRandomValue(CommonMethodsAndUtilities.java:207)
at CommonMethodsAndUtilities.CommonMethodsAndUtilities.getRandomValue(CommonMethodsAndUtilities.java:207)
at CommonMethodsAndUtilities.CommonMethodsAndUtilities.getRandomValue(CommonMethodsAndUtilities.java:207)
at CommonMethodsAndUtilities.CommonMethodsAndUtilities.getRandomValue(CommonMethodsAndUtilities.java:207)
at CommonMethodsAndUtilities.CommonMethodsAndUtilities.getRandomValue(CommonMethodsAndUtilities.java:207)
at CommonMethodsAndUtilities.CommonMethodsAndUtilities.getRandomValue(CommonMethodsAndUtilities.java:207)
at CommonMethodsAndUtilities.CommonMethodsAndUtilities.getRandomValue(CommonMethodsAndUtilities.java:207)
at CommonMethodsAndUtilities.CommonMethodsAndUtilities.getRandomValue(CommonMethodsAndUtilities.java:207)
at CommonMethodsAndUtilities.CommonMethodsAndUtilities.getRandomValue(CommonMethodsAndUtilities.java:207)
at CommonMethodsAndUtilities.CommonMethodsAndUtilities.getRandomValue(CommonMethodsAndUtilities.java:207)
at CommonMethodsAndUtilities.CommonMethodsAndUtilities.getRandomValue(CommonMethodsAndUtilities.java:207)
at CommonMethodsAndUtilities.CommonMethodsAndUtilities.getRandomValue(CommonMethodsAndUtilities.java:207)
at CommonMethodsAndUtilities.CommonMethodsAndUtilities.getRandomValue(CommonMethodsAndUtilities.java:207)
at CommonMethodsAndUtilities.CommonMethodsAndUtilities.getRandomValue(CommonMethodsAndUtilities.java:207)
at CommonMethodsAndUtilities.CommonMethodsAndUtilities.getRandomValue(CommonMethodsAndUtilities.java:207)
at CommonMethodsAndUtilities.CommonMethodsAndUtilities.getRandomValue(CommonMethodsAndUtilities.java:207)
at CommonMethodsAndUtilities.CommonMethodsAndUtilities.getRandomValue(CommonMethodsAndUtilities.java:207)
at CommonMethodsAndUtilities.CommonMethodsAndUtilities.getRandomValue(CommonMethodsAndUtilities.java:207)
at CommonMethodsAndUtilities.CommonMethodsAndUtilities.getRandomValue(CommonMethodsAndUtilities.java:207)
at CommonMethodsAndUtilities.CommonMethodsAndUtilities.getRandomValue(CommonMethodsAndUtilities.java:207)
at CommonMethodsAndUtilities.CommonMethodsAndUtilities.getRandomValue(CommonMethodsAndUtilities.java:207)
at CommonMethodsAndUtilities.CommonMethodsAndUtilities.getRandomValue(CommonMethodsAndUtilities.java:207)
at CommonMethodsAndUtilities.CommonMethodsAndUtilities.getRandomValue(CommonMethodsAndUtilities.java:207)
at CommonMethodsAndUtilities.CommonMethodsAndUtilities.getRandomValue(CommonMethodsAndUtilities.java:207)
at CommonMethodsAndUtilities.CommonMethodsAndUtilities.getRandomValue(CommonMethodsAndUtilities.java:207)
at CommonMethodsAndUtilities.CommonMethodsAndUtilities.getRandomValue(CommonMethodsAndUtilities.java:207)
at CommonMethodsAndUtilities.CommonMethodsAndUtilities.getRandomValue(CommonMethodsAndUtilities.java:207)
at CommonMethodsAndUtilities.CommonMethodsAndUtilities.getRandomValue(CommonMethodsAndUtilities.java:207)
at CommonMethodsAndUtilities.CommonMethodsAndUtilities.getRandomValue(CommonMethodsAndUtilities.java:207)
at CommonMethodsAndUtilities.CommonMethodsAndUtilities.getRandomValue(CommonMethodsAndUtilities.java:207)
at CommonMethodsAndUtilities.CommonMethodsAndUtilities.getRandomValue(CommonMethodsAndUtilities.java:207)
at CommonMethodsAndUtilities.CommonMethodsAndUtilities.getRandomValue(CommonMethodsAndUtilities.java:207)
at CommonMethodsAndUtilities.CommonMethodsAndUtilities.getRandomValue(CommonMethodsAndUtilities.java:207)
at CommonMethodsAndUtilities.CommonMethodsAndUtilities.getRandomValue(CommonMethodsAndUtilities.java:207)
at CommonMethodsAndUtilities.CommonMethodsAndUtilities.getRandomValue(CommonMethodsAndUtilities.java:207)
at CommonMethodsAndUtilities.CommonMethodsAndUtilities.getRandomValue(CommonMethodsAndUtilities.java:207)
at CommonMethodsAndUtilities.CommonMethodsAndUtilities.getRandomValue(CommonMethodsAndUtilities.java:207)
at CommonMethodsAndUtilities.CommonMethodsAndUtilities.getRandomValue(CommonMethodsAndUtilities.java:207)
at CommonMethodsAndUtilities.CommonMethodsAndUtilities.getRandomValue(CommonMethodsAndUtilities.java:207)
at CommonMethodsAndUtilities.CommonMethodsAndUtilities.getRandomValue(CommonMethodsAndUtilities.java:207)
at CommonMethodsAndUtilities.CommonMethodsAndUtilities.getRandomValue(CommonMethodsAndUtilities.java:207)
at CommonMethodsAndUtilities.CommonMethodsAndUtilities.getRandomValue(CommonMethodsAndUtilities.java:207)
at CommonMethodsAndUtilities.CommonMethodsAndUtilities.getRandomValue(CommonMethodsAndUtilities.java:207)
at CommonMethodsAndUtilities.CommonMethodsAndUtilities.getRandomValue(CommonMethodsAndUtilities.java:207)
at CommonMethodsAndUtilities.CommonMethodsAndUtilities.getRandomValue(CommonMethodsAndUtilities.java:207)
at CommonMethodsAndUtilities.CommonMethodsAndUtilities.getRandomValue(CommonMethodsAndUtilities.java:207)
at CommonMethodsAndUtilities.CommonMethodsAndUtilities.getRandomValue(CommonMethodsAndUtilities.java:207)
at CommonMethodsAndUtilities.CommonMethodsAndUtilities.getRandomValue(CommonMethodsAndUtilities.java:207)
at CommonMethodsAndUtilities.CommonMethodsAndUtilities.getRandomValue(CommonMethodsAndUtilities.java:207)
at CommonMethodsAndUtilities.CommonMethodsAndUtilities.getRandomValue(CommonMethodsAndUtilities.java:207)
at CommonMethodsAndUtilities.CommonMethodsAndUtilities.getRandomValue(CommonMethodsAndUtilities.java:207)
at CommonMethodsAndUtilities.CommonMethodsAndUtilities.getRandomValue(CommonMethodsAndUtilities.java:207)
at CommonMethodsAndUtilities.CommonMethodsAndUtilities.getRandomValue(CommonMethodsAndUtilities.java:207)
at CommonMethodsAndUtilities.CommonMethodsAndUtilities.getRandomValue(CommonMethodsAndUtilities.java:207)
at CommonMethodsAndUtilities.CommonMethodsAndUtilities.getRandomValue(CommonMethodsAndUtilities.java:207)
at CommonMethodsAndUtilities.CommonMethodsAndUtilities.getRandomValue(CommonMethodsAndUtilities.java:207)
at CommonMethodsAndUtilities.CommonMethodsAndUtilities.getRandomValue(CommonMethodsAndUtilities.java:207)
at CommonMethodsAndUtilities.CommonMethodsAndUtilities.getRandomValue(CommonMethodsAndUtilities.java:207)
at CommonMethodsAndUtilities.CommonMethodsAndUtilities.getRandomValue(CommonMethodsAndUtilities.java:207)
at CommonMethodsAndUtilities.CommonMethodsAndUtilities.getRandomValue(CommonMethodsAndUtilities.java:207)
at CommonMethodsAndUtilities.CommonMethodsAndUtilities.getRandomValue(CommonMethodsAndUtilities.java:207)
at CommonMethodsAndUtilities.CommonMethodsAndUtilities.getRandomValue(CommonMethodsAndUtilities.java:207)
at CommonMethodsAndUtilities.CommonMethodsAndUtilities.getRandomValue(CommonMethodsAndUtilities.java:207)
at CommonMethodsAndUtilities.CommonMethodsAndUtilities.getRandomValue(CommonMethodsAndUtilities.java:207)
at CommonMethodsAndUtilities.CommonMethodsAndUtilities.getRandomValue(CommonMethodsAndUtilities.java:207)
at CommonMethodsAndUtilities.CommonMethodsAndUtilities.getRandomValue(CommonMethodsAndUtilities.java:207)
at CommonMethodsAndUtilities.CommonMethodsAndUtilities.getRandomValue(CommonMethodsAndUtilities.java:207)
at CommonMethodsAndUtilities.CommonMethodsAndUtilities.getRandomValue(CommonMethodsAndUtilities.java:207)
at CommonMethodsAndUtilities.CommonMethodsAndUtilities.getRandomValue(CommonMethodsAndUtilities.java:207)
at CommonMethodsAndUtilities.CommonMethodsAndUtilities.getRandomValue(CommonMethodsAndUtilities.java:207)
at CommonMethodsAndUtilities.CommonMethodsAndUtilities.getRandomValue(CommonMethodsAndUtilities.java:207)
at CommonMethodsAndUtilities.CommonMethodsAndUtilities.getRandomValue(CommonMethodsAndUtilities.java:207)
at CommonMethodsAndUtilities.CommonMethodsAndUtilities.getRandomValue(CommonMethodsAndUtilities.java:207)
at CommonMethodsAndUtilities.CommonMethodsAndUtilities.getRandomValue(CommonMethodsAndUtilities.java:207)
at CommonMethodsAndUtilities.CommonMethodsAndUtilities.getRandomValue(CommonMethodsAndUtilities.java:207)
at CommonMethodsAndUtilities.CommonMethodsAndUtilities.getRandomValue(CommonMethodsAndUtilities.java:207)
at CommonMethodsAndUtilities.CommonMethodsAndUtilities.getRandomValue(CommonMethodsAndUtilities.java:207)
at CommonMethodsAndUtilities.CommonMethodsAndUtilities.getRandomValue(CommonMethodsAndUtilities.java:207)
at CommonMethodsAndUtilities.CommonMethodsAndUtilities.getRandomValue(CommonMethodsAndUtilities.java:207)
at CommonMethodsAndUtilities.CommonMethodsAndUtilities.getRandomValue(CommonMethodsAndUtilities.java:207)
at CommonMethodsAndUtilities.CommonMethodsAndUtilities.getRandomValue(CommonMethodsAndUtilities.java:207)
at CommonMethodsAndUtilities.CommonMethodsAndUtilities.getRandomValue(CommonMethodsAndUtilities.java:207)
at CommonMethodsAndUtilities.CommonMethodsAndUtilities.getRandomValue(CommonMethodsAndUtilities.java:207)
at CommonMethodsAndUtilities.CommonMethodsAndUtilities.getRandomValue(CommonMethodsAndUtilities.java:207)
at CommonMethodsAndUtilities.CommonMethodsAndUtilities.getRandomValue(CommonMethodsAndUtilities.java:207)
at CommonMethodsAndUtilities.CommonMethodsAndUtilities.getRandomValue(CommonMethodsAndUtilities.java:207)
at CommonMethodsAndUtilities.CommonMethodsAndUtilities.getRandomValue(CommonMethodsAndUtilities.java:207)
at CommonMethodsAndUtilities.CommonMethodsAndUtilities.getRandomValue(CommonMethodsAndUtilities.java:207)
at CommonMethodsAndUtilities.CommonMethodsAndUtilities.getRandomValue(CommonMethodsAndUtilities.java:207)
at CommonMethodsAndUtilities.CommonMethodsAndUtilities.getRandomValue(CommonMethodsAndUtilities.java:207)
at CommonMethodsAndUtilities.CommonMethodsAndUtilities.getRandomValue(CommonMethodsAndUtilities.java:207)
at CommonMethodsAndUtilities.CommonMethodsAndUtilities.getRandomValue(CommonMethodsAndUtilities.java:207)
at CommonMethodsAndUtilities.CommonMethodsAndUtilities.getRandomValue(CommonMethodsAndUtilities.java:207)
at CommonMethodsAndUtilities.CommonMethodsAndUtilities.getRandomValue(CommonMethodsAndUtilities.java:207)
at CommonMethodsAndUtilities.CommonMethodsAndUtilities.getRandomValue(CommonMethodsAndUtilities.java:207)
at CommonMethodsAndUtilities.CommonMethodsAndUtilities.getRandomValue(CommonMethodsAndUtilities.java:207)
at CommonMethodsAndUtilities.CommonMethodsAndUtilities.getRandomValue(CommonMethodsAndUtilities.java:207)
at CommonMethodsAndUtilities.CommonMethodsAndUtilities.getRandomValue(CommonMethodsAndUtilities.java:207)
at CommonMethodsAndUtilities.CommonMethodsAndUtilities.getRandomValue(CommonMethodsAndUtilities.java:207)
at CommonMethodsAndUtilities.CommonMethodsAndUtilities.getRandomValue(CommonMethodsAndUtilities.java:207)
at CommonMethodsAndUtilities.CommonMethodsAndUtilities.getRandomValue(CommonMethodsAndUtilities.java:207)
at CommonMethodsAndUtilities.CommonMethodsAndUtilities.getRandomValue(CommonMethodsAndUtilities.java:207)
at CommonMethodsAndUtilities.CommonMethodsAndUtilities.getRandomValue(CommonMethodsAndUtilities.java:207)
at CommonMethodsAndUtilities.CommonMethodsAndUtilities.getRandomValue(CommonMethodsAndUtilities.java:207)
at CommonMethodsAndUtilities.CommonMethodsAndUtilities.getRandomValue(CommonMethodsAndUtilities.java:207)
at CommonMethodsAndUtilities.CommonMethodsAndUtilities.getRandomValue(CommonMethodsAndUtilities.java:207)
at CommonMethodsAndUtilities.CommonMethodsAndUtilities.getRandomValue(CommonMethodsAndUtilities.java:207)
at CommonMethodsAndUtilities.CommonMethodsAndUtilities.getRandomValue(CommonMethodsAndUtilities.java:207)
at CommonMethodsAndUtilities.CommonMethodsAndUtilities.getRandomValue(CommonMethodsAndUtilities.java:207)
at CommonMethodsAndUtilities.CommonMethodsAndUtilities.getRandomValue(CommonMethodsAndUtilities.java:207)
at CommonMethodsAndUtilities.CommonMethodsAndUtilities.getRandomValue(CommonMethodsAndUtilities.java:207)
at CommonMethodsAndUtilities.CommonMethodsAndUtilities.getRandomValue(CommonMethodsAndUtilities.java:207)
at CommonMethodsAndUtilities.CommonMethodsAndUtilities.getRandomValue(CommonMethodsAndUtilities.java:207)
at CommonMethodsAndUtilities.CommonMethodsAndUtilities.getRandomValue(CommonMethodsAndUtilities.java:207)
at CommonMethodsAndUtilities.CommonMethodsAndUtilities.getRandomValue(CommonMethodsAndUtilities.java:207)
at CommonMethodsAndUtilities.CommonMethodsAndUtilities.getRandomValue(CommonMethodsAndUtilities.java:207)
at CommonMethodsAndUtilities.CommonMethodsAndUtilities.getRandomValue(CommonMethodsAndUtilities.java:207)
at CommonMethodsAndUtilities.CommonMethodsAndUtilities.getRandomValue(CommonMethodsAndUtilities.java:207)
at CommonMethodsAndUtilities.CommonMethodsAndUtilities.getRandomValue(CommonMethodsAndUtilities.java:207)
at CommonMethodsAndUtilities.CommonMethodsAndUtilities.getRandomValue(CommonMethodsAndUtilities.java:207)
at CommonMethodsAndUtilities.CommonMethodsAndUtilities.getRandomValue(CommonMethodsAndUtilities.java:207)
at CommonMethodsAndUtilities.CommonMethodsAndUtilities.getRandomValue(CommonMethodsAndUtilities.java:207)
at CommonMethodsAndUtilities.CommonMethodsAndUtilities.getRandomValue(CommonMethodsAndUtilities.java:207)
at CommonMethodsAndUtilities.CommonMethodsAndUtilities.getRandomValue(CommonMethodsAndUtilities.java:207)
at CommonMethodsAndUtilities.CommonMethodsAndUtilities.getRandomValue(CommonMethodsAndUtilities.java:207)
at CommonMethodsAndUtilities.CommonMethodsAndUtilities.getRandomValue(CommonMethodsAndUtilities.java:207)
at CommonMethodsAndUtilities.CommonMethodsAndUtilities.getRandomValue(CommonMethodsAndUtilities.java:207)
at CommonMethodsAndUtilities.CommonMethodsAndUtilities.getRandomValue(CommonMethodsAndUtilities.java:207)
at CommonMethodsAndUtilities.CommonMethodsAndUtilities.getRandomValue(CommonMethodsAndUtilities.java:207)
at CommonMethodsAndUtilities.CommonMethodsAndUtilities.getRandomValue(CommonMethodsAndUtilities.java:207)
at CommonMethodsAndUtilities.CommonMethodsAndUtilities.getRandomValue(CommonMethodsAndUtilities.java:207)
at CommonMethodsAndUtilities.CommonMethodsAndUtilities.getRandomValue(CommonMethodsAndUtilities.java:207)
at CommonMethodsAndUtilities.CommonMethodsAndUtilities.getRandomValue(CommonMethodsAndUtilities.java:207)
at CommonMethodsAndUtilities.CommonMethodsAndUtilities.getRandomValue(CommonMethodsAndUtilities.java:207)
at CommonMethodsAndUtilities.CommonMethodsAndUtilities.getRandomValue(CommonMethodsAndUtilities.java:207)
at CommonMethodsAndUtilities.CommonMethodsAndUtilities.getRandomValue(CommonMethodsAndUtilities.java:207)
at CommonMethodsAndUtilities.CommonMethodsAndUtilities.getRandomValue(CommonMethodsAndUtilities.java:207)
at CommonMethodsAndUtilities.CommonMethodsAndUtilities.getRandomValue(CommonMethodsAndUtilities.java:207)
at CommonMethodsAndUtilities.CommonMethodsAndUtilities.getRandomValue(CommonMethodsAndUtilities.java:207)
at CommonMethodsAndUtilities.CommonMethodsAndUtilities.getRandomValue(CommonMethodsAndUtilities.java:207)
at CommonMethodsAndUtilities.CommonMethodsAndUtilities.getRandomValue(CommonMethodsAndUtilities.java:207)
at CommonMethodsAndUtilities.CommonMethodsAndUtilities.getRandomValue(CommonMethodsAndUtilities.java:207)
at CommonMethodsAndUtilities.CommonMethodsAndUtilities.getRandomValue(CommonMethodsAndUtilities.java:207)
at CommonMethodsAndUtilities.CommonMethodsAndUtilities.getRandomValue(CommonMethodsAndUtilities.java:207)
at CommonMethodsAndUtilities.CommonMethodsAndUtilities.getRandomValue(CommonMethodsAndUtilities.java:207)
at CommonMethodsAndUtilities.CommonMethodsAndUtilities.getRandomValue(CommonMethodsAndUtilities.java:207)
at CommonMethodsAndUtilities.CommonMethodsAndUtilities.getRandomValue(CommonMethodsAndUtilities.java:207)
at CommonMethodsAndUtilities.CommonMethodsAndUtilities.getRandomValue(CommonMethodsAndUtilities.java:207)
at CommonMethodsAndUtilities.CommonMethodsAndUtilities.getRandomValue(CommonMethodsAndUtilities.java:207)
at CommonMethodsAndUtilities.CommonMethodsAndUtilities.getRandomValue(CommonMethodsAndUtilities.java:207)
at CommonMethodsAndUtilities.CommonMethodsAndUtilities.getRandomValue(CommonMethodsAndUtilities.java:207)
at CommonMethodsAndUtilities.CommonMethodsAndUtilities.getRandomValue(CommonMethodsAndUtilities.java:207)
at CommonMethodsAndUtilities.CommonMethodsAndUtilities.getRandomValue(CommonMethodsAndUtilities.java:207)
at CommonMethodsAndUtilities.CommonMethodsAndUtilities.getRandomValue(CommonMethodsAndUtilities.java:207)
at CommonMethodsAndUtilities.CommonMethodsAndUtilities.getRandomValue(CommonMethodsAndUtilities.java:207)
at CommonMethodsAndUtilities.CommonMethodsAndUtilities.getRandomValue(CommonMethodsAndUtilities.java:207)
at CommonMethodsAndUtilities.CommonMethodsAndUtilities.getRandomValue(CommonMethodsAndUtilities.java:207)
at CommonMethodsAndUtilities.CommonMethodsAndUtilities.getRandomValue(CommonMethodsAndUtilities.java:207)
at CommonMethodsAndUtilities.CommonMethodsAndUtilities.getRandomValue(CommonMethodsAndUtilities.java:207)
at CommonMethodsAndUtilities.CommonMethodsAndUtilities.getRandomValue(CommonMethodsAndUtilities.java:207)
at CommonMethodsAndUtilities.CommonMethodsAndUtilities.getRandomValue(CommonMethodsAndUtilities.java:207)
at CommonMethodsAndUtilities.CommonMethodsAndUtilities.getRandomValue(CommonMethodsAndUtilities.java:207)
at CommonMethodsAndUtilities.CommonMethodsAndUtilities.getRandomValue(CommonMethodsAndUtilities.java:207)
at CommonMethodsAndUtilities.CommonMethodsAndUtilities.getRandomValue(CommonMethodsAndUtilities.java:207)
at CommonMethodsAndUtilities.CommonMethodsAndUtilities.getRandomValue(CommonMethodsAndUtilities.java:207)
at CommonMethodsAndUtilities.CommonMethodsAndUtilities.getRandomValue(CommonMethodsAndUtilities.java:207)
at CommonMethodsAndUtilities.CommonMethodsAndUtilities.getRandomValue(CommonMethodsAndUtilities.java:207)
at CommonMethodsAndUtilities.CommonMethodsAndUtilities.getRandomValue(CommonMethodsAndUtilities.java:207)
at CommonMethodsAndUtilities.CommonMethodsAndUtilities.getRandomValue(CommonMethodsAndUtilities.java:207)
at CommonMethodsAndUtilities.CommonMethodsAndUtilities.getRandomValue(CommonMethodsAndUtilities.java:207)
at CommonMethodsAndUtilities.CommonMethodsAndUtilities.getRandomValue(CommonMethodsAndUtilities.java:207)
at CommonMethodsAndUtilities.CommonMethodsAndUtilities.getRandomValue(CommonMethodsAndUtilities.java:207)
at CommonMethodsAndUtilities.CommonMethodsAndUtilities.getRandomValue(CommonMethodsAndUtilities.java:207)
at CommonMethodsAndUtilities.CommonMethodsAndUtilities.getRandomValue(CommonMethodsAndUtilities.java:207)
at CommonMethodsAndUtilities.CommonMethodsAndUtilities.getRandomValue(CommonMethodsAndUtilities.java:207)
at CommonMethodsAndUtilities.CommonMethodsAndUtilities.getRandomValue(CommonMethodsAndUtilities.java:207)
at CommonMethodsAndUtilities.CommonMethodsAndUtilities.getRandomValue(CommonMethodsAndUtilities.java:207)
at CommonMethodsAndUtilities.CommonMethodsAndUtilities.getRandomValue(CommonMethodsAndUtilities.java:207)
at CommonMethodsAndUtilities.CommonMethodsAndUtilities.getRandomValue(CommonMethodsAndUtilities.java:207)
at CommonMethodsAndUtilities.CommonMethodsAndUtilities.getRandomValue(CommonMethodsAndUtilities.java:207)
at CommonMethodsAndUtilities.CommonMethodsAndUtilities.getRandomValue(CommonMethodsAndUtilities.java:207)
at CommonMethodsAndUtilities.CommonMethodsAndUtilities.getRandomValue(CommonMethodsAndUtilities.java:207)
at CommonMethodsAndUtilities.CommonMethodsAndUtilities.getRandomValue(CommonMethodsAndUtilities.java:207)
at CommonMethodsAndUtilities.CommonMethodsAndUtilities.getRandomValue(CommonMethodsAndUtilities.java:207)
at CommonMethodsAndUtilities.CommonMethodsAndUtilities.getRandomValue(CommonMethodsAndUtilities.java:207)
at CommonMethodsAndUtilities.CommonMethodsAndUtilities.getRandomValue(CommonMethodsAndUtilities.java:207)
at CommonMethodsAndUtilities.CommonMethodsAndUtilities.getRandomValue(CommonMethodsAndUtilities.java:207)
at CommonMethodsAndUtilities.CommonMethodsAndUtilities.getRandomValue(CommonMethodsAndUtilities.java:207)
at CommonMethodsAndUtilities.CommonMethodsAndUtilities.getRandomValue(CommonMethodsAndUtilities.java:207)
at CommonMethodsAndUtilities.CommonMethodsAndUtilities.getRandomValue(CommonMethodsAndUtilities.java:207)
at CommonMethodsAndUtilities.CommonMethodsAndUtilities.getRandomValue(CommonMethodsAndUtilities.java:207)
at CommonMethodsAndUtilities.CommonMethodsAndUtilities.getRandomValue(CommonMethodsAndUtilities.java:207)
at CommonMethodsAndUtilities.CommonMethodsAndUtilities.getRandomValue(CommonMethodsAndUtilities.java:207)
at CommonMethodsAndUtilities.CommonMethodsAndUtilities.getRandomValue(CommonMethodsAndUtilities.java:207)
at CommonMethodsAndUtilities.CommonMethodsAndUtilities.getRandomValue(CommonMethodsAndUtilities.java:207)
at CommonMethodsAndUtilities.CommonMethodsAndUtilities.getRandomValue(CommonMethodsAndUtilities.java:207)
at CommonMethodsAndUtilities.CommonMethodsAndUtilities.getRandomValue(CommonMethodsAndUtilities.java:207)
at CommonMethodsAndUtilities.CommonMethodsAndUtilities.getRandomValue(CommonMethodsAndUtilities.java:207)
at CommonMethodsAndUtilities.CommonMethodsAndUtilities.getRandomValue(CommonMethodsAndUtilities.java:207)
at CommonMethodsAndUtilities.CommonMethodsAndUtilities.getRandomValue(CommonMethodsAndUtilities.java:207)
at CommonMethodsAndUtilities.CommonMethodsAndUtilities.getRandomValue(CommonMethodsAndUtilities.java:207)
at CommonMethodsAndUtilities.CommonMethodsAndUtilities.getRandomValue(CommonMethodsAndUtilities.java:207)
at CommonMethodsAndUtilities.CommonMethodsAndUtilities.getRandomValue(CommonMethodsAndUtilities.java:207)
at CommonMethodsAndUtilities.CommonMethodsAndUtilities.getRandomValue(CommonMethodsAndUtilities.java:207)
at CommonMethodsAndUtilities.CommonMethodsAndUtilities.getRandomValue(CommonMethodsAndUtilities.java:207)
at CommonMethodsAndUtilities.CommonMethodsAndUtilities.getRandomValue(CommonMethodsAndUtilities.java:207)
at CommonMethodsAndUtilities.CommonMethodsAndUtilities.getRandomValue(CommonMethodsAndUtilities.java:207)
at CommonMethodsAndUtilities.CommonMethodsAndUtilities.getRandomValue(CommonMethodsAndUtilities.java:207)
at CommonMethodsAndUtilities.CommonMethodsAndUtilities.getRandomValue(CommonMethodsAndUtilities.java:207)
at CommonMethodsAndUtilities.CommonMethodsAndUtilities.getRandomValue(CommonMethodsAndUtilities.java:207)
at CommonMethodsAndUtilities.CommonMethodsAndUtilities.getRandomValue(CommonMethodsAndUtilities.java:207)
at CommonMethodsAndUtilities.CommonMethodsAndUtilities.getRandomValue(CommonMethodsAndUtilities.java:207)
at CommonMethodsAndUtilities.CommonMethodsAndUtilities.getRandomValue(CommonMethodsAndUtilities.java:207)
at CommonMethodsAndUtilities.CommonMethodsAndUtilities.getRandomValue(CommonMethodsAndUtilities.java:207)
at CommonMethodsAndUtilities.CommonMethodsAndUtilities.getRandomValue(CommonMethodsAndUtilities.java:207)
at CommonMethodsAndUtilities.CommonMethodsAndUtilities.getRandomValue(CommonMethodsAndUtilities.java:207)
at CommonMethodsAndUtilities.CommonMethodsAndUtilities.getRandomValue(CommonMethodsAndUtilities.java:207)
at CommonMethodsAndUtilities.CommonMethodsAndUtilities.getRandomValue(CommonMethodsAndUtilities.java:207)
at CommonMethodsAndUtilities.CommonMethodsAndUtilities.getRandomValue(CommonMethodsAndUtilities.java:207)
at CommonMethodsAndUtilities.CommonMethodsAndUtilities.getRandomValue(CommonMethodsAndUtilities.java:207)
at CommonMethodsAndUtilities.CommonMethodsAndUtilities.getRandomValue(CommonMethodsAndUtilities.java:207)
at CommonMethodsAndUtilities.CommonMethodsAndUtilities.getRandomValue(CommonMethodsAndUtilities.java:207)
at CommonMethodsAndUtilities.CommonMethodsAndUtilities.getRandomValue(CommonMethodsAndUtilities.java:207)
at CommonMethodsAndUtilities.CommonMethodsAndUtilities.getRandomValue(CommonMethodsAndUtilities.java:207)
at CommonMethodsAndUtilities.CommonMethodsAndUtilities.getRandomValue(CommonMethodsAndUtilities.java:207)
at CommonMethodsAndUtilities.CommonMethodsAndUtilities.getRandomValue(CommonMethodsAndUtilities.java:207)
at CommonMethodsAndUtilities.CommonMethodsAndUtilities.getRandomValue(CommonMethodsAndUtilities.java:207)
at CommonMethodsAndUtilities.CommonMethodsAndUtilities.getRandomValue(CommonMethodsAndUtilities.java:207)
at CommonMethodsAndUtilities.CommonMethodsAndUtilities.getRandomValue(CommonMethodsAndUtilities.java:207)
at CommonMethodsAndUtilities.CommonMethodsAndUtilities.getRandomValue(CommonMethodsAndUtilities.java:207)
at CommonMethodsAndUtilities.CommonMethodsAndUtilities.getRandomValue(CommonMethodsAndUtilities.java:207)
at CommonMethodsAndUtilities.CommonMethodsAndUtilities.getRandomValue(CommonMethodsAndUtilities.java:207)
at CommonMethodsAndUtilities.CommonMethodsAndUtilities.getRandomValue(CommonMethodsAndUtilities.java:207)
at CommonMethodsAndUtilities.CommonMethodsAndUtilities.getRandomValue(CommonMethodsAndUtilities.java:207)
at CommonMethodsAndUtilities.CommonMethodsAndUtilities.getRandomValue(CommonMethodsAndUtilities.java:207)
at CommonMethodsAndUtilities.CommonMethodsAndUtilities.getRandomValue(CommonMethodsAndUtilities.java:207)
at CommonMethodsAndUtilities.CommonMethodsAndUtilities.getRandomValue(CommonMethodsAndUtilities.java:207)
at CommonMethodsAndUtilities.CommonMethodsAndUtilities.getRandomValue(CommonMethodsAndUtilities.java:207)
at CommonMethodsAndUtilities.CommonMethodsAndUtilities.getRandomValue(CommonMethodsAndUtilities.java:207)
at CommonMethodsAndUtilities.CommonMethodsAndUtilities.getRandomValue(CommonMethodsAndUtilities.java:207)
at CommonMethodsAndUtilities.CommonMethodsAndUtilities.getRandomValue(CommonMethodsAndUtilities.java:207)
at CommonMethodsAndUtilities.CommonMethodsAndUtilities.getRandomValue(CommonMethodsAndUtilities.java:207)
at CommonMethodsAndUtilities.CommonMethodsAndUtilities.getRandomValue(CommonMethodsAndUtilities.java:207)
at CommonMethodsAndUtilities.CommonMethodsAndUtilities.getRandomValue(CommonMethodsAndUtilities.java:207)
at CommonMethodsAndUtilities.CommonMethodsAndUtilities.getRandomValue(CommonMethodsAndUtilities.java:207)
at CommonMethodsAndUtilities.CommonMethodsAndUtilities.getRandomValue(CommonMethodsAndUtilities.java:207)
at CommonMethodsAndUtilities.CommonMethodsAndUtilities.getRandomValue(CommonMethodsAndUtilities.java:207)
at CommonMethodsAndUtilities.CommonMethodsAndUtilities.getRandomValue(CommonMethodsAndUtilities.java:207)
at CommonMethodsAndUtilities.CommonMethodsAndUtilities.getRandomValue(CommonMethodsAndUtilities.java:207)
at CommonMethodsAndUtilities.CommonMethodsAndUtilities.getRandomValue(CommonMethodsAndUtilities.java:207)
at CommonMethodsAndUtilities.CommonMethodsAndUtilities.getRandomValue(CommonMethodsAndUtilities.java:207)
at CommonMethodsAndUtilities.CommonMethodsAndUtilities.getRandomValue(CommonMethodsAndUtilities.java:207)
at CommonMethodsAndUtilities.CommonMethodsAndUtilities.getRandomValue(CommonMethodsAndUtilities.java:207)
at CommonMethodsAndUtilities.CommonMethodsAndUtilities.getRandomValue(CommonMethodsAndUtilities.java:207)
at CommonMethodsAndUtilities.CommonMethodsAndUtilities.getRandomValue(CommonMethodsAndUtilities.java:207)
at CommonMethodsAndUtilities.CommonMethodsAndUtilities.getRandomValue(CommonMethodsAndUtilities.java:207)
at CommonMethodsAndUtilities.CommonMethodsAndUtilities.getRandomValue(CommonMethodsAndUtilities.java:207)
at CommonMethodsAndUtilities.CommonMethodsAndUtilities.getRandomValue(CommonMethodsAndUtilities.java:207)
at CommonMethodsAndUtilities.CommonMethodsAndUtilities.getRandomValue(CommonMethodsAndUtilities.java:207)
at CommonMethodsAndUtilities.CommonMethodsAndUtilities.getRandomValue(CommonMethodsAndUtilities.java:207)
at CommonMethodsAndUtilities.CommonMethodsAndUtilities.getRandomValue(CommonMethodsAndUtilities.java:207)
at CommonMethodsAndUtilities.CommonMethodsAndUtilities.getRandomValue(CommonMethodsAndUtilities.java:207)
at CommonMethodsAndUtilities.CommonMethodsAndUtilities.getRandomValue(CommonMethodsAndUtilities.java:207)
at CommonMethodsAndUtilities.CommonMethodsAndUtilities.getRandomValue(CommonMethodsAndUtilities.java:207)
at CommonMethodsAndUtilities.CommonMethodsAndUtilities.getRandomValue(CommonMethodsAndUtilities.java:207)
at CommonMethodsAndUtilities.CommonMethodsAndUtilities.getRandomValue(CommonMethodsAndUtilities.java:207)
at CommonMethodsAndUtilities.CommonMethodsAndUtilities.getRandomValue(CommonMethodsAndUtilities.java:207)
at CommonMethodsAndUtilities.CommonMethodsAndUtilities.getRandomValue(CommonMethodsAndUtilities.java:207)
at CommonMethodsAndUtilities.CommonMethodsAndUtilities.getRandomValue(CommonMethodsAndUtilities.java:207)
at CommonMethodsAndUtilities.CommonMethodsAndUtilities.getRandomValue(CommonMethodsAndUtilities.java:207)
at CommonMethodsAndUtilities.CommonMethodsAndUtilities.getRandomValue(CommonMethodsAndUtilities.java:207)
at CommonMethodsAndUtilities.CommonMethodsAndUtilities.getRandomValue(CommonMethodsAndUtilities.java:207)
at CommonMethodsAndUtilities.CommonMethodsAndUtilities.getRandomValue(CommonMethodsAndUtilities.java:207)
at CommonMethodsAndUtilities.CommonMethodsAndUtilities.getRandomValue(CommonMethodsAndUtilities.java:207)
at CommonMethodsAndUtilities.CommonMethodsAndUtilities.getRandomValue(CommonMethodsAndUtilities.java:207)
at CommonMethodsAndUtilities.CommonMethodsAndUtilities.getRandomValue(CommonMethodsAndUtilities.java:207)
at CommonMethodsAndUtilities.CommonMethodsAndUtilities.getRandomValue(CommonMethodsAndUtilities.java:207)
at CommonMethodsAndUtilities.CommonMethodsAndUtilities.getRandomValue(CommonMethodsAndUtilities.java:207)
at CommonMethodsAndUtilities.CommonMethodsAndUtilities.getRandomValue(CommonMethodsAndUtilities.java:207)
at CommonMethodsAndUtilities.CommonMethodsAndUtilities.getRandomValue(CommonMethodsAndUtilities.java:207)
at CommonMethodsAndUtilities.CommonMethodsAndUtilities.getRandomValue(CommonMethodsAndUtilities.java:207)
at CommonMethodsAndUtilities.CommonMethodsAndUtilities.getRandomValue(CommonMethodsAndUtilities.java:207)
at CommonMethodsAndUtilities.CommonMethodsAndUtilities.getRandomValue(CommonMethodsAndUtilities.java:207)
at CommonMethodsAndUtilities.CommonMethodsAndUtilities.getRandomValue(CommonMethodsAndUtilities.java:207)
at CommonMethodsAndUtilities.CommonMethodsAndUtilities.getRandomValue(CommonMethodsAndUtilities.java:207)
at CommonMethodsAndUtilities.CommonMethodsAndUtilities.getRandomValue(CommonMethodsAndUtilities.java:207)
at CommonMethodsAndUtilities.CommonMethodsAndUtilities.getRandomValue(CommonMethodsAndUtilities.java:207)
at CommonMethodsAndUtilities.CommonMethodsAndUtilities.getRandomValue(CommonMethodsAndUtilities.java:207)
at CommonMethodsAndUtilities.CommonMethodsAndUtilities.getRandomValue(CommonMethodsAndUtilities.java:207)
at CommonMethodsAndUtilities.CommonMethodsAndUtilities.getRandomValue(CommonMethodsAndUtilities.java:207)
at CommonMethodsAndUtilities.CommonMethodsAndUtilities.getRandomValue(CommonMethodsAndUtilities.java:207)
at CommonMethodsAndUtilities.CommonMethodsAndUtilities.getRandomValue(CommonMethodsAndUtilities.java:207)
at CommonMethodsAndUtilities.CommonMethodsAndUtilities.getRandomValue(CommonMethodsAndUtilities.java:207)
at CommonMethodsAndUtilities.CommonMethodsAndUtilities.getRandomValue(CommonMethodsAndUtilities.java:207)
at CommonMethodsAndUtilities.CommonMethodsAndUtilities.getRandomValue(CommonMethodsAndUtilities.java:207)
at CommonMethodsAndUtilities.CommonMethodsAndUtilities.getRandomValue(CommonMethodsAndUtilities.java:207)
at CommonMethodsAndUtilities.CommonMethodsAndUtilities.getRandomValue(CommonMethodsAndUtilities.java:207)
at CommonMethodsAndUtilities.CommonMethodsAndUtilities.getRandomValue(CommonMethodsAndUtilities.java:207)
at CommonMethodsAndUtilities.CommonMethodsAndUtilities.getRandomValue(CommonMethodsAndUtilities.java:207)
at CommonMethodsAndUtilities.CommonMethodsAndUtilities.getRandomValue(CommonMethodsAndUtilities.java:207)
at CommonMethodsAndUtilities.CommonMethodsAndUtilities.getRandomValue(CommonMethodsAndUtilities.java:207)
at CommonMethodsAndUtilities.CommonMethodsAndUtilities.getRandomValue(CommonMethodsAndUtilities.java:207)
at CommonMethodsAndUtilities.CommonMethodsAndUtilities.getRandomValue(CommonMethodsAndUtilities.java:207)
at CommonMethodsAndUtilities.CommonMethodsAndUtilities.getRandomValue(CommonMethodsAndUtilities.java:207)
at CommonMethodsAndUtilities.CommonMethodsAndUtilities.getRandomValue(CommonMethodsAndUtilities.java:207)
at CommonMethodsAndUtilities.CommonMethodsAndUtilities.getRandomValue(CommonMethodsAndUtilities.java:207)
at CommonMethodsAndUtilities.CommonMethodsAndUtilities.getRandomValue(CommonMethodsAndUtilities.java:207)
at CommonMethodsAndUtilities.CommonMethodsAndUtilities.getRandomValue(CommonMethodsAndUtilities.java:207)
at CommonMethodsAndUtilities.CommonMethodsAndUtilities.getRandomValue(CommonMethodsAndUtilities.java:207)
at CommonMethodsAndUtilities.CommonMethodsAndUtilities.getRandomValue(CommonMethodsAndUtilities.java:207)
at CommonMethodsAndUtilities.CommonMethodsAndUtilities.getRandomValue(CommonMethodsAndUtilities.java:207)
at CommonMethodsAndUtilities.CommonMethodsAndUtilities.getRandomValue(CommonMethodsAndUtilities.java:207)
at CommonMethodsAndUtilities.CommonMethodsAndUtilities.getRandomValue(CommonMethodsAndUtilities.java:207)
at CommonMethodsAndUtilities.CommonMethodsAndUtilities.getRandomValue(CommonMethodsAndUtilities.java:207)
at CommonMethodsAndUtilities.CommonMethodsAndUtilities.getRandomValue(CommonMethodsAndUtilities.java:207)
at CommonMethodsAndUtilities.CommonMethodsAndUtilities.getRandomValue(CommonMethodsAndUtilities.java:207)
at CommonMethodsAndUtilities.CommonMethodsAndUtilities.getRandomValue(CommonMethodsAndUtilities.java:207)
at CommonMethodsAndUtilities.CommonMethodsAndUtilities.getRandomValue(CommonMethodsAndUtilities.java:207)
at CommonMethodsAndUtilities.CommonMethodsAndUtilities.getRandomValue(CommonMethodsAndUtilities.java:207)
at CommonMethodsAndUtilities.CommonMethodsAndUtilities.getRandomValue(CommonMethodsAndUtilities.java:207)
at CommonMethodsAndUtilities.CommonMethodsAndUtilities.getRandomValue(CommonMethodsAndUtilities.java:207)
at CommonMethodsAndUtilities.CommonMethodsAndUtilities.getRandomValue(CommonMethodsAndUtilities.java:207)
at CommonMethodsAndUtilities.CommonMethodsAndUtilities.getRandomValue(CommonMethodsAndUtilities.java:207)
at CommonMethodsAndUtilities.CommonMethodsAndUtilities.getRandomValue(CommonMethodsAndUtilities.java:207)
at CommonMethodsAndUtilities.CommonMethodsAndUtilities.getRandomValue(CommonMethodsAndUtilities.java:207)
at CommonMethodsAndUtilities.CommonMethodsAndUtilities.getRandomValue(CommonMethodsAndUtilities.java:207)
at CommonMethodsAndUtilities.CommonMethodsAndUtilities.getRandomValue(CommonMethodsAndUtilities.java:207)
at CommonMethodsAndUtilities.CommonMethodsAndUtilities.getRandomValue(CommonMethodsAndUtilities.java:207)
at CommonMethodsAndUtilities.CommonMethodsAndUtilities.getRandomValue(CommonMethodsAndUtilities.java:207)
at CommonMethodsAndUtilities.CommonMethodsAndUtilities.getRandomValue(CommonMethodsAndUtilities.java:207)
at CommonMethodsAndUtilities.CommonMethodsAndUtilities.getRandomValue(CommonMethodsAndUtilities.java:207)
at CommonMethodsAndUtilities.CommonMethodsAndUtilities.getRandomValue(CommonMethodsAndUtilities.java:207)
at CommonMethodsAndUtilities.CommonMethodsAndUtilities.getRandomValue(CommonMethodsAndUtilities.java:207)
at CommonMethodsAndUtilities.CommonMethodsAndUtilities.getRandomValue(CommonMethodsAndUtilities.java:207)
at CommonMethodsAndUtilities.CommonMethodsAndUtilities.getRandomValue(CommonMethodsAndUtilities.java:207)
at CommonMethodsAndUtilities.CommonMethodsAndUtilities.getRandomValue(CommonMethodsAndUtilities.java:207)
at CommonMethodsAndUtilities.CommonMethodsAndUtilities.getRandomValue(CommonMethodsAndUtilities.java:207)
at CommonMethodsAndUtilities.CommonMethodsAndUtilities.getRandomValue(CommonMethodsAndUtilities.java:207)
at CommonMethodsAndUtilities.CommonMethodsAndUtilities.getRandomValue(CommonMethodsAndUtilities.java:207)
at CommonMethodsAndUtilities.CommonMethodsAndUtilities.getRandomValue(CommonMethodsAndUtilities.java:207)
at CommonMethodsAndUtilities.CommonMethodsAndUtilities.getRandomValue(CommonMethodsAndUtilities.java:207)
at CommonMethodsAndUtilities.CommonMethodsAndUtilities.getRandomValue(CommonMethodsAndUtilities.java:207)
at CommonMethodsAndUtilities.CommonMethodsAndUtilities.getRandomValue(CommonMethodsAndUtilities.java:207)
at CommonMethodsAndUtilities.CommonMethodsAndUtilities.getRandomValue(CommonMethodsAndUtilities.java:207)
at CommonMethodsAndUtilities.CommonMethodsAndUtilities.getRandomValue(CommonMethodsAndUtilities.java:207)
at CommonMethodsAndUtilities.CommonMethodsAndUtilities.getRandomValue(CommonMethodsAndUtilities.java:207)
at CommonMethodsAndUtilities.CommonMethodsAndUtilities.getRandomValue(CommonMethodsAndUtilities.java:207)
at CommonMethodsAndUtilities.CommonMethodsAndUtilities.getRandomValue(CommonMethodsAndUtilities.java:207)
at CommonMethodsAndUtilities.CommonMethodsAndUtilities.getRandomValue(CommonMethodsAndUtilities.java:207)
at CommonMethodsAndUtilities.CommonMethodsAndUtilities.getRandomValue(CommonMethodsAndUtilities.java:207)
at CommonMethodsAndUtilities.CommonMethodsAndUtilities.getRandomValue(CommonMethodsAndUtilities.java:207)
at CommonMethodsAndUtilities.CommonMethodsAndUtilities.getRandomValue(CommonMethodsAndUtilities.java:207)
at CommonMethodsAndUtilities.CommonMethodsAndUtilities.getRandomValue(CommonMethodsAndUtilities.java:207)
at CommonMethodsAndUtilities.CommonMethodsAndUtilities.getRandomValue(CommonMethodsAndUtilities.java:207)
at CommonMethodsAndUtilities.CommonMethodsAndUtilities.getRandomValue(CommonMethodsAndUtilities.java:207)
at CommonMethodsAndUtilities.CommonMethodsAndUtilities.getRandomValue(CommonMethodsAndUtilities.java:207)
at CommonMethodsAndUtilities.CommonMethodsAndUtilities.getRandomValue(CommonMethodsAndUtilities.java:207)
at CommonMethodsAndUtilities.CommonMethodsAndUtilities.getRandomValue(CommonMethodsAndUtilities.java:207)
at CommonMethodsAndUtilities.CommonMethodsAndUtilities.getRandomValue(CommonMethodsAndUtilities.java:207)
at CommonMethodsAndUtilities.CommonMethodsAndUtilities.getRandomValue(CommonMethodsAndUtilities.java:207)
at CommonMethodsAndUtilities.CommonMethodsAndUtilities.getRandomValue(CommonMethodsAndUtilities.java:207)
at CommonMethodsAndUtilities.CommonMethodsAndUtilities.getRandomValue(CommonMethodsAndUtilities.java:207)
at CommonMethodsAndUtilities.CommonMethodsAndUtilities.getRandomValue(CommonMethodsAndUtilities.java:207)
at CommonMethodsAndUtilities.CommonMethodsAndUtilities.getRandomValue(CommonMethodsAndUtilities.java:207)
at CommonMethodsAndUtilities.CommonMethodsAndUtilities.getRandomValue(CommonMethodsAndUtilities.java:207)
at CommonMethodsAndUtilities.CommonMethodsAndUtilities.getRandomValue(CommonMethodsAndUtilities.java:207)
at CommonMethodsAndUtilities.CommonMethodsAndUtilities.getRandomValue(CommonMethodsAndUtilities.java:207)
at CommonMethodsAndUtilities.CommonMethodsAndUtilities.getRandomValue(CommonMethodsAndUtilities.java:207)
at CommonMethodsAndUtilities.CommonMethodsAndUtilities.getRandomValue(CommonMethodsAndUtilities.java:207)
at CommonMethodsAndUtilities.CommonMethodsAndUtilities.getRandomValue(CommonMethodsAndUtilities.java:207)
at CommonMethodsAndUtilities.CommonMethodsAndUtilities.getRandomValue(CommonMethodsAndUtilities.java:207)
at CommonMethodsAndUtilities.CommonMethodsAndUtilities.getRandomValue(CommonMethodsAndUtilities.java:207)
at CommonMethodsAndUtilities.CommonMethodsAndUtilities.getRandomValue(CommonMethodsAndUtilities.java:207)
at CommonMethodsAndUtilities.CommonMethodsAndUtilities.getRandomValue(CommonMethodsAndUtilities.java:207)
at CommonMethodsAndUtilities.CommonMethodsAndUtilities.getRandomValue(CommonMethodsAndUtilities.java:207)
at CommonMethodsAndUtilities.CommonMethodsAndUtilities.getRandomValue(CommonMethodsAndUtilities.java:207)
at CommonMethodsAndUtilities.CommonMethodsAndUtilities.getRandomValue(CommonMethodsAndUtilities.java:207)
at CommonMethodsAndUtilities.CommonMethodsAndUtilities.getRandomValue(CommonMethodsAndUtilities.java:207)
at CommonMethodsAndUtilities.CommonMethodsAndUtilities.getRandomValue(CommonMethodsAndUtilities.java:207)
at CommonMethodsAndUtilities.CommonMethodsAndUtilities.getRandomValue(CommonMethodsAndUtilities.java:207)
at CommonMethodsAndUtilities.CommonMethodsAndUtilities.getRandomValue(CommonMethodsAndUtilities.java:207)
at CommonMethodsAndUtilities.CommonMethodsAndUtilities.getRandomValue(CommonMethodsAndUtilities.java:207)
at CommonMethodsAndUtilities.CommonMethodsAndUtilities.getRandomValue(CommonMethodsAndUtilities.java:207)
at CommonMethodsAndUtilities.CommonMethodsAndUtilities.getRandomValue(CommonMethodsAndUtilities.java:207)
at CommonMethodsAndUtilities.CommonMethodsAndUtilities.getRandomValue(CommonMethodsAndUtilities.java:207)
at CommonMethodsAndUtilities.CommonMethodsAndUtilities.getRandomValue(CommonMethodsAndUtilities.java:207)
at CommonMethodsAndUtilities.CommonMethodsAndUtilities.getRandomValue(CommonMethodsAndUtilities.java:207)
at CommonMethodsAndUtilities.CommonMethodsAndUtilities.getRandomValue(CommonMethodsAndUtilities.java:207)
at CommonMethodsAndUtilities.CommonMethodsAndUtilities.getRandomValue(CommonMethodsAndUtilities.java:207)
at CommonMethodsAndUtilities.CommonMethodsAndUtilities.getRandomValue(CommonMethodsAndUtilities.java:207)
at CommonMethodsAndUtilities.CommonMethodsAndUtilities.getRandomValue(CommonMethodsAndUtilities.java:207)
at CommonMethodsAndUtilities.CommonMethodsAndUtilities.getRandomValue(CommonMethodsAndUtilities.java:207)
at CommonMethodsAndUtilities.CommonMethodsAndUtilities.getRandomValue(CommonMethodsAndUtilities.java:207)
at CommonMethodsAndUtilities.CommonMethodsAndUtilities.getRandomValue(CommonMethodsAndUtilities.java:207)
at CommonMethodsAndUtilities.CommonMethodsAndUtilities.getRandomValue(CommonMethodsAndUtilities.java:207)
at CommonMethodsAndUtilities.CommonMethodsAndUtilities.getRandomValue(CommonMethodsAndUtilities.java:207)
at CommonMethodsAndUtilities.CommonMethodsAndUtilities.getRandomValue(CommonMethodsAndUtilities.java:207)
at CommonMethodsAndUtilities.CommonMethodsAndUtilities.getRandomValue(CommonMethodsAndUtilities.java:207)
at CommonMethodsAndUtilities.CommonMethodsAndUtilities.getRandomValue(CommonMethodsAndUtilities.java:207)
at CommonMethodsAndUtilities.CommonMethodsAndUtilities.getRandomValue(CommonMethodsAndUtilities.java:207)
at CommonMethodsAndUtilities.CommonMethodsAndUtilities.getRandomValue(CommonMethodsAndUtilities.java:207)
at CommonMethodsAndUtilities.CommonMethodsAndUtilities.getRandomValue(CommonMethodsAndUtilities.java:207)
at CommonMethodsAndUtilities.CommonMethodsAndUtilities.getRandomValue(CommonMethodsAndUtilities.java:207)
at CommonMethodsAndUtilities.CommonMethodsAndUtilities.getRandomValue(CommonMethodsAndUtilities.java:207)
at CommonMethodsAndUtilities.CommonMethodsAndUtilities.getRandomValue(CommonMethodsAndUtilities.java:207)
at CommonMethodsAndUtilities.CommonMethodsAndUtilities.getRandomValue(CommonMethodsAndUtilities.java:207)
at CommonMethodsAndUtilities.CommonMethodsAndUtilities.getRandomValue(CommonMethodsAndUtilities.java:207)
at CommonMethodsAndUtilities.CommonMethodsAndUtilities.getRandomValue(CommonMethodsAndUtilities.java:207)
at CommonMethodsAndUtilities.CommonMethodsAndUtilities.getRandomValue(CommonMethodsAndUtilities.java:207)
at CommonMethodsAndUtilities.CommonMethodsAndUtilities.getRandomValue(CommonMethodsAndUtilities.java:207)
at CommonMethodsAndUtilities.CommonMethodsAndUtilities.getRandomValue(CommonMethodsAndUtilities.java:207)
at CommonMethodsAndUtilities.CommonMethodsAndUtilities.getRandomValue(CommonMethodsAndUtilities.java:207)
at CommonMethodsAndUtilities.CommonMethodsAndUtilities.getRandomValue(CommonMethodsAndUtilities.java:207)
at CommonMethodsAndUtilities.CommonMethodsAndUtilities.getRandomValue(CommonMethodsAndUtilities.java:207)
at CommonMethodsAndUtilities.CommonMethodsAndUtilities.getRandomValue(CommonMethodsAndUtilities.java:207)
at CommonMethodsAndUtilities.CommonMethodsAndUtilities.getRandomValue(CommonMethodsAndUtilities.java:207)
at CommonMethodsAndUtilities.CommonMethodsAndUtilities.getRandomValue(CommonMethodsAndUtilities.java:207)
at CommonMethodsAndUtilities.CommonMethodsAndUtilities.getRandomValue(CommonMethodsAndUtilities.java:207)
at CommonMethodsAndUtilities.CommonMethodsAndUtilities.getRandomValue(CommonMethodsAndUtilities.java:207)
at CommonMethodsAndUtilities.CommonMethodsAndUtilities.getRandomValue(CommonMethodsAndUtilities.java:207)
at CommonMethodsAndUtilities.CommonMethodsAndUtilities.getRandomValue(CommonMethodsAndUtilities.java:207)
at CommonMethodsAndUtilities.CommonMethodsAndUtilities.getRandomValue(CommonMethodsAndUtilities.java:207)
at CommonMethodsAndUtilities.CommonMethodsAndUtilities.getRandomValue(CommonMethodsAndUtilities.java:207)
at CommonMethodsAndUtilities.CommonMethodsAndUtilities.getRandomValue(CommonMethodsAndUtilities.java:207)
at CommonMethodsAndUtilities.CommonMethodsAndUtilities.getRandomValue(CommonMethodsAndUtilities.java:207)
at CommonMethodsAndUtilities.CommonMethodsAndUtilities.getRandomValue(CommonMethodsAndUtilities.java:207)
at CommonMethodsAndUtilities.CommonMethodsAndUtilities.getRandomValue(CommonMethodsAndUtilities.java:207)
at CommonMethodsAndUtilities.CommonMethodsAndUtilities.getRandomValue(CommonMethodsAndUtilities.java:207)
at CommonMethodsAndUtilities.CommonMethodsAndUtilities.getRandomValue(CommonMethodsAndUtilities.java:207)
at CommonMethodsAndUtilities.CommonMethodsAndUtilities.getRandomValue(CommonMethodsAndUtilities.java:207)
at CommonMethodsAndUtilities.CommonMethodsAndUtilities.getRandomValue(CommonMethodsAndUtilities.java:207)
at CommonMethodsAndUtilities.CommonMethodsAndUtilities.getRandomValue(CommonMethodsAndUtilities.java:207)
at CommonMethodsAndUtilities.CommonMethodsAndUtilities.getRandomValue(CommonMethodsAndUtilities.java:207)
at CommonMethodsAndUtilities.CommonMethodsAndUtilities.getRandomValue(CommonMethodsAndUtilities.java:207)
at CommonMethodsAndUtilities.CommonMethodsAndUtilities.getRandomValue(CommonMethodsAndUtilities.java:207)
at CommonMethodsAndUtilities.CommonMethodsAndUtilities.getRandomValue(CommonMethodsAndUtilities.java:207)
at CommonMethodsAndUtilities.CommonMethodsAndUtilities.getRandomValue(CommonMethodsAndUtilities.java:207)
at CommonMethodsAndUtilities.CommonMethodsAndUtilities.getRandomValue(CommonMethodsAndUtilities.java:207)
at CommonMethodsAndUtilities.CommonMethodsAndUtilities.getRandomValue(CommonMethodsAndUtilities.java:207)
at CommonMethodsAndUtilities.CommonMethodsAndUtilities.getRandomValue(CommonMethodsAndUtilities.java:207)
at CommonMethodsAndUtilities.CommonMethodsAndUtilities.getRandomValue(CommonMethodsAndUtilities.java:207)
at CommonMethodsAndUtilities.CommonMethodsAndUtilities.getRandomValue(CommonMethodsAndUtilities.java:207)
at CommonMethodsAndUtilities.CommonMethodsAndUtilities.getRandomValue(CommonMethodsAndUtilities.java:207)
at CommonMethodsAndUtilities.CommonMethodsAndUtilities.getRandomValue(CommonMethodsAndUtilities.java:207)
at CommonMethodsAndUtilities.CommonMethodsAndUtilities.getRandomValue(CommonMethodsAndUtilities.java:207)
at CommonMethodsAndUtilities.CommonMethodsAndUtilities.getRandomValue(CommonMethodsAndUtilities.java:207)
at CommonMethodsAndUtilities.CommonMethodsAndUtilities.getRandomValue(CommonMethodsAndUtilities.java:207)
at CommonMethodsAndUtilities.CommonMethodsAndUtilities.getRandomValue(CommonMethodsAndUtilities.java:207)
at CommonMethodsAndUtilities.CommonMethodsAndUtilities.getRandomValue(CommonMethodsAndUtilities.java:207)
at CommonMethodsAndUtilities.CommonMethodsAndUtilities.getRandomValue(CommonMethodsAndUtilities.java:207)
at CommonMethodsAndUtilities.CommonMethodsAndUtilities.getRandomValue(CommonMethodsAndUtilities.java:207)
at CommonMethodsAndUtilities.CommonMethodsAndUtilities.getRandomValue(CommonMethodsAndUtilities.java:207)
at CommonMethodsAndUtilities.CommonMethodsAndUtilities.getRandomValue(CommonMethodsAndUtilities.java:207)
at CommonMethodsAndUtilities.CommonMethodsAndUtilities.getRandomValue(CommonMethodsAndUtilities.java:207)
at CommonMethodsAndUtilities.CommonMethodsAndUtilities.getRandomValue(CommonMethodsAndUtilities.java:207)
at CommonMethodsAndUtilities.CommonMethodsAndUtilities.getRandomValue(CommonMethodsAndUtilities.java:207)
at CommonMethodsAndUtilities.CommonMethodsAndUtilities.getRandomValue(CommonMethodsAndUtilities.java:207)
at CommonMethodsAndUtilities.CommonMethodsAndUtilities.getRandomValue(CommonMethodsAndUtilities.java:207)
at CommonMethodsAndUtilities.CommonMethodsAndUtilities.getRandomValue(CommonMethodsAndUtilities.java:207)
at CommonMethodsAndUtilities.CommonMethodsAndUtilities.getRandomValue(CommonMethodsAndUtilities.java:207)
at CommonMethodsAndUtilities.CommonMethodsAndUtilities.getRandomValue(CommonMethodsAndUtilities.java:207)
at CommonMethodsAndUtilities.CommonMethodsAndUtilities.getRandomValue(CommonMethodsAndUtilities.java:207)
at CommonMethodsAndUtilities.CommonMethodsAndUtilities.getRandomValue(CommonMethodsAndUtilities.java:207)
at CommonMethodsAndUtilities.CommonMethodsAndUtilities.getRandomValue(CommonMethodsAndUtilities.java:207)
at CommonMethodsAndUtilities.CommonMethodsAndUtilities.getRandomValue(CommonMethodsAndUtilities.java:207)
at CommonMethodsAndUtilities.CommonMethodsAndUtilities.getRandomValue(CommonMethodsAndUtilities.java:207)
at CommonMethodsAndUtilities.CommonMethodsAndUtilities.getRandomValue(CommonMethodsAndUtilities.java:207)
at CommonMethodsAndUtilities.CommonMethodsAndUtilities.getRandomValue(CommonMethodsAndUtilities.java:207)
at CommonMethodsAndUtilities.CommonMethodsAndUtilities.getRandomValue(CommonMethodsAndUtilities.java:207)
at CommonMethodsAndUtilities.CommonMethodsAndUtilities.getRandomValue(CommonMethodsAndUtilities.java:207)
at CommonMethodsAndUtilities.CommonMethodsAndUtilities.getRandomValue(CommonMethodsAndUtilities.java:207)
at CommonMethodsAndUtilities.CommonMethodsAndUtilities.getRandomValue(CommonMethodsAndUtilities.java:207)
at CommonMethodsAndUtilities.CommonMethodsAndUtilities.getRandomValue(CommonMethodsAndUtilities.java:207)
at CommonMethodsAndUtilities.CommonMethodsAndUtilities.getRandomValue(CommonMethodsAndUtilities.java:207)
at CommonMethodsAndUtilities.CommonMethodsAndUtilities.getRandomValue(CommonMethodsAndUtilities.java:207)
at CommonMethodsAndUtilities.CommonMethodsAndUtilities.getRandomValue(CommonMethodsAndUtilities.java:207)
at CommonMethodsAndUtilities.CommonMethodsAndUtilities.getRandomValue(CommonMethodsAndUtilities.java:207)
at CommonMethodsAndUtilities.CommonMethodsAndUtilities.getRandomValue(CommonMethodsAndUtilities.java:207)
at CommonMethodsAndUtilities.CommonMethodsAndUtilities.getRandomValue(CommonMethodsAndUtilities.java:207)
at CommonMethodsAndUtilities.CommonMethodsAndUtilities.getRandomValue(CommonMethodsAndUtilities.java:207)
at CommonMethodsAndUtilities.CommonMethodsAndUtilities.getRandomValue(CommonMethodsAndUtilities.java:207)
at CommonMethodsAndUtilities.CommonMethodsAndUtilities.getRandomValue(CommonMethodsAndUtilities.java:207)
at CommonMethodsAndUtilities.CommonMethodsAndUtilities.getRandomValue(CommonMethodsAndUtilities.java:207)
at CommonMethodsAndUtilities.CommonMethodsAndUtilities.getRandomValue(CommonMethodsAndUtilities.java:207)
at CommonMethodsAndUtilities.CommonMethodsAndUtilities.getRandomValue(CommonMethodsAndUtilities.java:207)
at CommonMethodsAndUtilities.CommonMethodsAndUtilities.getRandomValue(CommonMethodsAndUtilities.java:207)
at CommonMethodsAndUtilities.CommonMethodsAndUtilities.getRandomValue(CommonMethodsAndUtilities.java:207)
at CommonMethodsAndUtilities.CommonMethodsAndUtilities.getRandomValue(CommonMethodsAndUtilities.java:207)
at CommonMethodsAndUtilities.CommonMethodsAndUtilities.getRandomValue(CommonMethodsAndUtilities.java:207)
at CommonMethodsAndUtilities.CommonMethodsAndUtilities.getRandomValue(CommonMethodsAndUtilities.java:207)
at CommonMethodsAndUtilities.CommonMethodsAndUtilities.getRandomValue(CommonMethodsAndUtilities.java:207)
at CommonMethodsAndUtilities.CommonMethodsAndUtilities.getRandomValue(CommonMethodsAndUtilities.java:207)
at CommonMethodsAndUtilities.CommonMethodsAndUtilities.getRandomValue(CommonMethodsAndUtilities.java:207)
at CommonMethodsAndUtilities.CommonMethodsAndUtilities.getRandomValue(CommonMethodsAndUtilities.java:207)
at CommonMethodsAndUtilities.CommonMethodsAndUtilities.getRandomValue(CommonMethodsAndUtilities.java:207)
at CommonMethodsAndUtilities.CommonMethodsAndUtilities.getRandomValue(CommonMethodsAndUtilities.java:207)
at CommonMethodsAndUtilities.CommonMethodsAndUtilities.getRandomValue(CommonMethodsAndUtilities.java:207)
at CommonMethodsAndUtilities.CommonMethodsAndUtilities.getRandomValue(CommonMethodsAndUtilities.java:207)
at CommonMethodsAndUtilities.CommonMethodsAndUtilities.getRandomValue(CommonMethodsAndUtilities.java:207)
at CommonMethodsAndUtilities.CommonMethodsAndUtilities.getRandomValue(CommonMethodsAndUtilities.java:207)
at CommonMethodsAndUtilities.CommonMethodsAndUtilities.getRandomValue(CommonMethodsAndUtilities.java:207)
at CommonMethodsAndUtilities.CommonMethodsAndUtilities.getRandomValue(CommonMethodsAndUtilities.java:207)
at CommonMethodsAndUtilities.CommonMethodsAndUtilities.getRandomValue(CommonMethodsAndUtilities.java:207)
at CommonMethodsAndUtilities.CommonMethodsAndUtilities.getRandomValue(CommonMethodsAndUtilities.java:207)
at CommonMethodsAndUtilities.CommonMethodsAndUtilities.getRandomValue(CommonMethodsAndUtilities.java:207)
at CommonMethodsAndUtilities.CommonMethodsAndUtilities.getRandomValue(CommonMethodsAndUtilities.java:207)
at CommonMethodsAndUtilities.CommonMethodsAndUtilities.getRandomValue(CommonMethodsAndUtilities.java:207)
at CommonMethodsAndUtilities.CommonMethodsAndUtilities.getRandomValue(CommonMethodsAndUtilities.java:207)
at CommonMethodsAndUtilities.CommonMethodsAndUtilities.getRandomValue(CommonMethodsAndUtilities.java:207)
at CommonMethodsAndUtilities.CommonMethodsAndUtilities.getRandomValue(CommonMethodsAndUtilities.java:207)
at CommonMethodsAndUtilities.CommonMethodsAndUtilities.getRandomValue(CommonMethodsAndUtilities.java:207)
at CommonMethodsAndUtilities.CommonMethodsAndUtilities.getRandomValue(CommonMethodsAndUtilities.java:207)
at CommonMethodsAndUtilities.CommonMethodsAndUtilities.getRandomValue(CommonMethodsAndUtilities.java:207)
at CommonMethodsAndUtilities.CommonMethodsAndUtilities.getRandomValue(CommonMethodsAndUtilities.java:207)
at CommonMethodsAndUtilities.CommonMethodsAndUtilities.getRandomValue(CommonMethodsAndUtilities.java:207)
at CommonMethodsAndUtilities.CommonMethodsAndUtilities.getRandomValue(CommonMethodsAndUtilities.java:207)
at CommonMethodsAndUtilities.CommonMethodsAndUtilities.getRandomValue(CommonMethodsAndUtilities.java:207)
at CommonMethodsAndUtilities.CommonMethodsAndUtilities.getRandomValue(CommonMethodsAndUtilities.java:207)
at CommonMethodsAndUtilities.CommonMethodsAndUtilities.getRandomValue(CommonMethodsAndUtilities.java:207)
at CommonMethodsAndUtilities.CommonMethodsAndUtilities.getRandomValue(CommonMethodsAndUtilities.java:207)
at CommonMethodsAndUtilities.CommonMethodsAndUtilities.getRandomValue(CommonMethodsAndUtilities.java:207)
at CommonMethodsAndUtilities.CommonMethodsAndUtilities.getRandomValue(CommonMethodsAndUtilities.java:207)
at CommonMethodsAndUtilities.CommonMethodsAndUtilities.getRandomValue(CommonMethodsAndUtilities.java:207)
at CommonMethodsAndUtilities.CommonMethodsAndUtilities.getRandomValue(CommonMethodsAndUtilities.java:207)
at CommonMethodsAndUtilities.CommonMethodsAndUtilities.getRandomValue(CommonMethodsAndUtilities.java:207)
at CommonMethodsAndUtilities.CommonMethodsAndUtilities.getRandomValue(CommonMethodsAndUtilities.java:207)
at CommonMethodsAndUtilities.CommonMethodsAndUtilities.getRandomValue(CommonMethodsAndUtilities.java:207)
at CommonMethodsAndUtilities.CommonMethodsAndUtilities.getRandomValue(CommonMethodsAndUtilities.java:207)
at CommonMethodsAndUtilities.CommonMethodsAndUtilities.getRandomValue(CommonMethodsAndUtilities.java:207)
at CommonMethodsAndUtilities.CommonMethodsAndUtilities.getRandomValue(CommonMethodsAndUtilities.java:207)
at CommonMethodsAndUtilities.CommonMethodsAndUtilities.getRandomValue(CommonMethodsAndUtilities.java:207)
at CommonMethodsAndUtilities.CommonMethodsAndUtilities.getRandomValue(CommonMethodsAndUtilities.java:207)
at CommonMethodsAndUtilities.CommonMethodsAndUtilities.getRandomValue(CommonMethodsAndUtilities.java:207)
at CommonMethodsAndUtilities.CommonMethodsAndUtilities.getRandomValue(CommonMethodsAndUtilities.java:207)
at CommonMethodsAndUtilities.CommonMethodsAndUtilities.getRandomValue(CommonMethodsAndUtilities.java:207)
at CommonMethodsAndUtilities.CommonMethodsAndUtilities.getRandomValue(CommonMethodsAndUtilities.java:207)
at CommonMethodsAndUtilities.CommonMethodsAndUtilities.getRandomValue(CommonMethodsAndUtilities.java:207)
at CommonMethodsAndUtilities.CommonMethodsAndUtilities.getRandomValue(CommonMethodsAndUtilities.java:207)
at CommonMethodsAndUtilities.CommonMethodsAndUtilities.getRandomValue(CommonMethodsAndUtilities.java:207)
at CommonMethodsAndUtilities.CommonMethodsAndUtilities.getRandomValue(CommonMethodsAndUtilities.java:207)
at CommonMethodsAndUtilities.CommonMethodsAndUtilities.getRandomValue(CommonMethodsAndUtilities.java:207)
at CommonMethodsAndUtilities.CommonMethodsAndUtilities.getRandomValue(CommonMethodsAndUtilities.java:207)
at CommonMethodsAndUtilities.CommonMethodsAndUtilities.getRandomValue(CommonMethodsAndUtilities.java:207)
at CommonMethodsAndUtilities.CommonMethodsAndUtilities.getRandomValue(CommonMethodsAndUtilities.java:207)
at CommonMethodsAndUtilities.CommonMethodsAndUtilities.getRandomValue(CommonMethodsAndUtilities.java:207)
at CommonMethodsAndUtilities.CommonMethodsAndUtilities.getRandomValue(CommonMethodsAndUtilities.java:207)
at CommonMethodsAndUtilities.CommonMethodsAndUtilities.getRandomValue(CommonMethodsAndUtilities.java:207)
at CommonMethodsAndUtilities.CommonMethodsAndUtilities.getRandomValue(CommonMethodsAndUtilities.java:207)
at CommonMethodsAndUtilities.CommonMethodsAndUtilities.getRandomValue(CommonMethodsAndUtilities.java:207)
at CommonMethodsAndUtilities.CommonMethodsAndUtilities.getRandomValue(CommonMethodsAndUtilities.java:207)
at CommonMethodsAndUtilities.CommonMethodsAndUtilities.getRandomValue(CommonMethodsAndUtilities.java:207)
at CommonMethodsAndUtilities.CommonMethodsAndUtilities.getRandomValue(CommonMethodsAndUtilities.java:207)
at CommonMethodsAndUtilities.CommonMethodsAndUtilities.getRandomValue(CommonMethodsAndUtilities.java:207)
at CommonMethodsAndUtilities.CommonMethodsAndUtilities.getRandomValue(CommonMethodsAndUtilities.java:207)
at CommonMethodsAndUtilities.CommonMethodsAndUtilities.getRandomValue(CommonMethodsAndUtilities.java:207)
at CommonMethodsAndUtilities.CommonMethodsAndUtilities.getRandomValue(CommonMethodsAndUtilities.java:207)
at CommonMethodsAndUtilities.CommonMethodsAndUtilities.getRandomValue(CommonMethodsAndUtilities.java:207)
at CommonMethodsAndUtilities.CommonMethodsAndUtilities.getRandomValue(CommonMethodsAndUtilities.java:207)
at CommonMethodsAndUtilities.CommonMethodsAndUtilities.getRandomValue(CommonMethodsAndUtilities.java:207)
at CommonMethodsAndUtilities.CommonMethodsAndUtilities.getRandomValue(CommonMethodsAndUtilities.java:207)
at CommonMethodsAndUtilities.CommonMethodsAndUtilities.getRandomValue(CommonMethodsAndUtilities.java:207)
at CommonMethodsAndUtilities.CommonMethodsAndUtilities.getRandomValue(CommonMethodsAndUtilities.java:207)
at CommonMethodsAndUtilities.CommonMethodsAndUtilities.getRandomValue(CommonMethodsAndUtilities.java:207)
at CommonMethodsAndUtilities.CommonMethodsAndUtilities.getRandomValue(CommonMethodsAndUtilities.java:207)
at CommonMethodsAndUtilities.CommonMethodsAndUtilities.getRandomValue(CommonMethodsAndUtilities.java:207)
at CommonMethodsAndUtilities.CommonMethodsAndUtilities.getRandomValue(CommonMethodsAndUtilities.java:207)
at CommonMethodsAndUtilities.CommonMethodsAndUtilities.getRandomValue(CommonMethodsAndUtilities.java:207)
at CommonMethodsAndUtilities.CommonMethodsAndUtilities.getRandomValue(CommonMethodsAndUtilities.java:207)
at CommonMethodsAndUtilities.CommonMethodsAndUtilities.getRandomValue(CommonMethodsAndUtilities.java:207)
at CommonMethodsAndUtilities.CommonMethodsAndUtilities.getRandomValue(CommonMethodsAndUtilities.java:207)
at CommonMethodsAndUtilities.CommonMethodsAndUtilities.getRandomValue(CommonMethodsAndUtilities.java:207)
at CommonMethodsAndUtilities.CommonMethodsAndUtilities.getRandomValue(CommonMethodsAndUtilities.java:207)
at CommonMethodsAndUtilities.CommonMethodsAndUtilities.getRandomValue(CommonMethodsAndUtilities.java:207)
at CommonMethodsAndUtilities.CommonMethodsAndUtilities.getRandomValue(CommonMethodsAndUtilities.java:207)
at CommonMethodsAndUtilities.CommonMethodsAndUtilities.getRandomValue(CommonMethodsAndUtilities.java:207)
at CommonMethodsAndUtilities.CommonMethodsAndUtilities.getRandomValue(CommonMethodsAndUtilities.java:207)
at CommonMethodsAndUtilities.CommonMethodsAndUtilities.getRandomValue(CommonMethodsAndUtilities.java:207)
at CommonMethodsAndUtilities.CommonMethodsAndUtilities.getRandomValue(CommonMethodsAndUtilities.java:207)
at CommonMethodsAndUtilities.CommonMethodsAndUtilities.getRandomValue(CommonMethodsAndUtilities.java:207)
at CommonMethodsAndUtilities.CommonMethodsAndUtilities.getRandomValue(CommonMethodsAndUtilities.java:207)
at CommonMethodsAndUtilities.CommonMethodsAndUtilities.getRandomValue(CommonMethodsAndUtilities.java:207)
at CommonMethodsAndUtilities.CommonMethodsAndUtilities.getRandomValue(CommonMethodsAndUtilities.java:207)
at CommonMethodsAndUtilities.CommonMethodsAndUtilities.getRandomValue(CommonMethodsAndUtilities.java:207)
at CommonMethodsAndUtilities.CommonMethodsAndUtilities.getRandomValue(CommonMethodsAndUtilities.java:207)
at CommonMethodsAndUtilities.CommonMethodsAndUtilities.getRandomValue(CommonMethodsAndUtilities.java:207)
at CommonMethodsAndUtilities.CommonMethodsAndUtilities.getRandomValue(CommonMethodsAndUtilities.java:207)
at CommonMethodsAndUtilities.CommonMethodsAndUtilities.getRandomValue(CommonMethodsAndUtilities.java:207)
at CommonMethodsAndUtilities.CommonMethodsAndUtilities.getRandomValue(CommonMethodsAndUtilities.java:207)
at CommonMethodsAndUtilities.CommonMethodsAndUtilities.getRandomValue(CommonMethodsAndUtilities.java:207)
at CommonMethodsAndUtilities.CommonMethodsAndUtilities.getRandomValue(CommonMethodsAndUtilities.java:207)
at CommonMethodsAndUtilities.CommonMethodsAndUtilities.getRandomValue(CommonMethodsAndUtilities.java:207)
at CommonMethodsAndUtilities.CommonMethodsAndUtilities.getRandomValue(CommonMethodsAndUtilities.java:207)
at CommonMethodsAndUtilities.CommonMethodsAndUtilities.getRandomValue(CommonMethodsAndUtilities.java:207)
at CommonMethodsAndUtilities.CommonMethodsAndUtilities.getRandomValue(CommonMethodsAndUtilities.java:207)
at CommonMethodsAndUtilities.CommonMethodsAndUtilities.getRandomValue(CommonMethodsAndUtilities.java:207)
at CommonMethodsAndUtilities.CommonMethodsAndUtilities.getRandomValue(CommonMethodsAndUtilities.java:207)
at CommonMethodsAndUtilities.CommonMethodsAndUtilities.getRandomValue(CommonMethodsAndUtilities.java:207)
at CommonMethodsAndUtilities.CommonMethodsAndUtilities.getRandomValue(CommonMethodsAndUtilities.java:207)
at CommonMethodsAndUtilities.CommonMethodsAndUtilities.getRandomValue(CommonMethodsAndUtilities.java:207)
at CommonMethodsAndUtilities.CommonMethodsAndUtilities.getRandomValue(CommonMethodsAndUtilities.java:207)
at CommonMethodsAndUtilities.CommonMethodsAndUtilities.getRandomValue(CommonMethodsAndUtilities.java:207)
at CommonMethodsAndUtilities.CommonMethodsAndUtilities.getRandomValue(CommonMethodsAndUtilities.java:207)
at CommonMethodsAndUtilities.CommonMethodsAndUtilities.getRandomValue(CommonMethodsAndUtilities.java:207)
at CommonMethodsAndUtilities.CommonMethodsAndUtilities.getRandomValue(CommonMethodsAndUtilities.java:207)
at CommonMethodsAndUtilities.CommonMethodsAndUtilities.getRandomValue(CommonMethodsAndUtilities.java:207)
at CommonMethodsAndUtilities.CommonMethodsAndUtilities.getRandomValue(CommonMethodsAndUtilities.java:207)
at CommonMethodsAndUtilities.CommonMethodsAndUtilities.getRandomValue(CommonMethodsAndUtilities.java:207)
at CommonMethodsAndUtilities.CommonMethodsAndUtilities.getRandomValue(CommonMethodsAndUtilities.java:207)
at CommonMethodsAndUtilities.CommonMethodsAndUtilities.getRandomValue(CommonMethodsAndUtilities.java:207)
at CommonMethodsAndUtilities.CommonMethodsAndUtilities.getRandomValue(CommonMethodsAndUtilities.java:207)
at CommonMethodsAndUtilities.CommonMethodsAndUtilities.getRandomValue(CommonMethodsAndUtilities.java:207)
at CommonMethodsAndUtilities.CommonMethodsAndUtilities.getRandomValue(CommonMethodsAndUtilities.java:207)
at CommonMethodsAndUtilities.CommonMethodsAndUtilities.getRandomValue(CommonMethodsAndUtilities.java:207)
at CommonMethodsAndUtilities.CommonMethodsAndUtilities.getRandomValue(CommonMethodsAndUtilities.java:207)
at CommonMethodsAndUtilities.CommonMethodsAndUtilities.getRandomValue(CommonMethodsAndUtilities.java:207)
at CommonMethodsAndUtilities.CommonMethodsAndUtilities.getRandomValue(CommonMethodsAndUtilities.java:207)
at CommonMethodsAndUtilities.CommonMethodsAndUtilities.getRandomValue(CommonMethodsAndUtilities.java:207)
at CommonMethodsAndUtilities.CommonMethodsAndUtilities.getRandomValue(CommonMethodsAndUtilities.java:207)
at CommonMethodsAndUtilities.CommonMethodsAndUtilities.getRandomValue(CommonMethodsAndUtilities.java:207)
at CommonMethodsAndUtilities.CommonMethodsAndUtilities.getRandomValue(CommonMethodsAndUtilities.java:207)
at CommonMethodsAndUtilities.CommonMethodsAndUtilities.getRandomValue(CommonMethodsAndUtilities.java:207)
at CommonMethodsAndUtilities.CommonMethodsAndUtilities.getRandomValue(CommonMethodsAndUtilities.java:207)
at CommonMethodsAndUtilities.CommonMethodsAndUtilities.getRandomValue(CommonMethodsAndUtilities.java:207)
at CommonMethodsAndUtilities.CommonMethodsAndUtilities.getRandomValue(CommonMethodsAndUtilities.java:207)
at CommonMethodsAndUtilities.CommonMethodsAndUtilities.getRandomValue(CommonMethodsAndUtilities.java:207)
at CommonMethodsAndUtilities.CommonMethodsAndUtilities.getRandomValue(CommonMethodsAndUtilities.java:207)
at CommonMethodsAndUtilities.CommonMethodsAndUtilities.getRandomValue(CommonMethodsAndUtilities.java:207)
at CommonMethodsAndUtilities.CommonMethodsAndUtilities.getRandomValue(CommonMethodsAndUtilities.java:207)
at CommonMethodsAndUtilities.CommonMethodsAndUtilities.getRandomValue(CommonMethodsAndUtilities.java:207)
at CommonMethodsAndUtilities.CommonMethodsAndUtilities.getRandomValue(CommonMethodsAndUtilities.java:207)
at CommonMethodsAndUtilities.CommonMethodsAndUtilities.getRandomValue(CommonMethodsAndUtilities.java:207)
at CommonMethodsAndUtilities.CommonMethodsAndUtilities.getRandomValue(CommonMethodsAndUtilities.java:207)
at CommonMethodsAndUtilities.CommonMethodsAndUtilities.getRandomValue(CommonMethodsAndUtilities.java:207)
at CommonMethodsAndUtilities.CommonMethodsAndUtilities.getRandomValue(CommonMethodsAndUtilities.java:207)
at CommonMethodsAndUtilities.CommonMethodsAndUtilities.getRandomValue(CommonMethodsAndUtilities.java:207)
at CommonMethodsAndUtilities.CommonMethodsAndUtilities.getRandomValue(CommonMethodsAndUtilities.java:207)
at CommonMethodsAndUtilities.CommonMethodsAndUtilities.getRandomValue(CommonMethodsAndUtilities.java:207)
at CommonMethodsAndUtilities.CommonMethodsAndUtilities.getRandomValue(CommonMethodsAndUtilities.java:207)
at CommonMethodsAndUtilities.CommonMethodsAndUtilities.getRandomValue(CommonMethodsAndUtilities.java:207)
at CommonMethodsAndUtilities.CommonMethodsAndUtilities.getRandomValue(CommonMethodsAndUtilities.java:207)
at CommonMethodsAndUtilities.CommonMethodsAndUtilities.getRandomValue(CommonMethodsAndUtilities.java:207)
at CommonMethodsAndUtilities.CommonMethodsAndUtilities.getRandomValue(CommonMethodsAndUtilities.java:207)
at CommonMethodsAndUtilities.CommonMethodsAndUtilities.getRandomValue(CommonMethodsAndUtilities.java:207)
at CommonMethodsAndUtilities.CommonMethodsAndUtilities.getRandomValue(CommonMethodsAndUtilities.java:207)
at CommonMethodsAndUtilities.CommonMethodsAndUtilities.getRandomValue(CommonMethodsAndUtilities.java:207)
at CommonMethodsAndUtilities.CommonMethodsAndUtilities.getRandomValue(CommonMethodsAndUtilities.java:207)
at CommonMethodsAndUtilities.CommonMethodsAndUtilities.getRandomValue(CommonMethodsAndUtilities.java:207)
at CommonMethodsAndUtilities.CommonMethodsAndUtilities.getRandomValue(CommonMethodsAndUtilities.java:207)
at CommonMethodsAndUtilities.CommonMethodsAndUtilities.getRandomValue(CommonMethodsAndUtilities.java:207)
at CommonMethodsAndUtilities.CommonMethodsAndUtilities.getRandomValue(CommonMethodsAndUtilities.java:207)
at CommonMethodsAndUtilities.CommonMethodsAndUtilities.getRandomValue(CommonMethodsAndUtilities.java:207)
at CommonMethodsAndUtilities.CommonMethodsAndUtilities.getRandomValue(CommonMethodsAndUtilities.java:207)
at CommonMethodsAndUtilities.CommonMethodsAndUtilities.getRandomValue(CommonMethodsAndUtilities.java:207)
at CommonMethodsAndUtilities.CommonMethodsAndUtilities.getRandomValue(CommonMethodsAndUtilities.java:207)
at CommonMethodsAndUtilities.CommonMethodsAndUtilities.getRandomValue(CommonMethodsAndUtilities.java:207)
at CommonMethodsAndUtilities.CommonMethodsAndUtilities.getRandomValue(CommonMethodsAndUtilities.java:207)
at CommonMethodsAndUtilities.CommonMethodsAndUtilities.getRandomValue(CommonMethodsAndUtilities.java:207)
at CommonMethodsAndUtilities.CommonMethodsAndUtilities.getRandomValue(CommonMethodsAndUtilities.java:207)
at CommonMethodsAndUtilities.CommonMethodsAndUtilities.getRandomValue(CommonMethodsAndUtilities.java:207)
at CommonMethodsAndUtilities.CommonMethodsAndUtilities.getRandomValue(CommonMethodsAndUtilities.java:207)
at CommonMethodsAndUtilities.CommonMethodsAndUtilities.getRandomValue(CommonMethodsAndUtilities.java:207)
at CommonMethodsAndUtilities.CommonMethodsAndUtilities.getRandomValue(CommonMethodsAndUtilities.java:207)
at CommonMethodsAndUtilities.CommonMethodsAndUtilities.getRandomValue(CommonMethodsAndUtilities.java:207)
at CommonMethodsAndUtilities.CommonMethodsAndUtilities.getRandomValue(CommonMethodsAndUtilities.java:207)
at CommonMethodsAndUtilities.CommonMethodsAndUtilities.getRandomValue(CommonMethodsAndUtilities.java:207)
at CommonMethodsAndUtilities.CommonMethodsAndUtilities.getRandomValue(CommonMethodsAndUtilities.java:207)
at CommonMethodsAndUtilities.CommonMethodsAndUtilities.getRandomValue(CommonMethodsAndUtilities.java:207)
at CommonMethodsAndUtilities.CommonMethodsAndUtilities.getRandomValue(CommonMethodsAndUtilities.java:207)
at CommonMethodsAndUtilities.CommonMethodsAndUtilities.getRandomValue(CommonMethodsAndUtilities.java:207)
at CommonMethodsAndUtilities.CommonMethodsAndUtilities.getRandomValue(CommonMethodsAndUtilities.java:207)
at CommonMethodsAndUtilities.CommonMethodsAndUtilities.getRandomValue(CommonMethodsAndUtilities.java:207)
at CommonMethodsAndUtilities.CommonMethodsAndUtilities.getRandomValue(CommonMethodsAndUtilities.java:207)
at CommonMethodsAndUtilities.CommonMethodsAndUtilities.getRandomValue(CommonMethodsAndUtilities.java:207)
at CommonMethodsAndUtilities.CommonMethodsAndUtilities.getRandomValue(CommonMethodsAndUtilities.java:207)
at CommonMethodsAndUtilities.CommonMethodsAndUtilities.getRandomValue(CommonMethodsAndUtilities.java:207)
at CommonMethodsAndUtilities.CommonMethodsAndUtilities.getRandomValue(CommonMethodsAndUtilities.java:207)
at CommonMethodsAndUtilities.CommonMethodsAndUtilities.getRandomValue(CommonMethodsAndUtilities.java:207)
at CommonMethodsAndUtilities.CommonMethodsAndUtilities.getRandomValue(CommonMethodsAndUtilities.java:207)
at CommonMethodsAndUtilities.CommonMethodsAndUtilities.getRandomValue(CommonMethodsAndUtilities.java:207)
at CommonMethodsAndUtilities.CommonMethodsAndUtilities.getRandomValue(CommonMethodsAndUtilities.java:207)
at CommonMethodsAndUtilities.CommonMethodsAndUtilities.getRandomValue(CommonMethodsAndUtilities.java:207)
at CommonMethodsAndUtilities.CommonMethodsAndUtilities.getRandomValue(CommonMethodsAndUtilities.java:207)
at CommonMethodsAndUtilities.CommonMethodsAndUtilities.getRandomValue(CommonMethodsAndUtilities.java:207)
at CommonMethodsAndUtilities.CommonMethodsAndUtilities.getRandomValue(CommonMethodsAndUtilities.java:207)
at CommonMethodsAndUtilities.CommonMethodsAndUtilities.getRandomValue(CommonMethodsAndUtilities.java:207)
at CommonMethodsAndUtilities.CommonMethodsAndUtilities.getRandomValue(CommonMethodsAndUtilities.java:207)
at CommonMethodsAndUtilities.CommonMethodsAndUtilities.getRandomValue(CommonMethodsAndUtilities.java:207)
at CommonMethodsAndUtilities.CommonMethodsAndUtilities.getRandomValue(CommonMethodsAndUtilities.java:207)
at CommonMethodsAndUtilities.CommonMethodsAndUtilities.getRandomValue(CommonMethodsAndUtilities.java:207)
at CommonMethodsAndUtilities.CommonMethodsAndUtilities.getRandomValue(CommonMethodsAndUtilities.java:207)
at CommonMethodsAndUtilities.CommonMethodsAndUtilities.getRandomValue(CommonMethodsAndUtilities.java:207)
at CommonMethodsAndUtilities.CommonMethodsAndUtilities.getRandomValue(CommonMethodsAndUtilities.java:207)
at CommonMethodsAndUtilities.CommonMethodsAndUtilities.getRandomValue(CommonMethodsAndUtilities.java:207)
at CommonMethodsAndUtilities.CommonMethodsAndUtilities.getRandomValue(CommonMethodsAndUtilities.java:207)
at CommonMethodsAndUtilities.CommonMethodsAndUtilities.getRandomValue(CommonMethodsAndUtilities.java:207)
at CommonMethodsAndUtilities.CommonMethodsAndUtilities.getRandomValue(CommonMethodsAndUtilities.java:207)
at CommonMethodsAndUtilities.CommonMethodsAndUtilities.getRandomValue(CommonMethodsAndUtilities.java:207)
at CommonMethodsAndUtilities.CommonMethodsAndUtilities.getRandomValue(CommonMethodsAndUtilities.java:207)
at CommonMethodsAndUtilities.CommonMethodsAndUtilities.getRandomValue(CommonMethodsAndUtilities.java:207)
at CommonMethodsAndUtilities.CommonMethodsAndUtilities.getRandomValue(CommonMethodsAndUtilities.java:207)
at CommonMethodsAndUtilities.CommonMethodsAndUtilities.getRandomValue(CommonMethodsAndUtilities.java:207)
at CommonMethodsAndUtilities.CommonMethodsAndUtilities.getRandomValue(CommonMethodsAndUtilities.java:207)
at CommonMethodsAndUtilities.CommonMethodsAndUtilities.getRandomValue(CommonMethodsAndUtilities.java:207)
at CommonMethodsAndUtilities.CommonMethodsAndUtilities.getRandomValue(CommonMethodsAndUtilities.java:207)
at CommonMethodsAndUtilities.CommonMethodsAndUtilities.getRandomValue(CommonMethodsAndUtilities.java:207)
at CommonMethodsAndUtilities.CommonMethodsAndUtilities.getRandomValue(CommonMethodsAndUtilities.java:207)
at CommonMethodsAndUtilities.CommonMethodsAndUtilities.getRandomValue(CommonMethodsAndUtilities.java:207)
at CommonMethodsAndUtilities.CommonMethodsAndUtilities.getRandomValue(CommonMethodsAndUtilities.java:207)
at CommonMethodsAndUtilities.CommonMethodsAndUtilities.getRandomValue(CommonMethodsAndUtilities.java:207)
at CommonMethodsAndUtilities.CommonMethodsAndUtilities.getRandomValue(CommonMethodsAndUtilities.java:207)
at CommonMethodsAndUtilities.CommonMethodsAndUtilities.getRandomValue(CommonMethodsAndUtilities.java:207)
at CommonMethodsAndUtilities.CommonMethodsAndUtilities.getRandomValue(CommonMethodsAndUtilities.java:207)
at CommonMethodsAndUtilities.CommonMethodsAndUtilities.getRandomValue(CommonMethodsAndUtilities.java:207)
at CommonMethodsAndUtilities.CommonMethodsAndUtilities.getRandomValue(CommonMethodsAndUtilities.java:207)
at CommonMethodsAndUtilities.CommonMethodsAndUtilities.getRandomValue(CommonMethodsAndUtilities.java:207)
at CommonMethodsAndUtilities.CommonMethodsAndUtilities.getRandomValue(CommonMethodsAndUtilities.java:207)
at CommonMethodsAndUtilities.CommonMethodsAndUtilities.getRandomValue(CommonMethodsAndUtilities.java:207)
at CommonMethodsAndUtilities.CommonMethodsAndUtilities.getRandomValue(CommonMethodsAndUtilities.java:207)
at CommonMethodsAndUtilities.CommonMethodsAndUtilities.getRandomValue(CommonMethodsAndUtilities.java:207)
at CommonMethodsAndUtilities.CommonMethodsAndUtilities.getRandomValue(CommonMethodsAndUtilities.java:207)
at CommonMethodsAndUtilities.CommonMethodsAndUtilities.getRandomValue(CommonMethodsAndUtilities.java:207)
at CommonMethodsAndUtilities.CommonMethodsAndUtilities.getRandomValue(CommonMethodsAndUtilities.java:207)
at CommonMethodsAndUtilities.CommonMethodsAndUtilities.getRandomValue(CommonMethodsAndUtilities.java:207)
at CommonMethodsAndUtilities.CommonMethodsAndUtilities.getRandomValue(CommonMethodsAndUtilities.java:207)
at CommonMethodsAndUtilities.CommonMethodsAndUtilities.getRandomValue(CommonMethodsAndUtilities.java:207)
at CommonMethodsAndUtilities.CommonMethodsAndUtilities.getRandomValue(CommonMethodsAndUtilities.java:207)
at CommonMethodsAndUtilities.CommonMethodsAndUtilities.getRandomValue(CommonMethodsAndUtilities.java:207)
at CommonMethodsAndUtilities.CommonMethodsAndUtilities.getRandomValue(CommonMethodsAndUtilities.java:207)
at CommonMethodsAndUtilities.CommonMethodsAndUtilities.getRandomValue(CommonMethodsAndUtilities.java:207)
at CommonMethodsAndUtilities.CommonMethodsAndUtilities.getRandomValue(CommonMethodsAndUtilities.java:207)
at CommonMethodsAndUtilities.CommonMethodsAndUtilities.getRandomValue(CommonMethodsAndUtilities.java:207)
at CommonMethodsAndUtilities.CommonMethodsAndUtilities.getRandomValue(CommonMethodsAndUtilities.java:207)
at CommonMethodsAndUtilities.CommonMethodsAndUtilities.getRandomValue(CommonMethodsAndUtilities.java:207)
at CommonMethodsAndUtilities.CommonMethodsAndUtilities.getRandomValue(CommonMethodsAndUtilities.java:207)
at CommonMethodsAndUtilities.CommonMethodsAndUtilities.getRandomValue(CommonMethodsAndUtilities.java:207)
at CommonMethodsAndUtilities.CommonMethodsAndUtilities.getRandomValue(CommonMethodsAndUtilities.java:207)
at CommonMethodsAndUtilities.CommonMethodsAndUtilities.getRandomValue(CommonMethodsAndUtilities.java:207)
at CommonMethodsAndUtilities.CommonMethodsAndUtilities.getRandomValue(CommonMethodsAndUtilities.java:207)
at CommonMethodsAndUtilities.CommonMethodsAndUtilities.getRandomValue(CommonMethodsAndUtilities.java:207)
at CommonMethodsAndUtilities.CommonMethodsAndUtilities.getRandomValue(CommonMethodsAndUtilities.java:207)
at CommonMethodsAndUtilities.CommonMethodsAndUtilities.getRandomValue(CommonMethodsAndUtilities.java:207)
at CommonMethodsAndUtilities.CommonMethodsAndUtilities.getRandomValue(CommonMethodsAndUtilities.java:207)
at CommonMethodsAndUtilities.CommonMethodsAndUtilities.getRandomValue(CommonMethodsAndUtilities.java:207)
at CommonMethodsAndUtilities.CommonMethodsAndUtilities.getRandomValue(CommonMethodsAndUtilities.java:207)
at CommonMethodsAndUtilities.CommonMethodsAndUtilities.getRandomValue(CommonMethodsAndUtilities.java:207)
at CommonMethodsAndUtilities.CommonMethodsAndUtilities.getRandomValue(CommonMethodsAndUtilities.java:207)
at CommonMethodsAndUtilities.CommonMethodsAndUtilities.getRandomValue(CommonMethodsAndUtilities.java:207)
at CommonMethodsAndUtilities.CommonMethodsAndUtilities.getRandomValue(CommonMethodsAndUtilities.java:207)
at CommonMethodsAndUtilities.CommonMethodsAndUtilities.getRandomValue(CommonMethodsAndUtilities.java:207)
at CommonMethodsAndUtilities.CommonMethodsAndUtilities.getRandomValue(CommonMethodsAndUtilities.java:207)
at CommonMethodsAndUtilities.CommonMethodsAndUtilities.getRandomValue(CommonMethodsAndUtilities.java:207)
at CommonMethodsAndUtilities.CommonMethodsAndUtilities.getRandomValue(CommonMethodsAndUtilities.java:207)
at CommonMethodsAndUtilities.CommonMethodsAndUtilities.getRandomValue(CommonMethodsAndUtilities.java:207)
at CommonMethodsAndUtilities.CommonMethodsAndUtilities.getRandomValue(CommonMethodsAndUtilities.java:207)
at CommonMethodsAndUtilities.CommonMethodsAndUtilities.getRandomValue(CommonMethodsAndUtilities.java:207)
at CommonMethodsAndUtilities.CommonMethodsAndUtilities.getRandomValue(CommonMethodsAndUtilities.java:207)
at CommonMethodsAndUtilities.CommonMethodsAndUtilities.getRandomValue(CommonMethodsAndUtilities.java:207)
at CommonMethodsAndUtilities.CommonMethodsAndUtilities.getRandomValue(CommonMethodsAndUtilities.java:207)
at CommonMethodsAndUtilities.CommonMethodsAndUtilities.getRandomValue(CommonMethodsAndUtilities.java:207)
at CommonMethodsAndUtilities.CommonMethodsAndUtilities.getRandomValue(CommonMethodsAndUtilities.java:207)
at CommonMethodsAndUtilities.CommonMethodsAndUtilities.getRandomValue(CommonMethodsAndUtilities.java:207)
at CommonMethodsAndUtilities.CommonMethodsAndUtilities.getRandomValue(CommonMethodsAndUtilities.java:207)
at CommonMethodsAndUtilities.CommonMethodsAndUtilities.getRandomValue(CommonMethodsAndUtilities.java:207)
at CommonMethodsAndUtilities.CommonMethodsAndUtilities.getRandomValue(CommonMethodsAndUtilities.java:207)
at CommonMethodsAndUtilities.CommonMethodsAndUtilities.getRandomValue(CommonMethodsAndUtilities.java:207)
at CommonMethodsAndUtilities.CommonMethodsAndUtilities.getRandomValue(CommonMethodsAndUtilities.java:207)
at CommonMethodsAndUtilities.CommonMethodsAndUtilities.getRandomValue(CommonMethodsAndUtilities.java:207)
at CommonMethodsAndUtilities.CommonMethodsAndUtilities.getRandomValue(CommonMethodsAndUtilities.java:207)
at CommonMethodsAndUtilities.CommonMethodsAndUtilities.getRandomValue(CommonMethodsAndUtilities.java:207)
at CommonMethodsAndUtilities.CommonMethodsAndUtilities.getRandomValue(CommonMethodsAndUtilities.java:207)
at CommonMethodsAndUtilities.CommonMethodsAndUtilities.getRandomValue(CommonMethodsAndUtilities.java:207)
at CommonMethodsAndUtilities.CommonMethodsAndUtilities.getRandomValue(CommonMethodsAndUtilities.java:207)
at CommonMethodsAndUtilities.CommonMethodsAndUtilities.getRandomValue(CommonMethodsAndUtilities.java:207)
at CommonMethodsAndUtilities.CommonMethodsAndUtilities.getRandomValue(CommonMethodsAndUtilities.java:207)
at CommonMethodsAndUtilities.CommonMethodsAndUtilities.getRandomValue(CommonMethodsAndUtilities.java:207)
at CommonMethodsAndUtilities.CommonMethodsAndUtilities.getRandomValue(CommonMethodsAndUtilities.java:207)
at CommonMethodsAndUtilities.CommonMethodsAndUtilities.getRandomValue(CommonMethodsAndUtilities.java:207)
at CommonMethodsAndUtilities.CommonMethodsAndUtilities.getRandomValue(CommonMethodsAndUtilities.java:207)
at CommonMethodsAndUtilities.CommonMethodsAndUtilities.getRandomValue(CommonMethodsAndUtilities.java:207)
at CommonMethodsAndUtilities.CommonMethodsAndUtilities.getRandomValue(CommonMethodsAndUtilities.java:207)
at CommonMethodsAndUtilities.CommonMethodsAndUtilities.getRandomValue(CommonMethodsAndUtilities.java:207)
at CommonMethodsAndUtilities.CommonMethodsAndUtilities.getRandomValue(CommonMethodsAndUtilities.java:207)
at CommonMethodsAndUtilities.CommonMethodsAndUtilities.getRandomValue(CommonMethodsAndUtilities.java:207)
at CommonMethodsAndUtilities.CommonMethodsAndUtilities.getRandomValue(CommonMethodsAndUtilities.java:207)
at CommonMethodsAndUtilities.CommonMethodsAndUtilities.getRandomValue(CommonMethodsAndUtilities.java:207)
at CommonMethodsAndUtilities.CommonMethodsAndUtilities.getRandomValue(CommonMethodsAndUtilities.java:207)
at CommonMethodsAndUtilities.CommonMethodsAndUtilities.getRandomValue(CommonMethodsAndUtilities.java:207)
at CommonMethodsAndUtilities.CommonMethodsAndUtilities.getRandomValue(CommonMethodsAndUtilities.java:207)
at CommonMethodsAndUtilities.CommonMethodsAndUtilities.getRandomValue(CommonMethodsAndUtilities.java:207)
at CommonMethodsAndUtilities.CommonMethodsAndUtilities.getRandomValue(CommonMethodsAndUtilities.java:207)
at CommonMethodsAndUtilities.CommonMethodsAndUtilities.getRandomValue(CommonMethodsAndUtilities.java:207)
at CommonMethodsAndUtilities.CommonMethodsAndUtilities.getRandomValue(CommonMethodsAndUtilities.java:207)
at CommonMethodsAndUtilities.CommonMethodsAndUtilities.getRandomValue(CommonMethodsAndUtilities.java:207)
at CommonMethodsAndUtilities.CommonMethodsAndUtilities.getRandomValue(CommonMethodsAndUtilities.java:207)
at CommonMethodsAndUtilities.CommonMethodsAndUtilities.getRandomValue(CommonMethodsAndUtilities.java:207)
at CommonMethodsAndUtilities.CommonMethodsAndUtilities.getRandomValue(CommonMethodsAndUtilities.java:207)
at CommonMethodsAndUtilities.CommonMethodsAndUtilities.getRandomValue(CommonMethodsAndUtilities.java:207)
at CommonMethodsAndUtilities.CommonMethodsAndUtilities.getRandomValue(CommonMethodsAndUtilities.java:207)
at CommonMethodsAndUtilities.CommonMethodsAndUtilities.getRandomValue(CommonMethodsAndUtilities.java:207)
at CommonMethodsAndUtilities.CommonMethodsAndUtilities.getRandomValue(CommonMethodsAndUtilities.java:207)
at CommonMethodsAndUtilities.CommonMethodsAndUtilities.getRandomValue(CommonMethodsAndUtilities.java:207)
at CommonMethodsAndUtilities.CommonMethodsAndUtilities.getRandomValue(CommonMethodsAndUtilities.java:207)
at CommonMethodsAndUtilities.CommonMethodsAndUtilities.getRandomValue(CommonMethodsAndUtilities.java:207)
at CommonMethodsAndUtilities.CommonMethodsAndUtilities.getRandomValue(CommonMethodsAndUtilities.java:207)
at CommonMethodsAndUtilities.CommonMethodsAndUtilities.getRandomValue(CommonMethodsAndUtilities.java:207)
at CommonMethodsAndUtilities.CommonMethodsAndUtilities.getRandomValue(CommonMethodsAndUtilities.java:207)
at CommonMethodsAndUtilities.CommonMethodsAndUtilities.getRandomValue(CommonMethodsAndUtilities.java:207)
at CommonMethodsAndUtilities.CommonMethodsAndUtilities.getRandomValue(CommonMethodsAndUtilities.java:207)
at CommonMethodsAndUtilities.CommonMethodsAndUtilities.getRandomValue(CommonMethodsAndUtilities.java:207)
at CommonMethodsAndUtilities.CommonMethodsAndUtilities.getRandomValue(CommonMethodsAndUtilities.java:207)
at CommonMethodsAndUtilities.CommonMethodsAndUtilities.getRandomValue(CommonMethodsAndUtilities.java:207)
at CommonMethodsAndUtilities.CommonMethodsAndUtilities.getRandomValue(CommonMethodsAndUtilities.java:207)
at CommonMethodsAndUtilities.CommonMethodsAndUtilities.getRandomValue(CommonMethodsAndUtilities.java:207)
at CommonMethodsAndUtilities.CommonMethodsAndUtilities.getRandomValue(CommonMethodsAndUtilities.java:207)
at CommonMethodsAndUtilities.CommonMethodsAndUtilities.getRandomValue(CommonMethodsAndUtilities.java:207)
at CommonMethodsAndUtilities.CommonMethodsAndUtilities.getRandomValue(CommonMethodsAndUtilities.java:207)
at CommonMethodsAndUtilities.CommonMethodsAndUtilities.getRandomValue(CommonMethodsAndUtilities.java:207)
at CommonMethodsAndUtilities.CommonMethodsAndUtilities.getRandomValue(CommonMethodsAndUtilities.java:207)
at CommonMethodsAndUtilities.CommonMethodsAndUtilities.getRandomValue(CommonMethodsAndUtilities.java:207)
at CommonMethodsAndUtilities.CommonMethodsAndUtilities.getRandomValue(CommonMethodsAndUtilities.java:207)
at CommonMethodsAndUtilities.CommonMethodsAndUtilities.getRandomValue(CommonMethodsAndUtilities.java:207)
at CommonMethodsAndUtilities.CommonMethodsAndUtilities.getRandomValue(CommonMethodsAndUtilities.java:207)
at CommonMethodsAndUtilities.CommonMethodsAndUtilities.getRandomValue(CommonMethodsAndUtilities.java:207)
at CommonMethodsAndUtilities.CommonMethodsAndUtilities.getRandomValue(CommonMethodsAndUtilities.java:207)
at CommonMethodsAndUtilities.CommonMethodsAndUtilities.getRandomValue(CommonMethodsAndUtilities.java:207)
at CommonMethodsAndUtilities.CommonMethodsAndUtilities.getRandomValue(CommonMethodsAndUtilities.java:207)
at CommonMethodsAndUtilities.CommonMethodsAndUtilities.getRandomValue(CommonMethodsAndUtilities.java:207)
at CommonMethodsAndUtilities.CommonMethodsAndUtilities.getRandomValue(CommonMethodsAndUtilities.java:207)
at CommonMethodsAndUtilities.CommonMethodsAndUtilities.getRandomValue(CommonMethodsAndUtilities.java:207)
at CommonMethodsAndUtilities.CommonMethodsAndUtilities.getRandomValue(CommonMethodsAndUtilities.java:207)
at CommonMethodsAndUtilities.CommonMethodsAndUtilities.getRandomValue(CommonMethodsAndUtilities.java:207)
at CommonMethodsAndUtilities.CommonMethodsAndUtilities.getRandomValue(CommonMethodsAndUtilities.java:207)
at CommonMethodsAndUtilities.CommonMethodsAndUtilities.getRandomValue(CommonMethodsAndUtilities.java:207)
at CommonMethodsAndUtilities.CommonMethodsAndUtilities.getRandomValue(CommonMethodsAndUtilities.java:207)
at CommonMethodsAndUtilities.CommonMethodsAndUtilities.getRandomValue(CommonMethodsAndUtilities.java:207)
]]>
    </error>
    <system-out>
      <![CDATA[The details are logged in a file
The first product name is: Sauce Labs Backpack
The first product price is: $29.99]]>
    </system-out>
  </testcase> <!-- assertPerformanceUser -->
  <testcase classname="ApplicationTests.E2ETests" name="assertErrorUser" time="0.683">
    <system-out>
      <![CDATA[The details are logged in a file
The first product name is: Sauce Labs Backpack
The first product price is: $29.99]]>
    </system-out>
  </testcase> <!-- assertErrorUser -->
  <testcase classname="ApplicationTests.E2ETests" name="assertPerformanceUser" time="5.499">
    <error type="java.lang.StackOverflowError">
      <![CDATA[java.lang.StackOverflowError
at CommonMethodsAndUtilities.CommonMethodsAndUtilities.getRandomValue(CommonMethodsAndUtilities.java:207)
at CommonMethodsAndUtilities.CommonMethodsAndUtilities.getRandomValue(CommonMethodsAndUtilities.java:207)
at CommonMethodsAndUtilities.CommonMethodsAndUtilities.getRandomValue(CommonMethodsAndUtilities.java:207)
at CommonMethodsAndUtilities.CommonMethodsAndUtilities.getRandomValue(CommonMethodsAndUtilities.java:207)
at CommonMethodsAndUtilities.CommonMethodsAndUtilities.getRandomValue(CommonMethodsAndUtilities.java:207)
at CommonMethodsAndUtilities.CommonMethodsAndUtilities.getRandomValue(CommonMethodsAndUtilities.java:207)
at CommonMethodsAndUtilities.CommonMethodsAndUtilities.getRandomValue(CommonMethodsAndUtilities.java:207)
at CommonMethodsAndUtilities.CommonMethodsAndUtilities.getRandomValue(CommonMethodsAndUtilities.java:207)
at CommonMethodsAndUtilities.CommonMethodsAndUtilities.getRandomValue(CommonMethodsAndUtilities.java:207)
at CommonMethodsAndUtilities.CommonMethodsAndUtilities.getRandomValue(CommonMethodsAndUtilities.java:207)
at CommonMethodsAndUtilities.CommonMethodsAndUtilities.getRandomValue(CommonMethodsAndUtilities.java:207)
at CommonMethodsAndUtilities.CommonMethodsAndUtilities.getRandomValue(CommonMethodsAndUtilities.java:207)
at CommonMethodsAndUtilities.CommonMethodsAndUtilities.getRandomValue(CommonMethodsAndUtilities.java:207)
at CommonMethodsAndUtilities.CommonMethodsAndUtilities.getRandomValue(CommonMethodsAndUtilities.java:207)
at CommonMethodsAndUtilities.CommonMethodsAndUtilities.getRandomValue(CommonMethodsAndUtilities.java:207)
at CommonMethodsAndUtilities.CommonMethodsAndUtilities.getRandomValue(CommonMethodsAndUtilities.java:207)
at CommonMethodsAndUtilities.CommonMethodsAndUtilities.getRandomValue(CommonMethodsAndUtilities.java:207)
at CommonMethodsAndUtilities.CommonMethodsAndUtilities.getRandomValue(CommonMethodsAndUtilities.java:207)
at CommonMethodsAndUtilities.CommonMethodsAndUtilities.getRandomValue(CommonMethodsAndUtilities.java:207)
at CommonMethodsAndUtilities.CommonMethodsAndUtilities.getRandomValue(CommonMethodsAndUtilities.java:207)
at CommonMethodsAndUtilities.CommonMethodsAndUtilities.getRandomValue(CommonMethodsAndUtilities.java:207)
at CommonMethodsAndUtilities.CommonMethodsAndUtilities.getRandomValue(CommonMethodsAndUtilities.java:207)
at CommonMethodsAndUtilities.CommonMethodsAndUtilities.getRandomValue(CommonMethodsAndUtilities.java:207)
at CommonMethodsAndUtilities.CommonMethodsAndUtilities.getRandomValue(CommonMethodsAndUtilities.java:207)
at CommonMethodsAndUtilities.CommonMethodsAndUtilities.getRandomValue(CommonMethodsAndUtilities.java:207)
at CommonMethodsAndUtilities.CommonMethodsAndUtilities.getRandomValue(CommonMethodsAndUtilities.java:207)
at CommonMethodsAndUtilities.CommonMethodsAndUtilities.getRandomValue(CommonMethodsAndUtilities.java:207)
at CommonMethodsAndUtilities.CommonMethodsAndUtilities.getRandomValue(CommonMethodsAndUtilities.java:207)
at CommonMethodsAndUtilities.CommonMethodsAndUtilities.getRandomValue(CommonMethodsAndUtilities.java:207)
at CommonMethodsAndUtilities.CommonMethodsAndUtilities.getRandomValue(CommonMethodsAndUtilities.java:207)
at CommonMethodsAndUtilities.CommonMethodsAndUtilities.getRandomValue(CommonMethodsAndUtilities.java:207)
at CommonMethodsAndUtilities.CommonMethodsAndUtilities.getRandomValue(CommonMethodsAndUtilities.java:207)
at CommonMethodsAndUtilities.CommonMethodsAndUtilities.getRandomValue(CommonMethodsAndUtilities.java:207)
at CommonMethodsAndUtilities.CommonMethodsAndUtilities.getRandomValue(CommonMethodsAndUtilities.java:207)
at CommonMethodsAndUtilities.CommonMethodsAndUtilities.getRandomValue(CommonMethodsAndUtilities.java:207)
at CommonMethodsAndUtilities.CommonMethodsAndUtilities.getRandomValue(CommonMethodsAndUtilities.java:207)
at CommonMethodsAndUtilities.CommonMethodsAndUtilities.getRandomValue(CommonMethodsAndUtilities.java:207)
at CommonMethodsAndUtilities.CommonMethodsAndUtilities.getRandomValue(CommonMethodsAndUtilities.java:207)
at CommonMethodsAndUtilities.CommonMethodsAndUtilities.getRandomValue(CommonMethodsAndUtilities.java:207)
at CommonMethodsAndUtilities.CommonMethodsAndUtilities.getRandomValue(CommonMethodsAndUtilities.java:207)
at CommonMethodsAndUtilities.CommonMethodsAndUtilities.getRandomValue(CommonMethodsAndUtilities.java:207)
at CommonMethodsAndUtilities.CommonMethodsAndUtilities.getRandomValue(CommonMethodsAndUtilities.java:207)
at CommonMethodsAndUtilities.CommonMethodsAndUtilities.getRandomValue(CommonMethodsAndUtilities.java:207)
at CommonMethodsAndUtilities.CommonMethodsAndUtilities.getRandomValue(CommonMethodsAndUtilities.java:207)
at CommonMethodsAndUtilities.CommonMethodsAndUtilities.getRandomValue(CommonMethodsAndUtilities.java:207)
at CommonMethodsAndUtilities.CommonMethodsAndUtilities.getRandomValue(CommonMethodsAndUtilities.java:207)
at CommonMethodsAndUtilities.CommonMethodsAndUtilities.getRandomValue(CommonMethodsAndUtilities.java:207)
at CommonMethodsAndUtilities.CommonMethodsAndUtilities.getRandomValue(CommonMethodsAndUtilities.java:207)
at CommonMethodsAndUtilities.CommonMethodsAndUtilities.getRandomValue(CommonMethodsAndUtilities.java:207)
at CommonMethodsAndUtilities.CommonMethodsAndUtilities.getRandomValue(CommonMethodsAndUtilities.java:207)
at CommonMethodsAndUtilities.CommonMethodsAndUtilities.getRandomValue(CommonMethodsAndUtilities.java:207)
at CommonMethodsAndUtilities.CommonMethodsAndUtilities.getRandomValue(CommonMethodsAndUtilities.java:207)
at CommonMethodsAndUtilities.CommonMethodsAndUtilities.getRandomValue(CommonMethodsAndUtilities.java:207)
at CommonMethodsAndUtilities.CommonMethodsAndUtilities.getRandomValue(CommonMethodsAndUtilities.java:207)
at CommonMethodsAndUtilities.CommonMethodsAndUtilities.getRandomValue(CommonMethodsAndUtilities.java:207)
at CommonMethodsAndUtilities.CommonMethodsAndUtilities.getRandomValue(CommonMethodsAndUtilities.java:207)
at CommonMethodsAndUtilities.CommonMethodsAndUtilities.getRandomValue(CommonMethodsAndUtilities.java:207)
at CommonMethodsAndUtilities.CommonMethodsAndUtilities.getRandomValue(CommonMethodsAndUtilities.java:207)
at CommonMethodsAndUtilities.CommonMethodsAndUtilities.getRandomValue(CommonMethodsAndUtilities.java:207)
at CommonMethodsAndUtilities.CommonMethodsAndUtilities.getRandomValue(CommonMethodsAndUtilities.java:207)
at CommonMethodsAndUtilities.CommonMethodsAndUtilities.getRandomValue(CommonMethodsAndUtilities.java:207)
at CommonMethodsAndUtilities.CommonMethodsAndUtilities.getRandomValue(CommonMethodsAndUtilities.java:207)
at CommonMethodsAndUtilities.CommonMethodsAndUtilities.getRandomValue(CommonMethodsAndUtilities.java:207)
at CommonMethodsAndUtilities.CommonMethodsAndUtilities.getRandomValue(CommonMethodsAndUtilities.java:207)
at CommonMethodsAndUtilities.CommonMethodsAndUtilities.getRandomValue(CommonMethodsAndUtilities.java:207)
at CommonMethodsAndUtilities.CommonMethodsAndUtilities.getRandomValue(CommonMethodsAndUtilities.java:207)
at CommonMethodsAndUtilities.CommonMethodsAndUtilities.getRandomValue(CommonMethodsAndUtilities.java:207)
at CommonMethodsAndUtilities.CommonMethodsAndUtilities.getRandomValue(CommonMethodsAndUtilities.java:207)
at CommonMethodsAndUtilities.CommonMethodsAndUtilities.getRandomValue(CommonMethodsAndUtilities.java:207)
at CommonMethodsAndUtilities.CommonMethodsAndUtilities.getRandomValue(CommonMethodsAndUtilities.java:207)
at CommonMethodsAndUtilities.CommonMethodsAndUtilities.getRandomValue(CommonMethodsAndUtilities.java:207)
at CommonMethodsAndUtilities.CommonMethodsAndUtilities.getRandomValue(CommonMethodsAndUtilities.java:207)
at CommonMethodsAndUtilities.CommonMethodsAndUtilities.getRandomValue(CommonMethodsAndUtilities.java:207)
at CommonMethodsAndUtilities.CommonMethodsAndUtilities.getRandomValue(CommonMethodsAndUtilities.java:207)
at CommonMethodsAndUtilities.CommonMethodsAndUtilities.getRandomValue(CommonMethodsAndUtilities.java:207)
at CommonMethodsAndUtilities.CommonMethodsAndUtilities.getRandomValue(CommonMethodsAndUtilities.java:207)
at CommonMethodsAndUtilities.CommonMethodsAndUtilities.getRandomValue(CommonMethodsAndUtilities.java:207)
at CommonMethodsAndUtilities.CommonMethodsAndUtilities.getRandomValue(CommonMethodsAndUtilities.java:207)
at CommonMethodsAndUtilities.CommonMethodsAndUtilities.getRandomValue(CommonMethodsAndUtilities.java:207)
at CommonMethodsAndUtilities.CommonMethodsAndUtilities.getRandomValue(CommonMethodsAndUtilities.java:207)
at CommonMethodsAndUtilities.CommonMethodsAndUtilities.getRandomValue(CommonMethodsAndUtilities.java:207)
at CommonMethodsAndUtilities.CommonMethodsAndUtilities.getRandomValue(CommonMethodsAndUtilities.java:207)
at CommonMethodsAndUtilities.CommonMethodsAndUtilities.getRandomValue(CommonMethodsAndUtilities.java:207)
at CommonMethodsAndUtilities.CommonMethodsAndUtilities.getRandomValue(CommonMethodsAndUtilities.java:207)
at CommonMethodsAndUtilities.CommonMethodsAndUtilities.getRandomValue(CommonMethodsAndUtilities.java:207)
at CommonMethodsAndUtilities.CommonMethodsAndUtilities.getRandomValue(CommonMethodsAndUtilities.java:207)
at CommonMethodsAndUtilities.CommonMethodsAndUtilities.getRandomValue(CommonMethodsAndUtilities.java:207)
at CommonMethodsAndUtilities.CommonMethodsAndUtilities.getRandomValue(CommonMethodsAndUtilities.java:207)
at CommonMethodsAndUtilities.CommonMethodsAndUtilities.getRandomValue(CommonMethodsAndUtilities.java:207)
at CommonMethodsAndUtilities.CommonMethodsAndUtilities.getRandomValue(CommonMethodsAndUtilities.java:207)
at CommonMethodsAndUtilities.CommonMethodsAndUtilities.getRandomValue(CommonMethodsAndUtilities.java:207)
at CommonMethodsAndUtilities.CommonMethodsAndUtilities.getRandomValue(CommonMethodsAndUtilities.java:207)
at CommonMethodsAndUtilities.CommonMethodsAndUtilities.getRandomValue(CommonMethodsAndUtilities.java:207)
at CommonMethodsAndUtilities.CommonMethodsAndUtilities.getRandomValue(CommonMethodsAndUtilities.java:207)
at CommonMethodsAndUtilities.CommonMethodsAndUtilities.getRandomValue(CommonMethodsAndUtilities.java:207)
at CommonMethodsAndUtilities.CommonMethodsAndUtilities.getRandomValue(CommonMethodsAndUtilities.java:207)
at CommonMethodsAndUtilities.CommonMethodsAndUtilities.getRandomValue(CommonMethodsAndUtilities.java:207)
at CommonMethodsAndUtilities.CommonMethodsAndUtilities.getRandomValue(CommonMethodsAndUtilities.java:207)
at CommonMethodsAndUtilities.CommonMethodsAndUtilities.getRandomValue(CommonMethodsAndUtilities.java:207)
at CommonMethodsAndUtilities.CommonMethodsAndUtilities.getRandomValue(CommonMethodsAndUtilities.java:207)
at CommonMethodsAndUtilities.CommonMethodsAndUtilities.getRandomValue(CommonMethodsAndUtilities.java:207)
at CommonMethodsAndUtilities.CommonMethodsAndUtilities.getRandomValue(CommonMethodsAndUtilities.java:207)
at CommonMethodsAndUtilities.CommonMethodsAndUtilities.getRandomValue(CommonMethodsAndUtilities.java:207)
at CommonMethodsAndUtilities.CommonMethodsAndUtilities.getRandomValue(CommonMethodsAndUtilities.java:207)
at CommonMethodsAndUtilities.CommonMethodsAndUtilities.getRandomValue(CommonMethodsAndUtilities.java:207)
at CommonMethodsAndUtilities.CommonMethodsAndUtilities.getRandomValue(CommonMethodsAndUtilities.java:207)
at CommonMethodsAndUtilities.CommonMethodsAndUtilities.getRandomValue(CommonMethodsAndUtilities.java:207)
at CommonMethodsAndUtilities.CommonMethodsAndUtilities.getRandomValue(CommonMethodsAndUtilities.java:207)
at CommonMethodsAndUtilities.CommonMethodsAndUtilities.getRandomValue(CommonMethodsAndUtilities.java:207)
at CommonMethodsAndUtilities.CommonMethodsAndUtilities.getRandomValue(CommonMethodsAndUtilities.java:207)
at CommonMethodsAndUtilities.CommonMethodsAndUtilities.getRandomValue(CommonMethodsAndUtilities.java:207)
at CommonMethodsAndUtilities.CommonMethodsAndUtilities.getRandomValue(CommonMethodsAndUtilities.java:207)
at CommonMethodsAndUtilities.CommonMethodsAndUtilities.getRandomValue(CommonMethodsAndUtilities.java:207)
at CommonMethodsAndUtilities.CommonMethodsAndUtilities.getRandomValue(CommonMethodsAndUtilities.java:207)
at CommonMethodsAndUtilities.CommonMethodsAndUtilities.getRandomValue(CommonMethodsAndUtilities.java:207)
at CommonMethodsAndUtilities.CommonMethodsAndUtilities.getRandomValue(CommonMethodsAndUtilities.java:207)
at CommonMethodsAndUtilities.CommonMethodsAndUtilities.getRandomValue(CommonMethodsAndUtilities.java:207)
at CommonMethodsAndUtilities.CommonMethodsAndUtilities.getRandomValue(CommonMethodsAndUtilities.java:207)
at CommonMethodsAndUtilities.CommonMethodsAndUtilities.getRandomValue(CommonMethodsAndUtilities.java:207)
at CommonMethodsAndUtilities.CommonMethodsAndUtilities.getRandomValue(CommonMethodsAndUtilities.java:207)
at CommonMethodsAndUtilities.CommonMethodsAndUtilities.getRandomValue(CommonMethodsAndUtilities.java:207)
at CommonMethodsAndUtilities.CommonMethodsAndUtilities.getRandomValue(CommonMethodsAndUtilities.java:207)
at CommonMethodsAndUtilities.CommonMethodsAndUtilities.getRandomValue(CommonMethodsAndUtilities.java:207)
at CommonMethodsAndUtilities.CommonMethodsAndUtilities.getRandomValue(CommonMethodsAndUtilities.java:207)
at CommonMethodsAndUtilities.CommonMethodsAndUtilities.getRandomValue(CommonMethodsAndUtilities.java:207)
at CommonMethodsAndUtilities.CommonMethodsAndUtilities.getRandomValue(CommonMethodsAndUtilities.java:207)
at CommonMethodsAndUtilities.CommonMethodsAndUtilities.getRandomValue(CommonMethodsAndUtilities.java:207)
at CommonMethodsAndUtilities.CommonMethodsAndUtilities.getRandomValue(CommonMethodsAndUtilities.java:207)
at CommonMethodsAndUtilities.CommonMethodsAndUtilities.getRandomValue(CommonMethodsAndUtilities.java:207)
at CommonMethodsAndUtilities.CommonMethodsAndUtilities.getRandomValue(CommonMethodsAndUtilities.java:207)
at CommonMethodsAndUtilities.CommonMethodsAndUtilities.getRandomValue(CommonMethodsAndUtilities.java:207)
at CommonMethodsAndUtilities.CommonMethodsAndUtilities.getRandomValue(CommonMethodsAndUtilities.java:207)
at CommonMethodsAndUtilities.CommonMethodsAndUtilities.getRandomValue(CommonMethodsAndUtilities.java:207)
at CommonMethodsAndUtilities.CommonMethodsAndUtilities.getRandomValue(CommonMethodsAndUtilities.java:207)
at CommonMethodsAndUtilities.CommonMethodsAndUtilities.getRandomValue(CommonMethodsAndUtilities.java:207)
at CommonMethodsAndUtilities.CommonMethodsAndUtilities.getRandomValue(CommonMethodsAndUtilities.java:207)
at CommonMethodsAndUtilities.CommonMethodsAndUtilities.getRandomValue(CommonMethodsAndUtilities.java:207)
at CommonMethodsAndUtilities.CommonMethodsAndUtilities.getRandomValue(CommonMethodsAndUtilities.java:207)
at CommonMethodsAndUtilities.CommonMethodsAndUtilities.getRandomValue(CommonMethodsAndUtilities.java:207)
at CommonMethodsAndUtilities.CommonMethodsAndUtilities.getRandomValue(CommonMethodsAndUtilities.java:207)
at CommonMethodsAndUtilities.CommonMethodsAndUtilities.getRandomValue(CommonMethodsAndUtilities.java:207)
at CommonMethodsAndUtilities.CommonMethodsAndUtilities.getRandomValue(CommonMethodsAndUtilities.java:207)
at CommonMethodsAndUtilities.CommonMethodsAndUtilities.getRandomValue(CommonMethodsAndUtilities.java:207)
at CommonMethodsAndUtilities.CommonMethodsAndUtilities.getRandomValue(CommonMethodsAndUtilities.java:207)
at CommonMethodsAndUtilities.CommonMethodsAndUtilities.getRandomValue(CommonMethodsAndUtilities.java:207)
at CommonMethodsAndUtilities.CommonMethodsAndUtilities.getRandomValue(CommonMethodsAndUtilities.java:207)
at CommonMethodsAndUtilities.CommonMethodsAndUtilities.getRandomValue(CommonMethodsAndUtilities.java:207)
at CommonMethodsAndUtilities.CommonMethodsAndUtilities.getRandomValue(CommonMethodsAndUtilities.java:207)
at CommonMethodsAndUtilities.CommonMethodsAndUtilities.getRandomValue(CommonMethodsAndUtilities.java:207)
at CommonMethodsAndUtilities.CommonMethodsAndUtilities.getRandomValue(CommonMethodsAndUtilities.java:207)
at CommonMethodsAndUtilities.CommonMethodsAndUtilities.getRandomValue(CommonMethodsAndUtilities.java:207)
at CommonMethodsAndUtilities.CommonMethodsAndUtilities.getRandomValue(CommonMethodsAndUtilities.java:207)
at CommonMethodsAndUtilities.CommonMethodsAndUtilities.getRandomValue(CommonMethodsAndUtilities.java:207)
at CommonMethodsAndUtilities.CommonMethodsAndUtilities.getRandomValue(CommonMethodsAndUtilities.java:207)
at CommonMethodsAndUtilities.CommonMethodsAndUtilities.getRandomValue(CommonMethodsAndUtilities.java:207)
at CommonMethodsAndUtilities.CommonMethodsAndUtilities.getRandomValue(CommonMethodsAndUtilities.java:207)
at CommonMethodsAndUtilities.CommonMethodsAndUtilities.getRandomValue(CommonMethodsAndUtilities.java:207)
at CommonMethodsAndUtilities.CommonMethodsAndUtilities.getRandomValue(CommonMethodsAndUtilities.java:207)
at CommonMethodsAndUtilities.CommonMethodsAndUtilities.getRandomValue(CommonMethodsAndUtilities.java:207)
at CommonMethodsAndUtilities.CommonMethodsAndUtilities.getRandomValue(CommonMethodsAndUtilities.java:207)
at CommonMethodsAndUtilities.CommonMethodsAndUtilities.getRandomValue(CommonMethodsAndUtilities.java:207)
at CommonMethodsAndUtilities.CommonMethodsAndUtilities.getRandomValue(CommonMethodsAndUtilities.java:207)
at CommonMethodsAndUtilities.CommonMethodsAndUtilities.getRandomValue(CommonMethodsAndUtilities.java:207)
at CommonMethodsAndUtilities.CommonMethodsAndUtilities.getRandomValue(CommonMethodsAndUtilities.java:207)
at CommonMethodsAndUtilities.CommonMethodsAndUtilities.getRandomValue(CommonMethodsAndUtilities.java:207)
at CommonMethodsAndUtilities.CommonMethodsAndUtilities.getRandomValue(CommonMethodsAndUtilities.java:207)
at CommonMethodsAndUtilities.CommonMethodsAndUtilities.getRandomValue(CommonMethodsAndUtilities.java:207)
at CommonMethodsAndUtilities.CommonMethodsAndUtilities.getRandomValue(CommonMethodsAndUtilities.java:207)
at CommonMethodsAndUtilities.CommonMethodsAndUtilities.getRandomValue(CommonMethodsAndUtilities.java:207)
at CommonMethodsAndUtilities.CommonMethodsAndUtilities.getRandomValue(CommonMethodsAndUtilities.java:207)
at CommonMethodsAndUtilities.CommonMethodsAndUtilities.getRandomValue(CommonMethodsAndUtilities.java:207)
at CommonMethodsAndUtilities.CommonMethodsAndUtilities.getRandomValue(CommonMethodsAndUtilities.java:207)
at CommonMethodsAndUtilities.CommonMethodsAndUtilities.getRandomValue(CommonMethodsAndUtilities.java:207)
at CommonMethodsAndUtilities.CommonMethodsAndUtilities.getRandomValue(CommonMethodsAndUtilities.java:207)
at CommonMethodsAndUtilities.CommonMethodsAndUtilities.getRandomValue(CommonMethodsAndUtilities.java:207)
at CommonMethodsAndUtilities.CommonMethodsAndUtilities.getRandomValue(CommonMethodsAndUtilities.java:207)
at CommonMethodsAndUtilities.CommonMethodsAndUtilities.getRandomValue(CommonMethodsAndUtilities.java:207)
at CommonMethodsAndUtilities.CommonMethodsAndUtilities.getRandomValue(CommonMethodsAndUtilities.java:207)
at CommonMethodsAndUtilities.CommonMethodsAndUtilities.getRandomValue(CommonMethodsAndUtilities.java:207)
at CommonMethodsAndUtilities.CommonMethodsAndUtilities.getRandomValue(CommonMethodsAndUtilities.java:207)
at CommonMethodsAndUtilities.CommonMethodsAndUtilities.getRandomValue(CommonMethodsAndUtilities.java:207)
at CommonMethodsAndUtilities.CommonMethodsAndUtilities.getRandomValue(CommonMethodsAndUtilities.java:207)
at CommonMethodsAndUtilities.CommonMethodsAndUtilities.getRandomValue(CommonMethodsAndUtilities.java:207)
at CommonMethodsAndUtilities.CommonMethodsAndUtilities.getRandomValue(CommonMethodsAndUtilities.java:207)
at CommonMethodsAndUtilities.CommonMethodsAndUtilities.getRandomValue(CommonMethodsAndUtilities.java:207)
at CommonMethodsAndUtilities.CommonMethodsAndUtilities.getRandomValue(CommonMethodsAndUtilities.java:207)
at CommonMethodsAndUtilities.CommonMethodsAndUtilities.getRandomValue(CommonMethodsAndUtilities.java:207)
at CommonMethodsAndUtilities.CommonMethodsAndUtilities.getRandomValue(CommonMethodsAndUtilities.java:207)
at CommonMethodsAndUtilities.CommonMethodsAndUtilities.getRandomValue(CommonMethodsAndUtilities.java:207)
at CommonMethodsAndUtilities.CommonMethodsAndUtilities.getRandomValue(CommonMethodsAndUtilities.java:207)
at CommonMethodsAndUtilities.CommonMethodsAndUtilities.getRandomValue(CommonMethodsAndUtilities.java:207)
at CommonMethodsAndUtilities.CommonMethodsAndUtilities.getRandomValue(CommonMethodsAndUtilities.java:207)
at CommonMethodsAndUtilities.CommonMethodsAndUtilities.getRandomValue(CommonMethodsAndUtilities.java:207)
at CommonMethodsAndUtilities.CommonMethodsAndUtilities.getRandomValue(CommonMethodsAndUtilities.java:207)
at CommonMethodsAndUtilities.CommonMethodsAndUtilities.getRandomValue(CommonMethodsAndUtilities.java:207)
at CommonMethodsAndUtilities.CommonMethodsAndUtilities.getRandomValue(CommonMethodsAndUtilities.java:207)
at CommonMethodsAndUtilities.CommonMethodsAndUtilities.getRandomValue(CommonMethodsAndUtilities.java:207)
at CommonMethodsAndUtilities.CommonMethodsAndUtilities.getRandomValue(CommonMethodsAndUtilities.java:207)
at CommonMethodsAndUtilities.CommonMethodsAndUtilities.getRandomValue(CommonMethodsAndUtilities.java:207)
at CommonMethodsAndUtilities.CommonMethodsAndUtilities.getRandomValue(CommonMethodsAndUtilities.java:207)
at CommonMethodsAndUtilities.CommonMethodsAndUtilities.getRandomValue(CommonMethodsAndUtilities.java:207)
at CommonMethodsAndUtilities.CommonMethodsAndUtilities.getRandomValue(CommonMethodsAndUtilities.java:207)
at CommonMethodsAndUtilities.CommonMethodsAndUtilities.getRandomValue(CommonMethodsAndUtilities.java:207)
at CommonMethodsAndUtilities.CommonMethodsAndUtilities.getRandomValue(CommonMethodsAndUtilities.java:207)
at CommonMethodsAndUtilities.CommonMethodsAndUtilities.getRandomValue(CommonMethodsAndUtilities.java:207)
at CommonMethodsAndUtilities.CommonMethodsAndUtilities.getRandomValue(CommonMethodsAndUtilities.java:207)
at CommonMethodsAndUtilities.CommonMethodsAndUtilities.getRandomValue(CommonMethodsAndUtilities.java:207)
at CommonMethodsAndUtilities.CommonMethodsAndUtilities.getRandomValue(CommonMethodsAndUtilities.java:207)
at CommonMethodsAndUtilities.CommonMethodsAndUtilities.getRandomValue(CommonMethodsAndUtilities.java:207)
at CommonMethodsAndUtilities.CommonMethodsAndUtilities.getRandomValue(CommonMethodsAndUtilities.java:207)
at CommonMethodsAndUtilities.CommonMethodsAndUtilities.getRandomValue(CommonMethodsAndUtilities.java:207)
at CommonMethodsAndUtilities.CommonMethodsAndUtilities.getRandomValue(CommonMethodsAndUtilities.java:207)
at CommonMethodsAndUtilities.CommonMethodsAndUtilities.getRandomValue(CommonMethodsAndUtilities.java:207)
at CommonMethodsAndUtilities.CommonMethodsAndUtilities.getRandomValue(CommonMethodsAndUtilities.java:207)
at CommonMethodsAndUtilities.CommonMethodsAndUtilities.getRandomValue(CommonMethodsAndUtilities.java:207)
at CommonMethodsAndUtilities.CommonMethodsAndUtilities.getRandomValue(CommonMethodsAndUtilities.java:207)
at CommonMethodsAndUtilities.CommonMethodsAndUtilities.getRandomValue(CommonMethodsAndUtilities.java:207)
at CommonMethodsAndUtilities.CommonMethodsAndUtilities.getRandomValue(CommonMethodsAndUtilities.java:207)
at CommonMethodsAndUtilities.CommonMethodsAndUtilities.getRandomValue(CommonMethodsAndUtilities.java:207)
at CommonMethodsAndUtilities.CommonMethodsAndUtilities.getRandomValue(CommonMethodsAndUtilities.java:207)
at CommonMethodsAndUtilities.CommonMethodsAndUtilities.getRandomValue(CommonMethodsAndUtilities.java:207)
at CommonMethodsAndUtilities.CommonMethodsAndUtilities.getRandomValue(CommonMethodsAndUtilities.java:207)
at CommonMethodsAndUtilities.CommonMethodsAndUtilities.getRandomValue(CommonMethodsAndUtilities.java:207)
at CommonMethodsAndUtilities.CommonMethodsAndUtilities.getRandomValue(CommonMethodsAndUtilities.java:207)
at CommonMethodsAndUtilities.CommonMethodsAndUtilities.getRandomValue(CommonMethodsAndUtilities.java:207)
at CommonMethodsAndUtilities.CommonMethodsAndUtilities.getRandomValue(CommonMethodsAndUtilities.java:207)
at CommonMethodsAndUtilities.CommonMethodsAndUtilities.getRandomValue(CommonMethodsAndUtilities.java:207)
at CommonMethodsAndUtilities.CommonMethodsAndUtilities.getRandomValue(CommonMethodsAndUtilities.java:207)
at CommonMethodsAndUtilities.CommonMethodsAndUtilities.getRandomValue(CommonMethodsAndUtilities.java:207)
at CommonMethodsAndUtilities.CommonMethodsAndUtilities.getRandomValue(CommonMethodsAndUtilities.java:207)
at CommonMethodsAndUtilities.CommonMethodsAndUtilities.getRandomValue(CommonMethodsAndUtilities.java:207)
at CommonMethodsAndUtilities.CommonMethodsAndUtilities.getRandomValue(CommonMethodsAndUtilities.java:207)
at CommonMethodsAndUtilities.CommonMethodsAndUtilities.getRandomValue(CommonMethodsAndUtilities.java:207)
at CommonMethodsAndUtilities.CommonMethodsAndUtilities.getRandomValue(CommonMethodsAndUtilities.java:207)
at CommonMethodsAndUtilities.CommonMethodsAndUtilities.getRandomValue(CommonMethodsAndUtilities.java:207)
at CommonMethodsAndUtilities.CommonMethodsAndUtilities.getRandomValue(CommonMethodsAndUtilities.java:207)
at CommonMethodsAndUtilities.CommonMethodsAndUtilities.getRandomValue(CommonMethodsAndUtilities.java:207)
at CommonMethodsAndUtilities.CommonMethodsAndUtilities.getRandomValue(CommonMethodsAndUtilities.java:207)
at CommonMethodsAndUtilities.CommonMethodsAndUtilities.getRandomValue(CommonMethodsAndUtilities.java:207)
at CommonMethodsAndUtilities.CommonMethodsAndUtilities.getRandomValue(CommonMethodsAndUtilities.java:207)
at CommonMethodsAndUtilities.CommonMethodsAndUtilities.getRandomValue(CommonMethodsAndUtilities.java:207)
at CommonMethodsAndUtilities.CommonMethodsAndUtilities.getRandomValue(CommonMethodsAndUtilities.java:207)
at CommonMethodsAndUtilities.CommonMethodsAndUtilities.getRandomValue(CommonMethodsAndUtilities.java:207)
at CommonMethodsAndUtilities.CommonMethodsAndUtilities.getRandomValue(CommonMethodsAndUtilities.java:207)
at CommonMethodsAndUtilities.CommonMethodsAndUtilities.getRandomValue(CommonMethodsAndUtilities.java:207)
at CommonMethodsAndUtilities.CommonMethodsAndUtilities.getRandomValue(CommonMethodsAndUtilities.java:207)
at CommonMethodsAndUtilities.CommonMethodsAndUtilities.getRandomValue(CommonMethodsAndUtilities.java:207)
at CommonMethodsAndUtilities.CommonMethodsAndUtilities.getRandomValue(CommonMethodsAndUtilities.java:207)
at CommonMethodsAndUtilities.CommonMethodsAndUtilities.getRandomValue(CommonMethodsAndUtilities.java:207)
at CommonMethodsAndUtilities.CommonMethodsAndUtilities.getRandomValue(CommonMethodsAndUtilities.java:207)
at CommonMethodsAndUtilities.CommonMethodsAndUtilities.getRandomValue(CommonMethodsAndUtilities.java:207)
at CommonMethodsAndUtilities.CommonMethodsAndUtilities.getRandomValue(CommonMethodsAndUtilities.java:207)
at CommonMethodsAndUtilities.CommonMethodsAndUtilities.getRandomValue(CommonMethodsAndUtilities.java:207)
at CommonMethodsAndUtilities.CommonMethodsAndUtilities.getRandomValue(CommonMethodsAndUtilities.java:207)
at CommonMethodsAndUtilities.CommonMethodsAndUtilities.getRandomValue(CommonMethodsAndUtilities.java:207)
at CommonMethodsAndUtilities.CommonMethodsAndUtilities.getRandomValue(CommonMethodsAndUtilities.java:207)
at CommonMethodsAndUtilities.CommonMethodsAndUtilities.getRandomValue(CommonMethodsAndUtilities.java:207)
at CommonMethodsAndUtilities.CommonMethodsAndUtilities.getRandomValue(CommonMethodsAndUtilities.java:207)
at CommonMethodsAndUtilities.CommonMethodsAndUtilities.getRandomValue(CommonMethodsAndUtilities.java:207)
at CommonMethodsAndUtilities.CommonMethodsAndUtilities.getRandomValue(CommonMethodsAndUtilities.java:207)
at CommonMethodsAndUtilities.CommonMethodsAndUtilities.getRandomValue(CommonMethodsAndUtilities.java:207)
at CommonMethodsAndUtilities.CommonMethodsAndUtilities.getRandomValue(CommonMethodsAndUtilities.java:207)
at CommonMethodsAndUtilities.CommonMethodsAndUtilities.getRandomValue(CommonMethodsAndUtilities.java:207)
at CommonMethodsAndUtilities.CommonMethodsAndUtilities.getRandomValue(CommonMethodsAndUtilities.java:207)
at CommonMethodsAndUtilities.CommonMethodsAndUtilities.getRandomValue(CommonMethodsAndUtilities.java:207)
at CommonMethodsAndUtilities.CommonMethodsAndUtilities.getRandomValue(CommonMethodsAndUtilities.java:207)
at CommonMethodsAndUtilities.CommonMethodsAndUtilities.getRandomValue(CommonMethodsAndUtilities.java:207)
at CommonMethodsAndUtilities.CommonMethodsAndUtilities.getRandomValue(CommonMethodsAndUtilities.java:207)
at CommonMethodsAndUtilities.CommonMethodsAndUtilities.getRandomValue(CommonMethodsAndUtilities.java:207)
at CommonMethodsAndUtilities.CommonMethodsAndUtilities.getRandomValue(CommonMethodsAndUtilities.java:207)
at CommonMethodsAndUtilities.CommonMethodsAndUtilities.getRandomValue(CommonMethodsAndUtilities.java:207)
at CommonMethodsAndUtilities.CommonMethodsAndUtilities.getRandomValue(CommonMethodsAndUtilities.java:207)
at CommonMethodsAndUtilities.CommonMethodsAndUtilities.getRandomValue(CommonMethodsAndUtilities.java:207)
at CommonMethodsAndUtilities.CommonMethodsAndUtilities.getRandomValue(CommonMethodsAndUtilities.java:207)
at CommonMethodsAndUtilities.CommonMethodsAndUtilities.getRandomValue(CommonMethodsAndUtilities.java:207)
at CommonMethodsAndUtilities.CommonMethodsAndUtilities.getRandomValue(CommonMethodsAndUtilities.java:207)
at CommonMethodsAndUtilities.CommonMethodsAndUtilities.getRandomValue(CommonMethodsAndUtilities.java:207)
at CommonMethodsAndUtilities.CommonMethodsAndUtilities.getRandomValue(CommonMethodsAndUtilities.java:207)
at CommonMethodsAndUtilities.CommonMethodsAndUtilities.getRandomValue(CommonMethodsAndUtilities.java:207)
at CommonMethodsAndUtilities.CommonMethodsAndUtilities.getRandomValue(CommonMethodsAndUtilities.java:207)
at CommonMethodsAndUtilities.CommonMethodsAndUtilities.getRandomValue(CommonMethodsAndUtilities.java:207)
at CommonMethodsAndUtilities.CommonMethodsAndUtilities.getRandomValue(CommonMethodsAndUtilities.java:207)
at CommonMethodsAndUtilities.CommonMethodsAndUtilities.getRandomValue(CommonMethodsAndUtilities.java:207)
at CommonMethodsAndUtilities.CommonMethodsAndUtilities.getRandomValue(CommonMethodsAndUtilities.java:207)
at CommonMethodsAndUtilities.CommonMethodsAndUtilities.getRandomValue(CommonMethodsAndUtilities.java:207)
at CommonMethodsAndUtilities.CommonMethodsAndUtilities.getRandomValue(CommonMethodsAndUtilities.java:207)
at CommonMethodsAndUtilities.CommonMethodsAndUtilities.getRandomValue(CommonMethodsAndUtilities.java:207)
at CommonMethodsAndUtilities.CommonMethodsAndUtilities.getRandomValue(CommonMethodsAndUtilities.java:207)
at CommonMethodsAndUtilities.CommonMethodsAndUtilities.getRandomValue(CommonMethodsAndUtilities.java:207)
at CommonMethodsAndUtilities.CommonMethodsAndUtilities.getRandomValue(CommonMethodsAndUtilities.java:207)
at CommonMethodsAndUtilities.CommonMethodsAndUtilities.getRandomValue(CommonMethodsAndUtilities.java:207)
at CommonMethodsAndUtilities.CommonMethodsAndUtilities.getRandomValue(CommonMethodsAndUtilities.java:207)
at CommonMethodsAndUtilities.CommonMethodsAndUtilities.getRandomValue(CommonMethodsAndUtilities.java:207)
at CommonMethodsAndUtilities.CommonMethodsAndUtilities.getRandomValue(CommonMethodsAndUtilities.java:207)
at CommonMethodsAndUtilities.CommonMethodsAndUtilities.getRandomValue(CommonMethodsAndUtilities.java:207)
at CommonMethodsAndUtilities.CommonMethodsAndUtilities.getRandomValue(CommonMethodsAndUtilities.java:207)
at CommonMethodsAndUtilities.CommonMethodsAndUtilities.getRandomValue(CommonMethodsAndUtilities.java:207)
at CommonMethodsAndUtilities.CommonMethodsAndUtilities.getRandomValue(CommonMethodsAndUtilities.java:207)
at CommonMethodsAndUtilities.CommonMethodsAndUtilities.getRandomValue(CommonMethodsAndUtilities.java:207)
at CommonMethodsAndUtilities.CommonMethodsAndUtilities.getRandomValue(CommonMethodsAndUtilities.java:207)
at CommonMethodsAndUtilities.CommonMethodsAndUtilities.getRandomValue(CommonMethodsAndUtilities.java:207)
at CommonMethodsAndUtilities.CommonMethodsAndUtilities.getRandomValue(CommonMethodsAndUtilities.java:207)
at CommonMethodsAndUtilities.CommonMethodsAndUtilities.getRandomValue(CommonMethodsAndUtilities.java:207)
at CommonMethodsAndUtilities.CommonMethodsAndUtilities.getRandomValue(CommonMethodsAndUtilities.java:207)
at CommonMethodsAndUtilities.CommonMethodsAndUtilities.getRandomValue(CommonMethodsAndUtilities.java:207)
at CommonMethodsAndUtilities.CommonMethodsAndUtilities.getRandomValue(CommonMethodsAndUtilities.java:207)
at CommonMethodsAndUtilities.CommonMethodsAndUtilities.getRandomValue(CommonMethodsAndUtilities.java:207)
at CommonMethodsAndUtilities.CommonMethodsAndUtilities.getRandomValue(CommonMethodsAndUtilities.java:207)
at CommonMethodsAndUtilities.CommonMethodsAndUtilities.getRandomValue(CommonMethodsAndUtilities.java:207)
at CommonMethodsAndUtilities.CommonMethodsAndUtilities.getRandomValue(CommonMethodsAndUtilities.java:207)
at CommonMethodsAndUtilities.CommonMethodsAndUtilities.getRandomValue(CommonMethodsAndUtilities.java:207)
at CommonMethodsAndUtilities.CommonMethodsAndUtilities.getRandomValue(CommonMethodsAndUtilities.java:207)
at CommonMethodsAndUtilities.CommonMethodsAndUtilities.getRandomValue(CommonMethodsAndUtilities.java:207)
at CommonMethodsAndUtilities.CommonMethodsAndUtilities.getRandomValue(CommonMethodsAndUtilities.java:207)
at CommonMethodsAndUtilities.CommonMethodsAndUtilities.getRandomValue(CommonMethodsAndUtilities.java:207)
at CommonMethodsAndUtilities.CommonMethodsAndUtilities.getRandomValue(CommonMethodsAndUtilities.java:207)
at CommonMethodsAndUtilities.CommonMethodsAndUtilities.getRandomValue(CommonMethodsAndUtilities.java:207)
at CommonMethodsAndUtilities.CommonMethodsAndUtilities.getRandomValue(CommonMethodsAndUtilities.java:207)
at CommonMethodsAndUtilities.CommonMethodsAndUtilities.getRandomValue(CommonMethodsAndUtilities.java:207)
at CommonMethodsAndUtilities.CommonMethodsAndUtilities.getRandomValue(CommonMethodsAndUtilities.java:207)
at CommonMethodsAndUtilities.CommonMethodsAndUtilities.getRandomValue(CommonMethodsAndUtilities.java:207)
at CommonMethodsAndUtilities.CommonMethodsAndUtilities.getRandomValue(CommonMethodsAndUtilities.java:207)
at CommonMethodsAndUtilities.CommonMethodsAndUtilities.getRandomValue(CommonMethodsAndUtilities.java:207)
at CommonMethodsAndUtilities.CommonMethodsAndUtilities.getRandomValue(CommonMethodsAndUtilities.java:207)
at CommonMethodsAndUtilities.CommonMethodsAndUtilities.getRandomValue(CommonMethodsAndUtilities.java:207)
at CommonMethodsAndUtilities.CommonMethodsAndUtilities.getRandomValue(CommonMethodsAndUtilities.java:207)
at CommonMethodsAndUtilities.CommonMethodsAndUtilities.getRandomValue(CommonMethodsAndUtilities.java:207)
at CommonMethodsAndUtilities.CommonMethodsAndUtilities.getRandomValue(CommonMethodsAndUtilities.java:207)
at CommonMethodsAndUtilities.CommonMethodsAndUtilities.getRandomValue(CommonMethodsAndUtilities.java:207)
at CommonMethodsAndUtilities.CommonMethodsAndUtilities.getRandomValue(CommonMethodsAndUtilities.java:207)
at CommonMethodsAndUtilities.CommonMethodsAndUtilities.getRandomValue(CommonMethodsAndUtilities.java:207)
at CommonMethodsAndUtilities.CommonMethodsAndUtilities.getRandomValue(CommonMethodsAndUtilities.java:207)
at CommonMethodsAndUtilities.CommonMethodsAndUtilities.getRandomValue(CommonMethodsAndUtilities.java:207)
at CommonMethodsAndUtilities.CommonMethodsAndUtilities.getRandomValue(CommonMethodsAndUtilities.java:207)
at CommonMethodsAndUtilities.CommonMethodsAndUtilities.getRandomValue(CommonMethodsAndUtilities.java:207)
at CommonMethodsAndUtilities.CommonMethodsAndUtilities.getRandomValue(CommonMethodsAndUtilities.java:207)
at CommonMethodsAndUtilities.CommonMethodsAndUtilities.getRandomValue(CommonMethodsAndUtilities.java:207)
at CommonMethodsAndUtilities.CommonMethodsAndUtilities.getRandomValue(CommonMethodsAndUtilities.java:207)
at CommonMethodsAndUtilities.CommonMethodsAndUtilities.getRandomValue(CommonMethodsAndUtilities.java:207)
at CommonMethodsAndUtilities.CommonMethodsAndUtilities.getRandomValue(CommonMethodsAndUtilities.java:207)
at CommonMethodsAndUtilities.CommonMethodsAndUtilities.getRandomValue(CommonMethodsAndUtilities.java:207)
at CommonMethodsAndUtilities.CommonMethodsAndUtilities.getRandomValue(CommonMethodsAndUtilities.java:207)
at CommonMethodsAndUtilities.CommonMethodsAndUtilities.getRandomValue(CommonMethodsAndUtilities.java:207)
at CommonMethodsAndUtilities.CommonMethodsAndUtilities.getRandomValue(CommonMethodsAndUtilities.java:207)
at CommonMethodsAndUtilities.CommonMethodsAndUtilities.getRandomValue(CommonMethodsAndUtilities.java:207)
at CommonMethodsAndUtilities.CommonMethodsAndUtilities.getRandomValue(CommonMethodsAndUtilities.java:207)
at CommonMethodsAndUtilities.CommonMethodsAndUtilities.getRandomValue(CommonMethodsAndUtilities.java:207)
at CommonMethodsAndUtilities.CommonMethodsAndUtilities.getRandomValue(CommonMethodsAndUtilities.java:207)
at CommonMethodsAndUtilities.CommonMethodsAndUtilities.getRandomValue(CommonMethodsAndUtilities.java:207)
at CommonMethodsAndUtilities.CommonMethodsAndUtilities.getRandomValue(CommonMethodsAndUtilities.java:207)
at CommonMethodsAndUtilities.CommonMethodsAndUtilities.getRandomValue(CommonMethodsAndUtilities.java:207)
at CommonMethodsAndUtilities.CommonMethodsAndUtilities.getRandomValue(CommonMethodsAndUtilities.java:207)
at CommonMethodsAndUtilities.CommonMethodsAndUtilities.getRandomValue(CommonMethodsAndUtilities.java:207)
at CommonMethodsAndUtilities.CommonMethodsAndUtilities.getRandomValue(CommonMethodsAndUtilities.java:207)
at CommonMethodsAndUtilities.CommonMethodsAndUtilities.getRandomValue(CommonMethodsAndUtilities.java:207)
at CommonMethodsAndUtilities.CommonMethodsAndUtilities.getRandomValue(CommonMethodsAndUtilities.java:207)
at CommonMethodsAndUtilities.CommonMethodsAndUtilities.getRandomValue(CommonMethodsAndUtilities.java:207)
at CommonMethodsAndUtilities.CommonMethodsAndUtilities.getRandomValue(CommonMethodsAndUtilities.java:207)
at CommonMethodsAndUtilities.CommonMethodsAndUtilities.getRandomValue(CommonMethodsAndUtilities.java:207)
at CommonMethodsAndUtilities.CommonMethodsAndUtilities.getRandomValue(CommonMethodsAndUtilities.java:207)
at CommonMethodsAndUtilities.CommonMethodsAndUtilities.getRandomValue(CommonMethodsAndUtilities.java:207)
at CommonMethodsAndUtilities.CommonMethodsAndUtilities.getRandomValue(CommonMethodsAndUtilities.java:207)
at CommonMethodsAndUtilities.CommonMethodsAndUtilities.getRandomValue(CommonMethodsAndUtilities.java:207)
at CommonMethodsAndUtilities.CommonMethodsAndUtilities.getRandomValue(CommonMethodsAndUtilities.java:207)
at CommonMethodsAndUtilities.CommonMethodsAndUtilities.getRandomValue(CommonMethodsAndUtilities.java:207)
at CommonMethodsAndUtilities.CommonMethodsAndUtilities.getRandomValue(CommonMethodsAndUtilities.java:207)
at CommonMethodsAndUtilities.CommonMethodsAndUtilities.getRandomValue(CommonMethodsAndUtilities.java:207)
at CommonMethodsAndUtilities.CommonMethodsAndUtilities.getRandomValue(CommonMethodsAndUtilities.java:207)
at CommonMethodsAndUtilities.CommonMethodsAndUtilities.getRandomValue(CommonMethodsAndUtilities.java:207)
at CommonMethodsAndUtilities.CommonMethodsAndUtilities.getRandomValue(CommonMethodsAndUtilities.java:207)
at CommonMethodsAndUtilities.CommonMethodsAndUtilities.getRandomValue(CommonMethodsAndUtilities.java:207)
at CommonMethodsAndUtilities.CommonMethodsAndUtilities.getRandomValue(CommonMethodsAndUtilities.java:207)
at CommonMethodsAndUtilities.CommonMethodsAndUtilities.getRandomValue(CommonMethodsAndUtilities.java:207)
at CommonMethodsAndUtilities.CommonMethodsAndUtilities.getRandomValue(CommonMethodsAndUtilities.java:207)
at CommonMethodsAndUtilities.CommonMethodsAndUtilities.getRandomValue(CommonMethodsAndUtilities.java:207)
at CommonMethodsAndUtilities.CommonMethodsAndUtilities.getRandomValue(CommonMethodsAndUtilities.java:207)
at CommonMethodsAndUtilities.CommonMethodsAndUtilities.getRandomValue(CommonMethodsAndUtilities.java:207)
at CommonMethodsAndUtilities.CommonMethodsAndUtilities.getRandomValue(CommonMethodsAndUtilities.java:207)
at CommonMethodsAndUtilities.CommonMethodsAndUtilities.getRandomValue(CommonMethodsAndUtilities.java:207)
at CommonMethodsAndUtilities.CommonMethodsAndUtilities.getRandomValue(CommonMethodsAndUtilities.java:207)
at CommonMethodsAndUtilities.CommonMethodsAndUtilities.getRandomValue(CommonMethodsAndUtilities.java:207)
at CommonMethodsAndUtilities.CommonMethodsAndUtilities.getRandomValue(CommonMethodsAndUtilities.java:207)
at CommonMethodsAndUtilities.CommonMethodsAndUtilities.getRandomValue(CommonMethodsAndUtilities.java:207)
at CommonMethodsAndUtilities.CommonMethodsAndUtilities.getRandomValue(CommonMethodsAndUtilities.java:207)
at CommonMethodsAndUtilities.CommonMethodsAndUtilities.getRandomValue(CommonMethodsAndUtilities.java:207)
at CommonMethodsAndUtilities.CommonMethodsAndUtilities.getRandomValue(CommonMethodsAndUtilities.java:207)
at CommonMethodsAndUtilities.CommonMethodsAndUtilities.getRandomValue(CommonMethodsAndUtilities.java:207)
at CommonMethodsAndUtilities.CommonMethodsAndUtilities.getRandomValue(CommonMethodsAndUtilities.java:207)
at CommonMethodsAndUtilities.CommonMethodsAndUtilities.getRandomValue(CommonMethodsAndUtilities.java:207)
at CommonMethodsAndUtilities.CommonMethodsAndUtilities.getRandomValue(CommonMethodsAndUtilities.java:207)
at CommonMethodsAndUtilities.CommonMethodsAndUtilities.getRandomValue(CommonMethodsAndUtilities.java:207)
at CommonMethodsAndUtilities.CommonMethodsAndUtilities.getRandomValue(CommonMethodsAndUtilities.java:207)
at CommonMethodsAndUtilities.CommonMethodsAndUtilities.getRandomValue(CommonMethodsAndUtilities.java:207)
at CommonMethodsAndUtilities.CommonMethodsAndUtilities.getRandomValue(CommonMethodsAndUtilities.java:207)
at CommonMethodsAndUtilities.CommonMethodsAndUtilities.getRandomValue(CommonMethodsAndUtilities.java:207)
at CommonMethodsAndUtilities.CommonMethodsAndUtilities.getRandomValue(CommonMethodsAndUtilities.java:207)
at CommonMethodsAndUtilities.CommonMethodsAndUtilities.getRandomValue(CommonMethodsAndUtilities.java:207)
at CommonMethodsAndUtilities.CommonMethodsAndUtilities.getRandomValue(CommonMethodsAndUtilities.java:207)
at CommonMethodsAndUtilities.CommonMethodsAndUtilities.getRandomValue(CommonMethodsAndUtilities.java:207)
at CommonMethodsAndUtilities.CommonMethodsAndUtilities.getRandomValue(CommonMethodsAndUtilities.java:207)
at CommonMethodsAndUtilities.CommonMethodsAndUtilities.getRandomValue(CommonMethodsAndUtilities.java:207)
at CommonMethodsAndUtilities.CommonMethodsAndUtilities.getRandomValue(CommonMethodsAndUtilities.java:207)
at CommonMethodsAndUtilities.CommonMethodsAndUtilities.getRandomValue(CommonMethodsAndUtilities.java:207)
at CommonMethodsAndUtilities.CommonMethodsAndUtilities.getRandomValue(CommonMethodsAndUtilities.java:207)
at CommonMethodsAndUtilities.CommonMethodsAndUtilities.getRandomValue(CommonMethodsAndUtilities.java:207)
at CommonMethodsAndUtilities.CommonMethodsAndUtilities.getRandomValue(CommonMethodsAndUtilities.java:207)
at CommonMethodsAndUtilities.CommonMethodsAndUtilities.getRandomValue(CommonMethodsAndUtilities.java:207)
at CommonMethodsAndUtilities.CommonMethodsAndUtilities.getRandomValue(CommonMethodsAndUtilities.java:207)
at CommonMethodsAndUtilities.CommonMethodsAndUtilities.getRandomValue(CommonMethodsAndUtilities.java:207)
at CommonMethodsAndUtilities.CommonMethodsAndUtilities.getRandomValue(CommonMethodsAndUtilities.java:207)
at CommonMethodsAndUtilities.CommonMethodsAndUtilities.getRandomValue(CommonMethodsAndUtilities.java:207)
at CommonMethodsAndUtilities.CommonMethodsAndUtilities.getRandomValue(CommonMethodsAndUtilities.java:207)
at CommonMethodsAndUtilities.CommonMethodsAndUtilities.getRandomValue(CommonMethodsAndUtilities.java:207)
at CommonMethodsAndUtilities.CommonMethodsAndUtilities.getRandomValue(CommonMethodsAndUtilities.java:207)
at CommonMethodsAndUtilities.CommonMethodsAndUtilities.getRandomValue(CommonMethodsAndUtilities.java:207)
at CommonMethodsAndUtilities.CommonMethodsAndUtilities.getRandomValue(CommonMethodsAndUtilities.java:207)
at CommonMethodsAndUtilities.CommonMethodsAndUtilities.getRandomValue(CommonMethodsAndUtilities.java:207)
at CommonMethodsAndUtilities.CommonMethodsAndUtilities.getRandomValue(CommonMethodsAndUtilities.java:207)
at CommonMethodsAndUtilities.CommonMethodsAndUtilities.getRandomValue(CommonMethodsAndUtilities.java:207)
at CommonMethodsAndUtilities.CommonMethodsAndUtilities.getRandomValue(CommonMethodsAndUtilities.java:207)
at CommonMethodsAndUtilities.CommonMethodsAndUtilities.getRandomValue(CommonMethodsAndUtilities.java:207)
at CommonMethodsAndUtilities.CommonMethodsAndUtilities.getRandomValue(CommonMethodsAndUtilities.java:207)
at CommonMethodsAndUtilities.CommonMethodsAndUtilities.getRandomValue(CommonMethodsAndUtilities.java:207)
at CommonMethodsAndUtilities.CommonMethodsAndUtilities.getRandomValue(CommonMethodsAndUtilities.java:207)
at CommonMethodsAndUtilities.CommonMethodsAndUtilities.getRandomValue(CommonMethodsAndUtilities.java:207)
at CommonMethodsAndUtilities.CommonMethodsAndUtilities.getRandomValue(CommonMethodsAndUtilities.java:207)
at CommonMethodsAndUtilities.CommonMethodsAndUtilities.getRandomValue(CommonMethodsAndUtilities.java:207)
at CommonMethodsAndUtilities.CommonMethodsAndUtilities.getRandomValue(CommonMethodsAndUtilities.java:207)
at CommonMethodsAndUtilities.CommonMethodsAndUtilities.getRandomValue(CommonMethodsAndUtilities.java:207)
at CommonMethodsAndUtilities.CommonMethodsAndUtilities.getRandomValue(CommonMethodsAndUtilities.java:207)
at CommonMethodsAndUtilities.CommonMethodsAndUtilities.getRandomValue(CommonMethodsAndUtilities.java:207)
at CommonMethodsAndUtilities.CommonMethodsAndUtilities.getRandomValue(CommonMethodsAndUtilities.java:207)
at CommonMethodsAndUtilities.CommonMethodsAndUtilities.getRandomValue(CommonMethodsAndUtilities.java:207)
at CommonMethodsAndUtilities.CommonMethodsAndUtilities.getRandomValue(CommonMethodsAndUtilities.java:207)
at CommonMethodsAndUtilities.CommonMethodsAndUtilities.getRandomValue(CommonMethodsAndUtilities.java:207)
at CommonMethodsAndUtilities.CommonMethodsAndUtilities.getRandomValue(CommonMethodsAndUtilities.java:207)
at CommonMethodsAndUtilities.CommonMethodsAndUtilities.getRandomValue(CommonMethodsAndUtilities.java:207)
at CommonMethodsAndUtilities.CommonMethodsAndUtilities.getRandomValue(CommonMethodsAndUtilities.java:207)
at CommonMethodsAndUtilities.CommonMethodsAndUtilities.getRandomValue(CommonMethodsAndUtilities.java:207)
at CommonMethodsAndUtilities.CommonMethodsAndUtilities.getRandomValue(CommonMethodsAndUtilities.java:207)
at CommonMethodsAndUtilities.CommonMethodsAndUtilities.getRandomValue(CommonMethodsAndUtilities.java:207)
at CommonMethodsAndUtilities.CommonMethodsAndUtilities.getRandomValue(CommonMethodsAndUtilities.java:207)
at CommonMethodsAndUtilities.CommonMethodsAndUtilities.getRandomValue(CommonMethodsAndUtilities.java:207)
at CommonMethodsAndUtilities.CommonMethodsAndUtilities.getRandomValue(CommonMethodsAndUtilities.java:207)
at CommonMethodsAndUtilities.CommonMethodsAndUtilities.getRandomValue(CommonMethodsAndUtilities.java:207)
at CommonMethodsAndUtilities.CommonMethodsAndUtilities.getRandomValue(CommonMethodsAndUtilities.java:207)
at CommonMethodsAndUtilities.CommonMethodsAndUtilities.getRandomValue(CommonMethodsAndUtilities.java:207)
at CommonMethodsAndUtilities.CommonMethodsAndUtilities.getRandomValue(CommonMethodsAndUtilities.java:207)
at CommonMethodsAndUtilities.CommonMethodsAndUtilities.getRandomValue(CommonMethodsAndUtilities.java:207)
at CommonMethodsAndUtilities.CommonMethodsAndUtilities.getRandomValue(CommonMethodsAndUtilities.java:207)
at CommonMethodsAndUtilities.CommonMethodsAndUtilities.getRandomValue(CommonMethodsAndUtilities.java:207)
at CommonMethodsAndUtilities.CommonMethodsAndUtilities.getRandomValue(CommonMethodsAndUtilities.java:207)
at CommonMethodsAndUtilities.CommonMethodsAndUtilities.getRandomValue(CommonMethodsAndUtilities.java:207)
at CommonMethodsAndUtilities.CommonMethodsAndUtilities.getRandomValue(CommonMethodsAndUtilities.java:207)
at CommonMethodsAndUtilities.CommonMethodsAndUtilities.getRandomValue(CommonMethodsAndUtilities.java:207)
at CommonMethodsAndUtilities.CommonMethodsAndUtilities.getRandomValue(CommonMethodsAndUtilities.java:207)
at CommonMethodsAndUtilities.CommonMethodsAndUtilities.getRandomValue(CommonMethodsAndUtilities.java:207)
at CommonMethodsAndUtilities.CommonMethodsAndUtilities.getRandomValue(CommonMethodsAndUtilities.java:207)
at CommonMethodsAndUtilities.CommonMethodsAndUtilities.getRandomValue(CommonMethodsAndUtilities.java:207)
at CommonMethodsAndUtilities.CommonMethodsAndUtilities.getRandomValue(CommonMethodsAndUtilities.java:207)
at CommonMethodsAndUtilities.CommonMethodsAndUtilities.getRandomValue(CommonMethodsAndUtilities.java:207)
at CommonMethodsAndUtilities.CommonMethodsAndUtilities.getRandomValue(CommonMethodsAndUtilities.java:207)
at CommonMethodsAndUtilities.CommonMethodsAndUtilities.getRandomValue(CommonMethodsAndUtilities.java:207)
at CommonMethodsAndUtilities.CommonMethodsAndUtilities.getRandomValue(CommonMethodsAndUtilities.java:207)
at CommonMethodsAndUtilities.CommonMethodsAndUtilities.getRandomValue(CommonMethodsAndUtilities.java:207)
at CommonMethodsAndUtilities.CommonMethodsAndUtilities.getRandomValue(CommonMethodsAndUtilities.java:207)
at CommonMethodsAndUtilities.CommonMethodsAndUtilities.getRandomValue(CommonMethodsAndUtilities.java:207)
at CommonMethodsAndUtilities.CommonMethodsAndUtilities.getRandomValue(CommonMethodsAndUtilities.java:207)
at CommonMethodsAndUtilities.CommonMethodsAndUtilities.getRandomValue(CommonMethodsAndUtilities.java:207)
at CommonMethodsAndUtilities.CommonMethodsAndUtilities.getRandomValue(CommonMethodsAndUtilities.java:207)
at CommonMethodsAndUtilities.CommonMethodsAndUtilities.getRandomValue(CommonMethodsAndUtilities.java:207)
at CommonMethodsAndUtilities.CommonMethodsAndUtilities.getRandomValue(CommonMethodsAndUtilities.java:207)
at CommonMethodsAndUtilities.CommonMethodsAndUtilities.getRandomValue(CommonMethodsAndUtilities.java:207)
at CommonMethodsAndUtilities.CommonMethodsAndUtilities.getRandomValue(CommonMethodsAndUtilities.java:207)
at CommonMethodsAndUtilities.CommonMethodsAndUtilities.getRandomValue(CommonMethodsAndUtilities.java:207)
at CommonMethodsAndUtilities.CommonMethodsAndUtilities.getRandomValue(CommonMethodsAndUtilities.java:207)
at CommonMethodsAndUtilities.CommonMethodsAndUtilities.getRandomValue(CommonMethodsAndUtilities.java:207)
at CommonMethodsAndUtilities.CommonMethodsAndUtilities.getRandomValue(CommonMethodsAndUtilities.java:207)
at CommonMethodsAndUtilities.CommonMethodsAndUtilities.getRandomValue(CommonMethodsAndUtilities.java:207)
at CommonMethodsAndUtilities.CommonMethodsAndUtilities.getRandomValue(CommonMethodsAndUtilities.java:207)
at CommonMethodsAndUtilities.CommonMethodsAndUtilities.getRandomValue(CommonMethodsAndUtilities.java:207)
at CommonMethodsAndUtilities.CommonMethodsAndUtilities.getRandomValue(CommonMethodsAndUtilities.java:207)
at CommonMethodsAndUtilities.CommonMethodsAndUtilities.getRandomValue(CommonMethodsAndUtilities.java:207)
at CommonMethodsAndUtilities.CommonMethodsAndUtilities.getRandomValue(CommonMethodsAndUtilities.java:207)
at CommonMethodsAndUtilities.CommonMethodsAndUtilities.getRandomValue(CommonMethodsAndUtilities.java:207)
at CommonMethodsAndUtilities.CommonMethodsAndUtilities.getRandomValue(CommonMethodsAndUtilities.java:207)
at CommonMethodsAndUtilities.CommonMethodsAndUtilities.getRandomValue(CommonMethodsAndUtilities.java:207)
at CommonMethodsAndUtilities.CommonMethodsAndUtilities.getRandomValue(CommonMethodsAndUtilities.java:207)
at CommonMethodsAndUtilities.CommonMethodsAndUtilities.getRandomValue(CommonMethodsAndUtilities.java:207)
at CommonMethodsAndUtilities.CommonMethodsAndUtilities.getRandomValue(CommonMethodsAndUtilities.java:207)
at CommonMethodsAndUtilities.CommonMethodsAndUtilities.getRandomValue(CommonMethodsAndUtilities.java:207)
at CommonMethodsAndUtilities.CommonMethodsAndUtilities.getRandomValue(CommonMethodsAndUtilities.java:207)
at CommonMethodsAndUtilities.CommonMethodsAndUtilities.getRandomValue(CommonMethodsAndUtilities.java:207)
at CommonMethodsAndUtilities.CommonMethodsAndUtilities.getRandomValue(CommonMethodsAndUtilities.java:207)
at CommonMethodsAndUtilities.CommonMethodsAndUtilities.getRandomValue(CommonMethodsAndUtilities.java:207)
at CommonMethodsAndUtilities.CommonMethodsAndUtilities.getRandomValue(CommonMethodsAndUtilities.java:207)
at CommonMethodsAndUtilities.CommonMethodsAndUtilities.getRandomValue(CommonMethodsAndUtilities.java:207)
at CommonMethodsAndUtilities.CommonMethodsAndUtilities.getRandomValue(CommonMethodsAndUtilities.java:207)
at CommonMethodsAndUtilities.CommonMethodsAndUtilities.getRandomValue(CommonMethodsAndUtilities.java:207)
at CommonMethodsAndUtilities.CommonMethodsAndUtilities.getRandomValue(CommonMethodsAndUtilities.java:207)
at CommonMethodsAndUtilities.CommonMethodsAndUtilities.getRandomValue(CommonMethodsAndUtilities.java:207)
at CommonMethodsAndUtilities.CommonMethodsAndUtilities.getRandomValue(CommonMethodsAndUtilities.java:207)
at CommonMethodsAndUtilities.CommonMethodsAndUtilities.getRandomValue(CommonMethodsAndUtilities.java:207)
at CommonMethodsAndUtilities.CommonMethodsAndUtilities.getRandomValue(CommonMethodsAndUtilities.java:207)
at CommonMethodsAndUtilities.CommonMethodsAndUtilities.getRandomValue(CommonMethodsAndUtilities.java:207)
at CommonMethodsAndUtilities.CommonMethodsAndUtilities.getRandomValue(CommonMethodsAndUtilities.java:207)
at CommonMethodsAndUtilities.CommonMethodsAndUtilities.getRandomValue(CommonMethodsAndUtilities.java:207)
at CommonMethodsAndUtilities.CommonMethodsAndUtilities.getRandomValue(CommonMethodsAndUtilities.java:207)
at CommonMethodsAndUtilities.CommonMethodsAndUtilities.getRandomValue(CommonMethodsAndUtilities.java:207)
at CommonMethodsAndUtilities.CommonMethodsAndUtilities.getRandomValue(CommonMethodsAndUtilities.java:207)
at CommonMethodsAndUtilities.CommonMethodsAndUtilities.getRandomValue(CommonMethodsAndUtilities.java:207)
at CommonMethodsAndUtilities.CommonMethodsAndUtilities.getRandomValue(CommonMethodsAndUtilities.java:207)
at CommonMethodsAndUtilities.CommonMethodsAndUtilities.getRandomValue(CommonMethodsAndUtilities.java:207)
at CommonMethodsAndUtilities.CommonMethodsAndUtilities.getRandomValue(CommonMethodsAndUtilities.java:207)
at CommonMethodsAndUtilities.CommonMethodsAndUtilities.getRandomValue(CommonMethodsAndUtilities.java:207)
at CommonMethodsAndUtilities.CommonMethodsAndUtilities.getRandomValue(CommonMethodsAndUtilities.java:207)
at CommonMethodsAndUtilities.CommonMethodsAndUtilities.getRandomValue(CommonMethodsAndUtilities.java:207)
at CommonMethodsAndUtilities.CommonMethodsAndUtilities.getRandomValue(CommonMethodsAndUtilities.java:207)
at CommonMethodsAndUtilities.CommonMethodsAndUtilities.getRandomValue(CommonMethodsAndUtilities.java:207)
at CommonMethodsAndUtilities.CommonMethodsAndUtilities.getRandomValue(CommonMethodsAndUtilities.java:207)
at CommonMethodsAndUtilities.CommonMethodsAndUtilities.getRandomValue(CommonMethodsAndUtilities.java:207)
at CommonMethodsAndUtilities.CommonMethodsAndUtilities.getRandomValue(CommonMethodsAndUtilities.java:207)
at CommonMethodsAndUtilities.CommonMethodsAndUtilities.getRandomValue(CommonMethodsAndUtilities.java:207)
at CommonMethodsAndUtilities.CommonMethodsAndUtilities.getRandomValue(CommonMethodsAndUtilities.java:207)
at CommonMethodsAndUtilities.CommonMethodsAndUtilities.getRandomValue(CommonMethodsAndUtilities.java:207)
at CommonMethodsAndUtilities.CommonMethodsAndUtilities.getRandomValue(CommonMethodsAndUtilities.java:207)
at CommonMethodsAndUtilities.CommonMethodsAndUtilities.getRandomValue(CommonMethodsAndUtilities.java:207)
at CommonMethodsAndUtilities.CommonMethodsAndUtilities.getRandomValue(CommonMethodsAndUtilities.java:207)
at CommonMethodsAndUtilities.CommonMethodsAndUtilities.getRandomValue(CommonMethodsAndUtilities.java:207)
at CommonMethodsAndUtilities.CommonMethodsAndUtilities.getRandomValue(CommonMethodsAndUtilities.java:207)
at CommonMethodsAndUtilities.CommonMethodsAndUtilities.getRandomValue(CommonMethodsAndUtilities.java:207)
at CommonMethodsAndUtilities.CommonMethodsAndUtilities.getRandomValue(CommonMethodsAndUtilities.java:207)
at CommonMethodsAndUtilities.CommonMethodsAndUtilities.getRandomValue(CommonMethodsAndUtilities.java:207)
at CommonMethodsAndUtilities.CommonMethodsAndUtilities.getRandomValue(CommonMethodsAndUtilities.java:207)
at CommonMethodsAndUtilities.CommonMethodsAndUtilities.getRandomValue(CommonMethodsAndUtilities.java:207)
at CommonMethodsAndUtilities.CommonMethodsAndUtilities.getRandomValue(CommonMethodsAndUtilities.java:207)
at CommonMethodsAndUtilities.CommonMethodsAndUtilities.getRandomValue(CommonMethodsAndUtilities.java:207)
at CommonMethodsAndUtilities.CommonMethodsAndUtilities.getRandomValue(CommonMethodsAndUtilities.java:207)
at CommonMethodsAndUtilities.CommonMethodsAndUtilities.getRandomValue(CommonMethodsAndUtilities.java:207)
at CommonMethodsAndUtilities.CommonMethodsAndUtilities.getRandomValue(CommonMethodsAndUtilities.java:207)
at CommonMethodsAndUtilities.CommonMethodsAndUtilities.getRandomValue(CommonMethodsAndUtilities.java:207)
at CommonMethodsAndUtilities.CommonMethodsAndUtilities.getRandomValue(CommonMethodsAndUtilities.java:207)
at CommonMethodsAndUtilities.CommonMethodsAndUtilities.getRandomValue(CommonMethodsAndUtilities.java:207)
at CommonMethodsAndUtilities.CommonMethodsAndUtilities.getRandomValue(CommonMethodsAndUtilities.java:207)
at CommonMethodsAndUtilities.CommonMethodsAndUtilities.getRandomValue(CommonMethodsAndUtilities.java:207)
at CommonMethodsAndUtilities.CommonMethodsAndUtilities.getRandomValue(CommonMethodsAndUtilities.java:207)
at CommonMethodsAndUtilities.CommonMethodsAndUtilities.getRandomValue(CommonMethodsAndUtilities.java:207)
at CommonMethodsAndUtilities.CommonMethodsAndUtilities.getRandomValue(CommonMethodsAndUtilities.java:207)
at CommonMethodsAndUtilities.CommonMethodsAndUtilities.getRandomValue(CommonMethodsAndUtilities.java:207)
at CommonMethodsAndUtilities.CommonMethodsAndUtilities.getRandomValue(CommonMethodsAndUtilities.java:207)
at CommonMethodsAndUtilities.CommonMethodsAndUtilities.getRandomValue(CommonMethodsAndUtilities.java:207)
at CommonMethodsAndUtilities.CommonMethodsAndUtilities.getRandomValue(CommonMethodsAndUtilities.java:207)
at CommonMethodsAndUtilities.CommonMethodsAndUtilities.getRandomValue(CommonMethodsAndUtilities.java:207)
at CommonMethodsAndUtilities.CommonMethodsAndUtilities.getRandomValue(CommonMethodsAndUtilities.java:207)
at CommonMethodsAndUtilities.CommonMethodsAndUtilities.getRandomValue(CommonMethodsAndUtilities.java:207)
at CommonMethodsAndUtilities.CommonMethodsAndUtilities.getRandomValue(CommonMethodsAndUtilities.java:207)
at CommonMethodsAndUtilities.CommonMethodsAndUtilities.getRandomValue(CommonMethodsAndUtilities.java:207)
at CommonMethodsAndUtilities.CommonMethodsAndUtilities.getRandomValue(CommonMethodsAndUtilities.java:207)
at CommonMethodsAndUtilities.CommonMethodsAndUtilities.getRandomValue(CommonMethodsAndUtilities.java:207)
at CommonMethodsAndUtilities.CommonMethodsAndUtilities.getRandomValue(CommonMethodsAndUtilities.java:207)
at CommonMethodsAndUtilities.CommonMethodsAndUtilities.getRandomValue(CommonMethodsAndUtilities.java:207)
at CommonMethodsAndUtilities.CommonMethodsAndUtilities.getRandomValue(CommonMethodsAndUtilities.java:207)
at CommonMethodsAndUtilities.CommonMethodsAndUtilities.getRandomValue(CommonMethodsAndUtilities.java:207)
at CommonMethodsAndUtilities.CommonMethodsAndUtilities.getRandomValue(CommonMethodsAndUtilities.java:207)
at CommonMethodsAndUtilities.CommonMethodsAndUtilities.getRandomValue(CommonMethodsAndUtilities.java:207)
at CommonMethodsAndUtilities.CommonMethodsAndUtilities.getRandomValue(CommonMethodsAndUtilities.java:207)
at CommonMethodsAndUtilities.CommonMethodsAndUtilities.getRandomValue(CommonMethodsAndUtilities.java:207)
at CommonMethodsAndUtilities.CommonMethodsAndUtilities.getRandomValue(CommonMethodsAndUtilities.java:207)
at CommonMethodsAndUtilities.CommonMethodsAndUtilities.getRandomValue(CommonMethodsAndUtilities.java:207)
at CommonMethodsAndUtilities.CommonMethodsAndUtilities.getRandomValue(CommonMethodsAndUtilities.java:207)
at CommonMethodsAndUtilities.CommonMethodsAndUtilities.getRandomValue(CommonMethodsAndUtilities.java:207)
at CommonMethodsAndUtilities.CommonMethodsAndUtilities.getRandomValue(CommonMethodsAndUtilities.java:207)
at CommonMethodsAndUtilities.CommonMethodsAndUtilities.getRandomValue(CommonMethodsAndUtilities.java:207)
at CommonMethodsAndUtilities.CommonMethodsAndUtilities.getRandomValue(CommonMethodsAndUtilities.java:207)
at CommonMethodsAndUtilities.CommonMethodsAndUtilities.getRandomValue(CommonMethodsAndUtilities.java:207)
at CommonMethodsAndUtilities.CommonMethodsAndUtilities.getRandomValue(CommonMethodsAndUtilities.java:207)
at CommonMethodsAndUtilities.CommonMethodsAndUtilities.getRandomValue(CommonMethodsAndUtilities.java:207)
at CommonMethodsAndUtilities.CommonMethodsAndUtilities.getRandomValue(CommonMethodsAndUtilities.java:207)
at CommonMethodsAndUtilities.CommonMethodsAndUtilities.getRandomValue(CommonMethodsAndUtilities.java:207)
at CommonMethodsAndUtilities.CommonMethodsAndUtilities.getRandomValue(CommonMethodsAndUtilities.java:207)
at CommonMethodsAndUtilities.CommonMethodsAndUtilities.getRandomValue(CommonMethodsAndUtilities.java:207)
at CommonMethodsAndUtilities.CommonMethodsAndUtilities.getRandomValue(CommonMethodsAndUtilities.java:207)
at CommonMethodsAndUtilities.CommonMethodsAndUtilities.getRandomValue(CommonMethodsAndUtilities.java:207)
at CommonMethodsAndUtilities.CommonMethodsAndUtilities.getRandomValue(CommonMethodsAndUtilities.java:207)
at CommonMethodsAndUtilities.CommonMethodsAndUtilities.getRandomValue(CommonMethodsAndUtilities.java:207)
at CommonMethodsAndUtilities.CommonMethodsAndUtilities.getRandomValue(CommonMethodsAndUtilities.java:207)
at CommonMethodsAndUtilities.CommonMethodsAndUtilities.getRandomValue(CommonMethodsAndUtilities.java:207)
at CommonMethodsAndUtilities.CommonMethodsAndUtilities.getRandomValue(CommonMethodsAndUtilities.java:207)
at CommonMethodsAndUtilities.CommonMethodsAndUtilities.getRandomValue(CommonMethodsAndUtilities.java:207)
at CommonMethodsAndUtilities.CommonMethodsAndUtilities.getRandomValue(CommonMethodsAndUtilities.java:207)
at CommonMethodsAndUtilities.CommonMethodsAndUtilities.getRandomValue(CommonMethodsAndUtilities.java:207)
at CommonMethodsAndUtilities.CommonMethodsAndUtilities.getRandomValue(CommonMethodsAndUtilities.java:207)
at CommonMethodsAndUtilities.CommonMethodsAndUtilities.getRandomValue(CommonMethodsAndUtilities.java:207)
at CommonMethodsAndUtilities.CommonMethodsAndUtilities.getRandomValue(CommonMethodsAndUtilities.java:207)
at CommonMethodsAndUtilities.CommonMethodsAndUtilities.getRandomValue(CommonMethodsAndUtilities.java:207)
at CommonMethodsAndUtilities.CommonMethodsAndUtilities.getRandomValue(CommonMethodsAndUtilities.java:207)
at CommonMethodsAndUtilities.CommonMethodsAndUtilities.getRandomValue(CommonMethodsAndUtilities.java:207)
at CommonMethodsAndUtilities.CommonMethodsAndUtilities.getRandomValue(CommonMethodsAndUtilities.java:207)
at CommonMethodsAndUtilities.CommonMethodsAndUtilities.getRandomValue(CommonMethodsAndUtilities.java:207)
at CommonMethodsAndUtilities.CommonMethodsAndUtilities.getRandomValue(CommonMethodsAndUtilities.java:207)
at CommonMethodsAndUtilities.CommonMethodsAndUtilities.getRandomValue(CommonMethodsAndUtilities.java:207)
at CommonMethodsAndUtilities.CommonMethodsAndUtilities.getRandomValue(CommonMethodsAndUtilities.java:207)
at CommonMethodsAndUtilities.CommonMethodsAndUtilities.getRandomValue(CommonMethodsAndUtilities.java:207)
at CommonMethodsAndUtilities.CommonMethodsAndUtilities.getRandomValue(CommonMethodsAndUtilities.java:207)
at CommonMethodsAndUtilities.CommonMethodsAndUtilities.getRandomValue(CommonMethodsAndUtilities.java:207)
at CommonMethodsAndUtilities.CommonMethodsAndUtilities.getRandomValue(CommonMethodsAndUtilities.java:207)
at CommonMethodsAndUtilities.CommonMethodsAndUtilities.getRandomValue(CommonMethodsAndUtilities.java:207)
at CommonMethodsAndUtilities.CommonMethodsAndUtilities.getRandomValue(CommonMethodsAndUtilities.java:207)
at CommonMethodsAndUtilities.CommonMethodsAndUtilities.getRandomValue(CommonMethodsAndUtilities.java:207)
at CommonMethodsAndUtilities.CommonMethodsAndUtilities.getRandomValue(CommonMethodsAndUtilities.java:207)
at CommonMethodsAndUtilities.CommonMethodsAndUtilities.getRandomValue(CommonMethodsAndUtilities.java:207)
at CommonMethodsAndUtilities.CommonMethodsAndUtilities.getRandomValue(CommonMethodsAndUtilities.java:207)
at CommonMethodsAndUtilities.CommonMethodsAndUtilities.getRandomValue(CommonMethodsAndUtilities.java:207)
at CommonMethodsAndUtilities.CommonMethodsAndUtilities.getRandomValue(CommonMethodsAndUtilities.java:207)
at CommonMethodsAndUtilities.CommonMethodsAndUtilities.getRandomValue(CommonMethodsAndUtilities.java:207)
at CommonMethodsAndUtilities.CommonMethodsAndUtilities.getRandomValue(CommonMethodsAndUtilities.java:207)
at CommonMethodsAndUtilities.CommonMethodsAndUtilities.getRandomValue(CommonMethodsAndUtilities.java:207)
at CommonMethodsAndUtilities.CommonMethodsAndUtilities.getRandomValue(CommonMethodsAndUtilities.java:207)
at CommonMethodsAndUtilities.CommonMethodsAndUtilities.getRandomValue(CommonMethodsAndUtilities.java:207)
at CommonMethodsAndUtilities.CommonMethodsAndUtilities.getRandomValue(CommonMethodsAndUtilities.java:207)
at CommonMethodsAndUtilities.CommonMethodsAndUtilities.getRandomValue(CommonMethodsAndUtilities.java:207)
at CommonMethodsAndUtilities.CommonMethodsAndUtilities.getRandomValue(CommonMethodsAndUtilities.java:207)
at CommonMethodsAndUtilities.CommonMethodsAndUtilities.getRandomValue(CommonMethodsAndUtilities.java:207)
at CommonMethodsAndUtilities.CommonMethodsAndUtilities.getRandomValue(CommonMethodsAndUtilities.java:207)
at CommonMethodsAndUtilities.CommonMethodsAndUtilities.getRandomValue(CommonMethodsAndUtilities.java:207)
at CommonMethodsAndUtilities.CommonMethodsAndUtilities.getRandomValue(CommonMethodsAndUtilities.java:207)
at CommonMethodsAndUtilities.CommonMethodsAndUtilities.getRandomValue(CommonMethodsAndUtilities.java:207)
at CommonMethodsAndUtilities.CommonMethodsAndUtilities.getRandomValue(CommonMethodsAndUtilities.java:207)
at CommonMethodsAndUtilities.CommonMethodsAndUtilities.getRandomValue(CommonMethodsAndUtilities.java:207)
at CommonMethodsAndUtilities.CommonMethodsAndUtilities.getRandomValue(CommonMethodsAndUtilities.java:207)
at CommonMethodsAndUtilities.CommonMethodsAndUtilities.getRandomValue(CommonMethodsAndUtilities.java:207)
at CommonMethodsAndUtilities.CommonMethodsAndUtilities.getRandomValue(CommonMethodsAndUtilities.java:207)
at CommonMethodsAndUtilities.CommonMethodsAndUtilities.getRandomValue(CommonMethodsAndUtilities.java:207)
at CommonMethodsAndUtilities.CommonMethodsAndUtilities.getRandomValue(CommonMethodsAndUtilities.java:207)
at CommonMethodsAndUtilities.CommonMethodsAndUtilities.getRandomValue(CommonMethodsAndUtilities.java:207)
at CommonMethodsAndUtilities.CommonMethodsAndUtilities.getRandomValue(CommonMethodsAndUtilities.java:207)
at CommonMethodsAndUtilities.CommonMethodsAndUtilities.getRandomValue(CommonMethodsAndUtilities.java:207)
at CommonMethodsAndUtilities.CommonMethodsAndUtilities.getRandomValue(CommonMethodsAndUtilities.java:207)
at CommonMethodsAndUtilities.CommonMethodsAndUtilities.getRandomValue(CommonMethodsAndUtilities.java:207)
at CommonMethodsAndUtilities.CommonMethodsAndUtilities.getRandomValue(CommonMethodsAndUtilities.java:207)
at CommonMethodsAndUtilities.CommonMethodsAndUtilities.getRandomValue(CommonMethodsAndUtilities.java:207)
at CommonMethodsAndUtilities.CommonMethodsAndUtilities.getRandomValue(CommonMethodsAndUtilities.java:207)
at CommonMethodsAndUtilities.CommonMethodsAndUtilities.getRandomValue(CommonMethodsAndUtilities.java:207)
at CommonMethodsAndUtilities.CommonMethodsAndUtilities.getRandomValue(CommonMethodsAndUtilities.java:207)
at CommonMethodsAndUtilities.CommonMethodsAndUtilities.getRandomValue(CommonMethodsAndUtilities.java:207)
at CommonMethodsAndUtilities.CommonMethodsAndUtilities.getRandomValue(CommonMethodsAndUtilities.java:207)
at CommonMethodsAndUtilities.CommonMethodsAndUtilities.getRandomValue(CommonMethodsAndUtilities.java:207)
at CommonMethodsAndUtilities.CommonMethodsAndUtilities.getRandomValue(CommonMethodsAndUtilities.java:207)
at CommonMethodsAndUtilities.CommonMethodsAndUtilities.getRandomValue(CommonMethodsAndUtilities.java:207)
at CommonMethodsAndUtilities.CommonMethodsAndUtilities.getRandomValue(CommonMethodsAndUtilities.java:207)
at CommonMethodsAndUtilities.CommonMethodsAndUtilities.getRandomValue(CommonMethodsAndUtilities.java:207)
at CommonMethodsAndUtilities.CommonMethodsAndUtilities.getRandomValue(CommonMethodsAndUtilities.java:207)
at CommonMethodsAndUtilities.CommonMethodsAndUtilities.getRandomValue(CommonMethodsAndUtilities.java:207)
at CommonMethodsAndUtilities.CommonMethodsAndUtilities.getRandomValue(CommonMethodsAndUtilities.java:207)
at CommonMethodsAndUtilities.CommonMethodsAndUtilities.getRandomValue(CommonMethodsAndUtilities.java:207)
at CommonMethodsAndUtilities.CommonMethodsAndUtilities.getRandomValue(CommonMethodsAndUtilities.java:207)
at CommonMethodsAndUtilities.CommonMethodsAndUtilities.getRandomValue(CommonMethodsAndUtilities.java:207)
at CommonMethodsAndUtilities.CommonMethodsAndUtilities.getRandomValue(CommonMethodsAndUtilities.java:207)
at CommonMethodsAndUtilities.CommonMethodsAndUtilities.getRandomValue(CommonMethodsAndUtilities.java:207)
at CommonMethodsAndUtilities.CommonMethodsAndUtilities.getRandomValue(CommonMethodsAndUtilities.java:207)
at CommonMethodsAndUtilities.CommonMethodsAndUtilities.getRandomValue(CommonMethodsAndUtilities.java:207)
at CommonMethodsAndUtilities.CommonMethodsAndUtilities.getRandomValue(CommonMethodsAndUtilities.java:207)
at CommonMethodsAndUtilities.CommonMethodsAndUtilities.getRandomValue(CommonMethodsAndUtilities.java:207)
at CommonMethodsAndUtilities.CommonMethodsAndUtilities.getRandomValue(CommonMethodsAndUtilities.java:207)
at CommonMethodsAndUtilities.CommonMethodsAndUtilities.getRandomValue(CommonMethodsAndUtilities.java:207)
at CommonMethodsAndUtilities.CommonMethodsAndUtilities.getRandomValue(CommonMethodsAndUtilities.java:207)
at CommonMethodsAndUtilities.CommonMethodsAndUtilities.getRandomValue(CommonMethodsAndUtilities.java:207)
at CommonMethodsAndUtilities.CommonMethodsAndUtilities.getRandomValue(CommonMethodsAndUtilities.java:207)
at CommonMethodsAndUtilities.CommonMethodsAndUtilities.getRandomValue(CommonMethodsAndUtilities.java:207)
at CommonMethodsAndUtilities.CommonMethodsAndUtilities.getRandomValue(CommonMethodsAndUtilities.java:207)
at CommonMethodsAndUtilities.CommonMethodsAndUtilities.getRandomValue(CommonMethodsAndUtilities.java:207)
at CommonMethodsAndUtilities.CommonMethodsAndUtilities.getRandomValue(CommonMethodsAndUtilities.java:207)
at CommonMethodsAndUtilities.CommonMethodsAndUtilities.getRandomValue(CommonMethodsAndUtilities.java:207)
at CommonMethodsAndUtilities.CommonMethodsAndUtilities.getRandomValue(CommonMethodsAndUtilities.java:207)
at CommonMethodsAndUtilities.CommonMethodsAndUtilities.getRandomValue(CommonMethodsAndUtilities.java:207)
at CommonMethodsAndUtilities.CommonMethodsAndUtilities.getRandomValue(CommonMethodsAndUtilities.java:207)
at CommonMethodsAndUtilities.CommonMethodsAndUtilities.getRandomValue(CommonMethodsAndUtilities.java:207)
at CommonMethodsAndUtilities.CommonMethodsAndUtilities.getRandomValue(CommonMethodsAndUtilities.java:207)
at CommonMethodsAndUtilities.CommonMethodsAndUtilities.getRandomValue(CommonMethodsAndUtilities.java:207)
at CommonMethodsAndUtilities.CommonMethodsAndUtilities.getRandomValue(CommonMethodsAndUtilities.java:207)
at CommonMethodsAndUtilities.CommonMethodsAndUtilities.getRandomValue(CommonMethodsAndUtilities.java:207)
at CommonMethodsAndUtilities.CommonMethodsAndUtilities.getRandomValue(CommonMethodsAndUtilities.java:207)
at CommonMethodsAndUtilities.CommonMethodsAndUtilities.getRandomValue(CommonMethodsAndUtilities.java:207)
at CommonMethodsAndUtilities.CommonMethodsAndUtilities.getRandomValue(CommonMethodsAndUtilities.java:207)
at CommonMethodsAndUtilities.CommonMethodsAndUtilities.getRandomValue(CommonMethodsAndUtilities.java:207)
at CommonMethodsAndUtilities.CommonMethodsAndUtilities.getRandomValue(CommonMethodsAndUtilities.java:207)
at CommonMethodsAndUtilities.CommonMethodsAndUtilities.getRandomValue(CommonMethodsAndUtilities.java:207)
at CommonMethodsAndUtilities.CommonMethodsAndUtilities.getRandomValue(CommonMethodsAndUtilities.java:207)
at CommonMethodsAndUtilities.CommonMethodsAndUtilities.getRandomValue(CommonMethodsAndUtilities.java:207)
at CommonMethodsAndUtilities.CommonMethodsAndUtilities.getRandomValue(CommonMethodsAndUtilities.java:207)
at CommonMethodsAndUtilities.CommonMethodsAndUtilities.getRandomValue(CommonMethodsAndUtilities.java:207)
at CommonMethodsAndUtilities.CommonMethodsAndUtilities.getRandomValue(CommonMethodsAndUtilities.java:207)
at CommonMethodsAndUtilities.CommonMethodsAndUtilities.getRandomValue(CommonMethodsAndUtilities.java:207)
at CommonMethodsAndUtilities.CommonMethodsAndUtilities.getRandomValue(CommonMethodsAndUtilities.java:207)
at CommonMethodsAndUtilities.CommonMethodsAndUtilities.getRandomValue(CommonMethodsAndUtilities.java:207)
at CommonMethodsAndUtilities.CommonMethodsAndUtilities.getRandomValue(CommonMethodsAndUtilities.java:207)
at CommonMethodsAndUtilities.CommonMethodsAndUtilities.getRandomValue(CommonMethodsAndUtilities.java:207)
at CommonMethodsAndUtilities.CommonMethodsAndUtilities.getRandomValue(CommonMethodsAndUtilities.java:207)
at CommonMethodsAndUtilities.CommonMethodsAndUtilities.getRandomValue(CommonMethodsAndUtilities.java:207)
at CommonMethodsAndUtilities.CommonMethodsAndUtilities.getRandomValue(CommonMethodsAndUtilities.java:207)
at CommonMethodsAndUtilities.CommonMethodsAndUtilities.getRandomValue(CommonMethodsAndUtilities.java:207)
at CommonMethodsAndUtilities.CommonMethodsAndUtilities.getRandomValue(CommonMethodsAndUtilities.java:207)
at CommonMethodsAndUtilities.CommonMethodsAndUtilities.getRandomValue(CommonMethodsAndUtilities.java:207)
at CommonMethodsAndUtilities.CommonMethodsAndUtilities.getRandomValue(CommonMethodsAndUtilities.java:207)
at CommonMethodsAndUtilities.CommonMethodsAndUtilities.getRandomValue(CommonMethodsAndUtilities.java:207)
at CommonMethodsAndUtilities.CommonMethodsAndUtilities.getRandomValue(CommonMethodsAndUtilities.java:207)
at CommonMethodsAndUtilities.CommonMethodsAndUtilities.getRandomValue(CommonMethodsAndUtilities.java:207)
at CommonMethodsAndUtilities.CommonMethodsAndUtilities.getRandomValue(CommonMethodsAndUtilities.java:207)
at CommonMethodsAndUtilities.CommonMethodsAndUtilities.getRandomValue(CommonMethodsAndUtilities.java:207)
at CommonMethodsAndUtilities.CommonMethodsAndUtilities.getRandomValue(CommonMethodsAndUtilities.java:207)
at CommonMethodsAndUtilities.CommonMethodsAndUtilities.getRandomValue(CommonMethodsAndUtilities.java:207)
at CommonMethodsAndUtilities.CommonMethodsAndUtilities.getRandomValue(CommonMethodsAndUtilities.java:207)
at CommonMethodsAndUtilities.CommonMethodsAndUtilities.getRandomValue(CommonMethodsAndUtilities.java:207)
at CommonMethodsAndUtilities.CommonMethodsAndUtilities.getRandomValue(CommonMethodsAndUtilities.java:207)
at CommonMethodsAndUtilities.CommonMethodsAndUtilities.getRandomValue(CommonMethodsAndUtilities.java:207)
at CommonMethodsAndUtilities.CommonMethodsAndUtilities.getRandomValue(CommonMethodsAndUtilities.java:207)
at CommonMethodsAndUtilities.CommonMethodsAndUtilities.getRandomValue(CommonMethodsAndUtilities.java:207)
at CommonMethodsAndUtilities.CommonMethodsAndUtilities.getRandomValue(CommonMethodsAndUtilities.java:207)
at CommonMethodsAndUtilities.CommonMethodsAndUtilities.getRandomValue(CommonMethodsAndUtilities.java:207)
at CommonMethodsAndUtilities.CommonMethodsAndUtilities.getRandomValue(CommonMethodsAndUtilities.java:207)
at CommonMethodsAndUtilities.CommonMethodsAndUtilities.getRandomValue(CommonMethodsAndUtilities.java:207)
at CommonMethodsAndUtilities.CommonMethodsAndUtilities.getRandomValue(CommonMethodsAndUtilities.java:207)
at CommonMethodsAndUtilities.CommonMethodsAndUtilities.getRandomValue(CommonMethodsAndUtilities.java:207)
at CommonMethodsAndUtilities.CommonMethodsAndUtilities.getRandomValue(CommonMethodsAndUtilities.java:207)
at CommonMethodsAndUtilities.CommonMethodsAndUtilities.getRandomValue(CommonMethodsAndUtilities.java:207)
at CommonMethodsAndUtilities.CommonMethodsAndUtilities.getRandomValue(CommonMethodsAndUtilities.java:207)
at CommonMethodsAndUtilities.CommonMethodsAndUtilities.getRandomValue(CommonMethodsAndUtilities.java:207)
at CommonMethodsAndUtilities.CommonMethodsAndUtilities.getRandomValue(CommonMethodsAndUtilities.java:207)
at CommonMethodsAndUtilities.CommonMethodsAndUtilities.getRandomValue(CommonMethodsAndUtilities.java:207)
at CommonMethodsAndUtilities.CommonMethodsAndUtilities.getRandomValue(CommonMethodsAndUtilities.java:207)
at CommonMethodsAndUtilities.CommonMethodsAndUtilities.getRandomValue(CommonMethodsAndUtilities.java:207)
at CommonMethodsAndUtilities.CommonMethodsAndUtilities.getRandomValue(CommonMethodsAndUtilities.java:207)
at CommonMethodsAndUtilities.CommonMethodsAndUtilities.getRandomValue(CommonMethodsAndUtilities.java:207)
at CommonMethodsAndUtilities.CommonMethodsAndUtilities.getRandomValue(CommonMethodsAndUtilities.java:207)
at CommonMethodsAndUtilities.CommonMethodsAndUtilities.getRandomValue(CommonMethodsAndUtilities.java:207)
at CommonMethodsAndUtilities.CommonMethodsAndUtilities.getRandomValue(CommonMethodsAndUtilities.java:207)
at CommonMethodsAndUtilities.CommonMethodsAndUtilities.getRandomValue(CommonMethodsAndUtilities.java:207)
at CommonMethodsAndUtilities.CommonMethodsAndUtilities.getRandomValue(CommonMethodsAndUtilities.java:207)
at CommonMethodsAndUtilities.CommonMethodsAndUtilities.getRandomValue(CommonMethodsAndUtilities.java:207)
at CommonMethodsAndUtilities.CommonMethodsAndUtilities.getRandomValue(CommonMethodsAndUtilities.java:207)
at CommonMethodsAndUtilities.CommonMethodsAndUtilities.getRandomValue(CommonMethodsAndUtilities.java:207)
at CommonMethodsAndUtilities.CommonMethodsAndUtilities.getRandomValue(CommonMethodsAndUtilities.java:207)
at CommonMethodsAndUtilities.CommonMethodsAndUtilities.getRandomValue(CommonMethodsAndUtilities.java:207)
at CommonMethodsAndUtilities.CommonMethodsAndUtilities.getRandomValue(CommonMethodsAndUtilities.java:207)
at CommonMethodsAndUtilities.CommonMethodsAndUtilities.getRandomValue(CommonMethodsAndUtilities.java:207)
at CommonMethodsAndUtilities.CommonMethodsAndUtilities.getRandomValue(CommonMethodsAndUtilities.java:207)
at CommonMethodsAndUtilities.CommonMethodsAndUtilities.getRandomValue(CommonMethodsAndUtilities.java:207)
at CommonMethodsAndUtilities.CommonMethodsAndUtilities.getRandomValue(CommonMethodsAndUtilities.java:207)
at CommonMethodsAndUtilities.CommonMethodsAndUtilities.getRandomValue(CommonMethodsAndUtilities.java:207)
at CommonMethodsAndUtilities.CommonMethodsAndUtilities.getRandomValue(CommonMethodsAndUtilities.java:207)
at CommonMethodsAndUtilities.CommonMethodsAndUtilities.getRandomValue(CommonMethodsAndUtilities.java:207)
at CommonMethodsAndUtilities.CommonMethodsAndUtilities.getRandomValue(CommonMethodsAndUtilities.java:207)
at CommonMethodsAndUtilities.CommonMethodsAndUtilities.getRandomValue(CommonMethodsAndUtilities.java:207)
at CommonMethodsAndUtilities.CommonMethodsAndUtilities.getRandomValue(CommonMethodsAndUtilities.java:207)
at CommonMethodsAndUtilities.CommonMethodsAndUtilities.getRandomValue(CommonMethodsAndUtilities.java:207)
at CommonMethodsAndUtilities.CommonMethodsAndUtilities.getRandomValue(CommonMethodsAndUtilities.java:207)
at CommonMethodsAndUtilities.CommonMethodsAndUtilities.getRandomValue(CommonMethodsAndUtilities.java:207)
at CommonMethodsAndUtilities.CommonMethodsAndUtilities.getRandomValue(CommonMethodsAndUtilities.java:207)
at CommonMethodsAndUtilities.CommonMethodsAndUtilities.getRandomValue(CommonMethodsAndUtilities.java:207)
at CommonMethodsAndUtilities.CommonMethodsAndUtilities.getRandomValue(CommonMethodsAndUtilities.java:207)
at CommonMethodsAndUtilities.CommonMethodsAndUtilities.getRandomValue(CommonMethodsAndUtilities.java:207)
at CommonMethodsAndUtilities.CommonMethodsAndUtilities.getRandomValue(CommonMethodsAndUtilities.java:207)
at CommonMethodsAndUtilities.CommonMethodsAndUtilities.getRandomValue(CommonMethodsAndUtilities.java:207)
at CommonMethodsAndUtilities.CommonMethodsAndUtilities.getRandomValue(CommonMethodsAndUtilities.java:207)
at CommonMethodsAndUtilities.CommonMethodsAndUtilities.getRandomValue(CommonMethodsAndUtilities.java:207)
at CommonMethodsAndUtilities.CommonMethodsAndUtilities.getRandomValue(CommonMethodsAndUtilities.java:207)
at CommonMethodsAndUtilities.CommonMethodsAndUtilities.getRandomValue(CommonMethodsAndUtilities.java:207)
at CommonMethodsAndUtilities.CommonMethodsAndUtilities.getRandomValue(CommonMethodsAndUtilities.java:207)
at CommonMethodsAndUtilities.CommonMethodsAndUtilities.getRandomValue(CommonMethodsAndUtilities.java:207)
at CommonMethodsAndUtilities.CommonMethodsAndUtilities.getRandomValue(CommonMethodsAndUtilities.java:207)
at CommonMethodsAndUtilities.CommonMethodsAndUtilities.getRandomValue(CommonMethodsAndUtilities.java:207)
at CommonMethodsAndUtilities.CommonMethodsAndUtilities.getRandomValue(CommonMethodsAndUtilities.java:207)
at CommonMethodsAndUtilities.CommonMethodsAndUtilities.getRandomValue(CommonMethodsAndUtilities.java:207)
at CommonMethodsAndUtilities.CommonMethodsAndUtilities.getRandomValue(CommonMethodsAndUtilities.java:207)
at CommonMethodsAndUtilities.CommonMethodsAndUtilities.getRandomValue(CommonMethodsAndUtilities.java:207)
at CommonMethodsAndUtilities.CommonMethodsAndUtilities.getRandomValue(CommonMethodsAndUtilities.java:207)
at CommonMethodsAndUtilities.CommonMethodsAndUtilities.getRandomValue(CommonMethodsAndUtilities.java:207)
at CommonMethodsAndUtilities.CommonMethodsAndUtilities.getRandomValue(CommonMethodsAndUtilities.java:207)
at CommonMethodsAndUtilities.CommonMethodsAndUtilities.getRandomValue(CommonMethodsAndUtilities.java:207)
at CommonMethodsAndUtilities.CommonMethodsAndUtilities.getRandomValue(CommonMethodsAndUtilities.java:207)
at CommonMethodsAndUtilities.CommonMethodsAndUtilities.getRandomValue(CommonMethodsAndUtilities.java:207)
at CommonMethodsAndUtilities.CommonMethodsAndUtilities.getRandomValue(CommonMethodsAndUtilities.java:207)
at CommonMethodsAndUtilities.CommonMethodsAndUtilities.getRandomValue(CommonMethodsAndUtilities.java:207)
at CommonMethodsAndUtilities.CommonMethodsAndUtilities.getRandomValue(CommonMethodsAndUtilities.java:207)
at CommonMethodsAndUtilities.CommonMethodsAndUtilities.getRandomValue(CommonMethodsAndUtilities.java:207)
at CommonMethodsAndUtilities.CommonMethodsAndUtilities.getRandomValue(CommonMethodsAndUtilities.java:207)
at CommonMethodsAndUtilities.CommonMethodsAndUtilities.getRandomValue(CommonMethodsAndUtilities.java:207)
at CommonMethodsAndUtilities.CommonMethodsAndUtilities.getRandomValue(CommonMethodsAndUtilities.java:207)
at CommonMethodsAndUtilities.CommonMethodsAndUtilities.getRandomValue(CommonMethodsAndUtilities.java:207)
at CommonMethodsAndUtilities.CommonMethodsAndUtilities.getRandomValue(CommonMethodsAndUtilities.java:207)
at CommonMethodsAndUtilities.CommonMethodsAndUtilities.getRandomValue(CommonMethodsAndUtilities.java:207)
at CommonMethodsAndUtilities.CommonMethodsAndUtilities.getRandomValue(CommonMethodsAndUtilities.java:207)
at CommonMethodsAndUtilities.CommonMethodsAndUtilities.getRandomValue(CommonMethodsAndUtilities.java:207)
at CommonMethodsAndUtilities.CommonMethodsAndUtilities.getRandomValue(CommonMethodsAndUtilities.java:207)
at CommonMethodsAndUtilities.CommonMethodsAndUtilities.getRandomValue(CommonMethodsAndUtilities.java:207)
at CommonMethodsAndUtilities.CommonMethodsAndUtilities.getRandomValue(CommonMethodsAndUtilities.java:207)
at CommonMethodsAndUtilities.CommonMethodsAndUtilities.getRandomValue(CommonMethodsAndUtilities.java:207)
at CommonMethodsAndUtilities.CommonMethodsAndUtilities.getRandomValue(CommonMethodsAndUtilities.java:207)
at CommonMethodsAndUtilities.CommonMethodsAndUtilities.getRandomValue(CommonMethodsAndUtilities.java:207)
at CommonMethodsAndUtilities.CommonMethodsAndUtilities.getRandomValue(CommonMethodsAndUtilities.java:207)
at CommonMethodsAndUtilities.CommonMethodsAndUtilities.getRandomValue(CommonMethodsAndUtilities.java:207)
at CommonMethodsAndUtilities.CommonMethodsAndUtilities.getRandomValue(CommonMethodsAndUtilities.java:207)
at CommonMethodsAndUtilities.CommonMethodsAndUtilities.getRandomValue(CommonMethodsAndUtilities.java:207)
at CommonMethodsAndUtilities.CommonMethodsAndUtilities.getRandomValue(CommonMethodsAndUtilities.java:207)
at CommonMethodsAndUtilities.CommonMethodsAndUtilities.getRandomValue(CommonMethodsAndUtilities.java:207)
at CommonMethodsAndUtilities.CommonMethodsAndUtilities.getRandomValue(CommonMethodsAndUtilities.java:207)
at CommonMethodsAndUtilities.CommonMethodsAndUtilities.getRandomValue(CommonMethodsAndUtilities.java:207)
at CommonMethodsAndUtilities.CommonMethodsAndUtilities.getRandomValue(CommonMethodsAndUtilities.java:207)
at CommonMethodsAndUtilities.CommonMethodsAndUtilities.getRandomValue(CommonMethodsAndUtilities.java:207)
at CommonMethodsAndUtilities.CommonMethodsAndUtilities.getRandomValue(CommonMethodsAndUtilities.java:207)
at CommonMethodsAndUtilities.CommonMethodsAndUtilities.getRandomValue(CommonMethodsAndUtilities.java:207)
at CommonMethodsAndUtilities.CommonMethodsAndUtilities.getRandomValue(CommonMethodsAndUtilities.java:207)
at CommonMethodsAndUtilities.CommonMethodsAndUtilities.getRandomValue(CommonMethodsAndUtilities.java:207)
at CommonMethodsAndUtilities.CommonMethodsAndUtilities.getRandomValue(CommonMethodsAndUtilities.java:207)
at CommonMethodsAndUtilities.CommonMethodsAndUtilities.getRandomValue(CommonMethodsAndUtilities.java:207)
at CommonMethodsAndUtilities.CommonMethodsAndUtilities.getRandomValue(CommonMethodsAndUtilities.java:207)
at CommonMethodsAndUtilities.CommonMethodsAndUtilities.getRandomValue(CommonMethodsAndUtilities.java:207)
at CommonMethodsAndUtilities.CommonMethodsAndUtilities.getRandomValue(CommonMethodsAndUtilities.java:207)
at CommonMethodsAndUtilities.CommonMethodsAndUtilities.getRandomValue(CommonMethodsAndUtilities.java:207)
at CommonMethodsAndUtilities.CommonMethodsAndUtilities.getRandomValue(CommonMethodsAndUtilities.java:207)
at CommonMethodsAndUtilities.CommonMethodsAndUtilities.getRandomValue(CommonMethodsAndUtilities.java:207)
at CommonMethodsAndUtilities.CommonMethodsAndUtilities.getRandomValue(CommonMethodsAndUtilities.java:207)
at CommonMethodsAndUtilities.CommonMethodsAndUtilities.getRandomValue(CommonMethodsAndUtilities.java:207)
at CommonMethodsAndUtilities.CommonMethodsAndUtilities.getRandomValue(CommonMethodsAndUtilities.java:207)
at CommonMethodsAndUtilities.CommonMethodsAndUtilities.getRandomValue(CommonMethodsAndUtilities.java:207)
at CommonMethodsAndUtilities.CommonMethodsAndUtilities.getRandomValue(CommonMethodsAndUtilities.java:207)
at CommonMethodsAndUtilities.CommonMethodsAndUtilities.getRandomValue(CommonMethodsAndUtilities.java:207)
at CommonMethodsAndUtilities.CommonMethodsAndUtilities.getRandomValue(CommonMethodsAndUtilities.java:207)
at CommonMethodsAndUtilities.CommonMethodsAndUtilities.getRandomValue(CommonMethodsAndUtilities.java:207)
at CommonMethodsAndUtilities.CommonMethodsAndUtilities.getRandomValue(CommonMethodsAndUtilities.java:207)
at CommonMethodsAndUtilities.CommonMethodsAndUtilities.getRandomValue(CommonMethodsAndUtilities.java:207)
at CommonMethodsAndUtilities.CommonMethodsAndUtilities.getRandomValue(CommonMethodsAndUtilities.java:207)
at CommonMethodsAndUtilities.CommonMethodsAndUtilities.getRandomValue(CommonMethodsAndUtilities.java:207)
at CommonMethodsAndUtilities.CommonMethodsAndUtilities.getRandomValue(CommonMethodsAndUtilities.java:207)
at CommonMethodsAndUtilities.CommonMethodsAndUtilities.getRandomValue(CommonMethodsAndUtilities.java:207)
at CommonMethodsAndUtilities.CommonMethodsAndUtilities.getRandomValue(CommonMethodsAndUtilities.java:207)
at CommonMethodsAndUtilities.CommonMethodsAndUtilities.getRandomValue(CommonMethodsAndUtilities.java:207)
at CommonMethodsAndUtilities.CommonMethodsAndUtilities.getRandomValue(CommonMethodsAndUtilities.java:207)
at CommonMethodsAndUtilities.CommonMethodsAndUtilities.getRandomValue(CommonMethodsAndUtilities.java:207)
at CommonMethodsAndUtilities.CommonMethodsAndUtilities.getRandomValue(CommonMethodsAndUtilities.java:207)
at CommonMethodsAndUtilities.CommonMethodsAndUtilities.getRandomValue(CommonMethodsAndUtilities.java:207)
at CommonMethodsAndUtilities.CommonMethodsAndUtilities.getRandomValue(CommonMethodsAndUtilities.java:207)
at CommonMethodsAndUtilities.CommonMethodsAndUtilities.getRandomValue(CommonMethodsAndUtilities.java:207)
at CommonMethodsAndUtilities.CommonMethodsAndUtilities.getRandomValue(CommonMethodsAndUtilities.java:207)
at CommonMethodsAndUtilities.CommonMethodsAndUtilities.getRandomValue(CommonMethodsAndUtilities.java:207)
at CommonMethodsAndUtilities.CommonMethodsAndUtilities.getRandomValue(CommonMethodsAndUtilities.java:207)
at CommonMethodsAndUtilities.CommonMethodsAndUtilities.getRandomValue(CommonMethodsAndUtilities.java:207)
at CommonMethodsAndUtilities.CommonMethodsAndUtilities.getRandomValue(CommonMethodsAndUtilities.java:207)
at CommonMethodsAndUtilities.CommonMethodsAndUtilities.getRandomValue(CommonMethodsAndUtilities.java:207)
at CommonMethodsAndUtilities.CommonMethodsAndUtilities.getRandomValue(CommonMethodsAndUtilities.java:207)
at CommonMethodsAndUtilities.CommonMethodsAndUtilities.getRandomValue(CommonMethodsAndUtilities.java:207)
at CommonMethodsAndUtilities.CommonMethodsAndUtilities.getRandomValue(CommonMethodsAndUtilities.java:207)
at CommonMethodsAndUtilities.CommonMethodsAndUtilities.getRandomValue(CommonMethodsAndUtilities.java:207)
at CommonMethodsAndUtilities.CommonMethodsAndUtilities.getRandomValue(CommonMethodsAndUtilities.java:207)
at CommonMethodsAndUtilities.CommonMethodsAndUtilities.getRandomValue(CommonMethodsAndUtilities.java:207)
at CommonMethodsAndUtilities.CommonMethodsAndUtilities.getRandomValue(CommonMethodsAndUtilities.java:207)
at CommonMethodsAndUtilities.CommonMethodsAndUtilities.getRandomValue(CommonMethodsAndUtilities.java:207)
at CommonMethodsAndUtilities.CommonMethodsAndUtilities.getRandomValue(CommonMethodsAndUtilities.java:207)
at CommonMethodsAndUtilities.CommonMethodsAndUtilities.getRandomValue(CommonMethodsAndUtilities.java:207)
at CommonMethodsAndUtilities.CommonMethodsAndUtilities.getRandomValue(CommonMethodsAndUtilities.java:207)
at CommonMethodsAndUtilities.CommonMethodsAndUtilities.getRandomValue(CommonMethodsAndUtilities.java:207)
at CommonMethodsAndUtilities.CommonMethodsAndUtilities.getRandomValue(CommonMethodsAndUtilities.java:207)
at CommonMethodsAndUtilities.CommonMethodsAndUtilities.getRandomValue(CommonMethodsAndUtilities.java:207)
at CommonMethodsAndUtilities.CommonMethodsAndUtilities.getRandomValue(CommonMethodsAndUtilities.java:207)
at CommonMethodsAndUtilities.CommonMethodsAndUtilities.getRandomValue(CommonMethodsAndUtilities.java:207)
at CommonMethodsAndUtilities.CommonMethodsAndUtilities.getRandomValue(CommonMethodsAndUtilities.java:207)
at CommonMethodsAndUtilities.CommonMethodsAndUtilities.getRandomValue(CommonMethodsAndUtilities.java:207)
at CommonMethodsAndUtilities.CommonMethodsAndUtilities.getRandomValue(CommonMethodsAndUtilities.java:207)
at CommonMethodsAndUtilities.CommonMethodsAndUtilities.getRandomValue(CommonMethodsAndUtilities.java:207)
at CommonMethodsAndUtilities.CommonMethodsAndUtilities.getRandomValue(CommonMethodsAndUtilities.java:207)
at CommonMethodsAndUtilities.CommonMethodsAndUtilities.getRandomValue(CommonMethodsAndUtilities.java:207)
at CommonMethodsAndUtilities.CommonMethodsAndUtilities.getRandomValue(CommonMethodsAndUtilities.java:207)
at CommonMethodsAndUtilities.CommonMethodsAndUtilities.getRandomValue(CommonMethodsAndUtilities.java:207)
at CommonMethodsAndUtilities.CommonMethodsAndUtilities.getRandomValue(CommonMethodsAndUtilities.java:207)
at CommonMethodsAndUtilities.CommonMethodsAndUtilities.getRandomValue(CommonMethodsAndUtilities.java:207)
at CommonMethodsAndUtilities.CommonMethodsAndUtilities.getRandomValue(CommonMethodsAndUtilities.java:207)
at CommonMethodsAndUtilities.CommonMethodsAndUtilities.getRandomValue(CommonMethodsAndUtilities.java:207)
at CommonMethodsAndUtilities.CommonMethodsAndUtilities.getRandomValue(CommonMethodsAndUtilities.java:207)
at CommonMethodsAndUtilities.CommonMethodsAndUtilities.getRandomValue(CommonMethodsAndUtilities.java:207)
at CommonMethodsAndUtilities.CommonMethodsAndUtilities.getRandomValue(CommonMethodsAndUtilities.java:207)
at CommonMethodsAndUtilities.CommonMethodsAndUtilities.getRandomValue(CommonMethodsAndUtilities.java:207)
at CommonMethodsAndUtilities.CommonMethodsAndUtilities.getRandomValue(CommonMethodsAndUtilities.java:207)
at CommonMethodsAndUtilities.CommonMethodsAndUtilities.getRandomValue(CommonMethodsAndUtilities.java:207)
at CommonMethodsAndUtilities.CommonMethodsAndUtilities.getRandomValue(CommonMethodsAndUtilities.java:207)
at CommonMethodsAndUtilities.CommonMethodsAndUtilities.getRandomValue(CommonMethodsAndUtilities.java:207)
at CommonMethodsAndUtilities.CommonMethodsAndUtilities.getRandomValue(CommonMethodsAndUtilities.java:207)
at CommonMethodsAndUtilities.CommonMethodsAndUtilities.getRandomValue(CommonMethodsAndUtilities.java:207)
at CommonMethodsAndUtilities.CommonMethodsAndUtilities.getRandomValue(CommonMethodsAndUtilities.java:207)
at CommonMethodsAndUtilities.CommonMethodsAndUtilities.getRandomValue(CommonMethodsAndUtilities.java:207)
at CommonMethodsAndUtilities.CommonMethodsAndUtilities.getRandomValue(CommonMethodsAndUtilities.java:207)
at CommonMethodsAndUtilities.CommonMethodsAndUtilities.getRandomValue(CommonMethodsAndUtilities.java:207)
at CommonMethodsAndUtilities.CommonMethodsAndUtilities.getRandomValue(CommonMethodsAndUtilities.java:207)
at CommonMethodsAndUtilities.CommonMethodsAndUtilities.getRandomValue(CommonMethodsAndUtilities.java:207)
at CommonMethodsAndUtilities.CommonMethodsAndUtilities.getRandomValue(CommonMethodsAndUtilities.java:207)
at CommonMethodsAndUtilities.CommonMethodsAndUtilities.getRandomValue(CommonMethodsAndUtilities.java:207)
at CommonMethodsAndUtilities.CommonMethodsAndUtilities.getRandomValue(CommonMethodsAndUtilities.java:207)
at CommonMethodsAndUtilities.CommonMethodsAndUtilities.getRandomValue(CommonMethodsAndUtilities.java:207)
at CommonMethodsAndUtilities.CommonMethodsAndUtilities.getRandomValue(CommonMethodsAndUtilities.java:207)
at CommonMethodsAndUtilities.CommonMethodsAndUtilities.getRandomValue(CommonMethodsAndUtilities.java:207)
at CommonMethodsAndUtilities.CommonMethodsAndUtilities.getRandomValue(CommonMethodsAndUtilities.java:207)
at CommonMethodsAndUtilities.CommonMethodsAndUtilities.getRandomValue(CommonMethodsAndUtilities.java:207)
at CommonMethodsAndUtilities.CommonMethodsAndUtilities.getRandomValue(CommonMethodsAndUtilities.java:207)
at CommonMethodsAndUtilities.CommonMethodsAndUtilities.getRandomValue(CommonMethodsAndUtilities.java:207)
at CommonMethodsAndUtilities.CommonMethodsAndUtilities.getRandomValue(CommonMethodsAndUtilities.java:207)
at CommonMethodsAndUtilities.CommonMethodsAndUtilities.getRandomValue(CommonMethodsAndUtilities.java:207)
at CommonMethodsAndUtilities.CommonMethodsAndUtilities.getRandomValue(CommonMethodsAndUtilities.java:207)
at CommonMethodsAndUtilities.CommonMethodsAndUtilities.getRandomValue(CommonMethodsAndUtilities.java:207)
at CommonMethodsAndUtilities.CommonMethodsAndUtilities.getRandomValue(CommonMethodsAndUtilities.java:207)
at CommonMethodsAndUtilities.CommonMethodsAndUtilities.getRandomValue(CommonMethodsAndUtilities.java:207)
at CommonMethodsAndUtilities.CommonMethodsAndUtilities.getRandomValue(CommonMethodsAndUtilities.java:207)
at CommonMethodsAndUtilities.CommonMethodsAndUtilities.getRandomValue(CommonMethodsAndUtilities.java:207)
at CommonMethodsAndUtilities.CommonMethodsAndUtilities.getRandomValue(CommonMethodsAndUtilities.java:207)
at CommonMethodsAndUtilities.CommonMethodsAndUtilities.getRandomValue(CommonMethodsAndUtilities.java:207)
at CommonMethodsAndUtilities.CommonMethodsAndUtilities.getRandomValue(CommonMethodsAndUtilities.java:207)
at CommonMethodsAndUtilities.CommonMethodsAndUtilities.getRandomValue(CommonMethodsAndUtilities.java:207)
at CommonMethodsAndUtilities.CommonMethodsAndUtilities.getRandomValue(CommonMethodsAndUtilities.java:207)
at CommonMethodsAndUtilities.CommonMethodsAndUtilities.getRandomValue(CommonMethodsAndUtilities.java:207)
at CommonMethodsAndUtilities.CommonMethodsAndUtilities.getRandomValue(CommonMethodsAndUtilities.java:207)
at CommonMethodsAndUtilities.CommonMethodsAndUtilities.getRandomValue(CommonMethodsAndUtilities.java:207)
at CommonMethodsAndUtilities.CommonMethodsAndUtilities.getRandomValue(CommonMethodsAndUtilities.java:207)
at CommonMethodsAndUtilities.CommonMethodsAndUtilities.getRandomValue(CommonMethodsAndUtilities.java:207)
at CommonMethodsAndUtilities.CommonMethodsAndUtilities.getRandomValue(CommonMethodsAndUtilities.java:207)
at CommonMethodsAndUtilities.CommonMethodsAndUtilities.getRandomValue(CommonMethodsAndUtilities.java:207)
at CommonMethodsAndUtilities.CommonMethodsAndUtilities.getRandomValue(CommonMethodsAndUtilities.java:207)
at CommonMethodsAndUtilities.CommonMethodsAndUtilities.getRandomValue(CommonMethodsAndUtilities.java:207)
at CommonMethodsAndUtilities.CommonMethodsAndUtilities.getRandomValue(CommonMethodsAndUtilities.java:207)
at CommonMethodsAndUtilities.CommonMethodsAndUtilities.getRandomValue(CommonMethodsAndUtilities.java:207)
at CommonMethodsAndUtilities.CommonMethodsAndUtilities.getRandomValue(CommonMethodsAndUtilities.java:207)
at CommonMethodsAndUtilities.CommonMethodsAndUtilities.getRandomValue(CommonMethodsAndUtilities.java:207)
at CommonMethodsAndUtilities.CommonMethodsAndUtilities.getRandomValue(CommonMethodsAndUtilities.java:207)
at CommonMethodsAndUtilities.CommonMethodsAndUtilities.getRandomValue(CommonMethodsAndUtilities.java:207)
at CommonMethodsAndUtilities.CommonMethodsAndUtilities.getRandomValue(CommonMethodsAndUtilities.java:207)
at CommonMethodsAndUtilities.CommonMethodsAndUtilities.getRandomValue(CommonMethodsAndUtilities.java:207)
at CommonMethodsAndUtilities.CommonMethodsAndUtilities.getRandomValue(CommonMethodsAndUtilities.java:207)
at CommonMethodsAndUtilities.CommonMethodsAndUtilities.getRandomValue(CommonMethodsAndUtilities.java:207)
at CommonMethodsAndUtilities.CommonMethodsAndUtilities.getRandomValue(CommonMethodsAndUtilities.java:207)
at CommonMethodsAndUtilities.CommonMethodsAndUtilities.getRandomValue(CommonMethodsAndUtilities.java:207)
at CommonMethodsAndUtilities.CommonMethodsAndUtilities.getRandomValue(CommonMethodsAndUtilities.java:207)
at CommonMethodsAndUtilities.CommonMethodsAndUtilities.getRandomValue(CommonMethodsAndUtilities.java:207)
at CommonMethodsAndUtilities.CommonMethodsAndUtilities.getRandomValue(CommonMethodsAndUtilities.java:207)
at CommonMethodsAndUtilities.CommonMethodsAndUtilities.getRandomValue(CommonMethodsAndUtilities.java:207)
at CommonMethodsAndUtilities.CommonMethodsAndUtilities.getRandomValue(CommonMethodsAndUtilities.java:207)
at CommonMethodsAndUtilities.CommonMethodsAndUtilities.getRandomValue(CommonMethodsAndUtilities.java:207)
at CommonMethodsAndUtilities.CommonMethodsAndUtilities.getRandomValue(CommonMethodsAndUtilities.java:207)
at CommonMethodsAndUtilities.CommonMethodsAndUtilities.getRandomValue(CommonMethodsAndUtilities.java:207)
at CommonMethodsAndUtilities.CommonMethodsAndUtilities.getRandomValue(CommonMethodsAndUtilities.java:207)
at CommonMethodsAndUtilities.CommonMethodsAndUtilities.getRandomValue(CommonMethodsAndUtilities.java:207)
at CommonMethodsAndUtilities.CommonMethodsAndUtilities.getRandomValue(CommonMethodsAndUtilities.java:207)
at CommonMethodsAndUtilities.CommonMethodsAndUtilities.getRandomValue(CommonMethodsAndUtilities.java:207)
at CommonMethodsAndUtilities.CommonMethodsAndUtilities.getRandomValue(CommonMethodsAndUtilities.java:207)
at CommonMethodsAndUtilities.CommonMethodsAndUtilities.getRandomValue(CommonMethodsAndUtilities.java:207)
at CommonMethodsAndUtilities.CommonMethodsAndUtilities.getRandomValue(CommonMethodsAndUtilities.java:207)
at CommonMethodsAndUtilities.CommonMethodsAndUtilities.getRandomValue(CommonMethodsAndUtilities.java:207)
at CommonMethodsAndUtilities.CommonMethodsAndUtilities.getRandomValue(CommonMethodsAndUtilities.java:207)
at CommonMethodsAndUtilities.CommonMethodsAndUtilities.getRandomValue(CommonMethodsAndUtilities.java:207)
at CommonMethodsAndUtilities.CommonMethodsAndUtilities.getRandomValue(CommonMethodsAndUtilities.java:207)
at CommonMethodsAndUtilities.CommonMethodsAndUtilities.getRandomValue(CommonMethodsAndUtilities.java:207)
at CommonMethodsAndUtilities.CommonMethodsAndUtilities.getRandomValue(CommonMethodsAndUtilities.java:207)
at CommonMethodsAndUtilities.CommonMethodsAndUtilities.getRandomValue(CommonMethodsAndUtilities.java:207)
at CommonMethodsAndUtilities.CommonMethodsAndUtilities.getRandomValue(CommonMethodsAndUtilities.java:207)
at CommonMethodsAndUtilities.CommonMethodsAndUtilities.getRandomValue(CommonMethodsAndUtilities.java:207)
at CommonMethodsAndUtilities.CommonMethodsAndUtilities.getRandomValue(CommonMethodsAndUtilities.java:207)
at CommonMethodsAndUtilities.CommonMethodsAndUtilities.getRandomValue(CommonMethodsAndUtilities.java:207)
at CommonMethodsAndUtilities.CommonMethodsAndUtilities.getRandomValue(CommonMethodsAndUtilities.java:207)
at CommonMethodsAndUtilities.CommonMethodsAndUtilities.getRandomValue(CommonMethodsAndUtilities.java:207)
at CommonMethodsAndUtilities.CommonMethodsAndUtilities.getRandomValue(CommonMethodsAndUtilities.java:207)
at CommonMethodsAndUtilities.CommonMethodsAndUtilities.getRandomValue(CommonMethodsAndUtilities.java:207)
at CommonMethodsAndUtilities.CommonMethodsAndUtilities.getRandomValue(CommonMethodsAndUtilities.java:207)
at CommonMethodsAndUtilities.CommonMethodsAndUtilities.getRandomValue(CommonMethodsAndUtilities.java:207)
at CommonMethodsAndUtilities.CommonMethodsAndUtilities.getRandomValue(CommonMethodsAndUtilities.java:207)
at CommonMethodsAndUtilities.CommonMethodsAndUtilities.getRandomValue(CommonMethodsAndUtilities.java:207)
at CommonMethodsAndUtilities.CommonMethodsAndUtilities.getRandomValue(CommonMethodsAndUtilities.java:207)
at CommonMethodsAndUtilities.CommonMethodsAndUtilities.getRandomValue(CommonMethodsAndUtilities.java:207)
at CommonMethodsAndUtilities.CommonMethodsAndUtilities.getRandomValue(CommonMethodsAndUtilities.java:207)
at CommonMethodsAndUtilities.CommonMethodsAndUtilities.getRandomValue(CommonMethodsAndUtilities.java:207)
at CommonMethodsAndUtilities.CommonMethodsAndUtilities.getRandomValue(CommonMethodsAndUtilities.java:207)
at CommonMethodsAndUtilities.CommonMethodsAndUtilities.getRandomValue(CommonMethodsAndUtilities.java:207)
at CommonMethodsAndUtilities.CommonMethodsAndUtilities.getRandomValue(CommonMethodsAndUtilities.java:207)
at CommonMethodsAndUtilities.CommonMethodsAndUtilities.getRandomValue(CommonMethodsAndUtilities.java:207)
at CommonMethodsAndUtilities.CommonMethodsAndUtilities.getRandomValue(CommonMethodsAndUtilities.java:207)
at CommonMethodsAndUtilities.CommonMethodsAndUtilities.getRandomValue(CommonMethodsAndUtilities.java:207)
at CommonMethodsAndUtilities.CommonMethodsAndUtilities.getRandomValue(CommonMethodsAndUtilities.java:207)
at CommonMethodsAndUtilities.CommonMethodsAndUtilities.getRandomValue(CommonMethodsAndUtilities.java:207)
at CommonMethodsAndUtilities.CommonMethodsAndUtilities.getRandomValue(CommonMethodsAndUtilities.java:207)
at CommonMethodsAndUtilities.CommonMethodsAndUtilities.getRandomValue(CommonMethodsAndUtilities.java:207)
at CommonMethodsAndUtilities.CommonMethodsAndUtilities.getRandomValue(CommonMethodsAndUtilities.java:207)
at CommonMethodsAndUtilities.CommonMethodsAndUtilities.getRandomValue(CommonMethodsAndUtilities.java:207)
at CommonMethodsAndUtilities.CommonMethodsAndUtilities.getRandomValue(CommonMethodsAndUtilities.java:207)
at CommonMethodsAndUtilities.CommonMethodsAndUtilities.getRandomValue(CommonMethodsAndUtilities.java:207)
at CommonMethodsAndUtilities.CommonMethodsAndUtilities.getRandomValue(CommonMethodsAndUtilities.java:207)
at CommonMethodsAndUtilities.CommonMethodsAndUtilities.getRandomValue(CommonMethodsAndUtilities.java:207)
at CommonMethodsAndUtilities.CommonMethodsAndUtilities.getRandomValue(CommonMethodsAndUtilities.java:207)
at CommonMethodsAndUtilities.CommonMethodsAndUtilities.getRandomValue(CommonMethodsAndUtilities.java:207)
at CommonMethodsAndUtilities.CommonMethodsAndUtilities.getRandomValue(CommonMethodsAndUtilities.java:207)
at CommonMethodsAndUtilities.CommonMethodsAndUtilities.getRandomValue(CommonMethodsAndUtilities.java:207)
at CommonMethodsAndUtilities.CommonMethodsAndUtilities.getRandomValue(CommonMethodsAndUtilities.java:207)
at CommonMethodsAndUtilities.CommonMethodsAndUtilities.getRandomValue(CommonMethodsAndUtilities.java:207)
at CommonMethodsAndUtilities.CommonMethodsAndUtilities.getRandomValue(CommonMethodsAndUtilities.java:207)
at CommonMethodsAndUtilities.CommonMethodsAndUtilities.getRandomValue(CommonMethodsAndUtilities.java:207)
at CommonMethodsAndUtilities.CommonMethodsAndUtilities.getRandomValue(CommonMethodsAndUtilities.java:207)
at CommonMethodsAndUtilities.CommonMethodsAndUtilities.getRandomValue(CommonMethodsAndUtilities.java:207)
at CommonMethodsAndUtilities.CommonMethodsAndUtilities.getRandomValue(CommonMethodsAndUtilities.java:207)
at CommonMethodsAndUtilities.CommonMethodsAndUtilities.getRandomValue(CommonMethodsAndUtilities.java:207)
at CommonMethodsAndUtilities.CommonMethodsAndUtilities.getRandomValue(CommonMethodsAndUtilities.java:207)
at CommonMethodsAndUtilities.CommonMethodsAndUtilities.getRandomValue(CommonMethodsAndUtilities.java:207)
at CommonMethodsAndUtilities.CommonMethodsAndUtilities.getRandomValue(CommonMethodsAndUtilities.java:207)
at CommonMethodsAndUtilities.CommonMethodsAndUtilities.getRandomValue(CommonMethodsAndUtilities.java:207)
at CommonMethodsAndUtilities.CommonMethodsAndUtilities.getRandomValue(CommonMethodsAndUtilities.java:207)
at CommonMethodsAndUtilities.CommonMethodsAndUtilities.getRandomValue(CommonMethodsAndUtilities.java:207)
at CommonMethodsAndUtilities.CommonMethodsAndUtilities.getRandomValue(CommonMethodsAndUtilities.java:207)
at CommonMethodsAndUtilities.CommonMethodsAndUtilities.getRandomValue(CommonMethodsAndUtilities.java:207)
at CommonMethodsAndUtilities.CommonMethodsAndUtilities.getRandomValue(CommonMethodsAndUtilities.java:207)
at CommonMethodsAndUtilities.CommonMethodsAndUtilities.getRandomValue(CommonMethodsAndUtilities.java:207)
at CommonMethodsAndUtilities.CommonMethodsAndUtilities.getRandomValue(CommonMethodsAndUtilities.java:207)
at CommonMethodsAndUtilities.CommonMethodsAndUtilities.getRandomValue(CommonMethodsAndUtilities.java:207)
at CommonMethodsAndUtilities.CommonMethodsAndUtilities.getRandomValue(CommonMethodsAndUtilities.java:207)
at CommonMethodsAndUtilities.CommonMethodsAndUtilities.getRandomValue(CommonMethodsAndUtilities.java:207)
at CommonMethodsAndUtilities.CommonMethodsAndUtilities.getRandomValue(CommonMethodsAndUtilities.java:207)
at CommonMethodsAndUtilities.CommonMethodsAndUtilities.getRandomValue(CommonMethodsAndUtilities.java:207)
at CommonMethodsAndUtilities.CommonMethodsAndUtilities.getRandomValue(CommonMethodsAndUtilities.java:207)
at CommonMethodsAndUtilities.CommonMethodsAndUtilities.getRandomValue(CommonMethodsAndUtilities.java:207)
at CommonMethodsAndUtilities.CommonMethodsAndUtilities.getRandomValue(CommonMethodsAndUtilities.java:207)
at CommonMethodsAndUtilities.CommonMethodsAndUtilities.getRandomValue(CommonMethodsAndUtilities.java:207)
at CommonMethodsAndUtilities.CommonMethodsAndUtilities.getRandomValue(CommonMethodsAndUtilities.java:207)
]]>
    </error>
    <system-out>
      <![CDATA[The details are logged in a file
The first product name is: Sauce Labs Backpack
The first product price is: $29.99]]>
    </system-out>
  </testcase> <!-- assertPerformanceUser -->
  <testcase classname="ApplicationTests.E2ETests" name="assertLockedOutUser" time="1.483"/>
  <testcase classname="ApplicationTests.E2ETests" name="assertPerformanceUser" time="5.550">
    <error type="java.lang.StackOverflowError">
      <![CDATA[java.lang.StackOverflowError
at CommonMethodsAndUtilities.CommonMethodsAndUtilities.getRandomValue(CommonMethodsAndUtilities.java:207)
at CommonMethodsAndUtilities.CommonMethodsAndUtilities.getRandomValue(CommonMethodsAndUtilities.java:207)
at CommonMethodsAndUtilities.CommonMethodsAndUtilities.getRandomValue(CommonMethodsAndUtilities.java:207)
at CommonMethodsAndUtilities.CommonMethodsAndUtilities.getRandomValue(CommonMethodsAndUtilities.java:207)
at CommonMethodsAndUtilities.CommonMethodsAndUtilities.getRandomValue(CommonMethodsAndUtilities.java:207)
at CommonMethodsAndUtilities.CommonMethodsAndUtilities.getRandomValue(CommonMethodsAndUtilities.java:207)
at CommonMethodsAndUtilities.CommonMethodsAndUtilities.getRandomValue(CommonMethodsAndUtilities.java:207)
at CommonMethodsAndUtilities.CommonMethodsAndUtilities.getRandomValue(CommonMethodsAndUtilities.java:207)
at CommonMethodsAndUtilities.CommonMethodsAndUtilities.getRandomValue(CommonMethodsAndUtilities.java:207)
at CommonMethodsAndUtilities.CommonMethodsAndUtilities.getRandomValue(CommonMethodsAndUtilities.java:207)
at CommonMethodsAndUtilities.CommonMethodsAndUtilities.getRandomValue(CommonMethodsAndUtilities.java:207)
at CommonMethodsAndUtilities.CommonMethodsAndUtilities.getRandomValue(CommonMethodsAndUtilities.java:207)
at CommonMethodsAndUtilities.CommonMethodsAndUtilities.getRandomValue(CommonMethodsAndUtilities.java:207)
at CommonMethodsAndUtilities.CommonMethodsAndUtilities.getRandomValue(CommonMethodsAndUtilities.java:207)
at CommonMethodsAndUtilities.CommonMethodsAndUtilities.getRandomValue(CommonMethodsAndUtilities.java:207)
at CommonMethodsAndUtilities.CommonMethodsAndUtilities.getRandomValue(CommonMethodsAndUtilities.java:207)
at CommonMethodsAndUtilities.CommonMethodsAndUtilities.getRandomValue(CommonMethodsAndUtilities.java:207)
at CommonMethodsAndUtilities.CommonMethodsAndUtilities.getRandomValue(CommonMethodsAndUtilities.java:207)
at CommonMethodsAndUtilities.CommonMethodsAndUtilities.getRandomValue(CommonMethodsAndUtilities.java:207)
at CommonMethodsAndUtilities.CommonMethodsAndUtilities.getRandomValue(CommonMethodsAndUtilities.java:207)
at CommonMethodsAndUtilities.CommonMethodsAndUtilities.getRandomValue(CommonMethodsAndUtilities.java:207)
at CommonMethodsAndUtilities.CommonMethodsAndUtilities.getRandomValue(CommonMethodsAndUtilities.java:207)
at CommonMethodsAndUtilities.CommonMethodsAndUtilities.getRandomValue(CommonMethodsAndUtilities.java:207)
at CommonMethodsAndUtilities.CommonMethodsAndUtilities.getRandomValue(CommonMethodsAndUtilities.java:207)
at CommonMethodsAndUtilities.CommonMethodsAndUtilities.getRandomValue(CommonMethodsAndUtilities.java:207)
at CommonMethodsAndUtilities.CommonMethodsAndUtilities.getRandomValue(CommonMethodsAndUtilities.java:207)
at CommonMethodsAndUtilities.CommonMethodsAndUtilities.getRandomValue(CommonMethodsAndUtilities.java:207)
at CommonMethodsAndUtilities.CommonMethodsAndUtilities.getRandomValue(CommonMethodsAndUtilities.java:207)
at CommonMethodsAndUtilities.CommonMethodsAndUtilities.getRandomValue(CommonMethodsAndUtilities.java:207)
at CommonMethodsAndUtilities.CommonMethodsAndUtilities.getRandomValue(CommonMethodsAndUtilities.java:207)
at CommonMethodsAndUtilities.CommonMethodsAndUtilities.getRandomValue(CommonMethodsAndUtilities.java:207)
at CommonMethodsAndUtilities.CommonMethodsAndUtilities.getRandomValue(CommonMethodsAndUtilities.java:207)
at CommonMethodsAndUtilities.CommonMethodsAndUtilities.getRandomValue(CommonMethodsAndUtilities.java:207)
at CommonMethodsAndUtilities.CommonMethodsAndUtilities.getRandomValue(CommonMethodsAndUtilities.java:207)
at CommonMethodsAndUtilities.CommonMethodsAndUtilities.getRandomValue(CommonMethodsAndUtilities.java:207)
at CommonMethodsAndUtilities.CommonMethodsAndUtilities.getRandomValue(CommonMethodsAndUtilities.java:207)
at CommonMethodsAndUtilities.CommonMethodsAndUtilities.getRandomValue(CommonMethodsAndUtilities.java:207)
at CommonMethodsAndUtilities.CommonMethodsAndUtilities.getRandomValue(CommonMethodsAndUtilities.java:207)
at CommonMethodsAndUtilities.CommonMethodsAndUtilities.getRandomValue(CommonMethodsAndUtilities.java:207)
at CommonMethodsAndUtilities.CommonMethodsAndUtilities.getRandomValue(CommonMethodsAndUtilities.java:207)
at CommonMethodsAndUtilities.CommonMethodsAndUtilities.getRandomValue(CommonMethodsAndUtilities.java:207)
at CommonMethodsAndUtilities.CommonMethodsAndUtilities.getRandomValue(CommonMethodsAndUtilities.java:207)
at CommonMethodsAndUtilities.CommonMethodsAndUtilities.getRandomValue(CommonMethodsAndUtilities.java:207)
at CommonMethodsAndUtilities.CommonMethodsAndUtilities.getRandomValue(CommonMethodsAndUtilities.java:207)
at CommonMethodsAndUtilities.CommonMethodsAndUtilities.getRandomValue(CommonMethodsAndUtilities.java:207)
at CommonMethodsAndUtilities.CommonMethodsAndUtilities.getRandomValue(CommonMethodsAndUtilities.java:207)
at CommonMethodsAndUtilities.CommonMethodsAndUtilities.getRandomValue(CommonMethodsAndUtilities.java:207)
at CommonMethodsAndUtilities.CommonMethodsAndUtilities.getRandomValue(CommonMethodsAndUtilities.java:207)
at CommonMethodsAndUtilities.CommonMethodsAndUtilities.getRandomValue(CommonMethodsAndUtilities.java:207)
at CommonMethodsAndUtilities.CommonMethodsAndUtilities.getRandomValue(CommonMethodsAndUtilities.java:207)
at CommonMethodsAndUtilities.CommonMethodsAndUtilities.getRandomValue(CommonMethodsAndUtilities.java:207)
at CommonMethodsAndUtilities.CommonMethodsAndUtilities.getRandomValue(CommonMethodsAndUtilities.java:207)
at CommonMethodsAndUtilities.CommonMethodsAndUtilities.getRandomValue(CommonMethodsAndUtilities.java:207)
at CommonMethodsAndUtilities.CommonMethodsAndUtilities.getRandomValue(CommonMethodsAndUtilities.java:207)
at CommonMethodsAndUtilities.CommonMethodsAndUtilities.getRandomValue(CommonMethodsAndUtilities.java:207)
at CommonMethodsAndUtilities.CommonMethodsAndUtilities.getRandomValue(CommonMethodsAndUtilities.java:207)
at CommonMethodsAndUtilities.CommonMethodsAndUtilities.getRandomValue(CommonMethodsAndUtilities.java:207)
at CommonMethodsAndUtilities.CommonMethodsAndUtilities.getRandomValue(CommonMethodsAndUtilities.java:207)
at CommonMethodsAndUtilities.CommonMethodsAndUtilities.getRandomValue(CommonMethodsAndUtilities.java:207)
at CommonMethodsAndUtilities.CommonMethodsAndUtilities.getRandomValue(CommonMethodsAndUtilities.java:207)
at CommonMethodsAndUtilities.CommonMethodsAndUtilities.getRandomValue(CommonMethodsAndUtilities.java:207)
at CommonMethodsAndUtilities.CommonMethodsAndUtilities.getRandomValue(CommonMethodsAndUtilities.java:207)
at CommonMethodsAndUtilities.CommonMethodsAndUtilities.getRandomValue(CommonMethodsAndUtilities.java:207)
at CommonMethodsAndUtilities.CommonMethodsAndUtilities.getRandomValue(CommonMethodsAndUtilities.java:207)
at CommonMethodsAndUtilities.CommonMethodsAndUtilities.getRandomValue(CommonMethodsAndUtilities.java:207)
at CommonMethodsAndUtilities.CommonMethodsAndUtilities.getRandomValue(CommonMethodsAndUtilities.java:207)
at CommonMethodsAndUtilities.CommonMethodsAndUtilities.getRandomValue(CommonMethodsAndUtilities.java:207)
at CommonMethodsAndUtilities.CommonMethodsAndUtilities.getRandomValue(CommonMethodsAndUtilities.java:207)
at CommonMethodsAndUtilities.CommonMethodsAndUtilities.getRandomValue(CommonMethodsAndUtilities.java:207)
at CommonMethodsAndUtilities.CommonMethodsAndUtilities.getRandomValue(CommonMethodsAndUtilities.java:207)
at CommonMethodsAndUtilities.CommonMethodsAndUtilities.getRandomValue(CommonMethodsAndUtilities.java:207)
at CommonMethodsAndUtilities.CommonMethodsAndUtilities.getRandomValue(CommonMethodsAndUtilities.java:207)
at CommonMethodsAndUtilities.CommonMethodsAndUtilities.getRandomValue(CommonMethodsAndUtilities.java:207)
at CommonMethodsAndUtilities.CommonMethodsAndUtilities.getRandomValue(CommonMethodsAndUtilities.java:207)
at CommonMethodsAndUtilities.CommonMethodsAndUtilities.getRandomValue(CommonMethodsAndUtilities.java:207)
at CommonMethodsAndUtilities.CommonMethodsAndUtilities.getRandomValue(CommonMethodsAndUtilities.java:207)
at CommonMethodsAndUtilities.CommonMethodsAndUtilities.getRandomValue(CommonMethodsAndUtilities.java:207)
at CommonMethodsAndUtilities.CommonMethodsAndUtilities.getRandomValue(CommonMethodsAndUtilities.java:207)
at CommonMethodsAndUtilities.CommonMethodsAndUtilities.getRandomValue(CommonMethodsAndUtilities.java:207)
at CommonMethodsAndUtilities.CommonMethodsAndUtilities.getRandomValue(CommonMethodsAndUtilities.java:207)
at CommonMethodsAndUtilities.CommonMethodsAndUtilities.getRandomValue(CommonMethodsAndUtilities.java:207)
at CommonMethodsAndUtilities.CommonMethodsAndUtilities.getRandomValue(CommonMethodsAndUtilities.java:207)
at CommonMethodsAndUtilities.CommonMethodsAndUtilities.getRandomValue(CommonMethodsAndUtilities.java:207)
at CommonMethodsAndUtilities.CommonMethodsAndUtilities.getRandomValue(CommonMethodsAndUtilities.java:207)
at CommonMethodsAndUtilities.CommonMethodsAndUtilities.getRandomValue(CommonMethodsAndUtilities.java:207)
at CommonMethodsAndUtilities.CommonMethodsAndUtilities.getRandomValue(CommonMethodsAndUtilities.java:207)
at CommonMethodsAndUtilities.CommonMethodsAndUtilities.getRandomValue(CommonMethodsAndUtilities.java:207)
at CommonMethodsAndUtilities.CommonMethodsAndUtilities.getRandomValue(CommonMethodsAndUtilities.java:207)
at CommonMethodsAndUtilities.CommonMethodsAndUtilities.getRandomValue(CommonMethodsAndUtilities.java:207)
at CommonMethodsAndUtilities.CommonMethodsAndUtilities.getRandomValue(CommonMethodsAndUtilities.java:207)
at CommonMethodsAndUtilities.CommonMethodsAndUtilities.getRandomValue(CommonMethodsAndUtilities.java:207)
at CommonMethodsAndUtilities.CommonMethodsAndUtilities.getRandomValue(CommonMethodsAndUtilities.java:207)
at CommonMethodsAndUtilities.CommonMethodsAndUtilities.getRandomValue(CommonMethodsAndUtilities.java:207)
at CommonMethodsAndUtilities.CommonMethodsAndUtilities.getRandomValue(CommonMethodsAndUtilities.java:207)
at CommonMethodsAndUtilities.CommonMethodsAndUtilities.getRandomValue(CommonMethodsAndUtilities.java:207)
at CommonMethodsAndUtilities.CommonMethodsAndUtilities.getRandomValue(CommonMethodsAndUtilities.java:207)
at CommonMethodsAndUtilities.CommonMethodsAndUtilities.getRandomValue(CommonMethodsAndUtilities.java:207)
at CommonMethodsAndUtilities.CommonMethodsAndUtilities.getRandomValue(CommonMethodsAndUtilities.java:207)
at CommonMethodsAndUtilities.CommonMethodsAndUtilities.getRandomValue(CommonMethodsAndUtilities.java:207)
at CommonMethodsAndUtilities.CommonMethodsAndUtilities.getRandomValue(CommonMethodsAndUtilities.java:207)
at CommonMethodsAndUtilities.CommonMethodsAndUtilities.getRandomValue(CommonMethodsAndUtilities.java:207)
at CommonMethodsAndUtilities.CommonMethodsAndUtilities.getRandomValue(CommonMethodsAndUtilities.java:207)
at CommonMethodsAndUtilities.CommonMethodsAndUtilities.getRandomValue(CommonMethodsAndUtilities.java:207)
at CommonMethodsAndUtilities.CommonMethodsAndUtilities.getRandomValue(CommonMethodsAndUtilities.java:207)
at CommonMethodsAndUtilities.CommonMethodsAndUtilities.getRandomValue(CommonMethodsAndUtilities.java:207)
at CommonMethodsAndUtilities.CommonMethodsAndUtilities.getRandomValue(CommonMethodsAndUtilities.java:207)
at CommonMethodsAndUtilities.CommonMethodsAndUtilities.getRandomValue(CommonMethodsAndUtilities.java:207)
at CommonMethodsAndUtilities.CommonMethodsAndUtilities.getRandomValue(CommonMethodsAndUtilities.java:207)
at CommonMethodsAndUtilities.CommonMethodsAndUtilities.getRandomValue(CommonMethodsAndUtilities.java:207)
at CommonMethodsAndUtilities.CommonMethodsAndUtilities.getRandomValue(CommonMethodsAndUtilities.java:207)
at CommonMethodsAndUtilities.CommonMethodsAndUtilities.getRandomValue(CommonMethodsAndUtilities.java:207)
at CommonMethodsAndUtilities.CommonMethodsAndUtilities.getRandomValue(CommonMethodsAndUtilities.java:207)
at CommonMethodsAndUtilities.CommonMethodsAndUtilities.getRandomValue(CommonMethodsAndUtilities.java:207)
at CommonMethodsAndUtilities.CommonMethodsAndUtilities.getRandomValue(CommonMethodsAndUtilities.java:207)
at CommonMethodsAndUtilities.CommonMethodsAndUtilities.getRandomValue(CommonMethodsAndUtilities.java:207)
at CommonMethodsAndUtilities.CommonMethodsAndUtilities.getRandomValue(CommonMethodsAndUtilities.java:207)
at CommonMethodsAndUtilities.CommonMethodsAndUtilities.getRandomValue(CommonMethodsAndUtilities.java:207)
at CommonMethodsAndUtilities.CommonMethodsAndUtilities.getRandomValue(CommonMethodsAndUtilities.java:207)
at CommonMethodsAndUtilities.CommonMethodsAndUtilities.getRandomValue(CommonMethodsAndUtilities.java:207)
at CommonMethodsAndUtilities.CommonMethodsAndUtilities.getRandomValue(CommonMethodsAndUtilities.java:207)
at CommonMethodsAndUtilities.CommonMethodsAndUtilities.getRandomValue(CommonMethodsAndUtilities.java:207)
at CommonMethodsAndUtilities.CommonMethodsAndUtilities.getRandomValue(CommonMethodsAndUtilities.java:207)
at CommonMethodsAndUtilities.CommonMethodsAndUtilities.getRandomValue(CommonMethodsAndUtilities.java:207)
at CommonMethodsAndUtilities.CommonMethodsAndUtilities.getRandomValue(CommonMethodsAndUtilities.java:207)
at CommonMethodsAndUtilities.CommonMethodsAndUtilities.getRandomValue(CommonMethodsAndUtilities.java:207)
at CommonMethodsAndUtilities.CommonMethodsAndUtilities.getRandomValue(CommonMethodsAndUtilities.java:207)
at CommonMethodsAndUtilities.CommonMethodsAndUtilities.getRandomValue(CommonMethodsAndUtilities.java:207)
at CommonMethodsAndUtilities.CommonMethodsAndUtilities.getRandomValue(CommonMethodsAndUtilities.java:207)
at CommonMethodsAndUtilities.CommonMethodsAndUtilities.getRandomValue(CommonMethodsAndUtilities.java:207)
at CommonMethodsAndUtilities.CommonMethodsAndUtilities.getRandomValue(CommonMethodsAndUtilities.java:207)
at CommonMethodsAndUtilities.CommonMethodsAndUtilities.getRandomValue(CommonMethodsAndUtilities.java:207)
at CommonMethodsAndUtilities.CommonMethodsAndUtilities.getRandomValue(CommonMethodsAndUtilities.java:207)
at CommonMethodsAndUtilities.CommonMethodsAndUtilities.getRandomValue(CommonMethodsAndUtilities.java:207)
at CommonMethodsAndUtilities.CommonMethodsAndUtilities.getRandomValue(CommonMethodsAndUtilities.java:207)
at CommonMethodsAndUtilities.CommonMethodsAndUtilities.getRandomValue(CommonMethodsAndUtilities.java:207)
at CommonMethodsAndUtilities.CommonMethodsAndUtilities.getRandomValue(CommonMethodsAndUtilities.java:207)
at CommonMethodsAndUtilities.CommonMethodsAndUtilities.getRandomValue(CommonMethodsAndUtilities.java:207)
at CommonMethodsAndUtilities.CommonMethodsAndUtilities.getRandomValue(CommonMethodsAndUtilities.java:207)
at CommonMethodsAndUtilities.CommonMethodsAndUtilities.getRandomValue(CommonMethodsAndUtilities.java:207)
at CommonMethodsAndUtilities.CommonMethodsAndUtilities.getRandomValue(CommonMethodsAndUtilities.java:207)
at CommonMethodsAndUtilities.CommonMethodsAndUtilities.getRandomValue(CommonMethodsAndUtilities.java:207)
at CommonMethodsAndUtilities.CommonMethodsAndUtilities.getRandomValue(CommonMethodsAndUtilities.java:207)
at CommonMethodsAndUtilities.CommonMethodsAndUtilities.getRandomValue(CommonMethodsAndUtilities.java:207)
at CommonMethodsAndUtilities.CommonMethodsAndUtilities.getRandomValue(CommonMethodsAndUtilities.java:207)
at CommonMethodsAndUtilities.CommonMethodsAndUtilities.getRandomValue(CommonMethodsAndUtilities.java:207)
at CommonMethodsAndUtilities.CommonMethodsAndUtilities.getRandomValue(CommonMethodsAndUtilities.java:207)
at CommonMethodsAndUtilities.CommonMethodsAndUtilities.getRandomValue(CommonMethodsAndUtilities.java:207)
at CommonMethodsAndUtilities.CommonMethodsAndUtilities.getRandomValue(CommonMethodsAndUtilities.java:207)
at CommonMethodsAndUtilities.CommonMethodsAndUtilities.getRandomValue(CommonMethodsAndUtilities.java:207)
at CommonMethodsAndUtilities.CommonMethodsAndUtilities.getRandomValue(CommonMethodsAndUtilities.java:207)
at CommonMethodsAndUtilities.CommonMethodsAndUtilities.getRandomValue(CommonMethodsAndUtilities.java:207)
at CommonMethodsAndUtilities.CommonMethodsAndUtilities.getRandomValue(CommonMethodsAndUtilities.java:207)
at CommonMethodsAndUtilities.CommonMethodsAndUtilities.getRandomValue(CommonMethodsAndUtilities.java:207)
at CommonMethodsAndUtilities.CommonMethodsAndUtilities.getRandomValue(CommonMethodsAndUtilities.java:207)
at CommonMethodsAndUtilities.CommonMethodsAndUtilities.getRandomValue(CommonMethodsAndUtilities.java:207)
at CommonMethodsAndUtilities.CommonMethodsAndUtilities.getRandomValue(CommonMethodsAndUtilities.java:207)
at CommonMethodsAndUtilities.CommonMethodsAndUtilities.getRandomValue(CommonMethodsAndUtilities.java:207)
at CommonMethodsAndUtilities.CommonMethodsAndUtilities.getRandomValue(CommonMethodsAndUtilities.java:207)
at CommonMethodsAndUtilities.CommonMethodsAndUtilities.getRandomValue(CommonMethodsAndUtilities.java:207)
at CommonMethodsAndUtilities.CommonMethodsAndUtilities.getRandomValue(CommonMethodsAndUtilities.java:207)
at CommonMethodsAndUtilities.CommonMethodsAndUtilities.getRandomValue(CommonMethodsAndUtilities.java:207)
at CommonMethodsAndUtilities.CommonMethodsAndUtilities.getRandomValue(CommonMethodsAndUtilities.java:207)
at CommonMethodsAndUtilities.CommonMethodsAndUtilities.getRandomValue(CommonMethodsAndUtilities.java:207)
at CommonMethodsAndUtilities.CommonMethodsAndUtilities.getRandomValue(CommonMethodsAndUtilities.java:207)
at CommonMethodsAndUtilities.CommonMethodsAndUtilities.getRandomValue(CommonMethodsAndUtilities.java:207)
at CommonMethodsAndUtilities.CommonMethodsAndUtilities.getRandomValue(CommonMethodsAndUtilities.java:207)
at CommonMethodsAndUtilities.CommonMethodsAndUtilities.getRandomValue(CommonMethodsAndUtilities.java:207)
at CommonMethodsAndUtilities.CommonMethodsAndUtilities.getRandomValue(CommonMethodsAndUtilities.java:207)
at CommonMethodsAndUtilities.CommonMethodsAndUtilities.getRandomValue(CommonMethodsAndUtilities.java:207)
at CommonMethodsAndUtilities.CommonMethodsAndUtilities.getRandomValue(CommonMethodsAndUtilities.java:207)
at CommonMethodsAndUtilities.CommonMethodsAndUtilities.getRandomValue(CommonMethodsAndUtilities.java:207)
at CommonMethodsAndUtilities.CommonMethodsAndUtilities.getRandomValue(CommonMethodsAndUtilities.java:207)
at CommonMethodsAndUtilities.CommonMethodsAndUtilities.getRandomValue(CommonMethodsAndUtilities.java:207)
at CommonMethodsAndUtilities.CommonMethodsAndUtilities.getRandomValue(CommonMethodsAndUtilities.java:207)
at CommonMethodsAndUtilities.CommonMethodsAndUtilities.getRandomValue(CommonMethodsAndUtilities.java:207)
at CommonMethodsAndUtilities.CommonMethodsAndUtilities.getRandomValue(CommonMethodsAndUtilities.java:207)
at CommonMethodsAndUtilities.CommonMethodsAndUtilities.getRandomValue(CommonMethodsAndUtilities.java:207)
at CommonMethodsAndUtilities.CommonMethodsAndUtilities.getRandomValue(CommonMethodsAndUtilities.java:207)
at CommonMethodsAndUtilities.CommonMethodsAndUtilities.getRandomValue(CommonMethodsAndUtilities.java:207)
at CommonMethodsAndUtilities.CommonMethodsAndUtilities.getRandomValue(CommonMethodsAndUtilities.java:207)
at CommonMethodsAndUtilities.CommonMethodsAndUtilities.getRandomValue(CommonMethodsAndUtilities.java:207)
at CommonMethodsAndUtilities.CommonMethodsAndUtilities.getRandomValue(CommonMethodsAndUtilities.java:207)
at CommonMethodsAndUtilities.CommonMethodsAndUtilities.getRandomValue(CommonMethodsAndUtilities.java:207)
at CommonMethodsAndUtilities.CommonMethodsAndUtilities.getRandomValue(CommonMethodsAndUtilities.java:207)
at CommonMethodsAndUtilities.CommonMethodsAndUtilities.getRandomValue(CommonMethodsAndUtilities.java:207)
at CommonMethodsAndUtilities.CommonMethodsAndUtilities.getRandomValue(CommonMethodsAndUtilities.java:207)
at CommonMethodsAndUtilities.CommonMethodsAndUtilities.getRandomValue(CommonMethodsAndUtilities.java:207)
at CommonMethodsAndUtilities.CommonMethodsAndUtilities.getRandomValue(CommonMethodsAndUtilities.java:207)
at CommonMethodsAndUtilities.CommonMethodsAndUtilities.getRandomValue(CommonMethodsAndUtilities.java:207)
at CommonMethodsAndUtilities.CommonMethodsAndUtilities.getRandomValue(CommonMethodsAndUtilities.java:207)
at CommonMethodsAndUtilities.CommonMethodsAndUtilities.getRandomValue(CommonMethodsAndUtilities.java:207)
at CommonMethodsAndUtilities.CommonMethodsAndUtilities.getRandomValue(CommonMethodsAndUtilities.java:207)
at CommonMethodsAndUtilities.CommonMethodsAndUtilities.getRandomValue(CommonMethodsAndUtilities.java:207)
at CommonMethodsAndUtilities.CommonMethodsAndUtilities.getRandomValue(CommonMethodsAndUtilities.java:207)
at CommonMethodsAndUtilities.CommonMethodsAndUtilities.getRandomValue(CommonMethodsAndUtilities.java:207)
at CommonMethodsAndUtilities.CommonMethodsAndUtilities.getRandomValue(CommonMethodsAndUtilities.java:207)
at CommonMethodsAndUtilities.CommonMethodsAndUtilities.getRandomValue(CommonMethodsAndUtilities.java:207)
at CommonMethodsAndUtilities.CommonMethodsAndUtilities.getRandomValue(CommonMethodsAndUtilities.java:207)
at CommonMethodsAndUtilities.CommonMethodsAndUtilities.getRandomValue(CommonMethodsAndUtilities.java:207)
at CommonMethodsAndUtilities.CommonMethodsAndUtilities.getRandomValue(CommonMethodsAndUtilities.java:207)
at CommonMethodsAndUtilities.CommonMethodsAndUtilities.getRandomValue(CommonMethodsAndUtilities.java:207)
at CommonMethodsAndUtilities.CommonMethodsAndUtilities.getRandomValue(CommonMethodsAndUtilities.java:207)
at CommonMethodsAndUtilities.CommonMethodsAndUtilities.getRandomValue(CommonMethodsAndUtilities.java:207)
at CommonMethodsAndUtilities.CommonMethodsAndUtilities.getRandomValue(CommonMethodsAndUtilities.java:207)
at CommonMethodsAndUtilities.CommonMethodsAndUtilities.getRandomValue(CommonMethodsAndUtilities.java:207)
at CommonMethodsAndUtilities.CommonMethodsAndUtilities.getRandomValue(CommonMethodsAndUtilities.java:207)
at CommonMethodsAndUtilities.CommonMethodsAndUtilities.getRandomValue(CommonMethodsAndUtilities.java:207)
at CommonMethodsAndUtilities.CommonMethodsAndUtilities.getRandomValue(CommonMethodsAndUtilities.java:207)
at CommonMethodsAndUtilities.CommonMethodsAndUtilities.getRandomValue(CommonMethodsAndUtilities.java:207)
at CommonMethodsAndUtilities.CommonMethodsAndUtilities.getRandomValue(CommonMethodsAndUtilities.java:207)
at CommonMethodsAndUtilities.CommonMethodsAndUtilities.getRandomValue(CommonMethodsAndUtilities.java:207)
at CommonMethodsAndUtilities.CommonMethodsAndUtilities.getRandomValue(CommonMethodsAndUtilities.java:207)
at CommonMethodsAndUtilities.CommonMethodsAndUtilities.getRandomValue(CommonMethodsAndUtilities.java:207)
at CommonMethodsAndUtilities.CommonMethodsAndUtilities.getRandomValue(CommonMethodsAndUtilities.java:207)
at CommonMethodsAndUtilities.CommonMethodsAndUtilities.getRandomValue(CommonMethodsAndUtilities.java:207)
at CommonMethodsAndUtilities.CommonMethodsAndUtilities.getRandomValue(CommonMethodsAndUtilities.java:207)
at CommonMethodsAndUtilities.CommonMethodsAndUtilities.getRandomValue(CommonMethodsAndUtilities.java:207)
at CommonMethodsAndUtilities.CommonMethodsAndUtilities.getRandomValue(CommonMethodsAndUtilities.java:207)
at CommonMethodsAndUtilities.CommonMethodsAndUtilities.getRandomValue(CommonMethodsAndUtilities.java:207)
at CommonMethodsAndUtilities.CommonMethodsAndUtilities.getRandomValue(CommonMethodsAndUtilities.java:207)
at CommonMethodsAndUtilities.CommonMethodsAndUtilities.getRandomValue(CommonMethodsAndUtilities.java:207)
at CommonMethodsAndUtilities.CommonMethodsAndUtilities.getRandomValue(CommonMethodsAndUtilities.java:207)
at CommonMethodsAndUtilities.CommonMethodsAndUtilities.getRandomValue(CommonMethodsAndUtilities.java:207)
at CommonMethodsAndUtilities.CommonMethodsAndUtilities.getRandomValue(CommonMethodsAndUtilities.java:207)
at CommonMethodsAndUtilities.CommonMethodsAndUtilities.getRandomValue(CommonMethodsAndUtilities.java:207)
at CommonMethodsAndUtilities.CommonMethodsAndUtilities.getRandomValue(CommonMethodsAndUtilities.java:207)
at CommonMethodsAndUtilities.CommonMethodsAndUtilities.getRandomValue(CommonMethodsAndUtilities.java:207)
at CommonMethodsAndUtilities.CommonMethodsAndUtilities.getRandomValue(CommonMethodsAndUtilities.java:207)
at CommonMethodsAndUtilities.CommonMethodsAndUtilities.getRandomValue(CommonMethodsAndUtilities.java:207)
at CommonMethodsAndUtilities.CommonMethodsAndUtilities.getRandomValue(CommonMethodsAndUtilities.java:207)
at CommonMethodsAndUtilities.CommonMethodsAndUtilities.getRandomValue(CommonMethodsAndUtilities.java:207)
at CommonMethodsAndUtilities.CommonMethodsAndUtilities.getRandomValue(CommonMethodsAndUtilities.java:207)
at CommonMethodsAndUtilities.CommonMethodsAndUtilities.getRandomValue(CommonMethodsAndUtilities.java:207)
at CommonMethodsAndUtilities.CommonMethodsAndUtilities.getRandomValue(CommonMethodsAndUtilities.java:207)
at CommonMethodsAndUtilities.CommonMethodsAndUtilities.getRandomValue(CommonMethodsAndUtilities.java:207)
at CommonMethodsAndUtilities.CommonMethodsAndUtilities.getRandomValue(CommonMethodsAndUtilities.java:207)
at CommonMethodsAndUtilities.CommonMethodsAndUtilities.getRandomValue(CommonMethodsAndUtilities.java:207)
at CommonMethodsAndUtilities.CommonMethodsAndUtilities.getRandomValue(CommonMethodsAndUtilities.java:207)
at CommonMethodsAndUtilities.CommonMethodsAndUtilities.getRandomValue(CommonMethodsAndUtilities.java:207)
at CommonMethodsAndUtilities.CommonMethodsAndUtilities.getRandomValue(CommonMethodsAndUtilities.java:207)
at CommonMethodsAndUtilities.CommonMethodsAndUtilities.getRandomValue(CommonMethodsAndUtilities.java:207)
at CommonMethodsAndUtilities.CommonMethodsAndUtilities.getRandomValue(CommonMethodsAndUtilities.java:207)
at CommonMethodsAndUtilities.CommonMethodsAndUtilities.getRandomValue(CommonMethodsAndUtilities.java:207)
at CommonMethodsAndUtilities.CommonMethodsAndUtilities.getRandomValue(CommonMethodsAndUtilities.java:207)
at CommonMethodsAndUtilities.CommonMethodsAndUtilities.getRandomValue(CommonMethodsAndUtilities.java:207)
at CommonMethodsAndUtilities.CommonMethodsAndUtilities.getRandomValue(CommonMethodsAndUtilities.java:207)
at CommonMethodsAndUtilities.CommonMethodsAndUtilities.getRandomValue(CommonMethodsAndUtilities.java:207)
at CommonMethodsAndUtilities.CommonMethodsAndUtilities.getRandomValue(CommonMethodsAndUtilities.java:207)
at CommonMethodsAndUtilities.CommonMethodsAndUtilities.getRandomValue(CommonMethodsAndUtilities.java:207)
at CommonMethodsAndUtilities.CommonMethodsAndUtilities.getRandomValue(CommonMethodsAndUtilities.java:207)
at CommonMethodsAndUtilities.CommonMethodsAndUtilities.getRandomValue(CommonMethodsAndUtilities.java:207)
at CommonMethodsAndUtilities.CommonMethodsAndUtilities.getRandomValue(CommonMethodsAndUtilities.java:207)
at CommonMethodsAndUtilities.CommonMethodsAndUtilities.getRandomValue(CommonMethodsAndUtilities.java:207)
at CommonMethodsAndUtilities.CommonMethodsAndUtilities.getRandomValue(CommonMethodsAndUtilities.java:207)
at CommonMethodsAndUtilities.CommonMethodsAndUtilities.getRandomValue(CommonMethodsAndUtilities.java:207)
at CommonMethodsAndUtilities.CommonMethodsAndUtilities.getRandomValue(CommonMethodsAndUtilities.java:207)
at CommonMethodsAndUtilities.CommonMethodsAndUtilities.getRandomValue(CommonMethodsAndUtilities.java:207)
at CommonMethodsAndUtilities.CommonMethodsAndUtilities.getRandomValue(CommonMethodsAndUtilities.java:207)
at CommonMethodsAndUtilities.CommonMethodsAndUtilities.getRandomValue(CommonMethodsAndUtilities.java:207)
at CommonMethodsAndUtilities.CommonMethodsAndUtilities.getRandomValue(CommonMethodsAndUtilities.java:207)
at CommonMethodsAndUtilities.CommonMethodsAndUtilities.getRandomValue(CommonMethodsAndUtilities.java:207)
at CommonMethodsAndUtilities.CommonMethodsAndUtilities.getRandomValue(CommonMethodsAndUtilities.java:207)
at CommonMethodsAndUtilities.CommonMethodsAndUtilities.getRandomValue(CommonMethodsAndUtilities.java:207)
at CommonMethodsAndUtilities.CommonMethodsAndUtilities.getRandomValue(CommonMethodsAndUtilities.java:207)
at CommonMethodsAndUtilities.CommonMethodsAndUtilities.getRandomValue(CommonMethodsAndUtilities.java:207)
at CommonMethodsAndUtilities.CommonMethodsAndUtilities.getRandomValue(CommonMethodsAndUtilities.java:207)
at CommonMethodsAndUtilities.CommonMethodsAndUtilities.getRandomValue(CommonMethodsAndUtilities.java:207)
at CommonMethodsAndUtilities.CommonMethodsAndUtilities.getRandomValue(CommonMethodsAndUtilities.java:207)
at CommonMethodsAndUtilities.CommonMethodsAndUtilities.getRandomValue(CommonMethodsAndUtilities.java:207)
at CommonMethodsAndUtilities.CommonMethodsAndUtilities.getRandomValue(CommonMethodsAndUtilities.java:207)
at CommonMethodsAndUtilities.CommonMethodsAndUtilities.getRandomValue(CommonMethodsAndUtilities.java:207)
at CommonMethodsAndUtilities.CommonMethodsAndUtilities.getRandomValue(CommonMethodsAndUtilities.java:207)
at CommonMethodsAndUtilities.CommonMethodsAndUtilities.getRandomValue(CommonMethodsAndUtilities.java:207)
at CommonMethodsAndUtilities.CommonMethodsAndUtilities.getRandomValue(CommonMethodsAndUtilities.java:207)
at CommonMethodsAndUtilities.CommonMethodsAndUtilities.getRandomValue(CommonMethodsAndUtilities.java:207)
at CommonMethodsAndUtilities.CommonMethodsAndUtilities.getRandomValue(CommonMethodsAndUtilities.java:207)
at CommonMethodsAndUtilities.CommonMethodsAndUtilities.getRandomValue(CommonMethodsAndUtilities.java:207)
at CommonMethodsAndUtilities.CommonMethodsAndUtilities.getRandomValue(CommonMethodsAndUtilities.java:207)
at CommonMethodsAndUtilities.CommonMethodsAndUtilities.getRandomValue(CommonMethodsAndUtilities.java:207)
at CommonMethodsAndUtilities.CommonMethodsAndUtilities.getRandomValue(CommonMethodsAndUtilities.java:207)
at CommonMethodsAndUtilities.CommonMethodsAndUtilities.getRandomValue(CommonMethodsAndUtilities.java:207)
at CommonMethodsAndUtilities.CommonMethodsAndUtilities.getRandomValue(CommonMethodsAndUtilities.java:207)
at CommonMethodsAndUtilities.CommonMethodsAndUtilities.getRandomValue(CommonMethodsAndUtilities.java:207)
at CommonMethodsAndUtilities.CommonMethodsAndUtilities.getRandomValue(CommonMethodsAndUtilities.java:207)
at CommonMethodsAndUtilities.CommonMethodsAndUtilities.getRandomValue(CommonMethodsAndUtilities.java:207)
at CommonMethodsAndUtilities.CommonMethodsAndUtilities.getRandomValue(CommonMethodsAndUtilities.java:207)
at CommonMethodsAndUtilities.CommonMethodsAndUtilities.getRandomValue(CommonMethodsAndUtilities.java:207)
at CommonMethodsAndUtilities.CommonMethodsAndUtilities.getRandomValue(CommonMethodsAndUtilities.java:207)
at CommonMethodsAndUtilities.CommonMethodsAndUtilities.getRandomValue(CommonMethodsAndUtilities.java:207)
at CommonMethodsAndUtilities.CommonMethodsAndUtilities.getRandomValue(CommonMethodsAndUtilities.java:207)
at CommonMethodsAndUtilities.CommonMethodsAndUtilities.getRandomValue(CommonMethodsAndUtilities.java:207)
at CommonMethodsAndUtilities.CommonMethodsAndUtilities.getRandomValue(CommonMethodsAndUtilities.java:207)
at CommonMethodsAndUtilities.CommonMethodsAndUtilities.getRandomValue(CommonMethodsAndUtilities.java:207)
at CommonMethodsAndUtilities.CommonMethodsAndUtilities.getRandomValue(CommonMethodsAndUtilities.java:207)
at CommonMethodsAndUtilities.CommonMethodsAndUtilities.getRandomValue(CommonMethodsAndUtilities.java:207)
at CommonMethodsAndUtilities.CommonMethodsAndUtilities.getRandomValue(CommonMethodsAndUtilities.java:207)
at CommonMethodsAndUtilities.CommonMethodsAndUtilities.getRandomValue(CommonMethodsAndUtilities.java:207)
at CommonMethodsAndUtilities.CommonMethodsAndUtilities.getRandomValue(CommonMethodsAndUtilities.java:207)
at CommonMethodsAndUtilities.CommonMethodsAndUtilities.getRandomValue(CommonMethodsAndUtilities.java:207)
at CommonMethodsAndUtilities.CommonMethodsAndUtilities.getRandomValue(CommonMethodsAndUtilities.java:207)
at CommonMethodsAndUtilities.CommonMethodsAndUtilities.getRandomValue(CommonMethodsAndUtilities.java:207)
at CommonMethodsAndUtilities.CommonMethodsAndUtilities.getRandomValue(CommonMethodsAndUtilities.java:207)
at CommonMethodsAndUtilities.CommonMethodsAndUtilities.getRandomValue(CommonMethodsAndUtilities.java:207)
at CommonMethodsAndUtilities.CommonMethodsAndUtilities.getRandomValue(CommonMethodsAndUtilities.java:207)
at CommonMethodsAndUtilities.CommonMethodsAndUtilities.getRandomValue(CommonMethodsAndUtilities.java:207)
at CommonMethodsAndUtilities.CommonMethodsAndUtilities.getRandomValue(CommonMethodsAndUtilities.java:207)
at CommonMethodsAndUtilities.CommonMethodsAndUtilities.getRandomValue(CommonMethodsAndUtilities.java:207)
at CommonMethodsAndUtilities.CommonMethodsAndUtilities.getRandomValue(CommonMethodsAndUtilities.java:207)
at CommonMethodsAndUtilities.CommonMethodsAndUtilities.getRandomValue(CommonMethodsAndUtilities.java:207)
at CommonMethodsAndUtilities.CommonMethodsAndUtilities.getRandomValue(CommonMethodsAndUtilities.java:207)
at CommonMethodsAndUtilities.CommonMethodsAndUtilities.getRandomValue(CommonMethodsAndUtilities.java:207)
at CommonMethodsAndUtilities.CommonMethodsAndUtilities.getRandomValue(CommonMethodsAndUtilities.java:207)
at CommonMethodsAndUtilities.CommonMethodsAndUtilities.getRandomValue(CommonMethodsAndUtilities.java:207)
at CommonMethodsAndUtilities.CommonMethodsAndUtilities.getRandomValue(CommonMethodsAndUtilities.java:207)
at CommonMethodsAndUtilities.CommonMethodsAndUtilities.getRandomValue(CommonMethodsAndUtilities.java:207)
at CommonMethodsAndUtilities.CommonMethodsAndUtilities.getRandomValue(CommonMethodsAndUtilities.java:207)
at CommonMethodsAndUtilities.CommonMethodsAndUtilities.getRandomValue(CommonMethodsAndUtilities.java:207)
at CommonMethodsAndUtilities.CommonMethodsAndUtilities.getRandomValue(CommonMethodsAndUtilities.java:207)
at CommonMethodsAndUtilities.CommonMethodsAndUtilities.getRandomValue(CommonMethodsAndUtilities.java:207)
at CommonMethodsAndUtilities.CommonMethodsAndUtilities.getRandomValue(CommonMethodsAndUtilities.java:207)
at CommonMethodsAndUtilities.CommonMethodsAndUtilities.getRandomValue(CommonMethodsAndUtilities.java:207)
at CommonMethodsAndUtilities.CommonMethodsAndUtilities.getRandomValue(CommonMethodsAndUtilities.java:207)
at CommonMethodsAndUtilities.CommonMethodsAndUtilities.getRandomValue(CommonMethodsAndUtilities.java:207)
at CommonMethodsAndUtilities.CommonMethodsAndUtilities.getRandomValue(CommonMethodsAndUtilities.java:207)
at CommonMethodsAndUtilities.CommonMethodsAndUtilities.getRandomValue(CommonMethodsAndUtilities.java:207)
at CommonMethodsAndUtilities.CommonMethodsAndUtilities.getRandomValue(CommonMethodsAndUtilities.java:207)
at CommonMethodsAndUtilities.CommonMethodsAndUtilities.getRandomValue(CommonMethodsAndUtilities.java:207)
at CommonMethodsAndUtilities.CommonMethodsAndUtilities.getRandomValue(CommonMethodsAndUtilities.java:207)
at CommonMethodsAndUtilities.CommonMethodsAndUtilities.getRandomValue(CommonMethodsAndUtilities.java:207)
at CommonMethodsAndUtilities.CommonMethodsAndUtilities.getRandomValue(CommonMethodsAndUtilities.java:207)
at CommonMethodsAndUtilities.CommonMethodsAndUtilities.getRandomValue(CommonMethodsAndUtilities.java:207)
at CommonMethodsAndUtilities.CommonMethodsAndUtilities.getRandomValue(CommonMethodsAndUtilities.java:207)
at CommonMethodsAndUtilities.CommonMethodsAndUtilities.getRandomValue(CommonMethodsAndUtilities.java:207)
at CommonMethodsAndUtilities.CommonMethodsAndUtilities.getRandomValue(CommonMethodsAndUtilities.java:207)
at CommonMethodsAndUtilities.CommonMethodsAndUtilities.getRandomValue(CommonMethodsAndUtilities.java:207)
at CommonMethodsAndUtilities.CommonMethodsAndUtilities.getRandomValue(CommonMethodsAndUtilities.java:207)
at CommonMethodsAndUtilities.CommonMethodsAndUtilities.getRandomValue(CommonMethodsAndUtilities.java:207)
at CommonMethodsAndUtilities.CommonMethodsAndUtilities.getRandomValue(CommonMethodsAndUtilities.java:207)
at CommonMethodsAndUtilities.CommonMethodsAndUtilities.getRandomValue(CommonMethodsAndUtilities.java:207)
at CommonMethodsAndUtilities.CommonMethodsAndUtilities.getRandomValue(CommonMethodsAndUtilities.java:207)
at CommonMethodsAndUtilities.CommonMethodsAndUtilities.getRandomValue(CommonMethodsAndUtilities.java:207)
at CommonMethodsAndUtilities.CommonMethodsAndUtilities.getRandomValue(CommonMethodsAndUtilities.java:207)
at CommonMethodsAndUtilities.CommonMethodsAndUtilities.getRandomValue(CommonMethodsAndUtilities.java:207)
at CommonMethodsAndUtilities.CommonMethodsAndUtilities.getRandomValue(CommonMethodsAndUtilities.java:207)
at CommonMethodsAndUtilities.CommonMethodsAndUtilities.getRandomValue(CommonMethodsAndUtilities.java:207)
at CommonMethodsAndUtilities.CommonMethodsAndUtilities.getRandomValue(CommonMethodsAndUtilities.java:207)
at CommonMethodsAndUtilities.CommonMethodsAndUtilities.getRandomValue(CommonMethodsAndUtilities.java:207)
at CommonMethodsAndUtilities.CommonMethodsAndUtilities.getRandomValue(CommonMethodsAndUtilities.java:207)
at CommonMethodsAndUtilities.CommonMethodsAndUtilities.getRandomValue(CommonMethodsAndUtilities.java:207)
at CommonMethodsAndUtilities.CommonMethodsAndUtilities.getRandomValue(CommonMethodsAndUtilities.java:207)
at CommonMethodsAndUtilities.CommonMethodsAndUtilities.getRandomValue(CommonMethodsAndUtilities.java:207)
at CommonMethodsAndUtilities.CommonMethodsAndUtilities.getRandomValue(CommonMethodsAndUtilities.java:207)
at CommonMethodsAndUtilities.CommonMethodsAndUtilities.getRandomValue(CommonMethodsAndUtilities.java:207)
at CommonMethodsAndUtilities.CommonMethodsAndUtilities.getRandomValue(CommonMethodsAndUtilities.java:207)
at CommonMethodsAndUtilities.CommonMethodsAndUtilities.getRandomValue(CommonMethodsAndUtilities.java:207)
at CommonMethodsAndUtilities.CommonMethodsAndUtilities.getRandomValue(CommonMethodsAndUtilities.java:207)
at CommonMethodsAndUtilities.CommonMethodsAndUtilities.getRandomValue(CommonMethodsAndUtilities.java:207)
at CommonMethodsAndUtilities.CommonMethodsAndUtilities.getRandomValue(CommonMethodsAndUtilities.java:207)
at CommonMethodsAndUtilities.CommonMethodsAndUtilities.getRandomValue(CommonMethodsAndUtilities.java:207)
at CommonMethodsAndUtilities.CommonMethodsAndUtilities.getRandomValue(CommonMethodsAndUtilities.java:207)
at CommonMethodsAndUtilities.CommonMethodsAndUtilities.getRandomValue(CommonMethodsAndUtilities.java:207)
at CommonMethodsAndUtilities.CommonMethodsAndUtilities.getRandomValue(CommonMethodsAndUtilities.java:207)
at CommonMethodsAndUtilities.CommonMethodsAndUtilities.getRandomValue(CommonMethodsAndUtilities.java:207)
at CommonMethodsAndUtilities.CommonMethodsAndUtilities.getRandomValue(CommonMethodsAndUtilities.java:207)
at CommonMethodsAndUtilities.CommonMethodsAndUtilities.getRandomValue(CommonMethodsAndUtilities.java:207)
at CommonMethodsAndUtilities.CommonMethodsAndUtilities.getRandomValue(CommonMethodsAndUtilities.java:207)
at CommonMethodsAndUtilities.CommonMethodsAndUtilities.getRandomValue(CommonMethodsAndUtilities.java:207)
at CommonMethodsAndUtilities.CommonMethodsAndUtilities.getRandomValue(CommonMethodsAndUtilities.java:207)
at CommonMethodsAndUtilities.CommonMethodsAndUtilities.getRandomValue(CommonMethodsAndUtilities.java:207)
at CommonMethodsAndUtilities.CommonMethodsAndUtilities.getRandomValue(CommonMethodsAndUtilities.java:207)
at CommonMethodsAndUtilities.CommonMethodsAndUtilities.getRandomValue(CommonMethodsAndUtilities.java:207)
at CommonMethodsAndUtilities.CommonMethodsAndUtilities.getRandomValue(CommonMethodsAndUtilities.java:207)
at CommonMethodsAndUtilities.CommonMethodsAndUtilities.getRandomValue(CommonMethodsAndUtilities.java:207)
at CommonMethodsAndUtilities.CommonMethodsAndUtilities.getRandomValue(CommonMethodsAndUtilities.java:207)
at CommonMethodsAndUtilities.CommonMethodsAndUtilities.getRandomValue(CommonMethodsAndUtilities.java:207)
at CommonMethodsAndUtilities.CommonMethodsAndUtilities.getRandomValue(CommonMethodsAndUtilities.java:207)
at CommonMethodsAndUtilities.CommonMethodsAndUtilities.getRandomValue(CommonMethodsAndUtilities.java:207)
at CommonMethodsAndUtilities.CommonMethodsAndUtilities.getRandomValue(CommonMethodsAndUtilities.java:207)
at CommonMethodsAndUtilities.CommonMethodsAndUtilities.getRandomValue(CommonMethodsAndUtilities.java:207)
at CommonMethodsAndUtilities.CommonMethodsAndUtilities.getRandomValue(CommonMethodsAndUtilities.java:207)
at CommonMethodsAndUtilities.CommonMethodsAndUtilities.getRandomValue(CommonMethodsAndUtilities.java:207)
at CommonMethodsAndUtilities.CommonMethodsAndUtilities.getRandomValue(CommonMethodsAndUtilities.java:207)
at CommonMethodsAndUtilities.CommonMethodsAndUtilities.getRandomValue(CommonMethodsAndUtilities.java:207)
at CommonMethodsAndUtilities.CommonMethodsAndUtilities.getRandomValue(CommonMethodsAndUtilities.java:207)
at CommonMethodsAndUtilities.CommonMethodsAndUtilities.getRandomValue(CommonMethodsAndUtilities.java:207)
at CommonMethodsAndUtilities.CommonMethodsAndUtilities.getRandomValue(CommonMethodsAndUtilities.java:207)
at CommonMethodsAndUtilities.CommonMethodsAndUtilities.getRandomValue(CommonMethodsAndUtilities.java:207)
at CommonMethodsAndUtilities.CommonMethodsAndUtilities.getRandomValue(CommonMethodsAndUtilities.java:207)
at CommonMethodsAndUtilities.CommonMethodsAndUtilities.getRandomValue(CommonMethodsAndUtilities.java:207)
at CommonMethodsAndUtilities.CommonMethodsAndUtilities.getRandomValue(CommonMethodsAndUtilities.java:207)
at CommonMethodsAndUtilities.CommonMethodsAndUtilities.getRandomValue(CommonMethodsAndUtilities.java:207)
at CommonMethodsAndUtilities.CommonMethodsAndUtilities.getRandomValue(CommonMethodsAndUtilities.java:207)
at CommonMethodsAndUtilities.CommonMethodsAndUtilities.getRandomValue(CommonMethodsAndUtilities.java:207)
at CommonMethodsAndUtilities.CommonMethodsAndUtilities.getRandomValue(CommonMethodsAndUtilities.java:207)
at CommonMethodsAndUtilities.CommonMethodsAndUtilities.getRandomValue(CommonMethodsAndUtilities.java:207)
at CommonMethodsAndUtilities.CommonMethodsAndUtilities.getRandomValue(CommonMethodsAndUtilities.java:207)
at CommonMethodsAndUtilities.CommonMethodsAndUtilities.getRandomValue(CommonMethodsAndUtilities.java:207)
at CommonMethodsAndUtilities.CommonMethodsAndUtilities.getRandomValue(CommonMethodsAndUtilities.java:207)
at CommonMethodsAndUtilities.CommonMethodsAndUtilities.getRandomValue(CommonMethodsAndUtilities.java:207)
at CommonMethodsAndUtilities.CommonMethodsAndUtilities.getRandomValue(CommonMethodsAndUtilities.java:207)
at CommonMethodsAndUtilities.CommonMethodsAndUtilities.getRandomValue(CommonMethodsAndUtilities.java:207)
at CommonMethodsAndUtilities.CommonMethodsAndUtilities.getRandomValue(CommonMethodsAndUtilities.java:207)
at CommonMethodsAndUtilities.CommonMethodsAndUtilities.getRandomValue(CommonMethodsAndUtilities.java:207)
at CommonMethodsAndUtilities.CommonMethodsAndUtilities.getRandomValue(CommonMethodsAndUtilities.java:207)
at CommonMethodsAndUtilities.CommonMethodsAndUtilities.getRandomValue(CommonMethodsAndUtilities.java:207)
at CommonMethodsAndUtilities.CommonMethodsAndUtilities.getRandomValue(CommonMethodsAndUtilities.java:207)
at CommonMethodsAndUtilities.CommonMethodsAndUtilities.getRandomValue(CommonMethodsAndUtilities.java:207)
at CommonMethodsAndUtilities.CommonMethodsAndUtilities.getRandomValue(CommonMethodsAndUtilities.java:207)
at CommonMethodsAndUtilities.CommonMethodsAndUtilities.getRandomValue(CommonMethodsAndUtilities.java:207)
at CommonMethodsAndUtilities.CommonMethodsAndUtilities.getRandomValue(CommonMethodsAndUtilities.java:207)
at CommonMethodsAndUtilities.CommonMethodsAndUtilities.getRandomValue(CommonMethodsAndUtilities.java:207)
at CommonMethodsAndUtilities.CommonMethodsAndUtilities.getRandomValue(CommonMethodsAndUtilities.java:207)
at CommonMethodsAndUtilities.CommonMethodsAndUtilities.getRandomValue(CommonMethodsAndUtilities.java:207)
at CommonMethodsAndUtilities.CommonMethodsAndUtilities.getRandomValue(CommonMethodsAndUtilities.java:207)
at CommonMethodsAndUtilities.CommonMethodsAndUtilities.getRandomValue(CommonMethodsAndUtilities.java:207)
at CommonMethodsAndUtilities.CommonMethodsAndUtilities.getRandomValue(CommonMethodsAndUtilities.java:207)
at CommonMethodsAndUtilities.CommonMethodsAndUtilities.getRandomValue(CommonMethodsAndUtilities.java:207)
at CommonMethodsAndUtilities.CommonMethodsAndUtilities.getRandomValue(CommonMethodsAndUtilities.java:207)
at CommonMethodsAndUtilities.CommonMethodsAndUtilities.getRandomValue(CommonMethodsAndUtilities.java:207)
at CommonMethodsAndUtilities.CommonMethodsAndUtilities.getRandomValue(CommonMethodsAndUtilities.java:207)
at CommonMethodsAndUtilities.CommonMethodsAndUtilities.getRandomValue(CommonMethodsAndUtilities.java:207)
at CommonMethodsAndUtilities.CommonMethodsAndUtilities.getRandomValue(CommonMethodsAndUtilities.java:207)
at CommonMethodsAndUtilities.CommonMethodsAndUtilities.getRandomValue(CommonMethodsAndUtilities.java:207)
at CommonMethodsAndUtilities.CommonMethodsAndUtilities.getRandomValue(CommonMethodsAndUtilities.java:207)
at CommonMethodsAndUtilities.CommonMethodsAndUtilities.getRandomValue(CommonMethodsAndUtilities.java:207)
at CommonMethodsAndUtilities.CommonMethodsAndUtilities.getRandomValue(CommonMethodsAndUtilities.java:207)
at CommonMethodsAndUtilities.CommonMethodsAndUtilities.getRandomValue(CommonMethodsAndUtilities.java:207)
at CommonMethodsAndUtilities.CommonMethodsAndUtilities.getRandomValue(CommonMethodsAndUtilities.java:207)
at CommonMethodsAndUtilities.CommonMethodsAndUtilities.getRandomValue(CommonMethodsAndUtilities.java:207)
at CommonMethodsAndUtilities.CommonMethodsAndUtilities.getRandomValue(CommonMethodsAndUtilities.java:207)
at CommonMethodsAndUtilities.CommonMethodsAndUtilities.getRandomValue(CommonMethodsAndUtilities.java:207)
at CommonMethodsAndUtilities.CommonMethodsAndUtilities.getRandomValue(CommonMethodsAndUtilities.java:207)
at CommonMethodsAndUtilities.CommonMethodsAndUtilities.getRandomValue(CommonMethodsAndUtilities.java:207)
at CommonMethodsAndUtilities.CommonMethodsAndUtilities.getRandomValue(CommonMethodsAndUtilities.java:207)
at CommonMethodsAndUtilities.CommonMethodsAndUtilities.getRandomValue(CommonMethodsAndUtilities.java:207)
at CommonMethodsAndUtilities.CommonMethodsAndUtilities.getRandomValue(CommonMethodsAndUtilities.java:207)
at CommonMethodsAndUtilities.CommonMethodsAndUtilities.getRandomValue(CommonMethodsAndUtilities.java:207)
at CommonMethodsAndUtilities.CommonMethodsAndUtilities.getRandomValue(CommonMethodsAndUtilities.java:207)
at CommonMethodsAndUtilities.CommonMethodsAndUtilities.getRandomValue(CommonMethodsAndUtilities.java:207)
at CommonMethodsAndUtilities.CommonMethodsAndUtilities.getRandomValue(CommonMethodsAndUtilities.java:207)
at CommonMethodsAndUtilities.CommonMethodsAndUtilities.getRandomValue(CommonMethodsAndUtilities.java:207)
at CommonMethodsAndUtilities.CommonMethodsAndUtilities.getRandomValue(CommonMethodsAndUtilities.java:207)
at CommonMethodsAndUtilities.CommonMethodsAndUtilities.getRandomValue(CommonMethodsAndUtilities.java:207)
at CommonMethodsAndUtilities.CommonMethodsAndUtilities.getRandomValue(CommonMethodsAndUtilities.java:207)
at CommonMethodsAndUtilities.CommonMethodsAndUtilities.getRandomValue(CommonMethodsAndUtilities.java:207)
at CommonMethodsAndUtilities.CommonMethodsAndUtilities.getRandomValue(CommonMethodsAndUtilities.java:207)
at CommonMethodsAndUtilities.CommonMethodsAndUtilities.getRandomValue(CommonMethodsAndUtilities.java:207)
at CommonMethodsAndUtilities.CommonMethodsAndUtilities.getRandomValue(CommonMethodsAndUtilities.java:207)
at CommonMethodsAndUtilities.CommonMethodsAndUtilities.getRandomValue(CommonMethodsAndUtilities.java:207)
at CommonMethodsAndUtilities.CommonMethodsAndUtilities.getRandomValue(CommonMethodsAndUtilities.java:207)
at CommonMethodsAndUtilities.CommonMethodsAndUtilities.getRandomValue(CommonMethodsAndUtilities.java:207)
at CommonMethodsAndUtilities.CommonMethodsAndUtilities.getRandomValue(CommonMethodsAndUtilities.java:207)
at CommonMethodsAndUtilities.CommonMethodsAndUtilities.getRandomValue(CommonMethodsAndUtilities.java:207)
at CommonMethodsAndUtilities.CommonMethodsAndUtilities.getRandomValue(CommonMethodsAndUtilities.java:207)
at CommonMethodsAndUtilities.CommonMethodsAndUtilities.getRandomValue(CommonMethodsAndUtilities.java:207)
at CommonMethodsAndUtilities.CommonMethodsAndUtilities.getRandomValue(CommonMethodsAndUtilities.java:207)
at CommonMethodsAndUtilities.CommonMethodsAndUtilities.getRandomValue(CommonMethodsAndUtilities.java:207)
at CommonMethodsAndUtilities.CommonMethodsAndUtilities.getRandomValue(CommonMethodsAndUtilities.java:207)
at CommonMethodsAndUtilities.CommonMethodsAndUtilities.getRandomValue(CommonMethodsAndUtilities.java:207)
at CommonMethodsAndUtilities.CommonMethodsAndUtilities.getRandomValue(CommonMethodsAndUtilities.java:207)
at CommonMethodsAndUtilities.CommonMethodsAndUtilities.getRandomValue(CommonMethodsAndUtilities.java:207)
at CommonMethodsAndUtilities.CommonMethodsAndUtilities.getRandomValue(CommonMethodsAndUtilities.java:207)
at CommonMethodsAndUtilities.CommonMethodsAndUtilities.getRandomValue(CommonMethodsAndUtilities.java:207)
at CommonMethodsAndUtilities.CommonMethodsAndUtilities.getRandomValue(CommonMethodsAndUtilities.java:207)
at CommonMethodsAndUtilities.CommonMethodsAndUtilities.getRandomValue(CommonMethodsAndUtilities.java:207)
at CommonMethodsAndUtilities.CommonMethodsAndUtilities.getRandomValue(CommonMethodsAndUtilities.java:207)
at CommonMethodsAndUtilities.CommonMethodsAndUtilities.getRandomValue(CommonMethodsAndUtilities.java:207)
at CommonMethodsAndUtilities.CommonMethodsAndUtilities.getRandomValue(CommonMethodsAndUtilities.java:207)
at CommonMethodsAndUtilities.CommonMethodsAndUtilities.getRandomValue(CommonMethodsAndUtilities.java:207)
at CommonMethodsAndUtilities.CommonMethodsAndUtilities.getRandomValue(CommonMethodsAndUtilities.java:207)
at CommonMethodsAndUtilities.CommonMethodsAndUtilities.getRandomValue(CommonMethodsAndUtilities.java:207)
at CommonMethodsAndUtilities.CommonMethodsAndUtilities.getRandomValue(CommonMethodsAndUtilities.java:207)
at CommonMethodsAndUtilities.CommonMethodsAndUtilities.getRandomValue(CommonMethodsAndUtilities.java:207)
at CommonMethodsAndUtilities.CommonMethodsAndUtilities.getRandomValue(CommonMethodsAndUtilities.java:207)
at CommonMethodsAndUtilities.CommonMethodsAndUtilities.getRandomValue(CommonMethodsAndUtilities.java:207)
at CommonMethodsAndUtilities.CommonMethodsAndUtilities.getRandomValue(CommonMethodsAndUtilities.java:207)
at CommonMethodsAndUtilities.CommonMethodsAndUtilities.getRandomValue(CommonMethodsAndUtilities.java:207)
at CommonMethodsAndUtilities.CommonMethodsAndUtilities.getRandomValue(CommonMethodsAndUtilities.java:207)
at CommonMethodsAndUtilities.CommonMethodsAndUtilities.getRandomValue(CommonMethodsAndUtilities.java:207)
at CommonMethodsAndUtilities.CommonMethodsAndUtilities.getRandomValue(CommonMethodsAndUtilities.java:207)
at CommonMethodsAndUtilities.CommonMethodsAndUtilities.getRandomValue(CommonMethodsAndUtilities.java:207)
at CommonMethodsAndUtilities.CommonMethodsAndUtilities.getRandomValue(CommonMethodsAndUtilities.java:207)
at CommonMethodsAndUtilities.CommonMethodsAndUtilities.getRandomValue(CommonMethodsAndUtilities.java:207)
at CommonMethodsAndUtilities.CommonMethodsAndUtilities.getRandomValue(CommonMethodsAndUtilities.java:207)
at CommonMethodsAndUtilities.CommonMethodsAndUtilities.getRandomValue(CommonMethodsAndUtilities.java:207)
at CommonMethodsAndUtilities.CommonMethodsAndUtilities.getRandomValue(CommonMethodsAndUtilities.java:207)
at CommonMethodsAndUtilities.CommonMethodsAndUtilities.getRandomValue(CommonMethodsAndUtilities.java:207)
at CommonMethodsAndUtilities.CommonMethodsAndUtilities.getRandomValue(CommonMethodsAndUtilities.java:207)
at CommonMethodsAndUtilities.CommonMethodsAndUtilities.getRandomValue(CommonMethodsAndUtilities.java:207)
at CommonMethodsAndUtilities.CommonMethodsAndUtilities.getRandomValue(CommonMethodsAndUtilities.java:207)
at CommonMethodsAndUtilities.CommonMethodsAndUtilities.getRandomValue(CommonMethodsAndUtilities.java:207)
at CommonMethodsAndUtilities.CommonMethodsAndUtilities.getRandomValue(CommonMethodsAndUtilities.java:207)
at CommonMethodsAndUtilities.CommonMethodsAndUtilities.getRandomValue(CommonMethodsAndUtilities.java:207)
at CommonMethodsAndUtilities.CommonMethodsAndUtilities.getRandomValue(CommonMethodsAndUtilities.java:207)
at CommonMethodsAndUtilities.CommonMethodsAndUtilities.getRandomValue(CommonMethodsAndUtilities.java:207)
at CommonMethodsAndUtilities.CommonMethodsAndUtilities.getRandomValue(CommonMethodsAndUtilities.java:207)
at CommonMethodsAndUtilities.CommonMethodsAndUtilities.getRandomValue(CommonMethodsAndUtilities.java:207)
at CommonMethodsAndUtilities.CommonMethodsAndUtilities.getRandomValue(CommonMethodsAndUtilities.java:207)
at CommonMethodsAndUtilities.CommonMethodsAndUtilities.getRandomValue(CommonMethodsAndUtilities.java:207)
at CommonMethodsAndUtilities.CommonMethodsAndUtilities.getRandomValue(CommonMethodsAndUtilities.java:207)
at CommonMethodsAndUtilities.CommonMethodsAndUtilities.getRandomValue(CommonMethodsAndUtilities.java:207)
at CommonMethodsAndUtilities.CommonMethodsAndUtilities.getRandomValue(CommonMethodsAndUtilities.java:207)
at CommonMethodsAndUtilities.CommonMethodsAndUtilities.getRandomValue(CommonMethodsAndUtilities.java:207)
at CommonMethodsAndUtilities.CommonMethodsAndUtilities.getRandomValue(CommonMethodsAndUtilities.java:207)
at CommonMethodsAndUtilities.CommonMethodsAndUtilities.getRandomValue(CommonMethodsAndUtilities.java:207)
at CommonMethodsAndUtilities.CommonMethodsAndUtilities.getRandomValue(CommonMethodsAndUtilities.java:207)
at CommonMethodsAndUtilities.CommonMethodsAndUtilities.getRandomValue(CommonMethodsAndUtilities.java:207)
at CommonMethodsAndUtilities.CommonMethodsAndUtilities.getRandomValue(CommonMethodsAndUtilities.java:207)
at CommonMethodsAndUtilities.CommonMethodsAndUtilities.getRandomValue(CommonMethodsAndUtilities.java:207)
at CommonMethodsAndUtilities.CommonMethodsAndUtilities.getRandomValue(CommonMethodsAndUtilities.java:207)
at CommonMethodsAndUtilities.CommonMethodsAndUtilities.getRandomValue(CommonMethodsAndUtilities.java:207)
at CommonMethodsAndUtilities.CommonMethodsAndUtilities.getRandomValue(CommonMethodsAndUtilities.java:207)
at CommonMethodsAndUtilities.CommonMethodsAndUtilities.getRandomValue(CommonMethodsAndUtilities.java:207)
at CommonMethodsAndUtilities.CommonMethodsAndUtilities.getRandomValue(CommonMethodsAndUtilities.java:207)
at CommonMethodsAndUtilities.CommonMethodsAndUtilities.getRandomValue(CommonMethodsAndUtilities.java:207)
at CommonMethodsAndUtilities.CommonMethodsAndUtilities.getRandomValue(CommonMethodsAndUtilities.java:207)
at CommonMethodsAndUtilities.CommonMethodsAndUtilities.getRandomValue(CommonMethodsAndUtilities.java:207)
at CommonMethodsAndUtilities.CommonMethodsAndUtilities.getRandomValue(CommonMethodsAndUtilities.java:207)
at CommonMethodsAndUtilities.CommonMethodsAndUtilities.getRandomValue(CommonMethodsAndUtilities.java:207)
at CommonMethodsAndUtilities.CommonMethodsAndUtilities.getRandomValue(CommonMethodsAndUtilities.java:207)
at CommonMethodsAndUtilities.CommonMethodsAndUtilities.getRandomValue(CommonMethodsAndUtilities.java:207)
at CommonMethodsAndUtilities.CommonMethodsAndUtilities.getRandomValue(CommonMethodsAndUtilities.java:207)
at CommonMethodsAndUtilities.CommonMethodsAndUtilities.getRandomValue(CommonMethodsAndUtilities.java:207)
at CommonMethodsAndUtilities.CommonMethodsAndUtilities.getRandomValue(CommonMethodsAndUtilities.java:207)
at CommonMethodsAndUtilities.CommonMethodsAndUtilities.getRandomValue(CommonMethodsAndUtilities.java:207)
at CommonMethodsAndUtilities.CommonMethodsAndUtilities.getRandomValue(CommonMethodsAndUtilities.java:207)
at CommonMethodsAndUtilities.CommonMethodsAndUtilities.getRandomValue(CommonMethodsAndUtilities.java:207)
at CommonMethodsAndUtilities.CommonMethodsAndUtilities.getRandomValue(CommonMethodsAndUtilities.java:207)
at CommonMethodsAndUtilities.CommonMethodsAndUtilities.getRandomValue(CommonMethodsAndUtilities.java:207)
at CommonMethodsAndUtilities.CommonMethodsAndUtilities.getRandomValue(CommonMethodsAndUtilities.java:207)
at CommonMethodsAndUtilities.CommonMethodsAndUtilities.getRandomValue(CommonMethodsAndUtilities.java:207)
at CommonMethodsAndUtilities.CommonMethodsAndUtilities.getRandomValue(CommonMethodsAndUtilities.java:207)
at CommonMethodsAndUtilities.CommonMethodsAndUtilities.getRandomValue(CommonMethodsAndUtilities.java:207)
at CommonMethodsAndUtilities.CommonMethodsAndUtilities.getRandomValue(CommonMethodsAndUtilities.java:207)
at CommonMethodsAndUtilities.CommonMethodsAndUtilities.getRandomValue(CommonMethodsAndUtilities.java:207)
at CommonMethodsAndUtilities.CommonMethodsAndUtilities.getRandomValue(CommonMethodsAndUtilities.java:207)
at CommonMethodsAndUtilities.CommonMethodsAndUtilities.getRandomValue(CommonMethodsAndUtilities.java:207)
at CommonMethodsAndUtilities.CommonMethodsAndUtilities.getRandomValue(CommonMethodsAndUtilities.java:207)
at CommonMethodsAndUtilities.CommonMethodsAndUtilities.getRandomValue(CommonMethodsAndUtilities.java:207)
at CommonMethodsAndUtilities.CommonMethodsAndUtilities.getRandomValue(CommonMethodsAndUtilities.java:207)
at CommonMethodsAndUtilities.CommonMethodsAndUtilities.getRandomValue(CommonMethodsAndUtilities.java:207)
at CommonMethodsAndUtilities.CommonMethodsAndUtilities.getRandomValue(CommonMethodsAndUtilities.java:207)
at CommonMethodsAndUtilities.CommonMethodsAndUtilities.getRandomValue(CommonMethodsAndUtilities.java:207)
at CommonMethodsAndUtilities.CommonMethodsAndUtilities.getRandomValue(CommonMethodsAndUtilities.java:207)
at CommonMethodsAndUtilities.CommonMethodsAndUtilities.getRandomValue(CommonMethodsAndUtilities.java:207)
at CommonMethodsAndUtilities.CommonMethodsAndUtilities.getRandomValue(CommonMethodsAndUtilities.java:207)
at CommonMethodsAndUtilities.CommonMethodsAndUtilities.getRandomValue(CommonMethodsAndUtilities.java:207)
at CommonMethodsAndUtilities.CommonMethodsAndUtilities.getRandomValue(CommonMethodsAndUtilities.java:207)
at CommonMethodsAndUtilities.CommonMethodsAndUtilities.getRandomValue(CommonMethodsAndUtilities.java:207)
at CommonMethodsAndUtilities.CommonMethodsAndUtilities.getRandomValue(CommonMethodsAndUtilities.java:207)
at CommonMethodsAndUtilities.CommonMethodsAndUtilities.getRandomValue(CommonMethodsAndUtilities.java:207)
at CommonMethodsAndUtilities.CommonMethodsAndUtilities.getRandomValue(CommonMethodsAndUtilities.java:207)
at CommonMethodsAndUtilities.CommonMethodsAndUtilities.getRandomValue(CommonMethodsAndUtilities.java:207)
at CommonMethodsAndUtilities.CommonMethodsAndUtilities.getRandomValue(CommonMethodsAndUtilities.java:207)
at CommonMethodsAndUtilities.CommonMethodsAndUtilities.getRandomValue(CommonMethodsAndUtilities.java:207)
at CommonMethodsAndUtilities.CommonMethodsAndUtilities.getRandomValue(CommonMethodsAndUtilities.java:207)
at CommonMethodsAndUtilities.CommonMethodsAndUtilities.getRandomValue(CommonMethodsAndUtilities.java:207)
at CommonMethodsAndUtilities.CommonMethodsAndUtilities.getRandomValue(CommonMethodsAndUtilities.java:207)
at CommonMethodsAndUtilities.CommonMethodsAndUtilities.getRandomValue(CommonMethodsAndUtilities.java:207)
at CommonMethodsAndUtilities.CommonMethodsAndUtilities.getRandomValue(CommonMethodsAndUtilities.java:207)
at CommonMethodsAndUtilities.CommonMethodsAndUtilities.getRandomValue(CommonMethodsAndUtilities.java:207)
at CommonMethodsAndUtilities.CommonMethodsAndUtilities.getRandomValue(CommonMethodsAndUtilities.java:207)
at CommonMethodsAndUtilities.CommonMethodsAndUtilities.getRandomValue(CommonMethodsAndUtilities.java:207)
at CommonMethodsAndUtilities.CommonMethodsAndUtilities.getRandomValue(CommonMethodsAndUtilities.java:207)
at CommonMethodsAndUtilities.CommonMethodsAndUtilities.getRandomValue(CommonMethodsAndUtilities.java:207)
at CommonMethodsAndUtilities.CommonMethodsAndUtilities.getRandomValue(CommonMethodsAndUtilities.java:207)
at CommonMethodsAndUtilities.CommonMethodsAndUtilities.getRandomValue(CommonMethodsAndUtilities.java:207)
at CommonMethodsAndUtilities.CommonMethodsAndUtilities.getRandomValue(CommonMethodsAndUtilities.java:207)
at CommonMethodsAndUtilities.CommonMethodsAndUtilities.getRandomValue(CommonMethodsAndUtilities.java:207)
at CommonMethodsAndUtilities.CommonMethodsAndUtilities.getRandomValue(CommonMethodsAndUtilities.java:207)
at CommonMethodsAndUtilities.CommonMethodsAndUtilities.getRandomValue(CommonMethodsAndUtilities.java:207)
at CommonMethodsAndUtilities.CommonMethodsAndUtilities.getRandomValue(CommonMethodsAndUtilities.java:207)
at CommonMethodsAndUtilities.CommonMethodsAndUtilities.getRandomValue(CommonMethodsAndUtilities.java:207)
at CommonMethodsAndUtilities.CommonMethodsAndUtilities.getRandomValue(CommonMethodsAndUtilities.java:207)
at CommonMethodsAndUtilities.CommonMethodsAndUtilities.getRandomValue(CommonMethodsAndUtilities.java:207)
at CommonMethodsAndUtilities.CommonMethodsAndUtilities.getRandomValue(CommonMethodsAndUtilities.java:207)
at CommonMethodsAndUtilities.CommonMethodsAndUtilities.getRandomValue(CommonMethodsAndUtilities.java:207)
at CommonMethodsAndUtilities.CommonMethodsAndUtilities.getRandomValue(CommonMethodsAndUtilities.java:207)
at CommonMethodsAndUtilities.CommonMethodsAndUtilities.getRandomValue(CommonMethodsAndUtilities.java:207)
at CommonMethodsAndUtilities.CommonMethodsAndUtilities.getRandomValue(CommonMethodsAndUtilities.java:207)
at CommonMethodsAndUtilities.CommonMethodsAndUtilities.getRandomValue(CommonMethodsAndUtilities.java:207)
at CommonMethodsAndUtilities.CommonMethodsAndUtilities.getRandomValue(CommonMethodsAndUtilities.java:207)
at CommonMethodsAndUtilities.CommonMethodsAndUtilities.getRandomValue(CommonMethodsAndUtilities.java:207)
at CommonMethodsAndUtilities.CommonMethodsAndUtilities.getRandomValue(CommonMethodsAndUtilities.java:207)
at CommonMethodsAndUtilities.CommonMethodsAndUtilities.getRandomValue(CommonMethodsAndUtilities.java:207)
at CommonMethodsAndUtilities.CommonMethodsAndUtilities.getRandomValue(CommonMethodsAndUtilities.java:207)
at CommonMethodsAndUtilities.CommonMethodsAndUtilities.getRandomValue(CommonMethodsAndUtilities.java:207)
at CommonMethodsAndUtilities.CommonMethodsAndUtilities.getRandomValue(CommonMethodsAndUtilities.java:207)
at CommonMethodsAndUtilities.CommonMethodsAndUtilities.getRandomValue(CommonMethodsAndUtilities.java:207)
at CommonMethodsAndUtilities.CommonMethodsAndUtilities.getRandomValue(CommonMethodsAndUtilities.java:207)
at CommonMethodsAndUtilities.CommonMethodsAndUtilities.getRandomValue(CommonMethodsAndUtilities.java:207)
at CommonMethodsAndUtilities.CommonMethodsAndUtilities.getRandomValue(CommonMethodsAndUtilities.java:207)
at CommonMethodsAndUtilities.CommonMethodsAndUtilities.getRandomValue(CommonMethodsAndUtilities.java:207)
at CommonMethodsAndUtilities.CommonMethodsAndUtilities.getRandomValue(CommonMethodsAndUtilities.java:207)
at CommonMethodsAndUtilities.CommonMethodsAndUtilities.getRandomValue(CommonMethodsAndUtilities.java:207)
at CommonMethodsAndUtilities.CommonMethodsAndUtilities.getRandomValue(CommonMethodsAndUtilities.java:207)
at CommonMethodsAndUtilities.CommonMethodsAndUtilities.getRandomValue(CommonMethodsAndUtilities.java:207)
at CommonMethodsAndUtilities.CommonMethodsAndUtilities.getRandomValue(CommonMethodsAndUtilities.java:207)
at CommonMethodsAndUtilities.CommonMethodsAndUtilities.getRandomValue(CommonMethodsAndUtilities.java:207)
at CommonMethodsAndUtilities.CommonMethodsAndUtilities.getRandomValue(CommonMethodsAndUtilities.java:207)
at CommonMethodsAndUtilities.CommonMethodsAndUtilities.getRandomValue(CommonMethodsAndUtilities.java:207)
at CommonMethodsAndUtilities.CommonMethodsAndUtilities.getRandomValue(CommonMethodsAndUtilities.java:207)
at CommonMethodsAndUtilities.CommonMethodsAndUtilities.getRandomValue(CommonMethodsAndUtilities.java:207)
at CommonMethodsAndUtilities.CommonMethodsAndUtilities.getRandomValue(CommonMethodsAndUtilities.java:207)
at CommonMethodsAndUtilities.CommonMethodsAndUtilities.getRandomValue(CommonMethodsAndUtilities.java:207)
at CommonMethodsAndUtilities.CommonMethodsAndUtilities.getRandomValue(CommonMethodsAndUtilities.java:207)
at CommonMethodsAndUtilities.CommonMethodsAndUtilities.getRandomValue(CommonMethodsAndUtilities.java:207)
at CommonMethodsAndUtilities.CommonMethodsAndUtilities.getRandomValue(CommonMethodsAndUtilities.java:207)
at CommonMethodsAndUtilities.CommonMethodsAndUtilities.getRandomValue(CommonMethodsAndUtilities.java:207)
at CommonMethodsAndUtilities.CommonMethodsAndUtilities.getRandomValue(CommonMethodsAndUtilities.java:207)
at CommonMethodsAndUtilities.CommonMethodsAndUtilities.getRandomValue(CommonMethodsAndUtilities.java:207)
at CommonMethodsAndUtilities.CommonMethodsAndUtilities.getRandomValue(CommonMethodsAndUtilities.java:207)
at CommonMethodsAndUtilities.CommonMethodsAndUtilities.getRandomValue(CommonMethodsAndUtilities.java:207)
at CommonMethodsAndUtilities.CommonMethodsAndUtilities.getRandomValue(CommonMethodsAndUtilities.java:207)
at CommonMethodsAndUtilities.CommonMethodsAndUtilities.getRandomValue(CommonMethodsAndUtilities.java:207)
at CommonMethodsAndUtilities.CommonMethodsAndUtilities.getRandomValue(CommonMethodsAndUtilities.java:207)
at CommonMethodsAndUtilities.CommonMethodsAndUtilities.getRandomValue(CommonMethodsAndUtilities.java:207)
at CommonMethodsAndUtilities.CommonMethodsAndUtilities.getRandomValue(CommonMethodsAndUtilities.java:207)
at CommonMethodsAndUtilities.CommonMethodsAndUtilities.getRandomValue(CommonMethodsAndUtilities.java:207)
at CommonMethodsAndUtilities.CommonMethodsAndUtilities.getRandomValue(CommonMethodsAndUtilities.java:207)
at CommonMethodsAndUtilities.CommonMethodsAndUtilities.getRandomValue(CommonMethodsAndUtilities.java:207)
at CommonMethodsAndUtilities.CommonMethodsAndUtilities.getRandomValue(CommonMethodsAndUtilities.java:207)
at CommonMethodsAndUtilities.CommonMethodsAndUtilities.getRandomValue(CommonMethodsAndUtilities.java:207)
at CommonMethodsAndUtilities.CommonMethodsAndUtilities.getRandomValue(CommonMethodsAndUtilities.java:207)
at CommonMethodsAndUtilities.CommonMethodsAndUtilities.getRandomValue(CommonMethodsAndUtilities.java:207)
at CommonMethodsAndUtilities.CommonMethodsAndUtilities.getRandomValue(CommonMethodsAndUtilities.java:207)
at CommonMethodsAndUtilities.CommonMethodsAndUtilities.getRandomValue(CommonMethodsAndUtilities.java:207)
at CommonMethodsAndUtilities.CommonMethodsAndUtilities.getRandomValue(CommonMethodsAndUtilities.java:207)
at CommonMethodsAndUtilities.CommonMethodsAndUtilities.getRandomValue(CommonMethodsAndUtilities.java:207)
at CommonMethodsAndUtilities.CommonMethodsAndUtilities.getRandomValue(CommonMethodsAndUtilities.java:207)
at CommonMethodsAndUtilities.CommonMethodsAndUtilities.getRandomValue(CommonMethodsAndUtilities.java:207)
at CommonMethodsAndUtilities.CommonMethodsAndUtilities.getRandomValue(CommonMethodsAndUtilities.java:207)
at CommonMethodsAndUtilities.CommonMethodsAndUtilities.getRandomValue(CommonMethodsAndUtilities.java:207)
at CommonMethodsAndUtilities.CommonMethodsAndUtilities.getRandomValue(CommonMethodsAndUtilities.java:207)
at CommonMethodsAndUtilities.CommonMethodsAndUtilities.getRandomValue(CommonMethodsAndUtilities.java:207)
at CommonMethodsAndUtilities.CommonMethodsAndUtilities.getRandomValue(CommonMethodsAndUtilities.java:207)
at CommonMethodsAndUtilities.CommonMethodsAndUtilities.getRandomValue(CommonMethodsAndUtilities.java:207)
at CommonMethodsAndUtilities.CommonMethodsAndUtilities.getRandomValue(CommonMethodsAndUtilities.java:207)
at CommonMethodsAndUtilities.CommonMethodsAndUtilities.getRandomValue(CommonMethodsAndUtilities.java:207)
at CommonMethodsAndUtilities.CommonMethodsAndUtilities.getRandomValue(CommonMethodsAndUtilities.java:207)
at CommonMethodsAndUtilities.CommonMethodsAndUtilities.getRandomValue(CommonMethodsAndUtilities.java:207)
at CommonMethodsAndUtilities.CommonMethodsAndUtilities.getRandomValue(CommonMethodsAndUtilities.java:207)
at CommonMethodsAndUtilities.CommonMethodsAndUtilities.getRandomValue(CommonMethodsAndUtilities.java:207)
at CommonMethodsAndUtilities.CommonMethodsAndUtilities.getRandomValue(CommonMethodsAndUtilities.java:207)
at CommonMethodsAndUtilities.CommonMethodsAndUtilities.getRandomValue(CommonMethodsAndUtilities.java:207)
at CommonMethodsAndUtilities.CommonMethodsAndUtilities.getRandomValue(CommonMethodsAndUtilities.java:207)
at CommonMethodsAndUtilities.CommonMethodsAndUtilities.getRandomValue(CommonMethodsAndUtilities.java:207)
at CommonMethodsAndUtilities.CommonMethodsAndUtilities.getRandomValue(CommonMethodsAndUtilities.java:207)
at CommonMethodsAndUtilities.CommonMethodsAndUtilities.getRandomValue(CommonMethodsAndUtilities.java:207)
at CommonMethodsAndUtilities.CommonMethodsAndUtilities.getRandomValue(CommonMethodsAndUtilities.java:207)
at CommonMethodsAndUtilities.CommonMethodsAndUtilities.getRandomValue(CommonMethodsAndUtilities.java:207)
at CommonMethodsAndUtilities.CommonMethodsAndUtilities.getRandomValue(CommonMethodsAndUtilities.java:207)
at CommonMethodsAndUtilities.CommonMethodsAndUtilities.getRandomValue(CommonMethodsAndUtilities.java:207)
at CommonMethodsAndUtilities.CommonMethodsAndUtilities.getRandomValue(CommonMethodsAndUtilities.java:207)
at CommonMethodsAndUtilities.CommonMethodsAndUtilities.getRandomValue(CommonMethodsAndUtilities.java:207)
at CommonMethodsAndUtilities.CommonMethodsAndUtilities.getRandomValue(CommonMethodsAndUtilities.java:207)
at CommonMethodsAndUtilities.CommonMethodsAndUtilities.getRandomValue(CommonMethodsAndUtilities.java:207)
at CommonMethodsAndUtilities.CommonMethodsAndUtilities.getRandomValue(CommonMethodsAndUtilities.java:207)
at CommonMethodsAndUtilities.CommonMethodsAndUtilities.getRandomValue(CommonMethodsAndUtilities.java:207)
at CommonMethodsAndUtilities.CommonMethodsAndUtilities.getRandomValue(CommonMethodsAndUtilities.java:207)
at CommonMethodsAndUtilities.CommonMethodsAndUtilities.getRandomValue(CommonMethodsAndUtilities.java:207)
at CommonMethodsAndUtilities.CommonMethodsAndUtilities.getRandomValue(CommonMethodsAndUtilities.java:207)
at CommonMethodsAndUtilities.CommonMethodsAndUtilities.getRandomValue(CommonMethodsAndUtilities.java:207)
at CommonMethodsAndUtilities.CommonMethodsAndUtilities.getRandomValue(CommonMethodsAndUtilities.java:207)
at CommonMethodsAndUtilities.CommonMethodsAndUtilities.getRandomValue(CommonMethodsAndUtilities.java:207)
at CommonMethodsAndUtilities.CommonMethodsAndUtilities.getRandomValue(CommonMethodsAndUtilities.java:207)
at CommonMethodsAndUtilities.CommonMethodsAndUtilities.getRandomValue(CommonMethodsAndUtilities.java:207)
at CommonMethodsAndUtilities.CommonMethodsAndUtilities.getRandomValue(CommonMethodsAndUtilities.java:207)
at CommonMethodsAndUtilities.CommonMethodsAndUtilities.getRandomValue(CommonMethodsAndUtilities.java:207)
at CommonMethodsAndUtilities.CommonMethodsAndUtilities.getRandomValue(CommonMethodsAndUtilities.java:207)
at CommonMethodsAndUtilities.CommonMethodsAndUtilities.getRandomValue(CommonMethodsAndUtilities.java:207)
at CommonMethodsAndUtilities.CommonMethodsAndUtilities.getRandomValue(CommonMethodsAndUtilities.java:207)
at CommonMethodsAndUtilities.CommonMethodsAndUtilities.getRandomValue(CommonMethodsAndUtilities.java:207)
at CommonMethodsAndUtilities.CommonMethodsAndUtilities.getRandomValue(CommonMethodsAndUtilities.java:207)
at CommonMethodsAndUtilities.CommonMethodsAndUtilities.getRandomValue(CommonMethodsAndUtilities.java:207)
at CommonMethodsAndUtilities.CommonMethodsAndUtilities.getRandomValue(CommonMethodsAndUtilities.java:207)
at CommonMethodsAndUtilities.CommonMethodsAndUtilities.getRandomValue(CommonMethodsAndUtilities.java:207)
at CommonMethodsAndUtilities.CommonMethodsAndUtilities.getRandomValue(CommonMethodsAndUtilities.java:207)
at CommonMethodsAndUtilities.CommonMethodsAndUtilities.getRandomValue(CommonMethodsAndUtilities.java:207)
at CommonMethodsAndUtilities.CommonMethodsAndUtilities.getRandomValue(CommonMethodsAndUtilities.java:207)
at CommonMethodsAndUtilities.CommonMethodsAndUtilities.getRandomValue(CommonMethodsAndUtilities.java:207)
at CommonMethodsAndUtilities.CommonMethodsAndUtilities.getRandomValue(CommonMethodsAndUtilities.java:207)
at CommonMethodsAndUtilities.CommonMethodsAndUtilities.getRandomValue(CommonMethodsAndUtilities.java:207)
at CommonMethodsAndUtilities.CommonMethodsAndUtilities.getRandomValue(CommonMethodsAndUtilities.java:207)
at CommonMethodsAndUtilities.CommonMethodsAndUtilities.getRandomValue(CommonMethodsAndUtilities.java:207)
at CommonMethodsAndUtilities.CommonMethodsAndUtilities.getRandomValue(CommonMethodsAndUtilities.java:207)
at CommonMethodsAndUtilities.CommonMethodsAndUtilities.getRandomValue(CommonMethodsAndUtilities.java:207)
at CommonMethodsAndUtilities.CommonMethodsAndUtilities.getRandomValue(CommonMethodsAndUtilities.java:207)
at CommonMethodsAndUtilities.CommonMethodsAndUtilities.getRandomValue(CommonMethodsAndUtilities.java:207)
at CommonMethodsAndUtilities.CommonMethodsAndUtilities.getRandomValue(CommonMethodsAndUtilities.java:207)
at CommonMethodsAndUtilities.CommonMethodsAndUtilities.getRandomValue(CommonMethodsAndUtilities.java:207)
at CommonMethodsAndUtilities.CommonMethodsAndUtilities.getRandomValue(CommonMethodsAndUtilities.java:207)
at CommonMethodsAndUtilities.CommonMethodsAndUtilities.getRandomValue(CommonMethodsAndUtilities.java:207)
at CommonMethodsAndUtilities.CommonMethodsAndUtilities.getRandomValue(CommonMethodsAndUtilities.java:207)
at CommonMethodsAndUtilities.CommonMethodsAndUtilities.getRandomValue(CommonMethodsAndUtilities.java:207)
at CommonMethodsAndUtilities.CommonMethodsAndUtilities.getRandomValue(CommonMethodsAndUtilities.java:207)
at CommonMethodsAndUtilities.CommonMethodsAndUtilities.getRandomValue(CommonMethodsAndUtilities.java:207)
at CommonMethodsAndUtilities.CommonMethodsAndUtilities.getRandomValue(CommonMethodsAndUtilities.java:207)
at CommonMethodsAndUtilities.CommonMethodsAndUtilities.getRandomValue(CommonMethodsAndUtilities.java:207)
at CommonMethodsAndUtilities.CommonMethodsAndUtilities.getRandomValue(CommonMethodsAndUtilities.java:207)
at CommonMethodsAndUtilities.CommonMethodsAndUtilities.getRandomValue(CommonMethodsAndUtilities.java:207)
at CommonMethodsAndUtilities.CommonMethodsAndUtilities.getRandomValue(CommonMethodsAndUtilities.java:207)
at CommonMethodsAndUtilities.CommonMethodsAndUtilities.getRandomValue(CommonMethodsAndUtilities.java:207)
at CommonMethodsAndUtilities.CommonMethodsAndUtilities.getRandomValue(CommonMethodsAndUtilities.java:207)
at CommonMethodsAndUtilities.CommonMethodsAndUtilities.getRandomValue(CommonMethodsAndUtilities.java:207)
at CommonMethodsAndUtilities.CommonMethodsAndUtilities.getRandomValue(CommonMethodsAndUtilities.java:207)
at CommonMethodsAndUtilities.CommonMethodsAndUtilities.getRandomValue(CommonMethodsAndUtilities.java:207)
at CommonMethodsAndUtilities.CommonMethodsAndUtilities.getRandomValue(CommonMethodsAndUtilities.java:207)
at CommonMethodsAndUtilities.CommonMethodsAndUtilities.getRandomValue(CommonMethodsAndUtilities.java:207)
at CommonMethodsAndUtilities.CommonMethodsAndUtilities.getRandomValue(CommonMethodsAndUtilities.java:207)
at CommonMethodsAndUtilities.CommonMethodsAndUtilities.getRandomValue(CommonMethodsAndUtilities.java:207)
at CommonMethodsAndUtilities.CommonMethodsAndUtilities.getRandomValue(CommonMethodsAndUtilities.java:207)
at CommonMethodsAndUtilities.CommonMethodsAndUtilities.getRandomValue(CommonMethodsAndUtilities.java:207)
at CommonMethodsAndUtilities.CommonMethodsAndUtilities.getRandomValue(CommonMethodsAndUtilities.java:207)
at CommonMethodsAndUtilities.CommonMethodsAndUtilities.getRandomValue(CommonMethodsAndUtilities.java:207)
at CommonMethodsAndUtilities.CommonMethodsAndUtilities.getRandomValue(CommonMethodsAndUtilities.java:207)
at CommonMethodsAndUtilities.CommonMethodsAndUtilities.getRandomValue(CommonMethodsAndUtilities.java:207)
at CommonMethodsAndUtilities.CommonMethodsAndUtilities.getRandomValue(CommonMethodsAndUtilities.java:207)
at CommonMethodsAndUtilities.CommonMethodsAndUtilities.getRandomValue(CommonMethodsAndUtilities.java:207)
at CommonMethodsAndUtilities.CommonMethodsAndUtilities.getRandomValue(CommonMethodsAndUtilities.java:207)
at CommonMethodsAndUtilities.CommonMethodsAndUtilities.getRandomValue(CommonMethodsAndUtilities.java:207)
at CommonMethodsAndUtilities.CommonMethodsAndUtilities.getRandomValue(CommonMethodsAndUtilities.java:207)
at CommonMethodsAndUtilities.CommonMethodsAndUtilities.getRandomValue(CommonMethodsAndUtilities.java:207)
at CommonMethodsAndUtilities.CommonMethodsAndUtilities.getRandomValue(CommonMethodsAndUtilities.java:207)
at CommonMethodsAndUtilities.CommonMethodsAndUtilities.getRandomValue(CommonMethodsAndUtilities.java:207)
at CommonMethodsAndUtilities.CommonMethodsAndUtilities.getRandomValue(CommonMethodsAndUtilities.java:207)
at CommonMethodsAndUtilities.CommonMethodsAndUtilities.getRandomValue(CommonMethodsAndUtilities.java:207)
at CommonMethodsAndUtilities.CommonMethodsAndUtilities.getRandomValue(CommonMethodsAndUtilities.java:207)
at CommonMethodsAndUtilities.CommonMethodsAndUtilities.getRandomValue(CommonMethodsAndUtilities.java:207)
at CommonMethodsAndUtilities.CommonMethodsAndUtilities.getRandomValue(CommonMethodsAndUtilities.java:207)
at CommonMethodsAndUtilities.CommonMethodsAndUtilities.getRandomValue(CommonMethodsAndUtilities.java:207)
at CommonMethodsAndUtilities.CommonMethodsAndUtilities.getRandomValue(CommonMethodsAndUtilities.java:207)
at CommonMethodsAndUtilities.CommonMethodsAndUtilities.getRandomValue(CommonMethodsAndUtilities.java:207)
at CommonMethodsAndUtilities.CommonMethodsAndUtilities.getRandomValue(CommonMethodsAndUtilities.java:207)
at CommonMethodsAndUtilities.CommonMethodsAndUtilities.getRandomValue(CommonMethodsAndUtilities.java:207)
at CommonMethodsAndUtilities.CommonMethodsAndUtilities.getRandomValue(CommonMethodsAndUtilities.java:207)
at CommonMethodsAndUtilities.CommonMethodsAndUtilities.getRandomValue(CommonMethodsAndUtilities.java:207)
at CommonMethodsAndUtilities.CommonMethodsAndUtilities.getRandomValue(CommonMethodsAndUtilities.java:207)
at CommonMethodsAndUtilities.CommonMethodsAndUtilities.getRandomValue(CommonMethodsAndUtilities.java:207)
at CommonMethodsAndUtilities.CommonMethodsAndUtilities.getRandomValue(CommonMethodsAndUtilities.java:207)
at CommonMethodsAndUtilities.CommonMethodsAndUtilities.getRandomValue(CommonMethodsAndUtilities.java:207)
at CommonMethodsAndUtilities.CommonMethodsAndUtilities.getRandomValue(CommonMethodsAndUtilities.java:207)
at CommonMethodsAndUtilities.CommonMethodsAndUtilities.getRandomValue(CommonMethodsAndUtilities.java:207)
at CommonMethodsAndUtilities.CommonMethodsAndUtilities.getRandomValue(CommonMethodsAndUtilities.java:207)
at CommonMethodsAndUtilities.CommonMethodsAndUtilities.getRandomValue(CommonMethodsAndUtilities.java:207)
at CommonMethodsAndUtilities.CommonMethodsAndUtilities.getRandomValue(CommonMethodsAndUtilities.java:207)
at CommonMethodsAndUtilities.CommonMethodsAndUtilities.getRandomValue(CommonMethodsAndUtilities.java:207)
at CommonMethodsAndUtilities.CommonMethodsAndUtilities.getRandomValue(CommonMethodsAndUtilities.java:207)
at CommonMethodsAndUtilities.CommonMethodsAndUtilities.getRandomValue(CommonMethodsAndUtilities.java:207)
at CommonMethodsAndUtilities.CommonMethodsAndUtilities.getRandomValue(CommonMethodsAndUtilities.java:207)
at CommonMethodsAndUtilities.CommonMethodsAndUtilities.getRandomValue(CommonMethodsAndUtilities.java:207)
at CommonMethodsAndUtilities.CommonMethodsAndUtilities.getRandomValue(CommonMethodsAndUtilities.java:207)
at CommonMethodsAndUtilities.CommonMethodsAndUtilities.getRandomValue(CommonMethodsAndUtilities.java:207)
at CommonMethodsAndUtilities.CommonMethodsAndUtilities.getRandomValue(CommonMethodsAndUtilities.java:207)
at CommonMethodsAndUtilities.CommonMethodsAndUtilities.getRandomValue(CommonMethodsAndUtilities.java:207)
at CommonMethodsAndUtilities.CommonMethodsAndUtilities.getRandomValue(CommonMethodsAndUtilities.java:207)
at CommonMethodsAndUtilities.CommonMethodsAndUtilities.getRandomValue(CommonMethodsAndUtilities.java:207)
at CommonMethodsAndUtilities.CommonMethodsAndUtilities.getRandomValue(CommonMethodsAndUtilities.java:207)
at CommonMethodsAndUtilities.CommonMethodsAndUtilities.getRandomValue(CommonMethodsAndUtilities.java:207)
at CommonMethodsAndUtilities.CommonMethodsAndUtilities.getRandomValue(CommonMethodsAndUtilities.java:207)
at CommonMethodsAndUtilities.CommonMethodsAndUtilities.getRandomValue(CommonMethodsAndUtilities.java:207)
at CommonMethodsAndUtilities.CommonMethodsAndUtilities.getRandomValue(CommonMethodsAndUtilities.java:207)
at CommonMethodsAndUtilities.CommonMethodsAndUtilities.getRandomValue(CommonMethodsAndUtilities.java:207)
at CommonMethodsAndUtilities.CommonMethodsAndUtilities.getRandomValue(CommonMethodsAndUtilities.java:207)
at CommonMethodsAndUtilities.CommonMethodsAndUtilities.getRandomValue(CommonMethodsAndUtilities.java:207)
at CommonMethodsAndUtilities.CommonMethodsAndUtilities.getRandomValue(CommonMethodsAndUtilities.java:207)
at CommonMethodsAndUtilities.CommonMethodsAndUtilities.getRandomValue(CommonMethodsAndUtilities.java:207)
at CommonMethodsAndUtilities.CommonMethodsAndUtilities.getRandomValue(CommonMethodsAndUtilities.java:207)
at CommonMethodsAndUtilities.CommonMethodsAndUtilities.getRandomValue(CommonMethodsAndUtilities.java:207)
at CommonMethodsAndUtilities.CommonMethodsAndUtilities.getRandomValue(CommonMethodsAndUtilities.java:207)
at CommonMethodsAndUtilities.CommonMethodsAndUtilities.getRandomValue(CommonMethodsAndUtilities.java:207)
at CommonMethodsAndUtilities.CommonMethodsAndUtilities.getRandomValue(CommonMethodsAndUtilities.java:207)
at CommonMethodsAndUtilities.CommonMethodsAndUtilities.getRandomValue(CommonMethodsAndUtilities.java:207)
at CommonMethodsAndUtilities.CommonMethodsAndUtilities.getRandomValue(CommonMethodsAndUtilities.java:207)
at CommonMethodsAndUtilities.CommonMethodsAndUtilities.getRandomValue(CommonMethodsAndUtilities.java:207)
at CommonMethodsAndUtilities.CommonMethodsAndUtilities.getRandomValue(CommonMethodsAndUtilities.java:207)
at CommonMethodsAndUtilities.CommonMethodsAndUtilities.getRandomValue(CommonMethodsAndUtilities.java:207)
at CommonMethodsAndUtilities.CommonMethodsAndUtilities.getRandomValue(CommonMethodsAndUtilities.java:207)
at CommonMethodsAndUtilities.CommonMethodsAndUtilities.getRandomValue(CommonMethodsAndUtilities.java:207)
at CommonMethodsAndUtilities.CommonMethodsAndUtilities.getRandomValue(CommonMethodsAndUtilities.java:207)
at CommonMethodsAndUtilities.CommonMethodsAndUtilities.getRandomValue(CommonMethodsAndUtilities.java:207)
at CommonMethodsAndUtilities.CommonMethodsAndUtilities.getRandomValue(CommonMethodsAndUtilities.java:207)
at CommonMethodsAndUtilities.CommonMethodsAndUtilities.getRandomValue(CommonMethodsAndUtilities.java:207)
at CommonMethodsAndUtilities.CommonMethodsAndUtilities.getRandomValue(CommonMethodsAndUtilities.java:207)
at CommonMethodsAndUtilities.CommonMethodsAndUtilities.getRandomValue(CommonMethodsAndUtilities.java:207)
at CommonMethodsAndUtilities.CommonMethodsAndUtilities.getRandomValue(CommonMethodsAndUtilities.java:207)
at CommonMethodsAndUtilities.CommonMethodsAndUtilities.getRandomValue(CommonMethodsAndUtilities.java:207)
at CommonMethodsAndUtilities.CommonMethodsAndUtilities.getRandomValue(CommonMethodsAndUtilities.java:207)
at CommonMethodsAndUtilities.CommonMethodsAndUtilities.getRandomValue(CommonMethodsAndUtilities.java:207)
at CommonMethodsAndUtilities.CommonMethodsAndUtilities.getRandomValue(CommonMethodsAndUtilities.java:207)
at CommonMethodsAndUtilities.CommonMethodsAndUtilities.getRandomValue(CommonMethodsAndUtilities.java:207)
at CommonMethodsAndUtilities.CommonMethodsAndUtilities.getRandomValue(CommonMethodsAndUtilities.java:207)
at CommonMethodsAndUtilities.CommonMethodsAndUtilities.getRandomValue(CommonMethodsAndUtilities.java:207)
at CommonMethodsAndUtilities.CommonMethodsAndUtilities.getRandomValue(CommonMethodsAndUtilities.java:207)
at CommonMethodsAndUtilities.CommonMethodsAndUtilities.getRandomValue(CommonMethodsAndUtilities.java:207)
at CommonMethodsAndUtilities.CommonMethodsAndUtilities.getRandomValue(CommonMethodsAndUtilities.java:207)
at CommonMethodsAndUtilities.CommonMethodsAndUtilities.getRandomValue(CommonMethodsAndUtilities.java:207)
at CommonMethodsAndUtilities.CommonMethodsAndUtilities.getRandomValue(CommonMethodsAndUtilities.java:207)
at CommonMethodsAndUtilities.CommonMethodsAndUtilities.getRandomValue(CommonMethodsAndUtilities.java:207)
at CommonMethodsAndUtilities.CommonMethodsAndUtilities.getRandomValue(CommonMethodsAndUtilities.java:207)
at CommonMethodsAndUtilities.CommonMethodsAndUtilities.getRandomValue(CommonMethodsAndUtilities.java:207)
at CommonMethodsAndUtilities.CommonMethodsAndUtilities.getRandomValue(CommonMethodsAndUtilities.java:207)
at CommonMethodsAndUtilities.CommonMethodsAndUtilities.getRandomValue(CommonMethodsAndUtilities.java:207)
at CommonMethodsAndUtilities.CommonMethodsAndUtilities.getRandomValue(CommonMethodsAndUtilities.java:207)
at CommonMethodsAndUtilities.CommonMethodsAndUtilities.getRandomValue(CommonMethodsAndUtilities.java:207)
at CommonMethodsAndUtilities.CommonMethodsAndUtilities.getRandomValue(CommonMethodsAndUtilities.java:207)
at CommonMethodsAndUtilities.CommonMethodsAndUtilities.getRandomValue(CommonMethodsAndUtilities.java:207)
at CommonMethodsAndUtilities.CommonMethodsAndUtilities.getRandomValue(CommonMethodsAndUtilities.java:207)
at CommonMethodsAndUtilities.CommonMethodsAndUtilities.getRandomValue(CommonMethodsAndUtilities.java:207)
at CommonMethodsAndUtilities.CommonMethodsAndUtilities.getRandomValue(CommonMethodsAndUtilities.java:207)
at CommonMethodsAndUtilities.CommonMethodsAndUtilities.getRandomValue(CommonMethodsAndUtilities.java:207)
at CommonMethodsAndUtilities.CommonMethodsAndUtilities.getRandomValue(CommonMethodsAndUtilities.java:207)
at CommonMethodsAndUtilities.CommonMethodsAndUtilities.getRandomValue(CommonMethodsAndUtilities.java:207)
at CommonMethodsAndUtilities.CommonMethodsAndUtilities.getRandomValue(CommonMethodsAndUtilities.java:207)
at CommonMethodsAndUtilities.CommonMethodsAndUtilities.getRandomValue(CommonMethodsAndUtilities.java:207)
at CommonMethodsAndUtilities.CommonMethodsAndUtilities.getRandomValue(CommonMethodsAndUtilities.java:207)
at CommonMethodsAndUtilities.CommonMethodsAndUtilities.getRandomValue(CommonMethodsAndUtilities.java:207)
at CommonMethodsAndUtilities.CommonMethodsAndUtilities.getRandomValue(CommonMethodsAndUtilities.java:207)
at CommonMethodsAndUtilities.CommonMethodsAndUtilities.getRandomValue(CommonMethodsAndUtilities.java:207)
at CommonMethodsAndUtilities.CommonMethodsAndUtilities.getRandomValue(CommonMethodsAndUtilities.java:207)
at CommonMethodsAndUtilities.CommonMethodsAndUtilities.getRandomValue(CommonMethodsAndUtilities.java:207)
at CommonMethodsAndUtilities.CommonMethodsAndUtilities.getRandomValue(CommonMethodsAndUtilities.java:207)
at CommonMethodsAndUtilities.CommonMethodsAndUtilities.getRandomValue(CommonMethodsAndUtilities.java:207)
at CommonMethodsAndUtilities.CommonMethodsAndUtilities.getRandomValue(CommonMethodsAndUtilities.java:207)
at CommonMethodsAndUtilities.CommonMethodsAndUtilities.getRandomValue(CommonMethodsAndUtilities.java:207)
at CommonMethodsAndUtilities.CommonMethodsAndUtilities.getRandomValue(CommonMethodsAndUtilities.java:207)
at CommonMethodsAndUtilities.CommonMethodsAndUtilities.getRandomValue(CommonMethodsAndUtilities.java:207)
at CommonMethodsAndUtilities.CommonMethodsAndUtilities.getRandomValue(CommonMethodsAndUtilities.java:207)
at CommonMethodsAndUtilities.CommonMethodsAndUtilities.getRandomValue(CommonMethodsAndUtilities.java:207)
at CommonMethodsAndUtilities.CommonMethodsAndUtilities.getRandomValue(CommonMethodsAndUtilities.java:207)
at CommonMethodsAndUtilities.CommonMethodsAndUtilities.getRandomValue(CommonMethodsAndUtilities.java:207)
at CommonMethodsAndUtilities.CommonMethodsAndUtilities.getRandomValue(CommonMethodsAndUtilities.java:207)
at CommonMethodsAndUtilities.CommonMethodsAndUtilities.getRandomValue(CommonMethodsAndUtilities.java:207)
at CommonMethodsAndUtilities.CommonMethodsAndUtilities.getRandomValue(CommonMethodsAndUtilities.java:207)
at CommonMethodsAndUtilities.CommonMethodsAndUtilities.getRandomValue(CommonMethodsAndUtilities.java:207)
at CommonMethodsAndUtilities.CommonMethodsAndUtilities.getRandomValue(CommonMethodsAndUtilities.java:207)
at CommonMethodsAndUtilities.CommonMethodsAndUtilities.getRandomValue(CommonMethodsAndUtilities.java:207)
at CommonMethodsAndUtilities.CommonMethodsAndUtilities.getRandomValue(CommonMethodsAndUtilities.java:207)
at CommonMethodsAndUtilities.CommonMethodsAndUtilities.getRandomValue(CommonMethodsAndUtilities.java:207)
at CommonMethodsAndUtilities.CommonMethodsAndUtilities.getRandomValue(CommonMethodsAndUtilities.java:207)
at CommonMethodsAndUtilities.CommonMethodsAndUtilities.getRandomValue(CommonMethodsAndUtilities.java:207)
at CommonMethodsAndUtilities.CommonMethodsAndUtilities.getRandomValue(CommonMethodsAndUtilities.java:207)
at CommonMethodsAndUtilities.CommonMethodsAndUtilities.getRandomValue(CommonMethodsAndUtilities.java:207)
at CommonMethodsAndUtilities.CommonMethodsAndUtilities.getRandomValue(CommonMethodsAndUtilities.java:207)
at CommonMethodsAndUtilities.CommonMethodsAndUtilities.getRandomValue(CommonMethodsAndUtilities.java:207)
at CommonMethodsAndUtilities.CommonMethodsAndUtilities.getRandomValue(CommonMethodsAndUtilities.java:207)
at CommonMethodsAndUtilities.CommonMethodsAndUtilities.getRandomValue(CommonMethodsAndUtilities.java:207)
at CommonMethodsAndUtilities.CommonMethodsAndUtilities.getRandomValue(CommonMethodsAndUtilities.java:207)
at CommonMethodsAndUtilities.CommonMethodsAndUtilities.getRandomValue(CommonMethodsAndUtilities.java:207)
at CommonMethodsAndUtilities.CommonMethodsAndUtilities.getRandomValue(CommonMethodsAndUtilities.java:207)
at CommonMethodsAndUtilities.CommonMethodsAndUtilities.getRandomValue(CommonMethodsAndUtilities.java:207)
at CommonMethodsAndUtilities.CommonMethodsAndUtilities.getRandomValue(CommonMethodsAndUtilities.java:207)
at CommonMethodsAndUtilities.CommonMethodsAndUtilities.getRandomValue(CommonMethodsAndUtilities.java:207)
at CommonMethodsAndUtilities.CommonMethodsAndUtilities.getRandomValue(CommonMethodsAndUtilities.java:207)
at CommonMethodsAndUtilities.CommonMethodsAndUtilities.getRandomValue(CommonMethodsAndUtilities.java:207)
at CommonMethodsAndUtilities.CommonMethodsAndUtilities.getRandomValue(CommonMethodsAndUtilities.java:207)
at CommonMethodsAndUtilities.CommonMethodsAndUtilities.getRandomValue(CommonMethodsAndUtilities.java:207)
at CommonMethodsAndUtilities.CommonMethodsAndUtilities.getRandomValue(CommonMethodsAndUtilities.java:207)
at CommonMethodsAndUtilities.CommonMethodsAndUtilities.getRandomValue(CommonMethodsAndUtilities.java:207)
at CommonMethodsAndUtilities.CommonMethodsAndUtilities.getRandomValue(CommonMethodsAndUtilities.java:207)
at CommonMethodsAndUtilities.CommonMethodsAndUtilities.getRandomValue(CommonMethodsAndUtilities.java:207)
at CommonMethodsAndUtilities.CommonMethodsAndUtilities.getRandomValue(CommonMethodsAndUtilities.java:207)
at CommonMethodsAndUtilities.CommonMethodsAndUtilities.getRandomValue(CommonMethodsAndUtilities.java:207)
at CommonMethodsAndUtilities.CommonMethodsAndUtilities.getRandomValue(CommonMethodsAndUtilities.java:207)
at CommonMethodsAndUtilities.CommonMethodsAndUtilities.getRandomValue(CommonMethodsAndUtilities.java:207)
at CommonMethodsAndUtilities.CommonMethodsAndUtilities.getRandomValue(CommonMethodsAndUtilities.java:207)
at CommonMethodsAndUtilities.CommonMethodsAndUtilities.getRandomValue(CommonMethodsAndUtilities.java:207)
at CommonMethodsAndUtilities.CommonMethodsAndUtilities.getRandomValue(CommonMethodsAndUtilities.java:207)
at CommonMethodsAndUtilities.CommonMethodsAndUtilities.getRandomValue(CommonMethodsAndUtilities.java:207)
at CommonMethodsAndUtilities.CommonMethodsAndUtilities.getRandomValue(CommonMethodsAndUtilities.java:207)
at CommonMethodsAndUtilities.CommonMethodsAndUtilities.getRandomValue(CommonMethodsAndUtilities.java:207)
at CommonMethodsAndUtilities.CommonMethodsAndUtilities.getRandomValue(CommonMethodsAndUtilities.java:207)
at CommonMethodsAndUtilities.CommonMethodsAndUtilities.getRandomValue(CommonMethodsAndUtilities.java:207)
at CommonMethodsAndUtilities.CommonMethodsAndUtilities.getRandomValue(CommonMethodsAndUtilities.java:207)
at CommonMethodsAndUtilities.CommonMethodsAndUtilities.getRandomValue(CommonMethodsAndUtilities.java:207)
at CommonMethodsAndUtilities.CommonMethodsAndUtilities.getRandomValue(CommonMethodsAndUtilities.java:207)
at CommonMethodsAndUtilities.CommonMethodsAndUtilities.getRandomValue(CommonMethodsAndUtilities.java:207)
at CommonMethodsAndUtilities.CommonMethodsAndUtilities.getRandomValue(CommonMethodsAndUtilities.java:207)
at CommonMethodsAndUtilities.CommonMethodsAndUtilities.getRandomValue(CommonMethodsAndUtilities.java:207)
at CommonMethodsAndUtilities.CommonMethodsAndUtilities.getRandomValue(CommonMethodsAndUtilities.java:207)
at CommonMethodsAndUtilities.CommonMethodsAndUtilities.getRandomValue(CommonMethodsAndUtilities.java:207)
at CommonMethodsAndUtilities.CommonMethodsAndUtilities.getRandomValue(CommonMethodsAndUtilities.java:207)
at CommonMethodsAndUtilities.CommonMethodsAndUtilities.getRandomValue(CommonMethodsAndUtilities.java:207)
at CommonMethodsAndUtilities.CommonMethodsAndUtilities.getRandomValue(CommonMethodsAndUtilities.java:207)
at CommonMethodsAndUtilities.CommonMethodsAndUtilities.getRandomValue(CommonMethodsAndUtilities.java:207)
at CommonMethodsAndUtilities.CommonMethodsAndUtilities.getRandomValue(CommonMethodsAndUtilities.java:207)
at CommonMethodsAndUtilities.CommonMethodsAndUtilities.getRandomValue(CommonMethodsAndUtilities.java:207)
at CommonMethodsAndUtilities.CommonMethodsAndUtilities.getRandomValue(CommonMethodsAndUtilities.java:207)
at CommonMethodsAndUtilities.CommonMethodsAndUtilities.getRandomValue(CommonMethodsAndUtilities.java:207)
at CommonMethodsAndUtilities.CommonMethodsAndUtilities.getRandomValue(CommonMethodsAndUtilities.java:207)
at CommonMethodsAndUtilities.CommonMethodsAndUtilities.getRandomValue(CommonMethodsAndUtilities.java:207)
at CommonMethodsAndUtilities.CommonMethodsAndUtilities.getRandomValue(CommonMethodsAndUtilities.java:207)
at CommonMethodsAndUtilities.CommonMethodsAndUtilities.getRandomValue(CommonMethodsAndUtilities.java:207)
at CommonMethodsAndUtilities.CommonMethodsAndUtilities.getRandomValue(CommonMethodsAndUtilities.java:207)
at CommonMethodsAndUtilities.CommonMethodsAndUtilities.getRandomValue(CommonMethodsAndUtilities.java:207)
at CommonMethodsAndUtilities.CommonMethodsAndUtilities.getRandomValue(CommonMethodsAndUtilities.java:207)
at CommonMethodsAndUtilities.CommonMethodsAndUtilities.getRandomValue(CommonMethodsAndUtilities.java:207)
at CommonMethodsAndUtilities.CommonMethodsAndUtilities.getRandomValue(CommonMethodsAndUtilities.java:207)
at CommonMethodsAndUtilities.CommonMethodsAndUtilities.getRandomValue(CommonMethodsAndUtilities.java:207)
at CommonMethodsAndUtilities.CommonMethodsAndUtilities.getRandomValue(CommonMethodsAndUtilities.java:207)
at CommonMethodsAndUtilities.CommonMethodsAndUtilities.getRandomValue(CommonMethodsAndUtilities.java:207)
at CommonMethodsAndUtilities.CommonMethodsAndUtilities.getRandomValue(CommonMethodsAndUtilities.java:207)
at CommonMethodsAndUtilities.CommonMethodsAndUtilities.getRandomValue(CommonMethodsAndUtilities.java:207)
at CommonMethodsAndUtilities.CommonMethodsAndUtilities.getRandomValue(CommonMethodsAndUtilities.java:207)
at CommonMethodsAndUtilities.CommonMethodsAndUtilities.getRandomValue(CommonMethodsAndUtilities.java:207)
at CommonMethodsAndUtilities.CommonMethodsAndUtilities.getRandomValue(CommonMethodsAndUtilities.java:207)
at CommonMethodsAndUtilities.CommonMethodsAndUtilities.getRandomValue(CommonMethodsAndUtilities.java:207)
at CommonMethodsAndUtilities.CommonMethodsAndUtilities.getRandomValue(CommonMethodsAndUtilities.java:207)
at CommonMethodsAndUtilities.CommonMethodsAndUtilities.getRandomValue(CommonMethodsAndUtilities.java:207)
at CommonMethodsAndUtilities.CommonMethodsAndUtilities.getRandomValue(CommonMethodsAndUtilities.java:207)
at CommonMethodsAndUtilities.CommonMethodsAndUtilities.getRandomValue(CommonMethodsAndUtilities.java:207)
at CommonMethodsAndUtilities.CommonMethodsAndUtilities.getRandomValue(CommonMethodsAndUtilities.java:207)
at CommonMethodsAndUtilities.CommonMethodsAndUtilities.getRandomValue(CommonMethodsAndUtilities.java:207)
at CommonMethodsAndUtilities.CommonMethodsAndUtilities.getRandomValue(CommonMethodsAndUtilities.java:207)
at CommonMethodsAndUtilities.CommonMethodsAndUtilities.getRandomValue(CommonMethodsAndUtilities.java:207)
at CommonMethodsAndUtilities.CommonMethodsAndUtilities.getRandomValue(CommonMethodsAndUtilities.java:207)
at CommonMethodsAndUtilities.CommonMethodsAndUtilities.getRandomValue(CommonMethodsAndUtilities.java:207)
at CommonMethodsAndUtilities.CommonMethodsAndUtilities.getRandomValue(CommonMethodsAndUtilities.java:207)
at CommonMethodsAndUtilities.CommonMethodsAndUtilities.getRandomValue(CommonMethodsAndUtilities.java:207)
at CommonMethodsAndUtilities.CommonMethodsAndUtilities.getRandomValue(CommonMethodsAndUtilities.java:207)
at CommonMethodsAndUtilities.CommonMethodsAndUtilities.getRandomValue(CommonMethodsAndUtilities.java:207)
at CommonMethodsAndUtilities.CommonMethodsAndUtilities.getRandomValue(CommonMethodsAndUtilities.java:207)
at CommonMethodsAndUtilities.CommonMethodsAndUtilities.getRandomValue(CommonMethodsAndUtilities.java:207)
at CommonMethodsAndUtilities.CommonMethodsAndUtilities.getRandomValue(CommonMethodsAndUtilities.java:207)
at CommonMethodsAndUtilities.CommonMethodsAndUtilities.getRandomValue(CommonMethodsAndUtilities.java:207)
at CommonMethodsAndUtilities.CommonMethodsAndUtilities.getRandomValue(CommonMethodsAndUtilities.java:207)
at CommonMethodsAndUtilities.CommonMethodsAndUtilities.getRandomValue(CommonMethodsAndUtilities.java:207)
at CommonMethodsAndUtilities.CommonMethodsAndUtilities.getRandomValue(CommonMethodsAndUtilities.java:207)
at CommonMethodsAndUtilities.CommonMethodsAndUtilities.getRandomValue(CommonMethodsAndUtilities.java:207)
at CommonMethodsAndUtilities.CommonMethodsAndUtilities.getRandomValue(CommonMethodsAndUtilities.java:207)
at CommonMethodsAndUtilities.CommonMethodsAndUtilities.getRandomValue(CommonMethodsAndUtilities.java:207)
at CommonMethodsAndUtilities.CommonMethodsAndUtilities.getRandomValue(CommonMethodsAndUtilities.java:207)
at CommonMethodsAndUtilities.CommonMethodsAndUtilities.getRandomValue(CommonMethodsAndUtilities.java:207)
at CommonMethodsAndUtilities.CommonMethodsAndUtilities.getRandomValue(CommonMethodsAndUtilities.java:207)
at CommonMethodsAndUtilities.CommonMethodsAndUtilities.getRandomValue(CommonMethodsAndUtilities.java:207)
at CommonMethodsAndUtilities.CommonMethodsAndUtilities.getRandomValue(CommonMethodsAndUtilities.java:207)
at CommonMethodsAndUtilities.CommonMethodsAndUtilities.getRandomValue(CommonMethodsAndUtilities.java:207)
at CommonMethodsAndUtilities.CommonMethodsAndUtilities.getRandomValue(CommonMethodsAndUtilities.java:207)
at CommonMethodsAndUtilities.CommonMethodsAndUtilities.getRandomValue(CommonMethodsAndUtilities.java:207)
at CommonMethodsAndUtilities.CommonMethodsAndUtilities.getRandomValue(CommonMethodsAndUtilities.java:207)
at CommonMethodsAndUtilities.CommonMethodsAndUtilities.getRandomValue(CommonMethodsAndUtilities.java:207)
at CommonMethodsAndUtilities.CommonMethodsAndUtilities.getRandomValue(CommonMethodsAndUtilities.java:207)
at CommonMethodsAndUtilities.CommonMethodsAndUtilities.getRandomValue(CommonMethodsAndUtilities.java:207)
at CommonMethodsAndUtilities.CommonMethodsAndUtilities.getRandomValue(CommonMethodsAndUtilities.java:207)
at CommonMethodsAndUtilities.CommonMethodsAndUtilities.getRandomValue(CommonMethodsAndUtilities.java:207)
at CommonMethodsAndUtilities.CommonMethodsAndUtilities.getRandomValue(CommonMethodsAndUtilities.java:207)
at CommonMethodsAndUtilities.CommonMethodsAndUtilities.getRandomValue(CommonMethodsAndUtilities.java:207)
at CommonMethodsAndUtilities.CommonMethodsAndUtilities.getRandomValue(CommonMethodsAndUtilities.java:207)
at CommonMethodsAndUtilities.CommonMethodsAndUtilities.getRandomValue(CommonMethodsAndUtilities.java:207)
at CommonMethodsAndUtilities.CommonMethodsAndUtilities.getRandomValue(CommonMethodsAndUtilities.java:207)
at CommonMethodsAndUtilities.CommonMethodsAndUtilities.getRandomValue(CommonMethodsAndUtilities.java:207)
at CommonMethodsAndUtilities.CommonMethodsAndUtilities.getRandomValue(CommonMethodsAndUtilities.java:207)
at CommonMethodsAndUtilities.CommonMethodsAndUtilities.getRandomValue(CommonMethodsAndUtilities.java:207)
at CommonMethodsAndUtilities.CommonMethodsAndUtilities.getRandomValue(CommonMethodsAndUtilities.java:207)
at CommonMethodsAndUtilities.CommonMethodsAndUtilities.getRandomValue(CommonMethodsAndUtilities.java:207)
at CommonMethodsAndUtilities.CommonMethodsAndUtilities.getRandomValue(CommonMethodsAndUtilities.java:207)
at CommonMethodsAndUtilities.CommonMethodsAndUtilities.getRandomValue(CommonMethodsAndUtilities.java:207)
at CommonMethodsAndUtilities.CommonMethodsAndUtilities.getRandomValue(CommonMethodsAndUtilities.java:207)
at CommonMethodsAndUtilities.CommonMethodsAndUtilities.getRandomValue(CommonMethodsAndUtilities.java:207)
at CommonMethodsAndUtilities.CommonMethodsAndUtilities.getRandomValue(CommonMethodsAndUtilities.java:207)
at CommonMethodsAndUtilities.CommonMethodsAndUtilities.getRandomValue(CommonMethodsAndUtilities.java:207)
at CommonMethodsAndUtilities.CommonMethodsAndUtilities.getRandomValue(CommonMethodsAndUtilities.java:207)
at CommonMethodsAndUtilities.CommonMethodsAndUtilities.getRandomValue(CommonMethodsAndUtilities.java:207)
at CommonMethodsAndUtilities.CommonMethodsAndUtilities.getRandomValue(CommonMethodsAndUtilities.java:207)
at CommonMethodsAndUtilities.CommonMethodsAndUtilities.getRandomValue(CommonMethodsAndUtilities.java:207)
at CommonMethodsAndUtilities.CommonMethodsAndUtilities.getRandomValue(CommonMethodsAndUtilities.java:207)
at CommonMethodsAndUtilities.CommonMethodsAndUtilities.getRandomValue(CommonMethodsAndUtilities.java:207)
at CommonMethodsAndUtilities.CommonMethodsAndUtilities.getRandomValue(CommonMethodsAndUtilities.java:207)
at CommonMethodsAndUtilities.CommonMethodsAndUtilities.getRandomValue(CommonMethodsAndUtilities.java:207)
at CommonMethodsAndUtilities.CommonMethodsAndUtilities.getRandomValue(CommonMethodsAndUtilities.java:207)
at CommonMethodsAndUtilities.CommonMethodsAndUtilities.getRandomValue(CommonMethodsAndUtilities.java:207)
at CommonMethodsAndUtilities.CommonMethodsAndUtilities.getRandomValue(CommonMethodsAndUtilities.java:207)
at CommonMethodsAndUtilities.CommonMethodsAndUtilities.getRandomValue(CommonMethodsAndUtilities.java:207)
at CommonMethodsAndUtilities.CommonMethodsAndUtilities.getRandomValue(CommonMethodsAndUtilities.java:207)
at CommonMethodsAndUtilities.CommonMethodsAndUtilities.getRandomValue(CommonMethodsAndUtilities.java:207)
at CommonMethodsAndUtilities.CommonMethodsAndUtilities.getRandomValue(CommonMethodsAndUtilities.java:207)
at CommonMethodsAndUtilities.CommonMethodsAndUtilities.getRandomValue(CommonMethodsAndUtilities.java:207)
at CommonMethodsAndUtilities.CommonMethodsAndUtilities.getRandomValue(CommonMethodsAndUtilities.java:207)
at CommonMethodsAndUtilities.CommonMethodsAndUtilities.getRandomValue(CommonMethodsAndUtilities.java:207)
at CommonMethodsAndUtilities.CommonMethodsAndUtilities.getRandomValue(CommonMethodsAndUtilities.java:207)
at CommonMethodsAndUtilities.CommonMethodsAndUtilities.getRandomValue(CommonMethodsAndUtilities.java:207)
at CommonMethodsAndUtilities.CommonMethodsAndUtilities.getRandomValue(CommonMethodsAndUtilities.java:207)
at CommonMethodsAndUtilities.CommonMethodsAndUtilities.getRandomValue(CommonMethodsAndUtilities.java:207)
at CommonMethodsAndUtilities.CommonMethodsAndUtilities.getRandomValue(CommonMethodsAndUtilities.java:207)
at CommonMethodsAndUtilities.CommonMethodsAndUtilities.getRandomValue(CommonMethodsAndUtilities.java:207)
at CommonMethodsAndUtilities.CommonMethodsAndUtilities.getRandomValue(CommonMethodsAndUtilities.java:207)
at CommonMethodsAndUtilities.CommonMethodsAndUtilities.getRandomValue(CommonMethodsAndUtilities.java:207)
at CommonMethodsAndUtilities.CommonMethodsAndUtilities.getRandomValue(CommonMethodsAndUtilities.java:207)
at CommonMethodsAndUtilities.CommonMethodsAndUtilities.getRandomValue(CommonMethodsAndUtilities.java:207)
at CommonMethodsAndUtilities.CommonMethodsAndUtilities.getRandomValue(CommonMethodsAndUtilities.java:207)
at CommonMethodsAndUtilities.CommonMethodsAndUtilities.getRandomValue(CommonMethodsAndUtilities.java:207)
at CommonMethodsAndUtilities.CommonMethodsAndUtilities.getRandomValue(CommonMethodsAndUtilities.java:207)
at CommonMethodsAndUtilities.CommonMethodsAndUtilities.getRandomValue(CommonMethodsAndUtilities.java:207)
at CommonMethodsAndUtilities.CommonMethodsAndUtilities.getRandomValue(CommonMethodsAndUtilities.java:207)
at CommonMethodsAndUtilities.CommonMethodsAndUtilities.getRandomValue(CommonMethodsAndUtilities.java:207)
at CommonMethodsAndUtilities.CommonMethodsAndUtilities.getRandomValue(CommonMethodsAndUtilities.java:207)
at CommonMethodsAndUtilities.CommonMethodsAndUtilities.getRandomValue(CommonMethodsAndUtilities.java:207)
at CommonMethodsAndUtilities.CommonMethodsAndUtilities.getRandomValue(CommonMethodsAndUtilities.java:207)
at CommonMethodsAndUtilities.CommonMethodsAndUtilities.getRandomValue(CommonMethodsAndUtilities.java:207)
at CommonMethodsAndUtilities.CommonMethodsAndUtilities.getRandomValue(CommonMethodsAndUtilities.java:207)
at CommonMethodsAndUtilities.CommonMethodsAndUtilities.getRandomValue(CommonMethodsAndUtilities.java:207)
at CommonMethodsAndUtilities.CommonMethodsAndUtilities.getRandomValue(CommonMethodsAndUtilities.java:207)
at CommonMethodsAndUtilities.CommonMethodsAndUtilities.getRandomValue(CommonMethodsAndUtilities.java:207)
at CommonMethodsAndUtilities.CommonMethodsAndUtilities.getRandomValue(CommonMethodsAndUtilities.java:207)
at CommonMethodsAndUtilities.CommonMethodsAndUtilities.getRandomValue(CommonMethodsAndUtilities.java:207)
at CommonMethodsAndUtilities.CommonMethodsAndUtilities.getRandomValue(CommonMethodsAndUtilities.java:207)
at CommonMethodsAndUtilities.CommonMethodsAndUtilities.getRandomValue(CommonMethodsAndUtilities.java:207)
at CommonMethodsAndUtilities.CommonMethodsAndUtilities.getRandomValue(CommonMethodsAndUtilities.java:207)
at CommonMethodsAndUtilities.CommonMethodsAndUtilities.getRandomValue(CommonMethodsAndUtilities.java:207)
at CommonMethodsAndUtilities.CommonMethodsAndUtilities.getRandomValue(CommonMethodsAndUtilities.java:207)
at CommonMethodsAndUtilities.CommonMethodsAndUtilities.getRandomValue(CommonMethodsAndUtilities.java:207)
at CommonMethodsAndUtilities.CommonMethodsAndUtilities.getRandomValue(CommonMethodsAndUtilities.java:207)
at CommonMethodsAndUtilities.CommonMethodsAndUtilities.getRandomValue(CommonMethodsAndUtilities.java:207)
at CommonMethodsAndUtilities.CommonMethodsAndUtilities.getRandomValue(CommonMethodsAndUtilities.java:207)
at CommonMethodsAndUtilities.CommonMethodsAndUtilities.getRandomValue(CommonMethodsAndUtilities.java:207)
at CommonMethodsAndUtilities.CommonMethodsAndUtilities.getRandomValue(CommonMethodsAndUtilities.java:207)
at CommonMethodsAndUtilities.CommonMethodsAndUtilities.getRandomValue(CommonMethodsAndUtilities.java:207)
at CommonMethodsAndUtilities.CommonMethodsAndUtilities.getRandomValue(CommonMethodsAndUtilities.java:207)
at CommonMethodsAndUtilities.CommonMethodsAndUtilities.getRandomValue(CommonMethodsAndUtilities.java:207)
at CommonMethodsAndUtilities.CommonMethodsAndUtilities.getRandomValue(CommonMethodsAndUtilities.java:207)
at CommonMethodsAndUtilities.CommonMethodsAndUtilities.getRandomValue(CommonMethodsAndUtilities.java:207)
at CommonMethodsAndUtilities.CommonMethodsAndUtilities.getRandomValue(CommonMethodsAndUtilities.java:207)
at CommonMethodsAndUtilities.CommonMethodsAndUtilities.getRandomValue(CommonMethodsAndUtilities.java:207)
at CommonMethodsAndUtilities.CommonMethodsAndUtilities.getRandomValue(CommonMethodsAndUtilities.java:207)
]]>
    </error>
    <system-out>
      <![CDATA[The details are logged in a file
The first product name is: Sauce Labs Backpack
The first product price is: $29.99]]>
    </system-out>
  </testcase> <!-- assertPerformanceUser -->
  <testcase classname="ApplicationTests.E2ETests" name="assertErrorUser" time="0.673">
    <system-out>
      <![CDATA[The details are logged in a file
The first product name is: Sauce Labs Backpack
The first product price is: $29.99]]>
    </system-out>
  </testcase> <!-- assertErrorUser -->
  <testcase classname="ApplicationTests.E2ETests" name="assertErrorUser" time="0.694">
    <system-out>
      <![CDATA[The details are logged in a file
The first product name is: Sauce Labs Backpack
The first product price is: $29.99]]>
    </system-out>
  </testcase> <!-- assertErrorUser -->
  <testcase classname="ApplicationTests.E2ETests" name="assertPerformanceUser" time="5.549">
    <error type="java.lang.StackOverflowError">
      <![CDATA[java.lang.StackOverflowError
at CommonMethodsAndUtilities.CommonMethodsAndUtilities.getRandomValue(CommonMethodsAndUtilities.java:207)
at CommonMethodsAndUtilities.CommonMethodsAndUtilities.getRandomValue(CommonMethodsAndUtilities.java:207)
at CommonMethodsAndUtilities.CommonMethodsAndUtilities.getRandomValue(CommonMethodsAndUtilities.java:207)
at CommonMethodsAndUtilities.CommonMethodsAndUtilities.getRandomValue(CommonMethodsAndUtilities.java:207)
at CommonMethodsAndUtilities.CommonMethodsAndUtilities.getRandomValue(CommonMethodsAndUtilities.java:207)
at CommonMethodsAndUtilities.CommonMethodsAndUtilities.getRandomValue(CommonMethodsAndUtilities.java:207)
at CommonMethodsAndUtilities.CommonMethodsAndUtilities.getRandomValue(CommonMethodsAndUtilities.java:207)
at CommonMethodsAndUtilities.CommonMethodsAndUtilities.getRandomValue(CommonMethodsAndUtilities.java:207)
at CommonMethodsAndUtilities.CommonMethodsAndUtilities.getRandomValue(CommonMethodsAndUtilities.java:207)
at CommonMethodsAndUtilities.CommonMethodsAndUtilities.getRandomValue(CommonMethodsAndUtilities.java:207)
at CommonMethodsAndUtilities.CommonMethodsAndUtilities.getRandomValue(CommonMethodsAndUtilities.java:207)
at CommonMethodsAndUtilities.CommonMethodsAndUtilities.getRandomValue(CommonMethodsAndUtilities.java:207)
at CommonMethodsAndUtilities.CommonMethodsAndUtilities.getRandomValue(CommonMethodsAndUtilities.java:207)
at CommonMethodsAndUtilities.CommonMethodsAndUtilities.getRandomValue(CommonMethodsAndUtilities.java:207)
at CommonMethodsAndUtilities.CommonMethodsAndUtilities.getRandomValue(CommonMethodsAndUtilities.java:207)
at CommonMethodsAndUtilities.CommonMethodsAndUtilities.getRandomValue(CommonMethodsAndUtilities.java:207)
at CommonMethodsAndUtilities.CommonMethodsAndUtilities.getRandomValue(CommonMethodsAndUtilities.java:207)
at CommonMethodsAndUtilities.CommonMethodsAndUtilities.getRandomValue(CommonMethodsAndUtilities.java:207)
at CommonMethodsAndUtilities.CommonMethodsAndUtilities.getRandomValue(CommonMethodsAndUtilities.java:207)
at CommonMethodsAndUtilities.CommonMethodsAndUtilities.getRandomValue(CommonMethodsAndUtilities.java:207)
at CommonMethodsAndUtilities.CommonMethodsAndUtilities.getRandomValue(CommonMethodsAndUtilities.java:207)
at CommonMethodsAndUtilities.CommonMethodsAndUtilities.getRandomValue(CommonMethodsAndUtilities.java:207)
at CommonMethodsAndUtilities.CommonMethodsAndUtilities.getRandomValue(CommonMethodsAndUtilities.java:207)
at CommonMethodsAndUtilities.CommonMethodsAndUtilities.getRandomValue(CommonMethodsAndUtilities.java:207)
at CommonMethodsAndUtilities.CommonMethodsAndUtilities.getRandomValue(CommonMethodsAndUtilities.java:207)
at CommonMethodsAndUtilities.CommonMethodsAndUtilities.getRandomValue(CommonMethodsAndUtilities.java:207)
at CommonMethodsAndUtilities.CommonMethodsAndUtilities.getRandomValue(CommonMethodsAndUtilities.java:207)
at CommonMethodsAndUtilities.CommonMethodsAndUtilities.getRandomValue(CommonMethodsAndUtilities.java:207)
at CommonMethodsAndUtilities.CommonMethodsAndUtilities.getRandomValue(CommonMethodsAndUtilities.java:207)
at CommonMethodsAndUtilities.CommonMethodsAndUtilities.getRandomValue(CommonMethodsAndUtilities.java:207)
at CommonMethodsAndUtilities.CommonMethodsAndUtilities.getRandomValue(CommonMethodsAndUtilities.java:207)
at CommonMethodsAndUtilities.CommonMethodsAndUtilities.getRandomValue(CommonMethodsAndUtilities.java:207)
at CommonMethodsAndUtilities.CommonMethodsAndUtilities.getRandomValue(CommonMethodsAndUtilities.java:207)
at CommonMethodsAndUtilities.CommonMethodsAndUtilities.getRandomValue(CommonMethodsAndUtilities.java:207)
at CommonMethodsAndUtilities.CommonMethodsAndUtilities.getRandomValue(CommonMethodsAndUtilities.java:207)
at CommonMethodsAndUtilities.CommonMethodsAndUtilities.getRandomValue(CommonMethodsAndUtilities.java:207)
at CommonMethodsAndUtilities.CommonMethodsAndUtilities.getRandomValue(CommonMethodsAndUtilities.java:207)
at CommonMethodsAndUtilities.CommonMethodsAndUtilities.getRandomValue(CommonMethodsAndUtilities.java:207)
at CommonMethodsAndUtilities.CommonMethodsAndUtilities.getRandomValue(CommonMethodsAndUtilities.java:207)
at CommonMethodsAndUtilities.CommonMethodsAndUtilities.getRandomValue(CommonMethodsAndUtilities.java:207)
at CommonMethodsAndUtilities.CommonMethodsAndUtilities.getRandomValue(CommonMethodsAndUtilities.java:207)
at CommonMethodsAndUtilities.CommonMethodsAndUtilities.getRandomValue(CommonMethodsAndUtilities.java:207)
at CommonMethodsAndUtilities.CommonMethodsAndUtilities.getRandomValue(CommonMethodsAndUtilities.java:207)
at CommonMethodsAndUtilities.CommonMethodsAndUtilities.getRandomValue(CommonMethodsAndUtilities.java:207)
at CommonMethodsAndUtilities.CommonMethodsAndUtilities.getRandomValue(CommonMethodsAndUtilities.java:207)
at CommonMethodsAndUtilities.CommonMethodsAndUtilities.getRandomValue(CommonMethodsAndUtilities.java:207)
at CommonMethodsAndUtilities.CommonMethodsAndUtilities.getRandomValue(CommonMethodsAndUtilities.java:207)
at CommonMethodsAndUtilities.CommonMethodsAndUtilities.getRandomValue(CommonMethodsAndUtilities.java:207)
at CommonMethodsAndUtilities.CommonMethodsAndUtilities.getRandomValue(CommonMethodsAndUtilities.java:207)
at CommonMethodsAndUtilities.CommonMethodsAndUtilities.getRandomValue(CommonMethodsAndUtilities.java:207)
at CommonMethodsAndUtilities.CommonMethodsAndUtilities.getRandomValue(CommonMethodsAndUtilities.java:207)
at CommonMethodsAndUtilities.CommonMethodsAndUtilities.getRandomValue(CommonMethodsAndUtilities.java:207)
at CommonMethodsAndUtilities.CommonMethodsAndUtilities.getRandomValue(CommonMethodsAndUtilities.java:207)
at CommonMethodsAndUtilities.CommonMethodsAndUtilities.getRandomValue(CommonMethodsAndUtilities.java:207)
at CommonMethodsAndUtilities.CommonMethodsAndUtilities.getRandomValue(CommonMethodsAndUtilities.java:207)
at CommonMethodsAndUtilities.CommonMethodsAndUtilities.getRandomValue(CommonMethodsAndUtilities.java:207)
at CommonMethodsAndUtilities.CommonMethodsAndUtilities.getRandomValue(CommonMethodsAndUtilities.java:207)
at CommonMethodsAndUtilities.CommonMethodsAndUtilities.getRandomValue(CommonMethodsAndUtilities.java:207)
at CommonMethodsAndUtilities.CommonMethodsAndUtilities.getRandomValue(CommonMethodsAndUtilities.java:207)
at CommonMethodsAndUtilities.CommonMethodsAndUtilities.getRandomValue(CommonMethodsAndUtilities.java:207)
at CommonMethodsAndUtilities.CommonMethodsAndUtilities.getRandomValue(CommonMethodsAndUtilities.java:207)
at CommonMethodsAndUtilities.CommonMethodsAndUtilities.getRandomValue(CommonMethodsAndUtilities.java:207)
at CommonMethodsAndUtilities.CommonMethodsAndUtilities.getRandomValue(CommonMethodsAndUtilities.java:207)
at CommonMethodsAndUtilities.CommonMethodsAndUtilities.getRandomValue(CommonMethodsAndUtilities.java:207)
at CommonMethodsAndUtilities.CommonMethodsAndUtilities.getRandomValue(CommonMethodsAndUtilities.java:207)
at CommonMethodsAndUtilities.CommonMethodsAndUtilities.getRandomValue(CommonMethodsAndUtilities.java:207)
at CommonMethodsAndUtilities.CommonMethodsAndUtilities.getRandomValue(CommonMethodsAndUtilities.java:207)
at CommonMethodsAndUtilities.CommonMethodsAndUtilities.getRandomValue(CommonMethodsAndUtilities.java:207)
at CommonMethodsAndUtilities.CommonMethodsAndUtilities.getRandomValue(CommonMethodsAndUtilities.java:207)
at CommonMethodsAndUtilities.CommonMethodsAndUtilities.getRandomValue(CommonMethodsAndUtilities.java:207)
at CommonMethodsAndUtilities.CommonMethodsAndUtilities.getRandomValue(CommonMethodsAndUtilities.java:207)
at CommonMethodsAndUtilities.CommonMethodsAndUtilities.getRandomValue(CommonMethodsAndUtilities.java:207)
at CommonMethodsAndUtilities.CommonMethodsAndUtilities.getRandomValue(CommonMethodsAndUtilities.java:207)
at CommonMethodsAndUtilities.CommonMethodsAndUtilities.getRandomValue(CommonMethodsAndUtilities.java:207)
at CommonMethodsAndUtilities.CommonMethodsAndUtilities.getRandomValue(CommonMethodsAndUtilities.java:207)
at CommonMethodsAndUtilities.CommonMethodsAndUtilities.getRandomValue(CommonMethodsAndUtilities.java:207)
at CommonMethodsAndUtilities.CommonMethodsAndUtilities.getRandomValue(CommonMethodsAndUtilities.java:207)
at CommonMethodsAndUtilities.CommonMethodsAndUtilities.getRandomValue(CommonMethodsAndUtilities.java:207)
at CommonMethodsAndUtilities.CommonMethodsAndUtilities.getRandomValue(CommonMethodsAndUtilities.java:207)
at CommonMethodsAndUtilities.CommonMethodsAndUtilities.getRandomValue(CommonMethodsAndUtilities.java:207)
at CommonMethodsAndUtilities.CommonMethodsAndUtilities.getRandomValue(CommonMethodsAndUtilities.java:207)
at CommonMethodsAndUtilities.CommonMethodsAndUtilities.getRandomValue(CommonMethodsAndUtilities.java:207)
at CommonMethodsAndUtilities.CommonMethodsAndUtilities.getRandomValue(CommonMethodsAndUtilities.java:207)
at CommonMethodsAndUtilities.CommonMethodsAndUtilities.getRandomValue(CommonMethodsAndUtilities.java:207)
at CommonMethodsAndUtilities.CommonMethodsAndUtilities.getRandomValue(CommonMethodsAndUtilities.java:207)
at CommonMethodsAndUtilities.CommonMethodsAndUtilities.getRandomValue(CommonMethodsAndUtilities.java:207)
at CommonMethodsAndUtilities.CommonMethodsAndUtilities.getRandomValue(CommonMethodsAndUtilities.java:207)
at CommonMethodsAndUtilities.CommonMethodsAndUtilities.getRandomValue(CommonMethodsAndUtilities.java:207)
at CommonMethodsAndUtilities.CommonMethodsAndUtilities.getRandomValue(CommonMethodsAndUtilities.java:207)
at CommonMethodsAndUtilities.CommonMethodsAndUtilities.getRandomValue(CommonMethodsAndUtilities.java:207)
at CommonMethodsAndUtilities.CommonMethodsAndUtilities.getRandomValue(CommonMethodsAndUtilities.java:207)
at CommonMethodsAndUtilities.CommonMethodsAndUtilities.getRandomValue(CommonMethodsAndUtilities.java:207)
at CommonMethodsAndUtilities.CommonMethodsAndUtilities.getRandomValue(CommonMethodsAndUtilities.java:207)
at CommonMethodsAndUtilities.CommonMethodsAndUtilities.getRandomValue(CommonMethodsAndUtilities.java:207)
at CommonMethodsAndUtilities.CommonMethodsAndUtilities.getRandomValue(CommonMethodsAndUtilities.java:207)
at CommonMethodsAndUtilities.CommonMethodsAndUtilities.getRandomValue(CommonMethodsAndUtilities.java:207)
at CommonMethodsAndUtilities.CommonMethodsAndUtilities.getRandomValue(CommonMethodsAndUtilities.java:207)
at CommonMethodsAndUtilities.CommonMethodsAndUtilities.getRandomValue(CommonMethodsAndUtilities.java:207)
at CommonMethodsAndUtilities.CommonMethodsAndUtilities.getRandomValue(CommonMethodsAndUtilities.java:207)
at CommonMethodsAndUtilities.CommonMethodsAndUtilities.getRandomValue(CommonMethodsAndUtilities.java:207)
at CommonMethodsAndUtilities.CommonMethodsAndUtilities.getRandomValue(CommonMethodsAndUtilities.java:207)
at CommonMethodsAndUtilities.CommonMethodsAndUtilities.getRandomValue(CommonMethodsAndUtilities.java:207)
at CommonMethodsAndUtilities.CommonMethodsAndUtilities.getRandomValue(CommonMethodsAndUtilities.java:207)
at CommonMethodsAndUtilities.CommonMethodsAndUtilities.getRandomValue(CommonMethodsAndUtilities.java:207)
at CommonMethodsAndUtilities.CommonMethodsAndUtilities.getRandomValue(CommonMethodsAndUtilities.java:207)
at CommonMethodsAndUtilities.CommonMethodsAndUtilities.getRandomValue(CommonMethodsAndUtilities.java:207)
at CommonMethodsAndUtilities.CommonMethodsAndUtilities.getRandomValue(CommonMethodsAndUtilities.java:207)
at CommonMethodsAndUtilities.CommonMethodsAndUtilities.getRandomValue(CommonMethodsAndUtilities.java:207)
at CommonMethodsAndUtilities.CommonMethodsAndUtilities.getRandomValue(CommonMethodsAndUtilities.java:207)
at CommonMethodsAndUtilities.CommonMethodsAndUtilities.getRandomValue(CommonMethodsAndUtilities.java:207)
at CommonMethodsAndUtilities.CommonMethodsAndUtilities.getRandomValue(CommonMethodsAndUtilities.java:207)
at CommonMethodsAndUtilities.CommonMethodsAndUtilities.getRandomValue(CommonMethodsAndUtilities.java:207)
at CommonMethodsAndUtilities.CommonMethodsAndUtilities.getRandomValue(CommonMethodsAndUtilities.java:207)
at CommonMethodsAndUtilities.CommonMethodsAndUtilities.getRandomValue(CommonMethodsAndUtilities.java:207)
at CommonMethodsAndUtilities.CommonMethodsAndUtilities.getRandomValue(CommonMethodsAndUtilities.java:207)
at CommonMethodsAndUtilities.CommonMethodsAndUtilities.getRandomValue(CommonMethodsAndUtilities.java:207)
at CommonMethodsAndUtilities.CommonMethodsAndUtilities.getRandomValue(CommonMethodsAndUtilities.java:207)
at CommonMethodsAndUtilities.CommonMethodsAndUtilities.getRandomValue(CommonMethodsAndUtilities.java:207)
at CommonMethodsAndUtilities.CommonMethodsAndUtilities.getRandomValue(CommonMethodsAndUtilities.java:207)
at CommonMethodsAndUtilities.CommonMethodsAndUtilities.getRandomValue(CommonMethodsAndUtilities.java:207)
at CommonMethodsAndUtilities.CommonMethodsAndUtilities.getRandomValue(CommonMethodsAndUtilities.java:207)
at CommonMethodsAndUtilities.CommonMethodsAndUtilities.getRandomValue(CommonMethodsAndUtilities.java:207)
at CommonMethodsAndUtilities.CommonMethodsAndUtilities.getRandomValue(CommonMethodsAndUtilities.java:207)
at CommonMethodsAndUtilities.CommonMethodsAndUtilities.getRandomValue(CommonMethodsAndUtilities.java:207)
at CommonMethodsAndUtilities.CommonMethodsAndUtilities.getRandomValue(CommonMethodsAndUtilities.java:207)
at CommonMethodsAndUtilities.CommonMethodsAndUtilities.getRandomValue(CommonMethodsAndUtilities.java:207)
at CommonMethodsAndUtilities.CommonMethodsAndUtilities.getRandomValue(CommonMethodsAndUtilities.java:207)
at CommonMethodsAndUtilities.CommonMethodsAndUtilities.getRandomValue(CommonMethodsAndUtilities.java:207)
at CommonMethodsAndUtilities.CommonMethodsAndUtilities.getRandomValue(CommonMethodsAndUtilities.java:207)
at CommonMethodsAndUtilities.CommonMethodsAndUtilities.getRandomValue(CommonMethodsAndUtilities.java:207)
at CommonMethodsAndUtilities.CommonMethodsAndUtilities.getRandomValue(CommonMethodsAndUtilities.java:207)
at CommonMethodsAndUtilities.CommonMethodsAndUtilities.getRandomValue(CommonMethodsAndUtilities.java:207)
at CommonMethodsAndUtilities.CommonMethodsAndUtilities.getRandomValue(CommonMethodsAndUtilities.java:207)
at CommonMethodsAndUtilities.CommonMethodsAndUtilities.getRandomValue(CommonMethodsAndUtilities.java:207)
at CommonMethodsAndUtilities.CommonMethodsAndUtilities.getRandomValue(CommonMethodsAndUtilities.java:207)
at CommonMethodsAndUtilities.CommonMethodsAndUtilities.getRandomValue(CommonMethodsAndUtilities.java:207)
at CommonMethodsAndUtilities.CommonMethodsAndUtilities.getRandomValue(CommonMethodsAndUtilities.java:207)
at CommonMethodsAndUtilities.CommonMethodsAndUtilities.getRandomValue(CommonMethodsAndUtilities.java:207)
at CommonMethodsAndUtilities.CommonMethodsAndUtilities.getRandomValue(CommonMethodsAndUtilities.java:207)
at CommonMethodsAndUtilities.CommonMethodsAndUtilities.getRandomValue(CommonMethodsAndUtilities.java:207)
at CommonMethodsAndUtilities.CommonMethodsAndUtilities.getRandomValue(CommonMethodsAndUtilities.java:207)
at CommonMethodsAndUtilities.CommonMethodsAndUtilities.getRandomValue(CommonMethodsAndUtilities.java:207)
at CommonMethodsAndUtilities.CommonMethodsAndUtilities.getRandomValue(CommonMethodsAndUtilities.java:207)
at CommonMethodsAndUtilities.CommonMethodsAndUtilities.getRandomValue(CommonMethodsAndUtilities.java:207)
at CommonMethodsAndUtilities.CommonMethodsAndUtilities.getRandomValue(CommonMethodsAndUtilities.java:207)
at CommonMethodsAndUtilities.CommonMethodsAndUtilities.getRandomValue(CommonMethodsAndUtilities.java:207)
at CommonMethodsAndUtilities.CommonMethodsAndUtilities.getRandomValue(CommonMethodsAndUtilities.java:207)
at CommonMethodsAndUtilities.CommonMethodsAndUtilities.getRandomValue(CommonMethodsAndUtilities.java:207)
at CommonMethodsAndUtilities.CommonMethodsAndUtilities.getRandomValue(CommonMethodsAndUtilities.java:207)
at CommonMethodsAndUtilities.CommonMethodsAndUtilities.getRandomValue(CommonMethodsAndUtilities.java:207)
at CommonMethodsAndUtilities.CommonMethodsAndUtilities.getRandomValue(CommonMethodsAndUtilities.java:207)
at CommonMethodsAndUtilities.CommonMethodsAndUtilities.getRandomValue(CommonMethodsAndUtilities.java:207)
at CommonMethodsAndUtilities.CommonMethodsAndUtilities.getRandomValue(CommonMethodsAndUtilities.java:207)
at CommonMethodsAndUtilities.CommonMethodsAndUtilities.getRandomValue(CommonMethodsAndUtilities.java:207)
at CommonMethodsAndUtilities.CommonMethodsAndUtilities.getRandomValue(CommonMethodsAndUtilities.java:207)
at CommonMethodsAndUtilities.CommonMethodsAndUtilities.getRandomValue(CommonMethodsAndUtilities.java:207)
at CommonMethodsAndUtilities.CommonMethodsAndUtilities.getRandomValue(CommonMethodsAndUtilities.java:207)
at CommonMethodsAndUtilities.CommonMethodsAndUtilities.getRandomValue(CommonMethodsAndUtilities.java:207)
at CommonMethodsAndUtilities.CommonMethodsAndUtilities.getRandomValue(CommonMethodsAndUtilities.java:207)
at CommonMethodsAndUtilities.CommonMethodsAndUtilities.getRandomValue(CommonMethodsAndUtilities.java:207)
at CommonMethodsAndUtilities.CommonMethodsAndUtilities.getRandomValue(CommonMethodsAndUtilities.java:207)
at CommonMethodsAndUtilities.CommonMethodsAndUtilities.getRandomValue(CommonMethodsAndUtilities.java:207)
at CommonMethodsAndUtilities.CommonMethodsAndUtilities.getRandomValue(CommonMethodsAndUtilities.java:207)
at CommonMethodsAndUtilities.CommonMethodsAndUtilities.getRandomValue(CommonMethodsAndUtilities.java:207)
at CommonMethodsAndUtilities.CommonMethodsAndUtilities.getRandomValue(CommonMethodsAndUtilities.java:207)
at CommonMethodsAndUtilities.CommonMethodsAndUtilities.getRandomValue(CommonMethodsAndUtilities.java:207)
at CommonMethodsAndUtilities.CommonMethodsAndUtilities.getRandomValue(CommonMethodsAndUtilities.java:207)
at CommonMethodsAndUtilities.CommonMethodsAndUtilities.getRandomValue(CommonMethodsAndUtilities.java:207)
at CommonMethodsAndUtilities.CommonMethodsAndUtilities.getRandomValue(CommonMethodsAndUtilities.java:207)
at CommonMethodsAndUtilities.CommonMethodsAndUtilities.getRandomValue(CommonMethodsAndUtilities.java:207)
at CommonMethodsAndUtilities.CommonMethodsAndUtilities.getRandomValue(CommonMethodsAndUtilities.java:207)
at CommonMethodsAndUtilities.CommonMethodsAndUtilities.getRandomValue(CommonMethodsAndUtilities.java:207)
at CommonMethodsAndUtilities.CommonMethodsAndUtilities.getRandomValue(CommonMethodsAndUtilities.java:207)
at CommonMethodsAndUtilities.CommonMethodsAndUtilities.getRandomValue(CommonMethodsAndUtilities.java:207)
at CommonMethodsAndUtilities.CommonMethodsAndUtilities.getRandomValue(CommonMethodsAndUtilities.java:207)
at CommonMethodsAndUtilities.CommonMethodsAndUtilities.getRandomValue(CommonMethodsAndUtilities.java:207)
at CommonMethodsAndUtilities.CommonMethodsAndUtilities.getRandomValue(CommonMethodsAndUtilities.java:207)
at CommonMethodsAndUtilities.CommonMethodsAndUtilities.getRandomValue(CommonMethodsAndUtilities.java:207)
at CommonMethodsAndUtilities.CommonMethodsAndUtilities.getRandomValue(CommonMethodsAndUtilities.java:207)
at CommonMethodsAndUtilities.CommonMethodsAndUtilities.getRandomValue(CommonMethodsAndUtilities.java:207)
at CommonMethodsAndUtilities.CommonMethodsAndUtilities.getRandomValue(CommonMethodsAndUtilities.java:207)
at CommonMethodsAndUtilities.CommonMethodsAndUtilities.getRandomValue(CommonMethodsAndUtilities.java:207)
at CommonMethodsAndUtilities.CommonMethodsAndUtilities.getRandomValue(CommonMethodsAndUtilities.java:207)
at CommonMethodsAndUtilities.CommonMethodsAndUtilities.getRandomValue(CommonMethodsAndUtilities.java:207)
at CommonMethodsAndUtilities.CommonMethodsAndUtilities.getRandomValue(CommonMethodsAndUtilities.java:207)
at CommonMethodsAndUtilities.CommonMethodsAndUtilities.getRandomValue(CommonMethodsAndUtilities.java:207)
at CommonMethodsAndUtilities.CommonMethodsAndUtilities.getRandomValue(CommonMethodsAndUtilities.java:207)
at CommonMethodsAndUtilities.CommonMethodsAndUtilities.getRandomValue(CommonMethodsAndUtilities.java:207)
at CommonMethodsAndUtilities.CommonMethodsAndUtilities.getRandomValue(CommonMethodsAndUtilities.java:207)
at CommonMethodsAndUtilities.CommonMethodsAndUtilities.getRandomValue(CommonMethodsAndUtilities.java:207)
at CommonMethodsAndUtilities.CommonMethodsAndUtilities.getRandomValue(CommonMethodsAndUtilities.java:207)
at CommonMethodsAndUtilities.CommonMethodsAndUtilities.getRandomValue(CommonMethodsAndUtilities.java:207)
at CommonMethodsAndUtilities.CommonMethodsAndUtilities.getRandomValue(CommonMethodsAndUtilities.java:207)
at CommonMethodsAndUtilities.CommonMethodsAndUtilities.getRandomValue(CommonMethodsAndUtilities.java:207)
at CommonMethodsAndUtilities.CommonMethodsAndUtilities.getRandomValue(CommonMethodsAndUtilities.java:207)
at CommonMethodsAndUtilities.CommonMethodsAndUtilities.getRandomValue(CommonMethodsAndUtilities.java:207)
at CommonMethodsAndUtilities.CommonMethodsAndUtilities.getRandomValue(CommonMethodsAndUtilities.java:207)
at CommonMethodsAndUtilities.CommonMethodsAndUtilities.getRandomValue(CommonMethodsAndUtilities.java:207)
at CommonMethodsAndUtilities.CommonMethodsAndUtilities.getRandomValue(CommonMethodsAndUtilities.java:207)
at CommonMethodsAndUtilities.CommonMethodsAndUtilities.getRandomValue(CommonMethodsAndUtilities.java:207)
at CommonMethodsAndUtilities.CommonMethodsAndUtilities.getRandomValue(CommonMethodsAndUtilities.java:207)
at CommonMethodsAndUtilities.CommonMethodsAndUtilities.getRandomValue(CommonMethodsAndUtilities.java:207)
at CommonMethodsAndUtilities.CommonMethodsAndUtilities.getRandomValue(CommonMethodsAndUtilities.java:207)
at CommonMethodsAndUtilities.CommonMethodsAndUtilities.getRandomValue(CommonMethodsAndUtilities.java:207)
at CommonMethodsAndUtilities.CommonMethodsAndUtilities.getRandomValue(CommonMethodsAndUtilities.java:207)
at CommonMethodsAndUtilities.CommonMethodsAndUtilities.getRandomValue(CommonMethodsAndUtilities.java:207)
at CommonMethodsAndUtilities.CommonMethodsAndUtilities.getRandomValue(CommonMethodsAndUtilities.java:207)
at CommonMethodsAndUtilities.CommonMethodsAndUtilities.getRandomValue(CommonMethodsAndUtilities.java:207)
at CommonMethodsAndUtilities.CommonMethodsAndUtilities.getRandomValue(CommonMethodsAndUtilities.java:207)
at CommonMethodsAndUtilities.CommonMethodsAndUtilities.getRandomValue(CommonMethodsAndUtilities.java:207)
at CommonMethodsAndUtilities.CommonMethodsAndUtilities.getRandomValue(CommonMethodsAndUtilities.java:207)
at CommonMethodsAndUtilities.CommonMethodsAndUtilities.getRandomValue(CommonMethodsAndUtilities.java:207)
at CommonMethodsAndUtilities.CommonMethodsAndUtilities.getRandomValue(CommonMethodsAndUtilities.java:207)
at CommonMethodsAndUtilities.CommonMethodsAndUtilities.getRandomValue(CommonMethodsAndUtilities.java:207)
at CommonMethodsAndUtilities.CommonMethodsAndUtilities.getRandomValue(CommonMethodsAndUtilities.java:207)
at CommonMethodsAndUtilities.CommonMethodsAndUtilities.getRandomValue(CommonMethodsAndUtilities.java:207)
at CommonMethodsAndUtilities.CommonMethodsAndUtilities.getRandomValue(CommonMethodsAndUtilities.java:207)
at CommonMethodsAndUtilities.CommonMethodsAndUtilities.getRandomValue(CommonMethodsAndUtilities.java:207)
at CommonMethodsAndUtilities.CommonMethodsAndUtilities.getRandomValue(CommonMethodsAndUtilities.java:207)
at CommonMethodsAndUtilities.CommonMethodsAndUtilities.getRandomValue(CommonMethodsAndUtilities.java:207)
at CommonMethodsAndUtilities.CommonMethodsAndUtilities.getRandomValue(CommonMethodsAndUtilities.java:207)
at CommonMethodsAndUtilities.CommonMethodsAndUtilities.getRandomValue(CommonMethodsAndUtilities.java:207)
at CommonMethodsAndUtilities.CommonMethodsAndUtilities.getRandomValue(CommonMethodsAndUtilities.java:207)
at CommonMethodsAndUtilities.CommonMethodsAndUtilities.getRandomValue(CommonMethodsAndUtilities.java:207)
at CommonMethodsAndUtilities.CommonMethodsAndUtilities.getRandomValue(CommonMethodsAndUtilities.java:207)
at CommonMethodsAndUtilities.CommonMethodsAndUtilities.getRandomValue(CommonMethodsAndUtilities.java:207)
at CommonMethodsAndUtilities.CommonMethodsAndUtilities.getRandomValue(CommonMethodsAndUtilities.java:207)
at CommonMethodsAndUtilities.CommonMethodsAndUtilities.getRandomValue(CommonMethodsAndUtilities.java:207)
at CommonMethodsAndUtilities.CommonMethodsAndUtilities.getRandomValue(CommonMethodsAndUtilities.java:207)
at CommonMethodsAndUtilities.CommonMethodsAndUtilities.getRandomValue(CommonMethodsAndUtilities.java:207)
at CommonMethodsAndUtilities.CommonMethodsAndUtilities.getRandomValue(CommonMethodsAndUtilities.java:207)
at CommonMethodsAndUtilities.CommonMethodsAndUtilities.getRandomValue(CommonMethodsAndUtilities.java:207)
at CommonMethodsAndUtilities.CommonMethodsAndUtilities.getRandomValue(CommonMethodsAndUtilities.java:207)
at CommonMethodsAndUtilities.CommonMethodsAndUtilities.getRandomValue(CommonMethodsAndUtilities.java:207)
at CommonMethodsAndUtilities.CommonMethodsAndUtilities.getRandomValue(CommonMethodsAndUtilities.java:207)
at CommonMethodsAndUtilities.CommonMethodsAndUtilities.getRandomValue(CommonMethodsAndUtilities.java:207)
at CommonMethodsAndUtilities.CommonMethodsAndUtilities.getRandomValue(CommonMethodsAndUtilities.java:207)
at CommonMethodsAndUtilities.CommonMethodsAndUtilities.getRandomValue(CommonMethodsAndUtilities.java:207)
at CommonMethodsAndUtilities.CommonMethodsAndUtilities.getRandomValue(CommonMethodsAndUtilities.java:207)
at CommonMethodsAndUtilities.CommonMethodsAndUtilities.getRandomValue(CommonMethodsAndUtilities.java:207)
at CommonMethodsAndUtilities.CommonMethodsAndUtilities.getRandomValue(CommonMethodsAndUtilities.java:207)
at CommonMethodsAndUtilities.CommonMethodsAndUtilities.getRandomValue(CommonMethodsAndUtilities.java:207)
at CommonMethodsAndUtilities.CommonMethodsAndUtilities.getRandomValue(CommonMethodsAndUtilities.java:207)
at CommonMethodsAndUtilities.CommonMethodsAndUtilities.getRandomValue(CommonMethodsAndUtilities.java:207)
at CommonMethodsAndUtilities.CommonMethodsAndUtilities.getRandomValue(CommonMethodsAndUtilities.java:207)
at CommonMethodsAndUtilities.CommonMethodsAndUtilities.getRandomValue(CommonMethodsAndUtilities.java:207)
at CommonMethodsAndUtilities.CommonMethodsAndUtilities.getRandomValue(CommonMethodsAndUtilities.java:207)
at CommonMethodsAndUtilities.CommonMethodsAndUtilities.getRandomValue(CommonMethodsAndUtilities.java:207)
at CommonMethodsAndUtilities.CommonMethodsAndUtilities.getRandomValue(CommonMethodsAndUtilities.java:207)
at CommonMethodsAndUtilities.CommonMethodsAndUtilities.getRandomValue(CommonMethodsAndUtilities.java:207)
at CommonMethodsAndUtilities.CommonMethodsAndUtilities.getRandomValue(CommonMethodsAndUtilities.java:207)
at CommonMethodsAndUtilities.CommonMethodsAndUtilities.getRandomValue(CommonMethodsAndUtilities.java:207)
at CommonMethodsAndUtilities.CommonMethodsAndUtilities.getRandomValue(CommonMethodsAndUtilities.java:207)
at CommonMethodsAndUtilities.CommonMethodsAndUtilities.getRandomValue(CommonMethodsAndUtilities.java:207)
at CommonMethodsAndUtilities.CommonMethodsAndUtilities.getRandomValue(CommonMethodsAndUtilities.java:207)
at CommonMethodsAndUtilities.CommonMethodsAndUtilities.getRandomValue(CommonMethodsAndUtilities.java:207)
at CommonMethodsAndUtilities.CommonMethodsAndUtilities.getRandomValue(CommonMethodsAndUtilities.java:207)
at CommonMethodsAndUtilities.CommonMethodsAndUtilities.getRandomValue(CommonMethodsAndUtilities.java:207)
at CommonMethodsAndUtilities.CommonMethodsAndUtilities.getRandomValue(CommonMethodsAndUtilities.java:207)
at CommonMethodsAndUtilities.CommonMethodsAndUtilities.getRandomValue(CommonMethodsAndUtilities.java:207)
at CommonMethodsAndUtilities.CommonMethodsAndUtilities.getRandomValue(CommonMethodsAndUtilities.java:207)
at CommonMethodsAndUtilities.CommonMethodsAndUtilities.getRandomValue(CommonMethodsAndUtilities.java:207)
at CommonMethodsAndUtilities.CommonMethodsAndUtilities.getRandomValue(CommonMethodsAndUtilities.java:207)
at CommonMethodsAndUtilities.CommonMethodsAndUtilities.getRandomValue(CommonMethodsAndUtilities.java:207)
at CommonMethodsAndUtilities.CommonMethodsAndUtilities.getRandomValue(CommonMethodsAndUtilities.java:207)
at CommonMethodsAndUtilities.CommonMethodsAndUtilities.getRandomValue(CommonMethodsAndUtilities.java:207)
at CommonMethodsAndUtilities.CommonMethodsAndUtilities.getRandomValue(CommonMethodsAndUtilities.java:207)
at CommonMethodsAndUtilities.CommonMethodsAndUtilities.getRandomValue(CommonMethodsAndUtilities.java:207)
at CommonMethodsAndUtilities.CommonMethodsAndUtilities.getRandomValue(CommonMethodsAndUtilities.java:207)
at CommonMethodsAndUtilities.CommonMethodsAndUtilities.getRandomValue(CommonMethodsAndUtilities.java:207)
at CommonMethodsAndUtilities.CommonMethodsAndUtilities.getRandomValue(CommonMethodsAndUtilities.java:207)
at CommonMethodsAndUtilities.CommonMethodsAndUtilities.getRandomValue(CommonMethodsAndUtilities.java:207)
at CommonMethodsAndUtilities.CommonMethodsAndUtilities.getRandomValue(CommonMethodsAndUtilities.java:207)
at CommonMethodsAndUtilities.CommonMethodsAndUtilities.getRandomValue(CommonMethodsAndUtilities.java:207)
at CommonMethodsAndUtilities.CommonMethodsAndUtilities.getRandomValue(CommonMethodsAndUtilities.java:207)
at CommonMethodsAndUtilities.CommonMethodsAndUtilities.getRandomValue(CommonMethodsAndUtilities.java:207)
at CommonMethodsAndUtilities.CommonMethodsAndUtilities.getRandomValue(CommonMethodsAndUtilities.java:207)
at CommonMethodsAndUtilities.CommonMethodsAndUtilities.getRandomValue(CommonMethodsAndUtilities.java:207)
at CommonMethodsAndUtilities.CommonMethodsAndUtilities.getRandomValue(CommonMethodsAndUtilities.java:207)
at CommonMethodsAndUtilities.CommonMethodsAndUtilities.getRandomValue(CommonMethodsAndUtilities.java:207)
at CommonMethodsAndUtilities.CommonMethodsAndUtilities.getRandomValue(CommonMethodsAndUtilities.java:207)
at CommonMethodsAndUtilities.CommonMethodsAndUtilities.getRandomValue(CommonMethodsAndUtilities.java:207)
at CommonMethodsAndUtilities.CommonMethodsAndUtilities.getRandomValue(CommonMethodsAndUtilities.java:207)
at CommonMethodsAndUtilities.CommonMethodsAndUtilities.getRandomValue(CommonMethodsAndUtilities.java:207)
at CommonMethodsAndUtilities.CommonMethodsAndUtilities.getRandomValue(CommonMethodsAndUtilities.java:207)
at CommonMethodsAndUtilities.CommonMethodsAndUtilities.getRandomValue(CommonMethodsAndUtilities.java:207)
at CommonMethodsAndUtilities.CommonMethodsAndUtilities.getRandomValue(CommonMethodsAndUtilities.java:207)
at CommonMethodsAndUtilities.CommonMethodsAndUtilities.getRandomValue(CommonMethodsAndUtilities.java:207)
at CommonMethodsAndUtilities.CommonMethodsAndUtilities.getRandomValue(CommonMethodsAndUtilities.java:207)
at CommonMethodsAndUtilities.CommonMethodsAndUtilities.getRandomValue(CommonMethodsAndUtilities.java:207)
at CommonMethodsAndUtilities.CommonMethodsAndUtilities.getRandomValue(CommonMethodsAndUtilities.java:207)
at CommonMethodsAndUtilities.CommonMethodsAndUtilities.getRandomValue(CommonMethodsAndUtilities.java:207)
at CommonMethodsAndUtilities.CommonMethodsAndUtilities.getRandomValue(CommonMethodsAndUtilities.java:207)
at CommonMethodsAndUtilities.CommonMethodsAndUtilities.getRandomValue(CommonMethodsAndUtilities.java:207)
at CommonMethodsAndUtilities.CommonMethodsAndUtilities.getRandomValue(CommonMethodsAndUtilities.java:207)
at CommonMethodsAndUtilities.CommonMethodsAndUtilities.getRandomValue(CommonMethodsAndUtilities.java:207)
at CommonMethodsAndUtilities.CommonMethodsAndUtilities.getRandomValue(CommonMethodsAndUtilities.java:207)
at CommonMethodsAndUtilities.CommonMethodsAndUtilities.getRandomValue(CommonMethodsAndUtilities.java:207)
at CommonMethodsAndUtilities.CommonMethodsAndUtilities.getRandomValue(CommonMethodsAndUtilities.java:207)
at CommonMethodsAndUtilities.CommonMethodsAndUtilities.getRandomValue(CommonMethodsAndUtilities.java:207)
at CommonMethodsAndUtilities.CommonMethodsAndUtilities.getRandomValue(CommonMethodsAndUtilities.java:207)
at CommonMethodsAndUtilities.CommonMethodsAndUtilities.getRandomValue(CommonMethodsAndUtilities.java:207)
at CommonMethodsAndUtilities.CommonMethodsAndUtilities.getRandomValue(CommonMethodsAndUtilities.java:207)
at CommonMethodsAndUtilities.CommonMethodsAndUtilities.getRandomValue(CommonMethodsAndUtilities.java:207)
at CommonMethodsAndUtilities.CommonMethodsAndUtilities.getRandomValue(CommonMethodsAndUtilities.java:207)
at CommonMethodsAndUtilities.CommonMethodsAndUtilities.getRandomValue(CommonMethodsAndUtilities.java:207)
at CommonMethodsAndUtilities.CommonMethodsAndUtilities.getRandomValue(CommonMethodsAndUtilities.java:207)
at CommonMethodsAndUtilities.CommonMethodsAndUtilities.getRandomValue(CommonMethodsAndUtilities.java:207)
at CommonMethodsAndUtilities.CommonMethodsAndUtilities.getRandomValue(CommonMethodsAndUtilities.java:207)
at CommonMethodsAndUtilities.CommonMethodsAndUtilities.getRandomValue(CommonMethodsAndUtilities.java:207)
at CommonMethodsAndUtilities.CommonMethodsAndUtilities.getRandomValue(CommonMethodsAndUtilities.java:207)
at CommonMethodsAndUtilities.CommonMethodsAndUtilities.getRandomValue(CommonMethodsAndUtilities.java:207)
at CommonMethodsAndUtilities.CommonMethodsAndUtilities.getRandomValue(CommonMethodsAndUtilities.java:207)
at CommonMethodsAndUtilities.CommonMethodsAndUtilities.getRandomValue(CommonMethodsAndUtilities.java:207)
at CommonMethodsAndUtilities.CommonMethodsAndUtilities.getRandomValue(CommonMethodsAndUtilities.java:207)
at CommonMethodsAndUtilities.CommonMethodsAndUtilities.getRandomValue(CommonMethodsAndUtilities.java:207)
at CommonMethodsAndUtilities.CommonMethodsAndUtilities.getRandomValue(CommonMethodsAndUtilities.java:207)
at CommonMethodsAndUtilities.CommonMethodsAndUtilities.getRandomValue(CommonMethodsAndUtilities.java:207)
at CommonMethodsAndUtilities.CommonMethodsAndUtilities.getRandomValue(CommonMethodsAndUtilities.java:207)
at CommonMethodsAndUtilities.CommonMethodsAndUtilities.getRandomValue(CommonMethodsAndUtilities.java:207)
at CommonMethodsAndUtilities.CommonMethodsAndUtilities.getRandomValue(CommonMethodsAndUtilities.java:207)
at CommonMethodsAndUtilities.CommonMethodsAndUtilities.getRandomValue(CommonMethodsAndUtilities.java:207)
at CommonMethodsAndUtilities.CommonMethodsAndUtilities.getRandomValue(CommonMethodsAndUtilities.java:207)
at CommonMethodsAndUtilities.CommonMethodsAndUtilities.getRandomValue(CommonMethodsAndUtilities.java:207)
at CommonMethodsAndUtilities.CommonMethodsAndUtilities.getRandomValue(CommonMethodsAndUtilities.java:207)
at CommonMethodsAndUtilities.CommonMethodsAndUtilities.getRandomValue(CommonMethodsAndUtilities.java:207)
at CommonMethodsAndUtilities.CommonMethodsAndUtilities.getRandomValue(CommonMethodsAndUtilities.java:207)
at CommonMethodsAndUtilities.CommonMethodsAndUtilities.getRandomValue(CommonMethodsAndUtilities.java:207)
at CommonMethodsAndUtilities.CommonMethodsAndUtilities.getRandomValue(CommonMethodsAndUtilities.java:207)
at CommonMethodsAndUtilities.CommonMethodsAndUtilities.getRandomValue(CommonMethodsAndUtilities.java:207)
at CommonMethodsAndUtilities.CommonMethodsAndUtilities.getRandomValue(CommonMethodsAndUtilities.java:207)
at CommonMethodsAndUtilities.CommonMethodsAndUtilities.getRandomValue(CommonMethodsAndUtilities.java:207)
at CommonMethodsAndUtilities.CommonMethodsAndUtilities.getRandomValue(CommonMethodsAndUtilities.java:207)
at CommonMethodsAndUtilities.CommonMethodsAndUtilities.getRandomValue(CommonMethodsAndUtilities.java:207)
at CommonMethodsAndUtilities.CommonMethodsAndUtilities.getRandomValue(CommonMethodsAndUtilities.java:207)
at CommonMethodsAndUtilities.CommonMethodsAndUtilities.getRandomValue(CommonMethodsAndUtilities.java:207)
at CommonMethodsAndUtilities.CommonMethodsAndUtilities.getRandomValue(CommonMethodsAndUtilities.java:207)
at CommonMethodsAndUtilities.CommonMethodsAndUtilities.getRandomValue(CommonMethodsAndUtilities.java:207)
at CommonMethodsAndUtilities.CommonMethodsAndUtilities.getRandomValue(CommonMethodsAndUtilities.java:207)
at CommonMethodsAndUtilities.CommonMethodsAndUtilities.getRandomValue(CommonMethodsAndUtilities.java:207)
at CommonMethodsAndUtilities.CommonMethodsAndUtilities.getRandomValue(CommonMethodsAndUtilities.java:207)
at CommonMethodsAndUtilities.CommonMethodsAndUtilities.getRandomValue(CommonMethodsAndUtilities.java:207)
at CommonMethodsAndUtilities.CommonMethodsAndUtilities.getRandomValue(CommonMethodsAndUtilities.java:207)
at CommonMethodsAndUtilities.CommonMethodsAndUtilities.getRandomValue(CommonMethodsAndUtilities.java:207)
at CommonMethodsAndUtilities.CommonMethodsAndUtilities.getRandomValue(CommonMethodsAndUtilities.java:207)
at CommonMethodsAndUtilities.CommonMethodsAndUtilities.getRandomValue(CommonMethodsAndUtilities.java:207)
at CommonMethodsAndUtilities.CommonMethodsAndUtilities.getRandomValue(CommonMethodsAndUtilities.java:207)
at CommonMethodsAndUtilities.CommonMethodsAndUtilities.getRandomValue(CommonMethodsAndUtilities.java:207)
at CommonMethodsAndUtilities.CommonMethodsAndUtilities.getRandomValue(CommonMethodsAndUtilities.java:207)
at CommonMethodsAndUtilities.CommonMethodsAndUtilities.getRandomValue(CommonMethodsAndUtilities.java:207)
at CommonMethodsAndUtilities.CommonMethodsAndUtilities.getRandomValue(CommonMethodsAndUtilities.java:207)
at CommonMethodsAndUtilities.CommonMethodsAndUtilities.getRandomValue(CommonMethodsAndUtilities.java:207)
at CommonMethodsAndUtilities.CommonMethodsAndUtilities.getRandomValue(CommonMethodsAndUtilities.java:207)
at CommonMethodsAndUtilities.CommonMethodsAndUtilities.getRandomValue(CommonMethodsAndUtilities.java:207)
at CommonMethodsAndUtilities.CommonMethodsAndUtilities.getRandomValue(CommonMethodsAndUtilities.java:207)
at CommonMethodsAndUtilities.CommonMethodsAndUtilities.getRandomValue(CommonMethodsAndUtilities.java:207)
at CommonMethodsAndUtilities.CommonMethodsAndUtilities.getRandomValue(CommonMethodsAndUtilities.java:207)
at CommonMethodsAndUtilities.CommonMethodsAndUtilities.getRandomValue(CommonMethodsAndUtilities.java:207)
at CommonMethodsAndUtilities.CommonMethodsAndUtilities.getRandomValue(CommonMethodsAndUtilities.java:207)
at CommonMethodsAndUtilities.CommonMethodsAndUtilities.getRandomValue(CommonMethodsAndUtilities.java:207)
at CommonMethodsAndUtilities.CommonMethodsAndUtilities.getRandomValue(CommonMethodsAndUtilities.java:207)
at CommonMethodsAndUtilities.CommonMethodsAndUtilities.getRandomValue(CommonMethodsAndUtilities.java:207)
at CommonMethodsAndUtilities.CommonMethodsAndUtilities.getRandomValue(CommonMethodsAndUtilities.java:207)
at CommonMethodsAndUtilities.CommonMethodsAndUtilities.getRandomValue(CommonMethodsAndUtilities.java:207)
at CommonMethodsAndUtilities.CommonMethodsAndUtilities.getRandomValue(CommonMethodsAndUtilities.java:207)
at CommonMethodsAndUtilities.CommonMethodsAndUtilities.getRandomValue(CommonMethodsAndUtilities.java:207)
at CommonMethodsAndUtilities.CommonMethodsAndUtilities.getRandomValue(CommonMethodsAndUtilities.java:207)
at CommonMethodsAndUtilities.CommonMethodsAndUtilities.getRandomValue(CommonMethodsAndUtilities.java:207)
at CommonMethodsAndUtilities.CommonMethodsAndUtilities.getRandomValue(CommonMethodsAndUtilities.java:207)
at CommonMethodsAndUtilities.CommonMethodsAndUtilities.getRandomValue(CommonMethodsAndUtilities.java:207)
at CommonMethodsAndUtilities.CommonMethodsAndUtilities.getRandomValue(CommonMethodsAndUtilities.java:207)
at CommonMethodsAndUtilities.CommonMethodsAndUtilities.getRandomValue(CommonMethodsAndUtilities.java:207)
at CommonMethodsAndUtilities.CommonMethodsAndUtilities.getRandomValue(CommonMethodsAndUtilities.java:207)
at CommonMethodsAndUtilities.CommonMethodsAndUtilities.getRandomValue(CommonMethodsAndUtilities.java:207)
at CommonMethodsAndUtilities.CommonMethodsAndUtilities.getRandomValue(CommonMethodsAndUtilities.java:207)
at CommonMethodsAndUtilities.CommonMethodsAndUtilities.getRandomValue(CommonMethodsAndUtilities.java:207)
at CommonMethodsAndUtilities.CommonMethodsAndUtilities.getRandomValue(CommonMethodsAndUtilities.java:207)
at CommonMethodsAndUtilities.CommonMethodsAndUtilities.getRandomValue(CommonMethodsAndUtilities.java:207)
at CommonMethodsAndUtilities.CommonMethodsAndUtilities.getRandomValue(CommonMethodsAndUtilities.java:207)
at CommonMethodsAndUtilities.CommonMethodsAndUtilities.getRandomValue(CommonMethodsAndUtilities.java:207)
at CommonMethodsAndUtilities.CommonMethodsAndUtilities.getRandomValue(CommonMethodsAndUtilities.java:207)
at CommonMethodsAndUtilities.CommonMethodsAndUtilities.getRandomValue(CommonMethodsAndUtilities.java:207)
at CommonMethodsAndUtilities.CommonMethodsAndUtilities.getRandomValue(CommonMethodsAndUtilities.java:207)
at CommonMethodsAndUtilities.CommonMethodsAndUtilities.getRandomValue(CommonMethodsAndUtilities.java:207)
at CommonMethodsAndUtilities.CommonMethodsAndUtilities.getRandomValue(CommonMethodsAndUtilities.java:207)
at CommonMethodsAndUtilities.CommonMethodsAndUtilities.getRandomValue(CommonMethodsAndUtilities.java:207)
at CommonMethodsAndUtilities.CommonMethodsAndUtilities.getRandomValue(CommonMethodsAndUtilities.java:207)
at CommonMethodsAndUtilities.CommonMethodsAndUtilities.getRandomValue(CommonMethodsAndUtilities.java:207)
at CommonMethodsAndUtilities.CommonMethodsAndUtilities.getRandomValue(CommonMethodsAndUtilities.java:207)
at CommonMethodsAndUtilities.CommonMethodsAndUtilities.getRandomValue(CommonMethodsAndUtilities.java:207)
at CommonMethodsAndUtilities.CommonMethodsAndUtilities.getRandomValue(CommonMethodsAndUtilities.java:207)
at CommonMethodsAndUtilities.CommonMethodsAndUtilities.getRandomValue(CommonMethodsAndUtilities.java:207)
at CommonMethodsAndUtilities.CommonMethodsAndUtilities.getRandomValue(CommonMethodsAndUtilities.java:207)
at CommonMethodsAndUtilities.CommonMethodsAndUtilities.getRandomValue(CommonMethodsAndUtilities.java:207)
at CommonMethodsAndUtilities.CommonMethodsAndUtilities.getRandomValue(CommonMethodsAndUtilities.java:207)
at CommonMethodsAndUtilities.CommonMethodsAndUtilities.getRandomValue(CommonMethodsAndUtilities.java:207)
at CommonMethodsAndUtilities.CommonMethodsAndUtilities.getRandomValue(CommonMethodsAndUtilities.java:207)
at CommonMethodsAndUtilities.CommonMethodsAndUtilities.getRandomValue(CommonMethodsAndUtilities.java:207)
at CommonMethodsAndUtilities.CommonMethodsAndUtilities.getRandomValue(CommonMethodsAndUtilities.java:207)
at CommonMethodsAndUtilities.CommonMethodsAndUtilities.getRandomValue(CommonMethodsAndUtilities.java:207)
at CommonMethodsAndUtilities.CommonMethodsAndUtilities.getRandomValue(CommonMethodsAndUtilities.java:207)
at CommonMethodsAndUtilities.CommonMethodsAndUtilities.getRandomValue(CommonMethodsAndUtilities.java:207)
at CommonMethodsAndUtilities.CommonMethodsAndUtilities.getRandomValue(CommonMethodsAndUtilities.java:207)
at CommonMethodsAndUtilities.CommonMethodsAndUtilities.getRandomValue(CommonMethodsAndUtilities.java:207)
at CommonMethodsAndUtilities.CommonMethodsAndUtilities.getRandomValue(CommonMethodsAndUtilities.java:207)
at CommonMethodsAndUtilities.CommonMethodsAndUtilities.getRandomValue(CommonMethodsAndUtilities.java:207)
at CommonMethodsAndUtilities.CommonMethodsAndUtilities.getRandomValue(CommonMethodsAndUtilities.java:207)
at CommonMethodsAndUtilities.CommonMethodsAndUtilities.getRandomValue(CommonMethodsAndUtilities.java:207)
at CommonMethodsAndUtilities.CommonMethodsAndUtilities.getRandomValue(CommonMethodsAndUtilities.java:207)
at CommonMethodsAndUtilities.CommonMethodsAndUtilities.getRandomValue(CommonMethodsAndUtilities.java:207)
at CommonMethodsAndUtilities.CommonMethodsAndUtilities.getRandomValue(CommonMethodsAndUtilities.java:207)
at CommonMethodsAndUtilities.CommonMethodsAndUtilities.getRandomValue(CommonMethodsAndUtilities.java:207)
at CommonMethodsAndUtilities.CommonMethodsAndUtilities.getRandomValue(CommonMethodsAndUtilities.java:207)
at CommonMethodsAndUtilities.CommonMethodsAndUtilities.getRandomValue(CommonMethodsAndUtilities.java:207)
at CommonMethodsAndUtilities.CommonMethodsAndUtilities.getRandomValue(CommonMethodsAndUtilities.java:207)
at CommonMethodsAndUtilities.CommonMethodsAndUtilities.getRandomValue(CommonMethodsAndUtilities.java:207)
at CommonMethodsAndUtilities.CommonMethodsAndUtilities.getRandomValue(CommonMethodsAndUtilities.java:207)
at CommonMethodsAndUtilities.CommonMethodsAndUtilities.getRandomValue(CommonMethodsAndUtilities.java:207)
at CommonMethodsAndUtilities.CommonMethodsAndUtilities.getRandomValue(CommonMethodsAndUtilities.java:207)
at CommonMethodsAndUtilities.CommonMethodsAndUtilities.getRandomValue(CommonMethodsAndUtilities.java:207)
at CommonMethodsAndUtilities.CommonMethodsAndUtilities.getRandomValue(CommonMethodsAndUtilities.java:207)
at CommonMethodsAndUtilities.CommonMethodsAndUtilities.getRandomValue(CommonMethodsAndUtilities.java:207)
at CommonMethodsAndUtilities.CommonMethodsAndUtilities.getRandomValue(CommonMethodsAndUtilities.java:207)
at CommonMethodsAndUtilities.CommonMethodsAndUtilities.getRandomValue(CommonMethodsAndUtilities.java:207)
at CommonMethodsAndUtilities.CommonMethodsAndUtilities.getRandomValue(CommonMethodsAndUtilities.java:207)
at CommonMethodsAndUtilities.CommonMethodsAndUtilities.getRandomValue(CommonMethodsAndUtilities.java:207)
at CommonMethodsAndUtilities.CommonMethodsAndUtilities.getRandomValue(CommonMethodsAndUtilities.java:207)
at CommonMethodsAndUtilities.CommonMethodsAndUtilities.getRandomValue(CommonMethodsAndUtilities.java:207)
at CommonMethodsAndUtilities.CommonMethodsAndUtilities.getRandomValue(CommonMethodsAndUtilities.java:207)
at CommonMethodsAndUtilities.CommonMethodsAndUtilities.getRandomValue(CommonMethodsAndUtilities.java:207)
at CommonMethodsAndUtilities.CommonMethodsAndUtilities.getRandomValue(CommonMethodsAndUtilities.java:207)
at CommonMethodsAndUtilities.CommonMethodsAndUtilities.getRandomValue(CommonMethodsAndUtilities.java:207)
at CommonMethodsAndUtilities.CommonMethodsAndUtilities.getRandomValue(CommonMethodsAndUtilities.java:207)
at CommonMethodsAndUtilities.CommonMethodsAndUtilities.getRandomValue(CommonMethodsAndUtilities.java:207)
at CommonMethodsAndUtilities.CommonMethodsAndUtilities.getRandomValue(CommonMethodsAndUtilities.java:207)
at CommonMethodsAndUtilities.CommonMethodsAndUtilities.getRandomValue(CommonMethodsAndUtilities.java:207)
at CommonMethodsAndUtilities.CommonMethodsAndUtilities.getRandomValue(CommonMethodsAndUtilities.java:207)
at CommonMethodsAndUtilities.CommonMethodsAndUtilities.getRandomValue(CommonMethodsAndUtilities.java:207)
at CommonMethodsAndUtilities.CommonMethodsAndUtilities.getRandomValue(CommonMethodsAndUtilities.java:207)
at CommonMethodsAndUtilities.CommonMethodsAndUtilities.getRandomValue(CommonMethodsAndUtilities.java:207)
at CommonMethodsAndUtilities.CommonMethodsAndUtilities.getRandomValue(CommonMethodsAndUtilities.java:207)
at CommonMethodsAndUtilities.CommonMethodsAndUtilities.getRandomValue(CommonMethodsAndUtilities.java:207)
at CommonMethodsAndUtilities.CommonMethodsAndUtilities.getRandomValue(CommonMethodsAndUtilities.java:207)
at CommonMethodsAndUtilities.CommonMethodsAndUtilities.getRandomValue(CommonMethodsAndUtilities.java:207)
at CommonMethodsAndUtilities.CommonMethodsAndUtilities.getRandomValue(CommonMethodsAndUtilities.java:207)
at CommonMethodsAndUtilities.CommonMethodsAndUtilities.getRandomValue(CommonMethodsAndUtilities.java:207)
at CommonMethodsAndUtilities.CommonMethodsAndUtilities.getRandomValue(CommonMethodsAndUtilities.java:207)
at CommonMethodsAndUtilities.CommonMethodsAndUtilities.getRandomValue(CommonMethodsAndUtilities.java:207)
at CommonMethodsAndUtilities.CommonMethodsAndUtilities.getRandomValue(CommonMethodsAndUtilities.java:207)
at CommonMethodsAndUtilities.CommonMethodsAndUtilities.getRandomValue(CommonMethodsAndUtilities.java:207)
at CommonMethodsAndUtilities.CommonMethodsAndUtilities.getRandomValue(CommonMethodsAndUtilities.java:207)
at CommonMethodsAndUtilities.CommonMethodsAndUtilities.getRandomValue(CommonMethodsAndUtilities.java:207)
at CommonMethodsAndUtilities.CommonMethodsAndUtilities.getRandomValue(CommonMethodsAndUtilities.java:207)
at CommonMethodsAndUtilities.CommonMethodsAndUtilities.getRandomValue(CommonMethodsAndUtilities.java:207)
at CommonMethodsAndUtilities.CommonMethodsAndUtilities.getRandomValue(CommonMethodsAndUtilities.java:207)
at CommonMethodsAndUtilities.CommonMethodsAndUtilities.getRandomValue(CommonMethodsAndUtilities.java:207)
at CommonMethodsAndUtilities.CommonMethodsAndUtilities.getRandomValue(CommonMethodsAndUtilities.java:207)
at CommonMethodsAndUtilities.CommonMethodsAndUtilities.getRandomValue(CommonMethodsAndUtilities.java:207)
at CommonMethodsAndUtilities.CommonMethodsAndUtilities.getRandomValue(CommonMethodsAndUtilities.java:207)
at CommonMethodsAndUtilities.CommonMethodsAndUtilities.getRandomValue(CommonMethodsAndUtilities.java:207)
at CommonMethodsAndUtilities.CommonMethodsAndUtilities.getRandomValue(CommonMethodsAndUtilities.java:207)
at CommonMethodsAndUtilities.CommonMethodsAndUtilities.getRandomValue(CommonMethodsAndUtilities.java:207)
at CommonMethodsAndUtilities.CommonMethodsAndUtilities.getRandomValue(CommonMethodsAndUtilities.java:207)
at CommonMethodsAndUtilities.CommonMethodsAndUtilities.getRandomValue(CommonMethodsAndUtilities.java:207)
at CommonMethodsAndUtilities.CommonMethodsAndUtilities.getRandomValue(CommonMethodsAndUtilities.java:207)
at CommonMethodsAndUtilities.CommonMethodsAndUtilities.getRandomValue(CommonMethodsAndUtilities.java:207)
at CommonMethodsAndUtilities.CommonMethodsAndUtilities.getRandomValue(CommonMethodsAndUtilities.java:207)
at CommonMethodsAndUtilities.CommonMethodsAndUtilities.getRandomValue(CommonMethodsAndUtilities.java:207)
at CommonMethodsAndUtilities.CommonMethodsAndUtilities.getRandomValue(CommonMethodsAndUtilities.java:207)
at CommonMethodsAndUtilities.CommonMethodsAndUtilities.getRandomValue(CommonMethodsAndUtilities.java:207)
at CommonMethodsAndUtilities.CommonMethodsAndUtilities.getRandomValue(CommonMethodsAndUtilities.java:207)
at CommonMethodsAndUtilities.CommonMethodsAndUtilities.getRandomValue(CommonMethodsAndUtilities.java:207)
at CommonMethodsAndUtilities.CommonMethodsAndUtilities.getRandomValue(CommonMethodsAndUtilities.java:207)
at CommonMethodsAndUtilities.CommonMethodsAndUtilities.getRandomValue(CommonMethodsAndUtilities.java:207)
at CommonMethodsAndUtilities.CommonMethodsAndUtilities.getRandomValue(CommonMethodsAndUtilities.java:207)
at CommonMethodsAndUtilities.CommonMethodsAndUtilities.getRandomValue(CommonMethodsAndUtilities.java:207)
at CommonMethodsAndUtilities.CommonMethodsAndUtilities.getRandomValue(CommonMethodsAndUtilities.java:207)
at CommonMethodsAndUtilities.CommonMethodsAndUtilities.getRandomValue(CommonMethodsAndUtilities.java:207)
at CommonMethodsAndUtilities.CommonMethodsAndUtilities.getRandomValue(CommonMethodsAndUtilities.java:207)
at CommonMethodsAndUtilities.CommonMethodsAndUtilities.getRandomValue(CommonMethodsAndUtilities.java:207)
at CommonMethodsAndUtilities.CommonMethodsAndUtilities.getRandomValue(CommonMethodsAndUtilities.java:207)
at CommonMethodsAndUtilities.CommonMethodsAndUtilities.getRandomValue(CommonMethodsAndUtilities.java:207)
at CommonMethodsAndUtilities.CommonMethodsAndUtilities.getRandomValue(CommonMethodsAndUtilities.java:207)
at CommonMethodsAndUtilities.CommonMethodsAndUtilities.getRandomValue(CommonMethodsAndUtilities.java:207)
at CommonMethodsAndUtilities.CommonMethodsAndUtilities.getRandomValue(CommonMethodsAndUtilities.java:207)
at CommonMethodsAndUtilities.CommonMethodsAndUtilities.getRandomValue(CommonMethodsAndUtilities.java:207)
at CommonMethodsAndUtilities.CommonMethodsAndUtilities.getRandomValue(CommonMethodsAndUtilities.java:207)
at CommonMethodsAndUtilities.CommonMethodsAndUtilities.getRandomValue(CommonMethodsAndUtilities.java:207)
at CommonMethodsAndUtilities.CommonMethodsAndUtilities.getRandomValue(CommonMethodsAndUtilities.java:207)
at CommonMethodsAndUtilities.CommonMethodsAndUtilities.getRandomValue(CommonMethodsAndUtilities.java:207)
at CommonMethodsAndUtilities.CommonMethodsAndUtilities.getRandomValue(CommonMethodsAndUtilities.java:207)
at CommonMethodsAndUtilities.CommonMethodsAndUtilities.getRandomValue(CommonMethodsAndUtilities.java:207)
at CommonMethodsAndUtilities.CommonMethodsAndUtilities.getRandomValue(CommonMethodsAndUtilities.java:207)
at CommonMethodsAndUtilities.CommonMethodsAndUtilities.getRandomValue(CommonMethodsAndUtilities.java:207)
at CommonMethodsAndUtilities.CommonMethodsAndUtilities.getRandomValue(CommonMethodsAndUtilities.java:207)
at CommonMethodsAndUtilities.CommonMethodsAndUtilities.getRandomValue(CommonMethodsAndUtilities.java:207)
at CommonMethodsAndUtilities.CommonMethodsAndUtilities.getRandomValue(CommonMethodsAndUtilities.java:207)
at CommonMethodsAndUtilities.CommonMethodsAndUtilities.getRandomValue(CommonMethodsAndUtilities.java:207)
at CommonMethodsAndUtilities.CommonMethodsAndUtilities.getRandomValue(CommonMethodsAndUtilities.java:207)
at CommonMethodsAndUtilities.CommonMethodsAndUtilities.getRandomValue(CommonMethodsAndUtilities.java:207)
at CommonMethodsAndUtilities.CommonMethodsAndUtilities.getRandomValue(CommonMethodsAndUtilities.java:207)
at CommonMethodsAndUtilities.CommonMethodsAndUtilities.getRandomValue(CommonMethodsAndUtilities.java:207)
at CommonMethodsAndUtilities.CommonMethodsAndUtilities.getRandomValue(CommonMethodsAndUtilities.java:207)
at CommonMethodsAndUtilities.CommonMethodsAndUtilities.getRandomValue(CommonMethodsAndUtilities.java:207)
at CommonMethodsAndUtilities.CommonMethodsAndUtilities.getRandomValue(CommonMethodsAndUtilities.java:207)
at CommonMethodsAndUtilities.CommonMethodsAndUtilities.getRandomValue(CommonMethodsAndUtilities.java:207)
at CommonMethodsAndUtilities.CommonMethodsAndUtilities.getRandomValue(CommonMethodsAndUtilities.java:207)
at CommonMethodsAndUtilities.CommonMethodsAndUtilities.getRandomValue(CommonMethodsAndUtilities.java:207)
at CommonMethodsAndUtilities.CommonMethodsAndUtilities.getRandomValue(CommonMethodsAndUtilities.java:207)
at CommonMethodsAndUtilities.CommonMethodsAndUtilities.getRandomValue(CommonMethodsAndUtilities.java:207)
at CommonMethodsAndUtilities.CommonMethodsAndUtilities.getRandomValue(CommonMethodsAndUtilities.java:207)
at CommonMethodsAndUtilities.CommonMethodsAndUtilities.getRandomValue(CommonMethodsAndUtilities.java:207)
at CommonMethodsAndUtilities.CommonMethodsAndUtilities.getRandomValue(CommonMethodsAndUtilities.java:207)
at CommonMethodsAndUtilities.CommonMethodsAndUtilities.getRandomValue(CommonMethodsAndUtilities.java:207)
at CommonMethodsAndUtilities.CommonMethodsAndUtilities.getRandomValue(CommonMethodsAndUtilities.java:207)
at CommonMethodsAndUtilities.CommonMethodsAndUtilities.getRandomValue(CommonMethodsAndUtilities.java:207)
at CommonMethodsAndUtilities.CommonMethodsAndUtilities.getRandomValue(CommonMethodsAndUtilities.java:207)
at CommonMethodsAndUtilities.CommonMethodsAndUtilities.getRandomValue(CommonMethodsAndUtilities.java:207)
at CommonMethodsAndUtilities.CommonMethodsAndUtilities.getRandomValue(CommonMethodsAndUtilities.java:207)
at CommonMethodsAndUtilities.CommonMethodsAndUtilities.getRandomValue(CommonMethodsAndUtilities.java:207)
at CommonMethodsAndUtilities.CommonMethodsAndUtilities.getRandomValue(CommonMethodsAndUtilities.java:207)
at CommonMethodsAndUtilities.CommonMethodsAndUtilities.getRandomValue(CommonMethodsAndUtilities.java:207)
at CommonMethodsAndUtilities.CommonMethodsAndUtilities.getRandomValue(CommonMethodsAndUtilities.java:207)
at CommonMethodsAndUtilities.CommonMethodsAndUtilities.getRandomValue(CommonMethodsAndUtilities.java:207)
at CommonMethodsAndUtilities.CommonMethodsAndUtilities.getRandomValue(CommonMethodsAndUtilities.java:207)
at CommonMethodsAndUtilities.CommonMethodsAndUtilities.getRandomValue(CommonMethodsAndUtilities.java:207)
at CommonMethodsAndUtilities.CommonMethodsAndUtilities.getRandomValue(CommonMethodsAndUtilities.java:207)
at CommonMethodsAndUtilities.CommonMethodsAndUtilities.getRandomValue(CommonMethodsAndUtilities.java:207)
at CommonMethodsAndUtilities.CommonMethodsAndUtilities.getRandomValue(CommonMethodsAndUtilities.java:207)
at CommonMethodsAndUtilities.CommonMethodsAndUtilities.getRandomValue(CommonMethodsAndUtilities.java:207)
at CommonMethodsAndUtilities.CommonMethodsAndUtilities.getRandomValue(CommonMethodsAndUtilities.java:207)
at CommonMethodsAndUtilities.CommonMethodsAndUtilities.getRandomValue(CommonMethodsAndUtilities.java:207)
at CommonMethodsAndUtilities.CommonMethodsAndUtilities.getRandomValue(CommonMethodsAndUtilities.java:207)
at CommonMethodsAndUtilities.CommonMethodsAndUtilities.getRandomValue(CommonMethodsAndUtilities.java:207)
at CommonMethodsAndUtilities.CommonMethodsAndUtilities.getRandomValue(CommonMethodsAndUtilities.java:207)
at CommonMethodsAndUtilities.CommonMethodsAndUtilities.getRandomValue(CommonMethodsAndUtilities.java:207)
at CommonMethodsAndUtilities.CommonMethodsAndUtilities.getRandomValue(CommonMethodsAndUtilities.java:207)
at CommonMethodsAndUtilities.CommonMethodsAndUtilities.getRandomValue(CommonMethodsAndUtilities.java:207)
at CommonMethodsAndUtilities.CommonMethodsAndUtilities.getRandomValue(CommonMethodsAndUtilities.java:207)
at CommonMethodsAndUtilities.CommonMethodsAndUtilities.getRandomValue(CommonMethodsAndUtilities.java:207)
at CommonMethodsAndUtilities.CommonMethodsAndUtilities.getRandomValue(CommonMethodsAndUtilities.java:207)
at CommonMethodsAndUtilities.CommonMethodsAndUtilities.getRandomValue(CommonMethodsAndUtilities.java:207)
at CommonMethodsAndUtilities.CommonMethodsAndUtilities.getRandomValue(CommonMethodsAndUtilities.java:207)
at CommonMethodsAndUtilities.CommonMethodsAndUtilities.getRandomValue(CommonMethodsAndUtilities.java:207)
at CommonMethodsAndUtilities.CommonMethodsAndUtilities.getRandomValue(CommonMethodsAndUtilities.java:207)
at CommonMethodsAndUtilities.CommonMethodsAndUtilities.getRandomValue(CommonMethodsAndUtilities.java:207)
at CommonMethodsAndUtilities.CommonMethodsAndUtilities.getRandomValue(CommonMethodsAndUtilities.java:207)
at CommonMethodsAndUtilities.CommonMethodsAndUtilities.getRandomValue(CommonMethodsAndUtilities.java:207)
at CommonMethodsAndUtilities.CommonMethodsAndUtilities.getRandomValue(CommonMethodsAndUtilities.java:207)
at CommonMethodsAndUtilities.CommonMethodsAndUtilities.getRandomValue(CommonMethodsAndUtilities.java:207)
at CommonMethodsAndUtilities.CommonMethodsAndUtilities.getRandomValue(CommonMethodsAndUtilities.java:207)
at CommonMethodsAndUtilities.CommonMethodsAndUtilities.getRandomValue(CommonMethodsAndUtilities.java:207)
at CommonMethodsAndUtilities.CommonMethodsAndUtilities.getRandomValue(CommonMethodsAndUtilities.java:207)
at CommonMethodsAndUtilities.CommonMethodsAndUtilities.getRandomValue(CommonMethodsAndUtilities.java:207)
at CommonMethodsAndUtilities.CommonMethodsAndUtilities.getRandomValue(CommonMethodsAndUtilities.java:207)
at CommonMethodsAndUtilities.CommonMethodsAndUtilities.getRandomValue(CommonMethodsAndUtilities.java:207)
at CommonMethodsAndUtilities.CommonMethodsAndUtilities.getRandomValue(CommonMethodsAndUtilities.java:207)
at CommonMethodsAndUtilities.CommonMethodsAndUtilities.getRandomValue(CommonMethodsAndUtilities.java:207)
at CommonMethodsAndUtilities.CommonMethodsAndUtilities.getRandomValue(CommonMethodsAndUtilities.java:207)
at CommonMethodsAndUtilities.CommonMethodsAndUtilities.getRandomValue(CommonMethodsAndUtilities.java:207)
at CommonMethodsAndUtilities.CommonMethodsAndUtilities.getRandomValue(CommonMethodsAndUtilities.java:207)
at CommonMethodsAndUtilities.CommonMethodsAndUtilities.getRandomValue(CommonMethodsAndUtilities.java:207)
at CommonMethodsAndUtilities.CommonMethodsAndUtilities.getRandomValue(CommonMethodsAndUtilities.java:207)
at CommonMethodsAndUtilities.CommonMethodsAndUtilities.getRandomValue(CommonMethodsAndUtilities.java:207)
at CommonMethodsAndUtilities.CommonMethodsAndUtilities.getRandomValue(CommonMethodsAndUtilities.java:207)
at CommonMethodsAndUtilities.CommonMethodsAndUtilities.getRandomValue(CommonMethodsAndUtilities.java:207)
at CommonMethodsAndUtilities.CommonMethodsAndUtilities.getRandomValue(CommonMethodsAndUtilities.java:207)
at CommonMethodsAndUtilities.CommonMethodsAndUtilities.getRandomValue(CommonMethodsAndUtilities.java:207)
at CommonMethodsAndUtilities.CommonMethodsAndUtilities.getRandomValue(CommonMethodsAndUtilities.java:207)
at CommonMethodsAndUtilities.CommonMethodsAndUtilities.getRandomValue(CommonMethodsAndUtilities.java:207)
at CommonMethodsAndUtilities.CommonMethodsAndUtilities.getRandomValue(CommonMethodsAndUtilities.java:207)
at CommonMethodsAndUtilities.CommonMethodsAndUtilities.getRandomValue(CommonMethodsAndUtilities.java:207)
at CommonMethodsAndUtilities.CommonMethodsAndUtilities.getRandomValue(CommonMethodsAndUtilities.java:207)
at CommonMethodsAndUtilities.CommonMethodsAndUtilities.getRandomValue(CommonMethodsAndUtilities.java:207)
at CommonMethodsAndUtilities.CommonMethodsAndUtilities.getRandomValue(CommonMethodsAndUtilities.java:207)
at CommonMethodsAndUtilities.CommonMethodsAndUtilities.getRandomValue(CommonMethodsAndUtilities.java:207)
at CommonMethodsAndUtilities.CommonMethodsAndUtilities.getRandomValue(CommonMethodsAndUtilities.java:207)
at CommonMethodsAndUtilities.CommonMethodsAndUtilities.getRandomValue(CommonMethodsAndUtilities.java:207)
at CommonMethodsAndUtilities.CommonMethodsAndUtilities.getRandomValue(CommonMethodsAndUtilities.java:207)
at CommonMethodsAndUtilities.CommonMethodsAndUtilities.getRandomValue(CommonMethodsAndUtilities.java:207)
at CommonMethodsAndUtilities.CommonMethodsAndUtilities.getRandomValue(CommonMethodsAndUtilities.java:207)
at CommonMethodsAndUtilities.CommonMethodsAndUtilities.getRandomValue(CommonMethodsAndUtilities.java:207)
at CommonMethodsAndUtilities.CommonMethodsAndUtilities.getRandomValue(CommonMethodsAndUtilities.java:207)
at CommonMethodsAndUtilities.CommonMethodsAndUtilities.getRandomValue(CommonMethodsAndUtilities.java:207)
at CommonMethodsAndUtilities.CommonMethodsAndUtilities.getRandomValue(CommonMethodsAndUtilities.java:207)
at CommonMethodsAndUtilities.CommonMethodsAndUtilities.getRandomValue(CommonMethodsAndUtilities.java:207)
at CommonMethodsAndUtilities.CommonMethodsAndUtilities.getRandomValue(CommonMethodsAndUtilities.java:207)
at CommonMethodsAndUtilities.CommonMethodsAndUtilities.getRandomValue(CommonMethodsAndUtilities.java:207)
at CommonMethodsAndUtilities.CommonMethodsAndUtilities.getRandomValue(CommonMethodsAndUtilities.java:207)
at CommonMethodsAndUtilities.CommonMethodsAndUtilities.getRandomValue(CommonMethodsAndUtilities.java:207)
at CommonMethodsAndUtilities.CommonMethodsAndUtilities.getRandomValue(CommonMethodsAndUtilities.java:207)
at CommonMethodsAndUtilities.CommonMethodsAndUtilities.getRandomValue(CommonMethodsAndUtilities.java:207)
at CommonMethodsAndUtilities.CommonMethodsAndUtilities.getRandomValue(CommonMethodsAndUtilities.java:207)
at CommonMethodsAndUtilities.CommonMethodsAndUtilities.getRandomValue(CommonMethodsAndUtilities.java:207)
at CommonMethodsAndUtilities.CommonMethodsAndUtilities.getRandomValue(CommonMethodsAndUtilities.java:207)
at CommonMethodsAndUtilities.CommonMethodsAndUtilities.getRandomValue(CommonMethodsAndUtilities.java:207)
at CommonMethodsAndUtilities.CommonMethodsAndUtilities.getRandomValue(CommonMethodsAndUtilities.java:207)
at CommonMethodsAndUtilities.CommonMethodsAndUtilities.getRandomValue(CommonMethodsAndUtilities.java:207)
at CommonMethodsAndUtilities.CommonMethodsAndUtilities.getRandomValue(CommonMethodsAndUtilities.java:207)
at CommonMethodsAndUtilities.CommonMethodsAndUtilities.getRandomValue(CommonMethodsAndUtilities.java:207)
at CommonMethodsAndUtilities.CommonMethodsAndUtilities.getRandomValue(CommonMethodsAndUtilities.java:207)
at CommonMethodsAndUtilities.CommonMethodsAndUtilities.getRandomValue(CommonMethodsAndUtilities.java:207)
at CommonMethodsAndUtilities.CommonMethodsAndUtilities.getRandomValue(CommonMethodsAndUtilities.java:207)
at CommonMethodsAndUtilities.CommonMethodsAndUtilities.getRandomValue(CommonMethodsAndUtilities.java:207)
at CommonMethodsAndUtilities.CommonMethodsAndUtilities.getRandomValue(CommonMethodsAndUtilities.java:207)
at CommonMethodsAndUtilities.CommonMethodsAndUtilities.getRandomValue(CommonMethodsAndUtilities.java:207)
at CommonMethodsAndUtilities.CommonMethodsAndUtilities.getRandomValue(CommonMethodsAndUtilities.java:207)
at CommonMethodsAndUtilities.CommonMethodsAndUtilities.getRandomValue(CommonMethodsAndUtilities.java:207)
at CommonMethodsAndUtilities.CommonMethodsAndUtilities.getRandomValue(CommonMethodsAndUtilities.java:207)
at CommonMethodsAndUtilities.CommonMethodsAndUtilities.getRandomValue(CommonMethodsAndUtilities.java:207)
at CommonMethodsAndUtilities.CommonMethodsAndUtilities.getRandomValue(CommonMethodsAndUtilities.java:207)
at CommonMethodsAndUtilities.CommonMethodsAndUtilities.getRandomValue(CommonMethodsAndUtilities.java:207)
at CommonMethodsAndUtilities.CommonMethodsAndUtilities.getRandomValue(CommonMethodsAndUtilities.java:207)
at CommonMethodsAndUtilities.CommonMethodsAndUtilities.getRandomValue(CommonMethodsAndUtilities.java:207)
at CommonMethodsAndUtilities.CommonMethodsAndUtilities.getRandomValue(CommonMethodsAndUtilities.java:207)
at CommonMethodsAndUtilities.CommonMethodsAndUtilities.getRandomValue(CommonMethodsAndUtilities.java:207)
at CommonMethodsAndUtilities.CommonMethodsAndUtilities.getRandomValue(CommonMethodsAndUtilities.java:207)
at CommonMethodsAndUtilities.CommonMethodsAndUtilities.getRandomValue(CommonMethodsAndUtilities.java:207)
at CommonMethodsAndUtilities.CommonMethodsAndUtilities.getRandomValue(CommonMethodsAndUtilities.java:207)
at CommonMethodsAndUtilities.CommonMethodsAndUtilities.getRandomValue(CommonMethodsAndUtilities.java:207)
at CommonMethodsAndUtilities.CommonMethodsAndUtilities.getRandomValue(CommonMethodsAndUtilities.java:207)
at CommonMethodsAndUtilities.CommonMethodsAndUtilities.getRandomValue(CommonMethodsAndUtilities.java:207)
at CommonMethodsAndUtilities.CommonMethodsAndUtilities.getRandomValue(CommonMethodsAndUtilities.java:207)
at CommonMethodsAndUtilities.CommonMethodsAndUtilities.getRandomValue(CommonMethodsAndUtilities.java:207)
at CommonMethodsAndUtilities.CommonMethodsAndUtilities.getRandomValue(CommonMethodsAndUtilities.java:207)
at CommonMethodsAndUtilities.CommonMethodsAndUtilities.getRandomValue(CommonMethodsAndUtilities.java:207)
at CommonMethodsAndUtilities.CommonMethodsAndUtilities.getRandomValue(CommonMethodsAndUtilities.java:207)
at CommonMethodsAndUtilities.CommonMethodsAndUtilities.getRandomValue(CommonMethodsAndUtilities.java:207)
at CommonMethodsAndUtilities.CommonMethodsAndUtilities.getRandomValue(CommonMethodsAndUtilities.java:207)
at CommonMethodsAndUtilities.CommonMethodsAndUtilities.getRandomValue(CommonMethodsAndUtilities.java:207)
at CommonMethodsAndUtilities.CommonMethodsAndUtilities.getRandomValue(CommonMethodsAndUtilities.java:207)
at CommonMethodsAndUtilities.CommonMethodsAndUtilities.getRandomValue(CommonMethodsAndUtilities.java:207)
at CommonMethodsAndUtilities.CommonMethodsAndUtilities.getRandomValue(CommonMethodsAndUtilities.java:207)
at CommonMethodsAndUtilities.CommonMethodsAndUtilities.getRandomValue(CommonMethodsAndUtilities.java:207)
at CommonMethodsAndUtilities.CommonMethodsAndUtilities.getRandomValue(CommonMethodsAndUtilities.java:207)
at CommonMethodsAndUtilities.CommonMethodsAndUtilities.getRandomValue(CommonMethodsAndUtilities.java:207)
at CommonMethodsAndUtilities.CommonMethodsAndUtilities.getRandomValue(CommonMethodsAndUtilities.java:207)
at CommonMethodsAndUtilities.CommonMethodsAndUtilities.getRandomValue(CommonMethodsAndUtilities.java:207)
at CommonMethodsAndUtilities.CommonMethodsAndUtilities.getRandomValue(CommonMethodsAndUtilities.java:207)
at CommonMethodsAndUtilities.CommonMethodsAndUtilities.getRandomValue(CommonMethodsAndUtilities.java:207)
at CommonMethodsAndUtilities.CommonMethodsAndUtilities.getRandomValue(CommonMethodsAndUtilities.java:207)
at CommonMethodsAndUtilities.CommonMethodsAndUtilities.getRandomValue(CommonMethodsAndUtilities.java:207)
at CommonMethodsAndUtilities.CommonMethodsAndUtilities.getRandomValue(CommonMethodsAndUtilities.java:207)
at CommonMethodsAndUtilities.CommonMethodsAndUtilities.getRandomValue(CommonMethodsAndUtilities.java:207)
at CommonMethodsAndUtilities.CommonMethodsAndUtilities.getRandomValue(CommonMethodsAndUtilities.java:207)
at CommonMethodsAndUtilities.CommonMethodsAndUtilities.getRandomValue(CommonMethodsAndUtilities.java:207)
at CommonMethodsAndUtilities.CommonMethodsAndUtilities.getRandomValue(CommonMethodsAndUtilities.java:207)
at CommonMethodsAndUtilities.CommonMethodsAndUtilities.getRandomValue(CommonMethodsAndUtilities.java:207)
at CommonMethodsAndUtilities.CommonMethodsAndUtilities.getRandomValue(CommonMethodsAndUtilities.java:207)
at CommonMethodsAndUtilities.CommonMethodsAndUtilities.getRandomValue(CommonMethodsAndUtilities.java:207)
at CommonMethodsAndUtilities.CommonMethodsAndUtilities.getRandomValue(CommonMethodsAndUtilities.java:207)
at CommonMethodsAndUtilities.CommonMethodsAndUtilities.getRandomValue(CommonMethodsAndUtilities.java:207)
at CommonMethodsAndUtilities.CommonMethodsAndUtilities.getRandomValue(CommonMethodsAndUtilities.java:207)
at CommonMethodsAndUtilities.CommonMethodsAndUtilities.getRandomValue(CommonMethodsAndUtilities.java:207)
at CommonMethodsAndUtilities.CommonMethodsAndUtilities.getRandomValue(CommonMethodsAndUtilities.java:207)
at CommonMethodsAndUtilities.CommonMethodsAndUtilities.getRandomValue(CommonMethodsAndUtilities.java:207)
at CommonMethodsAndUtilities.CommonMethodsAndUtilities.getRandomValue(CommonMethodsAndUtilities.java:207)
at CommonMethodsAndUtilities.CommonMethodsAndUtilities.getRandomValue(CommonMethodsAndUtilities.java:207)
at CommonMethodsAndUtilities.CommonMethodsAndUtilities.getRandomValue(CommonMethodsAndUtilities.java:207)
at CommonMethodsAndUtilities.CommonMethodsAndUtilities.getRandomValue(CommonMethodsAndUtilities.java:207)
at CommonMethodsAndUtilities.CommonMethodsAndUtilities.getRandomValue(CommonMethodsAndUtilities.java:207)
at CommonMethodsAndUtilities.CommonMethodsAndUtilities.getRandomValue(CommonMethodsAndUtilities.java:207)
at CommonMethodsAndUtilities.CommonMethodsAndUtilities.getRandomValue(CommonMethodsAndUtilities.java:207)
at CommonMethodsAndUtilities.CommonMethodsAndUtilities.getRandomValue(CommonMethodsAndUtilities.java:207)
at CommonMethodsAndUtilities.CommonMethodsAndUtilities.getRandomValue(CommonMethodsAndUtilities.java:207)
at CommonMethodsAndUtilities.CommonMethodsAndUtilities.getRandomValue(CommonMethodsAndUtilities.java:207)
at CommonMethodsAndUtilities.CommonMethodsAndUtilities.getRandomValue(CommonMethodsAndUtilities.java:207)
at CommonMethodsAndUtilities.CommonMethodsAndUtilities.getRandomValue(CommonMethodsAndUtilities.java:207)
at CommonMethodsAndUtilities.CommonMethodsAndUtilities.getRandomValue(CommonMethodsAndUtilities.java:207)
at CommonMethodsAndUtilities.CommonMethodsAndUtilities.getRandomValue(CommonMethodsAndUtilities.java:207)
at CommonMethodsAndUtilities.CommonMethodsAndUtilities.getRandomValue(CommonMethodsAndUtilities.java:207)
at CommonMethodsAndUtilities.CommonMethodsAndUtilities.getRandomValue(CommonMethodsAndUtilities.java:207)
at CommonMethodsAndUtilities.CommonMethodsAndUtilities.getRandomValue(CommonMethodsAndUtilities.java:207)
at CommonMethodsAndUtilities.CommonMethodsAndUtilities.getRandomValue(CommonMethodsAndUtilities.java:207)
at CommonMethodsAndUtilities.CommonMethodsAndUtilities.getRandomValue(CommonMethodsAndUtilities.java:207)
at CommonMethodsAndUtilities.CommonMethodsAndUtilities.getRandomValue(CommonMethodsAndUtilities.java:207)
at CommonMethodsAndUtilities.CommonMethodsAndUtilities.getRandomValue(CommonMethodsAndUtilities.java:207)
at CommonMethodsAndUtilities.CommonMethodsAndUtilities.getRandomValue(CommonMethodsAndUtilities.java:207)
at CommonMethodsAndUtilities.CommonMethodsAndUtilities.getRandomValue(CommonMethodsAndUtilities.java:207)
at CommonMethodsAndUtilities.CommonMethodsAndUtilities.getRandomValue(CommonMethodsAndUtilities.java:207)
at CommonMethodsAndUtilities.CommonMethodsAndUtilities.getRandomValue(CommonMethodsAndUtilities.java:207)
at CommonMethodsAndUtilities.CommonMethodsAndUtilities.getRandomValue(CommonMethodsAndUtilities.java:207)
at CommonMethodsAndUtilities.CommonMethodsAndUtilities.getRandomValue(CommonMethodsAndUtilities.java:207)
at CommonMethodsAndUtilities.CommonMethodsAndUtilities.getRandomValue(CommonMethodsAndUtilities.java:207)
at CommonMethodsAndUtilities.CommonMethodsAndUtilities.getRandomValue(CommonMethodsAndUtilities.java:207)
at CommonMethodsAndUtilities.CommonMethodsAndUtilities.getRandomValue(CommonMethodsAndUtilities.java:207)
at CommonMethodsAndUtilities.CommonMethodsAndUtilities.getRandomValue(CommonMethodsAndUtilities.java:207)
at CommonMethodsAndUtilities.CommonMethodsAndUtilities.getRandomValue(CommonMethodsAndUtilities.java:207)
at CommonMethodsAndUtilities.CommonMethodsAndUtilities.getRandomValue(CommonMethodsAndUtilities.java:207)
at CommonMethodsAndUtilities.CommonMethodsAndUtilities.getRandomValue(CommonMethodsAndUtilities.java:207)
at CommonMethodsAndUtilities.CommonMethodsAndUtilities.getRandomValue(CommonMethodsAndUtilities.java:207)
at CommonMethodsAndUtilities.CommonMethodsAndUtilities.getRandomValue(CommonMethodsAndUtilities.java:207)
at CommonMethodsAndUtilities.CommonMethodsAndUtilities.getRandomValue(CommonMethodsAndUtilities.java:207)
at CommonMethodsAndUtilities.CommonMethodsAndUtilities.getRandomValue(CommonMethodsAndUtilities.java:207)
at CommonMethodsAndUtilities.CommonMethodsAndUtilities.getRandomValue(CommonMethodsAndUtilities.java:207)
at CommonMethodsAndUtilities.CommonMethodsAndUtilities.getRandomValue(CommonMethodsAndUtilities.java:207)
at CommonMethodsAndUtilities.CommonMethodsAndUtilities.getRandomValue(CommonMethodsAndUtilities.java:207)
at CommonMethodsAndUtilities.CommonMethodsAndUtilities.getRandomValue(CommonMethodsAndUtilities.java:207)
at CommonMethodsAndUtilities.CommonMethodsAndUtilities.getRandomValue(CommonMethodsAndUtilities.java:207)
at CommonMethodsAndUtilities.CommonMethodsAndUtilities.getRandomValue(CommonMethodsAndUtilities.java:207)
at CommonMethodsAndUtilities.CommonMethodsAndUtilities.getRandomValue(CommonMethodsAndUtilities.java:207)
at CommonMethodsAndUtilities.CommonMethodsAndUtilities.getRandomValue(CommonMethodsAndUtilities.java:207)
at CommonMethodsAndUtilities.CommonMethodsAndUtilities.getRandomValue(CommonMethodsAndUtilities.java:207)
at CommonMethodsAndUtilities.CommonMethodsAndUtilities.getRandomValue(CommonMethodsAndUtilities.java:207)
at CommonMethodsAndUtilities.CommonMethodsAndUtilities.getRandomValue(CommonMethodsAndUtilities.java:207)
at CommonMethodsAndUtilities.CommonMethodsAndUtilities.getRandomValue(CommonMethodsAndUtilities.java:207)
at CommonMethodsAndUtilities.CommonMethodsAndUtilities.getRandomValue(CommonMethodsAndUtilities.java:207)
at CommonMethodsAndUtilities.CommonMethodsAndUtilities.getRandomValue(CommonMethodsAndUtilities.java:207)
at CommonMethodsAndUtilities.CommonMethodsAndUtilities.getRandomValue(CommonMethodsAndUtilities.java:207)
at CommonMethodsAndUtilities.CommonMethodsAndUtilities.getRandomValue(CommonMethodsAndUtilities.java:207)
at CommonMethodsAndUtilities.CommonMethodsAndUtilities.getRandomValue(CommonMethodsAndUtilities.java:207)
at CommonMethodsAndUtilities.CommonMethodsAndUtilities.getRandomValue(CommonMethodsAndUtilities.java:207)
at CommonMethodsAndUtilities.CommonMethodsAndUtilities.getRandomValue(CommonMethodsAndUtilities.java:207)
at CommonMethodsAndUtilities.CommonMethodsAndUtilities.getRandomValue(CommonMethodsAndUtilities.java:207)
at CommonMethodsAndUtilities.CommonMethodsAndUtilities.getRandomValue(CommonMethodsAndUtilities.java:207)
at CommonMethodsAndUtilities.CommonMethodsAndUtilities.getRandomValue(CommonMethodsAndUtilities.java:207)
at CommonMethodsAndUtilities.CommonMethodsAndUtilities.getRandomValue(CommonMethodsAndUtilities.java:207)
at CommonMethodsAndUtilities.CommonMethodsAndUtilities.getRandomValue(CommonMethodsAndUtilities.java:207)
at CommonMethodsAndUtilities.CommonMethodsAndUtilities.getRandomValue(CommonMethodsAndUtilities.java:207)
at CommonMethodsAndUtilities.CommonMethodsAndUtilities.getRandomValue(CommonMethodsAndUtilities.java:207)
at CommonMethodsAndUtilities.CommonMethodsAndUtilities.getRandomValue(CommonMethodsAndUtilities.java:207)
at CommonMethodsAndUtilities.CommonMethodsAndUtilities.getRandomValue(CommonMethodsAndUtilities.java:207)
at CommonMethodsAndUtilities.CommonMethodsAndUtilities.getRandomValue(CommonMethodsAndUtilities.java:207)
at CommonMethodsAndUtilities.CommonMethodsAndUtilities.getRandomValue(CommonMethodsAndUtilities.java:207)
at CommonMethodsAndUtilities.CommonMethodsAndUtilities.getRandomValue(CommonMethodsAndUtilities.java:207)
at CommonMethodsAndUtilities.CommonMethodsAndUtilities.getRandomValue(CommonMethodsAndUtilities.java:207)
at CommonMethodsAndUtilities.CommonMethodsAndUtilities.getRandomValue(CommonMethodsAndUtilities.java:207)
at CommonMethodsAndUtilities.CommonMethodsAndUtilities.getRandomValue(CommonMethodsAndUtilities.java:207)
at CommonMethodsAndUtilities.CommonMethodsAndUtilities.getRandomValue(CommonMethodsAndUtilities.java:207)
at CommonMethodsAndUtilities.CommonMethodsAndUtilities.getRandomValue(CommonMethodsAndUtilities.java:207)
at CommonMethodsAndUtilities.CommonMethodsAndUtilities.getRandomValue(CommonMethodsAndUtilities.java:207)
at CommonMethodsAndUtilities.CommonMethodsAndUtilities.getRandomValue(CommonMethodsAndUtilities.java:207)
at CommonMethodsAndUtilities.CommonMethodsAndUtilities.getRandomValue(CommonMethodsAndUtilities.java:207)
at CommonMethodsAndUtilities.CommonMethodsAndUtilities.getRandomValue(CommonMethodsAndUtilities.java:207)
at CommonMethodsAndUtilities.CommonMethodsAndUtilities.getRandomValue(CommonMethodsAndUtilities.java:207)
at CommonMethodsAndUtilities.CommonMethodsAndUtilities.getRandomValue(CommonMethodsAndUtilities.java:207)
at CommonMethodsAndUtilities.CommonMethodsAndUtilities.getRandomValue(CommonMethodsAndUtilities.java:207)
at CommonMethodsAndUtilities.CommonMethodsAndUtilities.getRandomValue(CommonMethodsAndUtilities.java:207)
at CommonMethodsAndUtilities.CommonMethodsAndUtilities.getRandomValue(CommonMethodsAndUtilities.java:207)
at CommonMethodsAndUtilities.CommonMethodsAndUtilities.getRandomValue(CommonMethodsAndUtilities.java:207)
at CommonMethodsAndUtilities.CommonMethodsAndUtilities.getRandomValue(CommonMethodsAndUtilities.java:207)
at CommonMethodsAndUtilities.CommonMethodsAndUtilities.getRandomValue(CommonMethodsAndUtilities.java:207)
at CommonMethodsAndUtilities.CommonMethodsAndUtilities.getRandomValue(CommonMethodsAndUtilities.java:207)
at CommonMethodsAndUtilities.CommonMethodsAndUtilities.getRandomValue(CommonMethodsAndUtilities.java:207)
at CommonMethodsAndUtilities.CommonMethodsAndUtilities.getRandomValue(CommonMethodsAndUtilities.java:207)
at CommonMethodsAndUtilities.CommonMethodsAndUtilities.getRandomValue(CommonMethodsAndUtilities.java:207)
at CommonMethodsAndUtilities.CommonMethodsAndUtilities.getRandomValue(CommonMethodsAndUtilities.java:207)
at CommonMethodsAndUtilities.CommonMethodsAndUtilities.getRandomValue(CommonMethodsAndUtilities.java:207)
at CommonMethodsAndUtilities.CommonMethodsAndUtilities.getRandomValue(CommonMethodsAndUtilities.java:207)
at CommonMethodsAndUtilities.CommonMethodsAndUtilities.getRandomValue(CommonMethodsAndUtilities.java:207)
at CommonMethodsAndUtilities.CommonMethodsAndUtilities.getRandomValue(CommonMethodsAndUtilities.java:207)
at CommonMethodsAndUtilities.CommonMethodsAndUtilities.getRandomValue(CommonMethodsAndUtilities.java:207)
at CommonMethodsAndUtilities.CommonMethodsAndUtilities.getRandomValue(CommonMethodsAndUtilities.java:207)
at CommonMethodsAndUtilities.CommonMethodsAndUtilities.getRandomValue(CommonMethodsAndUtilities.java:207)
at CommonMethodsAndUtilities.CommonMethodsAndUtilities.getRandomValue(CommonMethodsAndUtilities.java:207)
at CommonMethodsAndUtilities.CommonMethodsAndUtilities.getRandomValue(CommonMethodsAndUtilities.java:207)
at CommonMethodsAndUtilities.CommonMethodsAndUtilities.getRandomValue(CommonMethodsAndUtilities.java:207)
at CommonMethodsAndUtilities.CommonMethodsAndUtilities.getRandomValue(CommonMethodsAndUtilities.java:207)
at CommonMethodsAndUtilities.CommonMethodsAndUtilities.getRandomValue(CommonMethodsAndUtilities.java:207)
at CommonMethodsAndUtilities.CommonMethodsAndUtilities.getRandomValue(CommonMethodsAndUtilities.java:207)
at CommonMethodsAndUtilities.CommonMethodsAndUtilities.getRandomValue(CommonMethodsAndUtilities.java:207)
at CommonMethodsAndUtilities.CommonMethodsAndUtilities.getRandomValue(CommonMethodsAndUtilities.java:207)
at CommonMethodsAndUtilities.CommonMethodsAndUtilities.getRandomValue(CommonMethodsAndUtilities.java:207)
at CommonMethodsAndUtilities.CommonMethodsAndUtilities.getRandomValue(CommonMethodsAndUtilities.java:207)
at CommonMethodsAndUtilities.CommonMethodsAndUtilities.getRandomValue(CommonMethodsAndUtilities.java:207)
at CommonMethodsAndUtilities.CommonMethodsAndUtilities.getRandomValue(CommonMethodsAndUtilities.java:207)
at CommonMethodsAndUtilities.CommonMethodsAndUtilities.getRandomValue(CommonMethodsAndUtilities.java:207)
at CommonMethodsAndUtilities.CommonMethodsAndUtilities.getRandomValue(CommonMethodsAndUtilities.java:207)
at CommonMethodsAndUtilities.CommonMethodsAndUtilities.getRandomValue(CommonMethodsAndUtilities.java:207)
at CommonMethodsAndUtilities.CommonMethodsAndUtilities.getRandomValue(CommonMethodsAndUtilities.java:207)
at CommonMethodsAndUtilities.CommonMethodsAndUtilities.getRandomValue(CommonMethodsAndUtilities.java:207)
at CommonMethodsAndUtilities.CommonMethodsAndUtilities.getRandomValue(CommonMethodsAndUtilities.java:207)
at CommonMethodsAndUtilities.CommonMethodsAndUtilities.getRandomValue(CommonMethodsAndUtilities.java:207)
at CommonMethodsAndUtilities.CommonMethodsAndUtilities.getRandomValue(CommonMethodsAndUtilities.java:207)
at CommonMethodsAndUtilities.CommonMethodsAndUtilities.getRandomValue(CommonMethodsAndUtilities.java:207)
at CommonMethodsAndUtilities.CommonMethodsAndUtilities.getRandomValue(CommonMethodsAndUtilities.java:207)
at CommonMethodsAndUtilities.CommonMethodsAndUtilities.getRandomValue(CommonMethodsAndUtilities.java:207)
at CommonMethodsAndUtilities.CommonMethodsAndUtilities.getRandomValue(CommonMethodsAndUtilities.java:207)
at CommonMethodsAndUtilities.CommonMethodsAndUtilities.getRandomValue(CommonMethodsAndUtilities.java:207)
at CommonMethodsAndUtilities.CommonMethodsAndUtilities.getRandomValue(CommonMethodsAndUtilities.java:207)
at CommonMethodsAndUtilities.CommonMethodsAndUtilities.getRandomValue(CommonMethodsAndUtilities.java:207)
at CommonMethodsAndUtilities.CommonMethodsAndUtilities.getRandomValue(CommonMethodsAndUtilities.java:207)
at CommonMethodsAndUtilities.CommonMethodsAndUtilities.getRandomValue(CommonMethodsAndUtilities.java:207)
at CommonMethodsAndUtilities.CommonMethodsAndUtilities.getRandomValue(CommonMethodsAndUtilities.java:207)
at CommonMethodsAndUtilities.CommonMethodsAndUtilities.getRandomValue(CommonMethodsAndUtilities.java:207)
at CommonMethodsAndUtilities.CommonMethodsAndUtilities.getRandomValue(CommonMethodsAndUtilities.java:207)
at CommonMethodsAndUtilities.CommonMethodsAndUtilities.getRandomValue(CommonMethodsAndUtilities.java:207)
at CommonMethodsAndUtilities.CommonMethodsAndUtilities.getRandomValue(CommonMethodsAndUtilities.java:207)
at CommonMethodsAndUtilities.CommonMethodsAndUtilities.getRandomValue(CommonMethodsAndUtilities.java:207)
at CommonMethodsAndUtilities.CommonMethodsAndUtilities.getRandomValue(CommonMethodsAndUtilities.java:207)
at CommonMethodsAndUtilities.CommonMethodsAndUtilities.getRandomValue(CommonMethodsAndUtilities.java:207)
at CommonMethodsAndUtilities.CommonMethodsAndUtilities.getRandomValue(CommonMethodsAndUtilities.java:207)
at CommonMethodsAndUtilities.CommonMethodsAndUtilities.getRandomValue(CommonMethodsAndUtilities.java:207)
at CommonMethodsAndUtilities.CommonMethodsAndUtilities.getRandomValue(CommonMethodsAndUtilities.java:207)
at CommonMethodsAndUtilities.CommonMethodsAndUtilities.getRandomValue(CommonMethodsAndUtilities.java:207)
at CommonMethodsAndUtilities.CommonMethodsAndUtilities.getRandomValue(CommonMethodsAndUtilities.java:207)
at CommonMethodsAndUtilities.CommonMethodsAndUtilities.getRandomValue(CommonMethodsAndUtilities.java:207)
at CommonMethodsAndUtilities.CommonMethodsAndUtilities.getRandomValue(CommonMethodsAndUtilities.java:207)
at CommonMethodsAndUtilities.CommonMethodsAndUtilities.getRandomValue(CommonMethodsAndUtilities.java:207)
at CommonMethodsAndUtilities.CommonMethodsAndUtilities.getRandomValue(CommonMethodsAndUtilities.java:207)
at CommonMethodsAndUtilities.CommonMethodsAndUtilities.getRandomValue(CommonMethodsAndUtilities.java:207)
at CommonMethodsAndUtilities.CommonMethodsAndUtilities.getRandomValue(CommonMethodsAndUtilities.java:207)
at CommonMethodsAndUtilities.CommonMethodsAndUtilities.getRandomValue(CommonMethodsAndUtilities.java:207)
at CommonMethodsAndUtilities.CommonMethodsAndUtilities.getRandomValue(CommonMethodsAndUtilities.java:207)
at CommonMethodsAndUtilities.CommonMethodsAndUtilities.getRandomValue(CommonMethodsAndUtilities.java:207)
at CommonMethodsAndUtilities.CommonMethodsAndUtilities.getRandomValue(CommonMethodsAndUtilities.java:207)
at CommonMethodsAndUtilities.CommonMethodsAndUtilities.getRandomValue(CommonMethodsAndUtilities.java:207)
at CommonMethodsAndUtilities.CommonMethodsAndUtilities.getRandomValue(CommonMethodsAndUtilities.java:207)
at CommonMethodsAndUtilities.CommonMethodsAndUtilities.getRandomValue(CommonMethodsAndUtilities.java:207)
at CommonMethodsAndUtilities.CommonMethodsAndUtilities.getRandomValue(CommonMethodsAndUtilities.java:207)
at CommonMethodsAndUtilities.CommonMethodsAndUtilities.getRandomValue(CommonMethodsAndUtilities.java:207)
at CommonMethodsAndUtilities.CommonMethodsAndUtilities.getRandomValue(CommonMethodsAndUtilities.java:207)
at CommonMethodsAndUtilities.CommonMethodsAndUtilities.getRandomValue(CommonMethodsAndUtilities.java:207)
at CommonMethodsAndUtilities.CommonMethodsAndUtilities.getRandomValue(CommonMethodsAndUtilities.java:207)
at CommonMethodsAndUtilities.CommonMethodsAndUtilities.getRandomValue(CommonMethodsAndUtilities.java:207)
at CommonMethodsAndUtilities.CommonMethodsAndUtilities.getRandomValue(CommonMethodsAndUtilities.java:207)
at CommonMethodsAndUtilities.CommonMethodsAndUtilities.getRandomValue(CommonMethodsAndUtilities.java:207)
at CommonMethodsAndUtilities.CommonMethodsAndUtilities.getRandomValue(CommonMethodsAndUtilities.java:207)
at CommonMethodsAndUtilities.CommonMethodsAndUtilities.getRandomValue(CommonMethodsAndUtilities.java:207)
at CommonMethodsAndUtilities.CommonMethodsAndUtilities.getRandomValue(CommonMethodsAndUtilities.java:207)
at CommonMethodsAndUtilities.CommonMethodsAndUtilities.getRandomValue(CommonMethodsAndUtilities.java:207)
at CommonMethodsAndUtilities.CommonMethodsAndUtilities.getRandomValue(CommonMethodsAndUtilities.java:207)
at CommonMethodsAndUtilities.CommonMethodsAndUtilities.getRandomValue(CommonMethodsAndUtilities.java:207)
at CommonMethodsAndUtilities.CommonMethodsAndUtilities.getRandomValue(CommonMethodsAndUtilities.java:207)
at CommonMethodsAndUtilities.CommonMethodsAndUtilities.getRandomValue(CommonMethodsAndUtilities.java:207)
at CommonMethodsAndUtilities.CommonMethodsAndUtilities.getRandomValue(CommonMethodsAndUtilities.java:207)
at CommonMethodsAndUtilities.CommonMethodsAndUtilities.getRandomValue(CommonMethodsAndUtilities.java:207)
at CommonMethodsAndUtilities.CommonMethodsAndUtilities.getRandomValue(CommonMethodsAndUtilities.java:207)
at CommonMethodsAndUtilities.CommonMethodsAndUtilities.getRandomValue(CommonMethodsAndUtilities.java:207)
at CommonMethodsAndUtilities.CommonMethodsAndUtilities.getRandomValue(CommonMethodsAndUtilities.java:207)
at CommonMethodsAndUtilities.CommonMethodsAndUtilities.getRandomValue(CommonMethodsAndUtilities.java:207)
at CommonMethodsAndUtilities.CommonMethodsAndUtilities.getRandomValue(CommonMethodsAndUtilities.java:207)
at CommonMethodsAndUtilities.CommonMethodsAndUtilities.getRandomValue(CommonMethodsAndUtilities.java:207)
at CommonMethodsAndUtilities.CommonMethodsAndUtilities.getRandomValue(CommonMethodsAndUtilities.java:207)
at CommonMethodsAndUtilities.CommonMethodsAndUtilities.getRandomValue(CommonMethodsAndUtilities.java:207)
at CommonMethodsAndUtilities.CommonMethodsAndUtilities.getRandomValue(CommonMethodsAndUtilities.java:207)
at CommonMethodsAndUtilities.CommonMethodsAndUtilities.getRandomValue(CommonMethodsAndUtilities.java:207)
at CommonMethodsAndUtilities.CommonMethodsAndUtilities.getRandomValue(CommonMethodsAndUtilities.java:207)
at CommonMethodsAndUtilities.CommonMethodsAndUtilities.getRandomValue(CommonMethodsAndUtilities.java:207)
at CommonMethodsAndUtilities.CommonMethodsAndUtilities.getRandomValue(CommonMethodsAndUtilities.java:207)
at CommonMethodsAndUtilities.CommonMethodsAndUtilities.getRandomValue(CommonMethodsAndUtilities.java:207)
at CommonMethodsAndUtilities.CommonMethodsAndUtilities.getRandomValue(CommonMethodsAndUtilities.java:207)
at CommonMethodsAndUtilities.CommonMethodsAndUtilities.getRandomValue(CommonMethodsAndUtilities.java:207)
at CommonMethodsAndUtilities.CommonMethodsAndUtilities.getRandomValue(CommonMethodsAndUtilities.java:207)
at CommonMethodsAndUtilities.CommonMethodsAndUtilities.getRandomValue(CommonMethodsAndUtilities.java:207)
at CommonMethodsAndUtilities.CommonMethodsAndUtilities.getRandomValue(CommonMethodsAndUtilities.java:207)
at CommonMethodsAndUtilities.CommonMethodsAndUtilities.getRandomValue(CommonMethodsAndUtilities.java:207)
at CommonMethodsAndUtilities.CommonMethodsAndUtilities.getRandomValue(CommonMethodsAndUtilities.java:207)
at CommonMethodsAndUtilities.CommonMethodsAndUtilities.getRandomValue(CommonMethodsAndUtilities.java:207)
at CommonMethodsAndUtilities.CommonMethodsAndUtilities.getRandomValue(CommonMethodsAndUtilities.java:207)
at CommonMethodsAndUtilities.CommonMethodsAndUtilities.getRandomValue(CommonMethodsAndUtilities.java:207)
at CommonMethodsAndUtilities.CommonMethodsAndUtilities.getRandomValue(CommonMethodsAndUtilities.java:207)
at CommonMethodsAndUtilities.CommonMethodsAndUtilities.getRandomValue(CommonMethodsAndUtilities.java:207)
at CommonMethodsAndUtilities.CommonMethodsAndUtilities.getRandomValue(CommonMethodsAndUtilities.java:207)
at CommonMethodsAndUtilities.CommonMethodsAndUtilities.getRandomValue(CommonMethodsAndUtilities.java:207)
at CommonMethodsAndUtilities.CommonMethodsAndUtilities.getRandomValue(CommonMethodsAndUtilities.java:207)
at CommonMethodsAndUtilities.CommonMethodsAndUtilities.getRandomValue(CommonMethodsAndUtilities.java:207)
at CommonMethodsAndUtilities.CommonMethodsAndUtilities.getRandomValue(CommonMethodsAndUtilities.java:207)
at CommonMethodsAndUtilities.CommonMethodsAndUtilities.getRandomValue(CommonMethodsAndUtilities.java:207)
at CommonMethodsAndUtilities.CommonMethodsAndUtilities.getRandomValue(CommonMethodsAndUtilities.java:207)
at CommonMethodsAndUtilities.CommonMethodsAndUtilities.getRandomValue(CommonMethodsAndUtilities.java:207)
at CommonMethodsAndUtilities.CommonMethodsAndUtilities.getRandomValue(CommonMethodsAndUtilities.java:207)
at CommonMethodsAndUtilities.CommonMethodsAndUtilities.getRandomValue(CommonMethodsAndUtilities.java:207)
at CommonMethodsAndUtilities.CommonMethodsAndUtilities.getRandomValue(CommonMethodsAndUtilities.java:207)
at CommonMethodsAndUtilities.CommonMethodsAndUtilities.getRandomValue(CommonMethodsAndUtilities.java:207)
at CommonMethodsAndUtilities.CommonMethodsAndUtilities.getRandomValue(CommonMethodsAndUtilities.java:207)
at CommonMethodsAndUtilities.CommonMethodsAndUtilities.getRandomValue(CommonMethodsAndUtilities.java:207)
at CommonMethodsAndUtilities.CommonMethodsAndUtilities.getRandomValue(CommonMethodsAndUtilities.java:207)
at CommonMethodsAndUtilities.CommonMethodsAndUtilities.getRandomValue(CommonMethodsAndUtilities.java:207)
at CommonMethodsAndUtilities.CommonMethodsAndUtilities.getRandomValue(CommonMethodsAndUtilities.java:207)
at CommonMethodsAndUtilities.CommonMethodsAndUtilities.getRandomValue(CommonMethodsAndUtilities.java:207)
at CommonMethodsAndUtilities.CommonMethodsAndUtilities.getRandomValue(CommonMethodsAndUtilities.java:207)
at CommonMethodsAndUtilities.CommonMethodsAndUtilities.getRandomValue(CommonMethodsAndUtilities.java:207)
at CommonMethodsAndUtilities.CommonMethodsAndUtilities.getRandomValue(CommonMethodsAndUtilities.java:207)
at CommonMethodsAndUtilities.CommonMethodsAndUtilities.getRandomValue(CommonMethodsAndUtilities.java:207)
at CommonMethodsAndUtilities.CommonMethodsAndUtilities.getRandomValue(CommonMethodsAndUtilities.java:207)
at CommonMethodsAndUtilities.CommonMethodsAndUtilities.getRandomValue(CommonMethodsAndUtilities.java:207)
at CommonMethodsAndUtilities.CommonMethodsAndUtilities.getRandomValue(CommonMethodsAndUtilities.java:207)
at CommonMethodsAndUtilities.CommonMethodsAndUtilities.getRandomValue(CommonMethodsAndUtilities.java:207)
at CommonMethodsAndUtilities.CommonMethodsAndUtilities.getRandomValue(CommonMethodsAndUtilities.java:207)
at CommonMethodsAndUtilities.CommonMethodsAndUtilities.getRandomValue(CommonMethodsAndUtilities.java:207)
at CommonMethodsAndUtilities.CommonMethodsAndUtilities.getRandomValue(CommonMethodsAndUtilities.java:207)
at CommonMethodsAndUtilities.CommonMethodsAndUtilities.getRandomValue(CommonMethodsAndUtilities.java:207)
at CommonMethodsAndUtilities.CommonMethodsAndUtilities.getRandomValue(CommonMethodsAndUtilities.java:207)
at CommonMethodsAndUtilities.CommonMethodsAndUtilities.getRandomValue(CommonMethodsAndUtilities.java:207)
at CommonMethodsAndUtilities.CommonMethodsAndUtilities.getRandomValue(CommonMethodsAndUtilities.java:207)
at CommonMethodsAndUtilities.CommonMethodsAndUtilities.getRandomValue(CommonMethodsAndUtilities.java:207)
at CommonMethodsAndUtilities.CommonMethodsAndUtilities.getRandomValue(CommonMethodsAndUtilities.java:207)
at CommonMethodsAndUtilities.CommonMethodsAndUtilities.getRandomValue(CommonMethodsAndUtilities.java:207)
at CommonMethodsAndUtilities.CommonMethodsAndUtilities.getRandomValue(CommonMethodsAndUtilities.java:207)
at CommonMethodsAndUtilities.CommonMethodsAndUtilities.getRandomValue(CommonMethodsAndUtilities.java:207)
at CommonMethodsAndUtilities.CommonMethodsAndUtilities.getRandomValue(CommonMethodsAndUtilities.java:207)
at CommonMethodsAndUtilities.CommonMethodsAndUtilities.getRandomValue(CommonMethodsAndUtilities.java:207)
at CommonMethodsAndUtilities.CommonMethodsAndUtilities.getRandomValue(CommonMethodsAndUtilities.java:207)
at CommonMethodsAndUtilities.CommonMethodsAndUtilities.getRandomValue(CommonMethodsAndUtilities.java:207)
at CommonMethodsAndUtilities.CommonMethodsAndUtilities.getRandomValue(CommonMethodsAndUtilities.java:207)
at CommonMethodsAndUtilities.CommonMethodsAndUtilities.getRandomValue(CommonMethodsAndUtilities.java:207)
at CommonMethodsAndUtilities.CommonMethodsAndUtilities.getRandomValue(CommonMethodsAndUtilities.java:207)
at CommonMethodsAndUtilities.CommonMethodsAndUtilities.getRandomValue(CommonMethodsAndUtilities.java:207)
at CommonMethodsAndUtilities.CommonMethodsAndUtilities.getRandomValue(CommonMethodsAndUtilities.java:207)
at CommonMethodsAndUtilities.CommonMethodsAndUtilities.getRandomValue(CommonMethodsAndUtilities.java:207)
at CommonMethodsAndUtilities.CommonMethodsAndUtilities.getRandomValue(CommonMethodsAndUtilities.java:207)
at CommonMethodsAndUtilities.CommonMethodsAndUtilities.getRandomValue(CommonMethodsAndUtilities.java:207)
at CommonMethodsAndUtilities.CommonMethodsAndUtilities.getRandomValue(CommonMethodsAndUtilities.java:207)
at CommonMethodsAndUtilities.CommonMethodsAndUtilities.getRandomValue(CommonMethodsAndUtilities.java:207)
at CommonMethodsAndUtilities.CommonMethodsAndUtilities.getRandomValue(CommonMethodsAndUtilities.java:207)
at CommonMethodsAndUtilities.CommonMethodsAndUtilities.getRandomValue(CommonMethodsAndUtilities.java:207)
at CommonMethodsAndUtilities.CommonMethodsAndUtilities.getRandomValue(CommonMethodsAndUtilities.java:207)
at CommonMethodsAndUtilities.CommonMethodsAndUtilities.getRandomValue(CommonMethodsAndUtilities.java:207)
at CommonMethodsAndUtilities.CommonMethodsAndUtilities.getRandomValue(CommonMethodsAndUtilities.java:207)
at CommonMethodsAndUtilities.CommonMethodsAndUtilities.getRandomValue(CommonMethodsAndUtilities.java:207)
at CommonMethodsAndUtilities.CommonMethodsAndUtilities.getRandomValue(CommonMethodsAndUtilities.java:207)
at CommonMethodsAndUtilities.CommonMethodsAndUtilities.getRandomValue(CommonMethodsAndUtilities.java:207)
at CommonMethodsAndUtilities.CommonMethodsAndUtilities.getRandomValue(CommonMethodsAndUtilities.java:207)
at CommonMethodsAndUtilities.CommonMethodsAndUtilities.getRandomValue(CommonMethodsAndUtilities.java:207)
at CommonMethodsAndUtilities.CommonMethodsAndUtilities.getRandomValue(CommonMethodsAndUtilities.java:207)
at CommonMethodsAndUtilities.CommonMethodsAndUtilities.getRandomValue(CommonMethodsAndUtilities.java:207)
at CommonMethodsAndUtilities.CommonMethodsAndUtilities.getRandomValue(CommonMethodsAndUtilities.java:207)
at CommonMethodsAndUtilities.CommonMethodsAndUtilities.getRandomValue(CommonMethodsAndUtilities.java:207)
at CommonMethodsAndUtilities.CommonMethodsAndUtilities.getRandomValue(CommonMethodsAndUtilities.java:207)
at CommonMethodsAndUtilities.CommonMethodsAndUtilities.getRandomValue(CommonMethodsAndUtilities.java:207)
at CommonMethodsAndUtilities.CommonMethodsAndUtilities.getRandomValue(CommonMethodsAndUtilities.java:207)
at CommonMethodsAndUtilities.CommonMethodsAndUtilities.getRandomValue(CommonMethodsAndUtilities.java:207)
at CommonMethodsAndUtilities.CommonMethodsAndUtilities.getRandomValue(CommonMethodsAndUtilities.java:207)
at CommonMethodsAndUtilities.CommonMethodsAndUtilities.getRandomValue(CommonMethodsAndUtilities.java:207)
at CommonMethodsAndUtilities.CommonMethodsAndUtilities.getRandomValue(CommonMethodsAndUtilities.java:207)
at CommonMethodsAndUtilities.CommonMethodsAndUtilities.getRandomValue(CommonMethodsAndUtilities.java:207)
at CommonMethodsAndUtilities.CommonMethodsAndUtilities.getRandomValue(CommonMethodsAndUtilities.java:207)
at CommonMethodsAndUtilities.CommonMethodsAndUtilities.getRandomValue(CommonMethodsAndUtilities.java:207)
at CommonMethodsAndUtilities.CommonMethodsAndUtilities.getRandomValue(CommonMethodsAndUtilities.java:207)
at CommonMethodsAndUtilities.CommonMethodsAndUtilities.getRandomValue(CommonMethodsAndUtilities.java:207)
at CommonMethodsAndUtilities.CommonMethodsAndUtilities.getRandomValue(CommonMethodsAndUtilities.java:207)
at CommonMethodsAndUtilities.CommonMethodsAndUtilities.getRandomValue(CommonMethodsAndUtilities.java:207)
at CommonMethodsAndUtilities.CommonMethodsAndUtilities.getRandomValue(CommonMethodsAndUtilities.java:207)
at CommonMethodsAndUtilities.CommonMethodsAndUtilities.getRandomValue(CommonMethodsAndUtilities.java:207)
at CommonMethodsAndUtilities.CommonMethodsAndUtilities.getRandomValue(CommonMethodsAndUtilities.java:207)
at CommonMethodsAndUtilities.CommonMethodsAndUtilities.getRandomValue(CommonMethodsAndUtilities.java:207)
at CommonMethodsAndUtilities.CommonMethodsAndUtilities.getRandomValue(CommonMethodsAndUtilities.java:207)
at CommonMethodsAndUtilities.CommonMethodsAndUtilities.getRandomValue(CommonMethodsAndUtilities.java:207)
at CommonMethodsAndUtilities.CommonMethodsAndUtilities.getRandomValue(CommonMethodsAndUtilities.java:207)
at CommonMethodsAndUtilities.CommonMethodsAndUtilities.getRandomValue(CommonMethodsAndUtilities.java:207)
at CommonMethodsAndUtilities.CommonMethodsAndUtilities.getRandomValue(CommonMethodsAndUtilities.java:207)
at CommonMethodsAndUtilities.CommonMethodsAndUtilities.getRandomValue(CommonMethodsAndUtilities.java:207)
at CommonMethodsAndUtilities.CommonMethodsAndUtilities.getRandomValue(CommonMethodsAndUtilities.java:207)
at CommonMethodsAndUtilities.CommonMethodsAndUtilities.getRandomValue(CommonMethodsAndUtilities.java:207)
at CommonMethodsAndUtilities.CommonMethodsAndUtilities.getRandomValue(CommonMethodsAndUtilities.java:207)
at CommonMethodsAndUtilities.CommonMethodsAndUtilities.getRandomValue(CommonMethodsAndUtilities.java:207)
at CommonMethodsAndUtilities.CommonMethodsAndUtilities.getRandomValue(CommonMethodsAndUtilities.java:207)
at CommonMethodsAndUtilities.CommonMethodsAndUtilities.getRandomValue(CommonMethodsAndUtilities.java:207)
at CommonMethodsAndUtilities.CommonMethodsAndUtilities.getRandomValue(CommonMethodsAndUtilities.java:207)
at CommonMethodsAndUtilities.CommonMethodsAndUtilities.getRandomValue(CommonMethodsAndUtilities.java:207)
at CommonMethodsAndUtilities.CommonMethodsAndUtilities.getRandomValue(CommonMethodsAndUtilities.java:207)
at CommonMethodsAndUtilities.CommonMethodsAndUtilities.getRandomValue(CommonMethodsAndUtilities.java:207)
at CommonMethodsAndUtilities.CommonMethodsAndUtilities.getRandomValue(CommonMethodsAndUtilities.java:207)
at CommonMethodsAndUtilities.CommonMethodsAndUtilities.getRandomValue(CommonMethodsAndUtilities.java:207)
at CommonMethodsAndUtilities.CommonMethodsAndUtilities.getRandomValue(CommonMethodsAndUtilities.java:207)
at CommonMethodsAndUtilities.CommonMethodsAndUtilities.getRandomValue(CommonMethodsAndUtilities.java:207)
at CommonMethodsAndUtilities.CommonMethodsAndUtilities.getRandomValue(CommonMethodsAndUtilities.java:207)
at CommonMethodsAndUtilities.CommonMethodsAndUtilities.getRandomValue(CommonMethodsAndUtilities.java:207)
at CommonMethodsAndUtilities.CommonMethodsAndUtilities.getRandomValue(CommonMethodsAndUtilities.java:207)
at CommonMethodsAndUtilities.CommonMethodsAndUtilities.getRandomValue(CommonMethodsAndUtilities.java:207)
at CommonMethodsAndUtilities.CommonMethodsAndUtilities.getRandomValue(CommonMethodsAndUtilities.java:207)
at CommonMethodsAndUtilities.CommonMethodsAndUtilities.getRandomValue(CommonMethodsAndUtilities.java:207)
at CommonMethodsAndUtilities.CommonMethodsAndUtilities.getRandomValue(CommonMethodsAndUtilities.java:207)
at CommonMethodsAndUtilities.CommonMethodsAndUtilities.getRandomValue(CommonMethodsAndUtilities.java:207)
at CommonMethodsAndUtilities.CommonMethodsAndUtilities.getRandomValue(CommonMethodsAndUtilities.java:207)
at CommonMethodsAndUtilities.CommonMethodsAndUtilities.getRandomValue(CommonMethodsAndUtilities.java:207)
at CommonMethodsAndUtilities.CommonMethodsAndUtilities.getRandomValue(CommonMethodsAndUtilities.java:207)
at CommonMethodsAndUtilities.CommonMethodsAndUtilities.getRandomValue(CommonMethodsAndUtilities.java:207)
at CommonMethodsAndUtilities.CommonMethodsAndUtilities.getRandomValue(CommonMethodsAndUtilities.java:207)
at CommonMethodsAndUtilities.CommonMethodsAndUtilities.getRandomValue(CommonMethodsAndUtilities.java:207)
at CommonMethodsAndUtilities.CommonMethodsAndUtilities.getRandomValue(CommonMethodsAndUtilities.java:207)
at CommonMethodsAndUtilities.CommonMethodsAndUtilities.getRandomValue(CommonMethodsAndUtilities.java:207)
at CommonMethodsAndUtilities.CommonMethodsAndUtilities.getRandomValue(CommonMethodsAndUtilities.java:207)
at CommonMethodsAndUtilities.CommonMethodsAndUtilities.getRandomValue(CommonMethodsAndUtilities.java:207)
at CommonMethodsAndUtilities.CommonMethodsAndUtilities.getRandomValue(CommonMethodsAndUtilities.java:207)
at CommonMethodsAndUtilities.CommonMethodsAndUtilities.getRandomValue(CommonMethodsAndUtilities.java:207)
at CommonMethodsAndUtilities.CommonMethodsAndUtilities.getRandomValue(CommonMethodsAndUtilities.java:207)
at CommonMethodsAndUtilities.CommonMethodsAndUtilities.getRandomValue(CommonMethodsAndUtilities.java:207)
at CommonMethodsAndUtilities.CommonMethodsAndUtilities.getRandomValue(CommonMethodsAndUtilities.java:207)
at CommonMethodsAndUtilities.CommonMethodsAndUtilities.getRandomValue(CommonMethodsAndUtilities.java:207)
at CommonMethodsAndUtilities.CommonMethodsAndUtilities.getRandomValue(CommonMethodsAndUtilities.java:207)
at CommonMethodsAndUtilities.CommonMethodsAndUtilities.getRandomValue(CommonMethodsAndUtilities.java:207)
at CommonMethodsAndUtilities.CommonMethodsAndUtilities.getRandomValue(CommonMethodsAndUtilities.java:207)
at CommonMethodsAndUtilities.CommonMethodsAndUtilities.getRandomValue(CommonMethodsAndUtilities.java:207)
at CommonMethodsAndUtilities.CommonMethodsAndUtilities.getRandomValue(CommonMethodsAndUtilities.java:207)
at CommonMethodsAndUtilities.CommonMethodsAndUtilities.getRandomValue(CommonMethodsAndUtilities.java:207)
at CommonMethodsAndUtilities.CommonMethodsAndUtilities.getRandomValue(CommonMethodsAndUtilities.java:207)
at CommonMethodsAndUtilities.CommonMethodsAndUtilities.getRandomValue(CommonMethodsAndUtilities.java:207)
at CommonMethodsAndUtilities.CommonMethodsAndUtilities.getRandomValue(CommonMethodsAndUtilities.java:207)
at CommonMethodsAndUtilities.CommonMethodsAndUtilities.getRandomValue(CommonMethodsAndUtilities.java:207)
at CommonMethodsAndUtilities.CommonMethodsAndUtilities.getRandomValue(CommonMethodsAndUtilities.java:207)
at CommonMethodsAndUtilities.CommonMethodsAndUtilities.getRandomValue(CommonMethodsAndUtilities.java:207)
at CommonMethodsAndUtilities.CommonMethodsAndUtilities.getRandomValue(CommonMethodsAndUtilities.java:207)
at CommonMethodsAndUtilities.CommonMethodsAndUtilities.getRandomValue(CommonMethodsAndUtilities.java:207)
at CommonMethodsAndUtilities.CommonMethodsAndUtilities.getRandomValue(CommonMethodsAndUtilities.java:207)
at CommonMethodsAndUtilities.CommonMethodsAndUtilities.getRandomValue(CommonMethodsAndUtilities.java:207)
at CommonMethodsAndUtilities.CommonMethodsAndUtilities.getRandomValue(CommonMethodsAndUtilities.java:207)
at CommonMethodsAndUtilities.CommonMethodsAndUtilities.getRandomValue(CommonMethodsAndUtilities.java:207)
at CommonMethodsAndUtilities.CommonMethodsAndUtilities.getRandomValue(CommonMethodsAndUtilities.java:207)
at CommonMethodsAndUtilities.CommonMethodsAndUtilities.getRandomValue(CommonMethodsAndUtilities.java:207)
at CommonMethodsAndUtilities.CommonMethodsAndUtilities.getRandomValue(CommonMethodsAndUtilities.java:207)
at CommonMethodsAndUtilities.CommonMethodsAndUtilities.getRandomValue(CommonMethodsAndUtilities.java:207)
at CommonMethodsAndUtilities.CommonMethodsAndUtilities.getRandomValue(CommonMethodsAndUtilities.java:207)
at CommonMethodsAndUtilities.CommonMethodsAndUtilities.getRandomValue(CommonMethodsAndUtilities.java:207)
at CommonMethodsAndUtilities.CommonMethodsAndUtilities.getRandomValue(CommonMethodsAndUtilities.java:207)
at CommonMethodsAndUtilities.CommonMethodsAndUtilities.getRandomValue(CommonMethodsAndUtilities.java:207)
at CommonMethodsAndUtilities.CommonMethodsAndUtilities.getRandomValue(CommonMethodsAndUtilities.java:207)
at CommonMethodsAndUtilities.CommonMethodsAndUtilities.getRandomValue(CommonMethodsAndUtilities.java:207)
at CommonMethodsAndUtilities.CommonMethodsAndUtilities.getRandomValue(CommonMethodsAndUtilities.java:207)
at CommonMethodsAndUtilities.CommonMethodsAndUtilities.getRandomValue(CommonMethodsAndUtilities.java:207)
at CommonMethodsAndUtilities.CommonMethodsAndUtilities.getRandomValue(CommonMethodsAndUtilities.java:207)
at CommonMethodsAndUtilities.CommonMethodsAndUtilities.getRandomValue(CommonMethodsAndUtilities.java:207)
at CommonMethodsAndUtilities.CommonMethodsAndUtilities.getRandomValue(CommonMethodsAndUtilities.java:207)
at CommonMethodsAndUtilities.CommonMethodsAndUtilities.getRandomValue(CommonMethodsAndUtilities.java:207)
at CommonMethodsAndUtilities.CommonMethodsAndUtilities.getRandomValue(CommonMethodsAndUtilities.java:207)
at CommonMethodsAndUtilities.CommonMethodsAndUtilities.getRandomValue(CommonMethodsAndUtilities.java:207)
at CommonMethodsAndUtilities.CommonMethodsAndUtilities.getRandomValue(CommonMethodsAndUtilities.java:207)
at CommonMethodsAndUtilities.CommonMethodsAndUtilities.getRandomValue(CommonMethodsAndUtilities.java:207)
at CommonMethodsAndUtilities.CommonMethodsAndUtilities.getRandomValue(CommonMethodsAndUtilities.java:207)
at CommonMethodsAndUtilities.CommonMethodsAndUtilities.getRandomValue(CommonMethodsAndUtilities.java:207)
at CommonMethodsAndUtilities.CommonMethodsAndUtilities.getRandomValue(CommonMethodsAndUtilities.java:207)
at CommonMethodsAndUtilities.CommonMethodsAndUtilities.getRandomValue(CommonMethodsAndUtilities.java:207)
at CommonMethodsAndUtilities.CommonMethodsAndUtilities.getRandomValue(CommonMethodsAndUtilities.java:207)
]]>
    </error>
    <system-out>
      <![CDATA[The details are logged in a file
The first product name is: Sauce Labs Backpack
The first product price is: $29.99]]>
    </system-out>
  </testcase> <!-- assertPerformanceUser -->
  <testcase classname="ApplicationTests.E2ETests" name="assertErrorUser" time="0.635">
    <system-out>
      <![CDATA[The details are logged in a file
The first product name is: Sauce Labs Backpack
The first product price is: $29.99]]>
    </system-out>
  </testcase> <!-- assertErrorUser -->
  <testcase classname="ApplicationTests.E2ETests" name="assertErrorUser" time="0.674">
    <system-out>
      <![CDATA[The details are logged in a file
The first product name is: Sauce Labs Backpack
The first product price is: $29.99]]>
    </system-out>
  </testcase> <!-- assertErrorUser -->
  <testcase classname="ApplicationTests.E2ETests" name="assertErrorUser" time="0.718">
    <system-out>
      <![CDATA[The details are logged in a file
The first product name is: Sauce Labs Backpack
The first product price is: $29.99]]>
    </system-out>
  </testcase> <!-- assertErrorUser -->
  <testcase classname="ApplicationTests.E2ETests" name="assertErrorUser" time="0.675">
    <system-out>
      <![CDATA[The details are logged in a file
The first product name is: Sauce Labs Backpack
The first product price is: $29.99]]>
    </system-out>
  </testcase> <!-- assertErrorUser -->
  <testcase classname="ApplicationTests.E2ETests" name="assertPerformanceUser" time="5.516">
    <error type="java.lang.StackOverflowError">
      <![CDATA[java.lang.StackOverflowError
at CommonMethodsAndUtilities.CommonMethodsAndUtilities.getRandomValue(CommonMethodsAndUtilities.java:207)
at CommonMethodsAndUtilities.CommonMethodsAndUtilities.getRandomValue(CommonMethodsAndUtilities.java:207)
at CommonMethodsAndUtilities.CommonMethodsAndUtilities.getRandomValue(CommonMethodsAndUtilities.java:207)
at CommonMethodsAndUtilities.CommonMethodsAndUtilities.getRandomValue(CommonMethodsAndUtilities.java:207)
at CommonMethodsAndUtilities.CommonMethodsAndUtilities.getRandomValue(CommonMethodsAndUtilities.java:207)
at CommonMethodsAndUtilities.CommonMethodsAndUtilities.getRandomValue(CommonMethodsAndUtilities.java:207)
at CommonMethodsAndUtilities.CommonMethodsAndUtilities.getRandomValue(CommonMethodsAndUtilities.java:207)
at CommonMethodsAndUtilities.CommonMethodsAndUtilities.getRandomValue(CommonMethodsAndUtilities.java:207)
at CommonMethodsAndUtilities.CommonMethodsAndUtilities.getRandomValue(CommonMethodsAndUtilities.java:207)
at CommonMethodsAndUtilities.CommonMethodsAndUtilities.getRandomValue(CommonMethodsAndUtilities.java:207)
at CommonMethodsAndUtilities.CommonMethodsAndUtilities.getRandomValue(CommonMethodsAndUtilities.java:207)
at CommonMethodsAndUtilities.CommonMethodsAndUtilities.getRandomValue(CommonMethodsAndUtilities.java:207)
at CommonMethodsAndUtilities.CommonMethodsAndUtilities.getRandomValue(CommonMethodsAndUtilities.java:207)
at CommonMethodsAndUtilities.CommonMethodsAndUtilities.getRandomValue(CommonMethodsAndUtilities.java:207)
at CommonMethodsAndUtilities.CommonMethodsAndUtilities.getRandomValue(CommonMethodsAndUtilities.java:207)
at CommonMethodsAndUtilities.CommonMethodsAndUtilities.getRandomValue(CommonMethodsAndUtilities.java:207)
at CommonMethodsAndUtilities.CommonMethodsAndUtilities.getRandomValue(CommonMethodsAndUtilities.java:207)
at CommonMethodsAndUtilities.CommonMethodsAndUtilities.getRandomValue(CommonMethodsAndUtilities.java:207)
at CommonMethodsAndUtilities.CommonMethodsAndUtilities.getRandomValue(CommonMethodsAndUtilities.java:207)
at CommonMethodsAndUtilities.CommonMethodsAndUtilities.getRandomValue(CommonMethodsAndUtilities.java:207)
at CommonMethodsAndUtilities.CommonMethodsAndUtilities.getRandomValue(CommonMethodsAndUtilities.java:207)
at CommonMethodsAndUtilities.CommonMethodsAndUtilities.getRandomValue(CommonMethodsAndUtilities.java:207)
at CommonMethodsAndUtilities.CommonMethodsAndUtilities.getRandomValue(CommonMethodsAndUtilities.java:207)
at CommonMethodsAndUtilities.CommonMethodsAndUtilities.getRandomValue(CommonMethodsAndUtilities.java:207)
at CommonMethodsAndUtilities.CommonMethodsAndUtilities.getRandomValue(CommonMethodsAndUtilities.java:207)
at CommonMethodsAndUtilities.CommonMethodsAndUtilities.getRandomValue(CommonMethodsAndUtilities.java:207)
at CommonMethodsAndUtilities.CommonMethodsAndUtilities.getRandomValue(CommonMethodsAndUtilities.java:207)
at CommonMethodsAndUtilities.CommonMethodsAndUtilities.getRandomValue(CommonMethodsAndUtilities.java:207)
at CommonMethodsAndUtilities.CommonMethodsAndUtilities.getRandomValue(CommonMethodsAndUtilities.java:207)
at CommonMethodsAndUtilities.CommonMethodsAndUtilities.getRandomValue(CommonMethodsAndUtilities.java:207)
at CommonMethodsAndUtilities.CommonMethodsAndUtilities.getRandomValue(CommonMethodsAndUtilities.java:207)
at CommonMethodsAndUtilities.CommonMethodsAndUtilities.getRandomValue(CommonMethodsAndUtilities.java:207)
at CommonMethodsAndUtilities.CommonMethodsAndUtilities.getRandomValue(CommonMethodsAndUtilities.java:207)
at CommonMethodsAndUtilities.CommonMethodsAndUtilities.getRandomValue(CommonMethodsAndUtilities.java:207)
at CommonMethodsAndUtilities.CommonMethodsAndUtilities.getRandomValue(CommonMethodsAndUtilities.java:207)
at CommonMethodsAndUtilities.CommonMethodsAndUtilities.getRandomValue(CommonMethodsAndUtilities.java:207)
at CommonMethodsAndUtilities.CommonMethodsAndUtilities.getRandomValue(CommonMethodsAndUtilities.java:207)
at CommonMethodsAndUtilities.CommonMethodsAndUtilities.getRandomValue(CommonMethodsAndUtilities.java:207)
at CommonMethodsAndUtilities.CommonMethodsAndUtilities.getRandomValue(CommonMethodsAndUtilities.java:207)
at CommonMethodsAndUtilities.CommonMethodsAndUtilities.getRandomValue(CommonMethodsAndUtilities.java:207)
at CommonMethodsAndUtilities.CommonMethodsAndUtilities.getRandomValue(CommonMethodsAndUtilities.java:207)
at CommonMethodsAndUtilities.CommonMethodsAndUtilities.getRandomValue(CommonMethodsAndUtilities.java:207)
at CommonMethodsAndUtilities.CommonMethodsAndUtilities.getRandomValue(CommonMethodsAndUtilities.java:207)
at CommonMethodsAndUtilities.CommonMethodsAndUtilities.getRandomValue(CommonMethodsAndUtilities.java:207)
at CommonMethodsAndUtilities.CommonMethodsAndUtilities.getRandomValue(CommonMethodsAndUtilities.java:207)
at CommonMethodsAndUtilities.CommonMethodsAndUtilities.getRandomValue(CommonMethodsAndUtilities.java:207)
at CommonMethodsAndUtilities.CommonMethodsAndUtilities.getRandomValue(CommonMethodsAndUtilities.java:207)
at CommonMethodsAndUtilities.CommonMethodsAndUtilities.getRandomValue(CommonMethodsAndUtilities.java:207)
at CommonMethodsAndUtilities.CommonMethodsAndUtilities.getRandomValue(CommonMethodsAndUtilities.java:207)
at CommonMethodsAndUtilities.CommonMethodsAndUtilities.getRandomValue(CommonMethodsAndUtilities.java:207)
at CommonMethodsAndUtilities.CommonMethodsAndUtilities.getRandomValue(CommonMethodsAndUtilities.java:207)
at CommonMethodsAndUtilities.CommonMethodsAndUtilities.getRandomValue(CommonMethodsAndUtilities.java:207)
at CommonMethodsAndUtilities.CommonMethodsAndUtilities.getRandomValue(CommonMethodsAndUtilities.java:207)
at CommonMethodsAndUtilities.CommonMethodsAndUtilities.getRandomValue(CommonMethodsAndUtilities.java:207)
at CommonMethodsAndUtilities.CommonMethodsAndUtilities.getRandomValue(CommonMethodsAndUtilities.java:207)
at CommonMethodsAndUtilities.CommonMethodsAndUtilities.getRandomValue(CommonMethodsAndUtilities.java:207)
at CommonMethodsAndUtilities.CommonMethodsAndUtilities.getRandomValue(CommonMethodsAndUtilities.java:207)
at CommonMethodsAndUtilities.CommonMethodsAndUtilities.getRandomValue(CommonMethodsAndUtilities.java:207)
at CommonMethodsAndUtilities.CommonMethodsAndUtilities.getRandomValue(CommonMethodsAndUtilities.java:207)
at CommonMethodsAndUtilities.CommonMethodsAndUtilities.getRandomValue(CommonMethodsAndUtilities.java:207)
at CommonMethodsAndUtilities.CommonMethodsAndUtilities.getRandomValue(CommonMethodsAndUtilities.java:207)
at CommonMethodsAndUtilities.CommonMethodsAndUtilities.getRandomValue(CommonMethodsAndUtilities.java:207)
at CommonMethodsAndUtilities.CommonMethodsAndUtilities.getRandomValue(CommonMethodsAndUtilities.java:207)
at CommonMethodsAndUtilities.CommonMethodsAndUtilities.getRandomValue(CommonMethodsAndUtilities.java:207)
at CommonMethodsAndUtilities.CommonMethodsAndUtilities.getRandomValue(CommonMethodsAndUtilities.java:207)
at CommonMethodsAndUtilities.CommonMethodsAndUtilities.getRandomValue(CommonMethodsAndUtilities.java:207)
at CommonMethodsAndUtilities.CommonMethodsAndUtilities.getRandomValue(CommonMethodsAndUtilities.java:207)
at CommonMethodsAndUtilities.CommonMethodsAndUtilities.getRandomValue(CommonMethodsAndUtilities.java:207)
at CommonMethodsAndUtilities.CommonMethodsAndUtilities.getRandomValue(CommonMethodsAndUtilities.java:207)
at CommonMethodsAndUtilities.CommonMethodsAndUtilities.getRandomValue(CommonMethodsAndUtilities.java:207)
at CommonMethodsAndUtilities.CommonMethodsAndUtilities.getRandomValue(CommonMethodsAndUtilities.java:207)
at CommonMethodsAndUtilities.CommonMethodsAndUtilities.getRandomValue(CommonMethodsAndUtilities.java:207)
at CommonMethodsAndUtilities.CommonMethodsAndUtilities.getRandomValue(CommonMethodsAndUtilities.java:207)
at CommonMethodsAndUtilities.CommonMethodsAndUtilities.getRandomValue(CommonMethodsAndUtilities.java:207)
at CommonMethodsAndUtilities.CommonMethodsAndUtilities.getRandomValue(CommonMethodsAndUtilities.java:207)
at CommonMethodsAndUtilities.CommonMethodsAndUtilities.getRandomValue(CommonMethodsAndUtilities.java:207)
at CommonMethodsAndUtilities.CommonMethodsAndUtilities.getRandomValue(CommonMethodsAndUtilities.java:207)
at CommonMethodsAndUtilities.CommonMethodsAndUtilities.getRandomValue(CommonMethodsAndUtilities.java:207)
at CommonMethodsAndUtilities.CommonMethodsAndUtilities.getRandomValue(CommonMethodsAndUtilities.java:207)
at CommonMethodsAndUtilities.CommonMethodsAndUtilities.getRandomValue(CommonMethodsAndUtilities.java:207)
at CommonMethodsAndUtilities.CommonMethodsAndUtilities.getRandomValue(CommonMethodsAndUtilities.java:207)
at CommonMethodsAndUtilities.CommonMethodsAndUtilities.getRandomValue(CommonMethodsAndUtilities.java:207)
at CommonMethodsAndUtilities.CommonMethodsAndUtilities.getRandomValue(CommonMethodsAndUtilities.java:207)
at CommonMethodsAndUtilities.CommonMethodsAndUtilities.getRandomValue(CommonMethodsAndUtilities.java:207)
at CommonMethodsAndUtilities.CommonMethodsAndUtilities.getRandomValue(CommonMethodsAndUtilities.java:207)
at CommonMethodsAndUtilities.CommonMethodsAndUtilities.getRandomValue(CommonMethodsAndUtilities.java:207)
at CommonMethodsAndUtilities.CommonMethodsAndUtilities.getRandomValue(CommonMethodsAndUtilities.java:207)
at CommonMethodsAndUtilities.CommonMethodsAndUtilities.getRandomValue(CommonMethodsAndUtilities.java:207)
at CommonMethodsAndUtilities.CommonMethodsAndUtilities.getRandomValue(CommonMethodsAndUtilities.java:207)
at CommonMethodsAndUtilities.CommonMethodsAndUtilities.getRandomValue(CommonMethodsAndUtilities.java:207)
at CommonMethodsAndUtilities.CommonMethodsAndUtilities.getRandomValue(CommonMethodsAndUtilities.java:207)
at CommonMethodsAndUtilities.CommonMethodsAndUtilities.getRandomValue(CommonMethodsAndUtilities.java:207)
at CommonMethodsAndUtilities.CommonMethodsAndUtilities.getRandomValue(CommonMethodsAndUtilities.java:207)
at CommonMethodsAndUtilities.CommonMethodsAndUtilities.getRandomValue(CommonMethodsAndUtilities.java:207)
at CommonMethodsAndUtilities.CommonMethodsAndUtilities.getRandomValue(CommonMethodsAndUtilities.java:207)
at CommonMethodsAndUtilities.CommonMethodsAndUtilities.getRandomValue(CommonMethodsAndUtilities.java:207)
at CommonMethodsAndUtilities.CommonMethodsAndUtilities.getRandomValue(CommonMethodsAndUtilities.java:207)
at CommonMethodsAndUtilities.CommonMethodsAndUtilities.getRandomValue(CommonMethodsAndUtilities.java:207)
at CommonMethodsAndUtilities.CommonMethodsAndUtilities.getRandomValue(CommonMethodsAndUtilities.java:207)
at CommonMethodsAndUtilities.CommonMethodsAndUtilities.getRandomValue(CommonMethodsAndUtilities.java:207)
at CommonMethodsAndUtilities.CommonMethodsAndUtilities.getRandomValue(CommonMethodsAndUtilities.java:207)
at CommonMethodsAndUtilities.CommonMethodsAndUtilities.getRandomValue(CommonMethodsAndUtilities.java:207)
at CommonMethodsAndUtilities.CommonMethodsAndUtilities.getRandomValue(CommonMethodsAndUtilities.java:207)
at CommonMethodsAndUtilities.CommonMethodsAndUtilities.getRandomValue(CommonMethodsAndUtilities.java:207)
at CommonMethodsAndUtilities.CommonMethodsAndUtilities.getRandomValue(CommonMethodsAndUtilities.java:207)
at CommonMethodsAndUtilities.CommonMethodsAndUtilities.getRandomValue(CommonMethodsAndUtilities.java:207)
at CommonMethodsAndUtilities.CommonMethodsAndUtilities.getRandomValue(CommonMethodsAndUtilities.java:207)
at CommonMethodsAndUtilities.CommonMethodsAndUtilities.getRandomValue(CommonMethodsAndUtilities.java:207)
at CommonMethodsAndUtilities.CommonMethodsAndUtilities.getRandomValue(CommonMethodsAndUtilities.java:207)
at CommonMethodsAndUtilities.CommonMethodsAndUtilities.getRandomValue(CommonMethodsAndUtilities.java:207)
at CommonMethodsAndUtilities.CommonMethodsAndUtilities.getRandomValue(CommonMethodsAndUtilities.java:207)
at CommonMethodsAndUtilities.CommonMethodsAndUtilities.getRandomValue(CommonMethodsAndUtilities.java:207)
at CommonMethodsAndUtilities.CommonMethodsAndUtilities.getRandomValue(CommonMethodsAndUtilities.java:207)
at CommonMethodsAndUtilities.CommonMethodsAndUtilities.getRandomValue(CommonMethodsAndUtilities.java:207)
at CommonMethodsAndUtilities.CommonMethodsAndUtilities.getRandomValue(CommonMethodsAndUtilities.java:207)
at CommonMethodsAndUtilities.CommonMethodsAndUtilities.getRandomValue(CommonMethodsAndUtilities.java:207)
at CommonMethodsAndUtilities.CommonMethodsAndUtilities.getRandomValue(CommonMethodsAndUtilities.java:207)
at CommonMethodsAndUtilities.CommonMethodsAndUtilities.getRandomValue(CommonMethodsAndUtilities.java:207)
at CommonMethodsAndUtilities.CommonMethodsAndUtilities.getRandomValue(CommonMethodsAndUtilities.java:207)
at CommonMethodsAndUtilities.CommonMethodsAndUtilities.getRandomValue(CommonMethodsAndUtilities.java:207)
at CommonMethodsAndUtilities.CommonMethodsAndUtilities.getRandomValue(CommonMethodsAndUtilities.java:207)
at CommonMethodsAndUtilities.CommonMethodsAndUtilities.getRandomValue(CommonMethodsAndUtilities.java:207)
at CommonMethodsAndUtilities.CommonMethodsAndUtilities.getRandomValue(CommonMethodsAndUtilities.java:207)
at CommonMethodsAndUtilities.CommonMethodsAndUtilities.getRandomValue(CommonMethodsAndUtilities.java:207)
at CommonMethodsAndUtilities.CommonMethodsAndUtilities.getRandomValue(CommonMethodsAndUtilities.java:207)
at CommonMethodsAndUtilities.CommonMethodsAndUtilities.getRandomValue(CommonMethodsAndUtilities.java:207)
at CommonMethodsAndUtilities.CommonMethodsAndUtilities.getRandomValue(CommonMethodsAndUtilities.java:207)
at CommonMethodsAndUtilities.CommonMethodsAndUtilities.getRandomValue(CommonMethodsAndUtilities.java:207)
at CommonMethodsAndUtilities.CommonMethodsAndUtilities.getRandomValue(CommonMethodsAndUtilities.java:207)
at CommonMethodsAndUtilities.CommonMethodsAndUtilities.getRandomValue(CommonMethodsAndUtilities.java:207)
at CommonMethodsAndUtilities.CommonMethodsAndUtilities.getRandomValue(CommonMethodsAndUtilities.java:207)
at CommonMethodsAndUtilities.CommonMethodsAndUtilities.getRandomValue(CommonMethodsAndUtilities.java:207)
at CommonMethodsAndUtilities.CommonMethodsAndUtilities.getRandomValue(CommonMethodsAndUtilities.java:207)
at CommonMethodsAndUtilities.CommonMethodsAndUtilities.getRandomValue(CommonMethodsAndUtilities.java:207)
at CommonMethodsAndUtilities.CommonMethodsAndUtilities.getRandomValue(CommonMethodsAndUtilities.java:207)
at CommonMethodsAndUtilities.CommonMethodsAndUtilities.getRandomValue(CommonMethodsAndUtilities.java:207)
at CommonMethodsAndUtilities.CommonMethodsAndUtilities.getRandomValue(CommonMethodsAndUtilities.java:207)
at CommonMethodsAndUtilities.CommonMethodsAndUtilities.getRandomValue(CommonMethodsAndUtilities.java:207)
at CommonMethodsAndUtilities.CommonMethodsAndUtilities.getRandomValue(CommonMethodsAndUtilities.java:207)
at CommonMethodsAndUtilities.CommonMethodsAndUtilities.getRandomValue(CommonMethodsAndUtilities.java:207)
at CommonMethodsAndUtilities.CommonMethodsAndUtilities.getRandomValue(CommonMethodsAndUtilities.java:207)
at CommonMethodsAndUtilities.CommonMethodsAndUtilities.getRandomValue(CommonMethodsAndUtilities.java:207)
at CommonMethodsAndUtilities.CommonMethodsAndUtilities.getRandomValue(CommonMethodsAndUtilities.java:207)
at CommonMethodsAndUtilities.CommonMethodsAndUtilities.getRandomValue(CommonMethodsAndUtilities.java:207)
at CommonMethodsAndUtilities.CommonMethodsAndUtilities.getRandomValue(CommonMethodsAndUtilities.java:207)
at CommonMethodsAndUtilities.CommonMethodsAndUtilities.getRandomValue(CommonMethodsAndUtilities.java:207)
at CommonMethodsAndUtilities.CommonMethodsAndUtilities.getRandomValue(CommonMethodsAndUtilities.java:207)
at CommonMethodsAndUtilities.CommonMethodsAndUtilities.getRandomValue(CommonMethodsAndUtilities.java:207)
at CommonMethodsAndUtilities.CommonMethodsAndUtilities.getRandomValue(CommonMethodsAndUtilities.java:207)
at CommonMethodsAndUtilities.CommonMethodsAndUtilities.getRandomValue(CommonMethodsAndUtilities.java:207)
at CommonMethodsAndUtilities.CommonMethodsAndUtilities.getRandomValue(CommonMethodsAndUtilities.java:207)
at CommonMethodsAndUtilities.CommonMethodsAndUtilities.getRandomValue(CommonMethodsAndUtilities.java:207)
at CommonMethodsAndUtilities.CommonMethodsAndUtilities.getRandomValue(CommonMethodsAndUtilities.java:207)
at CommonMethodsAndUtilities.CommonMethodsAndUtilities.getRandomValue(CommonMethodsAndUtilities.java:207)
at CommonMethodsAndUtilities.CommonMethodsAndUtilities.getRandomValue(CommonMethodsAndUtilities.java:207)
at CommonMethodsAndUtilities.CommonMethodsAndUtilities.getRandomValue(CommonMethodsAndUtilities.java:207)
at CommonMethodsAndUtilities.CommonMethodsAndUtilities.getRandomValue(CommonMethodsAndUtilities.java:207)
at CommonMethodsAndUtilities.CommonMethodsAndUtilities.getRandomValue(CommonMethodsAndUtilities.java:207)
at CommonMethodsAndUtilities.CommonMethodsAndUtilities.getRandomValue(CommonMethodsAndUtilities.java:207)
at CommonMethodsAndUtilities.CommonMethodsAndUtilities.getRandomValue(CommonMethodsAndUtilities.java:207)
at CommonMethodsAndUtilities.CommonMethodsAndUtilities.getRandomValue(CommonMethodsAndUtilities.java:207)
at CommonMethodsAndUtilities.CommonMethodsAndUtilities.getRandomValue(CommonMethodsAndUtilities.java:207)
at CommonMethodsAndUtilities.CommonMethodsAndUtilities.getRandomValue(CommonMethodsAndUtilities.java:207)
at CommonMethodsAndUtilities.CommonMethodsAndUtilities.getRandomValue(CommonMethodsAndUtilities.java:207)
at CommonMethodsAndUtilities.CommonMethodsAndUtilities.getRandomValue(CommonMethodsAndUtilities.java:207)
at CommonMethodsAndUtilities.CommonMethodsAndUtilities.getRandomValue(CommonMethodsAndUtilities.java:207)
at CommonMethodsAndUtilities.CommonMethodsAndUtilities.getRandomValue(CommonMethodsAndUtilities.java:207)
at CommonMethodsAndUtilities.CommonMethodsAndUtilities.getRandomValue(CommonMethodsAndUtilities.java:207)
at CommonMethodsAndUtilities.CommonMethodsAndUtilities.getRandomValue(CommonMethodsAndUtilities.java:207)
at CommonMethodsAndUtilities.CommonMethodsAndUtilities.getRandomValue(CommonMethodsAndUtilities.java:207)
at CommonMethodsAndUtilities.CommonMethodsAndUtilities.getRandomValue(CommonMethodsAndUtilities.java:207)
at CommonMethodsAndUtilities.CommonMethodsAndUtilities.getRandomValue(CommonMethodsAndUtilities.java:207)
at CommonMethodsAndUtilities.CommonMethodsAndUtilities.getRandomValue(CommonMethodsAndUtilities.java:207)
at CommonMethodsAndUtilities.CommonMethodsAndUtilities.getRandomValue(CommonMethodsAndUtilities.java:207)
at CommonMethodsAndUtilities.CommonMethodsAndUtilities.getRandomValue(CommonMethodsAndUtilities.java:207)
at CommonMethodsAndUtilities.CommonMethodsAndUtilities.getRandomValue(CommonMethodsAndUtilities.java:207)
at CommonMethodsAndUtilities.CommonMethodsAndUtilities.getRandomValue(CommonMethodsAndUtilities.java:207)
at CommonMethodsAndUtilities.CommonMethodsAndUtilities.getRandomValue(CommonMethodsAndUtilities.java:207)
at CommonMethodsAndUtilities.CommonMethodsAndUtilities.getRandomValue(CommonMethodsAndUtilities.java:207)
at CommonMethodsAndUtilities.CommonMethodsAndUtilities.getRandomValue(CommonMethodsAndUtilities.java:207)
at CommonMethodsAndUtilities.CommonMethodsAndUtilities.getRandomValue(CommonMethodsAndUtilities.java:207)
at CommonMethodsAndUtilities.CommonMethodsAndUtilities.getRandomValue(CommonMethodsAndUtilities.java:207)
at CommonMethodsAndUtilities.CommonMethodsAndUtilities.getRandomValue(CommonMethodsAndUtilities.java:207)
at CommonMethodsAndUtilities.CommonMethodsAndUtilities.getRandomValue(CommonMethodsAndUtilities.java:207)
at CommonMethodsAndUtilities.CommonMethodsAndUtilities.getRandomValue(CommonMethodsAndUtilities.java:207)
at CommonMethodsAndUtilities.CommonMethodsAndUtilities.getRandomValue(CommonMethodsAndUtilities.java:207)
at CommonMethodsAndUtilities.CommonMethodsAndUtilities.getRandomValue(CommonMethodsAndUtilities.java:207)
at CommonMethodsAndUtilities.CommonMethodsAndUtilities.getRandomValue(CommonMethodsAndUtilities.java:207)
at CommonMethodsAndUtilities.CommonMethodsAndUtilities.getRandomValue(CommonMethodsAndUtilities.java:207)
at CommonMethodsAndUtilities.CommonMethodsAndUtilities.getRandomValue(CommonMethodsAndUtilities.java:207)
at CommonMethodsAndUtilities.CommonMethodsAndUtilities.getRandomValue(CommonMethodsAndUtilities.java:207)
at CommonMethodsAndUtilities.CommonMethodsAndUtilities.getRandomValue(CommonMethodsAndUtilities.java:207)
at CommonMethodsAndUtilities.CommonMethodsAndUtilities.getRandomValue(CommonMethodsAndUtilities.java:207)
at CommonMethodsAndUtilities.CommonMethodsAndUtilities.getRandomValue(CommonMethodsAndUtilities.java:207)
at CommonMethodsAndUtilities.CommonMethodsAndUtilities.getRandomValue(CommonMethodsAndUtilities.java:207)
at CommonMethodsAndUtilities.CommonMethodsAndUtilities.getRandomValue(CommonMethodsAndUtilities.java:207)
at CommonMethodsAndUtilities.CommonMethodsAndUtilities.getRandomValue(CommonMethodsAndUtilities.java:207)
at CommonMethodsAndUtilities.CommonMethodsAndUtilities.getRandomValue(CommonMethodsAndUtilities.java:207)
at CommonMethodsAndUtilities.CommonMethodsAndUtilities.getRandomValue(CommonMethodsAndUtilities.java:207)
at CommonMethodsAndUtilities.CommonMethodsAndUtilities.getRandomValue(CommonMethodsAndUtilities.java:207)
at CommonMethodsAndUtilities.CommonMethodsAndUtilities.getRandomValue(CommonMethodsAndUtilities.java:207)
at CommonMethodsAndUtilities.CommonMethodsAndUtilities.getRandomValue(CommonMethodsAndUtilities.java:207)
at CommonMethodsAndUtilities.CommonMethodsAndUtilities.getRandomValue(CommonMethodsAndUtilities.java:207)
at CommonMethodsAndUtilities.CommonMethodsAndUtilities.getRandomValue(CommonMethodsAndUtilities.java:207)
at CommonMethodsAndUtilities.CommonMethodsAndUtilities.getRandomValue(CommonMethodsAndUtilities.java:207)
at CommonMethodsAndUtilities.CommonMethodsAndUtilities.getRandomValue(CommonMethodsAndUtilities.java:207)
at CommonMethodsAndUtilities.CommonMethodsAndUtilities.getRandomValue(CommonMethodsAndUtilities.java:207)
at CommonMethodsAndUtilities.CommonMethodsAndUtilities.getRandomValue(CommonMethodsAndUtilities.java:207)
at CommonMethodsAndUtilities.CommonMethodsAndUtilities.getRandomValue(CommonMethodsAndUtilities.java:207)
at CommonMethodsAndUtilities.CommonMethodsAndUtilities.getRandomValue(CommonMethodsAndUtilities.java:207)
at CommonMethodsAndUtilities.CommonMethodsAndUtilities.getRandomValue(CommonMethodsAndUtilities.java:207)
at CommonMethodsAndUtilities.CommonMethodsAndUtilities.getRandomValue(CommonMethodsAndUtilities.java:207)
at CommonMethodsAndUtilities.CommonMethodsAndUtilities.getRandomValue(CommonMethodsAndUtilities.java:207)
at CommonMethodsAndUtilities.CommonMethodsAndUtilities.getRandomValue(CommonMethodsAndUtilities.java:207)
at CommonMethodsAndUtilities.CommonMethodsAndUtilities.getRandomValue(CommonMethodsAndUtilities.java:207)
at CommonMethodsAndUtilities.CommonMethodsAndUtilities.getRandomValue(CommonMethodsAndUtilities.java:207)
at CommonMethodsAndUtilities.CommonMethodsAndUtilities.getRandomValue(CommonMethodsAndUtilities.java:207)
at CommonMethodsAndUtilities.CommonMethodsAndUtilities.getRandomValue(CommonMethodsAndUtilities.java:207)
at CommonMethodsAndUtilities.CommonMethodsAndUtilities.getRandomValue(CommonMethodsAndUtilities.java:207)
at CommonMethodsAndUtilities.CommonMethodsAndUtilities.getRandomValue(CommonMethodsAndUtilities.java:207)
at CommonMethodsAndUtilities.CommonMethodsAndUtilities.getRandomValue(CommonMethodsAndUtilities.java:207)
at CommonMethodsAndUtilities.CommonMethodsAndUtilities.getRandomValue(CommonMethodsAndUtilities.java:207)
at CommonMethodsAndUtilities.CommonMethodsAndUtilities.getRandomValue(CommonMethodsAndUtilities.java:207)
at CommonMethodsAndUtilities.CommonMethodsAndUtilities.getRandomValue(CommonMethodsAndUtilities.java:207)
at CommonMethodsAndUtilities.CommonMethodsAndUtilities.getRandomValue(CommonMethodsAndUtilities.java:207)
at CommonMethodsAndUtilities.CommonMethodsAndUtilities.getRandomValue(CommonMethodsAndUtilities.java:207)
at CommonMethodsAndUtilities.CommonMethodsAndUtilities.getRandomValue(CommonMethodsAndUtilities.java:207)
at CommonMethodsAndUtilities.CommonMethodsAndUtilities.getRandomValue(CommonMethodsAndUtilities.java:207)
at CommonMethodsAndUtilities.CommonMethodsAndUtilities.getRandomValue(CommonMethodsAndUtilities.java:207)
at CommonMethodsAndUtilities.CommonMethodsAndUtilities.getRandomValue(CommonMethodsAndUtilities.java:207)
at CommonMethodsAndUtilities.CommonMethodsAndUtilities.getRandomValue(CommonMethodsAndUtilities.java:207)
at CommonMethodsAndUtilities.CommonMethodsAndUtilities.getRandomValue(CommonMethodsAndUtilities.java:207)
at CommonMethodsAndUtilities.CommonMethodsAndUtilities.getRandomValue(CommonMethodsAndUtilities.java:207)
at CommonMethodsAndUtilities.CommonMethodsAndUtilities.getRandomValue(CommonMethodsAndUtilities.java:207)
at CommonMethodsAndUtilities.CommonMethodsAndUtilities.getRandomValue(CommonMethodsAndUtilities.java:207)
at CommonMethodsAndUtilities.CommonMethodsAndUtilities.getRandomValue(CommonMethodsAndUtilities.java:207)
at CommonMethodsAndUtilities.CommonMethodsAndUtilities.getRandomValue(CommonMethodsAndUtilities.java:207)
at CommonMethodsAndUtilities.CommonMethodsAndUtilities.getRandomValue(CommonMethodsAndUtilities.java:207)
at CommonMethodsAndUtilities.CommonMethodsAndUtilities.getRandomValue(CommonMethodsAndUtilities.java:207)
at CommonMethodsAndUtilities.CommonMethodsAndUtilities.getRandomValue(CommonMethodsAndUtilities.java:207)
at CommonMethodsAndUtilities.CommonMethodsAndUtilities.getRandomValue(CommonMethodsAndUtilities.java:207)
at CommonMethodsAndUtilities.CommonMethodsAndUtilities.getRandomValue(CommonMethodsAndUtilities.java:207)
at CommonMethodsAndUtilities.CommonMethodsAndUtilities.getRandomValue(CommonMethodsAndUtilities.java:207)
at CommonMethodsAndUtilities.CommonMethodsAndUtilities.getRandomValue(CommonMethodsAndUtilities.java:207)
at CommonMethodsAndUtilities.CommonMethodsAndUtilities.getRandomValue(CommonMethodsAndUtilities.java:207)
at CommonMethodsAndUtilities.CommonMethodsAndUtilities.getRandomValue(CommonMethodsAndUtilities.java:207)
at CommonMethodsAndUtilities.CommonMethodsAndUtilities.getRandomValue(CommonMethodsAndUtilities.java:207)
at CommonMethodsAndUtilities.CommonMethodsAndUtilities.getRandomValue(CommonMethodsAndUtilities.java:207)
at CommonMethodsAndUtilities.CommonMethodsAndUtilities.getRandomValue(CommonMethodsAndUtilities.java:207)
at CommonMethodsAndUtilities.CommonMethodsAndUtilities.getRandomValue(CommonMethodsAndUtilities.java:207)
at CommonMethodsAndUtilities.CommonMethodsAndUtilities.getRandomValue(CommonMethodsAndUtilities.java:207)
at CommonMethodsAndUtilities.CommonMethodsAndUtilities.getRandomValue(CommonMethodsAndUtilities.java:207)
at CommonMethodsAndUtilities.CommonMethodsAndUtilities.getRandomValue(CommonMethodsAndUtilities.java:207)
at CommonMethodsAndUtilities.CommonMethodsAndUtilities.getRandomValue(CommonMethodsAndUtilities.java:207)
at CommonMethodsAndUtilities.CommonMethodsAndUtilities.getRandomValue(CommonMethodsAndUtilities.java:207)
at CommonMethodsAndUtilities.CommonMethodsAndUtilities.getRandomValue(CommonMethodsAndUtilities.java:207)
at CommonMethodsAndUtilities.CommonMethodsAndUtilities.getRandomValue(CommonMethodsAndUtilities.java:207)
at CommonMethodsAndUtilities.CommonMethodsAndUtilities.getRandomValue(CommonMethodsAndUtilities.java:207)
at CommonMethodsAndUtilities.CommonMethodsAndUtilities.getRandomValue(CommonMethodsAndUtilities.java:207)
at CommonMethodsAndUtilities.CommonMethodsAndUtilities.getRandomValue(CommonMethodsAndUtilities.java:207)
at CommonMethodsAndUtilities.CommonMethodsAndUtilities.getRandomValue(CommonMethodsAndUtilities.java:207)
at CommonMethodsAndUtilities.CommonMethodsAndUtilities.getRandomValue(CommonMethodsAndUtilities.java:207)
at CommonMethodsAndUtilities.CommonMethodsAndUtilities.getRandomValue(CommonMethodsAndUtilities.java:207)
at CommonMethodsAndUtilities.CommonMethodsAndUtilities.getRandomValue(CommonMethodsAndUtilities.java:207)
at CommonMethodsAndUtilities.CommonMethodsAndUtilities.getRandomValue(CommonMethodsAndUtilities.java:207)
at CommonMethodsAndUtilities.CommonMethodsAndUtilities.getRandomValue(CommonMethodsAndUtilities.java:207)
at CommonMethodsAndUtilities.CommonMethodsAndUtilities.getRandomValue(CommonMethodsAndUtilities.java:207)
at CommonMethodsAndUtilities.CommonMethodsAndUtilities.getRandomValue(CommonMethodsAndUtilities.java:207)
at CommonMethodsAndUtilities.CommonMethodsAndUtilities.getRandomValue(CommonMethodsAndUtilities.java:207)
at CommonMethodsAndUtilities.CommonMethodsAndUtilities.getRandomValue(CommonMethodsAndUtilities.java:207)
at CommonMethodsAndUtilities.CommonMethodsAndUtilities.getRandomValue(CommonMethodsAndUtilities.java:207)
at CommonMethodsAndUtilities.CommonMethodsAndUtilities.getRandomValue(CommonMethodsAndUtilities.java:207)
at CommonMethodsAndUtilities.CommonMethodsAndUtilities.getRandomValue(CommonMethodsAndUtilities.java:207)
at CommonMethodsAndUtilities.CommonMethodsAndUtilities.getRandomValue(CommonMethodsAndUtilities.java:207)
at CommonMethodsAndUtilities.CommonMethodsAndUtilities.getRandomValue(CommonMethodsAndUtilities.java:207)
at CommonMethodsAndUtilities.CommonMethodsAndUtilities.getRandomValue(CommonMethodsAndUtilities.java:207)
at CommonMethodsAndUtilities.CommonMethodsAndUtilities.getRandomValue(CommonMethodsAndUtilities.java:207)
at CommonMethodsAndUtilities.CommonMethodsAndUtilities.getRandomValue(CommonMethodsAndUtilities.java:207)
at CommonMethodsAndUtilities.CommonMethodsAndUtilities.getRandomValue(CommonMethodsAndUtilities.java:207)
at CommonMethodsAndUtilities.CommonMethodsAndUtilities.getRandomValue(CommonMethodsAndUtilities.java:207)
at CommonMethodsAndUtilities.CommonMethodsAndUtilities.getRandomValue(CommonMethodsAndUtilities.java:207)
at CommonMethodsAndUtilities.CommonMethodsAndUtilities.getRandomValue(CommonMethodsAndUtilities.java:207)
at CommonMethodsAndUtilities.CommonMethodsAndUtilities.getRandomValue(CommonMethodsAndUtilities.java:207)
at CommonMethodsAndUtilities.CommonMethodsAndUtilities.getRandomValue(CommonMethodsAndUtilities.java:207)
at CommonMethodsAndUtilities.CommonMethodsAndUtilities.getRandomValue(CommonMethodsAndUtilities.java:207)
at CommonMethodsAndUtilities.CommonMethodsAndUtilities.getRandomValue(CommonMethodsAndUtilities.java:207)
at CommonMethodsAndUtilities.CommonMethodsAndUtilities.getRandomValue(CommonMethodsAndUtilities.java:207)
at CommonMethodsAndUtilities.CommonMethodsAndUtilities.getRandomValue(CommonMethodsAndUtilities.java:207)
at CommonMethodsAndUtilities.CommonMethodsAndUtilities.getRandomValue(CommonMethodsAndUtilities.java:207)
at CommonMethodsAndUtilities.CommonMethodsAndUtilities.getRandomValue(CommonMethodsAndUtilities.java:207)
at CommonMethodsAndUtilities.CommonMethodsAndUtilities.getRandomValue(CommonMethodsAndUtilities.java:207)
at CommonMethodsAndUtilities.CommonMethodsAndUtilities.getRandomValue(CommonMethodsAndUtilities.java:207)
at CommonMethodsAndUtilities.CommonMethodsAndUtilities.getRandomValue(CommonMethodsAndUtilities.java:207)
at CommonMethodsAndUtilities.CommonMethodsAndUtilities.getRandomValue(CommonMethodsAndUtilities.java:207)
at CommonMethodsAndUtilities.CommonMethodsAndUtilities.getRandomValue(CommonMethodsAndUtilities.java:207)
at CommonMethodsAndUtilities.CommonMethodsAndUtilities.getRandomValue(CommonMethodsAndUtilities.java:207)
at CommonMethodsAndUtilities.CommonMethodsAndUtilities.getRandomValue(CommonMethodsAndUtilities.java:207)
at CommonMethodsAndUtilities.CommonMethodsAndUtilities.getRandomValue(CommonMethodsAndUtilities.java:207)
at CommonMethodsAndUtilities.CommonMethodsAndUtilities.getRandomValue(CommonMethodsAndUtilities.java:207)
at CommonMethodsAndUtilities.CommonMethodsAndUtilities.getRandomValue(CommonMethodsAndUtilities.java:207)
at CommonMethodsAndUtilities.CommonMethodsAndUtilities.getRandomValue(CommonMethodsAndUtilities.java:207)
at CommonMethodsAndUtilities.CommonMethodsAndUtilities.getRandomValue(CommonMethodsAndUtilities.java:207)
at CommonMethodsAndUtilities.CommonMethodsAndUtilities.getRandomValue(CommonMethodsAndUtilities.java:207)
at CommonMethodsAndUtilities.CommonMethodsAndUtilities.getRandomValue(CommonMethodsAndUtilities.java:207)
at CommonMethodsAndUtilities.CommonMethodsAndUtilities.getRandomValue(CommonMethodsAndUtilities.java:207)
at CommonMethodsAndUtilities.CommonMethodsAndUtilities.getRandomValue(CommonMethodsAndUtilities.java:207)
at CommonMethodsAndUtilities.CommonMethodsAndUtilities.getRandomValue(CommonMethodsAndUtilities.java:207)
at CommonMethodsAndUtilities.CommonMethodsAndUtilities.getRandomValue(CommonMethodsAndUtilities.java:207)
at CommonMethodsAndUtilities.CommonMethodsAndUtilities.getRandomValue(CommonMethodsAndUtilities.java:207)
at CommonMethodsAndUtilities.CommonMethodsAndUtilities.getRandomValue(CommonMethodsAndUtilities.java:207)
at CommonMethodsAndUtilities.CommonMethodsAndUtilities.getRandomValue(CommonMethodsAndUtilities.java:207)
at CommonMethodsAndUtilities.CommonMethodsAndUtilities.getRandomValue(CommonMethodsAndUtilities.java:207)
at CommonMethodsAndUtilities.CommonMethodsAndUtilities.getRandomValue(CommonMethodsAndUtilities.java:207)
at CommonMethodsAndUtilities.CommonMethodsAndUtilities.getRandomValue(CommonMethodsAndUtilities.java:207)
at CommonMethodsAndUtilities.CommonMethodsAndUtilities.getRandomValue(CommonMethodsAndUtilities.java:207)
at CommonMethodsAndUtilities.CommonMethodsAndUtilities.getRandomValue(CommonMethodsAndUtilities.java:207)
at CommonMethodsAndUtilities.CommonMethodsAndUtilities.getRandomValue(CommonMethodsAndUtilities.java:207)
at CommonMethodsAndUtilities.CommonMethodsAndUtilities.getRandomValue(CommonMethodsAndUtilities.java:207)
at CommonMethodsAndUtilities.CommonMethodsAndUtilities.getRandomValue(CommonMethodsAndUtilities.java:207)
at CommonMethodsAndUtilities.CommonMethodsAndUtilities.getRandomValue(CommonMethodsAndUtilities.java:207)
at CommonMethodsAndUtilities.CommonMethodsAndUtilities.getRandomValue(CommonMethodsAndUtilities.java:207)
at CommonMethodsAndUtilities.CommonMethodsAndUtilities.getRandomValue(CommonMethodsAndUtilities.java:207)
at CommonMethodsAndUtilities.CommonMethodsAndUtilities.getRandomValue(CommonMethodsAndUtilities.java:207)
at CommonMethodsAndUtilities.CommonMethodsAndUtilities.getRandomValue(CommonMethodsAndUtilities.java:207)
at CommonMethodsAndUtilities.CommonMethodsAndUtilities.getRandomValue(CommonMethodsAndUtilities.java:207)
at CommonMethodsAndUtilities.CommonMethodsAndUtilities.getRandomValue(CommonMethodsAndUtilities.java:207)
at CommonMethodsAndUtilities.CommonMethodsAndUtilities.getRandomValue(CommonMethodsAndUtilities.java:207)
at CommonMethodsAndUtilities.CommonMethodsAndUtilities.getRandomValue(CommonMethodsAndUtilities.java:207)
at CommonMethodsAndUtilities.CommonMethodsAndUtilities.getRandomValue(CommonMethodsAndUtilities.java:207)
at CommonMethodsAndUtilities.CommonMethodsAndUtilities.getRandomValue(CommonMethodsAndUtilities.java:207)
at CommonMethodsAndUtilities.CommonMethodsAndUtilities.getRandomValue(CommonMethodsAndUtilities.java:207)
at CommonMethodsAndUtilities.CommonMethodsAndUtilities.getRandomValue(CommonMethodsAndUtilities.java:207)
at CommonMethodsAndUtilities.CommonMethodsAndUtilities.getRandomValue(CommonMethodsAndUtilities.java:207)
at CommonMethodsAndUtilities.CommonMethodsAndUtilities.getRandomValue(CommonMethodsAndUtilities.java:207)
at CommonMethodsAndUtilities.CommonMethodsAndUtilities.getRandomValue(CommonMethodsAndUtilities.java:207)
at CommonMethodsAndUtilities.CommonMethodsAndUtilities.getRandomValue(CommonMethodsAndUtilities.java:207)
at CommonMethodsAndUtilities.CommonMethodsAndUtilities.getRandomValue(CommonMethodsAndUtilities.java:207)
at CommonMethodsAndUtilities.CommonMethodsAndUtilities.getRandomValue(CommonMethodsAndUtilities.java:207)
at CommonMethodsAndUtilities.CommonMethodsAndUtilities.getRandomValue(CommonMethodsAndUtilities.java:207)
at CommonMethodsAndUtilities.CommonMethodsAndUtilities.getRandomValue(CommonMethodsAndUtilities.java:207)
at CommonMethodsAndUtilities.CommonMethodsAndUtilities.getRandomValue(CommonMethodsAndUtilities.java:207)
at CommonMethodsAndUtilities.CommonMethodsAndUtilities.getRandomValue(CommonMethodsAndUtilities.java:207)
at CommonMethodsAndUtilities.CommonMethodsAndUtilities.getRandomValue(CommonMethodsAndUtilities.java:207)
at CommonMethodsAndUtilities.CommonMethodsAndUtilities.getRandomValue(CommonMethodsAndUtilities.java:207)
at CommonMethodsAndUtilities.CommonMethodsAndUtilities.getRandomValue(CommonMethodsAndUtilities.java:207)
at CommonMethodsAndUtilities.CommonMethodsAndUtilities.getRandomValue(CommonMethodsAndUtilities.java:207)
at CommonMethodsAndUtilities.CommonMethodsAndUtilities.getRandomValue(CommonMethodsAndUtilities.java:207)
at CommonMethodsAndUtilities.CommonMethodsAndUtilities.getRandomValue(CommonMethodsAndUtilities.java:207)
at CommonMethodsAndUtilities.CommonMethodsAndUtilities.getRandomValue(CommonMethodsAndUtilities.java:207)
at CommonMethodsAndUtilities.CommonMethodsAndUtilities.getRandomValue(CommonMethodsAndUtilities.java:207)
at CommonMethodsAndUtilities.CommonMethodsAndUtilities.getRandomValue(CommonMethodsAndUtilities.java:207)
at CommonMethodsAndUtilities.CommonMethodsAndUtilities.getRandomValue(CommonMethodsAndUtilities.java:207)
at CommonMethodsAndUtilities.CommonMethodsAndUtilities.getRandomValue(CommonMethodsAndUtilities.java:207)
at CommonMethodsAndUtilities.CommonMethodsAndUtilities.getRandomValue(CommonMethodsAndUtilities.java:207)
at CommonMethodsAndUtilities.CommonMethodsAndUtilities.getRandomValue(CommonMethodsAndUtilities.java:207)
at CommonMethodsAndUtilities.CommonMethodsAndUtilities.getRandomValue(CommonMethodsAndUtilities.java:207)
at CommonMethodsAndUtilities.CommonMethodsAndUtilities.getRandomValue(CommonMethodsAndUtilities.java:207)
at CommonMethodsAndUtilities.CommonMethodsAndUtilities.getRandomValue(CommonMethodsAndUtilities.java:207)
at CommonMethodsAndUtilities.CommonMethodsAndUtilities.getRandomValue(CommonMethodsAndUtilities.java:207)
at CommonMethodsAndUtilities.CommonMethodsAndUtilities.getRandomValue(CommonMethodsAndUtilities.java:207)
at CommonMethodsAndUtilities.CommonMethodsAndUtilities.getRandomValue(CommonMethodsAndUtilities.java:207)
at CommonMethodsAndUtilities.CommonMethodsAndUtilities.getRandomValue(CommonMethodsAndUtilities.java:207)
at CommonMethodsAndUtilities.CommonMethodsAndUtilities.getRandomValue(CommonMethodsAndUtilities.java:207)
at CommonMethodsAndUtilities.CommonMethodsAndUtilities.getRandomValue(CommonMethodsAndUtilities.java:207)
at CommonMethodsAndUtilities.CommonMethodsAndUtilities.getRandomValue(CommonMethodsAndUtilities.java:207)
at CommonMethodsAndUtilities.CommonMethodsAndUtilities.getRandomValue(CommonMethodsAndUtilities.java:207)
at CommonMethodsAndUtilities.CommonMethodsAndUtilities.getRandomValue(CommonMethodsAndUtilities.java:207)
at CommonMethodsAndUtilities.CommonMethodsAndUtilities.getRandomValue(CommonMethodsAndUtilities.java:207)
at CommonMethodsAndUtilities.CommonMethodsAndUtilities.getRandomValue(CommonMethodsAndUtilities.java:207)
at CommonMethodsAndUtilities.CommonMethodsAndUtilities.getRandomValue(CommonMethodsAndUtilities.java:207)
at CommonMethodsAndUtilities.CommonMethodsAndUtilities.getRandomValue(CommonMethodsAndUtilities.java:207)
at CommonMethodsAndUtilities.CommonMethodsAndUtilities.getRandomValue(CommonMethodsAndUtilities.java:207)
at CommonMethodsAndUtilities.CommonMethodsAndUtilities.getRandomValue(CommonMethodsAndUtilities.java:207)
at CommonMethodsAndUtilities.CommonMethodsAndUtilities.getRandomValue(CommonMethodsAndUtilities.java:207)
at CommonMethodsAndUtilities.CommonMethodsAndUtilities.getRandomValue(CommonMethodsAndUtilities.java:207)
at CommonMethodsAndUtilities.CommonMethodsAndUtilities.getRandomValue(CommonMethodsAndUtilities.java:207)
at CommonMethodsAndUtilities.CommonMethodsAndUtilities.getRandomValue(CommonMethodsAndUtilities.java:207)
at CommonMethodsAndUtilities.CommonMethodsAndUtilities.getRandomValue(CommonMethodsAndUtilities.java:207)
at CommonMethodsAndUtilities.CommonMethodsAndUtilities.getRandomValue(CommonMethodsAndUtilities.java:207)
at CommonMethodsAndUtilities.CommonMethodsAndUtilities.getRandomValue(CommonMethodsAndUtilities.java:207)
at CommonMethodsAndUtilities.CommonMethodsAndUtilities.getRandomValue(CommonMethodsAndUtilities.java:207)
at CommonMethodsAndUtilities.CommonMethodsAndUtilities.getRandomValue(CommonMethodsAndUtilities.java:207)
at CommonMethodsAndUtilities.CommonMethodsAndUtilities.getRandomValue(CommonMethodsAndUtilities.java:207)
at CommonMethodsAndUtilities.CommonMethodsAndUtilities.getRandomValue(CommonMethodsAndUtilities.java:207)
at CommonMethodsAndUtilities.CommonMethodsAndUtilities.getRandomValue(CommonMethodsAndUtilities.java:207)
at CommonMethodsAndUtilities.CommonMethodsAndUtilities.getRandomValue(CommonMethodsAndUtilities.java:207)
at CommonMethodsAndUtilities.CommonMethodsAndUtilities.getRandomValue(CommonMethodsAndUtilities.java:207)
at CommonMethodsAndUtilities.CommonMethodsAndUtilities.getRandomValue(CommonMethodsAndUtilities.java:207)
at CommonMethodsAndUtilities.CommonMethodsAndUtilities.getRandomValue(CommonMethodsAndUtilities.java:207)
at CommonMethodsAndUtilities.CommonMethodsAndUtilities.getRandomValue(CommonMethodsAndUtilities.java:207)
at CommonMethodsAndUtilities.CommonMethodsAndUtilities.getRandomValue(CommonMethodsAndUtilities.java:207)
at CommonMethodsAndUtilities.CommonMethodsAndUtilities.getRandomValue(CommonMethodsAndUtilities.java:207)
at CommonMethodsAndUtilities.CommonMethodsAndUtilities.getRandomValue(CommonMethodsAndUtilities.java:207)
at CommonMethodsAndUtilities.CommonMethodsAndUtilities.getRandomValue(CommonMethodsAndUtilities.java:207)
at CommonMethodsAndUtilities.CommonMethodsAndUtilities.getRandomValue(CommonMethodsAndUtilities.java:207)
at CommonMethodsAndUtilities.CommonMethodsAndUtilities.getRandomValue(CommonMethodsAndUtilities.java:207)
at CommonMethodsAndUtilities.CommonMethodsAndUtilities.getRandomValue(CommonMethodsAndUtilities.java:207)
at CommonMethodsAndUtilities.CommonMethodsAndUtilities.getRandomValue(CommonMethodsAndUtilities.java:207)
at CommonMethodsAndUtilities.CommonMethodsAndUtilities.getRandomValue(CommonMethodsAndUtilities.java:207)
at CommonMethodsAndUtilities.CommonMethodsAndUtilities.getRandomValue(CommonMethodsAndUtilities.java:207)
at CommonMethodsAndUtilities.CommonMethodsAndUtilities.getRandomValue(CommonMethodsAndUtilities.java:207)
at CommonMethodsAndUtilities.CommonMethodsAndUtilities.getRandomValue(CommonMethodsAndUtilities.java:207)
at CommonMethodsAndUtilities.CommonMethodsAndUtilities.getRandomValue(CommonMethodsAndUtilities.java:207)
at CommonMethodsAndUtilities.CommonMethodsAndUtilities.getRandomValue(CommonMethodsAndUtilities.java:207)
at CommonMethodsAndUtilities.CommonMethodsAndUtilities.getRandomValue(CommonMethodsAndUtilities.java:207)
at CommonMethodsAndUtilities.CommonMethodsAndUtilities.getRandomValue(CommonMethodsAndUtilities.java:207)
at CommonMethodsAndUtilities.CommonMethodsAndUtilities.getRandomValue(CommonMethodsAndUtilities.java:207)
at CommonMethodsAndUtilities.CommonMethodsAndUtilities.getRandomValue(CommonMethodsAndUtilities.java:207)
at CommonMethodsAndUtilities.CommonMethodsAndUtilities.getRandomValue(CommonMethodsAndUtilities.java:207)
at CommonMethodsAndUtilities.CommonMethodsAndUtilities.getRandomValue(CommonMethodsAndUtilities.java:207)
at CommonMethodsAndUtilities.CommonMethodsAndUtilities.getRandomValue(CommonMethodsAndUtilities.java:207)
at CommonMethodsAndUtilities.CommonMethodsAndUtilities.getRandomValue(CommonMethodsAndUtilities.java:207)
at CommonMethodsAndUtilities.CommonMethodsAndUtilities.getRandomValue(CommonMethodsAndUtilities.java:207)
at CommonMethodsAndUtilities.CommonMethodsAndUtilities.getRandomValue(CommonMethodsAndUtilities.java:207)
at CommonMethodsAndUtilities.CommonMethodsAndUtilities.getRandomValue(CommonMethodsAndUtilities.java:207)
at CommonMethodsAndUtilities.CommonMethodsAndUtilities.getRandomValue(CommonMethodsAndUtilities.java:207)
at CommonMethodsAndUtilities.CommonMethodsAndUtilities.getRandomValue(CommonMethodsAndUtilities.java:207)
at CommonMethodsAndUtilities.CommonMethodsAndUtilities.getRandomValue(CommonMethodsAndUtilities.java:207)
at CommonMethodsAndUtilities.CommonMethodsAndUtilities.getRandomValue(CommonMethodsAndUtilities.java:207)
at CommonMethodsAndUtilities.CommonMethodsAndUtilities.getRandomValue(CommonMethodsAndUtilities.java:207)
at CommonMethodsAndUtilities.CommonMethodsAndUtilities.getRandomValue(CommonMethodsAndUtilities.java:207)
at CommonMethodsAndUtilities.CommonMethodsAndUtilities.getRandomValue(CommonMethodsAndUtilities.java:207)
at CommonMethodsAndUtilities.CommonMethodsAndUtilities.getRandomValue(CommonMethodsAndUtilities.java:207)
at CommonMethodsAndUtilities.CommonMethodsAndUtilities.getRandomValue(CommonMethodsAndUtilities.java:207)
at CommonMethodsAndUtilities.CommonMethodsAndUtilities.getRandomValue(CommonMethodsAndUtilities.java:207)
at CommonMethodsAndUtilities.CommonMethodsAndUtilities.getRandomValue(CommonMethodsAndUtilities.java:207)
at CommonMethodsAndUtilities.CommonMethodsAndUtilities.getRandomValue(CommonMethodsAndUtilities.java:207)
at CommonMethodsAndUtilities.CommonMethodsAndUtilities.getRandomValue(CommonMethodsAndUtilities.java:207)
at CommonMethodsAndUtilities.CommonMethodsAndUtilities.getRandomValue(CommonMethodsAndUtilities.java:207)
at CommonMethodsAndUtilities.CommonMethodsAndUtilities.getRandomValue(CommonMethodsAndUtilities.java:207)
at CommonMethodsAndUtilities.CommonMethodsAndUtilities.getRandomValue(CommonMethodsAndUtilities.java:207)
at CommonMethodsAndUtilities.CommonMethodsAndUtilities.getRandomValue(CommonMethodsAndUtilities.java:207)
at CommonMethodsAndUtilities.CommonMethodsAndUtilities.getRandomValue(CommonMethodsAndUtilities.java:207)
at CommonMethodsAndUtilities.CommonMethodsAndUtilities.getRandomValue(CommonMethodsAndUtilities.java:207)
at CommonMethodsAndUtilities.CommonMethodsAndUtilities.getRandomValue(CommonMethodsAndUtilities.java:207)
at CommonMethodsAndUtilities.CommonMethodsAndUtilities.getRandomValue(CommonMethodsAndUtilities.java:207)
at CommonMethodsAndUtilities.CommonMethodsAndUtilities.getRandomValue(CommonMethodsAndUtilities.java:207)
at CommonMethodsAndUtilities.CommonMethodsAndUtilities.getRandomValue(CommonMethodsAndUtilities.java:207)
at CommonMethodsAndUtilities.CommonMethodsAndUtilities.getRandomValue(CommonMethodsAndUtilities.java:207)
at CommonMethodsAndUtilities.CommonMethodsAndUtilities.getRandomValue(CommonMethodsAndUtilities.java:207)
at CommonMethodsAndUtilities.CommonMethodsAndUtilities.getRandomValue(CommonMethodsAndUtilities.java:207)
at CommonMethodsAndUtilities.CommonMethodsAndUtilities.getRandomValue(CommonMethodsAndUtilities.java:207)
at CommonMethodsAndUtilities.CommonMethodsAndUtilities.getRandomValue(CommonMethodsAndUtilities.java:207)
at CommonMethodsAndUtilities.CommonMethodsAndUtilities.getRandomValue(CommonMethodsAndUtilities.java:207)
at CommonMethodsAndUtilities.CommonMethodsAndUtilities.getRandomValue(CommonMethodsAndUtilities.java:207)
at CommonMethodsAndUtilities.CommonMethodsAndUtilities.getRandomValue(CommonMethodsAndUtilities.java:207)
at CommonMethodsAndUtilities.CommonMethodsAndUtilities.getRandomValue(CommonMethodsAndUtilities.java:207)
at CommonMethodsAndUtilities.CommonMethodsAndUtilities.getRandomValue(CommonMethodsAndUtilities.java:207)
at CommonMethodsAndUtilities.CommonMethodsAndUtilities.getRandomValue(CommonMethodsAndUtilities.java:207)
at CommonMethodsAndUtilities.CommonMethodsAndUtilities.getRandomValue(CommonMethodsAndUtilities.java:207)
at CommonMethodsAndUtilities.CommonMethodsAndUtilities.getRandomValue(CommonMethodsAndUtilities.java:207)
at CommonMethodsAndUtilities.CommonMethodsAndUtilities.getRandomValue(CommonMethodsAndUtilities.java:207)
at CommonMethodsAndUtilities.CommonMethodsAndUtilities.getRandomValue(CommonMethodsAndUtilities.java:207)
at CommonMethodsAndUtilities.CommonMethodsAndUtilities.getRandomValue(CommonMethodsAndUtilities.java:207)
at CommonMethodsAndUtilities.CommonMethodsAndUtilities.getRandomValue(CommonMethodsAndUtilities.java:207)
at CommonMethodsAndUtilities.CommonMethodsAndUtilities.getRandomValue(CommonMethodsAndUtilities.java:207)
at CommonMethodsAndUtilities.CommonMethodsAndUtilities.getRandomValue(CommonMethodsAndUtilities.java:207)
at CommonMethodsAndUtilities.CommonMethodsAndUtilities.getRandomValue(CommonMethodsAndUtilities.java:207)
at CommonMethodsAndUtilities.CommonMethodsAndUtilities.getRandomValue(CommonMethodsAndUtilities.java:207)
at CommonMethodsAndUtilities.CommonMethodsAndUtilities.getRandomValue(CommonMethodsAndUtilities.java:207)
at CommonMethodsAndUtilities.CommonMethodsAndUtilities.getRandomValue(CommonMethodsAndUtilities.java:207)
at CommonMethodsAndUtilities.CommonMethodsAndUtilities.getRandomValue(CommonMethodsAndUtilities.java:207)
at CommonMethodsAndUtilities.CommonMethodsAndUtilities.getRandomValue(CommonMethodsAndUtilities.java:207)
at CommonMethodsAndUtilities.CommonMethodsAndUtilities.getRandomValue(CommonMethodsAndUtilities.java:207)
at CommonMethodsAndUtilities.CommonMethodsAndUtilities.getRandomValue(CommonMethodsAndUtilities.java:207)
at CommonMethodsAndUtilities.CommonMethodsAndUtilities.getRandomValue(CommonMethodsAndUtilities.java:207)
at CommonMethodsAndUtilities.CommonMethodsAndUtilities.getRandomValue(CommonMethodsAndUtilities.java:207)
at CommonMethodsAndUtilities.CommonMethodsAndUtilities.getRandomValue(CommonMethodsAndUtilities.java:207)
at CommonMethodsAndUtilities.CommonMethodsAndUtilities.getRandomValue(CommonMethodsAndUtilities.java:207)
at CommonMethodsAndUtilities.CommonMethodsAndUtilities.getRandomValue(CommonMethodsAndUtilities.java:207)
at CommonMethodsAndUtilities.CommonMethodsAndUtilities.getRandomValue(CommonMethodsAndUtilities.java:207)
at CommonMethodsAndUtilities.CommonMethodsAndUtilities.getRandomValue(CommonMethodsAndUtilities.java:207)
at CommonMethodsAndUtilities.CommonMethodsAndUtilities.getRandomValue(CommonMethodsAndUtilities.java:207)
at CommonMethodsAndUtilities.CommonMethodsAndUtilities.getRandomValue(CommonMethodsAndUtilities.java:207)
at CommonMethodsAndUtilities.CommonMethodsAndUtilities.getRandomValue(CommonMethodsAndUtilities.java:207)
at CommonMethodsAndUtilities.CommonMethodsAndUtilities.getRandomValue(CommonMethodsAndUtilities.java:207)
at CommonMethodsAndUtilities.CommonMethodsAndUtilities.getRandomValue(CommonMethodsAndUtilities.java:207)
at CommonMethodsAndUtilities.CommonMethodsAndUtilities.getRandomValue(CommonMethodsAndUtilities.java:207)
at CommonMethodsAndUtilities.CommonMethodsAndUtilities.getRandomValue(CommonMethodsAndUtilities.java:207)
at CommonMethodsAndUtilities.CommonMethodsAndUtilities.getRandomValue(CommonMethodsAndUtilities.java:207)
at CommonMethodsAndUtilities.CommonMethodsAndUtilities.getRandomValue(CommonMethodsAndUtilities.java:207)
at CommonMethodsAndUtilities.CommonMethodsAndUtilities.getRandomValue(CommonMethodsAndUtilities.java:207)
at CommonMethodsAndUtilities.CommonMethodsAndUtilities.getRandomValue(CommonMethodsAndUtilities.java:207)
at CommonMethodsAndUtilities.CommonMethodsAndUtilities.getRandomValue(CommonMethodsAndUtilities.java:207)
at CommonMethodsAndUtilities.CommonMethodsAndUtilities.getRandomValue(CommonMethodsAndUtilities.java:207)
at CommonMethodsAndUtilities.CommonMethodsAndUtilities.getRandomValue(CommonMethodsAndUtilities.java:207)
at CommonMethodsAndUtilities.CommonMethodsAndUtilities.getRandomValue(CommonMethodsAndUtilities.java:207)
at CommonMethodsAndUtilities.CommonMethodsAndUtilities.getRandomValue(CommonMethodsAndUtilities.java:207)
at CommonMethodsAndUtilities.CommonMethodsAndUtilities.getRandomValue(CommonMethodsAndUtilities.java:207)
at CommonMethodsAndUtilities.CommonMethodsAndUtilities.getRandomValue(CommonMethodsAndUtilities.java:207)
at CommonMethodsAndUtilities.CommonMethodsAndUtilities.getRandomValue(CommonMethodsAndUtilities.java:207)
at CommonMethodsAndUtilities.CommonMethodsAndUtilities.getRandomValue(CommonMethodsAndUtilities.java:207)
at CommonMethodsAndUtilities.CommonMethodsAndUtilities.getRandomValue(CommonMethodsAndUtilities.java:207)
at CommonMethodsAndUtilities.CommonMethodsAndUtilities.getRandomValue(CommonMethodsAndUtilities.java:207)
at CommonMethodsAndUtilities.CommonMethodsAndUtilities.getRandomValue(CommonMethodsAndUtilities.java:207)
at CommonMethodsAndUtilities.CommonMethodsAndUtilities.getRandomValue(CommonMethodsAndUtilities.java:207)
at CommonMethodsAndUtilities.CommonMethodsAndUtilities.getRandomValue(CommonMethodsAndUtilities.java:207)
at CommonMethodsAndUtilities.CommonMethodsAndUtilities.getRandomValue(CommonMethodsAndUtilities.java:207)
at CommonMethodsAndUtilities.CommonMethodsAndUtilities.getRandomValue(CommonMethodsAndUtilities.java:207)
at CommonMethodsAndUtilities.CommonMethodsAndUtilities.getRandomValue(CommonMethodsAndUtilities.java:207)
at CommonMethodsAndUtilities.CommonMethodsAndUtilities.getRandomValue(CommonMethodsAndUtilities.java:207)
at CommonMethodsAndUtilities.CommonMethodsAndUtilities.getRandomValue(CommonMethodsAndUtilities.java:207)
at CommonMethodsAndUtilities.CommonMethodsAndUtilities.getRandomValue(CommonMethodsAndUtilities.java:207)
at CommonMethodsAndUtilities.CommonMethodsAndUtilities.getRandomValue(CommonMethodsAndUtilities.java:207)
at CommonMethodsAndUtilities.CommonMethodsAndUtilities.getRandomValue(CommonMethodsAndUtilities.java:207)
at CommonMethodsAndUtilities.CommonMethodsAndUtilities.getRandomValue(CommonMethodsAndUtilities.java:207)
at CommonMethodsAndUtilities.CommonMethodsAndUtilities.getRandomValue(CommonMethodsAndUtilities.java:207)
at CommonMethodsAndUtilities.CommonMethodsAndUtilities.getRandomValue(CommonMethodsAndUtilities.java:207)
at CommonMethodsAndUtilities.CommonMethodsAndUtilities.getRandomValue(CommonMethodsAndUtilities.java:207)
at CommonMethodsAndUtilities.CommonMethodsAndUtilities.getRandomValue(CommonMethodsAndUtilities.java:207)
at CommonMethodsAndUtilities.CommonMethodsAndUtilities.getRandomValue(CommonMethodsAndUtilities.java:207)
at CommonMethodsAndUtilities.CommonMethodsAndUtilities.getRandomValue(CommonMethodsAndUtilities.java:207)
at CommonMethodsAndUtilities.CommonMethodsAndUtilities.getRandomValue(CommonMethodsAndUtilities.java:207)
at CommonMethodsAndUtilities.CommonMethodsAndUtilities.getRandomValue(CommonMethodsAndUtilities.java:207)
at CommonMethodsAndUtilities.CommonMethodsAndUtilities.getRandomValue(CommonMethodsAndUtilities.java:207)
at CommonMethodsAndUtilities.CommonMethodsAndUtilities.getRandomValue(CommonMethodsAndUtilities.java:207)
at CommonMethodsAndUtilities.CommonMethodsAndUtilities.getRandomValue(CommonMethodsAndUtilities.java:207)
at CommonMethodsAndUtilities.CommonMethodsAndUtilities.getRandomValue(CommonMethodsAndUtilities.java:207)
at CommonMethodsAndUtilities.CommonMethodsAndUtilities.getRandomValue(CommonMethodsAndUtilities.java:207)
at CommonMethodsAndUtilities.CommonMethodsAndUtilities.getRandomValue(CommonMethodsAndUtilities.java:207)
at CommonMethodsAndUtilities.CommonMethodsAndUtilities.getRandomValue(CommonMethodsAndUtilities.java:207)
at CommonMethodsAndUtilities.CommonMethodsAndUtilities.getRandomValue(CommonMethodsAndUtilities.java:207)
at CommonMethodsAndUtilities.CommonMethodsAndUtilities.getRandomValue(CommonMethodsAndUtilities.java:207)
at CommonMethodsAndUtilities.CommonMethodsAndUtilities.getRandomValue(CommonMethodsAndUtilities.java:207)
at CommonMethodsAndUtilities.CommonMethodsAndUtilities.getRandomValue(CommonMethodsAndUtilities.java:207)
at CommonMethodsAndUtilities.CommonMethodsAndUtilities.getRandomValue(CommonMethodsAndUtilities.java:207)
at CommonMethodsAndUtilities.CommonMethodsAndUtilities.getRandomValue(CommonMethodsAndUtilities.java:207)
at CommonMethodsAndUtilities.CommonMethodsAndUtilities.getRandomValue(CommonMethodsAndUtilities.java:207)
at CommonMethodsAndUtilities.CommonMethodsAndUtilities.getRandomValue(CommonMethodsAndUtilities.java:207)
at CommonMethodsAndUtilities.CommonMethodsAndUtilities.getRandomValue(CommonMethodsAndUtilities.java:207)
at CommonMethodsAndUtilities.CommonMethodsAndUtilities.getRandomValue(CommonMethodsAndUtilities.java:207)
at CommonMethodsAndUtilities.CommonMethodsAndUtilities.getRandomValue(CommonMethodsAndUtilities.java:207)
at CommonMethodsAndUtilities.CommonMethodsAndUtilities.getRandomValue(CommonMethodsAndUtilities.java:207)
at CommonMethodsAndUtilities.CommonMethodsAndUtilities.getRandomValue(CommonMethodsAndUtilities.java:207)
at CommonMethodsAndUtilities.CommonMethodsAndUtilities.getRandomValue(CommonMethodsAndUtilities.java:207)
at CommonMethodsAndUtilities.CommonMethodsAndUtilities.getRandomValue(CommonMethodsAndUtilities.java:207)
at CommonMethodsAndUtilities.CommonMethodsAndUtilities.getRandomValue(CommonMethodsAndUtilities.java:207)
at CommonMethodsAndUtilities.CommonMethodsAndUtilities.getRandomValue(CommonMethodsAndUtilities.java:207)
at CommonMethodsAndUtilities.CommonMethodsAndUtilities.getRandomValue(CommonMethodsAndUtilities.java:207)
at CommonMethodsAndUtilities.CommonMethodsAndUtilities.getRandomValue(CommonMethodsAndUtilities.java:207)
at CommonMethodsAndUtilities.CommonMethodsAndUtilities.getRandomValue(CommonMethodsAndUtilities.java:207)
at CommonMethodsAndUtilities.CommonMethodsAndUtilities.getRandomValue(CommonMethodsAndUtilities.java:207)
at CommonMethodsAndUtilities.CommonMethodsAndUtilities.getRandomValue(CommonMethodsAndUtilities.java:207)
at CommonMethodsAndUtilities.CommonMethodsAndUtilities.getRandomValue(CommonMethodsAndUtilities.java:207)
at CommonMethodsAndUtilities.CommonMethodsAndUtilities.getRandomValue(CommonMethodsAndUtilities.java:207)
at CommonMethodsAndUtilities.CommonMethodsAndUtilities.getRandomValue(CommonMethodsAndUtilities.java:207)
at CommonMethodsAndUtilities.CommonMethodsAndUtilities.getRandomValue(CommonMethodsAndUtilities.java:207)
at CommonMethodsAndUtilities.CommonMethodsAndUtilities.getRandomValue(CommonMethodsAndUtilities.java:207)
at CommonMethodsAndUtilities.CommonMethodsAndUtilities.getRandomValue(CommonMethodsAndUtilities.java:207)
at CommonMethodsAndUtilities.CommonMethodsAndUtilities.getRandomValue(CommonMethodsAndUtilities.java:207)
at CommonMethodsAndUtilities.CommonMethodsAndUtilities.getRandomValue(CommonMethodsAndUtilities.java:207)
at CommonMethodsAndUtilities.CommonMethodsAndUtilities.getRandomValue(CommonMethodsAndUtilities.java:207)
at CommonMethodsAndUtilities.CommonMethodsAndUtilities.getRandomValue(CommonMethodsAndUtilities.java:207)
at CommonMethodsAndUtilities.CommonMethodsAndUtilities.getRandomValue(CommonMethodsAndUtilities.java:207)
at CommonMethodsAndUtilities.CommonMethodsAndUtilities.getRandomValue(CommonMethodsAndUtilities.java:207)
at CommonMethodsAndUtilities.CommonMethodsAndUtilities.getRandomValue(CommonMethodsAndUtilities.java:207)
at CommonMethodsAndUtilities.CommonMethodsAndUtilities.getRandomValue(CommonMethodsAndUtilities.java:207)
at CommonMethodsAndUtilities.CommonMethodsAndUtilities.getRandomValue(CommonMethodsAndUtilities.java:207)
at CommonMethodsAndUtilities.CommonMethodsAndUtilities.getRandomValue(CommonMethodsAndUtilities.java:207)
at CommonMethodsAndUtilities.CommonMethodsAndUtilities.getRandomValue(CommonMethodsAndUtilities.java:207)
at CommonMethodsAndUtilities.CommonMethodsAndUtilities.getRandomValue(CommonMethodsAndUtilities.java:207)
at CommonMethodsAndUtilities.CommonMethodsAndUtilities.getRandomValue(CommonMethodsAndUtilities.java:207)
at CommonMethodsAndUtilities.CommonMethodsAndUtilities.getRandomValue(CommonMethodsAndUtilities.java:207)
at CommonMethodsAndUtilities.CommonMethodsAndUtilities.getRandomValue(CommonMethodsAndUtilities.java:207)
at CommonMethodsAndUtilities.CommonMethodsAndUtilities.getRandomValue(CommonMethodsAndUtilities.java:207)
at CommonMethodsAndUtilities.CommonMethodsAndUtilities.getRandomValue(CommonMethodsAndUtilities.java:207)
at CommonMethodsAndUtilities.CommonMethodsAndUtilities.getRandomValue(CommonMethodsAndUtilities.java:207)
at CommonMethodsAndUtilities.CommonMethodsAndUtilities.getRandomValue(CommonMethodsAndUtilities.java:207)
at CommonMethodsAndUtilities.CommonMethodsAndUtilities.getRandomValue(CommonMethodsAndUtilities.java:207)
at CommonMethodsAndUtilities.CommonMethodsAndUtilities.getRandomValue(CommonMethodsAndUtilities.java:207)
at CommonMethodsAndUtilities.CommonMethodsAndUtilities.getRandomValue(CommonMethodsAndUtilities.java:207)
at CommonMethodsAndUtilities.CommonMethodsAndUtilities.getRandomValue(CommonMethodsAndUtilities.java:207)
at CommonMethodsAndUtilities.CommonMethodsAndUtilities.getRandomValue(CommonMethodsAndUtilities.java:207)
at CommonMethodsAndUtilities.CommonMethodsAndUtilities.getRandomValue(CommonMethodsAndUtilities.java:207)
at CommonMethodsAndUtilities.CommonMethodsAndUtilities.getRandomValue(CommonMethodsAndUtilities.java:207)
at CommonMethodsAndUtilities.CommonMethodsAndUtilities.getRandomValue(CommonMethodsAndUtilities.java:207)
at CommonMethodsAndUtilities.CommonMethodsAndUtilities.getRandomValue(CommonMethodsAndUtilities.java:207)
at CommonMethodsAndUtilities.CommonMethodsAndUtilities.getRandomValue(CommonMethodsAndUtilities.java:207)
at CommonMethodsAndUtilities.CommonMethodsAndUtilities.getRandomValue(CommonMethodsAndUtilities.java:207)
at CommonMethodsAndUtilities.CommonMethodsAndUtilities.getRandomValue(CommonMethodsAndUtilities.java:207)
at CommonMethodsAndUtilities.CommonMethodsAndUtilities.getRandomValue(CommonMethodsAndUtilities.java:207)
at CommonMethodsAndUtilities.CommonMethodsAndUtilities.getRandomValue(CommonMethodsAndUtilities.java:207)
at CommonMethodsAndUtilities.CommonMethodsAndUtilities.getRandomValue(CommonMethodsAndUtilities.java:207)
at CommonMethodsAndUtilities.CommonMethodsAndUtilities.getRandomValue(CommonMethodsAndUtilities.java:207)
at CommonMethodsAndUtilities.CommonMethodsAndUtilities.getRandomValue(CommonMethodsAndUtilities.java:207)
at CommonMethodsAndUtilities.CommonMethodsAndUtilities.getRandomValue(CommonMethodsAndUtilities.java:207)
at CommonMethodsAndUtilities.CommonMethodsAndUtilities.getRandomValue(CommonMethodsAndUtilities.java:207)
at CommonMethodsAndUtilities.CommonMethodsAndUtilities.getRandomValue(CommonMethodsAndUtilities.java:207)
at CommonMethodsAndUtilities.CommonMethodsAndUtilities.getRandomValue(CommonMethodsAndUtilities.java:207)
at CommonMethodsAndUtilities.CommonMethodsAndUtilities.getRandomValue(CommonMethodsAndUtilities.java:207)
at CommonMethodsAndUtilities.CommonMethodsAndUtilities.getRandomValue(CommonMethodsAndUtilities.java:207)
at CommonMethodsAndUtilities.CommonMethodsAndUtilities.getRandomValue(CommonMethodsAndUtilities.java:207)
at CommonMethodsAndUtilities.CommonMethodsAndUtilities.getRandomValue(CommonMethodsAndUtilities.java:207)
at CommonMethodsAndUtilities.CommonMethodsAndUtilities.getRandomValue(CommonMethodsAndUtilities.java:207)
at CommonMethodsAndUtilities.CommonMethodsAndUtilities.getRandomValue(CommonMethodsAndUtilities.java:207)
at CommonMethodsAndUtilities.CommonMethodsAndUtilities.getRandomValue(CommonMethodsAndUtilities.java:207)
at CommonMethodsAndUtilities.CommonMethodsAndUtilities.getRandomValue(CommonMethodsAndUtilities.java:207)
at CommonMethodsAndUtilities.CommonMethodsAndUtilities.getRandomValue(CommonMethodsAndUtilities.java:207)
at CommonMethodsAndUtilities.CommonMethodsAndUtilities.getRandomValue(CommonMethodsAndUtilities.java:207)
at CommonMethodsAndUtilities.CommonMethodsAndUtilities.getRandomValue(CommonMethodsAndUtilities.java:207)
at CommonMethodsAndUtilities.CommonMethodsAndUtilities.getRandomValue(CommonMethodsAndUtilities.java:207)
at CommonMethodsAndUtilities.CommonMethodsAndUtilities.getRandomValue(CommonMethodsAndUtilities.java:207)
at CommonMethodsAndUtilities.CommonMethodsAndUtilities.getRandomValue(CommonMethodsAndUtilities.java:207)
at CommonMethodsAndUtilities.CommonMethodsAndUtilities.getRandomValue(CommonMethodsAndUtilities.java:207)
at CommonMethodsAndUtilities.CommonMethodsAndUtilities.getRandomValue(CommonMethodsAndUtilities.java:207)
at CommonMethodsAndUtilities.CommonMethodsAndUtilities.getRandomValue(CommonMethodsAndUtilities.java:207)
at CommonMethodsAndUtilities.CommonMethodsAndUtilities.getRandomValue(CommonMethodsAndUtilities.java:207)
at CommonMethodsAndUtilities.CommonMethodsAndUtilities.getRandomValue(CommonMethodsAndUtilities.java:207)
at CommonMethodsAndUtilities.CommonMethodsAndUtilities.getRandomValue(CommonMethodsAndUtilities.java:207)
at CommonMethodsAndUtilities.CommonMethodsAndUtilities.getRandomValue(CommonMethodsAndUtilities.java:207)
at CommonMethodsAndUtilities.CommonMethodsAndUtilities.getRandomValue(CommonMethodsAndUtilities.java:207)
at CommonMethodsAndUtilities.CommonMethodsAndUtilities.getRandomValue(CommonMethodsAndUtilities.java:207)
at CommonMethodsAndUtilities.CommonMethodsAndUtilities.getRandomValue(CommonMethodsAndUtilities.java:207)
at CommonMethodsAndUtilities.CommonMethodsAndUtilities.getRandomValue(CommonMethodsAndUtilities.java:207)
at CommonMethodsAndUtilities.CommonMethodsAndUtilities.getRandomValue(CommonMethodsAndUtilities.java:207)
at CommonMethodsAndUtilities.CommonMethodsAndUtilities.getRandomValue(CommonMethodsAndUtilities.java:207)
at CommonMethodsAndUtilities.CommonMethodsAndUtilities.getRandomValue(CommonMethodsAndUtilities.java:207)
at CommonMethodsAndUtilities.CommonMethodsAndUtilities.getRandomValue(CommonMethodsAndUtilities.java:207)
at CommonMethodsAndUtilities.CommonMethodsAndUtilities.getRandomValue(CommonMethodsAndUtilities.java:207)
at CommonMethodsAndUtilities.CommonMethodsAndUtilities.getRandomValue(CommonMethodsAndUtilities.java:207)
at CommonMethodsAndUtilities.CommonMethodsAndUtilities.getRandomValue(CommonMethodsAndUtilities.java:207)
at CommonMethodsAndUtilities.CommonMethodsAndUtilities.getRandomValue(CommonMethodsAndUtilities.java:207)
at CommonMethodsAndUtilities.CommonMethodsAndUtilities.getRandomValue(CommonMethodsAndUtilities.java:207)
at CommonMethodsAndUtilities.CommonMethodsAndUtilities.getRandomValue(CommonMethodsAndUtilities.java:207)
at CommonMethodsAndUtilities.CommonMethodsAndUtilities.getRandomValue(CommonMethodsAndUtilities.java:207)
at CommonMethodsAndUtilities.CommonMethodsAndUtilities.getRandomValue(CommonMethodsAndUtilities.java:207)
at CommonMethodsAndUtilities.CommonMethodsAndUtilities.getRandomValue(CommonMethodsAndUtilities.java:207)
at CommonMethodsAndUtilities.CommonMethodsAndUtilities.getRandomValue(CommonMethodsAndUtilities.java:207)
at CommonMethodsAndUtilities.CommonMethodsAndUtilities.getRandomValue(CommonMethodsAndUtilities.java:207)
at CommonMethodsAndUtilities.CommonMethodsAndUtilities.getRandomValue(CommonMethodsAndUtilities.java:207)
at CommonMethodsAndUtilities.CommonMethodsAndUtilities.getRandomValue(CommonMethodsAndUtilities.java:207)
at CommonMethodsAndUtilities.CommonMethodsAndUtilities.getRandomValue(CommonMethodsAndUtilities.java:207)
at CommonMethodsAndUtilities.CommonMethodsAndUtilities.getRandomValue(CommonMethodsAndUtilities.java:207)
at CommonMethodsAndUtilities.CommonMethodsAndUtilities.getRandomValue(CommonMethodsAndUtilities.java:207)
at CommonMethodsAndUtilities.CommonMethodsAndUtilities.getRandomValue(CommonMethodsAndUtilities.java:207)
at CommonMethodsAndUtilities.CommonMethodsAndUtilities.getRandomValue(CommonMethodsAndUtilities.java:207)
at CommonMethodsAndUtilities.CommonMethodsAndUtilities.getRandomValue(CommonMethodsAndUtilities.java:207)
at CommonMethodsAndUtilities.CommonMethodsAndUtilities.getRandomValue(CommonMethodsAndUtilities.java:207)
at CommonMethodsAndUtilities.CommonMethodsAndUtilities.getRandomValue(CommonMethodsAndUtilities.java:207)
at CommonMethodsAndUtilities.CommonMethodsAndUtilities.getRandomValue(CommonMethodsAndUtilities.java:207)
at CommonMethodsAndUtilities.CommonMethodsAndUtilities.getRandomValue(CommonMethodsAndUtilities.java:207)
at CommonMethodsAndUtilities.CommonMethodsAndUtilities.getRandomValue(CommonMethodsAndUtilities.java:207)
at CommonMethodsAndUtilities.CommonMethodsAndUtilities.getRandomValue(CommonMethodsAndUtilities.java:207)
at CommonMethodsAndUtilities.CommonMethodsAndUtilities.getRandomValue(CommonMethodsAndUtilities.java:207)
at CommonMethodsAndUtilities.CommonMethodsAndUtilities.getRandomValue(CommonMethodsAndUtilities.java:207)
at CommonMethodsAndUtilities.CommonMethodsAndUtilities.getRandomValue(CommonMethodsAndUtilities.java:207)
at CommonMethodsAndUtilities.CommonMethodsAndUtilities.getRandomValue(CommonMethodsAndUtilities.java:207)
at CommonMethodsAndUtilities.CommonMethodsAndUtilities.getRandomValue(CommonMethodsAndUtilities.java:207)
at CommonMethodsAndUtilities.CommonMethodsAndUtilities.getRandomValue(CommonMethodsAndUtilities.java:207)
at CommonMethodsAndUtilities.CommonMethodsAndUtilities.getRandomValue(CommonMethodsAndUtilities.java:207)
at CommonMethodsAndUtilities.CommonMethodsAndUtilities.getRandomValue(CommonMethodsAndUtilities.java:207)
at CommonMethodsAndUtilities.CommonMethodsAndUtilities.getRandomValue(CommonMethodsAndUtilities.java:207)
at CommonMethodsAndUtilities.CommonMethodsAndUtilities.getRandomValue(CommonMethodsAndUtilities.java:207)
at CommonMethodsAndUtilities.CommonMethodsAndUtilities.getRandomValue(CommonMethodsAndUtilities.java:207)
at CommonMethodsAndUtilities.CommonMethodsAndUtilities.getRandomValue(CommonMethodsAndUtilities.java:207)
at CommonMethodsAndUtilities.CommonMethodsAndUtilities.getRandomValue(CommonMethodsAndUtilities.java:207)
at CommonMethodsAndUtilities.CommonMethodsAndUtilities.getRandomValue(CommonMethodsAndUtilities.java:207)
at CommonMethodsAndUtilities.CommonMethodsAndUtilities.getRandomValue(CommonMethodsAndUtilities.java:207)
at CommonMethodsAndUtilities.CommonMethodsAndUtilities.getRandomValue(CommonMethodsAndUtilities.java:207)
at CommonMethodsAndUtilities.CommonMethodsAndUtilities.getRandomValue(CommonMethodsAndUtilities.java:207)
at CommonMethodsAndUtilities.CommonMethodsAndUtilities.getRandomValue(CommonMethodsAndUtilities.java:207)
at CommonMethodsAndUtilities.CommonMethodsAndUtilities.getRandomValue(CommonMethodsAndUtilities.java:207)
at CommonMethodsAndUtilities.CommonMethodsAndUtilities.getRandomValue(CommonMethodsAndUtilities.java:207)
at CommonMethodsAndUtilities.CommonMethodsAndUtilities.getRandomValue(CommonMethodsAndUtilities.java:207)
at CommonMethodsAndUtilities.CommonMethodsAndUtilities.getRandomValue(CommonMethodsAndUtilities.java:207)
at CommonMethodsAndUtilities.CommonMethodsAndUtilities.getRandomValue(CommonMethodsAndUtilities.java:207)
at CommonMethodsAndUtilities.CommonMethodsAndUtilities.getRandomValue(CommonMethodsAndUtilities.java:207)
at CommonMethodsAndUtilities.CommonMethodsAndUtilities.getRandomValue(CommonMethodsAndUtilities.java:207)
at CommonMethodsAndUtilities.CommonMethodsAndUtilities.getRandomValue(CommonMethodsAndUtilities.java:207)
at CommonMethodsAndUtilities.CommonMethodsAndUtilities.getRandomValue(CommonMethodsAndUtilities.java:207)
at CommonMethodsAndUtilities.CommonMethodsAndUtilities.getRandomValue(CommonMethodsAndUtilities.java:207)
at CommonMethodsAndUtilities.CommonMethodsAndUtilities.getRandomValue(CommonMethodsAndUtilities.java:207)
at CommonMethodsAndUtilities.CommonMethodsAndUtilities.getRandomValue(CommonMethodsAndUtilities.java:207)
at CommonMethodsAndUtilities.CommonMethodsAndUtilities.getRandomValue(CommonMethodsAndUtilities.java:207)
at CommonMethodsAndUtilities.CommonMethodsAndUtilities.getRandomValue(CommonMethodsAndUtilities.java:207)
at CommonMethodsAndUtilities.CommonMethodsAndUtilities.getRandomValue(CommonMethodsAndUtilities.java:207)
at CommonMethodsAndUtilities.CommonMethodsAndUtilities.getRandomValue(CommonMethodsAndUtilities.java:207)
at CommonMethodsAndUtilities.CommonMethodsAndUtilities.getRandomValue(CommonMethodsAndUtilities.java:207)
at CommonMethodsAndUtilities.CommonMethodsAndUtilities.getRandomValue(CommonMethodsAndUtilities.java:207)
at CommonMethodsAndUtilities.CommonMethodsAndUtilities.getRandomValue(CommonMethodsAndUtilities.java:207)
at CommonMethodsAndUtilities.CommonMethodsAndUtilities.getRandomValue(CommonMethodsAndUtilities.java:207)
at CommonMethodsAndUtilities.CommonMethodsAndUtilities.getRandomValue(CommonMethodsAndUtilities.java:207)
at CommonMethodsAndUtilities.CommonMethodsAndUtilities.getRandomValue(CommonMethodsAndUtilities.java:207)
at CommonMethodsAndUtilities.CommonMethodsAndUtilities.getRandomValue(CommonMethodsAndUtilities.java:207)
at CommonMethodsAndUtilities.CommonMethodsAndUtilities.getRandomValue(CommonMethodsAndUtilities.java:207)
at CommonMethodsAndUtilities.CommonMethodsAndUtilities.getRandomValue(CommonMethodsAndUtilities.java:207)
at CommonMethodsAndUtilities.CommonMethodsAndUtilities.getRandomValue(CommonMethodsAndUtilities.java:207)
at CommonMethodsAndUtilities.CommonMethodsAndUtilities.getRandomValue(CommonMethodsAndUtilities.java:207)
at CommonMethodsAndUtilities.CommonMethodsAndUtilities.getRandomValue(CommonMethodsAndUtilities.java:207)
at CommonMethodsAndUtilities.CommonMethodsAndUtilities.getRandomValue(CommonMethodsAndUtilities.java:207)
at CommonMethodsAndUtilities.CommonMethodsAndUtilities.getRandomValue(CommonMethodsAndUtilities.java:207)
at CommonMethodsAndUtilities.CommonMethodsAndUtilities.getRandomValue(CommonMethodsAndUtilities.java:207)
at CommonMethodsAndUtilities.CommonMethodsAndUtilities.getRandomValue(CommonMethodsAndUtilities.java:207)
at CommonMethodsAndUtilities.CommonMethodsAndUtilities.getRandomValue(CommonMethodsAndUtilities.java:207)
at CommonMethodsAndUtilities.CommonMethodsAndUtilities.getRandomValue(CommonMethodsAndUtilities.java:207)
at CommonMethodsAndUtilities.CommonMethodsAndUtilities.getRandomValue(CommonMethodsAndUtilities.java:207)
at CommonMethodsAndUtilities.CommonMethodsAndUtilities.getRandomValue(CommonMethodsAndUtilities.java:207)
at CommonMethodsAndUtilities.CommonMethodsAndUtilities.getRandomValue(CommonMethodsAndUtilities.java:207)
at CommonMethodsAndUtilities.CommonMethodsAndUtilities.getRandomValue(CommonMethodsAndUtilities.java:207)
at CommonMethodsAndUtilities.CommonMethodsAndUtilities.getRandomValue(CommonMethodsAndUtilities.java:207)
at CommonMethodsAndUtilities.CommonMethodsAndUtilities.getRandomValue(CommonMethodsAndUtilities.java:207)
at CommonMethodsAndUtilities.CommonMethodsAndUtilities.getRandomValue(CommonMethodsAndUtilities.java:207)
at CommonMethodsAndUtilities.CommonMethodsAndUtilities.getRandomValue(CommonMethodsAndUtilities.java:207)
at CommonMethodsAndUtilities.CommonMethodsAndUtilities.getRandomValue(CommonMethodsAndUtilities.java:207)
at CommonMethodsAndUtilities.CommonMethodsAndUtilities.getRandomValue(CommonMethodsAndUtilities.java:207)
at CommonMethodsAndUtilities.CommonMethodsAndUtilities.getRandomValue(CommonMethodsAndUtilities.java:207)
at CommonMethodsAndUtilities.CommonMethodsAndUtilities.getRandomValue(CommonMethodsAndUtilities.java:207)
at CommonMethodsAndUtilities.CommonMethodsAndUtilities.getRandomValue(CommonMethodsAndUtilities.java:207)
at CommonMethodsAndUtilities.CommonMethodsAndUtilities.getRandomValue(CommonMethodsAndUtilities.java:207)
at CommonMethodsAndUtilities.CommonMethodsAndUtilities.getRandomValue(CommonMethodsAndUtilities.java:207)
at CommonMethodsAndUtilities.CommonMethodsAndUtilities.getRandomValue(CommonMethodsAndUtilities.java:207)
at CommonMethodsAndUtilities.CommonMethodsAndUtilities.getRandomValue(CommonMethodsAndUtilities.java:207)
at CommonMethodsAndUtilities.CommonMethodsAndUtilities.getRandomValue(CommonMethodsAndUtilities.java:207)
at CommonMethodsAndUtilities.CommonMethodsAndUtilities.getRandomValue(CommonMethodsAndUtilities.java:207)
at CommonMethodsAndUtilities.CommonMethodsAndUtilities.getRandomValue(CommonMethodsAndUtilities.java:207)
at CommonMethodsAndUtilities.CommonMethodsAndUtilities.getRandomValue(CommonMethodsAndUtilities.java:207)
at CommonMethodsAndUtilities.CommonMethodsAndUtilities.getRandomValue(CommonMethodsAndUtilities.java:207)
at CommonMethodsAndUtilities.CommonMethodsAndUtilities.getRandomValue(CommonMethodsAndUtilities.java:207)
at CommonMethodsAndUtilities.CommonMethodsAndUtilities.getRandomValue(CommonMethodsAndUtilities.java:207)
at CommonMethodsAndUtilities.CommonMethodsAndUtilities.getRandomValue(CommonMethodsAndUtilities.java:207)
at CommonMethodsAndUtilities.CommonMethodsAndUtilities.getRandomValue(CommonMethodsAndUtilities.java:207)
at CommonMethodsAndUtilities.CommonMethodsAndUtilities.getRandomValue(CommonMethodsAndUtilities.java:207)
at CommonMethodsAndUtilities.CommonMethodsAndUtilities.getRandomValue(CommonMethodsAndUtilities.java:207)
at CommonMethodsAndUtilities.CommonMethodsAndUtilities.getRandomValue(CommonMethodsAndUtilities.java:207)
at CommonMethodsAndUtilities.CommonMethodsAndUtilities.getRandomValue(CommonMethodsAndUtilities.java:207)
at CommonMethodsAndUtilities.CommonMethodsAndUtilities.getRandomValue(CommonMethodsAndUtilities.java:207)
at CommonMethodsAndUtilities.CommonMethodsAndUtilities.getRandomValue(CommonMethodsAndUtilities.java:207)
at CommonMethodsAndUtilities.CommonMethodsAndUtilities.getRandomValue(CommonMethodsAndUtilities.java:207)
at CommonMethodsAndUtilities.CommonMethodsAndUtilities.getRandomValue(CommonMethodsAndUtilities.java:207)
at CommonMethodsAndUtilities.CommonMethodsAndUtilities.getRandomValue(CommonMethodsAndUtilities.java:207)
at CommonMethodsAndUtilities.CommonMethodsAndUtilities.getRandomValue(CommonMethodsAndUtilities.java:207)
at CommonMethodsAndUtilities.CommonMethodsAndUtilities.getRandomValue(CommonMethodsAndUtilities.java:207)
at CommonMethodsAndUtilities.CommonMethodsAndUtilities.getRandomValue(CommonMethodsAndUtilities.java:207)
at CommonMethodsAndUtilities.CommonMethodsAndUtilities.getRandomValue(CommonMethodsAndUtilities.java:207)
at CommonMethodsAndUtilities.CommonMethodsAndUtilities.getRandomValue(CommonMethodsAndUtilities.java:207)
at CommonMethodsAndUtilities.CommonMethodsAndUtilities.getRandomValue(CommonMethodsAndUtilities.java:207)
at CommonMethodsAndUtilities.CommonMethodsAndUtilities.getRandomValue(CommonMethodsAndUtilities.java:207)
at CommonMethodsAndUtilities.CommonMethodsAndUtilities.getRandomValue(CommonMethodsAndUtilities.java:207)
at CommonMethodsAndUtilities.CommonMethodsAndUtilities.getRandomValue(CommonMethodsAndUtilities.java:207)
at CommonMethodsAndUtilities.CommonMethodsAndUtilities.getRandomValue(CommonMethodsAndUtilities.java:207)
at CommonMethodsAndUtilities.CommonMethodsAndUtilities.getRandomValue(CommonMethodsAndUtilities.java:207)
at CommonMethodsAndUtilities.CommonMethodsAndUtilities.getRandomValue(CommonMethodsAndUtilities.java:207)
at CommonMethodsAndUtilities.CommonMethodsAndUtilities.getRandomValue(CommonMethodsAndUtilities.java:207)
at CommonMethodsAndUtilities.CommonMethodsAndUtilities.getRandomValue(CommonMethodsAndUtilities.java:207)
at CommonMethodsAndUtilities.CommonMethodsAndUtilities.getRandomValue(CommonMethodsAndUtilities.java:207)
at CommonMethodsAndUtilities.CommonMethodsAndUtilities.getRandomValue(CommonMethodsAndUtilities.java:207)
at CommonMethodsAndUtilities.CommonMethodsAndUtilities.getRandomValue(CommonMethodsAndUtilities.java:207)
at CommonMethodsAndUtilities.CommonMethodsAndUtilities.getRandomValue(CommonMethodsAndUtilities.java:207)
at CommonMethodsAndUtilities.CommonMethodsAndUtilities.getRandomValue(CommonMethodsAndUtilities.java:207)
at CommonMethodsAndUtilities.CommonMethodsAndUtilities.getRandomValue(CommonMethodsAndUtilities.java:207)
at CommonMethodsAndUtilities.CommonMethodsAndUtilities.getRandomValue(CommonMethodsAndUtilities.java:207)
at CommonMethodsAndUtilities.CommonMethodsAndUtilities.getRandomValue(CommonMethodsAndUtilities.java:207)
at CommonMethodsAndUtilities.CommonMethodsAndUtilities.getRandomValue(CommonMethodsAndUtilities.java:207)
at CommonMethodsAndUtilities.CommonMethodsAndUtilities.getRandomValue(CommonMethodsAndUtilities.java:207)
at CommonMethodsAndUtilities.CommonMethodsAndUtilities.getRandomValue(CommonMethodsAndUtilities.java:207)
at CommonMethodsAndUtilities.CommonMethodsAndUtilities.getRandomValue(CommonMethodsAndUtilities.java:207)
at CommonMethodsAndUtilities.CommonMethodsAndUtilities.getRandomValue(CommonMethodsAndUtilities.java:207)
at CommonMethodsAndUtilities.CommonMethodsAndUtilities.getRandomValue(CommonMethodsAndUtilities.java:207)
at CommonMethodsAndUtilities.CommonMethodsAndUtilities.getRandomValue(CommonMethodsAndUtilities.java:207)
at CommonMethodsAndUtilities.CommonMethodsAndUtilities.getRandomValue(CommonMethodsAndUtilities.java:207)
at CommonMethodsAndUtilities.CommonMethodsAndUtilities.getRandomValue(CommonMethodsAndUtilities.java:207)
at CommonMethodsAndUtilities.CommonMethodsAndUtilities.getRandomValue(CommonMethodsAndUtilities.java:207)
at CommonMethodsAndUtilities.CommonMethodsAndUtilities.getRandomValue(CommonMethodsAndUtilities.java:207)
at CommonMethodsAndUtilities.CommonMethodsAndUtilities.getRandomValue(CommonMethodsAndUtilities.java:207)
at CommonMethodsAndUtilities.CommonMethodsAndUtilities.getRandomValue(CommonMethodsAndUtilities.java:207)
at CommonMethodsAndUtilities.CommonMethodsAndUtilities.getRandomValue(CommonMethodsAndUtilities.java:207)
at CommonMethodsAndUtilities.CommonMethodsAndUtilities.getRandomValue(CommonMethodsAndUtilities.java:207)
at CommonMethodsAndUtilities.CommonMethodsAndUtilities.getRandomValue(CommonMethodsAndUtilities.java:207)
at CommonMethodsAndUtilities.CommonMethodsAndUtilities.getRandomValue(CommonMethodsAndUtilities.java:207)
at CommonMethodsAndUtilities.CommonMethodsAndUtilities.getRandomValue(CommonMethodsAndUtilities.java:207)
at CommonMethodsAndUtilities.CommonMethodsAndUtilities.getRandomValue(CommonMethodsAndUtilities.java:207)
at CommonMethodsAndUtilities.CommonMethodsAndUtilities.getRandomValue(CommonMethodsAndUtilities.java:207)
at CommonMethodsAndUtilities.CommonMethodsAndUtilities.getRandomValue(CommonMethodsAndUtilities.java:207)
at CommonMethodsAndUtilities.CommonMethodsAndUtilities.getRandomValue(CommonMethodsAndUtilities.java:207)
at CommonMethodsAndUtilities.CommonMethodsAndUtilities.getRandomValue(CommonMethodsAndUtilities.java:207)
at CommonMethodsAndUtilities.CommonMethodsAndUtilities.getRandomValue(CommonMethodsAndUtilities.java:207)
at CommonMethodsAndUtilities.CommonMethodsAndUtilities.getRandomValue(CommonMethodsAndUtilities.java:207)
at CommonMethodsAndUtilities.CommonMethodsAndUtilities.getRandomValue(CommonMethodsAndUtilities.java:207)
at CommonMethodsAndUtilities.CommonMethodsAndUtilities.getRandomValue(CommonMethodsAndUtilities.java:207)
at CommonMethodsAndUtilities.CommonMethodsAndUtilities.getRandomValue(CommonMethodsAndUtilities.java:207)
at CommonMethodsAndUtilities.CommonMethodsAndUtilities.getRandomValue(CommonMethodsAndUtilities.java:207)
at CommonMethodsAndUtilities.CommonMethodsAndUtilities.getRandomValue(CommonMethodsAndUtilities.java:207)
at CommonMethodsAndUtilities.CommonMethodsAndUtilities.getRandomValue(CommonMethodsAndUtilities.java:207)
at CommonMethodsAndUtilities.CommonMethodsAndUtilities.getRandomValue(CommonMethodsAndUtilities.java:207)
at CommonMethodsAndUtilities.CommonMethodsAndUtilities.getRandomValue(CommonMethodsAndUtilities.java:207)
at CommonMethodsAndUtilities.CommonMethodsAndUtilities.getRandomValue(CommonMethodsAndUtilities.java:207)
at CommonMethodsAndUtilities.CommonMethodsAndUtilities.getRandomValue(CommonMethodsAndUtilities.java:207)
at CommonMethodsAndUtilities.CommonMethodsAndUtilities.getRandomValue(CommonMethodsAndUtilities.java:207)
at CommonMethodsAndUtilities.CommonMethodsAndUtilities.getRandomValue(CommonMethodsAndUtilities.java:207)
at CommonMethodsAndUtilities.CommonMethodsAndUtilities.getRandomValue(CommonMethodsAndUtilities.java:207)
at CommonMethodsAndUtilities.CommonMethodsAndUtilities.getRandomValue(CommonMethodsAndUtilities.java:207)
at CommonMethodsAndUtilities.CommonMethodsAndUtilities.getRandomValue(CommonMethodsAndUtilities.java:207)
at CommonMethodsAndUtilities.CommonMethodsAndUtilities.getRandomValue(CommonMethodsAndUtilities.java:207)
at CommonMethodsAndUtilities.CommonMethodsAndUtilities.getRandomValue(CommonMethodsAndUtilities.java:207)
at CommonMethodsAndUtilities.CommonMethodsAndUtilities.getRandomValue(CommonMethodsAndUtilities.java:207)
at CommonMethodsAndUtilities.CommonMethodsAndUtilities.getRandomValue(CommonMethodsAndUtilities.java:207)
at CommonMethodsAndUtilities.CommonMethodsAndUtilities.getRandomValue(CommonMethodsAndUtilities.java:207)
at CommonMethodsAndUtilities.CommonMethodsAndUtilities.getRandomValue(CommonMethodsAndUtilities.java:207)
at CommonMethodsAndUtilities.CommonMethodsAndUtilities.getRandomValue(CommonMethodsAndUtilities.java:207)
at CommonMethodsAndUtilities.CommonMethodsAndUtilities.getRandomValue(CommonMethodsAndUtilities.java:207)
at CommonMethodsAndUtilities.CommonMethodsAndUtilities.getRandomValue(CommonMethodsAndUtilities.java:207)
at CommonMethodsAndUtilities.CommonMethodsAndUtilities.getRandomValue(CommonMethodsAndUtilities.java:207)
at CommonMethodsAndUtilities.CommonMethodsAndUtilities.getRandomValue(CommonMethodsAndUtilities.java:207)
at CommonMethodsAndUtilities.CommonMethodsAndUtilities.getRandomValue(CommonMethodsAndUtilities.java:207)
at CommonMethodsAndUtilities.CommonMethodsAndUtilities.getRandomValue(CommonMethodsAndUtilities.java:207)
at CommonMethodsAndUtilities.CommonMethodsAndUtilities.getRandomValue(CommonMethodsAndUtilities.java:207)
at CommonMethodsAndUtilities.CommonMethodsAndUtilities.getRandomValue(CommonMethodsAndUtilities.java:207)
at CommonMethodsAndUtilities.CommonMethodsAndUtilities.getRandomValue(CommonMethodsAndUtilities.java:207)
at CommonMethodsAndUtilities.CommonMethodsAndUtilities.getRandomValue(CommonMethodsAndUtilities.java:207)
at CommonMethodsAndUtilities.CommonMethodsAndUtilities.getRandomValue(CommonMethodsAndUtilities.java:207)
at CommonMethodsAndUtilities.CommonMethodsAndUtilities.getRandomValue(CommonMethodsAndUtilities.java:207)
at CommonMethodsAndUtilities.CommonMethodsAndUtilities.getRandomValue(CommonMethodsAndUtilities.java:207)
at CommonMethodsAndUtilities.CommonMethodsAndUtilities.getRandomValue(CommonMethodsAndUtilities.java:207)
at CommonMethodsAndUtilities.CommonMethodsAndUtilities.getRandomValue(CommonMethodsAndUtilities.java:207)
at CommonMethodsAndUtilities.CommonMethodsAndUtilities.getRandomValue(CommonMethodsAndUtilities.java:207)
at CommonMethodsAndUtilities.CommonMethodsAndUtilities.getRandomValue(CommonMethodsAndUtilities.java:207)
at CommonMethodsAndUtilities.CommonMethodsAndUtilities.getRandomValue(CommonMethodsAndUtilities.java:207)
at CommonMethodsAndUtilities.CommonMethodsAndUtilities.getRandomValue(CommonMethodsAndUtilities.java:207)
at CommonMethodsAndUtilities.CommonMethodsAndUtilities.getRandomValue(CommonMethodsAndUtilities.java:207)
at CommonMethodsAndUtilities.CommonMethodsAndUtilities.getRandomValue(CommonMethodsAndUtilities.java:207)
at CommonMethodsAndUtilities.CommonMethodsAndUtilities.getRandomValue(CommonMethodsAndUtilities.java:207)
at CommonMethodsAndUtilities.CommonMethodsAndUtilities.getRandomValue(CommonMethodsAndUtilities.java:207)
at CommonMethodsAndUtilities.CommonMethodsAndUtilities.getRandomValue(CommonMethodsAndUtilities.java:207)
at CommonMethodsAndUtilities.CommonMethodsAndUtilities.getRandomValue(CommonMethodsAndUtilities.java:207)
at CommonMethodsAndUtilities.CommonMethodsAndUtilities.getRandomValue(CommonMethodsAndUtilities.java:207)
at CommonMethodsAndUtilities.CommonMethodsAndUtilities.getRandomValue(CommonMethodsAndUtilities.java:207)
at CommonMethodsAndUtilities.CommonMethodsAndUtilities.getRandomValue(CommonMethodsAndUtilities.java:207)
at CommonMethodsAndUtilities.CommonMethodsAndUtilities.getRandomValue(CommonMethodsAndUtilities.java:207)
at CommonMethodsAndUtilities.CommonMethodsAndUtilities.getRandomValue(CommonMethodsAndUtilities.java:207)
at CommonMethodsAndUtilities.CommonMethodsAndUtilities.getRandomValue(CommonMethodsAndUtilities.java:207)
at CommonMethodsAndUtilities.CommonMethodsAndUtilities.getRandomValue(CommonMethodsAndUtilities.java:207)
at CommonMethodsAndUtilities.CommonMethodsAndUtilities.getRandomValue(CommonMethodsAndUtilities.java:207)
at CommonMethodsAndUtilities.CommonMethodsAndUtilities.getRandomValue(CommonMethodsAndUtilities.java:207)
at CommonMethodsAndUtilities.CommonMethodsAndUtilities.getRandomValue(CommonMethodsAndUtilities.java:207)
at CommonMethodsAndUtilities.CommonMethodsAndUtilities.getRandomValue(CommonMethodsAndUtilities.java:207)
at CommonMethodsAndUtilities.CommonMethodsAndUtilities.getRandomValue(CommonMethodsAndUtilities.java:207)
at CommonMethodsAndUtilities.CommonMethodsAndUtilities.getRandomValue(CommonMethodsAndUtilities.java:207)
at CommonMethodsAndUtilities.CommonMethodsAndUtilities.getRandomValue(CommonMethodsAndUtilities.java:207)
at CommonMethodsAndUtilities.CommonMethodsAndUtilities.getRandomValue(CommonMethodsAndUtilities.java:207)
at CommonMethodsAndUtilities.CommonMethodsAndUtilities.getRandomValue(CommonMethodsAndUtilities.java:207)
at CommonMethodsAndUtilities.CommonMethodsAndUtilities.getRandomValue(CommonMethodsAndUtilities.java:207)
at CommonMethodsAndUtilities.CommonMethodsAndUtilities.getRandomValue(CommonMethodsAndUtilities.java:207)
at CommonMethodsAndUtilities.CommonMethodsAndUtilities.getRandomValue(CommonMethodsAndUtilities.java:207)
at CommonMethodsAndUtilities.CommonMethodsAndUtilities.getRandomValue(CommonMethodsAndUtilities.java:207)
at CommonMethodsAndUtilities.CommonMethodsAndUtilities.getRandomValue(CommonMethodsAndUtilities.java:207)
at CommonMethodsAndUtilities.CommonMethodsAndUtilities.getRandomValue(CommonMethodsAndUtilities.java:207)
at CommonMethodsAndUtilities.CommonMethodsAndUtilities.getRandomValue(CommonMethodsAndUtilities.java:207)
at CommonMethodsAndUtilities.CommonMethodsAndUtilities.getRandomValue(CommonMethodsAndUtilities.java:207)
at CommonMethodsAndUtilities.CommonMethodsAndUtilities.getRandomValue(CommonMethodsAndUtilities.java:207)
at CommonMethodsAndUtilities.CommonMethodsAndUtilities.getRandomValue(CommonMethodsAndUtilities.java:207)
at CommonMethodsAndUtilities.CommonMethodsAndUtilities.getRandomValue(CommonMethodsAndUtilities.java:207)
at CommonMethodsAndUtilities.CommonMethodsAndUtilities.getRandomValue(CommonMethodsAndUtilities.java:207)
at CommonMethodsAndUtilities.CommonMethodsAndUtilities.getRandomValue(CommonMethodsAndUtilities.java:207)
at CommonMethodsAndUtilities.CommonMethodsAndUtilities.getRandomValue(CommonMethodsAndUtilities.java:207)
at CommonMethodsAndUtilities.CommonMethodsAndUtilities.getRandomValue(CommonMethodsAndUtilities.java:207)
at CommonMethodsAndUtilities.CommonMethodsAndUtilities.getRandomValue(CommonMethodsAndUtilities.java:207)
at CommonMethodsAndUtilities.CommonMethodsAndUtilities.getRandomValue(CommonMethodsAndUtilities.java:207)
at CommonMethodsAndUtilities.CommonMethodsAndUtilities.getRandomValue(CommonMethodsAndUtilities.java:207)
at CommonMethodsAndUtilities.CommonMethodsAndUtilities.getRandomValue(CommonMethodsAndUtilities.java:207)
at CommonMethodsAndUtilities.CommonMethodsAndUtilities.getRandomValue(CommonMethodsAndUtilities.java:207)
at CommonMethodsAndUtilities.CommonMethodsAndUtilities.getRandomValue(CommonMethodsAndUtilities.java:207)
at CommonMethodsAndUtilities.CommonMethodsAndUtilities.getRandomValue(CommonMethodsAndUtilities.java:207)
at CommonMethodsAndUtilities.CommonMethodsAndUtilities.getRandomValue(CommonMethodsAndUtilities.java:207)
at CommonMethodsAndUtilities.CommonMethodsAndUtilities.getRandomValue(CommonMethodsAndUtilities.java:207)
at CommonMethodsAndUtilities.CommonMethodsAndUtilities.getRandomValue(CommonMethodsAndUtilities.java:207)
at CommonMethodsAndUtilities.CommonMethodsAndUtilities.getRandomValue(CommonMethodsAndUtilities.java:207)
at CommonMethodsAndUtilities.CommonMethodsAndUtilities.getRandomValue(CommonMethodsAndUtilities.java:207)
at CommonMethodsAndUtilities.CommonMethodsAndUtilities.getRandomValue(CommonMethodsAndUtilities.java:207)
at CommonMethodsAndUtilities.CommonMethodsAndUtilities.getRandomValue(CommonMethodsAndUtilities.java:207)
at CommonMethodsAndUtilities.CommonMethodsAndUtilities.getRandomValue(CommonMethodsAndUtilities.java:207)
at CommonMethodsAndUtilities.CommonMethodsAndUtilities.getRandomValue(CommonMethodsAndUtilities.java:207)
at CommonMethodsAndUtilities.CommonMethodsAndUtilities.getRandomValue(CommonMethodsAndUtilities.java:207)
at CommonMethodsAndUtilities.CommonMethodsAndUtilities.getRandomValue(CommonMethodsAndUtilities.java:207)
at CommonMethodsAndUtilities.CommonMethodsAndUtilities.getRandomValue(CommonMethodsAndUtilities.java:207)
at CommonMethodsAndUtilities.CommonMethodsAndUtilities.getRandomValue(CommonMethodsAndUtilities.java:207)
at CommonMethodsAndUtilities.CommonMethodsAndUtilities.getRandomValue(CommonMethodsAndUtilities.java:207)
at CommonMethodsAndUtilities.CommonMethodsAndUtilities.getRandomValue(CommonMethodsAndUtilities.java:207)
at CommonMethodsAndUtilities.CommonMethodsAndUtilities.getRandomValue(CommonMethodsAndUtilities.java:207)
at CommonMethodsAndUtilities.CommonMethodsAndUtilities.getRandomValue(CommonMethodsAndUtilities.java:207)
at CommonMethodsAndUtilities.CommonMethodsAndUtilities.getRandomValue(CommonMethodsAndUtilities.java:207)
at CommonMethodsAndUtilities.CommonMethodsAndUtilities.getRandomValue(CommonMethodsAndUtilities.java:207)
at CommonMethodsAndUtilities.CommonMethodsAndUtilities.getRandomValue(CommonMethodsAndUtilities.java:207)
at CommonMethodsAndUtilities.CommonMethodsAndUtilities.getRandomValue(CommonMethodsAndUtilities.java:207)
at CommonMethodsAndUtilities.CommonMethodsAndUtilities.getRandomValue(CommonMethodsAndUtilities.java:207)
at CommonMethodsAndUtilities.CommonMethodsAndUtilities.getRandomValue(CommonMethodsAndUtilities.java:207)
at CommonMethodsAndUtilities.CommonMethodsAndUtilities.getRandomValue(CommonMethodsAndUtilities.java:207)
at CommonMethodsAndUtilities.CommonMethodsAndUtilities.getRandomValue(CommonMethodsAndUtilities.java:207)
at CommonMethodsAndUtilities.CommonMethodsAndUtilities.getRandomValue(CommonMethodsAndUtilities.java:207)
at CommonMethodsAndUtilities.CommonMethodsAndUtilities.getRandomValue(CommonMethodsAndUtilities.java:207)
at CommonMethodsAndUtilities.CommonMethodsAndUtilities.getRandomValue(CommonMethodsAndUtilities.java:207)
at CommonMethodsAndUtilities.CommonMethodsAndUtilities.getRandomValue(CommonMethodsAndUtilities.java:207)
at CommonMethodsAndUtilities.CommonMethodsAndUtilities.getRandomValue(CommonMethodsAndUtilities.java:207)
at CommonMethodsAndUtilities.CommonMethodsAndUtilities.getRandomValue(CommonMethodsAndUtilities.java:207)
at CommonMethodsAndUtilities.CommonMethodsAndUtilities.getRandomValue(CommonMethodsAndUtilities.java:207)
at CommonMethodsAndUtilities.CommonMethodsAndUtilities.getRandomValue(CommonMethodsAndUtilities.java:207)
at CommonMethodsAndUtilities.CommonMethodsAndUtilities.getRandomValue(CommonMethodsAndUtilities.java:207)
at CommonMethodsAndUtilities.CommonMethodsAndUtilities.getRandomValue(CommonMethodsAndUtilities.java:207)
at CommonMethodsAndUtilities.CommonMethodsAndUtilities.getRandomValue(CommonMethodsAndUtilities.java:207)
at CommonMethodsAndUtilities.CommonMethodsAndUtilities.getRandomValue(CommonMethodsAndUtilities.java:207)
at CommonMethodsAndUtilities.CommonMethodsAndUtilities.getRandomValue(CommonMethodsAndUtilities.java:207)
at CommonMethodsAndUtilities.CommonMethodsAndUtilities.getRandomValue(CommonMethodsAndUtilities.java:207)
at CommonMethodsAndUtilities.CommonMethodsAndUtilities.getRandomValue(CommonMethodsAndUtilities.java:207)
at CommonMethodsAndUtilities.CommonMethodsAndUtilities.getRandomValue(CommonMethodsAndUtilities.java:207)
at CommonMethodsAndUtilities.CommonMethodsAndUtilities.getRandomValue(CommonMethodsAndUtilities.java:207)
at CommonMethodsAndUtilities.CommonMethodsAndUtilities.getRandomValue(CommonMethodsAndUtilities.java:207)
at CommonMethodsAndUtilities.CommonMethodsAndUtilities.getRandomValue(CommonMethodsAndUtilities.java:207)
at CommonMethodsAndUtilities.CommonMethodsAndUtilities.getRandomValue(CommonMethodsAndUtilities.java:207)
at CommonMethodsAndUtilities.CommonMethodsAndUtilities.getRandomValue(CommonMethodsAndUtilities.java:207)
at CommonMethodsAndUtilities.CommonMethodsAndUtilities.getRandomValue(CommonMethodsAndUtilities.java:207)
at CommonMethodsAndUtilities.CommonMethodsAndUtilities.getRandomValue(CommonMethodsAndUtilities.java:207)
at CommonMethodsAndUtilities.CommonMethodsAndUtilities.getRandomValue(CommonMethodsAndUtilities.java:207)
at CommonMethodsAndUtilities.CommonMethodsAndUtilities.getRandomValue(CommonMethodsAndUtilities.java:207)
at CommonMethodsAndUtilities.CommonMethodsAndUtilities.getRandomValue(CommonMethodsAndUtilities.java:207)
at CommonMethodsAndUtilities.CommonMethodsAndUtilities.getRandomValue(CommonMethodsAndUtilities.java:207)
at CommonMethodsAndUtilities.CommonMethodsAndUtilities.getRandomValue(CommonMethodsAndUtilities.java:207)
at CommonMethodsAndUtilities.CommonMethodsAndUtilities.getRandomValue(CommonMethodsAndUtilities.java:207)
at CommonMethodsAndUtilities.CommonMethodsAndUtilities.getRandomValue(CommonMethodsAndUtilities.java:207)
at CommonMethodsAndUtilities.CommonMethodsAndUtilities.getRandomValue(CommonMethodsAndUtilities.java:207)
at CommonMethodsAndUtilities.CommonMethodsAndUtilities.getRandomValue(CommonMethodsAndUtilities.java:207)
at CommonMethodsAndUtilities.CommonMethodsAndUtilities.getRandomValue(CommonMethodsAndUtilities.java:207)
at CommonMethodsAndUtilities.CommonMethodsAndUtilities.getRandomValue(CommonMethodsAndUtilities.java:207)
at CommonMethodsAndUtilities.CommonMethodsAndUtilities.getRandomValue(CommonMethodsAndUtilities.java:207)
at CommonMethodsAndUtilities.CommonMethodsAndUtilities.getRandomValue(CommonMethodsAndUtilities.java:207)
at CommonMethodsAndUtilities.CommonMethodsAndUtilities.getRandomValue(CommonMethodsAndUtilities.java:207)
at CommonMethodsAndUtilities.CommonMethodsAndUtilities.getRandomValue(CommonMethodsAndUtilities.java:207)
at CommonMethodsAndUtilities.CommonMethodsAndUtilities.getRandomValue(CommonMethodsAndUtilities.java:207)
at CommonMethodsAndUtilities.CommonMethodsAndUtilities.getRandomValue(CommonMethodsAndUtilities.java:207)
at CommonMethodsAndUtilities.CommonMethodsAndUtilities.getRandomValue(CommonMethodsAndUtilities.java:207)
at CommonMethodsAndUtilities.CommonMethodsAndUtilities.getRandomValue(CommonMethodsAndUtilities.java:207)
at CommonMethodsAndUtilities.CommonMethodsAndUtilities.getRandomValue(CommonMethodsAndUtilities.java:207)
at CommonMethodsAndUtilities.CommonMethodsAndUtilities.getRandomValue(CommonMethodsAndUtilities.java:207)
at CommonMethodsAndUtilities.CommonMethodsAndUtilities.getRandomValue(CommonMethodsAndUtilities.java:207)
at CommonMethodsAndUtilities.CommonMethodsAndUtilities.getRandomValue(CommonMethodsAndUtilities.java:207)
at CommonMethodsAndUtilities.CommonMethodsAndUtilities.getRandomValue(CommonMethodsAndUtilities.java:207)
at CommonMethodsAndUtilities.CommonMethodsAndUtilities.getRandomValue(CommonMethodsAndUtilities.java:207)
at CommonMethodsAndUtilities.CommonMethodsAndUtilities.getRandomValue(CommonMethodsAndUtilities.java:207)
at CommonMethodsAndUtilities.CommonMethodsAndUtilities.getRandomValue(CommonMethodsAndUtilities.java:207)
at CommonMethodsAndUtilities.CommonMethodsAndUtilities.getRandomValue(CommonMethodsAndUtilities.java:207)
at CommonMethodsAndUtilities.CommonMethodsAndUtilities.getRandomValue(CommonMethodsAndUtilities.java:207)
at CommonMethodsAndUtilities.CommonMethodsAndUtilities.getRandomValue(CommonMethodsAndUtilities.java:207)
at CommonMethodsAndUtilities.CommonMethodsAndUtilities.getRandomValue(CommonMethodsAndUtilities.java:207)
at CommonMethodsAndUtilities.CommonMethodsAndUtilities.getRandomValue(CommonMethodsAndUtilities.java:207)
at CommonMethodsAndUtilities.CommonMethodsAndUtilities.getRandomValue(CommonMethodsAndUtilities.java:207)
at CommonMethodsAndUtilities.CommonMethodsAndUtilities.getRandomValue(CommonMethodsAndUtilities.java:207)
at CommonMethodsAndUtilities.CommonMethodsAndUtilities.getRandomValue(CommonMethodsAndUtilities.java:207)
at CommonMethodsAndUtilities.CommonMethodsAndUtilities.getRandomValue(CommonMethodsAndUtilities.java:207)
at CommonMethodsAndUtilities.CommonMethodsAndUtilities.getRandomValue(CommonMethodsAndUtilities.java:207)
at CommonMethodsAndUtilities.CommonMethodsAndUtilities.getRandomValue(CommonMethodsAndUtilities.java:207)
at CommonMethodsAndUtilities.CommonMethodsAndUtilities.getRandomValue(CommonMethodsAndUtilities.java:207)
at CommonMethodsAndUtilities.CommonMethodsAndUtilities.getRandomValue(CommonMethodsAndUtilities.java:207)
at CommonMethodsAndUtilities.CommonMethodsAndUtilities.getRandomValue(CommonMethodsAndUtilities.java:207)
at CommonMethodsAndUtilities.CommonMethodsAndUtilities.getRandomValue(CommonMethodsAndUtilities.java:207)
at CommonMethodsAndUtilities.CommonMethodsAndUtilities.getRandomValue(CommonMethodsAndUtilities.java:207)
at CommonMethodsAndUtilities.CommonMethodsAndUtilities.getRandomValue(CommonMethodsAndUtilities.java:207)
at CommonMethodsAndUtilities.CommonMethodsAndUtilities.getRandomValue(CommonMethodsAndUtilities.java:207)
at CommonMethodsAndUtilities.CommonMethodsAndUtilities.getRandomValue(CommonMethodsAndUtilities.java:207)
at CommonMethodsAndUtilities.CommonMethodsAndUtilities.getRandomValue(CommonMethodsAndUtilities.java:207)
at CommonMethodsAndUtilities.CommonMethodsAndUtilities.getRandomValue(CommonMethodsAndUtilities.java:207)
at CommonMethodsAndUtilities.CommonMethodsAndUtilities.getRandomValue(CommonMethodsAndUtilities.java:207)
at CommonMethodsAndUtilities.CommonMethodsAndUtilities.getRandomValue(CommonMethodsAndUtilities.java:207)
at CommonMethodsAndUtilities.CommonMethodsAndUtilities.getRandomValue(CommonMethodsAndUtilities.java:207)
at CommonMethodsAndUtilities.CommonMethodsAndUtilities.getRandomValue(CommonMethodsAndUtilities.java:207)
at CommonMethodsAndUtilities.CommonMethodsAndUtilities.getRandomValue(CommonMethodsAndUtilities.java:207)
at CommonMethodsAndUtilities.CommonMethodsAndUtilities.getRandomValue(CommonMethodsAndUtilities.java:207)
at CommonMethodsAndUtilities.CommonMethodsAndUtilities.getRandomValue(CommonMethodsAndUtilities.java:207)
at CommonMethodsAndUtilities.CommonMethodsAndUtilities.getRandomValue(CommonMethodsAndUtilities.java:207)
at CommonMethodsAndUtilities.CommonMethodsAndUtilities.getRandomValue(CommonMethodsAndUtilities.java:207)
at CommonMethodsAndUtilities.CommonMethodsAndUtilities.getRandomValue(CommonMethodsAndUtilities.java:207)
at CommonMethodsAndUtilities.CommonMethodsAndUtilities.getRandomValue(CommonMethodsAndUtilities.java:207)
at CommonMethodsAndUtilities.CommonMethodsAndUtilities.getRandomValue(CommonMethodsAndUtilities.java:207)
at CommonMethodsAndUtilities.CommonMethodsAndUtilities.getRandomValue(CommonMethodsAndUtilities.java:207)
at CommonMethodsAndUtilities.CommonMethodsAndUtilities.getRandomValue(CommonMethodsAndUtilities.java:207)
at CommonMethodsAndUtilities.CommonMethodsAndUtilities.getRandomValue(CommonMethodsAndUtilities.java:207)
at CommonMethodsAndUtilities.CommonMethodsAndUtilities.getRandomValue(CommonMethodsAndUtilities.java:207)
at CommonMethodsAndUtilities.CommonMethodsAndUtilities.getRandomValue(CommonMethodsAndUtilities.java:207)
at CommonMethodsAndUtilities.CommonMethodsAndUtilities.getRandomValue(CommonMethodsAndUtilities.java:207)
at CommonMethodsAndUtilities.CommonMethodsAndUtilities.getRandomValue(CommonMethodsAndUtilities.java:207)
at CommonMethodsAndUtilities.CommonMethodsAndUtilities.getRandomValue(CommonMethodsAndUtilities.java:207)
at CommonMethodsAndUtilities.CommonMethodsAndUtilities.getRandomValue(CommonMethodsAndUtilities.java:207)
at CommonMethodsAndUtilities.CommonMethodsAndUtilities.getRandomValue(CommonMethodsAndUtilities.java:207)
at CommonMethodsAndUtilities.CommonMethodsAndUtilities.getRandomValue(CommonMethodsAndUtilities.java:207)
at CommonMethodsAndUtilities.CommonMethodsAndUtilities.getRandomValue(CommonMethodsAndUtilities.java:207)
at CommonMethodsAndUtilities.CommonMethodsAndUtilities.getRandomValue(CommonMethodsAndUtilities.java:207)
at CommonMethodsAndUtilities.CommonMethodsAndUtilities.getRandomValue(CommonMethodsAndUtilities.java:207)
at CommonMethodsAndUtilities.CommonMethodsAndUtilities.getRandomValue(CommonMethodsAndUtilities.java:207)
at CommonMethodsAndUtilities.CommonMethodsAndUtilities.getRandomValue(CommonMethodsAndUtilities.java:207)
at CommonMethodsAndUtilities.CommonMethodsAndUtilities.getRandomValue(CommonMethodsAndUtilities.java:207)
at CommonMethodsAndUtilities.CommonMethodsAndUtilities.getRandomValue(CommonMethodsAndUtilities.java:207)
at CommonMethodsAndUtilities.CommonMethodsAndUtilities.getRandomValue(CommonMethodsAndUtilities.java:207)
at CommonMethodsAndUtilities.CommonMethodsAndUtilities.getRandomValue(CommonMethodsAndUtilities.java:207)
at CommonMethodsAndUtilities.CommonMethodsAndUtilities.getRandomValue(CommonMethodsAndUtilities.java:207)
at CommonMethodsAndUtilities.CommonMethodsAndUtilities.getRandomValue(CommonMethodsAndUtilities.java:207)
at CommonMethodsAndUtilities.CommonMethodsAndUtilities.getRandomValue(CommonMethodsAndUtilities.java:207)
at CommonMethodsAndUtilities.CommonMethodsAndUtilities.getRandomValue(CommonMethodsAndUtilities.java:207)
at CommonMethodsAndUtilities.CommonMethodsAndUtilities.getRandomValue(CommonMethodsAndUtilities.java:207)
at CommonMethodsAndUtilities.CommonMethodsAndUtilities.getRandomValue(CommonMethodsAndUtilities.java:207)
at CommonMethodsAndUtilities.CommonMethodsAndUtilities.getRandomValue(CommonMethodsAndUtilities.java:207)
at CommonMethodsAndUtilities.CommonMethodsAndUtilities.getRandomValue(CommonMethodsAndUtilities.java:207)
at CommonMethodsAndUtilities.CommonMethodsAndUtilities.getRandomValue(CommonMethodsAndUtilities.java:207)
at CommonMethodsAndUtilities.CommonMethodsAndUtilities.getRandomValue(CommonMethodsAndUtilities.java:207)
at CommonMethodsAndUtilities.CommonMethodsAndUtilities.getRandomValue(CommonMethodsAndUtilities.java:207)
at CommonMethodsAndUtilities.CommonMethodsAndUtilities.getRandomValue(CommonMethodsAndUtilities.java:207)
at CommonMethodsAndUtilities.CommonMethodsAndUtilities.getRandomValue(CommonMethodsAndUtilities.java:207)
at CommonMethodsAndUtilities.CommonMethodsAndUtilities.getRandomValue(CommonMethodsAndUtilities.java:207)
at CommonMethodsAndUtilities.CommonMethodsAndUtilities.getRandomValue(CommonMethodsAndUtilities.java:207)
at CommonMethodsAndUtilities.CommonMethodsAndUtilities.getRandomValue(CommonMethodsAndUtilities.java:207)
at CommonMethodsAndUtilities.CommonMethodsAndUtilities.getRandomValue(CommonMethodsAndUtilities.java:207)
at CommonMethodsAndUtilities.CommonMethodsAndUtilities.getRandomValue(CommonMethodsAndUtilities.java:207)
at CommonMethodsAndUtilities.CommonMethodsAndUtilities.getRandomValue(CommonMethodsAndUtilities.java:207)
at CommonMethodsAndUtilities.CommonMethodsAndUtilities.getRandomValue(CommonMethodsAndUtilities.java:207)
at CommonMethodsAndUtilities.CommonMethodsAndUtilities.getRandomValue(CommonMethodsAndUtilities.java:207)
at CommonMethodsAndUtilities.CommonMethodsAndUtilities.getRandomValue(CommonMethodsAndUtilities.java:207)
at CommonMethodsAndUtilities.CommonMethodsAndUtilities.getRandomValue(CommonMethodsAndUtilities.java:207)
at CommonMethodsAndUtilities.CommonMethodsAndUtilities.getRandomValue(CommonMethodsAndUtilities.java:207)
at CommonMethodsAndUtilities.CommonMethodsAndUtilities.getRandomValue(CommonMethodsAndUtilities.java:207)
at CommonMethodsAndUtilities.CommonMethodsAndUtilities.getRandomValue(CommonMethodsAndUtilities.java:207)
at CommonMethodsAndUtilities.CommonMethodsAndUtilities.getRandomValue(CommonMethodsAndUtilities.java:207)
at CommonMethodsAndUtilities.CommonMethodsAndUtilities.getRandomValue(CommonMethodsAndUtilities.java:207)
at CommonMethodsAndUtilities.CommonMethodsAndUtilities.getRandomValue(CommonMethodsAndUtilities.java:207)
at CommonMethodsAndUtilities.CommonMethodsAndUtilities.getRandomValue(CommonMethodsAndUtilities.java:207)
at CommonMethodsAndUtilities.CommonMethodsAndUtilities.getRandomValue(CommonMethodsAndUtilities.java:207)
at CommonMethodsAndUtilities.CommonMethodsAndUtilities.getRandomValue(CommonMethodsAndUtilities.java:207)
at CommonMethodsAndUtilities.CommonMethodsAndUtilities.getRandomValue(CommonMethodsAndUtilities.java:207)
at CommonMethodsAndUtilities.CommonMethodsAndUtilities.getRandomValue(CommonMethodsAndUtilities.java:207)
]]>
    </error>
    <system-out>
      <![CDATA[The details are logged in a file
The first product name is: Sauce Labs Backpack
The first product price is: $29.99]]>
    </system-out>
  </testcase> <!-- assertPerformanceUser -->
  <testcase classname="ApplicationTests.E2ETests" name="addAndAssertCartItemWithValidCredentialsAndStoreInTextFile" time="0.926">
    <system-out>
      <![CDATA[The details are logged in a file
The first product name is: Sauce Labs Backpack
The first product price is: $29.99
Cart details are: Sauce Labs Backpack
All looks good]]>
    </system-out>
  </testcase> <!-- addAndAssertCartItemWithValidCredentialsAndStoreInTextFile -->
  <system-out>
    <![CDATA[The details are logged in a file
The first product name is: Sauce Labs Backpack
The first product price is: $29.99
The details are logged in a file
The first product name is: Sauce Labs Backpack
The first product price is: $29.99
The details are logged in a file
The first product name is: Sauce Labs Backpack
The first product price is: $29.99
The sort functionality is not working. There is a problem with the user credentialsnull
The details are logged in a file
The first product name is: Sauce Labs Backpack
The first product price is: $29.99
The details are logged in a file
The first product name is: Sauce Labs Backpack
The first product price is: $29.99
The details are logged in a file
The first product name is: Sauce Labs Backpack
The first product price is: $29.99
The details are logged in a file
The first product name is: Sauce Labs Backpack
The first product price is: $29.99
The details are logged in a file
The first product name is: Sauce Labs Backpack
The first product price is: $29.99
The details are logged in a file
The first product name is: Sauce Labs Backpack
The first product price is: $29.99
The details are logged in a file
The first product name is: Sauce Labs Backpack
The first product price is: $29.99
The details are logged in a file
The first product name is: Sauce Labs Backpack
The first product price is: $29.99
The details are logged in a file
The first product name is: Sauce Labs Backpack
The first product price is: $29.99
The details are logged in a file
The first product name is: Sauce Labs Backpack
The first product price is: $29.99
The details are logged in a file
The first product name is: Sauce Labs Backpack
The first product price is: $29.99
The details are logged in a file
The first product name is: Sauce Labs Backpack
The first product price is: $29.99
The details are logged in a file
The first product name is: Sauce Labs Backpack
The first product price is: $29.99
The details are logged in a file
The first product name is: Sauce Labs Backpack
The first product price is: $29.99
The details are logged in a file
The first product name is: Sauce Labs Backpack
The first product price is: $29.99
The details are logged in a file
The first product name is: Sauce Labs Backpack
The first product price is: $29.99
The details are logged in a file
The first product name is: Sauce Labs Backpack
The first product price is: $29.99
The details are logged in a file
The first product name is: Sauce Labs Backpack
The first product price is: $29.99
The details are logged in a file
The first product name is: Sauce Labs Backpack
The first product price is: $29.99
The details are logged in a file
The first product name is: Sauce Labs Backpack
The first product price is: $29.99
The details are logged in a file
The first product name is: Sauce Labs Backpack
The first product price is: $2.1
The details are logged in a file
The first product name is: Sauce Labs Backpack
The first product price is: $29.99
Cart details are: Sauce Labs Backpack
All looks good]]>
  </system-out>
</testsuite> <!-- ApplicationTests.E2ETests -->
